2024-07-08 11:00:21.324 [info] Log level: Info
2024-07-08 11:00:21.324 [info] Validating found git in: "git"
2024-07-08 11:00:21.324 [info] Using git "2.34.1" from "git"
2024-07-08 11:00:21.324 [info] > git rev-parse --show-toplevel [3ms]
2024-07-08 11:00:21.324 [info] > git rev-parse --git-dir --git-common-dir [2ms]
2024-07-08 11:00:21.324 [info] Open repository: /home/sgass/Projects/kepler
2024-07-08 11:00:21.331 [info] > git rev-parse --show-toplevel [2ms]
2024-07-08 11:00:21.331 [info] > git config --get commit.template [5ms]
2024-07-08 11:00:21.354 [info] > git rev-parse --show-toplevel [8ms]
2024-07-08 11:00:21.363 [info] > git for-each-ref --format=%(refname)%00%(upstream:short)%00%(objectname)%00%(upstream:track)%00%(upstream:remotename)%00%(upstream:remoteref) refs/heads/sgass/prod/no-ref/p4_router_top refs/remotes/sgass/prod/no-ref/p4_router_top [11ms]
2024-07-08 11:00:21.370 [info] > git rev-parse --show-toplevel [8ms]
2024-07-08 11:00:21.375 [info] > git rev-parse --show-toplevel [1ms]
2024-07-08 11:00:21.379 [info] > git rev-parse --show-toplevel [1ms]
2024-07-08 11:00:21.383 [info] > git rev-parse --show-toplevel [2ms]
2024-07-08 11:00:21.386 [info] > git rev-parse --show-toplevel [1ms]
2024-07-08 11:00:21.390 [info] > git rev-parse --show-toplevel [2ms]
2024-07-08 11:00:21.394 [info] > git rev-parse --show-toplevel [1ms]
2024-07-08 11:00:21.398 [info] > git rev-parse --show-toplevel [1ms]
2024-07-08 11:00:21.402 [info] > git rev-parse --show-toplevel [1ms]
2024-07-08 11:00:21.406 [info] > git rev-parse --show-toplevel [1ms]
2024-07-08 11:00:21.409 [info] > git rev-parse --show-toplevel [0ms]
2024-07-08 11:00:21.413 [info] > git rev-parse --show-toplevel [1ms]
2024-07-08 11:00:21.416 [info] > git rev-parse --show-toplevel [1ms]
2024-07-08 11:00:21.420 [info] > git rev-parse --show-toplevel [1ms]
2024-07-08 11:00:21.424 [info] > git rev-parse --show-toplevel [2ms]
2024-07-08 11:00:21.427 [info] > git rev-parse --show-toplevel [1ms]
2024-07-08 11:00:21.432 [info] > git rev-parse --show-toplevel [1ms]
2024-07-08 11:00:21.435 [info] > git rev-parse --show-toplevel [1ms]
2024-07-08 11:00:21.438 [info] > git rev-parse --show-toplevel [1ms]
2024-07-08 11:00:21.442 [info] > git rev-parse --show-toplevel [1ms]
2024-07-08 11:00:21.446 [info] > git rev-parse --show-toplevel [1ms]
2024-07-08 11:00:21.450 [info] > git rev-parse --show-toplevel [1ms]
2024-07-08 11:00:21.453 [info] > git rev-parse --show-toplevel [1ms]
2024-07-08 11:00:21.456 [info] > git rev-parse --show-toplevel [1ms]
2024-07-08 11:00:21.459 [info] > git rev-parse --show-toplevel [1ms]
2024-07-08 11:00:21.463 [info] > git rev-parse --show-toplevel [1ms]
2024-07-08 11:00:21.468 [info] > git rev-parse --show-toplevel [1ms]
2024-07-08 11:00:21.471 [info] > git rev-parse --show-toplevel [1ms]
2024-07-08 11:00:21.475 [info] > git rev-parse --show-toplevel [1ms]
2024-07-08 11:00:21.479 [info] > git rev-parse --show-toplevel [1ms]
2024-07-08 11:00:21.484 [info] > git rev-parse --show-toplevel [0ms]
2024-07-08 11:00:21.487 [info] > git rev-parse --show-toplevel [1ms]
2024-07-08 11:00:21.490 [info] > git rev-parse --show-toplevel [1ms]
2024-07-08 11:00:21.714 [info] > git show --textconv :p4/forward_user_extern.p4 [5ms]
2024-07-08 11:00:21.719 [info] > git ls-files --stage -- /home/sgass/Projects/kepler/p4/forward_user_extern.p4 [6ms]
2024-07-08 11:00:21.860 [info] > git check-ignore -v -z --stdin [9ms]
2024-07-08 11:00:22.014 [info] > git status -z -uall [649ms]
2024-07-08 11:00:22.021 [info] > git config --get commit.template [1ms]
2024-07-08 11:00:22.025 [info] > git for-each-ref --format=%(refname)%00%(upstream:short)%00%(objectname)%00%(upstream:track)%00%(upstream:remotename)%00%(upstream:remoteref) refs/heads/sgass/prod/no-ref/p4_router_top refs/remotes/sgass/prod/no-ref/p4_router_top [2ms]
2024-07-08 11:00:22.334 [info] > git status -z -uall [306ms]
2024-07-08 11:00:22.520 [info] > git rev-parse --show-toplevel [1ms]
2024-07-08 11:00:22.526 [info] > git rev-parse --git-dir --git-common-dir [1ms]
2024-07-08 11:00:22.530 [info] Open repository: /home/sgass/Projects/kepler/third_party/libhydrogen
2024-07-08 11:00:22.539 [info] > git rev-parse --show-toplevel [2ms]
2024-07-08 11:00:22.539 [info] > git config --get commit.template [5ms]
2024-07-08 11:00:22.549 [info] > git rev-parse --git-dir --git-common-dir [4ms]
2024-07-08 11:00:22.551 [info] Open repository: /home/sgass/Projects/kepler/third_party/magic_enum
2024-07-08 11:00:22.558 [info] > git for-each-ref --format %(refname) %(objectname) %(*objectname) refs/tags [9ms]
2024-07-08 11:00:22.561 [info] > git rev-parse --show-toplevel [4ms]
2024-07-08 11:00:22.561 [info] > git config --get commit.template [6ms]
2024-07-08 11:00:22.570 [info] > git status -z -uall [10ms]
2024-07-08 11:00:22.577 [info] > git rev-parse --git-dir --git-common-dir [11ms]
2024-07-08 11:00:22.579 [info] Open repository: /home/sgass/Projects/kepler/third_party/googletest
2024-07-08 11:00:22.587 [info] > git config --get commit.template [10ms]
2024-07-08 11:00:22.587 [info] > git for-each-ref --format %(refname) %(objectname) %(*objectname) refs/tags [18ms]
2024-07-08 11:00:22.592 [info] > git rev-parse --show-toplevel [5ms]
2024-07-08 11:00:22.592 [info] > git config --get commit.template [9ms]
2024-07-08 11:00:22.602 [info] > git status -z -uall [11ms]
2024-07-08 11:00:22.612 [info] > git rev-parse --show-toplevel [10ms]
2024-07-08 11:00:22.612 [info] > git for-each-ref --format %(refname) %(objectname) %(*objectname) refs/tags [13ms]
2024-07-08 11:00:22.623 [info] > git status -z -uall [7ms]
2024-07-08 11:00:22.623 [info] > git rev-parse --git-dir --git-common-dir [2ms]
2024-07-08 11:00:22.626 [info] Open repository: /home/sgass/Projects/kepler/third_party/fast-cpp-csv-parser
2024-07-08 11:00:22.628 [info] > git for-each-ref --format %(refname) %(objectname) %(*objectname) refs/tags [21ms]
2024-07-08 11:00:22.632 [info] > git config --get commit.template [21ms]
2024-07-08 11:00:22.660 [info] > git status -z -uall [28ms]
2024-07-08 11:00:22.677 [info] > git rev-parse --show-toplevel [18ms]
2024-07-08 11:00:22.677 [info] > git config --get commit.template [21ms]
2024-07-08 11:00:22.677 [info] > git for-each-ref --format %(refname) %(objectname) %(*objectname) refs/tags [24ms]
2024-07-08 11:00:22.682 [info] > git config --get commit.template [8ms]
2024-07-08 11:00:22.695 [info] > git status -z -uall [5ms]
2024-07-08 11:00:22.695 [info] > git for-each-ref --format %(refname) %(objectname) %(*objectname) refs/tags [8ms]
2024-07-08 11:00:22.695 [info] > git rev-parse --git-dir --git-common-dir [13ms]
2024-07-08 11:00:22.700 [info] Open repository: /home/sgass/Projects/kepler/hdl/verilog-axis
2024-07-08 11:00:22.712 [info] > git status -z -uall [8ms]
2024-07-08 11:00:22.713 [info] > git for-each-ref --format %(refname) %(objectname) %(*objectname) refs/tags [19ms]
2024-07-08 11:00:22.719 [info] > git rev-parse --show-toplevel [7ms]
2024-07-08 11:00:22.719 [info] > git config --get commit.template [12ms]
2024-07-08 11:00:22.735 [info] > git status -z -uall [17ms]
2024-07-08 11:00:22.735 [info] > git rev-parse --git-dir --git-common-dir [9ms]
2024-07-08 11:00:22.737 [info] Open repository: /home/sgass/Projects/kepler/hdl/verilog-ethernet
2024-07-08 11:00:22.746 [info] > git for-each-ref --format %(refname) %(objectname) %(*objectname) refs/tags [12ms]
2024-07-08 11:00:22.746 [info] > git config --get commit.template [17ms]
2024-07-08 11:00:22.756 [info] > git status -z -uall [3ms]
2024-07-08 11:00:22.757 [info] > git rev-parse --show-toplevel [12ms]
2024-07-08 11:00:22.757 [info] > git config --get commit.template [15ms]
2024-07-08 11:00:22.763 [info] > git for-each-ref --format %(refname) %(objectname) %(*objectname) refs/tags [7ms]
2024-07-08 11:00:22.773 [info] > git rev-parse --git-dir --git-common-dir [11ms]
2024-07-08 11:00:22.778 [info] Open repository: /home/sgass/Projects/kepler/third_party/vext.soapysdr
2024-07-08 11:00:22.792 [info] > git status -z -uall [9ms]
2024-07-08 11:00:22.792 [info] > git config --get commit.template [20ms]
2024-07-08 11:00:22.792 [info] > git for-each-ref --format %(refname) %(objectname) %(*objectname) refs/tags [24ms]
2024-07-08 11:00:22.799 [info] > git rev-parse --show-toplevel [8ms]
2024-07-08 11:00:22.799 [info] > git config --get commit.template [11ms]
2024-07-08 11:00:22.819 [info] > git status -z -uall [21ms]
2024-07-08 11:00:22.819 [info] > git rev-parse --git-dir --git-common-dir [6ms]
2024-07-08 11:00:22.821 [info] Open repository: /home/sgass/Projects/kepler/third_party/STM32CubeL1
2024-07-08 11:00:22.822 [info] > git for-each-ref --format %(refname) %(objectname) %(*objectname) refs/tags [14ms]
2024-07-08 11:00:22.843 [info] > git status -z -uall [13ms]
2024-07-08 11:00:22.843 [info] > git for-each-ref --format %(refname) %(objectname) %(*objectname) refs/tags [25ms]
2024-07-08 11:00:22.853 [info] > git config --get commit.template [9ms]
2024-07-08 11:00:22.853 [info] > git rev-parse --show-toplevel [15ms]
2024-07-08 11:00:22.853 [info] > git config --get commit.template [19ms]
2024-07-08 11:00:22.865 [info] > git status -z -uall [12ms]
2024-07-08 11:00:22.888 [info] > git rev-parse --git-dir --git-common-dir [27ms]
2024-07-08 11:00:22.890 [info] Open repository: /home/sgass/Projects/kepler/third_party/mender-convert
2024-07-08 11:00:22.897 [info] > git config --get commit.template [10ms]
2024-07-08 11:00:22.897 [info] > git for-each-ref --format %(refname) %(objectname) %(*objectname) refs/tags [14ms]
2024-07-08 11:00:22.897 [info] > git for-each-ref --format %(refname) %(objectname) %(*objectname) refs/tags [18ms]
2024-07-08 11:00:22.906 [info] > git config --get commit.template [9ms]
2024-07-08 11:00:22.917 [info] > git for-each-ref --format %(refname) %(objectname) %(*objectname) refs/tags [7ms]
2024-07-08 11:00:22.925 [info] > git status -z -uall [23ms]
2024-07-08 11:00:22.927 [info] > git status -z -uall [4ms]
2024-07-08 11:00:22.927 [info] > git for-each-ref --format %(refname) %(objectname) %(*objectname) refs/tags [11ms]
2024-07-08 11:00:22.938 [info] > git status -z -uall [6ms]
2024-07-08 11:00:22.948 [info] > git config --get commit.template [5ms]
2024-07-08 11:00:22.951 [info] > git for-each-ref --format %(refname) %(objectname) %(*objectname) refs/tags [3ms]
2024-07-08 11:00:22.962 [info] > git status -z -uall [8ms]
2024-07-08 11:00:22.980 [info] > git status -z -uall [75ms]
2024-07-08 11:00:22.991 [info] > git config --get commit.template [5ms]
2024-07-08 11:00:22.993 [info] > git for-each-ref --format %(refname) %(objectname) %(*objectname) refs/tags [3ms]
2024-07-08 11:00:23.050 [info] > git status -z -uall [54ms]
2024-07-08 11:00:23.060 [info] > git check-ignore -v -z --stdin [13ms]
2024-07-08 11:00:23.467 [info] > git rev-parse --show-toplevel [1ms]
2024-07-08 11:00:23.470 [info] > git rev-parse --git-dir --git-common-dir [1ms]
2024-07-08 11:00:23.472 [info] Open repository: /home/sgass/Projects/kepler/third_party/mender-convert/tests/mender-image-tests
2024-07-08 11:00:23.479 [info] > git config --get commit.template [4ms]
2024-07-08 11:00:23.480 [info] > git for-each-ref --format %(refname) %(objectname) %(*objectname) refs/tags [2ms]
2024-07-08 11:00:23.484 [info] > git status -z -uall [2ms]
2024-07-08 11:00:23.490 [info] > git config --get commit.template [2ms]
2024-07-08 11:00:23.501 [info] > git for-each-ref --format %(refname) %(objectname) %(*objectname) refs/tags [8ms]
2024-07-08 11:00:23.509 [info] > git status -z -uall [4ms]
2024-07-08 11:00:24.002 [info] > git check-ignore -v -z --stdin [10ms]
2024-07-08 11:00:29.333 [info] > git check-ignore -v -z --stdin [6ms]
2024-07-08 11:00:31.752 [info] > git show --textconv :p4/forward_user_extern.p4 [4ms]
2024-07-08 11:00:31.754 [info] > git ls-files --stage -- /home/sgass/Projects/kepler/p4/forward_user_extern.p4 [4ms]
2024-07-08 11:00:33.662 [info] > git show --textconv :hdl/vivado/workspace/vitis_net_p4_forward_ex/imports/example_top.sv [9ms]
2024-07-08 11:00:33.668 [info] > git ls-files --stage -- /home/sgass/Projects/kepler/hdl/vivado/workspace/vitis_net_p4_forward_ex/imports/example_top.sv [8ms]
2024-07-08 11:00:33.950 [info] > git check-ignore -v -z --stdin [9ms]
2024-07-08 11:00:36.391 [info] > git show --textconv :p4/forward_user_extern.p4 [6ms]
2024-07-08 11:00:36.396 [info] > git ls-files --stage -- /home/sgass/Projects/kepler/p4/forward_user_extern.p4 [8ms]
2024-07-08 11:02:04.077 [info] > git config --get commit.template [3ms]
2024-07-08 11:02:04.078 [info] > git for-each-ref --format=%(refname)%00%(upstream:short)%00%(objectname)%00%(upstream:track)%00%(upstream:remotename)%00%(upstream:remoteref) refs/heads/sgass/prod/no-ref/p4_router_top refs/remotes/sgass/prod/no-ref/p4_router_top [1ms]
2024-07-08 11:02:04.342 [info] > git status -z -uall [261ms]
2024-07-08 11:02:09.351 [info] > git config --get commit.template [0ms]
2024-07-08 11:02:09.355 [info] > git for-each-ref --format=%(refname)%00%(upstream:short)%00%(objectname)%00%(upstream:track)%00%(upstream:remotename)%00%(upstream:remoteref) refs/heads/sgass/prod/no-ref/p4_router_top refs/remotes/sgass/prod/no-ref/p4_router_top [1ms]
2024-07-08 11:02:09.606 [info] > git status -z -uall [249ms]
2024-07-08 11:02:26.153 [info] > git show --textconv :hdl/vivado/workspace/vitis_net_p4_2_ex/imports/example_top.sv [8ms]
2024-07-08 11:02:26.158 [info] > git ls-files --stage -- /home/sgass/Projects/kepler/hdl/vivado/workspace/vitis_net_p4_2_ex/imports/example_top.sv [6ms]
2024-07-08 11:02:26.429 [info] > git check-ignore -v -z --stdin [6ms]
2024-07-08 11:04:12.206 [info] > git config --get commit.template [7ms]
2024-07-08 11:04:12.208 [info] > git for-each-ref --format=%(refname)%00%(upstream:short)%00%(objectname)%00%(upstream:track)%00%(upstream:remotename)%00%(upstream:remoteref) refs/heads/sgass/prod/no-ref/p4_router_top refs/remotes/sgass/prod/no-ref/p4_router_top [3ms]
2024-07-08 11:04:12.589 [info] > git status -z -uall [375ms]
2024-07-08 11:04:17.607 [info] > git config --get commit.template [8ms]
2024-07-08 11:04:17.608 [info] > git for-each-ref --format=%(refname)%00%(upstream:short)%00%(objectname)%00%(upstream:track)%00%(upstream:remotename)%00%(upstream:remoteref) refs/heads/sgass/prod/no-ref/p4_router_top refs/remotes/sgass/prod/no-ref/p4_router_top [2ms]
2024-07-08 11:04:17.971 [info] > git status -z -uall [358ms]
2024-07-08 11:04:22.992 [info] > git config --get commit.template [8ms]
2024-07-08 11:04:22.993 [info] > git for-each-ref --format=%(refname)%00%(upstream:short)%00%(objectname)%00%(upstream:track)%00%(upstream:remotename)%00%(upstream:remoteref) refs/heads/sgass/prod/no-ref/p4_router_top refs/remotes/sgass/prod/no-ref/p4_router_top [2ms]
2024-07-08 11:04:23.384 [info] > git status -z -uall [384ms]
2024-07-08 11:04:48.617 [info] > git config --get commit.template [4ms]
2024-07-08 11:04:48.619 [info] > git for-each-ref --format=%(refname)%00%(upstream:short)%00%(objectname)%00%(upstream:track)%00%(upstream:remotename)%00%(upstream:remoteref) refs/heads/sgass/prod/no-ref/p4_router_top refs/remotes/sgass/prod/no-ref/p4_router_top [2ms]
2024-07-08 11:04:48.920 [info] > git status -z -uall [298ms]
2024-07-08 11:04:53.933 [info] > git config --get commit.template [1ms]
2024-07-08 11:04:53.941 [info] > git for-each-ref --format=%(refname)%00%(upstream:short)%00%(objectname)%00%(upstream:track)%00%(upstream:remotename)%00%(upstream:remoteref) refs/heads/sgass/prod/no-ref/p4_router_top refs/remotes/sgass/prod/no-ref/p4_router_top [3ms]
2024-07-08 11:04:54.229 [info] > git status -z -uall [283ms]
2024-07-08 11:05:09.405 [info] > git show --textconv :hdl/vivado/workspace/vitis_net_p4_2_ex/imports/example_control.sv [4ms]
2024-07-08 11:05:09.407 [info] > git ls-files --stage -- /home/sgass/Projects/kepler/hdl/vivado/workspace/vitis_net_p4_2_ex/imports/example_control.sv [3ms]
2024-07-08 11:05:09.685 [info] > git check-ignore -v -z --stdin [3ms]
2024-07-08 11:06:16.589 [info] > git config --get commit.template [4ms]
2024-07-08 11:06:16.590 [info] > git for-each-ref --format=%(refname)%00%(upstream:short)%00%(objectname)%00%(upstream:track)%00%(upstream:remotename)%00%(upstream:remoteref) refs/heads/sgass/prod/no-ref/p4_router_top refs/remotes/sgass/prod/no-ref/p4_router_top [2ms]
2024-07-08 11:06:16.865 [info] > git status -z -uall [273ms]
2024-07-08 11:06:39.292 [info] > git show --textconv :hdl/vivado/workspace/vitis_net_p4_2_ex/vitis_net_p4_2_ex.ip_user_files/mem_init_files/cli_commands.txt [8ms]
2024-07-08 11:06:39.298 [info] > git ls-files --stage -- /home/sgass/Projects/kepler/hdl/vivado/workspace/vitis_net_p4_2_ex/vitis_net_p4_2_ex.ip_user_files/mem_init_files/cli_commands.txt [8ms]
2024-07-08 11:06:39.573 [info] > git check-ignore -v -z --stdin [6ms]
2024-07-08 11:07:29.143 [info] > git show --textconv :hdl/vivado/workspace/vitis_net_p4_2_ex/vitis_net_p4_2_ex.ip_user_files/mem_init_files/traffic_in.user [5ms]
2024-07-08 11:07:29.148 [info] > git ls-files --stage -- /home/sgass/Projects/kepler/hdl/vivado/workspace/vitis_net_p4_2_ex/vitis_net_p4_2_ex.ip_user_files/mem_init_files/traffic_in.user [5ms]
2024-07-08 11:07:29.435 [info] > git check-ignore -v -z --stdin [9ms]
2024-07-08 11:07:41.647 [info] > git show --textconv :hdl/vivado/workspace/vitis_net_p4_2_ex/imports/example_control.sv [4ms]
2024-07-08 11:07:41.650 [info] > git ls-files --stage -- /home/sgass/Projects/kepler/hdl/vivado/workspace/vitis_net_p4_2_ex/imports/example_control.sv [4ms]
2024-07-08 11:08:23.575 [info] > git config --get commit.template [7ms]
2024-07-08 11:08:23.577 [info] > git for-each-ref --format=%(refname)%00%(upstream:short)%00%(objectname)%00%(upstream:track)%00%(upstream:remotename)%00%(upstream:remoteref) refs/heads/sgass/prod/no-ref/p4_router_top refs/remotes/sgass/prod/no-ref/p4_router_top [3ms]
2024-07-08 11:08:23.972 [info] > git status -z -uall [389ms]
2024-07-08 11:08:25.426 [info] > git show --textconv :hdl/vivado/workspace/vitis_net_p4_2_ex/imports/example_top.sv [11ms]
2024-07-08 11:08:25.433 [info] > git ls-files --stage -- /home/sgass/Projects/kepler/hdl/vivado/workspace/vitis_net_p4_2_ex/imports/example_top.sv [10ms]
2024-07-08 11:08:28.987 [info] > git config --get commit.template [1ms]
2024-07-08 11:08:28.995 [info] > git for-each-ref --format=%(refname)%00%(upstream:short)%00%(objectname)%00%(upstream:track)%00%(upstream:remotename)%00%(upstream:remoteref) refs/heads/sgass/prod/no-ref/p4_router_top refs/remotes/sgass/prod/no-ref/p4_router_top [3ms]
2024-07-08 11:08:29.332 [info] > git status -z -uall [329ms]
2024-07-08 11:08:46.174 [info] > git config --get commit.template [6ms]
2024-07-08 11:08:46.176 [info] > git for-each-ref --format=%(refname)%00%(upstream:short)%00%(objectname)%00%(upstream:track)%00%(upstream:remotename)%00%(upstream:remoteref) refs/heads/sgass/prod/no-ref/p4_router_top refs/remotes/sgass/prod/no-ref/p4_router_top [3ms]
2024-07-08 11:08:46.448 [info] > git status -z -uall [266ms]
2024-07-08 11:09:14.178 [info] > git config --get commit.template [9ms]
2024-07-08 11:09:14.179 [info] > git for-each-ref --format=%(refname)%00%(upstream:short)%00%(objectname)%00%(upstream:track)%00%(upstream:remotename)%00%(upstream:remoteref) refs/heads/sgass/prod/no-ref/p4_router_top refs/remotes/sgass/prod/no-ref/p4_router_top [3ms]
2024-07-08 11:09:14.535 [info] > git status -z -uall [350ms]
2024-07-08 11:09:46.178 [info] > git config --get commit.template [8ms]
2024-07-08 11:09:46.180 [info] > git for-each-ref --format=%(refname)%00%(upstream:short)%00%(objectname)%00%(upstream:track)%00%(upstream:remotename)%00%(upstream:remoteref) refs/heads/sgass/prod/no-ref/p4_router_top refs/remotes/sgass/prod/no-ref/p4_router_top [3ms]
2024-07-08 11:09:46.530 [info] > git status -z -uall [344ms]
2024-07-08 11:10:04.403 [info] > git config --get commit.template [8ms]
2024-07-08 11:10:04.405 [info] > git for-each-ref --format=%(refname)%00%(upstream:short)%00%(objectname)%00%(upstream:track)%00%(upstream:remotename)%00%(upstream:remoteref) refs/heads/sgass/prod/no-ref/p4_router_top refs/remotes/sgass/prod/no-ref/p4_router_top [2ms]
2024-07-08 11:10:04.735 [info] > git status -z -uall [325ms]
2024-07-08 11:46:42.880 [info] > git config --get commit.template [8ms]
2024-07-08 11:46:42.881 [info] > git ls-files --stage -- /home/sgass/Projects/kepler/hdl/vivado/workspace/vitis_net_p4_2_ex/imports/example_top.sv [4ms]
2024-07-08 11:46:42.881 [info] > git for-each-ref --format=%(refname)%00%(upstream:short)%00%(objectname)%00%(upstream:track)%00%(upstream:remotename)%00%(upstream:remoteref) refs/heads/sgass/prod/no-ref/p4_router_top refs/remotes/sgass/prod/no-ref/p4_router_top [1ms]
2024-07-08 11:46:42.894 [info] > git show --textconv :hdl/vivado/workspace/vitis_net_p4_2_ex/imports/example_top.sv [8ms]
2024-07-08 11:46:43.261 [info] > git status -z -uall [378ms]
2024-07-08 11:46:48.284 [info] > git config --get commit.template [7ms]
2024-07-08 11:46:48.285 [info] > git for-each-ref --format=%(refname)%00%(upstream:short)%00%(objectname)%00%(upstream:track)%00%(upstream:remotename)%00%(upstream:remoteref) refs/heads/sgass/prod/no-ref/p4_router_top refs/remotes/sgass/prod/no-ref/p4_router_top [2ms]
2024-07-08 11:46:48.657 [info] > git status -z -uall [366ms]
2024-07-08 11:46:52.271 [info] > git show --textconv :hdl/vivado/workspace/vitis_net_p4_2_ex/vitis_net_p4_2_ex.ip_user_files/ip/vitis_net_p4_2/src/verilog/vitis_net_p4_2_pkg.sv [8ms]
2024-07-08 11:46:52.274 [info] > git ls-files --stage -- /home/sgass/Projects/kepler/hdl/vivado/workspace/vitis_net_p4_2_ex/vitis_net_p4_2_ex.ip_user_files/ip/vitis_net_p4_2/src/verilog/vitis_net_p4_2_pkg.sv [5ms]
2024-07-08 11:46:52.545 [info] > git check-ignore -v -z --stdin [13ms]
2024-07-08 11:49:15.783 [info] > git config --get commit.template [5ms]
2024-07-08 11:49:15.785 [info] > git for-each-ref --format=%(refname)%00%(upstream:short)%00%(objectname)%00%(upstream:track)%00%(upstream:remotename)%00%(upstream:remoteref) refs/heads/sgass/prod/no-ref/p4_router_top refs/remotes/sgass/prod/no-ref/p4_router_top [3ms]
2024-07-08 11:49:15.880 [info] > git ls-files --stage -- /home/sgass/Projects/kepler/hdl/vivado/workspace/vitis_net_p4_2_ex/vitis_net_p4_2_ex.ip_user_files/ip/vitis_net_p4_2/src/verilog/vitis_net_p4_2_pkg.sv [5ms]
2024-07-08 11:49:15.888 [info] > git show --textconv :hdl/vivado/workspace/vitis_net_p4_2_ex/vitis_net_p4_2_ex.ip_user_files/ip/vitis_net_p4_2/src/verilog/vitis_net_p4_2_pkg.sv [4ms]
2024-07-08 11:49:16.101 [info] > git status -z -uall [311ms]
2024-07-08 11:49:17.008 [info] > git ls-files --stage -- /home/sgass/Projects/kepler/hdl/vivado/workspace/vitis_net_p4_2_ex/vitis_net_p4_2_ex.ip_user_files/ip/vitis_net_p4_2/src/verilog/vitis_net_p4_2_pkg.sv [8ms]
2024-07-08 11:49:17.024 [info] > git show --textconv :hdl/vivado/workspace/vitis_net_p4_2_ex/vitis_net_p4_2_ex.ip_user_files/ip/vitis_net_p4_2/src/verilog/vitis_net_p4_2_pkg.sv [8ms]
2024-07-08 11:54:24.836 [info] > git config --get commit.template [4ms]
2024-07-08 11:54:24.836 [info] > git for-each-ref --format=%(refname)%00%(upstream:short)%00%(objectname)%00%(upstream:track)%00%(upstream:remotename)%00%(upstream:remoteref) refs/heads/sgass/prod/no-ref/p4_router_top refs/remotes/sgass/prod/no-ref/p4_router_top [1ms]
2024-07-08 11:54:25.205 [info] > git status -z -uall [366ms]
2024-07-08 11:54:30.223 [info] > git config --get commit.template [8ms]
2024-07-08 11:54:30.225 [info] > git for-each-ref --format=%(refname)%00%(upstream:short)%00%(objectname)%00%(upstream:track)%00%(upstream:remotename)%00%(upstream:remoteref) refs/heads/sgass/prod/no-ref/p4_router_top refs/remotes/sgass/prod/no-ref/p4_router_top [4ms]
2024-07-08 11:54:30.571 [info] > git status -z -uall [340ms]
2024-07-08 11:55:19.459 [info] > git config --get commit.template [3ms]
2024-07-08 11:55:19.460 [info] > git for-each-ref --format=%(refname)%00%(upstream:short)%00%(objectname)%00%(upstream:track)%00%(upstream:remotename)%00%(upstream:remoteref) refs/heads/sgass/prod/no-ref/p4_router_top refs/remotes/sgass/prod/no-ref/p4_router_top [1ms]
2024-07-08 11:55:19.837 [info] > git status -z -uall [374ms]
2024-07-08 12:01:10.680 [info] > git config --get commit.template [3ms]
2024-07-08 12:01:10.682 [info] > git for-each-ref --format=%(refname)%00%(upstream:short)%00%(objectname)%00%(upstream:track)%00%(upstream:remotename)%00%(upstream:remoteref) refs/heads/sgass/prod/no-ref/p4_router_top refs/remotes/sgass/prod/no-ref/p4_router_top [2ms]
2024-07-08 12:01:10.942 [info] > git status -z -uall [258ms]
2024-07-08 12:01:15.959 [info] > git config --get commit.template [6ms]
2024-07-08 12:01:15.961 [info] > git for-each-ref --format=%(refname)%00%(upstream:short)%00%(objectname)%00%(upstream:track)%00%(upstream:remotename)%00%(upstream:remoteref) refs/heads/sgass/prod/no-ref/p4_router_top refs/remotes/sgass/prod/no-ref/p4_router_top [3ms]
2024-07-08 12:01:16.360 [info] > git status -z -uall [393ms]
2024-07-08 12:01:29.217 [info] > git config --get commit.template [9ms]
2024-07-08 12:01:29.219 [info] > git for-each-ref --format=%(refname)%00%(upstream:short)%00%(objectname)%00%(upstream:track)%00%(upstream:remotename)%00%(upstream:remoteref) refs/heads/sgass/prod/no-ref/p4_router_top refs/remotes/sgass/prod/no-ref/p4_router_top [3ms]
2024-07-08 12:01:29.533 [info] > git status -z -uall [310ms]
2024-07-08 12:01:57.209 [info] > git config --get commit.template [1ms]
2024-07-08 12:01:57.214 [info] > git for-each-ref --format=%(refname)%00%(upstream:short)%00%(objectname)%00%(upstream:track)%00%(upstream:remotename)%00%(upstream:remoteref) refs/heads/sgass/prod/no-ref/p4_router_top refs/remotes/sgass/prod/no-ref/p4_router_top [1ms]
2024-07-08 12:01:57.570 [info] > git status -z -uall [354ms]
2024-07-08 12:02:06.115 [info] > git config --get commit.template [3ms]
2024-07-08 12:02:06.115 [info] > git for-each-ref --format=%(refname)%00%(upstream:short)%00%(objectname)%00%(upstream:track)%00%(upstream:remotename)%00%(upstream:remoteref) refs/heads/sgass/prod/no-ref/p4_router_top refs/remotes/sgass/prod/no-ref/p4_router_top [1ms]
2024-07-08 12:02:06.369 [info] > git status -z -uall [251ms]
2024-07-08 12:03:22.667 [info] > git config --get commit.template [11ms]
2024-07-08 12:03:22.671 [info] > git for-each-ref --format=%(refname)%00%(upstream:short)%00%(objectname)%00%(upstream:track)%00%(upstream:remotename)%00%(upstream:remoteref) refs/heads/sgass/prod/no-ref/p4_router_top refs/remotes/sgass/prod/no-ref/p4_router_top [5ms]
2024-07-08 12:03:23.028 [info] > git status -z -uall [346ms]
