[2024-08-13 14:21:35.127] [info]  IPC_RENDERER_REQUEST.LOADED
[2024-08-13 14:21:35.129] [info]  WindowManager handleWindowLoaded
[2024-08-13 14:21:35.630] [info]  WindowManager handlePossibleProtocolLauncherArgs argv=["/opt/forticlient/gui/FortiClient-linux-x64/FortiClient"]
[2024-08-13 14:21:35.631] [info]  WindowManager handleCreateMainWindow
[2024-08-13 14:21:36.990] [info]  Vpn - start doSamlConnect
[2024-08-13 14:21:41.335] [info]  EpctrlStatusChange: Updating view of vpn
[2024-08-13 14:21:41.446] [info]  GetVisibleTabs - visibleTabs={"AVTabIsHidden":true,"VPNTabIsHidden":false,"VULNTabIsHidden":true,"ComplianceTabIsHidden":false,"ZtnaIsHidden":true,"WfTabIsHidden":true,"SandboxTabIsHidden":true,"AETabIsHidden":true,"FwTabIsHidden":true}
[2024-08-13 14:21:55.743] [info]  remoteInfo=[object Object]
[2024-08-13 14:21:55.744] [info]  Saml - IPC_RENDERER_REQUEST.SAML_LOGIN url=https://vpn.kepler.gdn:443/remote/saml/start?realm=SSL-VPN-ENGINEERING
[2024-08-13 14:21:55.745] [info]  Saml - doSamlAuth samlReq={"connection_name":"FUSION-SSL-VPN-ENG","url":"https://vpn.kepler.gdn:443/remote/saml/start?realm=SSL-VPN-ENGINEERING","authTimeout":"360","ignoreCert":false,"type":1,"redirect":true,"redirectUrl":"https://vpn.kepler.gdn:443/remote/saml/auth_id","sso_port":"8020"}
[2024-08-13 14:21:55.746] [info]  Saml - closeServer
[2024-08-13 14:21:55.746] [info]  Saml - startServer sso_port=8020
[2024-08-13 14:21:55.750] [info]  Server running on http://localhost:8020
[2024-08-13 14:21:55.750] [info]  Saml - openExternal url=https://vpn.kepler.gdn/remote/saml/start?realm=SSL-VPN-ENGINEERING&redirect=1
[2024-08-13 14:21:57.055] [info]  Saml - redirect auth_id to tray
[2024-08-13 14:21:57.056] [info]  Saml - closeServer
[2024-08-13 14:21:57.056] [info]  Saml - closing server
[2024-08-13 14:21:57.057] [info]  sendSslvpnAuthId - Failed to load template
[2024-08-13 14:21:57.057] [info]  Events - IPC_MAIN_RESPONSE.SAML_LOGIN_VPN_RESPONSE
[2024-08-13 14:21:57.058] [info]  Vpn - handleSAMLLoginResp2 samldata.length=16
[2024-08-13 14:21:57.130] [info]  VpnHandler UNHANDLED {"isTrusted":true}
[2024-08-13 14:22:00.320] [info]  WindowManager WindowManager - handleWindowClosed
[2024-08-13 14:22:00.320] [info]  WindowManager WindowManager - all windows are destroyed. quit the app.
[2024-08-14 08:56:50.227] [info]  Server init() port number is 
[2024-08-14 08:56:50.231] [info]  Fail to retrieve port number from file.
[2024-08-14 08:56:51.234] [info]  Server init() port number is 41855
[2024-08-14 08:56:51.235] [info]  initWebSocket port is 41855
[2024-08-14 08:56:51.284] [info]  WindowManager handlePossibleProtocolLauncherArgs argv=["/opt/forticlient/gui/FortiClient-linux-x64/FortiClient"]
[2024-08-14 08:56:51.285] [info]  WindowManager handleCreateMainWindow
[2024-08-14 08:56:51.298] [info]  MAIN Starting FortiTray
[2024-08-14 08:56:51.298] [info]  MAIN MainWindow - createWindow Platform detected: ubuntu
[2024-08-14 08:56:51.304] [info]  web-contents-created contents.id=1
[2024-08-14 08:56:51.307] [info]  Saml - init
[2024-08-14 08:56:51.307] [info]  Saml - listenSamlLoginRequest
[2024-08-14 08:56:51.307] [info]  Server init() port number is 41855
[2024-08-14 08:56:51.448] [info]  compliance configDir=/home/sgass/.config/FortiClient/config
[2024-08-14 08:56:51.450] [info]  MAIN did-finish-load
[2024-08-14 08:56:51.455] [info]  MAIN ready-to-show
[2024-08-14 08:56:52.246] [info]  GetVisibleTabs - visibleTabs={"AVTabIsHidden":true,"VPNTabIsHidden":false,"VULNTabIsHidden":true,"ComplianceTabIsHidden":false,"ZtnaIsHidden":true,"WfTabIsHidden":true,"SandboxTabIsHidden":true,"AETabIsHidden":true,"FwTabIsHidden":true}
[2024-08-14 08:56:52.301] [info]  IPC_RENDERER_REQUEST.LOADED
[2024-08-14 08:56:52.302] [info]  WindowManager handleWindowLoaded
[2024-08-14 08:56:52.803] [info]  WindowManager handlePossibleProtocolLauncherArgs argv=["/opt/forticlient/gui/FortiClient-linux-x64/FortiClient"]
[2024-08-14 08:56:52.804] [info]  WindowManager handleCreateMainWindow
[2024-08-14 08:56:56.548] [info]  Vpn - start doSamlConnect
[2024-08-14 08:57:08.854] [info]  EpctrlStatusChange: Updating view of vpn
[2024-08-14 08:57:08.975] [info]  GetVisibleTabs - visibleTabs={"AVTabIsHidden":true,"VPNTabIsHidden":false,"VULNTabIsHidden":true,"ComplianceTabIsHidden":false,"ZtnaIsHidden":true,"WfTabIsHidden":true,"SandboxTabIsHidden":true,"AETabIsHidden":true,"FwTabIsHidden":true}
[2024-08-14 08:57:15.319] [info]  remoteInfo=[object Object]
[2024-08-14 08:57:15.320] [info]  Saml - IPC_RENDERER_REQUEST.SAML_LOGIN url=https://vpn.kepler.gdn:443/remote/saml/start?realm=SSL-VPN-ENGINEERING
[2024-08-14 08:57:15.321] [info]  Saml - doSamlAuth samlReq={"connection_name":"FUSION-SSL-VPN-ENG","url":"https://vpn.kepler.gdn:443/remote/saml/start?realm=SSL-VPN-ENGINEERING","authTimeout":"360","ignoreCert":false,"type":1,"redirect":true,"redirectUrl":"https://vpn.kepler.gdn:443/remote/saml/auth_id","sso_port":"8020"}
[2024-08-14 08:57:15.322] [info]  Saml - closeServer
[2024-08-14 08:57:15.323] [info]  Saml - startServer sso_port=8020
[2024-08-14 08:57:15.326] [info]  Server running on http://localhost:8020
[2024-08-14 08:57:15.327] [info]  Saml - openExternal url=https://vpn.kepler.gdn/remote/saml/start?realm=SSL-VPN-ENGINEERING&redirect=1
[2024-08-14 08:57:21.886] [info]  Saml - redirect auth_id to tray
[2024-08-14 08:57:21.887] [info]  Saml - closeServer
[2024-08-14 08:57:21.888] [info]  Saml - closing server
[2024-08-14 08:57:21.888] [info]  sendSslvpnAuthId - Failed to load template
[2024-08-14 08:57:21.889] [info]  Events - IPC_MAIN_RESPONSE.SAML_LOGIN_VPN_RESPONSE
[2024-08-14 08:57:21.889] [info]  Vpn - handleSAMLLoginResp2 samldata.length=16
[2024-08-14 08:57:22.019] [info]  VpnHandler UNHANDLED {"isTrusted":true}
[2024-08-14 08:57:25.544] [info]  WindowManager WindowManager - handleWindowClosed
[2024-08-14 08:57:25.545] [info]  WindowManager WindowManager - all windows are destroyed. quit the app.
[2024-08-14 11:35:45.125] [info]  Server init() port number is 
[2024-08-14 11:35:45.127] [info]  Fail to retrieve port number from file.
[2024-08-14 11:35:46.129] [info]  Server init() port number is 41855
[2024-08-14 11:35:46.129] [info]  initWebSocket port is 41855
[2024-08-14 11:35:46.148] [info]  WindowManager handlePossibleProtocolLauncherArgs argv=["/opt/forticlient/gui/FortiClient-linux-x64/FortiClient"]
[2024-08-14 11:35:46.148] [info]  WindowManager handleCreateMainWindow
[2024-08-14 11:35:46.155] [info]  MAIN Starting FortiTray
[2024-08-14 11:35:46.156] [info]  MAIN MainWindow - createWindow Platform detected: ubuntu
[2024-08-14 11:35:46.162] [info]  web-contents-created contents.id=1
[2024-08-14 11:35:46.166] [info]  Saml - init
[2024-08-14 11:35:46.167] [info]  Saml - listenSamlLoginRequest
[2024-08-14 11:35:46.167] [info]  Server init() port number is 41855
[2024-08-14 11:35:46.308] [info]  compliance configDir=/home/sgass/.config/FortiClient/config
[2024-08-14 11:35:46.310] [info]  MAIN did-finish-load
[2024-08-14 11:35:46.317] [info]  MAIN ready-to-show
[2024-08-14 11:35:47.000] [info]  GetVisibleTabs - visibleTabs={"AVTabIsHidden":true,"VPNTabIsHidden":false,"VULNTabIsHidden":true,"ComplianceTabIsHidden":false,"ZtnaIsHidden":true,"WfTabIsHidden":true,"SandboxTabIsHidden":true,"AETabIsHidden":true,"FwTabIsHidden":true}
[2024-08-14 11:35:47.046] [info]  IPC_RENDERER_REQUEST.LOADED
[2024-08-14 11:35:47.046] [info]  WindowManager handleWindowLoaded
[2024-08-14 11:35:47.547] [info]  WindowManager handlePossibleProtocolLauncherArgs argv=["/opt/forticlient/gui/FortiClient-linux-x64/FortiClient"]
[2024-08-14 11:35:47.548] [info]  WindowManager handleCreateMainWindow
[2024-08-14 11:36:00.098] [info]  EpctrlStatusChange: Updating view of vpn
[2024-08-14 11:36:00.359] [info]  GetVisibleTabs - visibleTabs={"AVTabIsHidden":true,"VPNTabIsHidden":false,"VULNTabIsHidden":true,"ComplianceTabIsHidden":false,"ZtnaIsHidden":true,"WfTabIsHidden":true,"SandboxTabIsHidden":true,"AETabIsHidden":true,"FwTabIsHidden":true}
[2024-08-14 11:36:21.029] [info]  EpctrlStatusChange: Updating view of vpn
[2024-08-14 11:36:21.203] [info]  GetVisibleTabs - visibleTabs={"AVTabIsHidden":true,"VPNTabIsHidden":false,"VULNTabIsHidden":true,"ComplianceTabIsHidden":false,"ZtnaIsHidden":true,"WfTabIsHidden":true,"SandboxTabIsHidden":true,"AETabIsHidden":true,"FwTabIsHidden":true}
[2024-08-14 11:36:42.090] [info]  EpctrlStatusChange: Updating view of vpn
[2024-08-14 11:36:42.251] [info]  GetVisibleTabs - visibleTabs={"AVTabIsHidden":true,"VPNTabIsHidden":false,"VULNTabIsHidden":true,"ComplianceTabIsHidden":false,"ZtnaIsHidden":true,"WfTabIsHidden":true,"SandboxTabIsHidden":true,"AETabIsHidden":true,"FwTabIsHidden":true}
[2024-08-14 11:36:53.866] [info]  WindowManager WindowManager - handleWindowClosed
[2024-08-14 11:36:53.866] [info]  WindowManager WindowManager - all windows are destroyed. quit the app.
[2024-08-15 08:38:04.813] [info]  Server init() port number is 
[2024-08-15 08:38:04.816] [info]  Fail to retrieve port number from file.
[2024-08-15 08:38:05.818] [info]  Server init() port number is 41855
[2024-08-15 08:38:05.818] [info]  initWebSocket port is 41855
[2024-08-15 08:38:05.846] [info]  WindowManager handlePossibleProtocolLauncherArgs argv=["/opt/forticlient/gui/FortiClient-linux-x64/FortiClient"]
[2024-08-15 08:38:05.846] [info]  WindowManager handleCreateMainWindow
[2024-08-15 08:38:05.853] [info]  MAIN Starting FortiTray
[2024-08-15 08:38:05.854] [info]  MAIN MainWindow - createWindow Platform detected: ubuntu
[2024-08-15 08:38:05.859] [info]  web-contents-created contents.id=1
[2024-08-15 08:38:05.863] [info]  Saml - init
[2024-08-15 08:38:05.863] [info]  Saml - listenSamlLoginRequest
[2024-08-15 08:38:05.863] [info]  Server init() port number is 41855
[2024-08-15 08:38:06.001] [info]  compliance configDir=/home/sgass/.config/FortiClient/config
[2024-08-15 08:38:06.003] [info]  MAIN did-finish-load
[2024-08-15 08:38:06.011] [info]  MAIN ready-to-show
[2024-08-15 08:38:06.800] [info]  GetVisibleTabs - visibleTabs={"AVTabIsHidden":true,"VPNTabIsHidden":false,"VULNTabIsHidden":true,"ComplianceTabIsHidden":false,"ZtnaIsHidden":true,"WfTabIsHidden":true,"SandboxTabIsHidden":true,"AETabIsHidden":true,"FwTabIsHidden":true}
[2024-08-15 08:38:06.864] [info]  IPC_RENDERER_REQUEST.LOADED
[2024-08-15 08:38:06.864] [info]  WindowManager handleWindowLoaded
[2024-08-15 08:38:07.365] [info]  WindowManager handlePossibleProtocolLauncherArgs argv=["/opt/forticlient/gui/FortiClient-linux-x64/FortiClient"]
[2024-08-15 08:38:07.366] [info]  WindowManager handleCreateMainWindow
[2024-08-15 08:38:09.405] [info]  Vpn - start doSamlConnect
[2024-08-15 08:38:11.718] [info]  EpctrlStatusChange: Updating view of vpn
[2024-08-15 08:38:11.790] [info]  EpctrlStatusChange: Updating view of vpn
[2024-08-15 08:38:11.895] [info]  GetVisibleTabs - visibleTabs={"AVTabIsHidden":true,"VPNTabIsHidden":false,"VULNTabIsHidden":true,"ComplianceTabIsHidden":false,"ZtnaIsHidden":true,"WfTabIsHidden":true,"SandboxTabIsHidden":true,"AETabIsHidden":true,"FwTabIsHidden":true}
[2024-08-15 08:38:11.959] [info]  GetVisibleTabs - visibleTabs={"AVTabIsHidden":true,"VPNTabIsHidden":false,"VULNTabIsHidden":true,"ComplianceTabIsHidden":false,"ZtnaIsHidden":true,"WfTabIsHidden":true,"SandboxTabIsHidden":true,"AETabIsHidden":true,"FwTabIsHidden":true}
[2024-08-15 08:38:28.205] [info]  remoteInfo=[object Object]
[2024-08-15 08:38:28.206] [info]  Saml - IPC_RENDERER_REQUEST.SAML_LOGIN url=https://vpn.kepler.gdn:443/remote/saml/start?realm=SSL-VPN-ENGINEERING
[2024-08-15 08:38:28.206] [info]  Saml - doSamlAuth samlReq={"connection_name":"FUSION-SSL-VPN-ENG","url":"https://vpn.kepler.gdn:443/remote/saml/start?realm=SSL-VPN-ENGINEERING","authTimeout":"360","ignoreCert":false,"type":1,"redirect":true,"redirectUrl":"https://vpn.kepler.gdn:443/remote/saml/auth_id","sso_port":"8020"}
[2024-08-15 08:38:28.206] [info]  Saml - closeServer
[2024-08-15 08:38:28.206] [info]  Saml - startServer sso_port=8020
[2024-08-15 08:38:28.208] [info]  Server running on http://localhost:8020
[2024-08-15 08:38:28.208] [info]  Saml - openExternal url=https://vpn.kepler.gdn/remote/saml/start?realm=SSL-VPN-ENGINEERING&redirect=1
[2024-08-15 08:38:29.642] [info]  Saml - redirect auth_id to tray
[2024-08-15 08:38:29.642] [info]  Saml - closeServer
[2024-08-15 08:38:29.642] [info]  Saml - closing server
[2024-08-15 08:38:29.643] [info]  sendSslvpnAuthId - Failed to load template
[2024-08-15 08:38:29.644] [info]  Events - IPC_MAIN_RESPONSE.SAML_LOGIN_VPN_RESPONSE
[2024-08-15 08:38:29.644] [info]  Vpn - handleSAMLLoginResp2 samldata.length=16
[2024-08-15 08:38:29.741] [info]  VpnHandler UNHANDLED {"isTrusted":true}
[2024-08-15 08:38:32.905] [info]  WindowManager WindowManager - handleWindowClosed
[2024-08-15 08:38:32.906] [info]  WindowManager WindowManager - all windows are destroyed. quit the app.
[2024-08-15 15:22:32.785] [info]  Server init() port number is 
[2024-08-15 15:22:32.788] [info]  Fail to retrieve port number from file.
[2024-08-15 15:22:33.791] [info]  Server init() port number is 41855
[2024-08-15 15:22:33.792] [info]  initWebSocket port is 41855
[2024-08-15 15:22:33.829] [info]  WindowManager handlePossibleProtocolLauncherArgs argv=["/opt/forticlient/gui/FortiClient-linux-x64/FortiClient"]
[2024-08-15 15:22:33.829] [info]  WindowManager handleCreateMainWindow
[2024-08-15 15:22:33.836] [info]  MAIN Starting FortiTray
[2024-08-15 15:22:33.836] [info]  MAIN MainWindow - createWindow Platform detected: ubuntu
[2024-08-15 15:22:33.841] [info]  web-contents-created contents.id=1
[2024-08-15 15:22:33.844] [info]  Saml - init
[2024-08-15 15:22:33.845] [info]  Saml - listenSamlLoginRequest
[2024-08-15 15:22:33.845] [info]  Server init() port number is 41855
[2024-08-15 15:22:33.994] [info]  compliance configDir=/home/sgass/.config/FortiClient/config
[2024-08-15 15:22:33.996] [info]  MAIN did-finish-load
[2024-08-15 15:22:33.997] [info]  MAIN ready-to-show
[2024-08-15 15:22:34.331] [info]  EpctrlStatusChange: Updating view of malware-settings
[2024-08-15 15:22:34.493] [info]  GetVisibleTabs - visibleTabs={"AVTabIsHidden":true,"VPNTabIsHidden":false,"VULNTabIsHidden":true,"ComplianceTabIsHidden":false,"ZtnaIsHidden":true,"WfTabIsHidden":true,"SandboxTabIsHidden":true,"AETabIsHidden":true,"FwTabIsHidden":true}
[2024-08-15 15:22:34.814] [info]  GetVisibleTabs - visibleTabs={"AVTabIsHidden":true,"VPNTabIsHidden":false,"VULNTabIsHidden":true,"ComplianceTabIsHidden":false,"ZtnaIsHidden":true,"WfTabIsHidden":true,"SandboxTabIsHidden":true,"AETabIsHidden":true,"FwTabIsHidden":true}
[2024-08-15 15:22:34.869] [info]  IPC_RENDERER_REQUEST.LOADED
[2024-08-15 15:22:34.869] [info]  WindowManager handleWindowLoaded
[2024-08-15 15:22:35.370] [info]  WindowManager handlePossibleProtocolLauncherArgs argv=["/opt/forticlient/gui/FortiClient-linux-x64/FortiClient"]
[2024-08-15 15:22:35.370] [info]  WindowManager handleCreateMainWindow
[2024-08-15 15:22:37.447] [info]  Vpn - start doSamlConnect
[2024-08-15 15:22:54.673] [info]  EpctrlStatusChange: Updating view of vpn
[2024-08-15 15:22:54.806] [info]  GetVisibleTabs - visibleTabs={"AVTabIsHidden":true,"VPNTabIsHidden":false,"VULNTabIsHidden":true,"ComplianceTabIsHidden":false,"ZtnaIsHidden":true,"WfTabIsHidden":true,"SandboxTabIsHidden":true,"AETabIsHidden":true,"FwTabIsHidden":true}
[2024-08-15 15:22:56.165] [info]  remoteInfo=[object Object]
[2024-08-15 15:22:56.165] [info]  Saml - IPC_RENDERER_REQUEST.SAML_LOGIN url=https://vpn.kepler.gdn:443/remote/saml/start?realm=SSL-VPN-ENGINEERING
[2024-08-15 15:22:56.165] [info]  Saml - doSamlAuth samlReq={"connection_name":"FUSION-SSL-VPN-ENG","url":"https://vpn.kepler.gdn:443/remote/saml/start?realm=SSL-VPN-ENGINEERING","authTimeout":"360","ignoreCert":false,"type":1,"redirect":true,"redirectUrl":"https://vpn.kepler.gdn:443/remote/saml/auth_id","sso_port":"8020"}
[2024-08-15 15:22:56.166] [info]  Saml - closeServer
[2024-08-15 15:22:56.166] [info]  Saml - startServer sso_port=8020
[2024-08-15 15:22:56.168] [info]  Server running on http://localhost:8020
[2024-08-15 15:22:56.169] [info]  Saml - openExternal url=https://vpn.kepler.gdn/remote/saml/start?realm=SSL-VPN-ENGINEERING&redirect=1
[2024-08-15 15:22:57.437] [info]  Saml - redirect auth_id to tray
[2024-08-15 15:22:57.438] [info]  Saml - closeServer
[2024-08-15 15:22:57.439] [info]  Saml - closing server
[2024-08-15 15:22:57.439] [info]  sendSslvpnAuthId - Failed to load template
[2024-08-15 15:22:57.440] [info]  Events - IPC_MAIN_RESPONSE.SAML_LOGIN_VPN_RESPONSE
[2024-08-15 15:22:57.440] [info]  Vpn - handleSAMLLoginResp2 samldata.length=15
[2024-08-15 15:22:57.614] [info]  VpnHandler UNHANDLED {"isTrusted":true}
[2024-08-15 15:23:00.835] [info]  WindowManager WindowManager - handleWindowClosed
[2024-08-15 15:23:00.836] [info]  WindowManager WindowManager - all windows are destroyed. quit the app.
[2024-08-16 09:43:08.478] [info]  Server init() port number is 
[2024-08-16 09:43:08.483] [info]  Fail to retrieve port number from file.
[2024-08-16 09:43:09.486] [info]  Server init() port number is 41855
[2024-08-16 09:43:09.487] [info]  initWebSocket port is 41855
[2024-08-16 09:43:09.509] [info]  WindowManager handlePossibleProtocolLauncherArgs argv=["/opt/forticlient/gui/FortiClient-linux-x64/FortiClient"]
[2024-08-16 09:43:09.510] [info]  WindowManager handleCreateMainWindow
[2024-08-16 09:43:09.518] [info]  MAIN Starting FortiTray
[2024-08-16 09:43:09.518] [info]  MAIN MainWindow - createWindow Platform detected: ubuntu
[2024-08-16 09:43:09.523] [info]  web-contents-created contents.id=1
[2024-08-16 09:43:09.527] [info]  Saml - init
[2024-08-16 09:43:09.527] [info]  Saml - listenSamlLoginRequest
[2024-08-16 09:43:09.528] [info]  Server init() port number is 41855
[2024-08-16 09:43:09.667] [info]  compliance configDir=/home/sgass/.config/FortiClient/config
[2024-08-16 09:43:09.669] [info]  MAIN did-finish-load
[2024-08-16 09:43:09.670] [info]  MAIN ready-to-show
[2024-08-16 09:43:10.447] [info]  GetVisibleTabs - visibleTabs={"AVTabIsHidden":true,"VPNTabIsHidden":false,"VULNTabIsHidden":true,"ComplianceTabIsHidden":false,"ZtnaIsHidden":true,"WfTabIsHidden":true,"SandboxTabIsHidden":true,"AETabIsHidden":true,"FwTabIsHidden":true}
[2024-08-16 09:43:10.508] [info]  IPC_RENDERER_REQUEST.LOADED
[2024-08-16 09:43:10.508] [info]  WindowManager handleWindowLoaded
[2024-08-16 09:43:11.009] [info]  WindowManager handlePossibleProtocolLauncherArgs argv=["/opt/forticlient/gui/FortiClient-linux-x64/FortiClient"]
[2024-08-16 09:43:11.009] [info]  WindowManager handleCreateMainWindow
[2024-08-16 09:43:13.355] [info]  Vpn - start doSamlConnect
[2024-08-16 09:43:28.051] [info]  EpctrlStatusChange: Updating view of vpn
[2024-08-16 09:43:28.202] [info]  GetVisibleTabs - visibleTabs={"AVTabIsHidden":true,"VPNTabIsHidden":false,"VULNTabIsHidden":true,"ComplianceTabIsHidden":false,"ZtnaIsHidden":true,"WfTabIsHidden":true,"SandboxTabIsHidden":true,"AETabIsHidden":true,"FwTabIsHidden":true}
[2024-08-16 09:43:32.084] [info]  remoteInfo=[object Object]
[2024-08-16 09:43:32.085] [info]  Saml - IPC_RENDERER_REQUEST.SAML_LOGIN url=https://vpn.kepler.gdn:443/remote/saml/start?realm=SSL-VPN-ENGINEERING
[2024-08-16 09:43:32.086] [info]  Saml - doSamlAuth samlReq={"connection_name":"FUSION-SSL-VPN-ENG","url":"https://vpn.kepler.gdn:443/remote/saml/start?realm=SSL-VPN-ENGINEERING","authTimeout":"360","ignoreCert":false,"type":1,"redirect":true,"redirectUrl":"https://vpn.kepler.gdn:443/remote/saml/auth_id","sso_port":"8020"}
[2024-08-16 09:43:32.088] [info]  Saml - closeServer
[2024-08-16 09:43:32.088] [info]  Saml - startServer sso_port=8020
[2024-08-16 09:43:32.091] [info]  Server running on http://localhost:8020
[2024-08-16 09:43:32.092] [info]  Saml - openExternal url=https://vpn.kepler.gdn/remote/saml/start?realm=SSL-VPN-ENGINEERING&redirect=1
[2024-08-16 09:43:33.693] [info]  Saml - redirect auth_id to tray
[2024-08-16 09:43:33.694] [info]  Saml - closeServer
[2024-08-16 09:43:33.694] [info]  Saml - closing server
[2024-08-16 09:43:33.694] [info]  sendSslvpnAuthId - Failed to load template
[2024-08-16 09:43:33.695] [info]  Events - IPC_MAIN_RESPONSE.SAML_LOGIN_VPN_RESPONSE
[2024-08-16 09:43:33.695] [info]  Vpn - handleSAMLLoginResp2 samldata.length=16
[2024-08-16 09:43:33.828] [info]  VpnHandler UNHANDLED {"isTrusted":true}
[2024-08-16 09:43:38.209] [info]  WindowManager WindowManager - handleWindowClosed
[2024-08-16 09:43:38.211] [info]  WindowManager WindowManager - all windows are destroyed. quit the app.
