2025-01-20 20:12:56.777 [info] Added views:workbench.panel.markers.view in workbench.panel.markers
2025-01-20 20:12:56.777 [info] Added views:workbench.panel.output in workbench.panel.output
2025-01-20 20:12:56.777 [info] Added views:terminal in terminal
2025-01-20 20:12:56.777 [info] Added views:outline in workbench.view.explorer
2025-01-20 20:12:56.777 [info] Added views:workbench.scm in workbench.view.scm
2025-01-20 20:12:56.777 [info] Added views:workbench.view.search in workbench.view.search
2025-01-20 20:12:56.777 [info] Added views:timeline in workbench.view.explorer
2025-01-20 20:12:56.777 [info] Added views:workbench.explorer.fileView in workbench.view.explorer
2025-01-20 20:12:56.947 [info] Added views:workbench.debug.welcome in workbench.view.debug
2025-01-20 20:12:57.397 [info] Added views:workbench.panel.repl.view in workbench.panel.repl
2025-01-20 20:12:57.728 [info] Added views:workbench.view.testing in workbench.view.extension.test
2025-01-20 20:12:58.001 [info] Added views:~remote.forwardedPorts in ~remote.forwardedPortsContainer
2025-01-20 20:12:58.460 [info] Added views:workbench.scm.history in workbench.view.scm
2025-01-21 10:11:19.913 [info] Removed views:workbench.scm.history from workbench.view.scm
2025-01-21 10:11:19.914 [info] Removed views:workbench.view.testing from workbench.view.extension.test
2025-01-21 10:11:20.501 [info] Added views:workbench.panel.markers.view in workbench.panel.markers
2025-01-21 10:11:20.501 [info] Added views:workbench.panel.output in workbench.panel.output
2025-01-21 10:11:20.501 [info] Added views:terminal in terminal
2025-01-21 10:11:20.501 [info] Added views:outline in workbench.view.explorer
2025-01-21 10:11:20.501 [info] Added views:workbench.scm in workbench.view.scm
2025-01-21 10:11:20.501 [info] Added views:workbench.view.search in workbench.view.search
2025-01-21 10:11:20.501 [info] Added views:timeline in workbench.view.explorer
2025-01-21 10:11:20.501 [info] Added views:workbench.explorer.fileView in workbench.view.explorer
2025-01-21 10:11:20.945 [info] Added views:workbench.debug.welcome in workbench.view.debug
2025-01-21 10:11:20.993 [info] Added views:workbench.panel.repl.view in workbench.panel.repl
2025-01-21 10:11:21.087 [info] Added views:workbench.scm.history in workbench.view.scm
2025-01-21 10:11:21.208 [info] Added views:~remote.forwardedPorts in ~remote.forwardedPortsContainer
2025-01-21 10:14:28.523 [info] Added views:workbench.views.extensions.installed,workbench.views.extensions.popular,extensions.recommendedList in workbench.view.extensions
2025-01-21 10:14:28.524 [info] Removed views:workbench.views.extensions.popular from workbench.view.extensions
2025-01-21 15:18:20.543 [info] Removed views:workbench.scm.history from workbench.view.scm
2025-01-21 15:18:21.485 [info] Added views:workbench.panel.markers.view in workbench.panel.markers
2025-01-21 15:18:21.485 [info] Added views:workbench.panel.output in workbench.panel.output
2025-01-21 15:18:21.485 [info] Added views:terminal in terminal
2025-01-21 15:18:21.485 [info] Added views:outline in workbench.view.explorer
2025-01-21 15:18:21.485 [info] Added views:workbench.scm in workbench.view.scm
2025-01-21 15:18:21.485 [info] Added views:workbench.view.search in workbench.view.search
2025-01-21 15:18:21.485 [info] Added views:timeline in workbench.view.explorer
2025-01-21 15:18:21.485 [info] Added views:workbench.explorer.fileView in workbench.view.explorer
2025-01-21 15:18:21.632 [info] Added views:workbench.debug.welcome in workbench.view.debug
2025-01-21 15:18:22.344 [info] Added views:workbench.panel.repl.view in workbench.panel.repl
2025-01-21 15:18:23.049 [info] Added views:~remote.forwardedPorts in ~remote.forwardedPortsContainer
2025-01-21 15:18:23.298 [info] Added views:workbench.scm.history in workbench.view.scm
2025-01-22 09:22:51.594 [info] Added views:workbench.view.testing in workbench.view.extension.test
2025-01-23 15:09:13.571 [info] Removed views:workbench.scm.history from workbench.view.scm
2025-01-23 15:09:13.572 [info] Removed views:workbench.view.testing from workbench.view.extension.test
