2024-07-02 08:19:06.395 [info] Added views:workbench.panel.markers.view in workbench.panel.markers
2024-07-02 08:19:06.395 [info] Added views:workbench.panel.output in workbench.panel.output
2024-07-02 08:19:06.395 [info] Added views:terminal in terminal
2024-07-02 08:19:06.395 [info] Added views:outline in workbench.view.explorer
2024-07-02 08:19:06.395 [info] Added views:workbench.scm in workbench.view.scm
2024-07-02 08:19:06.395 [info] Added views:workbench.view.search in workbench.view.search
2024-07-02 08:19:06.395 [info] Added views:timeline in workbench.view.explorer
2024-07-02 08:19:06.395 [info] Added views:workbench.explorer.fileView in workbench.view.explorer
2024-07-02 08:19:06.536 [info] Added views:workbench.debug.welcome in workbench.view.debug
2024-07-02 08:19:06.727 [info] Added views:workbench.panel.repl.view in workbench.panel.repl
2024-07-02 08:19:07.389 [info] Added views:~remote.forwardedPorts in ~remote.forwardedPortsContainer
2024-07-02 08:19:10.387 [info] Added views:workbench.view.testing in workbench.view.extension.test
2024-07-02 13:40:03.222 [info] Removed views:workbench.view.testing from workbench.view.extension.test
2024-07-02 13:40:03.714 [info] Added views:workbench.panel.markers.view in workbench.panel.markers
2024-07-02 13:40:03.714 [info] Added views:workbench.panel.output in workbench.panel.output
2024-07-02 13:40:03.714 [info] Added views:terminal in terminal
2024-07-02 13:40:03.714 [info] Added views:outline in workbench.view.explorer
2024-07-02 13:40:03.714 [info] Added views:workbench.scm in workbench.view.scm
2024-07-02 13:40:03.714 [info] Added views:workbench.view.search in workbench.view.search
2024-07-02 13:40:03.714 [info] Added views:timeline in workbench.view.explorer
2024-07-02 13:40:03.714 [info] Added views:workbench.explorer.fileView in workbench.view.explorer
2024-07-02 13:40:03.879 [info] Added views:workbench.debug.welcome in workbench.view.debug
2024-07-02 13:40:04.097 [info] Added views:workbench.panel.repl.view in workbench.panel.repl
2024-07-02 13:40:04.385 [info] Added views:~remote.forwardedPorts in ~remote.forwardedPortsContainer
2024-07-03 13:15:30.057 [info] Added views:workbench.panel.markers.view in workbench.panel.markers
2024-07-03 13:15:30.057 [info] Added views:workbench.panel.output in workbench.panel.output
2024-07-03 13:15:30.057 [info] Added views:terminal in terminal
2024-07-03 13:15:30.057 [info] Added views:outline in workbench.view.explorer
2024-07-03 13:15:30.057 [info] Added views:workbench.scm in workbench.view.scm
2024-07-03 13:15:30.057 [info] Added views:workbench.view.search in workbench.view.search
2024-07-03 13:15:30.057 [info] Added views:timeline in workbench.view.explorer
2024-07-03 13:15:30.058 [info] Added views:workbench.explorer.fileView in workbench.view.explorer
2024-07-03 13:15:30.150 [info] Added views:workbench.debug.welcome in workbench.view.debug
2024-07-03 13:15:30.356 [info] Added views:workbench.panel.repl.view in workbench.panel.repl
2024-07-03 13:15:30.528 [info] Added views:workbench.view.testing in workbench.view.extension.test
2024-07-03 13:15:30.936 [info] Added views:~remote.forwardedPorts in ~remote.forwardedPortsContainer
2024-07-03 16:15:59.284 [info] Removed views:workbench.view.testing from workbench.view.extension.test
