2025-03-01 10:07:55.002 [info] Started local extension host with pid 722417.
2025-03-01 10:07:55.088 [error] [/home/sgass/.vscode/extensions/mechatroner.rainbow-csv-3.13.0]: Extension is not compatible with Code 1.93.1. Extension requires: ^1.95.0.
2025-03-01 10:07:55.110 [error] [/home/sgass/.vscode/extensions/mechatroner.rainbow-csv-3.14.0]: Extension is not compatible with Code 1.93.1. Extension requires: ^1.95.0.
2025-03-01 10:07:55.110 [error] [/home/sgass/.vscode/extensions/mechatroner.rainbow-csv-3.15.0]: Extension is not compatible with Code 1.93.1. Extension requires: ^1.95.0.
2025-03-01 10:07:55.111 [error] [/home/sgass/.vscode/extensions/mechatroner.rainbow-csv-3.15.1]: Extension is not compatible with Code 1.93.1. Extension requires: ^1.95.0.
2025-03-01 10:07:55.111 [error] [/home/sgass/.vscode/extensions/mechatroner.rainbow-csv-3.16.0]: Extension is not compatible with Code 1.93.1. Extension requires: ^1.95.0.
2025-03-01 10:07:55.111 [error] [/home/sgass/.vscode/extensions/mechatroner.rainbow-csv-3.17.0]: Extension is not compatible with Code 1.93.1. Extension requires: ^1.95.0.
2025-03-01 10:07:55.141 [error] [/home/sgass/.vscode/extensions/ms-python.python-2024.16.0-linux-x64]: Extension is not compatible with Code 1.93.1. Extension requires: ^1.94.0-20240918.
2025-03-01 10:07:55.147 [error] [/home/sgass/.vscode/extensions/ms-python.python-2024.18.0-linux-x64]: Extension is not compatible with Code 1.93.1. Extension requires: ^1.94.0-20240918.
2025-03-01 10:07:55.148 [error] [/home/sgass/.vscode/extensions/ms-python.python-2024.16.1-linux-x64]: Extension is not compatible with Code 1.93.1. Extension requires: ^1.94.0-20240918.
2025-03-01 10:07:55.155 [error] [/home/sgass/.vscode/extensions/ms-python.python-2024.18.1-linux-x64]: Extension is not compatible with Code 1.93.1. Extension requires: ^1.94.0-20240918.
2025-03-01 10:07:55.155 [error] [/home/sgass/.vscode/extensions/ms-python.python-2024.22.0-linux-x64]: Extension is not compatible with Code 1.93.1. Extension requires: ^1.94.0-20240918.
2025-03-01 10:07:55.156 [error] [/home/sgass/.vscode/extensions/ms-python.python-2024.20.0-linux-x64]: Extension is not compatible with Code 1.93.1. Extension requires: ^1.94.0-20240918.
2025-03-01 10:07:55.156 [error] [/home/sgass/.vscode/extensions/ms-python.python-2024.22.1-linux-x64]: Extension is not compatible with Code 1.93.1. Extension requires: ^1.94.0-20240918.
2025-03-01 10:07:55.159 [error] [/home/sgass/.vscode/extensions/ms-python.python-2024.22.2-linux-x64]: Extension is not compatible with Code 1.93.1. Extension requires: ^1.94.0-20240918.
2025-03-01 10:07:55.159 [error] [/home/sgass/.vscode/extensions/ms-python.python-2025.0.0-linux-x64]: Extension is not compatible with Code 1.93.1. Extension requires: ^1.94.0-20240918.
2025-03-01 10:07:57.653 [info] [perf] Render performance baseline is 16ms
2025-03-01 10:08:26.052 [error] Cannot read the extension from /home/sgass/.vscode/extensions/ms-python.python-2025.0.0-linux-x64: ScanningExtension: Cannot read the extension from /home/sgass/.vscode/extensions/ms-python.python-2025.0.0-linux-x64
    at _.scanLocalExtension (/usr/share/code/resources/app/out/vs/code/node/sharedProcess/sharedProcessMain.js:105:127494)
2025-03-01 10:08:26.061 [error] Cannot read the extension from /home/sgass/.vscode/extensions/mechatroner.rainbow-csv-3.17.0: ScanningExtension: Cannot read the extension from /home/sgass/.vscode/extensions/mechatroner.rainbow-csv-3.17.0
    at _.scanLocalExtension (/usr/share/code/resources/app/out/vs/code/node/sharedProcess/sharedProcessMain.js:105:127494)
2025-03-01 10:09:04.577 [error] [File Watcher (parcel)] Inotify limit reached (ENOSPC) (path: /home/sgass/Projects/kepler2)
