2025-02-25 19:26:39.104 [info] Reading sessions from keychain...
2025-02-25 19:26:39.104 [info] Getting sessions for all scopes...
2025-02-25 19:26:39.104 [info] Getting sessions for all scopes...
2025-02-25 19:26:39.104 [info] Getting sessions for read:user,repo,user:email,workflow...
2025-02-25 19:26:39.104 [info] Got 0 sessions for ...
2025-02-25 19:26:39.104 [info] Got 0 sessions for ...
2025-02-25 19:26:39.104 [info] Got 0 sessions for read:user,repo,user:email,workflow...
2025-02-25 19:26:39.117 [info] Getting sessions for read:user,repo,user:email,workflow...
2025-02-25 19:26:39.117 [info] Got 0 sessions for read:user,repo,user:email,workflow...
2025-02-25 19:26:39.268 [info] Getting sessions for read:user,repo,user:email,workflow...
2025-02-25 19:26:39.268 [info] Got 0 sessions for read:user,repo,user:email,workflow...
2025-02-26 13:56:07.843 [info] Reading sessions from keychain...
2025-02-26 13:56:07.843 [info] Getting sessions for all scopes...
2025-02-26 13:56:07.843 [info] Getting sessions for all scopes...
2025-02-26 13:56:07.843 [info] Got 0 sessions for ...
2025-02-26 13:56:07.843 [info] Got 0 sessions for ...
2025-02-26 13:56:07.843 [info] Getting sessions for read:user,repo,user:email,workflow...
2025-02-26 13:56:07.843 [info] Got 0 sessions for read:user,repo,user:email,workflow...
2025-02-26 13:56:08.132 [info] Getting sessions for read:user,repo,user:email,workflow...
2025-02-26 13:56:08.133 [info] Got 0 sessions for read:user,repo,user:email,workflow...
