2024-08-21 08:51:58.826 [info] [main] Log level: Info
2024-08-21 08:51:58.826 [info] [main] Validating found git in: "git"
2024-08-21 08:51:58.826 [info] [main] Using git "2.34.1" from "git"
2024-08-21 08:51:58.826 [info] [Model][doInitialScan] Initial repository scan started
2024-08-21 08:51:58.826 [info] > git rev-parse --show-toplevel [1ms]
2024-08-21 08:51:58.826 [info] > git rev-parse --git-dir --git-common-dir [1ms]
2024-08-21 08:51:58.826 [info] [Model][openRepository] Opened repository: /home/sgass/Projects/kepler
2024-08-21 08:51:58.826 [info] > git config --get commit.template [5ms]
2024-08-21 08:51:58.826 [info] > git for-each-ref --format=%(refname)%00%(upstream:short)%00%(objectname)%00%(upstream:track)%00%(upstream:remotename)%00%(upstream:remoteref) refs/heads/sgass/prod/no-ref/ecp_aether_p4 refs/remotes/sgass/prod/no-ref/ecp_aether_p4 [2ms]
2024-08-21 08:51:58.826 [info] > git rev-parse --show-toplevel [1ms]
2024-08-21 08:51:58.828 [info] > git rev-parse --show-toplevel [2ms]
2024-08-21 08:51:58.844 [info] > git rev-parse --show-toplevel [13ms]
2024-08-21 08:51:58.857 [info] > git rev-parse --show-toplevel [9ms]
2024-08-21 08:51:58.863 [info] > git rev-parse --show-toplevel [2ms]
2024-08-21 08:51:58.866 [info] > git rev-parse --show-toplevel [1ms]
2024-08-21 08:51:58.870 [info] > git rev-parse --show-toplevel [1ms]
2024-08-21 08:51:58.874 [info] > git rev-parse --show-toplevel [1ms]
2024-08-21 08:51:58.878 [info] > git rev-parse --show-toplevel [2ms]
2024-08-21 08:51:58.882 [info] > git rev-parse --show-toplevel [1ms]
2024-08-21 08:51:58.886 [info] > git rev-parse --show-toplevel [2ms]
2024-08-21 08:51:58.890 [info] > git rev-parse --show-toplevel [1ms]
2024-08-21 08:51:58.896 [info] > git rev-parse --show-toplevel [2ms]
2024-08-21 08:51:58.901 [info] > git rev-parse --show-toplevel [1ms]
2024-08-21 08:51:58.908 [info] > git rev-parse --show-toplevel [2ms]
2024-08-21 08:51:58.916 [info] > git rev-parse --show-toplevel [3ms]
2024-08-21 08:51:58.928 [info] > git rev-parse --show-toplevel [7ms]
2024-08-21 08:51:58.936 [info] > git rev-parse --show-toplevel [2ms]
2024-08-21 08:51:58.943 [info] > git rev-parse --show-toplevel [2ms]
2024-08-21 08:51:58.948 [info] > git rev-parse --show-toplevel [1ms]
2024-08-21 08:51:58.953 [info] > git rev-parse --show-toplevel [1ms]
2024-08-21 08:51:58.958 [info] > git rev-parse --show-toplevel [2ms]
2024-08-21 08:51:58.963 [info] > git rev-parse --show-toplevel [1ms]
2024-08-21 08:51:58.968 [info] > git rev-parse --show-toplevel [2ms]
2024-08-21 08:51:58.974 [info] > git rev-parse --show-toplevel [2ms]
2024-08-21 08:51:58.978 [info] > git rev-parse --show-toplevel [1ms]
2024-08-21 08:51:58.983 [info] > git rev-parse --show-toplevel [2ms]
2024-08-21 08:51:58.987 [info] > git rev-parse --show-toplevel [1ms]
2024-08-21 08:51:58.998 [info] > git rev-parse --show-toplevel [7ms]
2024-08-21 08:51:59.003 [info] > git rev-parse --show-toplevel [1ms]
2024-08-21 08:51:59.007 [info] > git rev-parse --show-toplevel [1ms]
2024-08-21 08:51:59.012 [info] > git rev-parse --show-toplevel [1ms]
2024-08-21 08:51:59.016 [info] > git rev-parse --show-toplevel [1ms]
2024-08-21 08:51:59.021 [info] > git rev-parse --show-toplevel [1ms]
2024-08-21 08:51:59.025 [info] > git rev-parse --show-toplevel [1ms]
2024-08-21 08:51:59.027 [info] [Model][doInitialScan] Initial repository scan completed - repositories (1), closed repositories (0), parent repositories (0), unsafe repositories (0)
2024-08-21 08:51:59.097 [info] > git status -z -uall [294ms]
2024-08-21 08:51:59.107 [info] > git for-each-ref --format=%(refname)%00%(upstream:short)%00%(objectname)%00%(upstream:track)%00%(upstream:remotename)%00%(upstream:remoteref) refs/heads/sgass/prod/no-ref/ecp_aether_p4 refs/remotes/sgass/prod/no-ref/ecp_aether_p4 [6ms]
2024-08-21 08:51:59.115 [info] > git config --get commit.template [1ms]
2024-08-21 08:51:59.116 [info] > git config --local branch.sgass/prod/no-ref/ecp_aether_p4.vscode-merge-base [5ms]
2024-08-21 08:51:59.121 [info] > git for-each-ref --format=%(refname)%00%(upstream:short)%00%(objectname)%00%(upstream:track)%00%(upstream:remotename)%00%(upstream:remoteref) refs/heads/origin/ecp_aether_p4 refs/remotes/origin/ecp_aether_p4 [3ms]
2024-08-21 08:51:59.121 [info] > git for-each-ref --format=%(refname)%00%(upstream:short)%00%(objectname)%00%(upstream:track)%00%(upstream:remotename)%00%(upstream:remoteref) refs/heads/sgass/prod/no-ref/ecp_aether_p4 refs/remotes/sgass/prod/no-ref/ecp_aether_p4 [1ms]
2024-08-21 08:51:59.328 [info] > git status -z -uall [204ms]
2024-08-21 08:51:59.335 [info] > git for-each-ref --format=%(refname)%00%(upstream:short)%00%(objectname)%00%(upstream:track)%00%(upstream:remotename)%00%(upstream:remoteref) refs/heads/sgass/prod/no-ref/ecp_aether_p4 refs/remotes/sgass/prod/no-ref/ecp_aether_p4 [2ms]
2024-08-21 08:51:59.338 [info] > git config --local branch.sgass/prod/no-ref/ecp_aether_p4.vscode-merge-base [1ms]
2024-08-21 08:51:59.343 [info] > git for-each-ref --format=%(refname)%00%(upstream:short)%00%(objectname)%00%(upstream:track)%00%(upstream:remotename)%00%(upstream:remoteref) refs/heads/origin/ecp_aether_p4 refs/remotes/origin/ecp_aether_p4 [2ms]
2024-08-21 08:51:59.607 [info] > git rev-parse --show-toplevel [1ms]
2024-08-21 08:51:59.611 [info] > git rev-parse --git-dir --git-common-dir [1ms]
2024-08-21 08:51:59.613 [info] [Model][openRepository] Opened repository: /home/sgass/Projects/kepler/third_party/libhydrogen
2024-08-21 08:51:59.620 [info] > git rev-parse --show-toplevel [1ms]
2024-08-21 08:51:59.620 [info] > git config --get commit.template [4ms]
2024-08-21 08:51:59.626 [info] > git rev-parse --git-dir --git-common-dir [3ms]
2024-08-21 08:51:59.628 [info] [Model][openRepository] Opened repository: /home/sgass/Projects/kepler/third_party/magic_enum
2024-08-21 08:51:59.636 [info] > git config --get commit.template [4ms]
2024-08-21 08:51:59.636 [info] > git for-each-ref --format %(refname) %(objectname) %(*objectname) refs/tags [11ms]
2024-08-21 08:51:59.640 [info] > git rev-parse --show-toplevel [5ms]
2024-08-21 08:51:59.646 [info] > git status -z -uall [7ms]
2024-08-21 08:51:59.650 [info] > git rev-parse --git-dir --git-common-dir [5ms]
2024-08-21 08:51:59.652 [info] [Model][openRepository] Opened repository: /home/sgass/Projects/kepler/third_party/googletest
2024-08-21 08:51:59.653 [info] > git for-each-ref --format %(refname) %(objectname) %(*objectname) refs/tags [10ms]
2024-08-21 08:51:59.662 [info] > git status -z -uall [6ms]
2024-08-21 08:51:59.662 [info] > git config --get commit.template [12ms]
2024-08-21 08:51:59.663 [info] > git rev-parse --show-toplevel [2ms]
2024-08-21 08:51:59.663 [info] > git config --get commit.template [4ms]
2024-08-21 08:51:59.676 [info] > git rev-parse --show-toplevel [6ms]
2024-08-21 08:51:59.676 [info] > git for-each-ref --format %(refname) %(objectname) %(*objectname) refs/tags [8ms]
2024-08-21 08:51:59.682 [info] > git config --get commit.template [9ms]
2024-08-21 08:51:59.685 [info] > git status -z -uall [6ms]
2024-08-21 08:51:59.685 [info] > git for-each-ref --format %(refname) %(objectname) %(*objectname) refs/tags [9ms]
2024-08-21 08:51:59.700 [info] > git status -z -uall [12ms]
2024-08-21 08:51:59.701 [info] > git for-each-ref --format %(refname) %(objectname) %(*objectname) refs/tags [17ms]
2024-08-21 08:51:59.701 [info] > git rev-parse --git-dir --git-common-dir [19ms]
2024-08-21 08:51:59.703 [info] [Model][openRepository] Opened repository: /home/sgass/Projects/kepler/third_party/fast-cpp-csv-parser
2024-08-21 08:51:59.725 [info] > git rev-parse --show-toplevel [6ms]
2024-08-21 08:51:59.725 [info] > git config --get commit.template [9ms]
2024-08-21 08:51:59.725 [info] > git config --get commit.template [12ms]
2024-08-21 08:51:59.738 [info] > git status -z -uall [13ms]
2024-08-21 08:51:59.740 [info] > git for-each-ref --format %(refname) %(objectname) %(*objectname) refs/tags [3ms]
2024-08-21 08:51:59.740 [info] > git for-each-ref --format %(refname) %(objectname) %(*objectname) refs/tags [6ms]
2024-08-21 08:51:59.740 [info] > git rev-parse --git-dir --git-common-dir [10ms]
2024-08-21 08:51:59.743 [info] [Model][openRepository] Opened repository: /home/sgass/Projects/kepler/hdl/verilog-axis
2024-08-21 08:51:59.757 [info] > git status -z -uall [10ms]
2024-08-21 08:51:59.757 [info] > git status -z -uall [7ms]
2024-08-21 08:51:59.757 [info] > git rev-parse --show-toplevel [2ms]
2024-08-21 08:51:59.757 [info] > git config --get commit.template [5ms]
2024-08-21 08:51:59.769 [info] > git rev-parse --git-dir --git-common-dir [5ms]
2024-08-21 08:51:59.771 [info] [Model][openRepository] Opened repository: /home/sgass/Projects/kepler/hdl/verilog-ethernet
2024-08-21 08:51:59.777 [info] > git for-each-ref --format %(refname) %(objectname) %(*objectname) refs/tags [8ms]
2024-08-21 08:51:59.777 [info] > git config --get commit.template [10ms]
2024-08-21 08:51:59.783 [info] > git status -z -uall [3ms]
2024-08-21 08:51:59.783 [info] > git rev-parse --show-toplevel [6ms]
2024-08-21 08:51:59.783 [info] > git config --get commit.template [9ms]
2024-08-21 08:51:59.786 [info] > git for-each-ref --format %(refname) %(objectname) %(*objectname) refs/tags [4ms]
2024-08-21 08:51:59.792 [info] > git rev-parse --git-dir --git-common-dir [6ms]
2024-08-21 08:51:59.794 [info] [Model][openRepository] Opened repository: /home/sgass/Projects/kepler/third_party/vext.soapysdr
2024-08-21 08:51:59.803 [info] > git status -z -uall [5ms]
2024-08-21 08:51:59.803 [info] > git config --get commit.template [11ms]
2024-08-21 08:51:59.803 [info] > git for-each-ref --format %(refname) %(objectname) %(*objectname) refs/tags [14ms]
2024-08-21 08:51:59.807 [info] > git rev-parse --show-toplevel [4ms]
2024-08-21 08:51:59.807 [info] > git config --get commit.template [7ms]
2024-08-21 08:51:59.817 [info] > git status -z -uall [11ms]
2024-08-21 08:51:59.817 [info] > git rev-parse --git-dir --git-common-dir [3ms]
2024-08-21 08:51:59.819 [info] [Model][openRepository] Opened repository: /home/sgass/Projects/kepler/third_party/STM32CubeL1
2024-08-21 08:51:59.819 [info] > git for-each-ref --format %(refname) %(objectname) %(*objectname) refs/tags [7ms]
2024-08-21 08:51:59.830 [info] > git status -z -uall [7ms]
2024-08-21 08:51:59.830 [info] > git for-each-ref --format %(refname) %(objectname) %(*objectname) refs/tags [13ms]
2024-08-21 08:51:59.834 [info] > git config --get commit.template [4ms]
2024-08-21 08:51:59.834 [info] > git rev-parse --show-toplevel [6ms]
2024-08-21 08:51:59.834 [info] > git config --get commit.template [9ms]
2024-08-21 08:51:59.840 [info] > git status -z -uall [7ms]
2024-08-21 08:51:59.850 [info] > git rev-parse --git-dir --git-common-dir [13ms]
2024-08-21 08:51:59.852 [info] [Model][openRepository] Opened repository: /home/sgass/Projects/kepler/third_party/mender-convert
2024-08-21 08:51:59.855 [info] > git config --get commit.template [6ms]
2024-08-21 08:51:59.855 [info] > git for-each-ref --format %(refname) %(objectname) %(*objectname) refs/tags [8ms]
2024-08-21 08:51:59.855 [info] > git for-each-ref --format %(refname) %(objectname) %(*objectname) refs/tags [10ms]
2024-08-21 08:51:59.862 [info] > git config --get commit.template [7ms]
2024-08-21 08:51:59.870 [info] > git status -z -uall [11ms]
2024-08-21 08:51:59.871 [info] > git for-each-ref --format %(refname) %(objectname) %(*objectname) refs/tags [2ms]
2024-08-21 08:51:59.871 [info] > git for-each-ref --format %(refname) %(objectname) %(*objectname) refs/tags [5ms]
2024-08-21 08:51:59.878 [info] > git status -z -uall [3ms]
2024-08-21 08:51:59.881 [info] > git status -z -uall [3ms]
2024-08-21 08:51:59.886 [info] > git status -z -uall [24ms]
2024-08-21 08:51:59.890 [info] > git config --get commit.template [4ms]
2024-08-21 08:51:59.891 [info] > git config --get commit.template [1ms]
2024-08-21 08:51:59.897 [info] > git for-each-ref --format %(refname) %(objectname) %(*objectname) refs/tags [3ms]
2024-08-21 08:51:59.899 [info] > git for-each-ref --format %(refname) %(objectname) %(*objectname) refs/tags [3ms]
2024-08-21 08:51:59.902 [info] > git status -z -uall [3ms]
2024-08-21 08:51:59.919 [info] > git status -z -uall [18ms]
2024-08-21 08:52:00.406 [info] > git rev-parse --show-toplevel [0ms]
2024-08-21 08:52:00.409 [info] > git rev-parse --git-dir --git-common-dir [0ms]
2024-08-21 08:52:00.411 [info] [Model][openRepository] Opened repository: /home/sgass/Projects/kepler/third_party/mender-convert/tests/mender-image-tests
2024-08-21 08:52:00.416 [info] > git config --get commit.template [2ms]
2024-08-21 08:52:00.422 [info] > git for-each-ref --format %(refname) %(objectname) %(*objectname) refs/tags [3ms]
2024-08-21 08:52:00.425 [info] > git status -z -uall [1ms]
2024-08-21 08:52:00.433 [info] > git config --get commit.template [4ms]
2024-08-21 08:52:00.434 [info] > git for-each-ref --format %(refname) %(objectname) %(*objectname) refs/tags [1ms]
2024-08-21 08:52:00.437 [info] > git status -z -uall [1ms]
