2025-01-13 11:20:45.300 [info] Experiment 'pythonRecommendTensorboardExt' is active
2025-01-13 11:20:45.301 [info] Experiment 'pythonTerminalEnvVarActivation' is active
2025-01-13 11:20:45.301 [info] Experiment 'pythonTestAdapter' is active
2025-01-13 11:20:45.301 [info] Native locator: Refresh started
2025-01-13 11:20:45.301 [info] Default formatter is set to null for workspace /home/sgass/Projects/kepler
2025-01-13 11:20:45.306 [info] > pyenv which python
2025-01-13 11:20:45.306 [info] cwd: .
2025-01-13 11:20:45.375 [info] Python interpreter path: /usr/bin/python3
2025-01-13 11:20:45.375 [info] Editor support is inactive since language server is set to None.
2025-01-13 11:20:45.417 [info] Native locator: Refresh finished in 156 ms
2025-01-13 11:20:46.312 [warning] Shell integration may not be active, environment activated may be overridden by the shell.
2025-01-13 11:20:46.328 [info] > pixi --version
2025-01-13 11:20:46.330 [warning] could not find a pixi interpreter for the interpreter at /usr/bin/python3
2025-01-13 11:20:46.335 [warning] could not find a pixi interpreter for the interpreter at /usr/bin/python3
2025-01-13 11:35:34.892 [info] Discover tests for workspace name: kepler - uri: /home/sgass/Projects/kepler/python/kepler/kepler/fpga/devices/network_packet_generator_avmm.py
2025-01-13 11:38:30.830 [info] Discover tests for workspace name: kepler - uri: /home/sgass/Projects/kepler/python/kepler/kepler/fpga/devices/network_packet_generator_avmm.py
2025-01-13 11:57:02.998 [info] Discover tests for workspace name: kepler - uri: /home/sgass/Projects/kepler/python/kepler/kepler/fpga/devices/network_packet_generator_avmm.py
2025-01-13 11:57:35.032 [info] Discover tests for workspace name: kepler - uri: /home/sgass/Projects/kepler/python/kepler/kepler/fpga/devices/network_packet_generator_avmm.py
2025-01-13 12:58:13.246 [info] Discover tests for workspace name: kepler - uri: /home/sgass/Projects/kepler/python/kepler/kepler/fpga/devices/network_packet_generator_avmm.py
2025-01-13 12:58:15.173 [info] Discover tests for workspace name: kepler - uri: /home/sgass/Projects/kepler/python/kepler/kepler/fpga/devices/network_packet_generator_avmm.py
2025-01-13 13:20:32.398 [info] Discover tests for workspace name: kepler - uri: /home/sgass/Projects/kepler/python/kepler/kepler/fpga/devices/network_packet_generator_avmm.py
2025-01-13 13:20:47.525 [info] Discover tests for workspace name: kepler - uri: /home/sgass/Projects/kepler/python/kepler/kepler/fpga/devices/network_packet_generator_avmm.py
2025-01-13 13:25:25.201 [info] Discover tests for workspace name: kepler - uri: /home/sgass/Projects/kepler/python/kepler/kepler/fpga/devices/network_packet_generator_avmm.py
2025-01-13 13:28:23.799 [info] Discover tests for workspace name: kepler - uri: /home/sgass/Projects/kepler/python/kepler/kepler/fpga/devices/network_packet_generator_avmm.py
2025-01-13 13:31:17.857 [info] Discover tests for workspace name: kepler - uri: /home/sgass/Projects/kepler/python/kepler/kepler/fpga/devices/network_packet_generator_avmm.py
2025-01-13 13:32:00.940 [info] Discover tests for workspace name: kepler - uri: /home/sgass/Projects/kepler/python/kepler/kepler/fpga/devices/network_packet_generator_avmm.py
2025-01-13 13:49:57.475 [info] Discover tests for workspace name: kepler - uri: /home/sgass/Projects/kepler/python/kepler/kepler/fpga/devices/network_packet_generator_avmm.py
2025-01-13 13:50:27.333 [info] Discover tests for workspace name: kepler - uri: /home/sgass/Projects/kepler/python/kepler/kepler/fpga/devices/network_packet_generator_avmm.py
2025-01-13 13:53:47.292 [info] Discover tests for workspace name: kepler - uri: /home/sgass/Projects/kepler/python/kepler/kepler/fpga/devices/network_packet_generator_avmm.py
2025-01-13 13:54:13.624 [info] Discover tests for workspace name: kepler - uri: /home/sgass/Projects/kepler/python/kepler/kepler/fpga/devices/network_packet_generator_avmm.py
2025-01-13 13:55:36.312 [info] Discover tests for workspace name: kepler - uri: /home/sgass/Projects/kepler/python/kepler/kepler/fpga/devices/network_packet_generator_avmm.py
2025-01-13 13:55:58.876 [info] Discover tests for workspace name: kepler - uri: /home/sgass/Projects/kepler/python/kepler/kepler/fpga/devices/network_packet_generator_avmm.py
2025-01-13 13:56:37.784 [info] Discover tests for workspace name: kepler - uri: /home/sgass/Projects/kepler/python/kepler/kepler/fpga/devices/network_packet_generator_avmm.py
2025-01-13 13:57:18.133 [info] Discover tests for workspace name: kepler - uri: /home/sgass/Projects/kepler/python/kepler/kepler/fpga/devices/network_packet_generator_avmm.py
2025-01-14 14:14:06.799 [info] Discover tests for workspace name: kepler - uri: /home/sgass/Projects/kepler/python/kepler/kepler/fpga/devices/network_packet_generator_avmm.py
2025-01-14 14:55:01.772 [info] Discover tests for workspace name: kepler - uri: /home/sgass/Projects/kepler/python/kepler/kepler/fpga/devices/network_packet_generator_avmm.py
2025-01-14 14:56:40.073 [info] Discover tests for workspace name: kepler - uri: /home/sgass/Projects/kepler/python/kepler/kepler/fpga/devices/temp.py
2025-01-14 15:00:23.989 [info] Discover tests for workspace name: kepler - uri: /home/sgass/Projects/kepler/python/kepler/kepler/fpga/devices/temp.py
2025-01-14 15:01:32.780 [info] Discover tests for workspace name: kepler - uri: /home/sgass/Projects/kepler/python/kepler/kepler/fpga/devices/temp.py
2025-01-14 15:02:12.694 [info] Discover tests for workspace name: kepler - uri: /home/sgass/Projects/kepler/python/kepler/kepler/fpga/devices/temp.py
2025-01-14 15:02:22.973 [info] Discover tests for workspace name: kepler - uri: /home/sgass/Projects/kepler/python/kepler/kepler/fpga/devices/temp.py
2025-01-14 15:02:47.934 [info] Discover tests for workspace name: kepler - uri: /home/sgass/Projects/kepler/python/kepler/kepler/fpga/devices/network_packet_generator_avmm.py
2025-01-14 15:02:53.903 [info] Discover tests for workspace name: kepler - uri: /home/sgass/Projects/kepler/python/kepler/kepler/fpga/devices/temp.py
2025-01-14 15:03:12.851 [info] Discover tests for workspace name: kepler - uri: /home/sgass/Projects/kepler/python/kepler/kepler/fpga/devices/temp.py
2025-01-14 15:03:24.298 [info] Discover tests for workspace name: kepler - uri: /home/sgass/Projects/kepler/python/kepler/kepler/fpga/devices/network_packet_generator_avmm.py
2025-01-14 15:03:58.805 [info] Discover tests for workspace name: kepler - uri: /home/sgass/Projects/kepler/python/kepler/kepler/fpga/devices/temp.py
2025-01-14 15:06:06.485 [info] Discover tests for workspace name: kepler - uri: /home/sgass/Projects/kepler/python/kepler/kepler/fpga/devices/temp.py
2025-01-14 15:06:13.948 [info] Discover tests for workspace name: kepler - uri: /home/sgass/Projects/kepler/python/kepler/kepler/fpga/devices/temp.py
2025-01-14 15:06:57.944 [info] Discover tests for workspace name: kepler - uri: /home/sgass/Projects/kepler/python/kepler/kepler/fpga/devices/temp.py
2025-01-14 15:08:13.319 [info] Discover tests for workspace name: kepler - uri: /home/sgass/Projects/kepler/python/kepler/kepler/fpga/devices/temp.py
2025-01-14 15:11:11.010 [info] Discover tests for workspace name: kepler - uri: /home/sgass/Projects/kepler/python/kepler/kepler/fpga/devices/temp.py
2025-01-14 15:11:38.794 [info] Discover tests for workspace name: kepler - uri: /home/sgass/Projects/kepler/python/kepler/kepler/fpga/devices/temp.py
2025-01-14 15:11:45.413 [info] Discover tests for workspace name: kepler - uri: /home/sgass/Projects/kepler/python/kepler/kepler/fpga/devices/temp.py
2025-01-14 15:13:58.545 [info] Discover tests for workspace name: kepler - uri: /home/sgass/Projects/kepler/python/kepler/kepler/fpga/devices/temp.py
2025-01-14 15:15:47.629 [info] Discover tests for workspace name: kepler - uri: /home/sgass/Projects/kepler/python/kepler/kepler/fpga/devices/temp.py
2025-01-14 15:16:40.902 [info] Discover tests for workspace name: kepler - uri: /home/sgass/Projects/kepler/python/kepler/kepler/fpga/devices/temp.py
2025-01-14 15:16:57.366 [info] Discover tests for workspace name: kepler - uri: /home/sgass/Projects/kepler/python/kepler/kepler/fpga/devices/temp.py
2025-01-14 15:17:35.461 [info] Discover tests for workspace name: kepler - uri: /home/sgass/Projects/kepler/python/kepler/kepler/fpga/devices/temp.py
2025-01-14 15:18:11.895 [info] Discover tests for workspace name: kepler - uri: /home/sgass/Projects/kepler/python/kepler/kepler/fpga/devices/temp.py
2025-01-14 15:22:37.251 [info] Discover tests for workspace name: kepler - uri: /home/sgass/Projects/kepler/python/kepler/kepler/fpga/devices/temp.py
2025-01-14 15:24:40.842 [info] Discover tests for workspace name: kepler - uri: /home/sgass/Projects/kepler/python/kepler/kepler/fpga/devices/temp.py
2025-01-14 15:24:43.778 [info] Discover tests for workspace name: kepler - uri: /home/sgass/Projects/kepler/python/kepler/kepler/fpga/devices/temp.py
2025-01-14 15:25:01.302 [info] Discover tests for workspace name: kepler - uri: /home/sgass/Projects/kepler/python/kepler/kepler/fpga/devices/temp.py
2025-01-14 15:25:28.309 [info] Discover tests for workspace name: kepler - uri: /home/sgass/Projects/kepler/python/kepler/kepler/fpga/devices/temp.py
2025-01-14 15:25:39.129 [info] Discover tests for workspace name: kepler - uri: /home/sgass/Projects/kepler/python/kepler/kepler/fpga/devices/temp.py
2025-01-14 15:27:52.972 [info] Discover tests for workspace name: kepler - uri: /home/sgass/Projects/kepler/python/kepler/kepler/fpga/devices/temp.py
2025-01-14 15:28:02.125 [info] Discover tests for workspace name: kepler - uri: /home/sgass/Projects/kepler/python/kepler/kepler/fpga/devices/temp.py
2025-01-14 15:28:57.371 [info] Discover tests for workspace name: kepler - uri: /home/sgass/Projects/kepler/python/kepler/kepler/fpga/devices/temp.py
2025-01-14 15:33:30.860 [info] Discover tests for workspace name: kepler - uri: /home/sgass/Projects/kepler/python/kepler/kepler/fpga/devices/temp.py
2025-01-14 15:33:42.388 [info] Discover tests for workspace name: kepler - uri: /home/sgass/Projects/kepler/python/kepler/kepler/fpga/devices/temp.py
2025-01-14 15:34:16.028 [info] Discover tests for workspace name: kepler - uri: /home/sgass/Projects/kepler/python/kepler/kepler/fpga/devices/temp.py
2025-01-14 15:38:04.483 [info] Discover tests for workspace name: kepler - uri: /home/sgass/Projects/kepler/python/kepler/kepler/fpga/devices/temp.py
2025-01-14 15:38:34.732 [info] Discover tests for workspace name: kepler - uri: /home/sgass/Projects/kepler/python/kepler/kepler/fpga/devices/temp.py
2025-01-14 15:38:56.834 [info] Discover tests for workspace name: kepler - uri: /home/sgass/Projects/kepler/python/kepler/kepler/fpga/devices/temp.py
2025-01-14 15:54:36.836 [info] Discover tests for workspace name: kepler - uri: /home/sgass/Projects/kepler/python/kepler/kepler/fpga/devices/temp.py
2025-01-14 16:05:25.791 [info] Discover tests for workspace name: kepler - uri: /home/sgass/Projects/kepler/python/kepler/kepler/fpga/devices/network_packet_generator_avmm.py
2025-01-14 16:05:28.489 [info] Discover tests for workspace name: kepler - uri: /home/sgass/Projects/kepler/python/kepler/kepler/fpga/devices/temp.py
2025-01-14 16:12:21.005 [info] Discover tests for workspace name: kepler - uri: /home/sgass/Projects/kepler/python/kepler/kepler/fpga/devices/temp.py
2025-01-14 16:13:03.189 [info] Discover tests for workspace name: kepler - uri: /home/sgass/Projects/kepler/python/kepler/kepler/fpga/devices/temp.py
2025-01-14 16:13:15.656 [info] Discover tests for workspace name: kepler - uri: /home/sgass/Projects/kepler/python/kepler/kepler/fpga/devices/temp.py
2025-01-14 16:13:40.898 [info] Discover tests for workspace name: kepler - uri: /home/sgass/Projects/kepler/python/kepler/kepler/fpga/devices/temp.py
2025-01-14 16:14:03.205 [info] Discover tests for workspace name: kepler - uri: /home/sgass/Projects/kepler/python/kepler/kepler/fpga/devices/temp.py
2025-01-14 16:14:32.505 [info] Discover tests for workspace name: kepler - uri: /home/sgass/Projects/kepler/python/kepler/kepler/fpga/devices/temp.py
2025-01-14 16:14:59.600 [info] Discover tests for workspace name: kepler - uri: /home/sgass/Projects/kepler/python/kepler/kepler/fpga/devices/temp.py
2025-01-14 16:18:35.365 [info] Discover tests for workspace name: kepler - uri: /home/sgass/Projects/kepler/python/kepler/kepler/fpga/devices/temp.py
2025-01-14 16:18:50.236 [info] Discover tests for workspace name: kepler - uri: /home/sgass/Projects/kepler/python/kepler/kepler/fpga/devices/temp.py
2025-01-14 16:19:11.876 [info] Discover tests for workspace name: kepler - uri: /home/sgass/Projects/kepler/python/kepler/kepler/fpga/devices/temp.py
2025-01-14 16:19:30.824 [info] Discover tests for workspace name: kepler - uri: /home/sgass/Projects/kepler/python/kepler/kepler/fpga/devices/temp.py
2025-01-14 16:19:50.905 [info] Discover tests for workspace name: kepler - uri: /home/sgass/Projects/kepler/python/kepler/kepler/fpga/devices/temp.py
2025-01-14 16:20:56.608 [info] Discover tests for workspace name: kepler - uri: /home/sgass/Projects/kepler/python/kepler/kepler/fpga/devices/temp.py
2025-01-14 16:22:29.087 [info] Discover tests for workspace name: kepler - uri: /home/sgass/Projects/kepler/python/kepler/kepler/fpga/devices/temp.py
2025-01-14 16:26:53.982 [info] Discover tests for workspace name: kepler - uri: /home/sgass/Projects/kepler/python/kepler/kepler/fpga/devices/temp.py
2025-01-14 16:28:37.173 [info] Discover tests for workspace name: kepler - uri: /home/sgass/Projects/kepler/python/kepler/kepler/fpga/devices/temp.py
2025-01-14 16:29:01.267 [info] Discover tests for workspace name: kepler - uri: /home/sgass/Projects/kepler/python/kepler/kepler/fpga/devices/temp.py
2025-01-14 16:29:31.476 [info] Discover tests for workspace name: kepler - uri: /home/sgass/Projects/kepler/python/kepler/kepler/fpga/devices/temp.py
2025-01-14 16:30:45.941 [info] Discover tests for workspace name: kepler - uri: /home/sgass/Projects/kepler/python/kepler/kepler/fpga/devices/temp.py
2025-01-14 16:31:29.516 [info] Discover tests for workspace name: kepler - uri: /home/sgass/Projects/kepler/python/kepler/kepler/fpga/devices/temp.py
2025-01-14 16:36:31.284 [info] Discover tests for workspace name: kepler - uri: /home/sgass/Projects/kepler/python/kepler/kepler/fpga/devices/network_packet_generator_avmm.py
2025-01-14 16:42:45.123 [info] Discover tests for workspace name: kepler - uri: /home/sgass/Projects/kepler/python/kepler/kepler/fpga/devices/network_packet_generator_avmm.py
2025-01-14 16:45:00.016 [info] Discover tests for workspace name: kepler - uri: /home/sgass/Projects/kepler/python/kepler/kepler/fpga/devices/network_packet_generator_avmm.py
2025-01-15 09:52:05.233 [info] Discover tests for workspace name: kepler - uri: /home/sgass/Projects/kepler/python/kepler/kepler/fpga/devices/network_packet_generator_avmm.py
2025-01-15 09:52:08.069 [info] Discover tests for workspace name: kepler - uri: /home/sgass/Projects/kepler/python/kepler/kepler/fpga/devices/network_packet_generator_avmm.py
2025-01-15 09:52:19.434 [info] Discover tests for workspace name: kepler - uri: /home/sgass/Projects/kepler/python/kepler/kepler/fpga/devices/network_packet_generator_avmm.py
2025-01-15 09:52:51.816 [info] Discover tests for workspace name: kepler - uri: /home/sgass/Projects/kepler/python/kepler/kepler/fpga/devices/network_packet_generator_avmm.py
2025-01-15 09:53:32.786 [info] Discover tests for workspace name: kepler - uri: /home/sgass/Projects/kepler/python/kepler/kepler/fpga/devices/network_packet_generator_avmm.py
2025-01-15 09:53:50.802 [info] Discover tests for workspace name: kepler - uri: /home/sgass/Projects/kepler/python/kepler/kepler/fpga/devices/network_packet_generator_avmm.py
2025-01-15 09:53:53.986 [info] Discover tests for workspace name: kepler - uri: /home/sgass/Projects/kepler/python/kepler/kepler/fpga/devices/network_packet_generator_avmm.py
2025-01-15 09:55:32.116 [info] Discover tests for workspace name: kepler - uri: /home/sgass/Projects/kepler/python/kepler/kepler/fpga/devices/network_packet_generator_avmm.py
2025-01-15 09:56:07.853 [info] Discover tests for workspace name: kepler - uri: /home/sgass/Projects/kepler/python/kepler/kepler/fpga/devices/network_packet_generator_avmm.py
2025-01-15 09:57:30.663 [info] Discover tests for workspace name: kepler - uri: /home/sgass/Projects/kepler/python/kepler/kepler/fpga/devices/network_packet_generator_avmm.py
2025-01-15 09:58:06.889 [info] Discover tests for workspace name: kepler - uri: /home/sgass/Projects/kepler/python/kepler/kepler/fpga/devices/network_packet_generator_avmm.py
2025-01-15 09:58:37.767 [info] Discover tests for workspace name: kepler - uri: /home/sgass/Projects/kepler/python/kepler/kepler/fpga/devices/network_packet_generator_avmm.py
2025-01-15 10:00:16.097 [info] Discover tests for workspace name: kepler - uri: /home/sgass/Projects/kepler/python/kepler/kepler/fpga/devices/network_packet_generator_avmm.py
2025-01-15 10:00:41.254 [info] Discover tests for workspace name: kepler - uri: /home/sgass/Projects/kepler/python/kepler/kepler/fpga/devices/network_packet_generator_avmm.py
2025-01-15 10:01:56.895 [info] Discover tests for workspace name: kepler - uri: /home/sgass/Projects/kepler/python/kepler/kepler/fpga/devices/network_packet_generator_avmm.py
2025-01-15 10:02:33.533 [info] Discover tests for workspace name: kepler - uri: /home/sgass/Projects/kepler/python/kepler/kepler/fpga/devices/network_packet_generator_avmm.py
2025-01-15 10:02:50.314 [info] Discover tests for workspace name: kepler - uri: /home/sgass/Projects/kepler/python/kepler/kepler/fpga/devices/network_packet_generator_avmm.py
2025-01-15 10:02:55.344 [info] Discover tests for workspace name: kepler - uri: /home/sgass/Projects/kepler/python/kepler/kepler/fpga/devices/network_packet_generator_avmm.py
2025-01-15 10:03:05.167 [info] Discover tests for workspace name: kepler - uri: /home/sgass/Projects/kepler/python/kepler/kepler/fpga/devices/network_packet_generator_avmm.py
2025-01-16 11:21:08.664 [info] Discover tests for workspace name: kepler - uri: /home/sgass/Projects/kepler/python/kepler/tests/rtlsim/network_packet_generator/network_packet_generator_tb.py
2025-01-16 11:21:39.307 [info] Discover tests for workspace name: kepler - uri: /home/sgass/Projects/kepler/python/kepler/tests/rtlsim/network_packet_generator/network_packet_generator_tb.py
2025-01-16 15:38:31.809 [info] Discover tests for workspace name: kepler - uri: /home/sgass/Projects/kepler/python/kepler/tests/rtlsim/network_packet_generator/network_packet_generator_tb.py
2025-01-17 15:43:03.672 [info] Discover tests for workspace name: kepler - uri: /home/sgass/Projects/kepler/python/kepler/kepler/fpga/sdr_platform/sdr_factory_pcuecp.py
2025-01-17 15:43:13.126 [info] Discover tests for workspace name: kepler - uri: /home/sgass/Projects/kepler/python/kepler/kepler/fpga/sdr_platform/sdr_factory_pcuecp.py
2025-01-20 10:10:24.143 [info] Discover tests for workspace name: kepler - uri: /home/sgass/Projects/kepler/python/kepler/kepler/fpga/devices/network_packet_generator_avmm.py
2025-01-20 10:14:56.611 [info] Discover tests for workspace name: kepler - uri: /home/sgass/Projects/kepler/python/kepler/kepler/fpga/devices/temp.py
2025-01-20 10:15:16.994 [info] Discover tests for workspace name: kepler - uri: /home/sgass/Projects/kepler/python/kepler/kepler/fpga/devices/temp.py
2025-01-20 10:17:10.817 [info] Discover tests for workspace name: kepler - uri: /home/sgass/Projects/kepler/python/kepler/kepler/fpga/devices/temp.py
2025-01-20 10:17:23.191 [info] Discover tests for workspace name: kepler - uri: /home/sgass/Projects/kepler/python/kepler/kepler/fpga/devices/temp.py
2025-01-20 10:18:23.189 [info] Discover tests for workspace name: kepler - uri: /home/sgass/Projects/kepler/python/kepler/kepler/fpga/devices/temp.py
2025-01-20 10:18:30.929 [info] Discover tests for workspace name: kepler - uri: /home/sgass/Projects/kepler/python/kepler/kepler/fpga/devices/temp.py
2025-01-20 10:28:20.991 [info] Discover tests for workspace name: kepler - uri: /home/sgass/Projects/kepler/python/kepler/kepler/fpga/devices/temp.py
2025-01-20 10:28:31.969 [info] Discover tests for workspace name: kepler - uri: /home/sgass/Projects/kepler/python/kepler/kepler/fpga/devices/temp.py
2025-01-20 10:35:58.225 [info] Discover tests for workspace name: kepler - uri: /home/sgass/Projects/kepler/python/kepler/kepler/fpga/devices/temp.py
2025-01-20 10:36:00.081 [info] Discover tests for workspace name: kepler - uri: /home/sgass/Projects/kepler/python/kepler/kepler/fpga/devices/temp.py
2025-01-20 10:41:57.980 [info] Discover tests for workspace name: kepler - uri: /home/sgass/Projects/kepler/python/kepler/kepler/fpga/devices/network_packet_generator_avmm.py
2025-01-20 10:42:22.647 [info] Discover tests for workspace name: kepler - uri: /home/sgass/Projects/kepler/python/kepler/kepler/fpga/devices/temp.py
2025-01-20 10:42:23.010 [info] Discover tests for workspace name: kepler - uri: /home/sgass/Projects/kepler/python/kepler/kepler/fpga/devices/temp.py
2025-01-20 10:42:40.727 [info] Discover tests for workspace name: kepler - uri: /home/sgass/Projects/kepler/python/kepler/kepler/fpga/devices/temp.py
2025-01-20 10:43:03.097 [info] Discover tests for workspace name: kepler - uri: /home/sgass/Projects/kepler/python/kepler/kepler/fpga/devices/temp.py
2025-01-20 10:43:24.139 [info] Discover tests for workspace name: kepler - uri: /home/sgass/Projects/kepler/python/kepler/kepler/fpga/devices/temp.py
2025-01-20 10:56:10.312 [info] Discover tests for workspace name: kepler - uri: /home/sgass/Projects/kepler/python/kepler/kepler/fpga/devices/network_packet_generator_avmm.py
2025-01-20 10:58:38.605 [info] Discover tests for workspace name: kepler - uri: /home/sgass/Projects/kepler/python/kepler/kepler/fpga/devices/temp.py
2025-01-20 10:58:44.414 [info] Discover tests for workspace name: kepler - uri: /home/sgass/Projects/kepler/python/kepler/kepler/fpga/devices/temp.py
2025-01-20 10:59:36.334 [info] Discover tests for workspace name: kepler - uri: /home/sgass/Projects/kepler/python/kepler/kepler/fpga/devices/temp.py
2025-01-20 11:01:43.240 [info] Discover tests for workspace name: kepler - uri: /home/sgass/Projects/kepler/python/kepler/kepler/fpga/devices/temp.py
2025-01-20 11:01:50.886 [info] Discover tests for workspace name: kepler - uri: /home/sgass/Projects/kepler/python/kepler/kepler/fpga/devices/temp.py
2025-01-20 11:02:01.488 [info] Discover tests for workspace name: kepler - uri: /home/sgass/Projects/kepler/python/kepler/kepler/fpga/devices/temp.py
2025-01-20 11:02:30.224 [info] Discover tests for workspace name: kepler - uri: /home/sgass/Projects/kepler/python/kepler/kepler/fpga/devices/network_packet_generator_avmm.py
2025-01-20 11:03:13.874 [info] Discover tests for workspace name: kepler - uri: /home/sgass/Projects/kepler/python/kepler/kepler/fpga/devices/temp.py
2025-01-20 11:20:10.501 [info] Discover tests for workspace name: kepler - uri: /home/sgass/Projects/kepler/python/kepler/kepler/fpga/devices/temp.py
2025-01-20 11:21:22.227 [info] Discover tests for workspace name: kepler - uri: /home/sgass/Projects/kepler/python/kepler/kepler/fpga/devices/temp.py
2025-01-20 11:22:31.035 [info] Discover tests for workspace name: kepler - uri: /home/sgass/Projects/kepler/python/kepler/kepler/fpga/devices/temp.py
2025-01-20 11:22:52.676 [info] Discover tests for workspace name: kepler - uri: /home/sgass/Projects/kepler/python/kepler/kepler/fpga/devices/temp.py
2025-01-20 11:23:41.335 [info] Discover tests for workspace name: kepler - uri: /home/sgass/Projects/kepler/python/kepler/kepler/fpga/devices/network_packet_generator_avmm.py
2025-01-20 11:24:48.373 [info] Discover tests for workspace name: kepler - uri: /home/sgass/Projects/kepler/python/kepler/kepler/fpga/devices/network_packet_generator_avmm.py
2025-01-20 11:25:36.254 [info] Discover tests for workspace name: kepler - uri: /home/sgass/Projects/kepler/python/kepler/kepler/fpga/devices/network_packet_generator_avmm.py
2025-01-20 11:26:42.441 [info] Discover tests for workspace name: kepler - uri: /home/sgass/Projects/kepler/python/kepler/kepler/fpga/devices/network_packet_generator_avmm.py
2025-01-20 11:27:18.492 [info] Discover tests for workspace name: kepler - uri: /home/sgass/Projects/kepler/python/kepler/kepler/fpga/devices/network_packet_generator_avmm.py
2025-01-20 11:29:41.334 [info] Discover tests for workspace name: kepler - uri: /home/sgass/Projects/kepler/python/kepler/kepler/fpga/devices/network_packet_generator_avmm.py
2025-01-20 11:30:48.991 [info] Discover tests for workspace name: kepler - uri: /home/sgass/Projects/kepler/python/kepler/kepler/fpga/devices/network_packet_generator_avmm.py
2025-01-20 11:31:31.436 [info] Discover tests for workspace name: kepler - uri: /home/sgass/Projects/kepler/python/kepler/kepler/fpga/devices/network_packet_generator_avmm.py
2025-01-20 11:31:47.597 [info] Discover tests for workspace name: kepler - uri: /home/sgass/Projects/kepler/python/kepler/kepler/fpga/devices/network_packet_generator_avmm.py
2025-01-20 11:32:00.185 [info] Discover tests for workspace name: kepler - uri: /home/sgass/Projects/kepler/python/kepler/kepler/fpga/devices/network_packet_generator_avmm.py
2025-01-20 11:33:23.169 [info] Discover tests for workspace name: kepler - uri: /home/sgass/Projects/kepler/python/kepler/kepler/fpga/devices/network_packet_generator_avmm.py
2025-01-20 11:33:25.053 [info] Discover tests for workspace name: kepler - uri: /home/sgass/Projects/kepler/python/kepler/kepler/fpga/devices/network_packet_generator_avmm.py
2025-01-20 11:34:17.671 [info] Discover tests for workspace name: kepler - uri: /home/sgass/Projects/kepler/python/kepler/kepler/fpga/devices/network_packet_generator_avmm.py
