2024-08-11 15:10:33.666 [info] Experiment 'pythonCreateEnvOnPipInstall' is active
2024-08-11 15:10:33.666 [info] Experiment 'pythonRecommendTensorboardExt' is active
2024-08-11 15:10:33.666 [info] Experiment 'pythonSurveyNotificationcf' is active
2024-08-11 15:10:33.666 [info] Experiment 'pythonTerminalEnvVarActivation' is active
2024-08-11 15:10:33.666 [info] Experiment 'pythonTestAdapter' is active
2024-08-11 15:10:33.666 [error] Reading directory to watch failed [Error: ENOENT: no such file or directory, scandir '/home/sgass/Projects/kepler/.pixi/envs'
	at Object.readdirSync (node:fs:1509:26)
	at t.readdirSync (node:electron/js2c/node_init:2:11418)
	at /home/sgass/.vscode/extensions/ms-python.python-2024.12.2-linux-x64/out/client/extension.js:2:586747
	at /home/sgass/.vscode/extensions/ms-python.python-2024.12.2-linux-x64/out/client/extension.js:2:586938
	at Array.map (<anonymous>)
	at d.initWatchers (/home/sgass/.vscode/extensions/ms-python.python-2024.12.2-linux-x64/out/client/extension.js:2:586656)
	at async d.ensureWatchersReady (/home/sgass/.vscode/extensions/ms-python.python-2024.12.2-linux-x64/out/client/extension.js:2:543067)] {
  errno: -2,
  code: 'ENOENT',
  syscall: 'scandir',
  path: '/home/sgass/Projects/kepler/.pixi/envs'
}
2024-08-11 15:10:33.666 [error] Dir "/home/sgass/Projects/kepler/.pixi/envs" is not watchable (directory does not exist)
2024-08-11 15:10:33.666 [info] Default formatter is set to null for workspace /home/sgass/Projects/kepler
2024-08-11 15:10:33.666 [info] Python interpreter path: /bin/python3
2024-08-11 15:10:33.689 [info] > pyenv which python
2024-08-11 15:10:33.689 [info] cwd: .
2024-08-11 15:10:34.058 [info] Starting Jedi language server for kepler.
2024-08-11 15:10:34.703 [warning] Shell integration may not be active, environment activated may be overridden by the shell.
2024-08-11 15:10:34.712 [info] > pixi --version
2024-08-11 15:10:34.713 [error] [Error: spawn pixi ENOENT
	at ChildProcess._handle.onexit (node:internal/child_process:286:19)
	at onErrorNT (node:internal/child_process:484:16)
	at process.processTicksAndRejections (node:internal/process/task_queues:82:21)] {
  errno: -2,
  code: 'ENOENT',
  syscall: 'spawn pixi',
  path: 'pixi',
  spawnargs: [ '--version' ]
}
2024-08-11 15:10:34.713 [warning] could not find a pixi interpreter for the interpreter at /bin/python3
2024-08-11 15:10:34.718 [warning] could not find a pixi interpreter for the interpreter at /bin/python3
2024-08-11 15:10:48.663 [info] Discover tests for workspace name: kepler - uri: /home/sgass/Projects/kepler/python/kepler/tests/rtlsim/p4_router/p4_router_ingress_tb.py
2024-08-11 16:16:07.587 [info] Discover tests for workspace name: kepler - uri: /home/sgass/Projects/kepler/python/kepler/tests/rtlsim/p4_router/p4_router_top_tb.py
2024-08-11 18:50:06.498 [info] Discover tests for workspace name: kepler - uri: /home/sgass/Projects/kepler/python/kepler/tests/rtlsim/p4_router/p4_router_top_tb.py
2024-08-11 18:50:40.502 [info] Discover tests for workspace name: kepler - uri: /home/sgass/Projects/kepler/python/kepler/tests/rtlsim/p4_router/p4_router_top_tb.py
2024-08-11 18:54:02.942 [info] Discover tests for workspace name: kepler - uri: /home/sgass/Projects/kepler/python/kepler/tests/rtlsim/p4_router/p4_router_top_tb.py
2024-08-11 18:58:55.069 [info] Discover tests for workspace name: kepler - uri: /home/sgass/Projects/kepler/python/kepler/tests/rtlsim/p4_router/p4_router_top_tb.py
