2024-08-13 21:48:39.451 [info] Started local extension host with pid 1179518.
2024-08-13 21:48:58.296 [info] [perf] Render performance baseline is 12ms
2024-08-13 21:49:05.386 [error] n is not iterable: TypeError: n is not iterable
	at K_.provideHover (/home/sgass/.vscode/extensions/mshr-h.veriloghdl-1.14.3/dist/main.js:588:7681)
	at async A.provideHover (/usr/share/code/resources/app/out/vs/workbench/api/node/extensionHostProcess.js:154:103673)
2024-08-13 21:49:07.592 [error] n is not iterable: TypeError: n is not iterable
	at K_.provideHover (/home/sgass/.vscode/extensions/mshr-h.veriloghdl-1.14.3/dist/main.js:588:7681)
	at async A.provideHover (/usr/share/code/resources/app/out/vs/workbench/api/node/extensionHostProcess.js:154:103673)
2024-08-13 21:50:46.496 [error] n is not iterable: TypeError: n is not iterable
	at K_.provideHover (/home/sgass/.vscode/extensions/mshr-h.veriloghdl-1.14.3/dist/main.js:588:7681)
	at async A.provideHover (/usr/share/code/resources/app/out/vs/workbench/api/node/extensionHostProcess.js:154:103673)
2024-08-13 21:51:03.911 [error] n is not iterable: TypeError: n is not iterable
	at K_.provideHover (/home/sgass/.vscode/extensions/mshr-h.veriloghdl-1.14.3/dist/main.js:588:7681)
	at async A.provideHover (/usr/share/code/resources/app/out/vs/workbench/api/node/extensionHostProcess.js:154:103673)
2024-08-13 21:53:43.014 [error] n is not iterable: TypeError: n is not iterable
	at K_.provideHover (/home/sgass/.vscode/extensions/mshr-h.veriloghdl-1.14.3/dist/main.js:588:7681)
	at async A.provideHover (/usr/share/code/resources/app/out/vs/workbench/api/node/extensionHostProcess.js:154:103673)
2024-08-13 21:54:33.198 [error] n is not iterable: TypeError: n is not iterable
	at K_.provideHover (/home/sgass/.vscode/extensions/mshr-h.veriloghdl-1.14.3/dist/main.js:588:7681)
	at async A.provideHover (/usr/share/code/resources/app/out/vs/workbench/api/node/extensionHostProcess.js:154:103673)
2024-08-13 21:55:32.057 [error] n is not iterable: TypeError: n is not iterable
	at K_.provideHover (/home/sgass/.vscode/extensions/mshr-h.veriloghdl-1.14.3/dist/main.js:588:7681)
	at async A.provideHover (/usr/share/code/resources/app/out/vs/workbench/api/node/extensionHostProcess.js:154:103673)
2024-08-14 08:58:45.723 [error] n is not iterable: TypeError: n is not iterable
	at K_.provideHover (/home/sgass/.vscode/extensions/mshr-h.veriloghdl-1.14.3/dist/main.js:588:7681)
	at async A.provideHover (/usr/share/code/resources/app/out/vs/workbench/api/node/extensionHostProcess.js:154:103673)
2024-08-14 11:42:12.783 [error] n is not iterable: TypeError: n is not iterable
	at K_.provideHover (/home/sgass/.vscode/extensions/mshr-h.veriloghdl-1.14.3/dist/main.js:588:7681)
	at async A.provideHover (/usr/share/code/resources/app/out/vs/workbench/api/node/extensionHostProcess.js:154:103673)
2024-08-14 11:42:30.723 [info] Started local extension host with pid 1308246.
2024-08-14 11:42:33.600 [info] [perf] Render performance baseline is 22ms
2024-08-14 11:44:16.281 [error] n is not iterable: TypeError: n is not iterable
	at K_.provideHover (/home/sgass/.vscode/extensions/mshr-h.veriloghdl-1.14.3/dist/main.js:588:7681)
	at async A.provideHover (/usr/share/code/resources/app/out/vs/workbench/api/node/extensionHostProcess.js:154:103673)
2024-08-14 11:47:30.951 [error] n is not iterable: TypeError: n is not iterable
	at K_.provideHover (/home/sgass/.vscode/extensions/mshr-h.veriloghdl-1.14.3/dist/main.js:588:7681)
	at async A.provideHover (/usr/share/code/resources/app/out/vs/workbench/api/node/extensionHostProcess.js:154:103673)
2024-08-14 11:49:16.526 [error] n is not iterable: TypeError: n is not iterable
	at K_.provideHover (/home/sgass/.vscode/extensions/mshr-h.veriloghdl-1.14.3/dist/main.js:588:7681)
	at async A.provideHover (/usr/share/code/resources/app/out/vs/workbench/api/node/extensionHostProcess.js:154:103673)
2024-08-14 11:51:34.754 [error] n is not iterable: TypeError: n is not iterable
	at K_.provideHover (/home/sgass/.vscode/extensions/mshr-h.veriloghdl-1.14.3/dist/main.js:588:7681)
	at async A.provideHover (/usr/share/code/resources/app/out/vs/workbench/api/node/extensionHostProcess.js:154:103673)
2024-08-14 11:51:36.757 [error] n is not iterable: TypeError: n is not iterable
	at K_.provideHover (/home/sgass/.vscode/extensions/mshr-h.veriloghdl-1.14.3/dist/main.js:588:7681)
	at async A.provideHover (/usr/share/code/resources/app/out/vs/workbench/api/node/extensionHostProcess.js:154:103673)
2024-08-14 11:51:51.776 [error] n is not iterable: TypeError: n is not iterable
	at K_.provideHover (/home/sgass/.vscode/extensions/mshr-h.veriloghdl-1.14.3/dist/main.js:588:7681)
	at async A.provideHover (/usr/share/code/resources/app/out/vs/workbench/api/node/extensionHostProcess.js:154:103673)
2024-08-14 11:53:38.841 [error] n is not iterable: TypeError: n is not iterable
	at K_.provideHover (/home/sgass/.vscode/extensions/mshr-h.veriloghdl-1.14.3/dist/main.js:588:7681)
	at async A.provideHover (/usr/share/code/resources/app/out/vs/workbench/api/node/extensionHostProcess.js:154:103673)
2024-08-14 11:56:59.700 [error] n is not iterable: TypeError: n is not iterable
	at K_.provideHover (/home/sgass/.vscode/extensions/mshr-h.veriloghdl-1.14.3/dist/main.js:588:7681)
	at async A.provideHover (/usr/share/code/resources/app/out/vs/workbench/api/node/extensionHostProcess.js:154:103673)
2024-08-14 11:57:14.075 [error] n is not iterable: TypeError: n is not iterable
	at K_.provideHover (/home/sgass/.vscode/extensions/mshr-h.veriloghdl-1.14.3/dist/main.js:588:7681)
	at async A.provideHover (/usr/share/code/resources/app/out/vs/workbench/api/node/extensionHostProcess.js:154:103673)
2024-08-14 11:57:15.676 [error] n is not iterable: TypeError: n is not iterable
	at K_.provideHover (/home/sgass/.vscode/extensions/mshr-h.veriloghdl-1.14.3/dist/main.js:588:7681)
	at async A.provideHover (/usr/share/code/resources/app/out/vs/workbench/api/node/extensionHostProcess.js:154:103673)
2024-08-14 12:49:30.062 [error] Illegal argument: character must be non-negative: Error: Illegal argument: character must be non-negative
	at P (/usr/share/code/resources/app/out/vs/workbench/api/node/extensionHostProcess.js:10:1144)
	at m (/usr/share/code/resources/app/out/vs/workbench/api/node/extensionHostProcess.js:152:5071)
	at new $ (/usr/share/code/resources/app/out/vs/workbench/api/node/extensionHostProcess.js:152:6613)
	at qf.findSymbol (/home/sgass/.vscode/extensions/mshr-h.veriloghdl-1.14.3/dist/main.js:65:73451)
	at K_.provideHover (/home/sgass/.vscode/extensions/mshr-h.veriloghdl-1.14.3/dist/main.js:588:7652)
	at A.provideHover (/usr/share/code/resources/app/out/vs/workbench/api/node/extensionHostProcess.js:154:103686)
	at /usr/share/code/resources/app/out/vs/workbench/api/node/extensionHostProcess.js:154:135645
	at De.s (/usr/share/code/resources/app/out/vs/workbench/api/node/extensionHostProcess.js:154:133052)
	at De.$provideHover (/usr/share/code/resources/app/out/vs/workbench/api/node/extensionHostProcess.js:154:135632)
	at E.S (/usr/share/code/resources/app/out/vs/workbench/api/node/extensionHostProcess.js:151:5980)
	at E.Q (/usr/share/code/resources/app/out/vs/workbench/api/node/extensionHostProcess.js:151:5746)
	at E.M (/usr/share/code/resources/app/out/vs/workbench/api/node/extensionHostProcess.js:151:4739)
	at E.L (/usr/share/code/resources/app/out/vs/workbench/api/node/extensionHostProcess.js:151:3605)
	at i.value (/usr/share/code/resources/app/out/vs/workbench/api/node/extensionHostProcess.js:151:2297)
	at n.B (/usr/share/code/resources/app/out/vs/workbench/api/node/extensionHostProcess.js:83:737)
	at n.fire (/usr/share/code/resources/app/out/vs/workbench/api/node/extensionHostProcess.js:83:954)
	at s.fire (/usr/share/code/resources/app/out/vs/workbench/api/node/extensionHostProcess.js:97:14453)
	at i.value (/usr/share/code/resources/app/out/vs/workbench/api/node/extensionHostProcess.js:177:8655)
	at n.B (/usr/share/code/resources/app/out/vs/workbench/api/node/extensionHostProcess.js:83:737)
	at n.fire (/usr/share/code/resources/app/out/vs/workbench/api/node/extensionHostProcess.js:83:954)
	at s.fire (/usr/share/code/resources/app/out/vs/workbench/api/node/extensionHostProcess.js:97:14453)
	at MessagePortMain.<anonymous> (/usr/share/code/resources/app/out/vs/workbench/api/node/extensionHostProcess.js:177:6781)
	at MessagePortMain.emit (node:events:519:28)
	at MessagePortMain._internalPort.emit (node:electron/js2c/utility_init:2:2285)
2024-08-14 12:51:05.768 [error] n is not iterable: TypeError: n is not iterable
	at K_.provideHover (/home/sgass/.vscode/extensions/mshr-h.veriloghdl-1.14.3/dist/main.js:588:7681)
	at async A.provideHover (/usr/share/code/resources/app/out/vs/workbench/api/node/extensionHostProcess.js:154:103673)
2024-08-14 12:51:20.116 [error] n is not iterable: TypeError: n is not iterable
	at K_.provideHover (/home/sgass/.vscode/extensions/mshr-h.veriloghdl-1.14.3/dist/main.js:588:7681)
	at async A.provideHover (/usr/share/code/resources/app/out/vs/workbench/api/node/extensionHostProcess.js:154:103673)
2024-08-14 12:54:14.990 [error] n is not iterable: TypeError: n is not iterable
	at K_.provideHover (/home/sgass/.vscode/extensions/mshr-h.veriloghdl-1.14.3/dist/main.js:588:7681)
	at async A.provideHover (/usr/share/code/resources/app/out/vs/workbench/api/node/extensionHostProcess.js:154:103673)
2024-08-14 12:54:19.902 [error] n is not iterable: TypeError: n is not iterable
	at K_.provideHover (/home/sgass/.vscode/extensions/mshr-h.veriloghdl-1.14.3/dist/main.js:588:7681)
	at async A.provideHover (/usr/share/code/resources/app/out/vs/workbench/api/node/extensionHostProcess.js:154:103673)
2024-08-14 12:56:17.754 [error] n is not iterable: TypeError: n is not iterable
	at K_.provideHover (/home/sgass/.vscode/extensions/mshr-h.veriloghdl-1.14.3/dist/main.js:588:7681)
	at async A.provideHover (/usr/share/code/resources/app/out/vs/workbench/api/node/extensionHostProcess.js:154:103673)
2024-08-14 13:02:26.385 [error] n is not iterable: TypeError: n is not iterable
	at K_.provideHover (/home/sgass/.vscode/extensions/mshr-h.veriloghdl-1.14.3/dist/main.js:588:7681)
	at async A.provideHover (/usr/share/code/resources/app/out/vs/workbench/api/node/extensionHostProcess.js:154:103673)
2024-08-14 13:02:31.529 [error] n is not iterable: TypeError: n is not iterable
	at K_.provideHover (/home/sgass/.vscode/extensions/mshr-h.veriloghdl-1.14.3/dist/main.js:588:7681)
	at async A.provideHover (/usr/share/code/resources/app/out/vs/workbench/api/node/extensionHostProcess.js:154:103673)
2024-08-14 13:02:43.765 [error] n is not iterable: TypeError: n is not iterable
	at K_.provideHover (/home/sgass/.vscode/extensions/mshr-h.veriloghdl-1.14.3/dist/main.js:588:7681)
	at async A.provideHover (/usr/share/code/resources/app/out/vs/workbench/api/node/extensionHostProcess.js:154:103673)
2024-08-14 13:03:08.812 [error] n is not iterable: TypeError: n is not iterable
	at K_.provideHover (/home/sgass/.vscode/extensions/mshr-h.veriloghdl-1.14.3/dist/main.js:588:7681)
	at async A.provideHover (/usr/share/code/resources/app/out/vs/workbench/api/node/extensionHostProcess.js:154:103673)
2024-08-14 13:04:02.030 [error] n is not iterable: TypeError: n is not iterable
	at K_.provideHover (/home/sgass/.vscode/extensions/mshr-h.veriloghdl-1.14.3/dist/main.js:588:7681)
	at async A.provideHover (/usr/share/code/resources/app/out/vs/workbench/api/node/extensionHostProcess.js:154:103673)
2024-08-14 13:04:04.096 [error] n is not iterable: TypeError: n is not iterable
	at K_.provideHover (/home/sgass/.vscode/extensions/mshr-h.veriloghdl-1.14.3/dist/main.js:588:7681)
	at async A.provideHover (/usr/share/code/resources/app/out/vs/workbench/api/node/extensionHostProcess.js:154:103673)
2024-08-14 13:04:16.500 [error] n is not iterable: TypeError: n is not iterable
	at K_.provideHover (/home/sgass/.vscode/extensions/mshr-h.veriloghdl-1.14.3/dist/main.js:588:7681)
	at async A.provideHover (/usr/share/code/resources/app/out/vs/workbench/api/node/extensionHostProcess.js:154:103673)
2024-08-14 13:04:17.583 [error] n is not iterable: TypeError: n is not iterable
	at K_.provideHover (/home/sgass/.vscode/extensions/mshr-h.veriloghdl-1.14.3/dist/main.js:588:7681)
	at async A.provideHover (/usr/share/code/resources/app/out/vs/workbench/api/node/extensionHostProcess.js:154:103673)
2024-08-14 13:05:27.519 [error] n is not iterable: TypeError: n is not iterable
	at K_.provideHover (/home/sgass/.vscode/extensions/mshr-h.veriloghdl-1.14.3/dist/main.js:588:7681)
	at async A.provideHover (/usr/share/code/resources/app/out/vs/workbench/api/node/extensionHostProcess.js:154:103673)
2024-08-14 13:05:31.330 [error] n is not iterable: TypeError: n is not iterable
	at K_.provideHover (/home/sgass/.vscode/extensions/mshr-h.veriloghdl-1.14.3/dist/main.js:588:7681)
	at async A.provideHover (/usr/share/code/resources/app/out/vs/workbench/api/node/extensionHostProcess.js:154:103673)
2024-08-14 13:05:35.163 [error] n is not iterable: TypeError: n is not iterable
	at K_.provideHover (/home/sgass/.vscode/extensions/mshr-h.veriloghdl-1.14.3/dist/main.js:588:7681)
	at async A.provideHover (/usr/share/code/resources/app/out/vs/workbench/api/node/extensionHostProcess.js:154:103673)
2024-08-14 13:05:45.605 [error] n is not iterable: TypeError: n is not iterable
	at K_.provideHover (/home/sgass/.vscode/extensions/mshr-h.veriloghdl-1.14.3/dist/main.js:588:7681)
	at async A.provideHover (/usr/share/code/resources/app/out/vs/workbench/api/node/extensionHostProcess.js:154:103673)
2024-08-14 13:09:05.286 [error] n is not iterable: TypeError: n is not iterable
	at K_.provideHover (/home/sgass/.vscode/extensions/mshr-h.veriloghdl-1.14.3/dist/main.js:588:7681)
	at async A.provideHover (/usr/share/code/resources/app/out/vs/workbench/api/node/extensionHostProcess.js:154:103673)
2024-08-14 13:09:06.990 [error] n is not iterable: TypeError: n is not iterable
	at K_.provideHover (/home/sgass/.vscode/extensions/mshr-h.veriloghdl-1.14.3/dist/main.js:588:7681)
	at async A.provideHover (/usr/share/code/resources/app/out/vs/workbench/api/node/extensionHostProcess.js:154:103673)
2024-08-14 13:09:53.536 [error] n is not iterable: TypeError: n is not iterable
	at K_.provideHover (/home/sgass/.vscode/extensions/mshr-h.veriloghdl-1.14.3/dist/main.js:588:7681)
	at async A.provideHover (/usr/share/code/resources/app/out/vs/workbench/api/node/extensionHostProcess.js:154:103673)
2024-08-14 13:09:59.306 [error] n is not iterable: TypeError: n is not iterable
	at K_.provideHover (/home/sgass/.vscode/extensions/mshr-h.veriloghdl-1.14.3/dist/main.js:588:7681)
	at async A.provideHover (/usr/share/code/resources/app/out/vs/workbench/api/node/extensionHostProcess.js:154:103673)
2024-08-14 13:11:58.153 [error] n is not iterable: TypeError: n is not iterable
	at K_.provideHover (/home/sgass/.vscode/extensions/mshr-h.veriloghdl-1.14.3/dist/main.js:588:7681)
	at async A.provideHover (/usr/share/code/resources/app/out/vs/workbench/api/node/extensionHostProcess.js:154:103673)
2024-08-14 13:12:25.353 [error] n is not iterable: TypeError: n is not iterable
	at K_.provideHover (/home/sgass/.vscode/extensions/mshr-h.veriloghdl-1.14.3/dist/main.js:588:7681)
	at async A.provideHover (/usr/share/code/resources/app/out/vs/workbench/api/node/extensionHostProcess.js:154:103673)
2024-08-14 13:12:29.235 [error] n is not iterable: TypeError: n is not iterable
	at K_.provideHover (/home/sgass/.vscode/extensions/mshr-h.veriloghdl-1.14.3/dist/main.js:588:7681)
	at async A.provideHover (/usr/share/code/resources/app/out/vs/workbench/api/node/extensionHostProcess.js:154:103673)
2024-08-14 13:12:31.202 [error] n is not iterable: TypeError: n is not iterable
	at K_.provideHover (/home/sgass/.vscode/extensions/mshr-h.veriloghdl-1.14.3/dist/main.js:588:7681)
	at async A.provideHover (/usr/share/code/resources/app/out/vs/workbench/api/node/extensionHostProcess.js:154:103673)
2024-08-14 13:13:10.148 [error] n is not iterable: TypeError: n is not iterable
	at K_.provideHover (/home/sgass/.vscode/extensions/mshr-h.veriloghdl-1.14.3/dist/main.js:588:7681)
	at async A.provideHover (/usr/share/code/resources/app/out/vs/workbench/api/node/extensionHostProcess.js:154:103673)
2024-08-14 13:13:57.343 [error] n is not iterable: TypeError: n is not iterable
	at K_.provideHover (/home/sgass/.vscode/extensions/mshr-h.veriloghdl-1.14.3/dist/main.js:588:7681)
	at async A.provideHover (/usr/share/code/resources/app/out/vs/workbench/api/node/extensionHostProcess.js:154:103673)
2024-08-14 13:14:55.987 [error] n is not iterable: TypeError: n is not iterable
	at K_.provideHover (/home/sgass/.vscode/extensions/mshr-h.veriloghdl-1.14.3/dist/main.js:588:7681)
	at async A.provideHover (/usr/share/code/resources/app/out/vs/workbench/api/node/extensionHostProcess.js:154:103673)
2024-08-14 13:14:57.685 [error] n is not iterable: TypeError: n is not iterable
	at K_.provideHover (/home/sgass/.vscode/extensions/mshr-h.veriloghdl-1.14.3/dist/main.js:588:7681)
	at async A.provideHover (/usr/share/code/resources/app/out/vs/workbench/api/node/extensionHostProcess.js:154:103673)
2024-08-14 13:15:05.592 [error] n is not iterable: TypeError: n is not iterable
	at K_.provideHover (/home/sgass/.vscode/extensions/mshr-h.veriloghdl-1.14.3/dist/main.js:588:7681)
	at async A.provideHover (/usr/share/code/resources/app/out/vs/workbench/api/node/extensionHostProcess.js:154:103673)
2024-08-14 13:15:35.194 [error] n is not iterable: TypeError: n is not iterable
	at K_.provideHover (/home/sgass/.vscode/extensions/mshr-h.veriloghdl-1.14.3/dist/main.js:588:7681)
	at async A.provideHover (/usr/share/code/resources/app/out/vs/workbench/api/node/extensionHostProcess.js:154:103673)
2024-08-14 13:15:41.338 [error] n is not iterable: TypeError: n is not iterable
	at K_.provideHover (/home/sgass/.vscode/extensions/mshr-h.veriloghdl-1.14.3/dist/main.js:588:7681)
	at async A.provideHover (/usr/share/code/resources/app/out/vs/workbench/api/node/extensionHostProcess.js:154:103673)
2024-08-14 13:15:51.264 [error] n is not iterable: TypeError: n is not iterable
	at K_.provideHover (/home/sgass/.vscode/extensions/mshr-h.veriloghdl-1.14.3/dist/main.js:588:7681)
	at async A.provideHover (/usr/share/code/resources/app/out/vs/workbench/api/node/extensionHostProcess.js:154:103673)
2024-08-14 13:16:11.939 [error] n is not iterable: TypeError: n is not iterable
	at K_.provideHover (/home/sgass/.vscode/extensions/mshr-h.veriloghdl-1.14.3/dist/main.js:588:7681)
	at async A.provideHover (/usr/share/code/resources/app/out/vs/workbench/api/node/extensionHostProcess.js:154:103673)
2024-08-14 13:16:36.566 [error] n is not iterable: TypeError: n is not iterable
	at K_.provideHover (/home/sgass/.vscode/extensions/mshr-h.veriloghdl-1.14.3/dist/main.js:588:7681)
	at async A.provideHover (/usr/share/code/resources/app/out/vs/workbench/api/node/extensionHostProcess.js:154:103673)
2024-08-14 13:17:33.516 [error] n is not iterable: TypeError: n is not iterable
	at K_.provideHover (/home/sgass/.vscode/extensions/mshr-h.veriloghdl-1.14.3/dist/main.js:588:7681)
	at async A.provideHover (/usr/share/code/resources/app/out/vs/workbench/api/node/extensionHostProcess.js:154:103673)
2024-08-14 13:18:06.957 [error] n is not iterable: TypeError: n is not iterable
	at K_.provideHover (/home/sgass/.vscode/extensions/mshr-h.veriloghdl-1.14.3/dist/main.js:588:7681)
	at async A.provideHover (/usr/share/code/resources/app/out/vs/workbench/api/node/extensionHostProcess.js:154:103673)
2024-08-14 13:18:08.108 [error] n is not iterable: TypeError: n is not iterable
	at K_.provideHover (/home/sgass/.vscode/extensions/mshr-h.veriloghdl-1.14.3/dist/main.js:588:7681)
	at async A.provideHover (/usr/share/code/resources/app/out/vs/workbench/api/node/extensionHostProcess.js:154:103673)
2024-08-14 13:18:29.705 [error] n is not iterable: TypeError: n is not iterable
	at K_.provideHover (/home/sgass/.vscode/extensions/mshr-h.veriloghdl-1.14.3/dist/main.js:588:7681)
	at async A.provideHover (/usr/share/code/resources/app/out/vs/workbench/api/node/extensionHostProcess.js:154:103673)
2024-08-14 13:19:08.514 [error] n is not iterable: TypeError: n is not iterable
	at K_.provideHover (/home/sgass/.vscode/extensions/mshr-h.veriloghdl-1.14.3/dist/main.js:588:7681)
	at async A.provideHover (/usr/share/code/resources/app/out/vs/workbench/api/node/extensionHostProcess.js:154:103673)
2024-08-14 13:19:09.846 [error] n is not iterable: TypeError: n is not iterable
	at K_.provideHover (/home/sgass/.vscode/extensions/mshr-h.veriloghdl-1.14.3/dist/main.js:588:7681)
	at async A.provideHover (/usr/share/code/resources/app/out/vs/workbench/api/node/extensionHostProcess.js:154:103673)
2024-08-14 13:19:21.047 [error] n is not iterable: TypeError: n is not iterable
	at K_.provideHover (/home/sgass/.vscode/extensions/mshr-h.veriloghdl-1.14.3/dist/main.js:588:7681)
	at async A.provideHover (/usr/share/code/resources/app/out/vs/workbench/api/node/extensionHostProcess.js:154:103673)
2024-08-14 13:20:12.645 [error] n is not iterable: TypeError: n is not iterable
	at K_.provideHover (/home/sgass/.vscode/extensions/mshr-h.veriloghdl-1.14.3/dist/main.js:588:7681)
	at async A.provideHover (/usr/share/code/resources/app/out/vs/workbench/api/node/extensionHostProcess.js:154:103673)
2024-08-14 13:20:18.251 [error] n is not iterable: TypeError: n is not iterable
	at K_.provideHover (/home/sgass/.vscode/extensions/mshr-h.veriloghdl-1.14.3/dist/main.js:588:7681)
	at async A.provideHover (/usr/share/code/resources/app/out/vs/workbench/api/node/extensionHostProcess.js:154:103673)
2024-08-14 13:20:30.298 [error] n is not iterable: TypeError: n is not iterable
	at K_.provideHover (/home/sgass/.vscode/extensions/mshr-h.veriloghdl-1.14.3/dist/main.js:588:7681)
	at async A.provideHover (/usr/share/code/resources/app/out/vs/workbench/api/node/extensionHostProcess.js:154:103673)
2024-08-14 13:20:34.500 [error] n is not iterable: TypeError: n is not iterable
	at K_.provideHover (/home/sgass/.vscode/extensions/mshr-h.veriloghdl-1.14.3/dist/main.js:588:7681)
	at async A.provideHover (/usr/share/code/resources/app/out/vs/workbench/api/node/extensionHostProcess.js:154:103673)
2024-08-14 13:20:42.302 [error] n is not iterable: TypeError: n is not iterable
	at K_.provideHover (/home/sgass/.vscode/extensions/mshr-h.veriloghdl-1.14.3/dist/main.js:588:7681)
	at async A.provideHover (/usr/share/code/resources/app/out/vs/workbench/api/node/extensionHostProcess.js:154:103673)
2024-08-14 13:20:45.685 [error] n is not iterable: TypeError: n is not iterable
	at K_.provideHover (/home/sgass/.vscode/extensions/mshr-h.veriloghdl-1.14.3/dist/main.js:588:7681)
	at async A.provideHover (/usr/share/code/resources/app/out/vs/workbench/api/node/extensionHostProcess.js:154:103673)
2024-08-14 13:20:47.688 [error] n is not iterable: TypeError: n is not iterable
	at K_.provideHover (/home/sgass/.vscode/extensions/mshr-h.veriloghdl-1.14.3/dist/main.js:588:7681)
	at async A.provideHover (/usr/share/code/resources/app/out/vs/workbench/api/node/extensionHostProcess.js:154:103673)
2024-08-14 13:20:48.933 [error] n is not iterable: TypeError: n is not iterable
	at K_.provideHover (/home/sgass/.vscode/extensions/mshr-h.veriloghdl-1.14.3/dist/main.js:588:7681)
	at async A.provideHover (/usr/share/code/resources/app/out/vs/workbench/api/node/extensionHostProcess.js:154:103673)
2024-08-14 13:20:50.915 [error] n is not iterable: TypeError: n is not iterable
	at K_.provideHover (/home/sgass/.vscode/extensions/mshr-h.veriloghdl-1.14.3/dist/main.js:588:7681)
	at async A.provideHover (/usr/share/code/resources/app/out/vs/workbench/api/node/extensionHostProcess.js:154:103673)
2024-08-14 13:20:52.166 [error] n is not iterable: TypeError: n is not iterable
	at K_.provideHover (/home/sgass/.vscode/extensions/mshr-h.veriloghdl-1.14.3/dist/main.js:588:7681)
	at async A.provideHover (/usr/share/code/resources/app/out/vs/workbench/api/node/extensionHostProcess.js:154:103673)
2024-08-14 13:20:54.836 [error] n is not iterable: TypeError: n is not iterable
	at K_.provideHover (/home/sgass/.vscode/extensions/mshr-h.veriloghdl-1.14.3/dist/main.js:588:7681)
	at async A.provideHover (/usr/share/code/resources/app/out/vs/workbench/api/node/extensionHostProcess.js:154:103673)
2024-08-14 13:21:09.758 [error] n is not iterable: TypeError: n is not iterable
	at K_.provideHover (/home/sgass/.vscode/extensions/mshr-h.veriloghdl-1.14.3/dist/main.js:588:7681)
	at async A.provideHover (/usr/share/code/resources/app/out/vs/workbench/api/node/extensionHostProcess.js:154:103673)
2024-08-14 13:21:11.645 [error] n is not iterable: TypeError: n is not iterable
	at K_.provideHover (/home/sgass/.vscode/extensions/mshr-h.veriloghdl-1.14.3/dist/main.js:588:7681)
	at async A.provideHover (/usr/share/code/resources/app/out/vs/workbench/api/node/extensionHostProcess.js:154:103673)
2024-08-14 13:21:13.974 [error] n is not iterable: TypeError: n is not iterable
	at K_.provideHover (/home/sgass/.vscode/extensions/mshr-h.veriloghdl-1.14.3/dist/main.js:588:7681)
	at async A.provideHover (/usr/share/code/resources/app/out/vs/workbench/api/node/extensionHostProcess.js:154:103673)
2024-08-14 13:23:12.454 [error] n is not iterable: TypeError: n is not iterable
	at K_.provideHover (/home/sgass/.vscode/extensions/mshr-h.veriloghdl-1.14.3/dist/main.js:588:7681)
	at async A.provideHover (/usr/share/code/resources/app/out/vs/workbench/api/node/extensionHostProcess.js:154:103673)
2024-08-14 13:23:35.615 [error] n is not iterable: TypeError: n is not iterable
	at K_.provideHover (/home/sgass/.vscode/extensions/mshr-h.veriloghdl-1.14.3/dist/main.js:588:7681)
	at async A.provideHover (/usr/share/code/resources/app/out/vs/workbench/api/node/extensionHostProcess.js:154:103673)
2024-08-14 13:24:15.486 [error] n is not iterable: TypeError: n is not iterable
	at K_.provideHover (/home/sgass/.vscode/extensions/mshr-h.veriloghdl-1.14.3/dist/main.js:588:7681)
	at async A.provideHover (/usr/share/code/resources/app/out/vs/workbench/api/node/extensionHostProcess.js:154:103673)
2024-08-14 13:24:25.500 [error] n is not iterable: TypeError: n is not iterable
	at K_.provideHover (/home/sgass/.vscode/extensions/mshr-h.veriloghdl-1.14.3/dist/main.js:588:7681)
	at async A.provideHover (/usr/share/code/resources/app/out/vs/workbench/api/node/extensionHostProcess.js:154:103673)
2024-08-14 13:24:29.403 [error] n is not iterable: TypeError: n is not iterable
	at K_.provideHover (/home/sgass/.vscode/extensions/mshr-h.veriloghdl-1.14.3/dist/main.js:588:7681)
	at async A.provideHover (/usr/share/code/resources/app/out/vs/workbench/api/node/extensionHostProcess.js:154:103673)
2024-08-14 13:25:25.008 [error] n is not iterable: TypeError: n is not iterable
	at K_.provideHover (/home/sgass/.vscode/extensions/mshr-h.veriloghdl-1.14.3/dist/main.js:588:7681)
	at async A.provideHover (/usr/share/code/resources/app/out/vs/workbench/api/node/extensionHostProcess.js:154:103673)
2024-08-14 13:25:31.509 [error] n is not iterable: TypeError: n is not iterable
	at K_.provideHover (/home/sgass/.vscode/extensions/mshr-h.veriloghdl-1.14.3/dist/main.js:588:7681)
	at async A.provideHover (/usr/share/code/resources/app/out/vs/workbench/api/node/extensionHostProcess.js:154:103673)
2024-08-14 13:25:53.443 [error] n is not iterable: TypeError: n is not iterable
	at K_.provideHover (/home/sgass/.vscode/extensions/mshr-h.veriloghdl-1.14.3/dist/main.js:588:7681)
	at async A.provideHover (/usr/share/code/resources/app/out/vs/workbench/api/node/extensionHostProcess.js:154:103673)
2024-08-14 13:25:58.037 [error] n is not iterable: TypeError: n is not iterable
	at K_.provideHover (/home/sgass/.vscode/extensions/mshr-h.veriloghdl-1.14.3/dist/main.js:588:7681)
	at async A.provideHover (/usr/share/code/resources/app/out/vs/workbench/api/node/extensionHostProcess.js:154:103673)
2024-08-14 13:26:08.165 [error] n is not iterable: TypeError: n is not iterable
	at K_.provideHover (/home/sgass/.vscode/extensions/mshr-h.veriloghdl-1.14.3/dist/main.js:588:7681)
	at async A.provideHover (/usr/share/code/resources/app/out/vs/workbench/api/node/extensionHostProcess.js:154:103673)
2024-08-14 13:26:22.071 [error] n is not iterable: TypeError: n is not iterable
	at K_.provideHover (/home/sgass/.vscode/extensions/mshr-h.veriloghdl-1.14.3/dist/main.js:588:7681)
	at async A.provideHover (/usr/share/code/resources/app/out/vs/workbench/api/node/extensionHostProcess.js:154:103673)
2024-08-14 13:30:33.953 [error] n is not iterable: TypeError: n is not iterable
	at K_.provideHover (/home/sgass/.vscode/extensions/mshr-h.veriloghdl-1.14.3/dist/main.js:588:7681)
	at async A.provideHover (/usr/share/code/resources/app/out/vs/workbench/api/node/extensionHostProcess.js:154:103673)
2024-08-14 13:30:37.168 [error] n is not iterable: TypeError: n is not iterable
	at K_.provideHover (/home/sgass/.vscode/extensions/mshr-h.veriloghdl-1.14.3/dist/main.js:588:7681)
	at async A.provideHover (/usr/share/code/resources/app/out/vs/workbench/api/node/extensionHostProcess.js:154:103673)
2024-08-14 13:30:40.342 [error] n is not iterable: TypeError: n is not iterable
	at K_.provideHover (/home/sgass/.vscode/extensions/mshr-h.veriloghdl-1.14.3/dist/main.js:588:7681)
	at async A.provideHover (/usr/share/code/resources/app/out/vs/workbench/api/node/extensionHostProcess.js:154:103673)
2024-08-14 13:30:42.598 [error] n is not iterable: TypeError: n is not iterable
	at K_.provideHover (/home/sgass/.vscode/extensions/mshr-h.veriloghdl-1.14.3/dist/main.js:588:7681)
	at async A.provideHover (/usr/share/code/resources/app/out/vs/workbench/api/node/extensionHostProcess.js:154:103673)
2024-08-14 13:35:10.963 [error] n is not iterable: TypeError: n is not iterable
	at K_.provideHover (/home/sgass/.vscode/extensions/mshr-h.veriloghdl-1.14.3/dist/main.js:588:7681)
	at async A.provideHover (/usr/share/code/resources/app/out/vs/workbench/api/node/extensionHostProcess.js:154:103673)
2024-08-14 13:35:18.165 [error] n is not iterable: TypeError: n is not iterable
	at K_.provideHover (/home/sgass/.vscode/extensions/mshr-h.veriloghdl-1.14.3/dist/main.js:588:7681)
	at async A.provideHover (/usr/share/code/resources/app/out/vs/workbench/api/node/extensionHostProcess.js:154:103673)
2024-08-14 13:51:57.857 [error] n is not iterable: TypeError: n is not iterable
	at K_.provideHover (/home/sgass/.vscode/extensions/mshr-h.veriloghdl-1.14.3/dist/main.js:588:7681)
	at async A.provideHover (/usr/share/code/resources/app/out/vs/workbench/api/node/extensionHostProcess.js:154:103673)
2024-08-14 13:52:04.899 [error] n is not iterable: TypeError: n is not iterable
	at K_.provideHover (/home/sgass/.vscode/extensions/mshr-h.veriloghdl-1.14.3/dist/main.js:588:7681)
	at async A.provideHover (/usr/share/code/resources/app/out/vs/workbench/api/node/extensionHostProcess.js:154:103673)
2024-08-14 13:54:27.291 [error] n is not iterable: TypeError: n is not iterable
	at K_.provideHover (/home/sgass/.vscode/extensions/mshr-h.veriloghdl-1.14.3/dist/main.js:588:7681)
	at async A.provideHover (/usr/share/code/resources/app/out/vs/workbench/api/node/extensionHostProcess.js:154:103673)
2024-08-14 13:54:28.786 [error] n is not iterable: TypeError: n is not iterable
	at K_.provideHover (/home/sgass/.vscode/extensions/mshr-h.veriloghdl-1.14.3/dist/main.js:588:7681)
	at async A.provideHover (/usr/share/code/resources/app/out/vs/workbench/api/node/extensionHostProcess.js:154:103673)
2024-08-14 16:03:08.855 [error] n is not iterable: TypeError: n is not iterable
	at K_.provideHover (/home/sgass/.vscode/extensions/mshr-h.veriloghdl-1.14.3/dist/main.js:588:7681)
	at async A.provideHover (/usr/share/code/resources/app/out/vs/workbench/api/node/extensionHostProcess.js:154:103673)
2024-08-14 16:03:45.509 [error] n is not iterable: TypeError: n is not iterable
	at K_.provideHover (/home/sgass/.vscode/extensions/mshr-h.veriloghdl-1.14.3/dist/main.js:588:7681)
	at async A.provideHover (/usr/share/code/resources/app/out/vs/workbench/api/node/extensionHostProcess.js:154:103673)
2024-08-14 16:03:47.681 [error] n is not iterable: TypeError: n is not iterable
	at K_.provideHover (/home/sgass/.vscode/extensions/mshr-h.veriloghdl-1.14.3/dist/main.js:588:7681)
	at async A.provideHover (/usr/share/code/resources/app/out/vs/workbench/api/node/extensionHostProcess.js:154:103673)
2024-08-14 16:03:56.509 [error] n is not iterable: TypeError: n is not iterable
	at K_.provideHover (/home/sgass/.vscode/extensions/mshr-h.veriloghdl-1.14.3/dist/main.js:588:7681)
	at async A.provideHover (/usr/share/code/resources/app/out/vs/workbench/api/node/extensionHostProcess.js:154:103673)
2024-08-14 16:03:58.869 [error] n is not iterable: TypeError: n is not iterable
	at K_.provideHover (/home/sgass/.vscode/extensions/mshr-h.veriloghdl-1.14.3/dist/main.js:588:7681)
	at async A.provideHover (/usr/share/code/resources/app/out/vs/workbench/api/node/extensionHostProcess.js:154:103673)
2024-08-14 16:04:09.776 [error] n is not iterable: TypeError: n is not iterable
	at K_.provideHover (/home/sgass/.vscode/extensions/mshr-h.veriloghdl-1.14.3/dist/main.js:588:7681)
	at async A.provideHover (/usr/share/code/resources/app/out/vs/workbench/api/node/extensionHostProcess.js:154:103673)
2024-08-14 16:05:12.249 [error] n is not iterable: TypeError: n is not iterable
	at K_.provideHover (/home/sgass/.vscode/extensions/mshr-h.veriloghdl-1.14.3/dist/main.js:588:7681)
	at async A.provideHover (/usr/share/code/resources/app/out/vs/workbench/api/node/extensionHostProcess.js:154:103673)
2024-08-14 16:05:39.670 [error] n is not iterable: TypeError: n is not iterable
	at K_.provideHover (/home/sgass/.vscode/extensions/mshr-h.veriloghdl-1.14.3/dist/main.js:588:7681)
	at async A.provideHover (/usr/share/code/resources/app/out/vs/workbench/api/node/extensionHostProcess.js:154:103673)
2024-08-14 16:07:16.370 [error] n is not iterable: TypeError: n is not iterable
	at K_.provideHover (/home/sgass/.vscode/extensions/mshr-h.veriloghdl-1.14.3/dist/main.js:588:7681)
	at async A.provideHover (/usr/share/code/resources/app/out/vs/workbench/api/node/extensionHostProcess.js:154:103673)
2024-08-14 16:10:07.058 [info] Started local extension host with pid 1558525.
2024-08-14 16:10:09.827 [info] [perf] Render performance baseline is 12ms
2024-08-14 16:10:40.126 [error] [File Watcher (parcel)] Unexpected error: inotify_add_watch on '/home/sgass/Projects/kepler/petalinux/pcu-ecp-2021/project-spec/hw-description' failed: No such file or directory (EUNKNOWN) (path: /home/sgass/Projects/kepler)
2024-08-14 16:10:40.126 [error] [File Watcher (universal)] inotify_add_watch on '/home/sgass/Projects/kepler/petalinux/pcu-ecp-2021/project-spec/hw-description' failed: No such file or directory
2024-08-14 16:12:07.806 [error] n is not iterable: TypeError: n is not iterable
	at K_.provideHover (/home/sgass/.vscode/extensions/mshr-h.veriloghdl-1.14.3/dist/main.js:588:7681)
	at async A.provideHover (/usr/share/code/resources/app/out/vs/workbench/api/node/extensionHostProcess.js:154:103673)
2024-08-14 16:16:30.199 [error] n is not iterable: TypeError: n is not iterable
	at K_.provideHover (/home/sgass/.vscode/extensions/mshr-h.veriloghdl-1.14.3/dist/main.js:588:7681)
	at async A.provideHover (/usr/share/code/resources/app/out/vs/workbench/api/node/extensionHostProcess.js:154:103673)
2024-08-14 16:17:08.419 [error] n is not iterable: TypeError: n is not iterable
	at K_.provideHover (/home/sgass/.vscode/extensions/mshr-h.veriloghdl-1.14.3/dist/main.js:588:7681)
	at async A.provideHover (/usr/share/code/resources/app/out/vs/workbench/api/node/extensionHostProcess.js:154:103673)
2024-08-14 16:17:24.002 [error] n is not iterable: TypeError: n is not iterable
	at K_.provideHover (/home/sgass/.vscode/extensions/mshr-h.veriloghdl-1.14.3/dist/main.js:588:7681)
	at async A.provideHover (/usr/share/code/resources/app/out/vs/workbench/api/node/extensionHostProcess.js:154:103673)
2024-08-14 16:17:47.486 [error] Illegal argument: character must be non-negative: Error: Illegal argument: character must be non-negative
	at P (/usr/share/code/resources/app/out/vs/workbench/api/node/extensionHostProcess.js:10:1144)
	at m (/usr/share/code/resources/app/out/vs/workbench/api/node/extensionHostProcess.js:152:5071)
	at new $ (/usr/share/code/resources/app/out/vs/workbench/api/node/extensionHostProcess.js:152:6613)
	at qf.findSymbol (/home/sgass/.vscode/extensions/mshr-h.veriloghdl-1.14.3/dist/main.js:65:73451)
	at K_.provideHover (/home/sgass/.vscode/extensions/mshr-h.veriloghdl-1.14.3/dist/main.js:588:7652)
	at A.provideHover (/usr/share/code/resources/app/out/vs/workbench/api/node/extensionHostProcess.js:154:103686)
	at /usr/share/code/resources/app/out/vs/workbench/api/node/extensionHostProcess.js:154:135645
	at De.s (/usr/share/code/resources/app/out/vs/workbench/api/node/extensionHostProcess.js:154:133052)
	at De.$provideHover (/usr/share/code/resources/app/out/vs/workbench/api/node/extensionHostProcess.js:154:135632)
	at E.S (/usr/share/code/resources/app/out/vs/workbench/api/node/extensionHostProcess.js:151:5980)
	at E.Q (/usr/share/code/resources/app/out/vs/workbench/api/node/extensionHostProcess.js:151:5746)
	at E.M (/usr/share/code/resources/app/out/vs/workbench/api/node/extensionHostProcess.js:151:4739)
	at E.L (/usr/share/code/resources/app/out/vs/workbench/api/node/extensionHostProcess.js:151:3605)
	at i.value (/usr/share/code/resources/app/out/vs/workbench/api/node/extensionHostProcess.js:151:2297)
	at n.B (/usr/share/code/resources/app/out/vs/workbench/api/node/extensionHostProcess.js:83:737)
	at n.fire (/usr/share/code/resources/app/out/vs/workbench/api/node/extensionHostProcess.js:83:954)
	at s.fire (/usr/share/code/resources/app/out/vs/workbench/api/node/extensionHostProcess.js:97:14453)
	at i.value (/usr/share/code/resources/app/out/vs/workbench/api/node/extensionHostProcess.js:177:8655)
	at n.B (/usr/share/code/resources/app/out/vs/workbench/api/node/extensionHostProcess.js:83:737)
	at n.fire (/usr/share/code/resources/app/out/vs/workbench/api/node/extensionHostProcess.js:83:954)
	at s.fire (/usr/share/code/resources/app/out/vs/workbench/api/node/extensionHostProcess.js:97:14453)
	at MessagePortMain.<anonymous> (/usr/share/code/resources/app/out/vs/workbench/api/node/extensionHostProcess.js:177:6781)
	at MessagePortMain.emit (node:events:519:28)
	at MessagePortMain._internalPort.emit (node:electron/js2c/utility_init:2:2285)
2024-08-14 16:24:49.329 [error] n is not iterable: TypeError: n is not iterable
	at K_.provideHover (/home/sgass/.vscode/extensions/mshr-h.veriloghdl-1.14.3/dist/main.js:588:7681)
	at async A.provideHover (/usr/share/code/resources/app/out/vs/workbench/api/node/extensionHostProcess.js:154:103673)
2024-08-14 16:27:32.197 [error] n is not iterable: TypeError: n is not iterable
	at K_.provideHover (/home/sgass/.vscode/extensions/mshr-h.veriloghdl-1.14.3/dist/main.js:588:7681)
	at async A.provideHover (/usr/share/code/resources/app/out/vs/workbench/api/node/extensionHostProcess.js:154:103673)
2024-08-14 16:29:18.529 [error] n is not iterable: TypeError: n is not iterable
	at K_.provideHover (/home/sgass/.vscode/extensions/mshr-h.veriloghdl-1.14.3/dist/main.js:588:7681)
	at async A.provideHover (/usr/share/code/resources/app/out/vs/workbench/api/node/extensionHostProcess.js:154:103673)
2024-08-14 16:30:15.218 [error] n is not iterable: TypeError: n is not iterable
	at K_.provideHover (/home/sgass/.vscode/extensions/mshr-h.veriloghdl-1.14.3/dist/main.js:588:7681)
	at async A.provideHover (/usr/share/code/resources/app/out/vs/workbench/api/node/extensionHostProcess.js:154:103673)
2024-08-14 16:32:09.619 [error] n is not iterable: TypeError: n is not iterable
	at K_.provideHover (/home/sgass/.vscode/extensions/mshr-h.veriloghdl-1.14.3/dist/main.js:588:7681)
	at async A.provideHover (/usr/share/code/resources/app/out/vs/workbench/api/node/extensionHostProcess.js:154:103673)
2024-08-14 16:32:21.424 [error] n is not iterable: TypeError: n is not iterable
	at K_.provideHover (/home/sgass/.vscode/extensions/mshr-h.veriloghdl-1.14.3/dist/main.js:588:7681)
	at async A.provideHover (/usr/share/code/resources/app/out/vs/workbench/api/node/extensionHostProcess.js:154:103673)
2024-08-14 16:33:28.432 [error] n is not iterable: TypeError: n is not iterable
	at K_.provideHover (/home/sgass/.vscode/extensions/mshr-h.veriloghdl-1.14.3/dist/main.js:588:7681)
	at async A.provideHover (/usr/share/code/resources/app/out/vs/workbench/api/node/extensionHostProcess.js:154:103673)
2024-08-14 16:33:33.929 [error] n is not iterable: TypeError: n is not iterable
	at K_.provideHover (/home/sgass/.vscode/extensions/mshr-h.veriloghdl-1.14.3/dist/main.js:588:7681)
	at async A.provideHover (/usr/share/code/resources/app/out/vs/workbench/api/node/extensionHostProcess.js:154:103673)
2024-08-14 16:33:46.065 [error] n is not iterable: TypeError: n is not iterable
	at K_.provideHover (/home/sgass/.vscode/extensions/mshr-h.veriloghdl-1.14.3/dist/main.js:588:7681)
	at async A.provideHover (/usr/share/code/resources/app/out/vs/workbench/api/node/extensionHostProcess.js:154:103673)
2024-08-14 16:34:08.024 [error] n is not iterable: TypeError: n is not iterable
	at K_.provideHover (/home/sgass/.vscode/extensions/mshr-h.veriloghdl-1.14.3/dist/main.js:588:7681)
	at async A.provideHover (/usr/share/code/resources/app/out/vs/workbench/api/node/extensionHostProcess.js:154:103673)
2024-08-14 16:35:32.540 [error] n is not iterable: TypeError: n is not iterable
	at K_.provideHover (/home/sgass/.vscode/extensions/mshr-h.veriloghdl-1.14.3/dist/main.js:588:7681)
	at async A.provideHover (/usr/share/code/resources/app/out/vs/workbench/api/node/extensionHostProcess.js:154:103673)
2024-08-14 16:35:59.938 [error] n is not iterable: TypeError: n is not iterable
	at K_.provideHover (/home/sgass/.vscode/extensions/mshr-h.veriloghdl-1.14.3/dist/main.js:588:7681)
	at async A.provideHover (/usr/share/code/resources/app/out/vs/workbench/api/node/extensionHostProcess.js:154:103673)
2024-08-14 16:36:29.390 [error] n is not iterable: TypeError: n is not iterable
	at K_.provideHover (/home/sgass/.vscode/extensions/mshr-h.veriloghdl-1.14.3/dist/main.js:588:7681)
	at async A.provideHover (/usr/share/code/resources/app/out/vs/workbench/api/node/extensionHostProcess.js:154:103673)
2024-08-14 16:36:34.456 [error] n is not iterable: TypeError: n is not iterable
	at K_.provideHover (/home/sgass/.vscode/extensions/mshr-h.veriloghdl-1.14.3/dist/main.js:588:7681)
	at async A.provideHover (/usr/share/code/resources/app/out/vs/workbench/api/node/extensionHostProcess.js:154:103673)
2024-08-14 16:39:45.133 [error] n is not iterable: TypeError: n is not iterable
	at K_.provideHover (/home/sgass/.vscode/extensions/mshr-h.veriloghdl-1.14.3/dist/main.js:588:7681)
	at async A.provideHover (/usr/share/code/resources/app/out/vs/workbench/api/node/extensionHostProcess.js:154:103673)
2024-08-14 16:42:28.832 [error] n is not iterable: TypeError: n is not iterable
	at K_.provideHover (/home/sgass/.vscode/extensions/mshr-h.veriloghdl-1.14.3/dist/main.js:588:7681)
	at async A.provideHover (/usr/share/code/resources/app/out/vs/workbench/api/node/extensionHostProcess.js:154:103673)
2024-08-14 16:43:08.692 [error] n is not iterable: TypeError: n is not iterable
	at K_.provideHover (/home/sgass/.vscode/extensions/mshr-h.veriloghdl-1.14.3/dist/main.js:588:7681)
	at async A.provideHover (/usr/share/code/resources/app/out/vs/workbench/api/node/extensionHostProcess.js:154:103673)
2024-08-14 16:43:16.675 [error] n is not iterable: TypeError: n is not iterable
	at K_.provideHover (/home/sgass/.vscode/extensions/mshr-h.veriloghdl-1.14.3/dist/main.js:588:7681)
	at async A.provideHover (/usr/share/code/resources/app/out/vs/workbench/api/node/extensionHostProcess.js:154:103673)
2024-08-14 16:43:18.251 [error] n is not iterable: TypeError: n is not iterable
	at K_.provideHover (/home/sgass/.vscode/extensions/mshr-h.veriloghdl-1.14.3/dist/main.js:588:7681)
	at async A.provideHover (/usr/share/code/resources/app/out/vs/workbench/api/node/extensionHostProcess.js:154:103673)
2024-08-14 16:43:23.528 [error] n is not iterable: TypeError: n is not iterable
	at K_.provideHover (/home/sgass/.vscode/extensions/mshr-h.veriloghdl-1.14.3/dist/main.js:588:7681)
	at async A.provideHover (/usr/share/code/resources/app/out/vs/workbench/api/node/extensionHostProcess.js:154:103673)
2024-08-14 16:43:26.528 [error] n is not iterable: TypeError: n is not iterable
	at K_.provideHover (/home/sgass/.vscode/extensions/mshr-h.veriloghdl-1.14.3/dist/main.js:588:7681)
	at async A.provideHover (/usr/share/code/resources/app/out/vs/workbench/api/node/extensionHostProcess.js:154:103673)
2024-08-14 16:43:33.842 [error] n is not iterable: TypeError: n is not iterable
	at K_.provideHover (/home/sgass/.vscode/extensions/mshr-h.veriloghdl-1.14.3/dist/main.js:588:7681)
	at async A.provideHover (/usr/share/code/resources/app/out/vs/workbench/api/node/extensionHostProcess.js:154:103673)
2024-08-14 16:44:28.545 [error] n is not iterable: TypeError: n is not iterable
	at K_.provideHover (/home/sgass/.vscode/extensions/mshr-h.veriloghdl-1.14.3/dist/main.js:588:7681)
	at async A.provideHover (/usr/share/code/resources/app/out/vs/workbench/api/node/extensionHostProcess.js:154:103673)
2024-08-14 16:44:34.287 [error] n is not iterable: TypeError: n is not iterable
	at K_.provideHover (/home/sgass/.vscode/extensions/mshr-h.veriloghdl-1.14.3/dist/main.js:588:7681)
	at async A.provideHover (/usr/share/code/resources/app/out/vs/workbench/api/node/extensionHostProcess.js:154:103673)
2024-08-14 16:44:39.050 [error] n is not iterable: TypeError: n is not iterable
	at K_.provideHover (/home/sgass/.vscode/extensions/mshr-h.veriloghdl-1.14.3/dist/main.js:588:7681)
	at async A.provideHover (/usr/share/code/resources/app/out/vs/workbench/api/node/extensionHostProcess.js:154:103673)
2024-08-14 16:45:52.480 [error] n is not iterable: TypeError: n is not iterable
	at K_.provideHover (/home/sgass/.vscode/extensions/mshr-h.veriloghdl-1.14.3/dist/main.js:588:7681)
	at async A.provideHover (/usr/share/code/resources/app/out/vs/workbench/api/node/extensionHostProcess.js:154:103673)
2024-08-14 16:46:11.667 [error] n is not iterable: TypeError: n is not iterable
	at K_.provideHover (/home/sgass/.vscode/extensions/mshr-h.veriloghdl-1.14.3/dist/main.js:588:7681)
	at async A.provideHover (/usr/share/code/resources/app/out/vs/workbench/api/node/extensionHostProcess.js:154:103673)
2024-08-15 08:57:37.841 [error] n is not iterable: TypeError: n is not iterable
	at K_.provideHover (/home/sgass/.vscode/extensions/mshr-h.veriloghdl-1.14.3/dist/main.js:588:7681)
	at async A.provideHover (/usr/share/code/resources/app/out/vs/workbench/api/node/extensionHostProcess.js:154:103673)
2024-08-15 09:01:12.023 [error] n is not iterable: TypeError: n is not iterable
	at K_.provideHover (/home/sgass/.vscode/extensions/mshr-h.veriloghdl-1.14.3/dist/main.js:588:7681)
	at async A.provideHover (/usr/share/code/resources/app/out/vs/workbench/api/node/extensionHostProcess.js:154:103673)
2024-08-15 09:01:36.008 [error] n is not iterable: TypeError: n is not iterable
	at K_.provideHover (/home/sgass/.vscode/extensions/mshr-h.veriloghdl-1.14.3/dist/main.js:588:7681)
	at async A.provideHover (/usr/share/code/resources/app/out/vs/workbench/api/node/extensionHostProcess.js:154:103673)
2024-08-15 09:06:07.466 [error] n is not iterable: TypeError: n is not iterable
	at K_.provideHover (/home/sgass/.vscode/extensions/mshr-h.veriloghdl-1.14.3/dist/main.js:588:7681)
	at async A.provideHover (/usr/share/code/resources/app/out/vs/workbench/api/node/extensionHostProcess.js:154:103673)
2024-08-15 09:06:38.695 [error] n is not iterable: TypeError: n is not iterable
	at K_.provideHover (/home/sgass/.vscode/extensions/mshr-h.veriloghdl-1.14.3/dist/main.js:588:7681)
	at async A.provideHover (/usr/share/code/resources/app/out/vs/workbench/api/node/extensionHostProcess.js:154:103673)
2024-08-15 09:06:58.934 [error] n is not iterable: TypeError: n is not iterable
	at K_.provideHover (/home/sgass/.vscode/extensions/mshr-h.veriloghdl-1.14.3/dist/main.js:588:7681)
	at async A.provideHover (/usr/share/code/resources/app/out/vs/workbench/api/node/extensionHostProcess.js:154:103673)
2024-08-15 09:07:14.437 [error] n is not iterable: TypeError: n is not iterable
	at K_.provideHover (/home/sgass/.vscode/extensions/mshr-h.veriloghdl-1.14.3/dist/main.js:588:7681)
	at async A.provideHover (/usr/share/code/resources/app/out/vs/workbench/api/node/extensionHostProcess.js:154:103673)
2024-08-15 09:07:18.600 [error] n is not iterable: TypeError: n is not iterable
	at K_.provideHover (/home/sgass/.vscode/extensions/mshr-h.veriloghdl-1.14.3/dist/main.js:588:7681)
	at async A.provideHover (/usr/share/code/resources/app/out/vs/workbench/api/node/extensionHostProcess.js:154:103673)
2024-08-15 09:07:38.697 [error] n is not iterable: TypeError: n is not iterable
	at K_.provideHover (/home/sgass/.vscode/extensions/mshr-h.veriloghdl-1.14.3/dist/main.js:588:7681)
	at async A.provideHover (/usr/share/code/resources/app/out/vs/workbench/api/node/extensionHostProcess.js:154:103673)
2024-08-15 09:08:01.103 [error] n is not iterable: TypeError: n is not iterable
	at K_.provideHover (/home/sgass/.vscode/extensions/mshr-h.veriloghdl-1.14.3/dist/main.js:588:7681)
	at async A.provideHover (/usr/share/code/resources/app/out/vs/workbench/api/node/extensionHostProcess.js:154:103673)
2024-08-15 09:08:11.968 [error] n is not iterable: TypeError: n is not iterable
	at K_.provideHover (/home/sgass/.vscode/extensions/mshr-h.veriloghdl-1.14.3/dist/main.js:588:7681)
	at async A.provideHover (/usr/share/code/resources/app/out/vs/workbench/api/node/extensionHostProcess.js:154:103673)
2024-08-15 09:12:09.662 [error] n is not iterable: TypeError: n is not iterable
	at K_.provideHover (/home/sgass/.vscode/extensions/mshr-h.veriloghdl-1.14.3/dist/main.js:588:7681)
	at async A.provideHover (/usr/share/code/resources/app/out/vs/workbench/api/node/extensionHostProcess.js:154:103673)
2024-08-15 09:14:08.924 [error] n is not iterable: TypeError: n is not iterable
	at K_.provideHover (/home/sgass/.vscode/extensions/mshr-h.veriloghdl-1.14.3/dist/main.js:588:7681)
	at async A.provideHover (/usr/share/code/resources/app/out/vs/workbench/api/node/extensionHostProcess.js:154:103673)
2024-08-15 11:47:31.952 [error] n is not iterable: TypeError: n is not iterable
	at K_.provideHover (/home/sgass/.vscode/extensions/mshr-h.veriloghdl-1.14.3/dist/main.js:588:7681)
	at async A.provideHover (/usr/share/code/resources/app/out/vs/workbench/api/node/extensionHostProcess.js:154:103673)
2024-08-15 11:55:21.709 [info] Started local extension host with pid 1737207.
2024-08-15 11:55:24.557 [info] [perf] Render performance baseline is 25ms
2024-08-16 08:49:29.495 [info] Started local extension host with pid 1903866.
2024-08-16 08:49:32.319 [info] [perf] Render performance baseline is 14ms
2024-08-16 08:49:56.323 [info] Started local extension host with pid 1904151.
2024-08-16 08:49:58.910 [info] [perf] Render performance baseline is 13ms
2024-08-16 08:52:04.068 [error] n is not iterable: TypeError: n is not iterable
	at K_.provideHover (/home/sgass/.vscode/extensions/mshr-h.veriloghdl-1.14.3/dist/main.js:588:7681)
	at async A.provideHover (/usr/share/code/resources/app/out/vs/workbench/api/node/extensionHostProcess.js:154:103673)
2024-08-16 08:54:03.442 [error] n is not iterable: TypeError: n is not iterable
	at K_.provideHover (/home/sgass/.vscode/extensions/mshr-h.veriloghdl-1.14.3/dist/main.js:588:7681)
	at async A.provideHover (/usr/share/code/resources/app/out/vs/workbench/api/node/extensionHostProcess.js:154:103673)
2024-08-16 08:54:15.128 [error] n is not iterable: TypeError: n is not iterable
	at K_.provideHover (/home/sgass/.vscode/extensions/mshr-h.veriloghdl-1.14.3/dist/main.js:588:7681)
	at async A.provideHover (/usr/share/code/resources/app/out/vs/workbench/api/node/extensionHostProcess.js:154:103673)
2024-08-16 08:54:27.204 [error] n is not iterable: TypeError: n is not iterable
	at K_.provideHover (/home/sgass/.vscode/extensions/mshr-h.veriloghdl-1.14.3/dist/main.js:588:7681)
	at async A.provideHover (/usr/share/code/resources/app/out/vs/workbench/api/node/extensionHostProcess.js:154:103673)
2024-08-16 08:54:38.479 [error] n is not iterable: TypeError: n is not iterable
	at K_.provideHover (/home/sgass/.vscode/extensions/mshr-h.veriloghdl-1.14.3/dist/main.js:588:7681)
	at async A.provideHover (/usr/share/code/resources/app/out/vs/workbench/api/node/extensionHostProcess.js:154:103673)
2024-08-16 08:55:13.111 [error] n is not iterable: TypeError: n is not iterable
	at K_.provideHover (/home/sgass/.vscode/extensions/mshr-h.veriloghdl-1.14.3/dist/main.js:588:7681)
	at async A.provideHover (/usr/share/code/resources/app/out/vs/workbench/api/node/extensionHostProcess.js:154:103673)
2024-08-16 08:55:17.651 [error] n is not iterable: TypeError: n is not iterable
	at K_.provideHover (/home/sgass/.vscode/extensions/mshr-h.veriloghdl-1.14.3/dist/main.js:588:7681)
	at async A.provideHover (/usr/share/code/resources/app/out/vs/workbench/api/node/extensionHostProcess.js:154:103673)
2024-08-16 08:55:22.827 [error] n is not iterable: TypeError: n is not iterable
	at K_.provideHover (/home/sgass/.vscode/extensions/mshr-h.veriloghdl-1.14.3/dist/main.js:588:7681)
	at async A.provideHover (/usr/share/code/resources/app/out/vs/workbench/api/node/extensionHostProcess.js:154:103673)
2024-08-16 08:55:30.677 [error] n is not iterable: TypeError: n is not iterable
	at K_.provideHover (/home/sgass/.vscode/extensions/mshr-h.veriloghdl-1.14.3/dist/main.js:588:7681)
	at async A.provideHover (/usr/share/code/resources/app/out/vs/workbench/api/node/extensionHostProcess.js:154:103673)
2024-08-16 08:55:33.311 [error] n is not iterable: TypeError: n is not iterable
	at K_.provideHover (/home/sgass/.vscode/extensions/mshr-h.veriloghdl-1.14.3/dist/main.js:588:7681)
	at async A.provideHover (/usr/share/code/resources/app/out/vs/workbench/api/node/extensionHostProcess.js:154:103673)
2024-08-16 08:59:37.647 [error] n is not iterable: TypeError: n is not iterable
	at K_.provideHover (/home/sgass/.vscode/extensions/mshr-h.veriloghdl-1.14.3/dist/main.js:588:7681)
	at async A.provideHover (/usr/share/code/resources/app/out/vs/workbench/api/node/extensionHostProcess.js:154:103673)
2024-08-16 08:59:55.332 [error] n is not iterable: TypeError: n is not iterable
	at K_.provideHover (/home/sgass/.vscode/extensions/mshr-h.veriloghdl-1.14.3/dist/main.js:588:7681)
	at async A.provideHover (/usr/share/code/resources/app/out/vs/workbench/api/node/extensionHostProcess.js:154:103673)
2024-08-16 09:00:11.341 [error] n is not iterable: TypeError: n is not iterable
	at K_.provideHover (/home/sgass/.vscode/extensions/mshr-h.veriloghdl-1.14.3/dist/main.js:588:7681)
	at async A.provideHover (/usr/share/code/resources/app/out/vs/workbench/api/node/extensionHostProcess.js:154:103673)
2024-08-16 09:00:13.247 [error] n is not iterable: TypeError: n is not iterable
	at K_.provideHover (/home/sgass/.vscode/extensions/mshr-h.veriloghdl-1.14.3/dist/main.js:588:7681)
	at async A.provideHover (/usr/share/code/resources/app/out/vs/workbench/api/node/extensionHostProcess.js:154:103673)
2024-08-16 09:00:14.570 [error] n is not iterable: TypeError: n is not iterable
	at K_.provideHover (/home/sgass/.vscode/extensions/mshr-h.veriloghdl-1.14.3/dist/main.js:588:7681)
	at async A.provideHover (/usr/share/code/resources/app/out/vs/workbench/api/node/extensionHostProcess.js:154:103673)
2024-08-16 09:00:39.268 [error] n is not iterable: TypeError: n is not iterable
	at K_.provideHover (/home/sgass/.vscode/extensions/mshr-h.veriloghdl-1.14.3/dist/main.js:588:7681)
	at async A.provideHover (/usr/share/code/resources/app/out/vs/workbench/api/node/extensionHostProcess.js:154:103673)
2024-08-16 09:01:41.383 [error] n is not iterable: TypeError: n is not iterable
	at K_.provideHover (/home/sgass/.vscode/extensions/mshr-h.veriloghdl-1.14.3/dist/main.js:588:7681)
	at async A.provideHover (/usr/share/code/resources/app/out/vs/workbench/api/node/extensionHostProcess.js:154:103673)
2024-08-16 09:01:47.802 [error] n is not iterable: TypeError: n is not iterable
	at K_.provideHover (/home/sgass/.vscode/extensions/mshr-h.veriloghdl-1.14.3/dist/main.js:588:7681)
	at async A.provideHover (/usr/share/code/resources/app/out/vs/workbench/api/node/extensionHostProcess.js:154:103673)
2024-08-16 09:03:53.069 [error] n is not iterable: TypeError: n is not iterable
	at K_.provideHover (/home/sgass/.vscode/extensions/mshr-h.veriloghdl-1.14.3/dist/main.js:588:7681)
	at async A.provideHover (/usr/share/code/resources/app/out/vs/workbench/api/node/extensionHostProcess.js:154:103673)
2024-08-16 09:05:05.621 [error] n is not iterable: TypeError: n is not iterable
	at K_.provideHover (/home/sgass/.vscode/extensions/mshr-h.veriloghdl-1.14.3/dist/main.js:588:7681)
	at async A.provideHover (/usr/share/code/resources/app/out/vs/workbench/api/node/extensionHostProcess.js:154:103673)
2024-08-16 09:05:56.220 [error] n is not iterable: TypeError: n is not iterable
	at K_.provideHover (/home/sgass/.vscode/extensions/mshr-h.veriloghdl-1.14.3/dist/main.js:588:7681)
	at async A.provideHover (/usr/share/code/resources/app/out/vs/workbench/api/node/extensionHostProcess.js:154:103673)
2024-08-16 09:08:55.774 [error] n is not iterable: TypeError: n is not iterable
	at K_.provideHover (/home/sgass/.vscode/extensions/mshr-h.veriloghdl-1.14.3/dist/main.js:588:7681)
	at async A.provideHover (/usr/share/code/resources/app/out/vs/workbench/api/node/extensionHostProcess.js:154:103673)
2024-08-16 09:09:09.041 [error] n is not iterable: TypeError: n is not iterable
	at K_.provideHover (/home/sgass/.vscode/extensions/mshr-h.veriloghdl-1.14.3/dist/main.js:588:7681)
	at async A.provideHover (/usr/share/code/resources/app/out/vs/workbench/api/node/extensionHostProcess.js:154:103673)
2024-08-16 09:09:19.977 [error] n is not iterable: TypeError: n is not iterable
	at K_.provideHover (/home/sgass/.vscode/extensions/mshr-h.veriloghdl-1.14.3/dist/main.js:588:7681)
	at async A.provideHover (/usr/share/code/resources/app/out/vs/workbench/api/node/extensionHostProcess.js:154:103673)
2024-08-16 09:09:55.391 [error] n is not iterable: TypeError: n is not iterable
	at K_.provideHover (/home/sgass/.vscode/extensions/mshr-h.veriloghdl-1.14.3/dist/main.js:588:7681)
	at async A.provideHover (/usr/share/code/resources/app/out/vs/workbench/api/node/extensionHostProcess.js:154:103673)
2024-08-16 09:11:02.008 [error] n is not iterable: TypeError: n is not iterable
	at K_.provideHover (/home/sgass/.vscode/extensions/mshr-h.veriloghdl-1.14.3/dist/main.js:588:7681)
	at async A.provideHover (/usr/share/code/resources/app/out/vs/workbench/api/node/extensionHostProcess.js:154:103673)
2024-08-16 09:11:03.192 [error] n is not iterable: TypeError: n is not iterable
	at K_.provideHover (/home/sgass/.vscode/extensions/mshr-h.veriloghdl-1.14.3/dist/main.js:588:7681)
	at async A.provideHover (/usr/share/code/resources/app/out/vs/workbench/api/node/extensionHostProcess.js:154:103673)
2024-08-16 09:16:29.876 [error] n is not iterable: TypeError: n is not iterable
	at K_.provideHover (/home/sgass/.vscode/extensions/mshr-h.veriloghdl-1.14.3/dist/main.js:588:7681)
	at async A.provideHover (/usr/share/code/resources/app/out/vs/workbench/api/node/extensionHostProcess.js:154:103673)
2024-08-16 09:16:33.379 [error] n is not iterable: TypeError: n is not iterable
	at K_.provideHover (/home/sgass/.vscode/extensions/mshr-h.veriloghdl-1.14.3/dist/main.js:588:7681)
	at async A.provideHover (/usr/share/code/resources/app/out/vs/workbench/api/node/extensionHostProcess.js:154:103673)
2024-08-16 09:18:10.853 [error] n is not iterable: TypeError: n is not iterable
	at K_.provideHover (/home/sgass/.vscode/extensions/mshr-h.veriloghdl-1.14.3/dist/main.js:588:7681)
	at async A.provideHover (/usr/share/code/resources/app/out/vs/workbench/api/node/extensionHostProcess.js:154:103673)
2024-08-16 09:18:14.855 [error] n is not iterable: TypeError: n is not iterable
	at K_.provideHover (/home/sgass/.vscode/extensions/mshr-h.veriloghdl-1.14.3/dist/main.js:588:7681)
	at async A.provideHover (/usr/share/code/resources/app/out/vs/workbench/api/node/extensionHostProcess.js:154:103673)
2024-08-16 09:18:50.530 [error] n is not iterable: TypeError: n is not iterable
	at K_.provideHover (/home/sgass/.vscode/extensions/mshr-h.veriloghdl-1.14.3/dist/main.js:588:7681)
	at async A.provideHover (/usr/share/code/resources/app/out/vs/workbench/api/node/extensionHostProcess.js:154:103673)
2024-08-16 09:27:10.617 [error] n is not iterable: TypeError: n is not iterable
	at K_.provideHover (/home/sgass/.vscode/extensions/mshr-h.veriloghdl-1.14.3/dist/main.js:588:7681)
	at async A.provideHover (/usr/share/code/resources/app/out/vs/workbench/api/node/extensionHostProcess.js:154:103673)
2024-08-16 09:27:25.801 [error] n is not iterable: TypeError: n is not iterable
	at K_.provideHover (/home/sgass/.vscode/extensions/mshr-h.veriloghdl-1.14.3/dist/main.js:588:7681)
	at async A.provideHover (/usr/share/code/resources/app/out/vs/workbench/api/node/extensionHostProcess.js:154:103673)
2024-08-16 09:28:10.823 [error] n is not iterable: TypeError: n is not iterable
	at K_.provideHover (/home/sgass/.vscode/extensions/mshr-h.veriloghdl-1.14.3/dist/main.js:588:7681)
	at async A.provideHover (/usr/share/code/resources/app/out/vs/workbench/api/node/extensionHostProcess.js:154:103673)
2024-08-16 09:28:52.410 [error] n is not iterable: TypeError: n is not iterable
	at K_.provideHover (/home/sgass/.vscode/extensions/mshr-h.veriloghdl-1.14.3/dist/main.js:588:7681)
	at async A.provideHover (/usr/share/code/resources/app/out/vs/workbench/api/node/extensionHostProcess.js:154:103673)
2024-08-16 09:29:47.015 [error] n is not iterable: TypeError: n is not iterable
	at K_.provideHover (/home/sgass/.vscode/extensions/mshr-h.veriloghdl-1.14.3/dist/main.js:588:7681)
	at async A.provideHover (/usr/share/code/resources/app/out/vs/workbench/api/node/extensionHostProcess.js:154:103673)
2024-08-16 09:29:55.531 [error] n is not iterable: TypeError: n is not iterable
	at K_.provideHover (/home/sgass/.vscode/extensions/mshr-h.veriloghdl-1.14.3/dist/main.js:588:7681)
	at async A.provideHover (/usr/share/code/resources/app/out/vs/workbench/api/node/extensionHostProcess.js:154:103673)
2024-08-16 09:29:56.747 [error] n is not iterable: TypeError: n is not iterable
	at K_.provideHover (/home/sgass/.vscode/extensions/mshr-h.veriloghdl-1.14.3/dist/main.js:588:7681)
	at async A.provideHover (/usr/share/code/resources/app/out/vs/workbench/api/node/extensionHostProcess.js:154:103673)
2024-08-16 09:30:11.063 [error] n is not iterable: TypeError: n is not iterable
	at K_.provideHover (/home/sgass/.vscode/extensions/mshr-h.veriloghdl-1.14.3/dist/main.js:588:7681)
	at async A.provideHover (/usr/share/code/resources/app/out/vs/workbench/api/node/extensionHostProcess.js:154:103673)
2024-08-16 09:31:15.992 [error] n is not iterable: TypeError: n is not iterable
	at K_.provideHover (/home/sgass/.vscode/extensions/mshr-h.veriloghdl-1.14.3/dist/main.js:588:7681)
	at async A.provideHover (/usr/share/code/resources/app/out/vs/workbench/api/node/extensionHostProcess.js:154:103673)
2024-08-16 09:42:35.462 [error] n is not iterable: TypeError: n is not iterable
	at K_.provideHover (/home/sgass/.vscode/extensions/mshr-h.veriloghdl-1.14.3/dist/main.js:588:7681)
	at async A.provideHover (/usr/share/code/resources/app/out/vs/workbench/api/node/extensionHostProcess.js:154:103673)
2024-08-16 09:46:14.108 [error] n is not iterable: TypeError: n is not iterable
	at K_.provideHover (/home/sgass/.vscode/extensions/mshr-h.veriloghdl-1.14.3/dist/main.js:588:7681)
	at async A.provideHover (/usr/share/code/resources/app/out/vs/workbench/api/node/extensionHostProcess.js:154:103673)
2024-08-16 09:46:38.614 [error] n is not iterable: TypeError: n is not iterable
	at K_.provideHover (/home/sgass/.vscode/extensions/mshr-h.veriloghdl-1.14.3/dist/main.js:588:7681)
	at async A.provideHover (/usr/share/code/resources/app/out/vs/workbench/api/node/extensionHostProcess.js:154:103673)
2024-08-16 09:47:00.712 [error] n is not iterable: TypeError: n is not iterable
	at K_.provideHover (/home/sgass/.vscode/extensions/mshr-h.veriloghdl-1.14.3/dist/main.js:588:7681)
	at async A.provideHover (/usr/share/code/resources/app/out/vs/workbench/api/node/extensionHostProcess.js:154:103673)
2024-08-16 09:47:04.692 [error] n is not iterable: TypeError: n is not iterable
	at K_.provideHover (/home/sgass/.vscode/extensions/mshr-h.veriloghdl-1.14.3/dist/main.js:588:7681)
	at async A.provideHover (/usr/share/code/resources/app/out/vs/workbench/api/node/extensionHostProcess.js:154:103673)
2024-08-16 09:49:01.717 [error] n is not iterable: TypeError: n is not iterable
	at K_.provideHover (/home/sgass/.vscode/extensions/mshr-h.veriloghdl-1.14.3/dist/main.js:588:7681)
	at async A.provideHover (/usr/share/code/resources/app/out/vs/workbench/api/node/extensionHostProcess.js:154:103673)
2024-08-16 09:50:20.669 [error] n is not iterable: TypeError: n is not iterable
	at K_.provideHover (/home/sgass/.vscode/extensions/mshr-h.veriloghdl-1.14.3/dist/main.js:588:7681)
	at async A.provideHover (/usr/share/code/resources/app/out/vs/workbench/api/node/extensionHostProcess.js:154:103673)
2024-08-16 09:50:39.569 [error] n is not iterable: TypeError: n is not iterable
	at K_.provideHover (/home/sgass/.vscode/extensions/mshr-h.veriloghdl-1.14.3/dist/main.js:588:7681)
	at async A.provideHover (/usr/share/code/resources/app/out/vs/workbench/api/node/extensionHostProcess.js:154:103673)
2024-08-16 09:51:28.096 [error] n is not iterable: TypeError: n is not iterable
	at K_.provideHover (/home/sgass/.vscode/extensions/mshr-h.veriloghdl-1.14.3/dist/main.js:588:7681)
	at async A.provideHover (/usr/share/code/resources/app/out/vs/workbench/api/node/extensionHostProcess.js:154:103673)
2024-08-16 09:51:31.512 [error] n is not iterable: TypeError: n is not iterable
	at K_.provideHover (/home/sgass/.vscode/extensions/mshr-h.veriloghdl-1.14.3/dist/main.js:588:7681)
	at async A.provideHover (/usr/share/code/resources/app/out/vs/workbench/api/node/extensionHostProcess.js:154:103673)
2024-08-16 09:53:21.867 [error] n is not iterable: TypeError: n is not iterable
	at K_.provideHover (/home/sgass/.vscode/extensions/mshr-h.veriloghdl-1.14.3/dist/main.js:588:7681)
	at async A.provideHover (/usr/share/code/resources/app/out/vs/workbench/api/node/extensionHostProcess.js:154:103673)
2024-08-16 09:53:23.171 [error] n is not iterable: TypeError: n is not iterable
	at K_.provideHover (/home/sgass/.vscode/extensions/mshr-h.veriloghdl-1.14.3/dist/main.js:588:7681)
	at async A.provideHover (/usr/share/code/resources/app/out/vs/workbench/api/node/extensionHostProcess.js:154:103673)
2024-08-16 09:53:40.206 [error] n is not iterable: TypeError: n is not iterable
	at K_.provideHover (/home/sgass/.vscode/extensions/mshr-h.veriloghdl-1.14.3/dist/main.js:588:7681)
	at async A.provideHover (/usr/share/code/resources/app/out/vs/workbench/api/node/extensionHostProcess.js:154:103673)
2024-08-16 09:53:45.070 [error] n is not iterable: TypeError: n is not iterable
	at K_.provideHover (/home/sgass/.vscode/extensions/mshr-h.veriloghdl-1.14.3/dist/main.js:588:7681)
	at async A.provideHover (/usr/share/code/resources/app/out/vs/workbench/api/node/extensionHostProcess.js:154:103673)
2024-08-16 09:54:10.991 [error] n is not iterable: TypeError: n is not iterable
	at K_.provideHover (/home/sgass/.vscode/extensions/mshr-h.veriloghdl-1.14.3/dist/main.js:588:7681)
	at async A.provideHover (/usr/share/code/resources/app/out/vs/workbench/api/node/extensionHostProcess.js:154:103673)
2024-08-16 09:54:18.521 [error] n is not iterable: TypeError: n is not iterable
	at K_.provideHover (/home/sgass/.vscode/extensions/mshr-h.veriloghdl-1.14.3/dist/main.js:588:7681)
	at async A.provideHover (/usr/share/code/resources/app/out/vs/workbench/api/node/extensionHostProcess.js:154:103673)
2024-08-16 09:54:20.370 [error] n is not iterable: TypeError: n is not iterable
	at K_.provideHover (/home/sgass/.vscode/extensions/mshr-h.veriloghdl-1.14.3/dist/main.js:588:7681)
	at async A.provideHover (/usr/share/code/resources/app/out/vs/workbench/api/node/extensionHostProcess.js:154:103673)
2024-08-16 09:54:34.907 [error] n is not iterable: TypeError: n is not iterable
	at K_.provideHover (/home/sgass/.vscode/extensions/mshr-h.veriloghdl-1.14.3/dist/main.js:588:7681)
	at async A.provideHover (/usr/share/code/resources/app/out/vs/workbench/api/node/extensionHostProcess.js:154:103673)
2024-08-16 09:54:44.805 [error] n is not iterable: TypeError: n is not iterable
	at K_.provideHover (/home/sgass/.vscode/extensions/mshr-h.veriloghdl-1.14.3/dist/main.js:588:7681)
	at async A.provideHover (/usr/share/code/resources/app/out/vs/workbench/api/node/extensionHostProcess.js:154:103673)
2024-08-16 09:56:19.339 [error] n is not iterable: TypeError: n is not iterable
	at K_.provideHover (/home/sgass/.vscode/extensions/mshr-h.veriloghdl-1.14.3/dist/main.js:588:7681)
	at async A.provideHover (/usr/share/code/resources/app/out/vs/workbench/api/node/extensionHostProcess.js:154:103673)
2024-08-16 09:56:25.783 [error] n is not iterable: TypeError: n is not iterable
	at K_.provideHover (/home/sgass/.vscode/extensions/mshr-h.veriloghdl-1.14.3/dist/main.js:588:7681)
	at async A.provideHover (/usr/share/code/resources/app/out/vs/workbench/api/node/extensionHostProcess.js:154:103673)
2024-08-16 09:56:28.592 [error] n is not iterable: TypeError: n is not iterable
	at K_.provideHover (/home/sgass/.vscode/extensions/mshr-h.veriloghdl-1.14.3/dist/main.js:588:7681)
	at async A.provideHover (/usr/share/code/resources/app/out/vs/workbench/api/node/extensionHostProcess.js:154:103673)
2024-08-16 09:57:08.586 [error] n is not iterable: TypeError: n is not iterable
	at K_.provideHover (/home/sgass/.vscode/extensions/mshr-h.veriloghdl-1.14.3/dist/main.js:588:7681)
	at async A.provideHover (/usr/share/code/resources/app/out/vs/workbench/api/node/extensionHostProcess.js:154:103673)
2024-08-16 09:58:25.760 [error] n is not iterable: TypeError: n is not iterable
	at K_.provideHover (/home/sgass/.vscode/extensions/mshr-h.veriloghdl-1.14.3/dist/main.js:588:7681)
	at async A.provideHover (/usr/share/code/resources/app/out/vs/workbench/api/node/extensionHostProcess.js:154:103673)
2024-08-16 09:58:33.202 [error] n is not iterable: TypeError: n is not iterable
	at K_.provideHover (/home/sgass/.vscode/extensions/mshr-h.veriloghdl-1.14.3/dist/main.js:588:7681)
	at async A.provideHover (/usr/share/code/resources/app/out/vs/workbench/api/node/extensionHostProcess.js:154:103673)
2024-08-16 09:58:44.452 [error] n is not iterable: TypeError: n is not iterable
	at K_.provideHover (/home/sgass/.vscode/extensions/mshr-h.veriloghdl-1.14.3/dist/main.js:588:7681)
	at async A.provideHover (/usr/share/code/resources/app/out/vs/workbench/api/node/extensionHostProcess.js:154:103673)
2024-08-16 09:59:25.770 [error] n is not iterable: TypeError: n is not iterable
	at K_.provideHover (/home/sgass/.vscode/extensions/mshr-h.veriloghdl-1.14.3/dist/main.js:588:7681)
	at async A.provideHover (/usr/share/code/resources/app/out/vs/workbench/api/node/extensionHostProcess.js:154:103673)
2024-08-16 09:59:27.923 [error] n is not iterable: TypeError: n is not iterable
	at K_.provideHover (/home/sgass/.vscode/extensions/mshr-h.veriloghdl-1.14.3/dist/main.js:588:7681)
	at async A.provideHover (/usr/share/code/resources/app/out/vs/workbench/api/node/extensionHostProcess.js:154:103673)
2024-08-16 10:00:17.580 [error] n is not iterable: TypeError: n is not iterable
	at K_.provideHover (/home/sgass/.vscode/extensions/mshr-h.veriloghdl-1.14.3/dist/main.js:588:7681)
	at async A.provideHover (/usr/share/code/resources/app/out/vs/workbench/api/node/extensionHostProcess.js:154:103673)
2024-08-16 10:15:24.599 [error] n is not iterable: TypeError: n is not iterable
	at K_.provideHover (/home/sgass/.vscode/extensions/mshr-h.veriloghdl-1.14.3/dist/main.js:588:7681)
	at async A.provideHover (/usr/share/code/resources/app/out/vs/workbench/api/node/extensionHostProcess.js:154:103673)
2024-08-16 10:15:25.992 [error] n is not iterable: TypeError: n is not iterable
	at K_.provideHover (/home/sgass/.vscode/extensions/mshr-h.veriloghdl-1.14.3/dist/main.js:588:7681)
	at async A.provideHover (/usr/share/code/resources/app/out/vs/workbench/api/node/extensionHostProcess.js:154:103673)
2024-08-16 10:18:17.922 [error] n is not iterable: TypeError: n is not iterable
	at K_.provideHover (/home/sgass/.vscode/extensions/mshr-h.veriloghdl-1.14.3/dist/main.js:588:7681)
	at async A.provideHover (/usr/share/code/resources/app/out/vs/workbench/api/node/extensionHostProcess.js:154:103673)
2024-08-16 10:18:25.289 [error] n is not iterable: TypeError: n is not iterable
	at K_.provideHover (/home/sgass/.vscode/extensions/mshr-h.veriloghdl-1.14.3/dist/main.js:588:7681)
	at async A.provideHover (/usr/share/code/resources/app/out/vs/workbench/api/node/extensionHostProcess.js:154:103673)
2024-08-16 10:27:42.176 [error] n is not iterable: TypeError: n is not iterable
	at K_.provideHover (/home/sgass/.vscode/extensions/mshr-h.veriloghdl-1.14.3/dist/main.js:588:7681)
	at async A.provideHover (/usr/share/code/resources/app/out/vs/workbench/api/node/extensionHostProcess.js:154:103673)
2024-08-16 10:28:03.319 [error] n is not iterable: TypeError: n is not iterable
	at K_.provideHover (/home/sgass/.vscode/extensions/mshr-h.veriloghdl-1.14.3/dist/main.js:588:7681)
	at async A.provideHover (/usr/share/code/resources/app/out/vs/workbench/api/node/extensionHostProcess.js:154:103673)
2024-08-16 10:28:15.840 [error] n is not iterable: TypeError: n is not iterable
	at K_.provideHover (/home/sgass/.vscode/extensions/mshr-h.veriloghdl-1.14.3/dist/main.js:588:7681)
	at async A.provideHover (/usr/share/code/resources/app/out/vs/workbench/api/node/extensionHostProcess.js:154:103673)
2024-08-16 10:28:27.199 [error] n is not iterable: TypeError: n is not iterable
	at K_.provideHover (/home/sgass/.vscode/extensions/mshr-h.veriloghdl-1.14.3/dist/main.js:588:7681)
	at async A.provideHover (/usr/share/code/resources/app/out/vs/workbench/api/node/extensionHostProcess.js:154:103673)
2024-08-16 10:33:06.839 [error] n is not iterable: TypeError: n is not iterable
	at K_.provideHover (/home/sgass/.vscode/extensions/mshr-h.veriloghdl-1.14.3/dist/main.js:588:7681)
	at async A.provideHover (/usr/share/code/resources/app/out/vs/workbench/api/node/extensionHostProcess.js:154:103673)
2024-08-16 10:55:57.956 [error] n is not iterable: TypeError: n is not iterable
	at K_.provideHover (/home/sgass/.vscode/extensions/mshr-h.veriloghdl-1.14.3/dist/main.js:588:7681)
	at async A.provideHover (/usr/share/code/resources/app/out/vs/workbench/api/node/extensionHostProcess.js:154:103673)
2024-08-16 10:56:25.898 [error] n is not iterable: TypeError: n is not iterable
	at K_.provideHover (/home/sgass/.vscode/extensions/mshr-h.veriloghdl-1.14.3/dist/main.js:588:7681)
	at async A.provideHover (/usr/share/code/resources/app/out/vs/workbench/api/node/extensionHostProcess.js:154:103673)
2024-08-16 10:57:54.812 [error] n is not iterable: TypeError: n is not iterable
	at K_.provideHover (/home/sgass/.vscode/extensions/mshr-h.veriloghdl-1.14.3/dist/main.js:588:7681)
	at async A.provideHover (/usr/share/code/resources/app/out/vs/workbench/api/node/extensionHostProcess.js:154:103673)
2024-08-16 10:58:01.294 [error] n is not iterable: TypeError: n is not iterable
	at K_.provideHover (/home/sgass/.vscode/extensions/mshr-h.veriloghdl-1.14.3/dist/main.js:588:7681)
	at async A.provideHover (/usr/share/code/resources/app/out/vs/workbench/api/node/extensionHostProcess.js:154:103673)
2024-08-16 11:04:00.904 [error] n is not iterable: TypeError: n is not iterable
	at K_.provideHover (/home/sgass/.vscode/extensions/mshr-h.veriloghdl-1.14.3/dist/main.js:588:7681)
	at async A.provideHover (/usr/share/code/resources/app/out/vs/workbench/api/node/extensionHostProcess.js:154:103673)
2024-08-16 11:04:03.087 [error] n is not iterable: TypeError: n is not iterable
	at K_.provideHover (/home/sgass/.vscode/extensions/mshr-h.veriloghdl-1.14.3/dist/main.js:588:7681)
	at async A.provideHover (/usr/share/code/resources/app/out/vs/workbench/api/node/extensionHostProcess.js:154:103673)
2024-08-16 11:04:04.113 [error] n is not iterable: TypeError: n is not iterable
	at K_.provideHover (/home/sgass/.vscode/extensions/mshr-h.veriloghdl-1.14.3/dist/main.js:588:7681)
	at async A.provideHover (/usr/share/code/resources/app/out/vs/workbench/api/node/extensionHostProcess.js:154:103673)
