2024-08-13 21:48:39.391 [info] Added views:workbench.panel.markers.view in workbench.panel.markers
2024-08-13 21:48:39.391 [info] Added views:workbench.panel.output in workbench.panel.output
2024-08-13 21:48:39.391 [info] Added views:terminal in terminal
2024-08-13 21:48:39.391 [info] Added views:outline in workbench.view.explorer
2024-08-13 21:48:39.391 [info] Added views:workbench.scm in workbench.view.scm
2024-08-13 21:48:39.391 [info] Added views:workbench.view.search in workbench.view.search
2024-08-13 21:48:39.391 [info] Added views:timeline in workbench.view.explorer
2024-08-13 21:48:39.391 [info] Added views:workbench.explorer.fileView in workbench.view.explorer
2024-08-13 21:48:39.541 [info] Added views:workbench.debug.welcome in workbench.view.debug
2024-08-13 21:48:39.794 [info] Added views:workbench.panel.repl.view in workbench.panel.repl
2024-08-13 21:48:40.223 [info] Added views:~remote.forwardedPorts in ~remote.forwardedPortsContainer
2024-08-14 11:42:30.681 [info] Added views:workbench.panel.markers.view in workbench.panel.markers
2024-08-14 11:42:30.681 [info] Added views:workbench.panel.output in workbench.panel.output
2024-08-14 11:42:30.681 [info] Added views:terminal in terminal
2024-08-14 11:42:30.681 [info] Added views:outline in workbench.view.explorer
2024-08-14 11:42:30.681 [info] Added views:workbench.scm in workbench.view.scm
2024-08-14 11:42:30.681 [info] Added views:workbench.view.search in workbench.view.search
2024-08-14 11:42:30.681 [info] Added views:timeline in workbench.view.explorer
2024-08-14 11:42:30.681 [info] Added views:workbench.explorer.fileView in workbench.view.explorer
2024-08-14 11:42:31.211 [info] Added views:workbench.debug.welcome in workbench.view.debug
2024-08-14 11:42:31.283 [info] Added views:workbench.panel.repl.view in workbench.panel.repl
2024-08-14 11:42:31.627 [info] Added views:~remote.forwardedPorts in ~remote.forwardedPortsContainer
2024-08-14 13:46:18.150 [info] Added views:workbench.views.extensions.installed,workbench.views.extensions.popular,extensions.recommendedList in workbench.view.extensions
2024-08-14 13:46:18.152 [info] Removed views:workbench.views.extensions.popular from workbench.view.extensions
2024-08-14 13:46:18.700 [info] Removed views:extensions.recommendedList,workbench.views.extensions.installed from workbench.view.extensions
2024-08-14 13:46:18.710 [info] Added views:workbench.views.extensions.marketplace in workbench.view.extensions
2024-08-14 16:10:06.968 [info] Added views:workbench.panel.markers.view in workbench.panel.markers
2024-08-14 16:10:06.968 [info] Added views:workbench.panel.output in workbench.panel.output
2024-08-14 16:10:06.968 [info] Added views:terminal in terminal
2024-08-14 16:10:06.968 [info] Added views:outline in workbench.view.explorer
2024-08-14 16:10:06.968 [info] Added views:workbench.scm in workbench.view.scm
2024-08-14 16:10:06.968 [info] Added views:workbench.view.search in workbench.view.search
2024-08-14 16:10:06.968 [info] Added views:timeline in workbench.view.explorer
2024-08-14 16:10:06.968 [info] Added views:workbench.explorer.fileView in workbench.view.explorer
2024-08-14 16:10:07.234 [info] Added views:workbench.debug.welcome in workbench.view.debug
2024-08-14 16:10:07.261 [info] Added views:workbench.panel.repl.view in workbench.panel.repl
2024-08-14 16:10:07.382 [info] Added views:~remote.forwardedPorts in ~remote.forwardedPortsContainer
2024-08-14 16:47:11.190 [info] Added views:workbench.view.testing in workbench.view.extension.test
2024-08-15 11:55:21.143 [info] Removed views:workbench.view.testing from workbench.view.extension.test
2024-08-15 11:55:21.646 [info] Added views:workbench.panel.markers.view in workbench.panel.markers
2024-08-15 11:55:21.646 [info] Added views:workbench.panel.output in workbench.panel.output
2024-08-15 11:55:21.646 [info] Added views:terminal in terminal
2024-08-15 11:55:21.646 [info] Added views:outline in workbench.view.explorer
2024-08-15 11:55:21.646 [info] Added views:workbench.scm in workbench.view.scm
2024-08-15 11:55:21.646 [info] Added views:workbench.view.search in workbench.view.search
2024-08-15 11:55:21.646 [info] Added views:timeline in workbench.view.explorer
2024-08-15 11:55:21.646 [info] Added views:workbench.explorer.fileView in workbench.view.explorer
2024-08-15 11:55:22.022 [info] Added views:workbench.debug.welcome in workbench.view.debug
2024-08-15 11:55:22.081 [info] Added views:workbench.panel.repl.view in workbench.panel.repl
2024-08-15 11:55:22.363 [info] Added views:~remote.forwardedPorts in ~remote.forwardedPortsContainer
2024-08-16 08:49:29.442 [info] Added views:workbench.panel.markers.view in workbench.panel.markers
2024-08-16 08:49:29.442 [info] Added views:workbench.panel.output in workbench.panel.output
2024-08-16 08:49:29.442 [info] Added views:terminal in terminal
2024-08-16 08:49:29.442 [info] Added views:outline in workbench.view.explorer
2024-08-16 08:49:29.442 [info] Added views:workbench.scm in workbench.view.scm
2024-08-16 08:49:29.442 [info] Added views:workbench.view.search in workbench.view.search
2024-08-16 08:49:29.442 [info] Added views:timeline in workbench.view.explorer
2024-08-16 08:49:29.442 [info] Added views:workbench.explorer.fileView in workbench.view.explorer
2024-08-16 08:49:29.710 [info] Added views:workbench.debug.variablesView,workbench.debug.watchExpressionsView,workbench.debug.callStackView,workbench.debug.breakPointsView in workbench.view.debug
2024-08-16 08:49:29.739 [info] Added views:workbench.panel.repl.view in workbench.panel.repl
2024-08-16 08:49:29.740 [info] Removed views:workbench.debug.breakPointsView,workbench.debug.callStackView,workbench.debug.watchExpressionsView,workbench.debug.variablesView from workbench.view.debug
2024-08-16 08:49:29.740 [info] Added views:workbench.debug.welcome in workbench.view.debug
2024-08-16 08:49:29.925 [info] Added views:workbench.view.testing in workbench.view.extension.test
2024-08-16 08:49:30.019 [info] Added views:~remote.forwardedPorts in ~remote.forwardedPortsContainer
2024-08-16 08:49:55.987 [info] Removed views:workbench.view.testing from workbench.view.extension.test
2024-08-16 08:49:56.286 [info] Added views:workbench.panel.markers.view in workbench.panel.markers
2024-08-16 08:49:56.286 [info] Added views:workbench.panel.output in workbench.panel.output
2024-08-16 08:49:56.286 [info] Added views:terminal in terminal
2024-08-16 08:49:56.286 [info] Added views:outline in workbench.view.explorer
2024-08-16 08:49:56.286 [info] Added views:workbench.scm in workbench.view.scm
2024-08-16 08:49:56.286 [info] Added views:workbench.view.search in workbench.view.search
2024-08-16 08:49:56.286 [info] Added views:timeline in workbench.view.explorer
2024-08-16 08:49:56.286 [info] Added views:workbench.explorer.fileView in workbench.view.explorer
2024-08-16 08:49:56.592 [info] Added views:workbench.debug.welcome in workbench.view.debug
2024-08-16 08:49:56.622 [info] Added views:workbench.panel.repl.view in workbench.panel.repl
2024-08-16 08:49:56.840 [info] Added views:~remote.forwardedPorts in ~remote.forwardedPortsContainer
2024-08-16 09:13:10.746 [info] Added views:workbench.view.testing in workbench.view.extension.test
