2025-02-19 12:57:11.256 [info] [main] Log level: Info
2025-02-19 12:57:11.256 [info] [main] Validating found git in: "git"
2025-02-19 12:57:11.256 [info] [main] Using git "2.43.0" from "git"
2025-02-19 12:57:11.256 [info] [Model][doInitialScan] Initial repository scan started
2025-02-19 12:57:11.256 [info] > git rev-parse --show-toplevel [7ms]
2025-02-19 12:57:11.256 [info] > git rev-parse --git-dir --git-common-dir [5ms]
2025-02-19 12:57:11.256 [info] [Model][openRepository] Opened repository: /home/sgass/Projects/kepler
2025-02-19 12:57:11.266 [info] > git rev-parse --show-toplevel [2ms]
2025-02-19 12:57:11.266 [info] > git config --get commit.template [6ms]
2025-02-19 12:57:11.282 [info] > git for-each-ref --format=%(refname)%00%(upstream:short)%00%(objectname)%00%(upstream:track)%00%(upstream:remotename)%00%(upstream:remoteref) refs/heads/sgass/prod/no-ref/network-packet-generator-ecp refs/remotes/sgass/prod/no-ref/network-packet-generator-ecp [9ms]
2025-02-19 12:57:11.286 [info] > git rev-parse --show-toplevel [5ms]
2025-02-19 12:57:11.290 [info] > git rev-parse --show-toplevel [1ms]
2025-02-19 12:57:11.298 [info] > git rev-parse --show-toplevel [2ms]
2025-02-19 12:57:11.306 [info] > git rev-parse --show-toplevel [2ms]
2025-02-19 12:57:11.313 [info] > git rev-parse --show-toplevel [2ms]
2025-02-19 12:57:11.320 [info] > git rev-parse --show-toplevel [2ms]
2025-02-19 12:57:11.326 [info] > git rev-parse --show-toplevel [2ms]
2025-02-19 12:57:11.333 [info] > git rev-parse --show-toplevel [2ms]
2025-02-19 12:57:11.339 [info] > git rev-parse --show-toplevel [2ms]
2025-02-19 12:57:11.349 [info] > git rev-parse --show-toplevel [6ms]
2025-02-19 12:57:11.356 [info] > git rev-parse --show-toplevel [2ms]
2025-02-19 12:57:11.360 [info] > git rev-parse --show-toplevel [1ms]
2025-02-19 12:57:11.367 [info] > git rev-parse --show-toplevel [2ms]
2025-02-19 12:57:11.372 [info] > git rev-parse --show-toplevel [1ms]
2025-02-19 12:57:11.376 [info] > git rev-parse --show-toplevel [1ms]
2025-02-19 12:57:11.382 [info] > git rev-parse --show-toplevel [2ms]
2025-02-19 12:57:11.387 [info] > git rev-parse --show-toplevel [2ms]
2025-02-19 12:57:11.392 [info] > git rev-parse --show-toplevel [2ms]
2025-02-19 12:57:11.397 [info] > git rev-parse --show-toplevel [1ms]
2025-02-19 12:57:11.402 [info] > git rev-parse --show-toplevel [1ms]
2025-02-19 12:57:11.406 [info] > git rev-parse --show-toplevel [1ms]
2025-02-19 12:57:11.411 [info] > git rev-parse --show-toplevel [1ms]
2025-02-19 12:57:11.417 [info] > git rev-parse --show-toplevel [1ms]
2025-02-19 12:57:11.423 [info] > git rev-parse --show-toplevel [3ms]
2025-02-19 12:57:11.441 [info] > git rev-parse --show-toplevel [1ms]
2025-02-19 12:57:11.447 [info] > git rev-parse --show-toplevel [0ms]
2025-02-19 12:57:11.468 [info] > git rev-parse --show-toplevel [3ms]
2025-02-19 12:57:11.495 [info] > git rev-parse --show-toplevel [10ms]
2025-02-19 12:57:11.506 [info] > git rev-parse --show-toplevel [0ms]
2025-02-19 12:57:11.512 [info] > git rev-parse --show-toplevel [1ms]
2025-02-19 12:57:11.516 [info] > git rev-parse --show-toplevel [1ms]
2025-02-19 12:57:11.522 [info] > git rev-parse --show-toplevel [2ms]
2025-02-19 12:57:11.526 [info] > git rev-parse --show-toplevel [1ms]
2025-02-19 12:57:11.531 [info] > git rev-parse --show-toplevel [1ms]
2025-02-19 12:57:11.535 [info] > git rev-parse --show-toplevel [1ms]
2025-02-19 12:57:11.536 [info] [Model][doInitialScan] Initial repository scan completed - repositories (1), closed repositories (0), parent repositories (0), unsafe repositories (0)
2025-02-19 12:57:11.570 [info] > git show --textconv :python/kepler/kepler/fpga/devices/tiny_bcam_avmm.py [7ms]
2025-02-19 12:57:11.575 [info] > git ls-files --stage -- /home/sgass/Projects/kepler/python/kepler/kepler/fpga/devices/tiny_bcam_avmm.py [6ms]
2025-02-19 12:57:11.581 [info] > git cat-file -s 92beb167b711336b3fff3ffcc5366caeb54894a9 [2ms]
2025-02-19 12:57:11.782 [info] > git check-ignore -v -z --stdin [9ms]
2025-02-19 12:57:12.203 [info] > git status -z -uall [918ms]
2025-02-19 12:57:12.218 [info] > git for-each-ref --format=%(refname)%00%(upstream:short)%00%(objectname)%00%(upstream:track)%00%(upstream:remotename)%00%(upstream:remoteref) refs/heads/sgass/prod/no-ref/network-packet-generator-ecp refs/remotes/sgass/prod/no-ref/network-packet-generator-ecp [9ms]
2025-02-19 12:57:12.223 [info] > git config --local branch.sgass/prod/no-ref/network-packet-generator-ecp.vscode-merge-base [1ms]
2025-02-19 12:57:12.226 [info] > git config --get commit.template [9ms]
2025-02-19 12:57:12.231 [info] > git for-each-ref --format=%(refname)%00%(upstream:short)%00%(objectname)%00%(upstream:track)%00%(upstream:remotename)%00%(upstream:remoteref) refs/heads/origin/develop refs/remotes/origin/develop [5ms]
2025-02-19 12:57:12.231 [info] > git for-each-ref --format=%(refname)%00%(upstream:short)%00%(objectname)%00%(upstream:track)%00%(upstream:remotename)%00%(upstream:remoteref) refs/heads/sgass/prod/no-ref/network-packet-generator-ecp refs/remotes/sgass/prod/no-ref/network-packet-generator-ecp [1ms]
2025-02-19 12:57:12.499 [info] > git status -z -uall [264ms]
2025-02-19 12:57:12.518 [info] > git for-each-ref --format=%(refname)%00%(upstream:short)%00%(objectname)%00%(upstream:track)%00%(upstream:remotename)%00%(upstream:remoteref) refs/heads/sgass/prod/no-ref/network-packet-generator-ecp refs/remotes/sgass/prod/no-ref/network-packet-generator-ecp [6ms]
2025-02-19 12:57:12.530 [info] > git config --local branch.sgass/prod/no-ref/network-packet-generator-ecp.vscode-merge-base [4ms]
2025-02-19 12:57:12.539 [info] > git for-each-ref --format=%(refname)%00%(upstream:short)%00%(objectname)%00%(upstream:track)%00%(upstream:remotename)%00%(upstream:remoteref) refs/heads/origin/develop refs/remotes/origin/develop [2ms]
2025-02-19 12:57:12.719 [info] > git rev-parse --show-toplevel [1ms]
2025-02-19 12:57:12.724 [info] > git rev-parse --git-dir --git-common-dir [1ms]
2025-02-19 12:57:12.726 [info] [Model][openRepository] Opened repository: /home/sgass/Projects/kepler/third_party/libhydrogen
2025-02-19 12:57:12.735 [info] > git rev-parse --show-toplevel [1ms]
2025-02-19 12:57:12.735 [info] > git config --get commit.template [5ms]
2025-02-19 12:57:12.742 [info] > git for-each-ref --format %(refname) %(objectname) %(*objectname) refs/tags [0ms]
2025-02-19 12:57:12.742 [info] > git rev-parse --git-dir --git-common-dir [4ms]
2025-02-19 12:57:12.743 [info] [Model][openRepository] Opened repository: /home/sgass/Projects/kepler/third_party/magic_enum
2025-02-19 12:57:12.756 [info] > git status -z -uall [8ms]
2025-02-19 12:57:12.756 [info] > git rev-parse --show-toplevel [2ms]
2025-02-19 12:57:12.756 [info] > git config --get commit.template [5ms]
2025-02-19 12:57:12.768 [info] > git config --get commit.template [6ms]
2025-02-19 12:57:12.768 [info] > git rev-parse --git-dir --git-common-dir [8ms]
2025-02-19 12:57:12.770 [info] [Model][openRepository] Opened repository: /home/sgass/Projects/kepler/third_party/googletest
2025-02-19 12:57:12.776 [info] > git for-each-ref --format %(refname) %(objectname) %(*objectname) refs/tags [8ms]
2025-02-19 12:57:12.785 [info] > git status -z -uall [4ms]
2025-02-19 12:57:12.785 [info] > git rev-parse --show-toplevel [9ms]
2025-02-19 12:57:12.785 [info] > git config --get commit.template [11ms]
2025-02-19 12:57:12.788 [info] > git for-each-ref --format %(refname) %(objectname) %(*objectname) refs/tags [4ms]
2025-02-19 12:57:12.797 [info] > git status -z -uall [5ms]
2025-02-19 12:57:12.797 [info] > git rev-parse --show-toplevel [9ms]
2025-02-19 12:57:12.802 [info] > git rev-parse --git-dir --git-common-dir [1ms]
2025-02-19 12:57:12.803 [info] [Model][openRepository] Opened repository: /home/sgass/Projects/kepler/third_party/fast-cpp-csv-parser
2025-02-19 12:57:12.804 [info] > git for-each-ref --format %(refname) %(objectname) %(*objectname) refs/tags [10ms]
2025-02-19 12:57:12.807 [info] > git config --get commit.template [10ms]
2025-02-19 12:57:12.828 [info] > git status -z -uall [21ms]
2025-02-19 12:57:12.838 [info] > git rev-parse --show-toplevel [10ms]
2025-02-19 12:57:12.838 [info] > git config --get commit.template [13ms]
2025-02-19 12:57:12.838 [info] > git for-each-ref --format %(refname) %(objectname) %(*objectname) refs/tags [16ms]
2025-02-19 12:57:12.843 [info] > git config --get commit.template [6ms]
2025-02-19 12:57:12.852 [info] > git rev-parse --git-dir --git-common-dir [9ms]
2025-02-19 12:57:12.854 [info] [Model][openRepository] Opened repository: /home/sgass/Projects/kepler/hdl/verilog-axis
2025-02-19 12:57:12.863 [info] > git status -z -uall [12ms]
2025-02-19 12:57:12.864 [info] > git for-each-ref --format %(refname) %(objectname) %(*objectname) refs/tags [17ms]
2025-02-19 12:57:12.870 [info] > git rev-parse --show-toplevel [7ms]
2025-02-19 12:57:12.870 [info] > git config --get commit.template [10ms]
2025-02-19 12:57:12.870 [info] > git for-each-ref --format %(refname) %(objectname) %(*objectname) refs/tags [13ms]
2025-02-19 12:57:12.878 [info] > git status -z -uall [9ms]
2025-02-19 12:57:12.878 [info] > git status -z -uall [5ms]
2025-02-19 12:57:12.886 [info] > git rev-parse --git-dir --git-common-dir [10ms]
2025-02-19 12:57:12.888 [info] [Model][openRepository] Opened repository: /home/sgass/Projects/kepler/hdl/verilog-ethernet
2025-02-19 12:57:12.895 [info] > git config --get commit.template [9ms]
2025-02-19 12:57:12.895 [info] > git for-each-ref --format %(refname) %(objectname) %(*objectname) refs/tags [12ms]
2025-02-19 12:57:12.900 [info] > git rev-parse --show-toplevel [5ms]
2025-02-19 12:57:12.900 [info] > git config --get commit.template [8ms]
2025-02-19 12:57:12.910 [info] > git status -z -uall [10ms]
2025-02-19 12:57:12.910 [info] > git for-each-ref --format %(refname) %(objectname) %(*objectname) refs/tags [6ms]
2025-02-19 12:57:12.918 [info] > git status -z -uall [3ms]
2025-02-19 12:57:12.918 [info] > git for-each-ref --format %(refname) %(objectname) %(*objectname) refs/tags [9ms]
2025-02-19 12:57:12.918 [info] > git rev-parse --git-dir --git-common-dir [11ms]
2025-02-19 12:57:12.919 [info] [Model][openRepository] Opened repository: /home/sgass/Projects/kepler/third_party/vext.soapysdr
2025-02-19 12:57:12.929 [info] > git status -z -uall [6ms]
2025-02-19 12:57:12.929 [info] > git config --get commit.template [12ms]
2025-02-19 12:57:12.931 [info] > git rev-parse --show-toplevel [3ms]
2025-02-19 12:57:12.931 [info] > git config --get commit.template [5ms]
2025-02-19 12:57:12.945 [info] > git rev-parse --git-dir --git-common-dir [6ms]
2025-02-19 12:57:12.947 [info] [Model][openRepository] Opened repository: /home/sgass/Projects/kepler/third_party/STM32CubeL1
2025-02-19 12:57:12.947 [info] > git for-each-ref --format %(refname) %(objectname) %(*objectname) refs/tags [10ms]
2025-02-19 12:57:12.959 [info] > git status -z -uall [7ms]
2025-02-19 12:57:12.959 [info] > git for-each-ref --format %(refname) %(objectname) %(*objectname) refs/tags [15ms]
2025-02-19 12:57:12.959 [info] > git config --get commit.template [17ms]
2025-02-19 12:57:12.967 [info] > git status -z -uall [4ms]
2025-02-19 12:57:12.967 [info] > git rev-parse --show-toplevel [9ms]
2025-02-19 12:57:12.968 [info] > git config --get commit.template [12ms]
2025-02-19 12:57:12.974 [info] > git for-each-ref --format %(refname) %(objectname) %(*objectname) refs/tags [6ms]
2025-02-19 12:57:12.985 [info] > git rev-parse --git-dir --git-common-dir [12ms]
2025-02-19 12:57:12.988 [info] [Model][openRepository] Opened repository: /home/sgass/Projects/kepler/ansible/kubespray
2025-02-19 12:57:13.006 [info] > git config --get commit.template [21ms]
2025-02-19 12:57:13.006 [info] > git for-each-ref --format %(refname) %(objectname) %(*objectname) refs/tags [26ms]
2025-02-19 12:57:13.021 [info] > git status -z -uall [24ms]
2025-02-19 12:57:13.021 [info] > git config --get commit.template [16ms]
2025-02-19 12:57:13.050 [info] > git for-each-ref --format %(refname) %(objectname) %(*objectname) refs/tags [15ms]
2025-02-19 12:57:13.064 [info] > git status -z -uall [4ms]
2025-02-19 12:57:13.068 [info] > git status -z -uall [54ms]
2025-02-19 12:57:13.084 [info] > git for-each-ref --format %(refname) %(objectname) %(*objectname) refs/tags [34ms]
2025-02-19 12:57:13.094 [info] > git config --get commit.template [13ms]
2025-02-19 12:57:13.104 [info] > git for-each-ref --format %(refname) %(objectname) %(*objectname) refs/tags [3ms]
2025-02-19 12:57:13.110 [info] > git status -z -uall [17ms]
2025-02-19 12:57:13.120 [info] > git config --get commit.template [1ms]
2025-02-19 12:57:13.127 [info] > git for-each-ref --format %(refname) %(objectname) %(*objectname) refs/tags [3ms]
2025-02-19 12:57:13.145 [info] > git status -z -uall [35ms]
2025-02-19 12:57:13.149 [info] > git status -z -uall [14ms]
2025-02-19 12:57:13.252 [info] > git check-ignore -v -z --stdin [7ms]
2025-02-19 13:52:11.424 [info] > git show --textconv :python/kepler/kepler/fpga/devices/network_packet_generator_avmm.py [10ms]
2025-02-19 13:52:11.430 [info] > git ls-files --stage -- /home/sgass/Projects/kepler/python/kepler/kepler/fpga/devices/network_packet_generator_avmm.py [9ms]
2025-02-19 13:52:11.439 [info] > git cat-file -s b3b7f3ef87efd665fcd403703aa93969bdfe24fa [3ms]
2025-02-19 13:57:34.267 [info] > git show --textconv :hdl/rtl/p4_router/p4_router_scheduler.sv [7ms]
2025-02-19 13:57:34.268 [info] > git ls-files --stage -- /home/sgass/Projects/kepler/hdl/rtl/p4_router/p4_router_scheduler.sv [4ms]
2025-02-19 13:57:34.272 [info] > git cat-file -s 9b6518587c7e4eb9a44092d924593c307ebe2f8a [1ms]
2025-02-19 13:57:34.555 [info] > git check-ignore -v -z --stdin [8ms]
2025-02-19 13:57:50.418 [info] > git show --textconv :hdl/rtl/p4_router/p4_router_queue_system.sv [89ms]
2025-02-19 13:57:50.527 [info] > git ls-files --stage -- /home/sgass/Projects/kepler/hdl/rtl/p4_router/p4_router_queue_system.sv [108ms]
2025-02-19 13:57:50.618 [info] > git check-ignore -v -z --stdin [92ms]
2025-02-19 13:57:50.618 [info] > git cat-file -s 835723f7e3f9e9d3dc24b685a00392f35b717f94 [88ms]
2025-02-19 13:58:31.581 [info] > git show --textconv :hdl/rtl/p4_router/p4_router_uram_queue_memory.sv [13ms]
2025-02-19 13:58:31.588 [info] > git ls-files --stage -- /home/sgass/Projects/kepler/hdl/rtl/p4_router/p4_router_uram_queue_memory.sv [10ms]
2025-02-19 13:58:31.596 [info] > git cat-file -s f090d4a9b888cbf095ec756b9f51e31e2bcf73dd [1ms]
2025-02-19 13:58:31.851 [info] > git check-ignore -v -z --stdin [6ms]
2025-02-19 14:04:32.998 [info] > git show --textconv :hdl/rtl/p4_router/p4_router_scheduler.sv [8ms]
2025-02-19 14:04:33.002 [info] > git ls-files --stage -- /home/sgass/Projects/kepler/hdl/rtl/p4_router/p4_router_scheduler.sv [5ms]
2025-02-19 14:04:33.013 [info] > git cat-file -s 9b6518587c7e4eb9a44092d924593c307ebe2f8a [2ms]
2025-02-19 14:07:02.728 [info] > git show --textconv :hdl/rtl/p4_router/p4_router_uram_queue_memory.sv [13ms]
2025-02-19 14:07:02.735 [info] > git ls-files --stage -- /home/sgass/Projects/kepler/hdl/rtl/p4_router/p4_router_uram_queue_memory.sv [7ms]
2025-02-19 14:07:02.747 [info] > git cat-file -s f090d4a9b888cbf095ec756b9f51e31e2bcf73dd [3ms]
2025-02-19 14:11:17.334 [info] > git show --textconv :hdl/rtl/p4_router/p4_router_vnp4_frr_t1_ecp_tiny_bcam_wrapper.sv [12ms]
2025-02-19 14:11:17.338 [info] > git ls-files --stage -- /home/sgass/Projects/kepler/hdl/rtl/p4_router/p4_router_vnp4_frr_t1_ecp_tiny_bcam_wrapper.sv [8ms]
2025-02-19 14:11:17.349 [info] > git cat-file -s df421b6c4bcd51e19311a17990039885f53c900f [2ms]
2025-02-19 14:11:17.614 [info] > git check-ignore -v -z --stdin [10ms]
2025-02-19 14:54:31.649 [info] > git show --textconv :hdl/rtl/p4_router/p4_router_uram_queue_memory.sv [9ms]
2025-02-19 14:54:31.653 [info] > git ls-files --stage -- /home/sgass/Projects/kepler/hdl/rtl/p4_router/p4_router_uram_queue_memory.sv [4ms]
2025-02-19 14:54:31.658 [info] > git cat-file -s f090d4a9b888cbf095ec756b9f51e31e2bcf73dd [1ms]
