2025-03-01 10:07:56.527 [info] [main] Log level: Info
2025-03-01 10:07:56.527 [info] [main] Validating found git in: "git"
2025-03-01 10:07:56.527 [info] [main] Using git "2.43.0" from "git"
2025-03-01 10:07:56.527 [info] [Model][doInitialScan] Initial repository scan started
2025-03-01 10:07:56.527 [info] > git rev-parse --show-toplevel [3ms]
2025-03-01 10:07:56.527 [info] > git rev-parse --git-dir --git-common-dir [1ms]
2025-03-01 10:07:56.527 [info] [Model][openRepository] Opened repository: /home/sgass/Projects/kepler2
2025-03-01 10:07:56.535 [info] > git config --get commit.template [5ms]
2025-03-01 10:07:56.536 [info] > git rev-parse --show-toplevel [2ms]
2025-03-01 10:07:56.541 [info] > git for-each-ref --format=%(refname)%00%(upstream:short)%00%(objectname)%00%(upstream:track)%00%(upstream:remotename)%00%(upstream:remoteref) refs/heads/sgass/prod/no-ref/ecp_v0_2021 refs/remotes/sgass/prod/no-ref/ecp_v0_2021 [1ms]
2025-03-01 10:07:56.551 [info] > git rev-parse --show-toplevel [3ms]
2025-03-01 10:07:56.557 [info] > git rev-parse --show-toplevel [2ms]
2025-03-01 10:07:56.561 [info] > git rev-parse --show-toplevel [1ms]
2025-03-01 10:07:56.565 [info] > git rev-parse --show-toplevel [1ms]
2025-03-01 10:07:56.570 [info] > git rev-parse --show-toplevel [1ms]
2025-03-01 10:07:56.574 [info] > git rev-parse --show-toplevel [1ms]
2025-03-01 10:07:56.578 [info] > git rev-parse --show-toplevel [1ms]
2025-03-01 10:07:56.582 [info] > git rev-parse --show-toplevel [1ms]
2025-03-01 10:07:56.587 [info] > git rev-parse --show-toplevel [2ms]
2025-03-01 10:07:56.591 [info] > git rev-parse --show-toplevel [1ms]
2025-03-01 10:07:56.595 [info] > git rev-parse --show-toplevel [1ms]
2025-03-01 10:07:56.598 [info] > git rev-parse --show-toplevel [1ms]
2025-03-01 10:07:56.603 [info] > git rev-parse --show-toplevel [1ms]
2025-03-01 10:07:56.608 [info] > git rev-parse --show-toplevel [2ms]
2025-03-01 10:07:56.612 [info] > git rev-parse --show-toplevel [1ms]
2025-03-01 10:07:56.616 [info] > git rev-parse --show-toplevel [1ms]
2025-03-01 10:07:56.621 [info] > git rev-parse --show-toplevel [1ms]
2025-03-01 10:07:56.625 [info] > git rev-parse --show-toplevel [1ms]
2025-03-01 10:07:56.630 [info] > git rev-parse --show-toplevel [2ms]
2025-03-01 10:07:56.635 [info] > git rev-parse --show-toplevel [2ms]
2025-03-01 10:07:56.641 [info] > git rev-parse --show-toplevel [1ms]
2025-03-01 10:07:56.645 [info] > git rev-parse --show-toplevel [1ms]
2025-03-01 10:07:56.649 [info] > git rev-parse --show-toplevel [1ms]
2025-03-01 10:07:56.653 [info] > git rev-parse --show-toplevel [1ms]
2025-03-01 10:07:56.658 [info] > git rev-parse --show-toplevel [1ms]
2025-03-01 10:07:56.662 [info] > git rev-parse --show-toplevel [1ms]
2025-03-01 10:07:56.667 [info] > git rev-parse --show-toplevel [1ms]
2025-03-01 10:07:56.672 [info] > git rev-parse --show-toplevel [2ms]
2025-03-01 10:07:56.677 [info] > git rev-parse --show-toplevel [2ms]
2025-03-01 10:07:56.678 [info] [Model][doInitialScan] Initial repository scan completed - repositories (1), closed repositories (0), parent repositories (0), unsafe repositories (0)
2025-03-01 10:07:56.785 [info] > git status -z -uall [241ms]
2025-03-01 10:07:56.796 [info] > git for-each-ref --format=%(refname)%00%(upstream:short)%00%(objectname)%00%(upstream:track)%00%(upstream:remotename)%00%(upstream:remoteref) refs/heads/sgass/prod/no-ref/ecp_v0_2021 refs/remotes/sgass/prod/no-ref/ecp_v0_2021 [7ms]
2025-03-01 10:07:56.800 [info] > git config --get commit.template [6ms]
2025-03-01 10:07:56.802 [info] > git config --local branch.sgass/prod/no-ref/ecp_v0_2021.vscode-merge-base [3ms]
2025-03-01 10:07:56.808 [info] > git for-each-ref --format=%(refname)%00%(upstream:short)%00%(objectname)%00%(upstream:track)%00%(upstream:remotename)%00%(upstream:remoteref) refs/heads/origin/develop refs/remotes/origin/develop [3ms]
2025-03-01 10:07:56.809 [info] > git for-each-ref --format=%(refname)%00%(upstream:short)%00%(objectname)%00%(upstream:track)%00%(upstream:remotename)%00%(upstream:remoteref) refs/heads/sgass/prod/no-ref/ecp_v0_2021 refs/remotes/sgass/prod/no-ref/ecp_v0_2021 [1ms]
2025-03-01 10:07:57.008 [info] > git show --textconv :soc_build/projects.yaml [8ms]
2025-03-01 10:07:57.009 [info] > git ls-files --stage -- /home/sgass/Projects/kepler2/soc_build/projects.yaml [5ms]
2025-03-01 10:07:57.014 [info] > git cat-file -s 5ea86ca9c204e315e91ca6b01121b22a46e51883 [2ms]
2025-03-01 10:07:57.048 [info] > git check-ignore -v -z --stdin [8ms]
2025-03-01 10:07:57.076 [info] > git status -z -uall [264ms]
2025-03-01 10:07:57.082 [info] > git for-each-ref --format=%(refname)%00%(upstream:short)%00%(objectname)%00%(upstream:track)%00%(upstream:remotename)%00%(upstream:remoteref) refs/heads/sgass/prod/no-ref/ecp_v0_2021 refs/remotes/sgass/prod/no-ref/ecp_v0_2021 [2ms]
2025-03-01 10:07:57.087 [info] > git config --local branch.sgass/prod/no-ref/ecp_v0_2021.vscode-merge-base [1ms]
2025-03-01 10:07:57.092 [info] > git for-each-ref --format=%(refname)%00%(upstream:short)%00%(objectname)%00%(upstream:track)%00%(upstream:remotename)%00%(upstream:remoteref) refs/heads/origin/develop refs/remotes/origin/develop [2ms]
2025-03-01 10:07:57.295 [info] > git rev-parse --show-toplevel [1ms]
2025-03-01 10:07:57.299 [info] > git rev-parse --git-dir --git-common-dir [1ms]
2025-03-01 10:07:57.301 [info] [Model][openRepository] Opened repository: /home/sgass/Projects/kepler2/third_party/libhydrogen
2025-03-01 10:07:57.308 [info] > git config --get commit.template [4ms]
2025-03-01 10:07:57.308 [info] > git rev-parse --show-toplevel [1ms]
2025-03-01 10:07:57.315 [info] > git for-each-ref --format %(refname) %(objectname) %(*objectname) refs/tags [4ms]
2025-03-01 10:07:57.318 [info] > git rev-parse --git-dir --git-common-dir [4ms]
2025-03-01 10:07:57.319 [info] [Model][openRepository] Opened repository: /home/sgass/Projects/kepler2/third_party/magic_enum
2025-03-01 10:07:57.326 [info] > git status -z -uall [9ms]
2025-03-01 10:07:57.330 [info] > git rev-parse --show-toplevel [4ms]
2025-03-01 10:07:57.330 [info] > git config --get commit.template [7ms]
2025-03-01 10:07:57.334 [info] > git config --get commit.template [4ms]
2025-03-01 10:07:57.340 [info] > git rev-parse --git-dir --git-common-dir [6ms]
2025-03-01 10:07:57.342 [info] [Model][openRepository] Opened repository: /home/sgass/Projects/kepler2/third_party/googletest
2025-03-01 10:07:57.348 [info] > git for-each-ref --format %(refname) %(objectname) %(*objectname) refs/tags [8ms]
2025-03-01 10:07:57.348 [info] > git for-each-ref --format %(refname) %(objectname) %(*objectname) refs/tags [11ms]
2025-03-01 10:07:57.356 [info] > git status -z -uall [4ms]
2025-03-01 10:07:57.356 [info] > git rev-parse --show-toplevel [8ms]
2025-03-01 10:07:57.356 [info] > git config --get commit.template [11ms]
2025-03-01 10:07:57.361 [info] > git status -z -uall [6ms]
2025-03-01 10:07:57.369 [info] > git rev-parse --show-toplevel [9ms]
2025-03-01 10:07:57.372 [info] > git config --get commit.template [5ms]
2025-03-01 10:07:57.372 [info] > git for-each-ref --format %(refname) %(objectname) %(*objectname) refs/tags [7ms]
2025-03-01 10:07:57.381 [info] > git rev-parse --git-dir --git-common-dir [9ms]
2025-03-01 10:07:57.384 [info] [Model][openRepository] Opened repository: /home/sgass/Projects/kepler2/third_party/fast-cpp-csv-parser
2025-03-01 10:07:57.397 [info] > git status -z -uall [16ms]
2025-03-01 10:07:57.403 [info] > git rev-parse --show-toplevel [6ms]
2025-03-01 10:07:57.403 [info] > git config --get commit.template [9ms]
2025-03-01 10:07:57.403 [info] > git for-each-ref --format %(refname) %(objectname) %(*objectname) refs/tags [12ms]
2025-03-01 10:07:57.411 [info] > git status -z -uall [4ms]
2025-03-01 10:07:57.411 [info] > git config --get commit.template [9ms]
2025-03-01 10:07:57.419 [info] > git for-each-ref --format %(refname) %(objectname) %(*objectname) refs/tags [5ms]
2025-03-01 10:07:57.419 [info] > git rev-parse --git-dir --git-common-dir [8ms]
2025-03-01 10:07:57.423 [info] [Model][openRepository] Opened repository: /home/sgass/Projects/kepler2/hdl/verilog-axis
2025-03-01 10:07:57.434 [info] > git status -z -uall [7ms]
2025-03-01 10:07:57.434 [info] > git for-each-ref --format %(refname) %(objectname) %(*objectname) refs/tags [16ms]
2025-03-01 10:07:57.440 [info] > git rev-parse --show-toplevel [6ms]
2025-03-01 10:07:57.440 [info] > git config --get commit.template [9ms]
2025-03-01 10:07:57.452 [info] > git status -z -uall [13ms]
2025-03-01 10:07:57.456 [info] > git config --get commit.template [5ms]
2025-03-01 10:07:57.457 [info] > git rev-parse --git-dir --git-common-dir [10ms]
2025-03-01 10:07:57.460 [info] [Model][openRepository] Opened repository: /home/sgass/Projects/kepler2/hdl/verilog-ethernet
2025-03-01 10:07:57.470 [info] > git for-each-ref --format %(refname) %(objectname) %(*objectname) refs/tags [14ms]
2025-03-01 10:07:57.478 [info] > git rev-parse --show-toplevel [8ms]
2025-03-01 10:07:57.478 [info] > git config --get commit.template [12ms]
2025-03-01 10:07:57.484 [info] > git status -z -uall [7ms]
2025-03-01 10:07:57.485 [info] > git for-each-ref --format %(refname) %(objectname) %(*objectname) refs/tags [11ms]
2025-03-01 10:07:57.496 [info] > git status -z -uall [7ms]
2025-03-01 10:07:57.496 [info] > git rev-parse --git-dir --git-common-dir [12ms]
2025-03-01 10:07:57.499 [info] [Model][openRepository] Opened repository: /home/sgass/Projects/kepler2/third_party/vext.soapysdr
2025-03-01 10:07:57.508 [info] > git config --get commit.template [13ms]
2025-03-01 10:07:57.508 [info] > git for-each-ref --format %(refname) %(objectname) %(*objectname) refs/tags [16ms]
2025-03-01 10:07:57.515 [info] > git rev-parse --show-toplevel [10ms]
2025-03-01 10:07:57.515 [info] > git config --get commit.template [12ms]
2025-03-01 10:07:57.534 [info] > git status -z -uall [20ms]
2025-03-01 10:07:57.534 [info] > git rev-parse --git-dir --git-common-dir [9ms]
2025-03-01 10:07:57.536 [info] [Model][openRepository] Opened repository: /home/sgass/Projects/kepler2/third_party/STM32CubeL1
2025-03-01 10:07:57.536 [info] > git for-each-ref --format %(refname) %(objectname) %(*objectname) refs/tags [14ms]
2025-03-01 10:07:57.550 [info] > git status -z -uall [8ms]
2025-03-01 10:07:57.551 [info] > git for-each-ref --format %(refname) %(objectname) %(*objectname) refs/tags [17ms]
2025-03-01 10:07:57.554 [info] > git config --get commit.template [4ms]
2025-03-01 10:07:57.554 [info] > git rev-parse --show-toplevel [6ms]
2025-03-01 10:07:57.554 [info] > git config --get commit.template [9ms]
2025-03-01 10:07:57.559 [info] > git status -z -uall [5ms]
2025-03-01 10:07:57.570 [info] > git rev-parse --git-dir --git-common-dir [11ms]
2025-03-01 10:07:57.571 [info] [Model][openRepository] Opened repository: /home/sgass/Projects/kepler2/ansible/kubespray
2025-03-01 10:07:57.575 [info] > git config --get commit.template [6ms]
2025-03-01 10:07:57.575 [info] > git for-each-ref --format %(refname) %(objectname) %(*objectname) refs/tags [8ms]
2025-03-01 10:07:57.575 [info] > git for-each-ref --format %(refname) %(objectname) %(*objectname) refs/tags [11ms]
2025-03-01 10:07:57.581 [info] > git config --get commit.template [7ms]
2025-03-01 10:07:57.588 [info] > git status -z -uall [10ms]
2025-03-01 10:07:57.588 [info] > git for-each-ref --format %(refname) %(objectname) %(*objectname) refs/tags [3ms]
2025-03-01 10:07:57.594 [info] > git status -z -uall [1ms]
2025-03-01 10:07:57.594 [info] > git for-each-ref --format %(refname) %(objectname) %(*objectname) refs/tags [6ms]
2025-03-01 10:07:57.602 [info] > git status -z -uall [21ms]
2025-03-01 10:07:57.611 [info] > git status -z -uall [13ms]
2025-03-01 10:07:57.612 [info] > git config --get commit.template [5ms]
2025-03-01 10:07:57.617 [info] > git for-each-ref --format %(refname) %(objectname) %(*objectname) refs/tags [7ms]
2025-03-01 10:07:57.618 [info] > git config --get commit.template [1ms]
2025-03-01 10:07:57.629 [info] > git for-each-ref --format %(refname) %(objectname) %(*objectname) refs/tags [7ms]
2025-03-01 10:07:57.642 [info] > git status -z -uall [8ms]
2025-03-01 10:07:57.647 [info] > git status -z -uall [21ms]
2025-03-01 10:07:57.825 [info] > git check-ignore -v -z --stdin [7ms]
2025-03-01 10:12:15.910 [info] > git config --get commit.template [8ms]
2025-03-01 10:12:15.912 [info] > git for-each-ref --format=%(refname)%00%(upstream:short)%00%(objectname)%00%(upstream:track)%00%(upstream:remotename)%00%(upstream:remoteref) refs/heads/sgass/prod/no-ref/ecp_v0_2021 refs/remotes/sgass/prod/no-ref/ecp_v0_2021 [3ms]
2025-03-01 10:12:16.008 [info] > git ls-files --stage -- /home/sgass/Projects/kepler2/soc_build/projects.yaml [6ms]
2025-03-01 10:12:16.016 [info] > git cat-file -s 5ea86ca9c204e315e91ca6b01121b22a46e51883 [3ms]
2025-03-01 10:12:16.033 [info] > git show --textconv :soc_build/projects.yaml [9ms]
2025-03-01 10:12:16.259 [info] > git status -z -uall [340ms]
2025-03-01 10:12:16.265 [info] > git for-each-ref --format=%(refname)%00%(upstream:short)%00%(objectname)%00%(upstream:track)%00%(upstream:remotename)%00%(upstream:remoteref) refs/heads/sgass/prod/no-ref/ecp_v0_2021 refs/remotes/sgass/prod/no-ref/ecp_v0_2021 [2ms]
2025-03-01 10:12:16.269 [info] > git config --local branch.sgass/prod/no-ref/ecp_v0_2021.vscode-merge-base [1ms]
2025-03-01 10:12:16.274 [info] > git for-each-ref --format=%(refname)%00%(upstream:short)%00%(objectname)%00%(upstream:track)%00%(upstream:remotename)%00%(upstream:remoteref) refs/heads/origin/develop refs/remotes/origin/develop [2ms]
2025-03-01 10:12:18.075 [info] > git ls-files --stage -- /home/sgass/Projects/kepler2/soc_build/projects.yaml [9ms]
2025-03-01 10:12:18.084 [info] > git cat-file -s 5ea86ca9c204e315e91ca6b01121b22a46e51883 [3ms]
2025-03-01 10:12:18.101 [info] > git show --textconv :soc_build/projects.yaml [9ms]
2025-03-01 10:12:21.284 [info] > git config --get commit.template [8ms]
2025-03-01 10:12:21.286 [info] > git for-each-ref --format=%(refname)%00%(upstream:short)%00%(objectname)%00%(upstream:track)%00%(upstream:remotename)%00%(upstream:remoteref) refs/heads/sgass/prod/no-ref/ecp_v0_2021 refs/remotes/sgass/prod/no-ref/ecp_v0_2021 [2ms]
2025-03-01 10:12:21.677 [info] > git status -z -uall [385ms]
2025-03-01 10:12:21.682 [info] > git for-each-ref --format=%(refname)%00%(upstream:short)%00%(objectname)%00%(upstream:track)%00%(upstream:remotename)%00%(upstream:remoteref) refs/heads/sgass/prod/no-ref/ecp_v0_2021 refs/remotes/sgass/prod/no-ref/ecp_v0_2021 [1ms]
2025-03-01 10:12:21.686 [info] > git config --local branch.sgass/prod/no-ref/ecp_v0_2021.vscode-merge-base [1ms]
2025-03-01 10:12:21.691 [info] > git for-each-ref --format=%(refname)%00%(upstream:short)%00%(objectname)%00%(upstream:track)%00%(upstream:remotename)%00%(upstream:remoteref) refs/heads/origin/develop refs/remotes/origin/develop [1ms]
2025-03-01 10:12:28.767 [info] > git config --get commit.template [8ms]
2025-03-01 10:12:28.769 [info] > git for-each-ref --format=%(refname)%00%(upstream:short)%00%(objectname)%00%(upstream:track)%00%(upstream:remotename)%00%(upstream:remoteref) refs/heads/sgass/prod/no-ref/ecp_v0_2021 refs/remotes/sgass/prod/no-ref/ecp_v0_2021 [3ms]
2025-03-01 10:12:28.865 [info] > git ls-files --stage -- /home/sgass/Projects/kepler2/soc_build/projects.yaml [10ms]
2025-03-01 10:12:28.875 [info] > git cat-file -s 5ea86ca9c204e315e91ca6b01121b22a46e51883 [3ms]
2025-03-01 10:12:28.898 [info] > git show --textconv :soc_build/projects.yaml [12ms]
2025-03-01 10:12:29.052 [info] > git status -z -uall [279ms]
2025-03-01 10:12:29.057 [info] > git for-each-ref --format=%(refname)%00%(upstream:short)%00%(objectname)%00%(upstream:track)%00%(upstream:remotename)%00%(upstream:remoteref) refs/heads/sgass/prod/no-ref/ecp_v0_2021 refs/remotes/sgass/prod/no-ref/ecp_v0_2021 [1ms]
2025-03-01 10:12:29.061 [info] > git config --local branch.sgass/prod/no-ref/ecp_v0_2021.vscode-merge-base [1ms]
2025-03-01 10:12:29.067 [info] > git for-each-ref --format=%(refname)%00%(upstream:short)%00%(objectname)%00%(upstream:track)%00%(upstream:remotename)%00%(upstream:remoteref) refs/heads/origin/develop refs/remotes/origin/develop [1ms]
2025-03-01 10:12:30.365 [info] > git ls-files --stage -- /home/sgass/Projects/kepler2/soc_build/projects.yaml [8ms]
2025-03-01 10:12:30.373 [info] > git cat-file -s 5ea86ca9c204e315e91ca6b01121b22a46e51883 [3ms]
2025-03-01 10:12:30.390 [info] > git show --textconv :soc_build/projects.yaml [9ms]
2025-03-01 10:12:34.077 [info] > git config --get commit.template [8ms]
2025-03-01 10:12:34.080 [info] > git for-each-ref --format=%(refname)%00%(upstream:short)%00%(objectname)%00%(upstream:track)%00%(upstream:remotename)%00%(upstream:remoteref) refs/heads/sgass/prod/no-ref/ecp_v0_2021 refs/remotes/sgass/prod/no-ref/ecp_v0_2021 [3ms]
2025-03-01 10:12:34.411 [info] > git status -z -uall [324ms]
2025-03-01 10:12:34.415 [info] > git for-each-ref --format=%(refname)%00%(upstream:short)%00%(objectname)%00%(upstream:track)%00%(upstream:remotename)%00%(upstream:remoteref) refs/heads/sgass/prod/no-ref/ecp_v0_2021 refs/remotes/sgass/prod/no-ref/ecp_v0_2021 [1ms]
2025-03-01 10:12:34.419 [info] > git config --local branch.sgass/prod/no-ref/ecp_v0_2021.vscode-merge-base [1ms]
2025-03-01 10:12:34.424 [info] > git for-each-ref --format=%(refname)%00%(upstream:short)%00%(objectname)%00%(upstream:track)%00%(upstream:remotename)%00%(upstream:remoteref) refs/heads/origin/develop refs/remotes/origin/develop [2ms]
2025-03-01 10:12:35.324 [info] > git ls-files --stage -- /home/sgass/Projects/kepler2/soc_build/projects.yaml [9ms]
2025-03-01 10:12:35.332 [info] > git cat-file -s 5ea86ca9c204e315e91ca6b01121b22a46e51883 [2ms]
2025-03-01 10:12:35.350 [info] > git show --textconv :soc_build/projects.yaml [10ms]
2025-03-01 10:12:36.779 [info] > git ls-files --stage -- /home/sgass/Projects/kepler2/soc_build/projects.yaml [6ms]
2025-03-01 10:12:36.786 [info] > git cat-file -s 5ea86ca9c204e315e91ca6b01121b22a46e51883 [2ms]
2025-03-01 10:12:36.804 [info] > git show --textconv :soc_build/projects.yaml [10ms]
2025-03-01 10:12:39.437 [info] > git config --get commit.template [9ms]
2025-03-01 10:12:39.438 [info] > git for-each-ref --format=%(refname)%00%(upstream:short)%00%(objectname)%00%(upstream:track)%00%(upstream:remotename)%00%(upstream:remoteref) refs/heads/sgass/prod/no-ref/ecp_v0_2021 refs/remotes/sgass/prod/no-ref/ecp_v0_2021 [3ms]
2025-03-01 10:12:39.783 [info] > git status -z -uall [339ms]
2025-03-01 10:12:39.788 [info] > git for-each-ref --format=%(refname)%00%(upstream:short)%00%(objectname)%00%(upstream:track)%00%(upstream:remotename)%00%(upstream:remoteref) refs/heads/sgass/prod/no-ref/ecp_v0_2021 refs/remotes/sgass/prod/no-ref/ecp_v0_2021 [1ms]
2025-03-01 10:12:39.792 [info] > git config --local branch.sgass/prod/no-ref/ecp_v0_2021.vscode-merge-base [1ms]
2025-03-01 10:12:39.796 [info] > git for-each-ref --format=%(refname)%00%(upstream:short)%00%(objectname)%00%(upstream:track)%00%(upstream:remotename)%00%(upstream:remoteref) refs/heads/origin/develop refs/remotes/origin/develop [2ms]
2025-03-01 10:12:39.946 [info] > git ls-files --stage -- /home/sgass/Projects/kepler2/soc_build/projects.yaml [8ms]
2025-03-01 10:12:39.955 [info] > git cat-file -s 5ea86ca9c204e315e91ca6b01121b22a46e51883 [4ms]
2025-03-01 10:12:39.972 [info] > git show --textconv :soc_build/projects.yaml [10ms]
2025-03-01 10:12:41.292 [info] > git ls-files --stage -- /home/sgass/Projects/kepler2/soc_build/projects.yaml [7ms]
2025-03-01 10:12:41.301 [info] > git cat-file -s 5ea86ca9c204e315e91ca6b01121b22a46e51883 [4ms]
2025-03-01 10:12:41.319 [info] > git show --textconv :soc_build/projects.yaml [10ms]
2025-03-01 10:12:44.809 [info] > git config --get commit.template [8ms]
2025-03-01 10:12:44.811 [info] > git for-each-ref --format=%(refname)%00%(upstream:short)%00%(objectname)%00%(upstream:track)%00%(upstream:remotename)%00%(upstream:remoteref) refs/heads/sgass/prod/no-ref/ecp_v0_2021 refs/remotes/sgass/prod/no-ref/ecp_v0_2021 [3ms]
2025-03-01 10:12:45.127 [info] > git status -z -uall [311ms]
2025-03-01 10:12:45.132 [info] > git for-each-ref --format=%(refname)%00%(upstream:short)%00%(objectname)%00%(upstream:track)%00%(upstream:remotename)%00%(upstream:remoteref) refs/heads/sgass/prod/no-ref/ecp_v0_2021 refs/remotes/sgass/prod/no-ref/ecp_v0_2021 [2ms]
2025-03-01 10:12:45.135 [info] > git config --local branch.sgass/prod/no-ref/ecp_v0_2021.vscode-merge-base [1ms]
2025-03-01 10:12:45.139 [info] > git for-each-ref --format=%(refname)%00%(upstream:short)%00%(objectname)%00%(upstream:track)%00%(upstream:remotename)%00%(upstream:remoteref) refs/heads/origin/develop refs/remotes/origin/develop [1ms]
2025-03-01 10:13:11.133 [info] > git config --get commit.template [6ms]
2025-03-01 10:13:11.134 [info] > git for-each-ref --format=%(refname)%00%(upstream:short)%00%(objectname)%00%(upstream:track)%00%(upstream:remotename)%00%(upstream:remoteref) refs/heads/sgass/prod/no-ref/ecp_v0_2021 refs/remotes/sgass/prod/no-ref/ecp_v0_2021 [2ms]
2025-03-01 10:13:11.230 [info] > git ls-files --stage -- /home/sgass/Projects/kepler2/soc_build/projects.yaml [6ms]
2025-03-01 10:13:11.235 [info] > git cat-file -s 5ea86ca9c204e315e91ca6b01121b22a46e51883 [2ms]
2025-03-01 10:13:11.245 [info] > git show --textconv :soc_build/projects.yaml [6ms]
2025-03-01 10:13:11.441 [info] > git status -z -uall [300ms]
2025-03-01 10:13:11.446 [info] > git for-each-ref --format=%(refname)%00%(upstream:short)%00%(objectname)%00%(upstream:track)%00%(upstream:remotename)%00%(upstream:remoteref) refs/heads/sgass/prod/no-ref/ecp_v0_2021 refs/remotes/sgass/prod/no-ref/ecp_v0_2021 [1ms]
2025-03-01 10:13:11.449 [info] > git config --local branch.sgass/prod/no-ref/ecp_v0_2021.vscode-merge-base [1ms]
2025-03-01 10:13:11.452 [info] > git for-each-ref --format=%(refname)%00%(upstream:short)%00%(objectname)%00%(upstream:track)%00%(upstream:remotename)%00%(upstream:remoteref) refs/heads/origin/develop refs/remotes/origin/develop [1ms]
2025-03-01 10:13:21.564 [info] > git config --get commit.template [11ms]
2025-03-01 10:13:21.566 [info] > git for-each-ref --format=%(refname)%00%(upstream:short)%00%(objectname)%00%(upstream:track)%00%(upstream:remotename)%00%(upstream:remoteref) refs/heads/sgass/prod/no-ref/ecp_v0_2021 refs/remotes/sgass/prod/no-ref/ecp_v0_2021 [4ms]
2025-03-01 10:13:21.662 [info] > git ls-files --stage -- /home/sgass/Projects/kepler2/soc_build/projects.yaml [9ms]
2025-03-01 10:13:21.674 [info] > git cat-file -s 5ea86ca9c204e315e91ca6b01121b22a46e51883 [4ms]
2025-03-01 10:13:21.695 [info] > git show --textconv :soc_build/projects.yaml [11ms]
2025-03-01 10:13:21.929 [info] > git status -z -uall [355ms]
2025-03-01 10:13:21.936 [info] > git for-each-ref --format=%(refname)%00%(upstream:short)%00%(objectname)%00%(upstream:track)%00%(upstream:remotename)%00%(upstream:remoteref) refs/heads/sgass/prod/no-ref/ecp_v0_2021 refs/remotes/sgass/prod/no-ref/ecp_v0_2021 [3ms]
2025-03-01 10:13:21.939 [info] > git config --local branch.sgass/prod/no-ref/ecp_v0_2021.vscode-merge-base [0ms]
2025-03-01 10:13:21.943 [info] > git for-each-ref --format=%(refname)%00%(upstream:short)%00%(objectname)%00%(upstream:track)%00%(upstream:remotename)%00%(upstream:remoteref) refs/heads/origin/develop refs/remotes/origin/develop [1ms]
2025-03-01 10:13:26.069 [info] > git ls-files --stage -- /home/sgass/Projects/kepler2/soc_build/projects.yaml [9ms]
2025-03-01 10:13:26.076 [info] > git cat-file -s 5ea86ca9c204e315e91ca6b01121b22a46e51883 [2ms]
2025-03-01 10:13:26.084 [info] > git show --textconv :soc_build/projects.yaml [4ms]
2025-03-01 10:13:26.955 [info] > git config --get commit.template [8ms]
2025-03-01 10:13:26.957 [info] > git for-each-ref --format=%(refname)%00%(upstream:short)%00%(objectname)%00%(upstream:track)%00%(upstream:remotename)%00%(upstream:remoteref) refs/heads/sgass/prod/no-ref/ecp_v0_2021 refs/remotes/sgass/prod/no-ref/ecp_v0_2021 [3ms]
2025-03-01 10:13:27.609 [info] > git status -z -uall [646ms] (cancelled)
2025-03-01 10:13:29.195 [info] > git config --get commit.template [9ms]
2025-03-01 10:13:29.198 [info] > git for-each-ref --format %(refname) %(objectname) %(*objectname) refs/tags [4ms]
2025-03-01 10:13:29.217 [info] > git status -z -uall [13ms]
2025-03-01 10:13:29.300 [info] > git config --get commit.template [7ms]
2025-03-01 10:13:29.312 [info] > git config --get commit.template [13ms]
2025-03-01 10:13:29.313 [info] > git for-each-ref --format %(refname) %(objectname) %(*objectname) refs/tags [7ms]
2025-03-01 10:13:29.319 [info] > git for-each-ref --format %(refname) %(objectname) %(*objectname) refs/tags [7ms]
2025-03-01 10:13:29.326 [info] > git status -z -uall [7ms]
2025-03-01 10:13:29.336 [info] > git status -z -uall [11ms]
2025-03-01 10:13:29.338 [info] > git config --get commit.template [2ms]
2025-03-01 10:13:29.347 [info] > git for-each-ref --format %(refname) %(objectname) %(*objectname) refs/tags [3ms]
2025-03-01 10:13:29.377 [info] > git config --get commit.template [11ms]
2025-03-01 10:13:29.382 [info] > git for-each-ref --format %(refname) %(objectname) %(*objectname) refs/tags [11ms]
2025-03-01 10:13:29.385 [info] > git status -z -uall [33ms]
2025-03-01 10:13:29.385 [info] > git config --get commit.template [8ms]
2025-03-01 10:13:29.389 [info] > git config --get commit.template [7ms]
2025-03-01 10:13:29.397 [info] > git status -z -uall [5ms]
2025-03-01 10:13:29.397 [info] > git config --get commit.template [12ms]
2025-03-01 10:13:29.404 [info] > git for-each-ref --format %(refname) %(objectname) %(*objectname) refs/tags [17ms]
2025-03-01 10:13:29.411 [info] > git for-each-ref --format %(refname) %(objectname) %(*objectname) refs/tags [10ms]
2025-03-01 10:13:29.411 [info] > git for-each-ref --format %(refname) %(objectname) %(*objectname) refs/tags [15ms]
2025-03-01 10:13:29.424 [info] > git status -z -uall [14ms]
2025-03-01 10:13:29.424 [info] > git status -z -uall [7ms]
2025-03-01 10:13:29.433 [info] > git status -z -uall [10ms]
2025-03-01 10:13:29.433 [info] > git config --get commit.template [2ms]
2025-03-01 10:13:29.441 [info] > git for-each-ref --format %(refname) %(objectname) %(*objectname) refs/tags [2ms]
2025-03-01 10:13:29.448 [info] > git status -z -uall [2ms]
2025-03-01 10:13:29.595 [info] > git ls-files --stage -- /home/sgass/Projects/kepler2/soc_build/projects.yaml [9ms]
2025-03-01 10:13:29.604 [info] > git cat-file -s 5ea86ca9c204e315e91ca6b01121b22a46e51883 [3ms]
2025-03-01 10:13:29.624 [info] > git show --textconv :soc_build/projects.yaml [15ms]
2025-03-01 10:13:53.155 [info] > git ls-files --stage -- /home/sgass/Projects/kepler2/soc_build/projects.yaml [12ms]
2025-03-01 10:13:53.162 [info] > git cat-file -s 5ea86ca9c204e315e91ca6b01121b22a46e51883 [3ms]
2025-03-01 10:13:53.182 [info] > git show --textconv :soc_build/projects.yaml [11ms]
2025-03-01 10:13:55.051 [info] > git config --get commit.template [8ms]
2025-03-01 10:13:55.055 [info] > git for-each-ref --format %(refname) %(objectname) %(*objectname) refs/tags [5ms]
2025-03-01 10:13:55.075 [info] > git status -z -uall [14ms]
2025-03-01 10:13:55.165 [info] > git config --get commit.template [13ms]
2025-03-01 10:13:55.166 [info] > git for-each-ref --format %(refname) %(objectname) %(*objectname) refs/tags [8ms]
2025-03-01 10:13:55.171 [info] > git config --get commit.template [6ms]
2025-03-01 10:13:55.178 [info] > git for-each-ref --format %(refname) %(objectname) %(*objectname) refs/tags [7ms]
2025-03-01 10:13:55.183 [info] > git status -z -uall [6ms]
2025-03-01 10:13:55.191 [info] > git status -z -uall [8ms]
2025-03-01 10:13:55.206 [info] > git config --get commit.template [7ms]
2025-03-01 10:13:55.208 [info] > git for-each-ref --format %(refname) %(objectname) %(*objectname) refs/tags [2ms]
2025-03-01 10:13:55.236 [info] > git config --get commit.template [7ms]
2025-03-01 10:13:55.237 [info] > git config --get commit.template [1ms]
2025-03-01 10:13:55.237 [info] > git for-each-ref --format %(refname) %(objectname) %(*objectname) refs/tags [4ms]
2025-03-01 10:13:55.250 [info] > git status -z -uall [37ms]
2025-03-01 10:13:55.250 [info] > git status -z -uall [6ms]
2025-03-01 10:13:55.258 [info] > git config --get commit.template [8ms]
2025-03-01 10:13:55.260 [info] > git for-each-ref --format %(refname) %(objectname) %(*objectname) refs/tags [19ms]
2025-03-01 10:13:55.265 [info] > git config --get commit.template [8ms]
2025-03-01 10:13:55.275 [info] > git status -z -uall [10ms]
2025-03-01 10:13:55.276 [info] > git for-each-ref --format %(refname) %(objectname) %(*objectname) refs/tags [6ms]
2025-03-01 10:13:55.280 [info] > git for-each-ref --format %(refname) %(objectname) %(*objectname) refs/tags [6ms]
2025-03-01 10:13:55.284 [info] > git status -z -uall [4ms]
2025-03-01 10:13:55.291 [info] > git status -z -uall [7ms]
2025-03-01 10:13:55.293 [info] > git config --get commit.template [2ms]
2025-03-01 10:13:55.298 [info] > git for-each-ref --format %(refname) %(objectname) %(*objectname) refs/tags [1ms]
2025-03-01 10:13:55.306 [info] > git status -z -uall [2ms]
2025-03-01 10:13:55.457 [info] > git ls-files --stage -- /home/sgass/Projects/kepler2/soc_build/projects.yaml [8ms]
2025-03-01 10:13:55.463 [info] > git cat-file -s 5ea86ca9c204e315e91ca6b01121b22a46e51883 [2ms]
2025-03-01 10:13:55.480 [info] > git show --textconv :soc_build/projects.yaml [11ms]
2025-03-01 10:14:06.245 [info] > git config --get commit.template [8ms]
2025-03-01 10:14:06.250 [info] > git for-each-ref --format %(refname) %(objectname) %(*objectname) refs/tags [6ms]
2025-03-01 10:14:06.274 [info] > git status -z -uall [18ms]
2025-03-01 10:14:06.339 [info] > git config --get commit.template [10ms]
2025-03-01 10:14:06.352 [info] > git config --get commit.template [14ms]
2025-03-01 10:14:06.352 [info] > git for-each-ref --format %(refname) %(objectname) %(*objectname) refs/tags [7ms]
2025-03-01 10:14:06.357 [info] > git for-each-ref --format %(refname) %(objectname) %(*objectname) refs/tags [6ms]
2025-03-01 10:14:06.367 [info] > git status -z -uall [10ms]
2025-03-01 10:14:06.367 [info] > git status -z -uall [5ms]
2025-03-01 10:14:06.368 [info] > git config --get commit.template [1ms]
2025-03-01 10:14:06.375 [info] > git for-each-ref --format %(refname) %(objectname) %(*objectname) refs/tags [2ms]
2025-03-01 10:14:06.398 [info] > git config --get commit.template [6ms]
2025-03-01 10:14:06.408 [info] > git config --get commit.template [9ms]
2025-03-01 10:14:06.420 [info] > git status -z -uall [41ms]
2025-03-01 10:14:06.421 [info] > git config --get commit.template [16ms]
2025-03-01 10:14:06.425 [info] > git for-each-ref --format %(refname) %(objectname) %(*objectname) refs/tags [9ms]
2025-03-01 10:14:06.435 [info] > git status -z -uall [6ms]
2025-03-01 10:14:06.435 [info] > git for-each-ref --format %(refname) %(objectname) %(*objectname) refs/tags [11ms]
2025-03-01 10:14:06.435 [info] > git config --get commit.template [15ms]
2025-03-01 10:14:06.441 [info] > git status -z -uall [3ms]
2025-03-01 10:14:06.441 [info] > git config --get commit.template [6ms]
2025-03-01 10:14:06.442 [info] > git for-each-ref --format %(refname) %(objectname) %(*objectname) refs/tags [10ms]
2025-03-01 10:14:06.446 [info] > git for-each-ref --format %(refname) %(objectname) %(*objectname) refs/tags [4ms]
2025-03-01 10:14:06.450 [info] > git status -z -uall [5ms]
2025-03-01 10:14:06.453 [info] > git for-each-ref --format %(refname) %(objectname) %(*objectname) refs/tags [4ms]
2025-03-01 10:14:06.455 [info] > git status -z -uall [2ms]
2025-03-01 10:14:06.456 [info] > git status -z -uall [1ms]
2025-03-01 10:14:06.602 [info] > git ls-files --stage -- /home/sgass/Projects/kepler2/soc_build/projects.yaml [9ms]
2025-03-01 10:14:06.611 [info] > git cat-file -s 5ea86ca9c204e315e91ca6b01121b22a46e51883 [2ms]
2025-03-01 10:14:06.631 [info] > git show --textconv :soc_build/projects.yaml [9ms]
2025-03-01 10:14:13.029 [info] > git ls-files --stage -- /home/sgass/Projects/kepler2/soc_build/projects.yaml [9ms]
2025-03-01 10:14:13.038 [info] > git cat-file -s 5ea86ca9c204e315e91ca6b01121b22a46e51883 [3ms]
2025-03-01 10:14:13.055 [info] > git show --textconv :soc_build/projects.yaml [9ms]
2025-03-01 10:14:34.963 [info] > git ls-files --stage -- /home/sgass/Projects/kepler2/soc_build/projects.yaml [10ms]
2025-03-01 10:14:34.973 [info] > git cat-file -s 5ea86ca9c204e315e91ca6b01121b22a46e51883 [4ms]
2025-03-01 10:14:34.993 [info] > git show --textconv :soc_build/projects.yaml [11ms]
2025-03-01 10:14:44.513 [info] > git config --get commit.template [7ms]
2025-03-01 10:14:44.518 [info] > git for-each-ref --format %(refname) %(objectname) %(*objectname) refs/tags [5ms]
2025-03-01 10:14:44.531 [info] > git status -z -uall [8ms]
2025-03-01 10:14:44.598 [info] > git config --get commit.template [10ms]
2025-03-01 10:14:44.613 [info] > git config --get commit.template [16ms]
2025-03-01 10:14:44.613 [info] > git for-each-ref --format %(refname) %(objectname) %(*objectname) refs/tags [7ms]
2025-03-01 10:14:44.619 [info] > git for-each-ref --format %(refname) %(objectname) %(*objectname) refs/tags [7ms]
2025-03-01 10:14:44.625 [info] > git status -z -uall [6ms]
2025-03-01 10:14:44.642 [info] > git status -z -uall [18ms]
2025-03-01 10:14:44.644 [info] > git config --get commit.template [9ms]
2025-03-01 10:14:44.645 [info] > git for-each-ref --format %(refname) %(objectname) %(*objectname) refs/tags [4ms]
2025-03-01 10:14:44.687 [info] > git for-each-ref --format %(refname) %(objectname) %(*objectname) refs/tags [9ms]
2025-03-01 10:14:44.687 [info] > git config --get commit.template [16ms]
2025-03-01 10:14:44.697 [info] > git status -z -uall [46ms]
2025-03-01 10:14:44.697 [info] > git config --get commit.template [12ms]
2025-03-01 10:14:44.698 [info] > git config --get commit.template [4ms]
2025-03-01 10:14:44.702 [info] > git config --get commit.template [5ms]
2025-03-01 10:14:44.712 [info] > git status -z -uall [7ms]
2025-03-01 10:14:44.713 [info] > git for-each-ref --format %(refname) %(objectname) %(*objectname) refs/tags [5ms]
2025-03-01 10:14:44.713 [info] > git for-each-ref --format %(refname) %(objectname) %(*objectname) refs/tags [12ms]
2025-03-01 10:14:44.720 [info] > git for-each-ref --format %(refname) %(objectname) %(*objectname) refs/tags [9ms]
2025-03-01 10:14:44.729 [info] > git status -z -uall [13ms]
2025-03-01 10:14:44.729 [info] > git status -z -uall [9ms]
2025-03-01 10:14:44.729 [info] > git status -z -uall [4ms]
2025-03-01 10:14:44.730 [info] > git config --get commit.template [2ms]
2025-03-01 10:14:44.737 [info] > git for-each-ref --format %(refname) %(objectname) %(*objectname) refs/tags [2ms]
2025-03-01 10:14:44.741 [info] > git status -z -uall [2ms]
2025-03-01 10:14:44.884 [info] > git ls-files --stage -- /home/sgass/Projects/kepler2/soc_build/projects.yaml [8ms]
2025-03-01 10:14:44.892 [info] > git cat-file -s 5ea86ca9c204e315e91ca6b01121b22a46e51883 [3ms]
2025-03-01 10:14:44.908 [info] > git show --textconv :soc_build/projects.yaml [9ms]
2025-03-01 10:16:11.806 [info] > git config --get commit.template [11ms]
2025-03-01 10:16:11.811 [info] > git for-each-ref --format %(refname) %(objectname) %(*objectname) refs/tags [7ms]
2025-03-01 10:16:11.838 [info] > git status -z -uall [20ms]
2025-03-01 10:16:11.889 [info] > git config --get commit.template [9ms]
2025-03-01 10:16:11.902 [info] > git config --get commit.template [14ms]
2025-03-01 10:16:11.902 [info] > git for-each-ref --format %(refname) %(objectname) %(*objectname) refs/tags [7ms]
2025-03-01 10:16:11.908 [info] > git for-each-ref --format %(refname) %(objectname) %(*objectname) refs/tags [7ms]
2025-03-01 10:16:11.911 [info] > git status -z -uall [4ms]
2025-03-01 10:16:11.914 [info] > git status -z -uall [3ms]
2025-03-01 10:16:11.929 [info] > git config --get commit.template [4ms]
2025-03-01 10:16:11.929 [info] > git for-each-ref --format %(refname) %(objectname) %(*objectname) refs/tags [1ms]
2025-03-01 10:16:11.955 [info] > git status -z -uall [23ms]
2025-03-01 10:16:11.955 [info] > git config --get commit.template [2ms]
2025-03-01 10:16:11.956 [info] > git for-each-ref --format %(refname) %(objectname) %(*objectname) refs/tags [1ms]
2025-03-01 10:16:11.963 [info] > git status -z -uall [4ms]
2025-03-01 10:16:11.964 [info] > git config --get commit.template [1ms]
2025-03-01 10:16:11.976 [info] > git for-each-ref --format %(refname) %(objectname) %(*objectname) refs/tags [8ms]
2025-03-01 10:16:11.979 [info] > git config --get commit.template [7ms]
2025-03-01 10:16:11.982 [info] > git status -z -uall [3ms]
2025-03-01 10:16:11.983 [info] > git config --get commit.template [6ms]
2025-03-01 10:16:11.988 [info] > git for-each-ref --format %(refname) %(objectname) %(*objectname) refs/tags [6ms]
2025-03-01 10:16:11.993 [info] > git for-each-ref --format %(refname) %(objectname) %(*objectname) refs/tags [7ms]
2025-03-01 10:16:11.998 [info] > git status -z -uall [6ms]
2025-03-01 10:16:12.001 [info] > git status -z -uall [3ms]
2025-03-01 10:16:12.036 [info] > git config --get commit.template [8ms]
2025-03-01 10:16:12.038 [info] > git for-each-ref --format %(refname) %(objectname) %(*objectname) refs/tags [2ms]
2025-03-01 10:16:12.046 [info] > git status -z -uall [2ms]
2025-03-01 10:16:12.179 [info] > git ls-files --stage -- /home/sgass/Projects/kepler2/soc_build/projects.yaml [6ms]
2025-03-01 10:16:12.189 [info] > git cat-file -s 5ea86ca9c204e315e91ca6b01121b22a46e51883 [4ms]
2025-03-01 10:16:12.205 [info] > git show --textconv :soc_build/projects.yaml [9ms]
2025-03-01 10:16:14.380 [info] > git ls-files --stage -- /home/sgass/Projects/kepler2/soc_build/projects.yaml [7ms]
2025-03-01 10:16:14.384 [info] > git cat-file -s fb6b6d62efc13c59ac7129f51d6196d3ec8fc265 [2ms]
2025-03-01 10:16:14.398 [info] > git show --textconv :soc_build/projects.yaml [8ms]
2025-03-01 10:41:53.903 [info] > git config --get commit.template [4ms]
2025-03-01 10:41:53.905 [info] > git for-each-ref --format %(refname) %(objectname) %(*objectname) refs/tags [2ms]
2025-03-01 10:41:53.917 [info] > git status -z -uall [8ms]
2025-03-01 10:41:53.981 [info] > git config --get commit.template [3ms]
2025-03-01 10:41:53.987 [info] > git config --get commit.template [6ms]
2025-03-01 10:41:53.987 [info] > git for-each-ref --format %(refname) %(objectname) %(*objectname) refs/tags [4ms]
2025-03-01 10:41:53.990 [info] > git for-each-ref --format %(refname) %(objectname) %(*objectname) refs/tags [3ms]
2025-03-01 10:41:53.993 [info] > git status -z -uall [3ms]
2025-03-01 10:41:54.001 [info] > git status -z -uall [8ms]
2025-03-01 10:41:54.020 [info] > git config --get commit.template [9ms]
2025-03-01 10:41:54.020 [info] > git for-each-ref --format %(refname) %(objectname) %(*objectname) refs/tags [1ms]
2025-03-01 10:41:54.040 [info] > git config --get commit.template [3ms]
2025-03-01 10:41:54.040 [info] > git for-each-ref --format %(refname) %(objectname) %(*objectname) refs/tags [1ms]
2025-03-01 10:41:54.044 [info] > git status -z -uall [1ms]
2025-03-01 10:41:54.047 [info] > git status -z -uall [23ms]
2025-03-01 10:41:54.051 [info] > git config --get commit.template [4ms]
2025-03-01 10:41:54.059 [info] > git config --get commit.template [8ms]
2025-03-01 10:41:54.063 [info] > git for-each-ref --format %(refname) %(objectname) %(*objectname) refs/tags [8ms]
2025-03-01 10:41:54.068 [info] > git config --get commit.template [10ms]
2025-03-01 10:41:54.072 [info] > git for-each-ref --format %(refname) %(objectname) %(*objectname) refs/tags [9ms]
2025-03-01 10:41:54.077 [info] > git status -z -uall [10ms]
2025-03-01 10:41:54.078 [info] > git for-each-ref --format %(refname) %(objectname) %(*objectname) refs/tags [6ms]
2025-03-01 10:41:54.084 [info] > git status -z -uall [8ms]
2025-03-01 10:41:54.087 [info] > git status -z -uall [3ms]
2025-03-01 10:41:54.121 [info] > git config --get commit.template [7ms]
2025-03-01 10:41:54.122 [info] > git for-each-ref --format %(refname) %(objectname) %(*objectname) refs/tags [2ms]
2025-03-01 10:41:54.131 [info] > git status -z -uall [3ms]
2025-03-01 10:41:54.279 [info] > git ls-files --stage -- /home/sgass/Projects/kepler2/soc_build/projects.yaml [9ms]
2025-03-01 10:41:54.286 [info] > git cat-file -s fb6b6d62efc13c59ac7129f51d6196d3ec8fc265 [3ms]
2025-03-01 10:41:54.304 [info] > git show --textconv :soc_build/projects.yaml [11ms]
2025-03-01 10:42:03.809 [info] > git config --get commit.template [7ms]
2025-03-01 10:42:03.813 [info] > git for-each-ref --format %(refname) %(objectname) %(*objectname) refs/tags [5ms]
2025-03-01 10:42:03.833 [info] > git status -z -uall [13ms]
2025-03-01 10:42:03.912 [info] > git config --get commit.template [6ms]
2025-03-01 10:42:03.919 [info] > git config --get commit.template [8ms]
2025-03-01 10:42:03.920 [info] > git for-each-ref --format %(refname) %(objectname) %(*objectname) refs/tags [6ms]
2025-03-01 10:42:03.926 [info] > git for-each-ref --format %(refname) %(objectname) %(*objectname) refs/tags [7ms]
2025-03-01 10:42:03.933 [info] > git status -z -uall [7ms]
2025-03-01 10:42:03.940 [info] > git status -z -uall [8ms]
2025-03-01 10:42:03.968 [info] > git config --get commit.template [6ms]
2025-03-01 10:42:03.969 [info] > git for-each-ref --format %(refname) %(objectname) %(*objectname) refs/tags [2ms]
2025-03-01 10:42:04.018 [info] > git status -z -uall [43ms]
2025-03-01 10:42:04.018 [info] > git config --get commit.template [5ms]
2025-03-01 10:42:04.018 [info] > git for-each-ref --format %(refname) %(objectname) %(*objectname) refs/tags [9ms]
2025-03-01 10:42:04.019 [info] > git config --get commit.template [15ms]
2025-03-01 10:42:04.024 [info] > git config --get commit.template [6ms]
2025-03-01 10:42:04.027 [info] > git config --get commit.template [4ms]
2025-03-01 10:42:04.044 [info] > git for-each-ref --format %(refname) %(objectname) %(*objectname) refs/tags [17ms]
2025-03-01 10:42:04.050 [info] > git status -z -uall [7ms]
2025-03-01 10:42:04.052 [info] > git for-each-ref --format %(refname) %(objectname) %(*objectname) refs/tags [14ms]
2025-03-01 10:42:04.052 [info] > git for-each-ref --format %(refname) %(objectname) %(*objectname) refs/tags [21ms]
2025-03-01 10:42:04.064 [info] > git status -z -uall [15ms]
2025-03-01 10:42:04.064 [info] > git status -z -uall [7ms]
2025-03-01 10:42:04.074 [info] > git status -z -uall [11ms]
2025-03-01 10:42:04.074 [info] > git config --get commit.template [2ms]
2025-03-01 10:42:04.080 [info] > git for-each-ref --format %(refname) %(objectname) %(*objectname) refs/tags [1ms]
2025-03-01 10:42:04.085 [info] > git status -z -uall [1ms]
2025-03-01 10:42:04.250 [info] > git ls-files --stage -- /home/sgass/Projects/kepler2/soc_build/projects.yaml [8ms]
2025-03-01 10:42:04.258 [info] > git cat-file -s fb6b6d62efc13c59ac7129f51d6196d3ec8fc265 [2ms]
2025-03-01 10:42:04.273 [info] > git show --textconv :soc_build/projects.yaml [8ms]
2025-03-01 10:42:09.199 [info] > git ls-files --stage -- /home/sgass/Projects/kepler2/soc_build/projects.yaml [8ms]
2025-03-01 10:42:09.208 [info] > git cat-file -s fb6b6d62efc13c59ac7129f51d6196d3ec8fc265 [3ms]
2025-03-01 10:42:09.225 [info] > git show --textconv :soc_build/projects.yaml [9ms]
2025-03-01 10:42:24.104 [info] > git ls-files --stage -- /home/sgass/Projects/kepler2/soc_build/projects.yaml [6ms]
2025-03-01 10:42:24.110 [info] > git cat-file -s fb6b6d62efc13c59ac7129f51d6196d3ec8fc265 [2ms]
2025-03-01 10:42:24.126 [info] > git show --textconv :soc_build/projects.yaml [9ms]
2025-03-01 10:42:46.511 [info] > git ls-files --stage -- /home/sgass/Projects/kepler2/soc_build/projects.yaml [6ms]
2025-03-01 10:42:46.518 [info] > git cat-file -s fb6b6d62efc13c59ac7129f51d6196d3ec8fc265 [3ms]
2025-03-01 10:42:46.535 [info] > git show --textconv :soc_build/projects.yaml [10ms]
2025-03-01 10:42:59.296 [info] > git ls-files --stage -- /home/sgass/Projects/kepler2/soc_build/projects.yaml [11ms]
2025-03-01 10:42:59.307 [info] > git cat-file -s fb6b6d62efc13c59ac7129f51d6196d3ec8fc265 [2ms]
2025-03-01 10:42:59.330 [info] > git show --textconv :soc_build/projects.yaml [14ms]
2025-03-01 10:43:36.825 [info] > git ls-files --stage -- /home/sgass/Projects/kepler2/soc_build/projects.yaml [11ms]
2025-03-01 10:43:36.836 [info] > git cat-file -s fb6b6d62efc13c59ac7129f51d6196d3ec8fc265 [3ms]
2025-03-01 10:43:36.855 [info] > git show --textconv :soc_build/projects.yaml [10ms]
2025-03-01 10:43:58.668 [info] > git ls-files --stage -- /home/sgass/Projects/kepler2/soc_build/projects.yaml [8ms]
2025-03-01 10:43:58.677 [info] > git cat-file -s fb6b6d62efc13c59ac7129f51d6196d3ec8fc265 [3ms]
2025-03-01 10:43:58.692 [info] > git show --textconv :soc_build/projects.yaml [9ms]
2025-03-01 10:44:04.927 [info] > git ls-files --stage -- /home/sgass/Projects/kepler2/soc_build/projects.yaml [13ms]
2025-03-01 10:44:04.941 [info] > git cat-file -s fb6b6d62efc13c59ac7129f51d6196d3ec8fc265 [3ms]
2025-03-01 10:44:04.961 [info] > git show --textconv :soc_build/projects.yaml [9ms]
2025-03-01 10:45:24.389 [info] > git ls-files --stage -- /home/sgass/Projects/kepler2/soc_build/projects.yaml [8ms]
2025-03-01 10:45:24.397 [info] > git cat-file -s fb6b6d62efc13c59ac7129f51d6196d3ec8fc265 [3ms]
2025-03-01 10:45:24.414 [info] > git show --textconv :soc_build/projects.yaml [10ms]
