2025-02-27 09:03:01.144 [info] Reading sessions from keychain...
2025-02-27 09:03:01.144 [info] Getting sessions for all scopes...
2025-02-27 09:03:01.144 [info] Getting sessions for all scopes...
2025-02-27 09:03:01.144 [info] Getting sessions for read:user,repo,user:email,workflow...
2025-02-27 09:03:01.144 [info] Got 0 sessions for ...
2025-02-27 09:03:01.144 [info] Got 0 sessions for ...
2025-02-27 09:03:01.144 [info] Got 0 sessions for read:user,repo,user:email,workflow...
2025-02-27 09:03:01.307 [info] Getting sessions for read:user,repo,user:email,workflow...
2025-02-27 09:03:01.307 [info] Got 0 sessions for read:user,repo,user:email,workflow...
2025-02-27 09:03:12.695 [info] Reading sessions from keychain...
2025-02-27 09:03:12.695 [info] Getting sessions for all scopes...
2025-02-27 09:03:12.695 [info] Getting sessions for all scopes...
2025-02-27 09:03:12.695 [info] Got 0 sessions for ...
2025-02-27 09:03:12.695 [info] Got 0 sessions for ...
2025-02-27 09:03:12.717 [info] Getting sessions for read:user,repo,user:email,workflow...
2025-02-27 09:03:12.717 [info] Got 0 sessions for read:user,repo,user:email,workflow...
2025-02-27 09:03:12.933 [info] Getting sessions for read:user,repo,user:email,workflow...
2025-02-27 09:03:12.933 [info] Got 0 sessions for read:user,repo,user:email,workflow...
2025-02-27 09:03:12.964 [info] Getting sessions for read:user,repo,user:email,workflow...
2025-02-27 09:03:12.964 [info] Got 0 sessions for read:user,repo,user:email,workflow...
