2025-03-03 10:20:39.875 [info] Reading sessions from keychain...
2025-03-03 10:20:39.875 [info] Getting sessions for all scopes...
2025-03-03 10:20:39.875 [info] Getting sessions for all scopes...
2025-03-03 10:20:39.875 [info] Getting sessions for read:user,repo,user:email,workflow...
2025-03-03 10:20:39.875 [info] Got 0 sessions for ...
2025-03-03 10:20:39.875 [info] Got 0 sessions for ...
2025-03-03 10:20:39.875 [info] Got 0 sessions for read:user,repo,user:email,workflow...
2025-03-03 10:20:39.914 [info] Getting sessions for read:user,repo,user:email,workflow...
2025-03-03 10:20:39.914 [info] Got 0 sessions for read:user,repo,user:email,workflow...
2025-03-03 10:20:40.061 [info] Getting sessions for read:user,repo,user:email,workflow...
2025-03-03 10:20:40.061 [info] Got 0 sessions for read:user,repo,user:email,workflow...
2025-03-03 10:35:48.338 [info] Reading sessions from keychain...
2025-03-03 10:35:48.338 [info] Getting sessions for all scopes...
2025-03-03 10:35:48.338 [info] Getting sessions for all scopes...
2025-03-03 10:35:48.338 [info] Got 0 sessions for ...
2025-03-03 10:35:48.338 [info] Got 0 sessions for ...
2025-03-03 10:35:48.338 [info] Getting sessions for read:user,repo,user:email,workflow...
2025-03-03 10:35:48.338 [info] Got 0 sessions for read:user,repo,user:email,workflow...
2025-03-03 10:35:48.365 [info] Getting sessions for read:user,repo,user:email,workflow...
2025-03-03 10:35:48.365 [info] Got 0 sessions for read:user,repo,user:email,workflow...
2025-03-03 10:35:48.533 [info] Getting sessions for read:user,repo,user:email,workflow...
2025-03-03 10:35:48.533 [info] Got 0 sessions for read:user,repo,user:email,workflow...
2025-03-03 11:22:12.040 [info] Reading sessions from keychain...
2025-03-03 11:22:12.040 [info] Getting sessions for all scopes...
2025-03-03 11:22:12.040 [info] Getting sessions for all scopes...
2025-03-03 11:22:12.040 [info] Got 0 sessions for ...
2025-03-03 11:22:12.040 [info] Got 0 sessions for ...
2025-03-03 11:22:12.040 [info] Getting sessions for read:user,repo,user:email,workflow...
2025-03-03 11:22:12.040 [info] Got 0 sessions for read:user,repo,user:email,workflow...
2025-03-03 11:22:12.087 [info] Getting sessions for read:user,repo,user:email,workflow...
2025-03-03 11:22:12.087 [info] Got 0 sessions for read:user,repo,user:email,workflow...
2025-03-03 11:22:12.424 [info] Getting sessions for read:user,repo,user:email,workflow...
2025-03-03 11:22:12.424 [info] Got 0 sessions for read:user,repo,user:email,workflow...
2025-03-03 12:16:16.274 [info] Reading sessions from keychain...
2025-03-03 12:16:16.274 [info] Getting sessions for all scopes...
2025-03-03 12:16:16.274 [info] Getting sessions for all scopes...
2025-03-03 12:16:16.274 [info] Got 0 sessions for ...
2025-03-03 12:16:16.274 [info] Got 0 sessions for ...
2025-03-03 12:16:16.282 [info] Getting sessions for read:user,repo,user:email,workflow...
2025-03-03 12:16:16.282 [info] Got 0 sessions for read:user,repo,user:email,workflow...
2025-03-03 12:16:16.451 [info] Getting sessions for read:user,repo,user:email,workflow...
2025-03-03 12:16:16.451 [info] Got 0 sessions for read:user,repo,user:email,workflow...
2025-03-03 19:54:56.826 [info] Reading sessions from keychain...
2025-03-03 19:54:56.826 [info] Getting sessions for all scopes...
2025-03-03 19:54:56.826 [info] Getting sessions for all scopes...
2025-03-03 19:54:56.826 [info] Got 0 sessions for ...
2025-03-03 19:54:56.826 [info] Got 0 sessions for ...
2025-03-03 19:54:56.826 [info] Getting sessions for read:user,repo,user:email,workflow...
2025-03-03 19:54:56.826 [info] Got 0 sessions for read:user,repo,user:email,workflow...
2025-03-03 19:54:56.947 [info] Getting sessions for read:user,repo,user:email,workflow...
2025-03-03 19:54:56.947 [info] Got 0 sessions for read:user,repo,user:email,workflow...
2025-03-03 19:54:56.967 [info] Getting sessions for read:user,repo,user:email,workflow...
2025-03-03 19:54:56.968 [info] Got 0 sessions for read:user,repo,user:email,workflow...
