2025-01-23 16:55:53.493 [info] Started local extension host with pid 20708.
2025-01-23 16:55:53.571 [error] [/home/sgass/.vscode/extensions/mechatroner.rainbow-csv-3.13.0]: Extension is not compatible with Code 1.93.1. Extension requires: ^1.95.0.
2025-01-23 16:55:53.577 [error] [/home/sgass/.vscode/extensions/mechatroner.rainbow-csv-3.14.0]: Extension is not compatible with Code 1.93.1. Extension requires: ^1.95.0.
2025-01-23 16:55:53.615 [error] [/home/sgass/.vscode/extensions/ms-python.python-2024.16.1-linux-x64]: Extension is not compatible with Code 1.93.1. Extension requires: ^1.94.0-20240918.
2025-01-23 16:55:53.615 [error] [/home/sgass/.vscode/extensions/ms-python.python-2024.16.0-linux-x64]: Extension is not compatible with Code 1.93.1. Extension requires: ^1.94.0-20240918.
2025-01-23 16:55:53.620 [error] [/home/sgass/.vscode/extensions/ms-python.python-2024.18.1-linux-x64]: Extension is not compatible with Code 1.93.1. Extension requires: ^1.94.0-20240918.
2025-01-23 16:55:53.621 [error] [/home/sgass/.vscode/extensions/ms-python.python-2024.22.0-linux-x64]: Extension is not compatible with Code 1.93.1. Extension requires: ^1.94.0-20240918.
2025-01-23 16:55:53.621 [error] [/home/sgass/.vscode/extensions/ms-python.python-2024.20.0-linux-x64]: Extension is not compatible with Code 1.93.1. Extension requires: ^1.94.0-20240918.
2025-01-23 16:55:53.622 [error] [/home/sgass/.vscode/extensions/ms-python.python-2024.18.0-linux-x64]: Extension is not compatible with Code 1.93.1. Extension requires: ^1.94.0-20240918.
2025-01-23 16:55:53.622 [error] [/home/sgass/.vscode/extensions/ms-python.python-2024.22.2-linux-x64]: Extension is not compatible with Code 1.93.1. Extension requires: ^1.94.0-20240918.
2025-01-23 16:55:53.626 [error] [/home/sgass/.vscode/extensions/ms-python.python-2024.22.1-linux-x64]: Extension is not compatible with Code 1.93.1. Extension requires: ^1.94.0-20240918.
2025-01-23 16:55:56.174 [info] [perf] Render performance baseline is 15ms
2025-01-23 16:56:24.527 [error] Cannot read the extension from /home/sgass/.vscode/extensions/mechatroner.rainbow-csv-3.14.0: ScanningExtension: Cannot read the extension from /home/sgass/.vscode/extensions/mechatroner.rainbow-csv-3.14.0
    at _.scanLocalExtension (/usr/share/code/resources/app/out/vs/code/node/sharedProcess/sharedProcessMain.js:105:127494)
2025-01-23 16:56:24.536 [error] Cannot read the extension from /home/sgass/.vscode/extensions/ms-python.python-2024.22.2-linux-x64: ScanningExtension: Cannot read the extension from /home/sgass/.vscode/extensions/ms-python.python-2024.22.2-linux-x64
    at _.scanLocalExtension (/usr/share/code/resources/app/out/vs/code/node/sharedProcess/sharedProcessMain.js:105:127494)
2025-01-23 16:57:29.246 [error] [File Watcher (parcel)] Unexpected error: inotify_add_watch on '/home/sgass/Projects/kepler/sysscripts/linux_ops/aether_fsw/services/afsw-demo-1' failed: No such file or directory (EUNKNOWN) (path: /home/sgass/Projects/kepler)
2025-01-23 16:57:29.246 [error] [File Watcher (universal)] inotify_add_watch on '/home/sgass/Projects/kepler/sysscripts/linux_ops/aether_fsw/services/afsw-demo-1' failed: No such file or directory
2025-01-24 12:01:40.915 [error] n is not iterable: TypeError: n is not iterable
	at K_.provideHover (/home/sgass/.vscode/extensions/mshr-h.veriloghdl-1.16.0/dist/main.js:588:7681)
	at async C.provideHover (/usr/share/code/resources/app/out/vs/workbench/api/node/extensionHostProcess.js:161:106493)
2025-01-24 12:02:44.198 [error] n is not iterable: TypeError: n is not iterable
	at K_.provideHover (/home/sgass/.vscode/extensions/mshr-h.veriloghdl-1.16.0/dist/main.js:588:7681)
	at async C.provideHover (/usr/share/code/resources/app/out/vs/workbench/api/node/extensionHostProcess.js:161:106493)
2025-01-24 12:02:50.315 [error] n is not iterable: TypeError: n is not iterable
	at K_.provideHover (/home/sgass/.vscode/extensions/mshr-h.veriloghdl-1.16.0/dist/main.js:588:7681)
	at async C.provideHover (/usr/share/code/resources/app/out/vs/workbench/api/node/extensionHostProcess.js:161:106493)
2025-01-24 12:04:11.996 [error] n is not iterable: TypeError: n is not iterable
	at K_.provideHover (/home/sgass/.vscode/extensions/mshr-h.veriloghdl-1.16.0/dist/main.js:588:7681)
	at async C.provideHover (/usr/share/code/resources/app/out/vs/workbench/api/node/extensionHostProcess.js:161:106493)
2025-01-24 12:05:09.093 [error] n is not iterable: TypeError: n is not iterable
	at K_.provideHover (/home/sgass/.vscode/extensions/mshr-h.veriloghdl-1.16.0/dist/main.js:588:7681)
	at async C.provideHover (/usr/share/code/resources/app/out/vs/workbench/api/node/extensionHostProcess.js:161:106493)
2025-01-24 12:05:32.563 [error] n is not iterable: TypeError: n is not iterable
	at K_.provideHover (/home/sgass/.vscode/extensions/mshr-h.veriloghdl-1.16.0/dist/main.js:588:7681)
	at async C.provideHover (/usr/share/code/resources/app/out/vs/workbench/api/node/extensionHostProcess.js:161:106493)
2025-01-24 12:08:43.623 [error] n is not iterable: TypeError: n is not iterable
	at K_.provideHover (/home/sgass/.vscode/extensions/mshr-h.veriloghdl-1.16.0/dist/main.js:588:7681)
	at async C.provideHover (/usr/share/code/resources/app/out/vs/workbench/api/node/extensionHostProcess.js:161:106493)
2025-01-24 12:09:06.857 [error] n is not iterable: TypeError: n is not iterable
	at K_.provideHover (/home/sgass/.vscode/extensions/mshr-h.veriloghdl-1.16.0/dist/main.js:588:7681)
	at async C.provideHover (/usr/share/code/resources/app/out/vs/workbench/api/node/extensionHostProcess.js:161:106493)
2025-01-24 12:09:19.800 [error] n is not iterable: TypeError: n is not iterable
	at K_.provideHover (/home/sgass/.vscode/extensions/mshr-h.veriloghdl-1.16.0/dist/main.js:588:7681)
	at async C.provideHover (/usr/share/code/resources/app/out/vs/workbench/api/node/extensionHostProcess.js:161:106493)
2025-01-24 12:09:34.517 [error] n is not iterable: TypeError: n is not iterable
	at K_.provideHover (/home/sgass/.vscode/extensions/mshr-h.veriloghdl-1.16.0/dist/main.js:588:7681)
	at async C.provideHover (/usr/share/code/resources/app/out/vs/workbench/api/node/extensionHostProcess.js:161:106493)
2025-01-24 12:09:58.153 [error] n is not iterable: TypeError: n is not iterable
	at K_.provideHover (/home/sgass/.vscode/extensions/mshr-h.veriloghdl-1.16.0/dist/main.js:588:7681)
	at async C.provideHover (/usr/share/code/resources/app/out/vs/workbench/api/node/extensionHostProcess.js:161:106493)
2025-01-24 12:11:07.515 [error] n is not iterable: TypeError: n is not iterable
	at K_.provideHover (/home/sgass/.vscode/extensions/mshr-h.veriloghdl-1.16.0/dist/main.js:588:7681)
	at async C.provideHover (/usr/share/code/resources/app/out/vs/workbench/api/node/extensionHostProcess.js:161:106493)
2025-01-24 14:47:28.349 [error] n is not iterable: TypeError: n is not iterable
	at K_.provideHover (/home/sgass/.vscode/extensions/mshr-h.veriloghdl-1.16.0/dist/main.js:588:7681)
	at async C.provideHover (/usr/share/code/resources/app/out/vs/workbench/api/node/extensionHostProcess.js:161:106493)
2025-01-24 14:47:34.081 [error] n is not iterable: TypeError: n is not iterable
	at K_.provideHover (/home/sgass/.vscode/extensions/mshr-h.veriloghdl-1.16.0/dist/main.js:588:7681)
	at async C.provideHover (/usr/share/code/resources/app/out/vs/workbench/api/node/extensionHostProcess.js:161:106493)
2025-01-24 14:47:41.199 [error] n is not iterable: TypeError: n is not iterable
	at K_.provideHover (/home/sgass/.vscode/extensions/mshr-h.veriloghdl-1.16.0/dist/main.js:588:7681)
	at async C.provideHover (/usr/share/code/resources/app/out/vs/workbench/api/node/extensionHostProcess.js:161:106493)
