2025-03-10 10:38:05.347 [info] Reading sessions from keychain...
2025-03-10 10:38:05.347 [info] Getting sessions for all scopes...
2025-03-10 10:38:05.347 [info] Getting sessions for all scopes...
2025-03-10 10:38:05.347 [info] Getting sessions for read:user,repo,user:email,workflow...
2025-03-10 10:38:05.347 [info] Got 0 sessions for ...
2025-03-10 10:38:05.347 [info] Got 0 sessions for ...
2025-03-10 10:38:05.347 [info] Got 0 sessions for read:user,repo,user:email,workflow...
2025-03-10 10:38:05.363 [info] Getting sessions for read:user,repo,user:email,workflow...
2025-03-10 10:38:05.363 [info] Got 0 sessions for read:user,repo,user:email,workflow...
2025-03-10 10:38:05.472 [info] Getting sessions for read:user,repo,user:email,workflow...
2025-03-10 10:38:05.472 [info] Got 0 sessions for read:user,repo,user:email,workflow...
2025-03-10 10:38:05.495 [info] Getting sessions for read:user,repo,user:email,workflow...
2025-03-10 10:38:05.495 [info] Got 0 sessions for read:user,repo,user:email,workflow...
2025-03-10 10:51:26.494 [info] Reading sessions from keychain...
2025-03-10 10:51:26.494 [info] Getting sessions for all scopes...
2025-03-10 10:51:26.494 [info] Getting sessions for all scopes...
2025-03-10 10:51:26.494 [info] Got 0 sessions for ...
2025-03-10 10:51:26.494 [info] Got 0 sessions for ...
2025-03-10 10:51:26.494 [info] Getting sessions for read:user,repo,user:email,workflow...
2025-03-10 10:51:26.494 [info] Got 0 sessions for read:user,repo,user:email,workflow...
2025-03-10 10:51:26.648 [info] Getting sessions for read:user,repo,user:email,workflow...
2025-03-10 10:51:26.648 [info] Got 0 sessions for read:user,repo,user:email,workflow...
2025-03-10 10:51:26.666 [info] Getting sessions for read:user,repo,user:email,workflow...
2025-03-10 10:51:26.666 [info] Got 0 sessions for read:user,repo,user:email,workflow...
