2025-02-04 10:52:22.202 [info] Reading sessions from keychain...
2025-02-04 10:52:22.202 [info] Getting sessions for all scopes...
2025-02-04 10:52:22.202 [info] Getting sessions for all scopes...
2025-02-04 10:52:22.202 [info] Getting sessions for read:user,repo,user:email,workflow...
2025-02-04 10:52:22.202 [info] Got 0 sessions for ...
2025-02-04 10:52:22.202 [info] Got 0 sessions for ...
2025-02-04 10:52:22.202 [info] Got 0 sessions for read:user,repo,user:email,workflow...
2025-02-04 10:52:22.332 [info] Getting sessions for read:user,repo,user:email,workflow...
2025-02-04 10:52:22.332 [info] Got 0 sessions for read:user,repo,user:email,workflow...
2025-02-04 10:52:22.343 [info] Getting sessions for read:user,repo,user:email,workflow...
2025-02-04 10:52:22.343 [info] Got 0 sessions for read:user,repo,user:email,workflow...
2025-02-04 17:43:43.669 [info] Reading sessions from keychain...
2025-02-04 17:43:43.669 [info] Getting sessions for all scopes...
2025-02-04 17:43:43.669 [info] Getting sessions for all scopes...
2025-02-04 17:43:43.669 [info] Got 0 sessions for ...
2025-02-04 17:43:43.669 [info] Got 0 sessions for ...
2025-02-04 17:43:43.669 [info] Getting sessions for read:user,repo,user:email,workflow...
2025-02-04 17:43:43.669 [info] Got 0 sessions for read:user,repo,user:email,workflow...
2025-02-04 17:43:43.689 [info] Getting sessions for read:user,repo,user:email,workflow...
2025-02-04 17:43:43.689 [info] Got 0 sessions for read:user,repo,user:email,workflow...
2025-02-04 17:43:43.851 [info] Getting sessions for read:user,repo,user:email,workflow...
2025-02-04 17:43:43.851 [info] Got 0 sessions for read:user,repo,user:email,workflow...
