2024-07-09 08:56:56.083 [info] Added views:workbench.panel.markers.view in workbench.panel.markers
2024-07-09 08:56:56.083 [info] Added views:workbench.panel.output in workbench.panel.output
2024-07-09 08:56:56.083 [info] Added views:terminal in terminal
2024-07-09 08:56:56.083 [info] Added views:outline in workbench.view.explorer
2024-07-09 08:56:56.083 [info] Added views:workbench.scm in workbench.view.scm
2024-07-09 08:56:56.083 [info] Added views:workbench.view.search in workbench.view.search
2024-07-09 08:56:56.083 [info] Added views:timeline in workbench.view.explorer
2024-07-09 08:56:56.083 [info] Added views:workbench.explorer.fileView in workbench.view.explorer
2024-07-09 08:56:56.211 [info] Added views:workbench.debug.welcome in workbench.view.debug
2024-07-09 08:56:56.454 [info] Added views:workbench.panel.repl.view in workbench.panel.repl
2024-07-09 08:56:56.642 [info] Added views:~remote.forwardedPorts in ~remote.forwardedPortsContainer
2024-07-09 13:24:51.102 [info] Added views:workbench.view.testing in workbench.view.extension.test
2024-07-10 09:23:53.600 [info] Removed views:workbench.view.testing from workbench.view.extension.test
2024-07-10 09:23:55.779 [info] Added views:workbench.panel.markers.view in workbench.panel.markers
2024-07-10 09:23:55.779 [info] Added views:workbench.panel.output in workbench.panel.output
2024-07-10 09:23:55.779 [info] Added views:terminal in terminal
2024-07-10 09:23:55.779 [info] Added views:outline in workbench.view.explorer
2024-07-10 09:23:55.779 [info] Added views:workbench.scm in workbench.view.scm
2024-07-10 09:23:55.779 [info] Added views:workbench.view.search in workbench.view.search
2024-07-10 09:23:55.779 [info] Added views:timeline in workbench.view.explorer
2024-07-10 09:23:55.779 [info] Added views:workbench.explorer.fileView in workbench.view.explorer
2024-07-10 09:23:56.709 [info] Added views:workbench.debug.welcome in workbench.view.debug
2024-07-10 09:23:56.802 [info] Added views:workbench.panel.repl.view in workbench.panel.repl
2024-07-10 09:23:57.907 [info] Added views:~remote.forwardedPorts in ~remote.forwardedPortsContainer
2024-07-10 10:00:17.974 [info] Added views:workbench.view.testing in workbench.view.extension.test
2024-07-10 10:48:42.490 [info] Removed views:workbench.view.testing from workbench.view.extension.test
2024-07-10 10:48:43.269 [info] Added views:workbench.panel.markers.view in workbench.panel.markers
2024-07-10 10:48:43.269 [info] Added views:workbench.panel.output in workbench.panel.output
2024-07-10 10:48:43.269 [info] Added views:terminal in terminal
2024-07-10 10:48:43.269 [info] Added views:outline in workbench.view.explorer
2024-07-10 10:48:43.269 [info] Added views:workbench.scm in workbench.view.scm
2024-07-10 10:48:43.269 [info] Added views:workbench.view.search in workbench.view.search
2024-07-10 10:48:43.269 [info] Added views:timeline in workbench.view.explorer
2024-07-10 10:48:43.269 [info] Added views:workbench.explorer.fileView in workbench.view.explorer
2024-07-10 10:48:43.631 [info] Added views:workbench.debug.variablesView,workbench.debug.watchExpressionsView,workbench.debug.callStackView,workbench.debug.breakPointsView in workbench.view.debug
2024-07-10 10:48:43.707 [info] Added views:workbench.panel.repl.view in workbench.panel.repl
2024-07-10 10:48:43.708 [info] Removed views:workbench.debug.breakPointsView,workbench.debug.callStackView,workbench.debug.watchExpressionsView,workbench.debug.variablesView from workbench.view.debug
2024-07-10 10:48:43.708 [info] Added views:workbench.debug.welcome in workbench.view.debug
2024-07-10 10:48:43.919 [info] Added views:~remote.forwardedPorts in ~remote.forwardedPortsContainer
2024-07-10 14:04:35.994 [info] Added views:workbench.view.testing in workbench.view.extension.test
2024-07-11 09:49:02.289 [info] Removed views:workbench.view.testing from workbench.view.extension.test
2024-07-11 09:49:03.763 [info] Added views:workbench.panel.markers.view in workbench.panel.markers
2024-07-11 09:49:03.763 [info] Added views:workbench.panel.output in workbench.panel.output
2024-07-11 09:49:03.763 [info] Added views:terminal in terminal
2024-07-11 09:49:03.763 [info] Added views:outline in workbench.view.explorer
2024-07-11 09:49:03.763 [info] Added views:workbench.scm in workbench.view.scm
2024-07-11 09:49:03.763 [info] Added views:workbench.view.search in workbench.view.search
2024-07-11 09:49:03.763 [info] Added views:timeline in workbench.view.explorer
2024-07-11 09:49:03.763 [info] Added views:workbench.explorer.fileView in workbench.view.explorer
2024-07-11 09:49:04.640 [info] Added views:workbench.debug.welcome in workbench.view.debug
2024-07-11 09:49:04.755 [info] Added views:workbench.panel.repl.view in workbench.panel.repl
2024-07-11 09:49:05.439 [info] Added views:~remote.forwardedPorts in ~remote.forwardedPortsContainer
2024-07-11 12:09:04.950 [info] Added views:workbench.panel.markers.view in workbench.panel.markers
2024-07-11 12:09:04.950 [info] Added views:workbench.panel.output in workbench.panel.output
2024-07-11 12:09:04.950 [info] Added views:terminal in terminal
2024-07-11 12:09:04.950 [info] Added views:outline in workbench.view.explorer
2024-07-11 12:09:04.950 [info] Added views:workbench.scm in workbench.view.scm
2024-07-11 12:09:04.950 [info] Added views:workbench.view.search in workbench.view.search
2024-07-11 12:09:04.950 [info] Added views:timeline in workbench.view.explorer
2024-07-11 12:09:04.950 [info] Added views:workbench.explorer.fileView in workbench.view.explorer
2024-07-11 12:09:05.182 [info] Added views:workbench.debug.variablesView,workbench.debug.watchExpressionsView,workbench.debug.callStackView,workbench.debug.breakPointsView in workbench.view.debug
2024-07-11 12:09:05.185 [info] Added views:~remote.forwardedPorts in ~remote.forwardedPortsContainer
2024-07-11 12:09:05.263 [info] Added views:workbench.panel.repl.view in workbench.panel.repl
2024-07-11 12:09:05.265 [info] Removed views:workbench.debug.breakPointsView,workbench.debug.callStackView,workbench.debug.watchExpressionsView,workbench.debug.variablesView from workbench.view.debug
2024-07-11 12:09:05.265 [info] Added views:workbench.debug.welcome in workbench.view.debug
2024-07-11 12:37:55.574 [info] Added views:workbench.panel.markers.view in workbench.panel.markers
2024-07-11 12:37:55.574 [info] Added views:workbench.panel.output in workbench.panel.output
2024-07-11 12:37:55.574 [info] Added views:terminal in terminal
2024-07-11 12:37:55.574 [info] Added views:outline in workbench.view.explorer
2024-07-11 12:37:55.574 [info] Added views:workbench.scm in workbench.view.scm
2024-07-11 12:37:55.574 [info] Added views:workbench.view.search in workbench.view.search
2024-07-11 12:37:55.574 [info] Added views:timeline in workbench.view.explorer
2024-07-11 12:37:55.574 [info] Added views:workbench.explorer.fileView in workbench.view.explorer
2024-07-11 12:37:55.684 [info] Added views:workbench.debug.welcome in workbench.view.debug
2024-07-11 12:37:56.006 [info] Added views:workbench.panel.repl.view in workbench.panel.repl
2024-07-11 12:37:56.595 [info] Added views:~remote.forwardedPorts in ~remote.forwardedPortsContainer
