2025-02-25 19:26:38.156 [info] [main] Log level: Info
2025-02-25 19:26:38.156 [info] [main] Validating found git in: "git"
2025-02-25 19:26:38.156 [info] [main] Using git "2.43.0" from "git"
2025-02-25 19:26:38.156 [info] [Model][doInitialScan] Initial repository scan started
2025-02-25 19:26:38.156 [info] > git rev-parse --show-toplevel [3ms]
2025-02-25 19:26:38.156 [info] > git rev-parse --git-dir --git-common-dir [1ms]
2025-02-25 19:26:38.159 [info] [Model][openRepository] Opened repository: /home/sgass/Projects/kepler
2025-02-25 19:26:38.169 [info] > git rev-parse --show-toplevel [3ms]
2025-02-25 19:26:38.169 [info] > git config --get commit.template [6ms]
2025-02-25 19:26:38.176 [info] > git for-each-ref --format=%(refname)%00%(upstream:short)%00%(objectname)%00%(upstream:track)%00%(upstream:remotename)%00%(upstream:remoteref) refs/heads/sgass/prod/no-ref/network-packet-generator-ecp refs/remotes/sgass/prod/no-ref/network-packet-generator-ecp [1ms]
2025-02-25 19:26:38.185 [info] > git rev-parse --show-toplevel [2ms]
2025-02-25 19:26:38.192 [info] > git rev-parse --show-toplevel [2ms]
2025-02-25 19:26:38.196 [info] > git rev-parse --show-toplevel [1ms]
2025-02-25 19:26:38.200 [info] > git rev-parse --show-toplevel [1ms]
2025-02-25 19:26:38.204 [info] > git rev-parse --show-toplevel [1ms]
2025-02-25 19:26:38.208 [info] > git rev-parse --show-toplevel [1ms]
2025-02-25 19:26:38.212 [info] > git rev-parse --show-toplevel [1ms]
2025-02-25 19:26:38.216 [info] > git rev-parse --show-toplevel [1ms]
2025-02-25 19:26:38.221 [info] > git rev-parse --show-toplevel [1ms]
2025-02-25 19:26:38.225 [info] > git rev-parse --show-toplevel [1ms]
2025-02-25 19:26:38.229 [info] > git rev-parse --show-toplevel [1ms]
2025-02-25 19:26:38.234 [info] > git rev-parse --show-toplevel [1ms]
2025-02-25 19:26:38.238 [info] > git rev-parse --show-toplevel [1ms]
2025-02-25 19:26:38.243 [info] > git rev-parse --show-toplevel [1ms]
2025-02-25 19:26:38.247 [info] > git rev-parse --show-toplevel [1ms]
2025-02-25 19:26:38.252 [info] > git rev-parse --show-toplevel [2ms]
2025-02-25 19:26:38.256 [info] > git rev-parse --show-toplevel [1ms]
2025-02-25 19:26:38.261 [info] > git rev-parse --show-toplevel [2ms]
2025-02-25 19:26:38.265 [info] > git rev-parse --show-toplevel [1ms]
2025-02-25 19:26:38.269 [info] > git rev-parse --show-toplevel [1ms]
2025-02-25 19:26:38.274 [info] > git rev-parse --show-toplevel [1ms]
2025-02-25 19:26:38.280 [info] > git rev-parse --show-toplevel [1ms]
2025-02-25 19:26:38.284 [info] > git rev-parse --show-toplevel [0ms]
2025-02-25 19:26:38.289 [info] > git rev-parse --show-toplevel [0ms]
2025-02-25 19:26:38.293 [info] > git rev-parse --show-toplevel [2ms]
2025-02-25 19:26:38.297 [info] > git rev-parse --show-toplevel [1ms]
2025-02-25 19:26:38.302 [info] > git rev-parse --show-toplevel [2ms]
2025-02-25 19:26:38.307 [info] > git rev-parse --show-toplevel [2ms]
2025-02-25 19:26:38.312 [info] > git rev-parse --show-toplevel [1ms]
2025-02-25 19:26:38.317 [info] > git rev-parse --show-toplevel [2ms]
2025-02-25 19:26:38.321 [info] > git rev-parse --show-toplevel [1ms]
2025-02-25 19:26:38.326 [info] > git rev-parse --show-toplevel [1ms]
2025-02-25 19:26:38.331 [info] > git rev-parse --show-toplevel [2ms]
2025-02-25 19:26:38.336 [info] > git rev-parse --show-toplevel [1ms]
2025-02-25 19:26:38.340 [info] > git rev-parse --show-toplevel [1ms]
2025-02-25 19:26:38.340 [info] [Model][doInitialScan] Initial repository scan completed - repositories (1), closed repositories (0), parent repositories (0), unsafe repositories (0)
2025-02-25 19:26:38.418 [info] > git status -z -uall [239ms]
2025-02-25 19:26:38.431 [info] > git for-each-ref --format=%(refname)%00%(upstream:short)%00%(objectname)%00%(upstream:track)%00%(upstream:remotename)%00%(upstream:remoteref) refs/heads/sgass/prod/no-ref/network-packet-generator-ecp refs/remotes/sgass/prod/no-ref/network-packet-generator-ecp [8ms]
2025-02-25 19:26:38.435 [info] > git config --get commit.template [4ms]
2025-02-25 19:26:38.436 [info] > git config --local branch.sgass/prod/no-ref/network-packet-generator-ecp.vscode-merge-base [1ms]
2025-02-25 19:26:38.443 [info] > git for-each-ref --format=%(refname)%00%(upstream:short)%00%(objectname)%00%(upstream:track)%00%(upstream:remotename)%00%(upstream:remoteref) refs/heads/origin/develop refs/remotes/origin/develop [4ms]
2025-02-25 19:26:38.444 [info] > git for-each-ref --format=%(refname)%00%(upstream:short)%00%(objectname)%00%(upstream:track)%00%(upstream:remotename)%00%(upstream:remoteref) refs/heads/sgass/prod/no-ref/network-packet-generator-ecp refs/remotes/sgass/prod/no-ref/network-packet-generator-ecp [1ms]
2025-02-25 19:26:38.665 [info] > git status -z -uall [218ms]
2025-02-25 19:26:38.677 [info] > git for-each-ref --format=%(refname)%00%(upstream:short)%00%(objectname)%00%(upstream:track)%00%(upstream:remotename)%00%(upstream:remoteref) refs/heads/sgass/prod/no-ref/network-packet-generator-ecp refs/remotes/sgass/prod/no-ref/network-packet-generator-ecp [6ms]
2025-02-25 19:26:38.682 [info] > git config --local branch.sgass/prod/no-ref/network-packet-generator-ecp.vscode-merge-base [1ms]
2025-02-25 19:26:38.688 [info] > git check-ignore -v -z --stdin [13ms]
2025-02-25 19:26:38.688 [info] > git for-each-ref --format=%(refname)%00%(upstream:short)%00%(objectname)%00%(upstream:track)%00%(upstream:remotename)%00%(upstream:remoteref) refs/heads/origin/develop refs/remotes/origin/develop [1ms]
2025-02-25 19:26:38.748 [info] > git show --textconv :python/kepler/kepler/fpga/devices/p4_router_avmm.py [7ms]
2025-02-25 19:26:38.750 [info] > git ls-files --stage -- /home/sgass/Projects/kepler/python/kepler/kepler/fpga/devices/p4_router_avmm.py [5ms]
2025-02-25 19:26:38.755 [info] > git cat-file -s 3f8639ba79aee47cd21f65ce894d5adb91314f0c [1ms]
2025-02-25 19:26:38.931 [info] > git rev-parse --show-toplevel [1ms]
2025-02-25 19:26:38.935 [info] > git rev-parse --git-dir --git-common-dir [1ms]
2025-02-25 19:26:38.937 [info] [Model][openRepository] Opened repository: /home/sgass/Projects/kepler/third_party/libhydrogen
2025-02-25 19:26:38.945 [info] > git config --get commit.template [4ms]
2025-02-25 19:26:38.946 [info] > git rev-parse --show-toplevel [2ms]
2025-02-25 19:26:38.953 [info] > git for-each-ref --format %(refname) %(objectname) %(*objectname) refs/tags [3ms]
2025-02-25 19:26:38.956 [info] > git rev-parse --git-dir --git-common-dir [3ms]
2025-02-25 19:26:38.958 [info] [Model][openRepository] Opened repository: /home/sgass/Projects/kepler/third_party/magic_enum
2025-02-25 19:26:38.966 [info] > git status -z -uall [10ms]
2025-02-25 19:26:38.972 [info] > git rev-parse --show-toplevel [7ms]
2025-02-25 19:26:38.972 [info] > git config --get commit.template [10ms]
2025-02-25 19:26:38.977 [info] > git config --get commit.template [6ms]
2025-02-25 19:26:38.982 [info] > git rev-parse --git-dir --git-common-dir [6ms]
2025-02-25 19:26:38.984 [info] [Model][openRepository] Opened repository: /home/sgass/Projects/kepler/third_party/googletest
2025-02-25 19:26:38.994 [info] > git for-each-ref --format %(refname) %(objectname) %(*objectname) refs/tags [12ms]
2025-02-25 19:26:38.998 [info] > git rev-parse --show-toplevel [4ms]
2025-02-25 19:26:38.998 [info] > git config --get commit.template [7ms]
2025-02-25 19:26:38.998 [info] > git for-each-ref --format %(refname) %(objectname) %(*objectname) refs/tags [10ms]
2025-02-25 19:26:39.006 [info] > git status -z -uall [9ms]
2025-02-25 19:26:39.006 [info] > git status -z -uall [4ms]
2025-02-25 19:26:39.014 [info] > git rev-parse --show-toplevel [8ms]
2025-02-25 19:26:39.018 [info] > git config --get commit.template [5ms]
2025-02-25 19:26:39.018 [info] > git for-each-ref --format %(refname) %(objectname) %(*objectname) refs/tags [8ms]
2025-02-25 19:26:39.025 [info] > git status -z -uall [4ms]
2025-02-25 19:26:39.025 [info] > git rev-parse --git-dir --git-common-dir [7ms]
2025-02-25 19:26:39.027 [info] [Model][openRepository] Opened repository: /home/sgass/Projects/kepler/third_party/fast-cpp-csv-parser
2025-02-25 19:26:39.042 [info] > git for-each-ref --format %(refname) %(objectname) %(*objectname) refs/tags [18ms]
2025-02-25 19:26:39.056 [info] > git status -z -uall [4ms]
2025-02-25 19:26:39.056 [info] > git rev-parse --show-toplevel [15ms]
2025-02-25 19:26:39.056 [info] > git config --get commit.template [18ms]
2025-02-25 19:26:39.061 [info] > git config --get commit.template [6ms]
2025-02-25 19:26:39.066 [info] > git rev-parse --git-dir --git-common-dir [5ms]
2025-02-25 19:26:39.068 [info] [Model][openRepository] Opened repository: /home/sgass/Projects/kepler/hdl/verilog-axis
2025-02-25 19:26:39.078 [info] > git for-each-ref --format %(refname) %(objectname) %(*objectname) refs/tags [12ms]
2025-02-25 19:26:39.084 [info] > git status -z -uall [2ms]
2025-02-25 19:26:39.084 [info] > git rev-parse --show-toplevel [7ms]
2025-02-25 19:26:39.085 [info] > git config --get commit.template [10ms]
2025-02-25 19:26:39.085 [info] > git for-each-ref --format %(refname) %(objectname) %(*objectname) refs/tags [14ms]
2025-02-25 19:26:39.101 [info] > git status -z -uall [12ms]
2025-02-25 19:26:39.101 [info] > git rev-parse --git-dir --git-common-dir [8ms]
2025-02-25 19:26:39.103 [info] [Model][openRepository] Opened repository: /home/sgass/Projects/kepler/hdl/verilog-ethernet
2025-02-25 19:26:39.112 [info] > git config --get commit.template [11ms]
2025-02-25 19:26:39.112 [info] > git for-each-ref --format %(refname) %(objectname) %(*objectname) refs/tags [14ms]
2025-02-25 19:26:39.116 [info] > git rev-parse --show-toplevel [4ms]
2025-02-25 19:26:39.116 [info] > git config --get commit.template [8ms]
2025-02-25 19:26:39.124 [info] > git status -z -uall [8ms]
2025-02-25 19:26:39.131 [info] > git rev-parse --git-dir --git-common-dir [7ms]
2025-02-25 19:26:39.133 [info] [Model][openRepository] Opened repository: /home/sgass/Projects/kepler/third_party/vext.soapysdr
2025-02-25 19:26:39.133 [info] > git for-each-ref --format %(refname) %(objectname) %(*objectname) refs/tags [13ms]
2025-02-25 19:26:39.144 [info] > git status -z -uall [7ms]
2025-02-25 19:26:39.144 [info] > git config --get commit.template [13ms]
2025-02-25 19:26:39.144 [info] > git for-each-ref --format %(refname) %(objectname) %(*objectname) refs/tags [16ms]
2025-02-25 19:26:39.148 [info] > git rev-parse --show-toplevel [5ms]
2025-02-25 19:26:39.148 [info] > git config --get commit.template [8ms]
2025-02-25 19:26:39.160 [info] > git status -z -uall [12ms]
2025-02-25 19:26:39.160 [info] > git for-each-ref --format %(refname) %(objectname) %(*objectname) refs/tags [6ms]
2025-02-25 19:26:39.167 [info] > git status -z -uall [3ms]
2025-02-25 19:26:39.167 [info] > git for-each-ref --format %(refname) %(objectname) %(*objectname) refs/tags [7ms]
2025-02-25 19:26:39.167 [info] > git rev-parse --git-dir --git-common-dir [11ms]
2025-02-25 19:26:39.168 [info] [Model][openRepository] Opened repository: /home/sgass/Projects/kepler/third_party/STM32CubeL1
2025-02-25 19:26:39.180 [info] > git status -z -uall [7ms]
2025-02-25 19:26:39.180 [info] > git config --get commit.template [13ms]
2025-02-25 19:26:39.182 [info] > git rev-parse --show-toplevel [3ms]
2025-02-25 19:26:39.182 [info] > git config --get commit.template [6ms]
2025-02-25 19:26:39.200 [info] > git rev-parse --git-dir --git-common-dir [8ms]
2025-02-25 19:26:39.201 [info] [Model][openRepository] Opened repository: /home/sgass/Projects/kepler/ansible/kubespray
2025-02-25 19:26:39.202 [info] > git for-each-ref --format %(refname) %(objectname) %(*objectname) refs/tags [13ms]
2025-02-25 19:26:39.213 [info] > git status -z -uall [7ms]
2025-02-25 19:26:39.213 [info] > git for-each-ref --format %(refname) %(objectname) %(*objectname) refs/tags [14ms]
2025-02-25 19:26:39.213 [info] > git config --get commit.template [19ms]
2025-02-25 19:26:39.230 [info] > git config --get commit.template [19ms]
2025-02-25 19:26:39.234 [info] > git for-each-ref --format %(refname) %(objectname) %(*objectname) refs/tags [5ms]
2025-02-25 19:26:39.244 [info] > git for-each-ref --format %(refname) %(objectname) %(*objectname) refs/tags [6ms]
2025-02-25 19:26:39.249 [info] > git status -z -uall [25ms]
2025-02-25 19:26:39.249 [info] > git status -z -uall [6ms]
2025-02-25 19:26:39.259 [info] > git config --get commit.template [4ms]
2025-02-25 19:26:39.260 [info] > git status -z -uall [12ms]
2025-02-25 19:26:39.265 [info] > git for-each-ref --format %(refname) %(objectname) %(*objectname) refs/tags [7ms]
2025-02-25 19:26:39.268 [info] > git config --get commit.template [3ms]
2025-02-25 19:26:39.278 [info] > git for-each-ref --format %(refname) %(objectname) %(*objectname) refs/tags [3ms]
2025-02-25 19:26:39.291 [info] > git status -z -uall [8ms]
2025-02-25 19:26:39.293 [info] > git status -z -uall [21ms]
2025-02-25 19:26:39.457 [info] > git check-ignore -v -z --stdin [8ms]
2025-02-25 19:27:30.762 [info] > git show --textconv :hdl/rtl/p4_router/p4_router_avmm_regs.sv [11ms]
2025-02-25 19:27:30.770 [info] > git ls-files --stage -- /home/sgass/Projects/kepler/hdl/rtl/p4_router/p4_router_avmm_regs.sv [10ms]
2025-02-25 19:27:30.781 [info] > git cat-file -s 26f54fcd1e7691265860106ca76ceeb9808fd997 [4ms]
2025-02-25 19:27:31.029 [info] > git check-ignore -v -z --stdin [13ms]
2025-02-25 19:27:32.345 [info] > git rev-parse --show-toplevel [1ms]
2025-02-25 19:27:32.345 [info] fatal: not a git repository (or any of the parent directories): .git
2025-02-25 19:27:52.048 [info] > git show --textconv :hdl/rtl/network_packet_generator/network_packet_generator.sv [189ms]
2025-02-25 19:27:52.049 [info] > git ls-files --stage -- /home/sgass/Projects/kepler/hdl/rtl/network_packet_generator/network_packet_generator.sv [184ms]
2025-02-25 19:27:52.224 [info] > git cat-file -s 9c7dc0526e670e3eb0f84dbf1ac4c7bb78759bab [170ms]
2025-02-25 19:27:52.389 [info] > git check-ignore -v -z --stdin [166ms]
2025-02-26 13:56:06.500 [info] [main] Log level: Info
2025-02-26 13:56:06.500 [info] [main] Validating found git in: "git"
2025-02-26 13:56:06.500 [info] [main] Using git "2.43.0" from "git"
2025-02-26 13:56:06.500 [info] [Model][doInitialScan] Initial repository scan started
2025-02-26 13:56:06.500 [info] > git rev-parse --show-toplevel [11ms]
2025-02-26 13:56:06.510 [info] > git rev-parse --git-dir --git-common-dir [10ms]
2025-02-26 13:56:06.514 [info] [Model][openRepository] Opened repository: /home/sgass/Projects/kepler2
2025-02-26 13:56:06.534 [info] > git rev-parse --show-toplevel [9ms]
2025-02-26 13:56:06.534 [info] > git config --get commit.template [13ms]
2025-02-26 13:56:06.544 [info] > git for-each-ref --format=%(refname)%00%(upstream:short)%00%(objectname)%00%(upstream:track)%00%(upstream:remotename)%00%(upstream:remoteref) refs/heads/sgass/prod/no-ref/p4_router_ecp refs/remotes/sgass/prod/no-ref/p4_router_ecp [2ms]
2025-02-26 13:56:06.561 [info] > git rev-parse --show-toplevel [4ms]
2025-02-26 13:56:06.571 [info] > git rev-parse --show-toplevel [3ms]
2025-02-26 13:56:06.579 [info] > git rev-parse --show-toplevel [3ms]
2025-02-26 13:56:06.587 [info] > git rev-parse --show-toplevel [2ms]
2025-02-26 13:56:06.595 [info] > git rev-parse --show-toplevel [2ms]
2025-02-26 13:56:06.604 [info] > git rev-parse --show-toplevel [3ms]
2025-02-26 13:56:06.610 [info] > git rev-parse --show-toplevel [1ms]
2025-02-26 13:56:06.617 [info] > git rev-parse --show-toplevel [2ms]
2025-02-26 13:56:06.624 [info] > git rev-parse --show-toplevel [2ms]
2025-02-26 13:56:06.631 [info] > git rev-parse --show-toplevel [3ms]
2025-02-26 13:56:06.640 [info] > git rev-parse --show-toplevel [3ms]
2025-02-26 13:56:06.646 [info] > git rev-parse --show-toplevel [2ms]
2025-02-26 13:56:06.652 [info] > git rev-parse --show-toplevel [1ms]
2025-02-26 13:56:06.660 [info] > git rev-parse --show-toplevel [3ms]
2025-02-26 13:56:06.668 [info] > git rev-parse --show-toplevel [2ms]
2025-02-26 13:56:06.675 [info] > git rev-parse --show-toplevel [2ms]
2025-02-26 13:56:06.684 [info] > git rev-parse --show-toplevel [3ms]
2025-02-26 13:56:06.691 [info] > git rev-parse --show-toplevel [2ms]
2025-02-26 13:56:06.699 [info] > git rev-parse --show-toplevel [1ms]
2025-02-26 13:56:06.709 [info] > git rev-parse --show-toplevel [5ms]
2025-02-26 13:56:06.717 [info] > git rev-parse --show-toplevel [1ms]
2025-02-26 13:56:06.725 [info] > git rev-parse --show-toplevel [2ms]
2025-02-26 13:56:06.735 [info] > git rev-parse --show-toplevel [2ms]
2025-02-26 13:56:06.742 [info] > git rev-parse --show-toplevel [2ms]
2025-02-26 13:56:06.749 [info] > git rev-parse --show-toplevel [2ms]
2025-02-26 13:56:06.757 [info] > git rev-parse --show-toplevel [2ms]
2025-02-26 13:56:06.764 [info] > git rev-parse --show-toplevel [2ms]
2025-02-26 13:56:06.771 [info] > git rev-parse --show-toplevel [2ms]
2025-02-26 13:56:06.774 [info] [Model][doInitialScan] Initial repository scan completed - repositories (1), closed repositories (0), parent repositories (0), unsafe repositories (0)
2025-02-26 13:56:06.837 [info] > git show --textconv :hdl/FourLinks/spacewire/RTL/IP_Sub_Modules/spw.vhd [9ms]
2025-02-26 13:56:06.841 [info] > git ls-files --stage -- /home/sgass/Projects/kepler2/hdl/FourLinks/spacewire/RTL/IP_Sub_Modules/spw.vhd [5ms]
2025-02-26 13:56:06.848 [info] > git cat-file -s f718e4543029c2318afcbf7f8caa3dcef7fb4779 [2ms]
2025-02-26 13:56:06.982 [info] > git status -z -uall [433ms]
2025-02-26 13:56:07.000 [info] > git for-each-ref --format=%(refname)%00%(upstream:short)%00%(objectname)%00%(upstream:track)%00%(upstream:remotename)%00%(upstream:remoteref) refs/heads/sgass/prod/no-ref/p4_router_ecp refs/remotes/sgass/prod/no-ref/p4_router_ecp [11ms]
2025-02-26 13:56:07.006 [info] > git config --get commit.template [7ms]
2025-02-26 13:56:07.007 [info] > git config --local branch.sgass/prod/no-ref/p4_router_ecp.vscode-merge-base [2ms]
2025-02-26 13:56:07.019 [info] > git for-each-ref --format=%(refname)%00%(upstream:short)%00%(objectname)%00%(upstream:track)%00%(upstream:remotename)%00%(upstream:remoteref) refs/heads/origin/develop refs/remotes/origin/develop [6ms]
2025-02-26 13:56:07.019 [info] > git for-each-ref --format=%(refname)%00%(upstream:short)%00%(objectname)%00%(upstream:track)%00%(upstream:remotename)%00%(upstream:remoteref) refs/heads/sgass/prod/no-ref/p4_router_ecp refs/remotes/sgass/prod/no-ref/p4_router_ecp [2ms]
2025-02-26 13:56:07.057 [info] > git check-ignore -v -z --stdin [15ms]
2025-02-26 13:56:07.410 [info] > git status -z -uall [386ms]
2025-02-26 13:56:07.420 [info] > git for-each-ref --format=%(refname)%00%(upstream:short)%00%(objectname)%00%(upstream:track)%00%(upstream:remotename)%00%(upstream:remoteref) refs/heads/sgass/prod/no-ref/p4_router_ecp refs/remotes/sgass/prod/no-ref/p4_router_ecp [2ms]
2025-02-26 13:56:07.432 [info] > git config --local branch.sgass/prod/no-ref/p4_router_ecp.vscode-merge-base [6ms]
2025-02-26 13:56:07.441 [info] > git for-each-ref --format=%(refname)%00%(upstream:short)%00%(objectname)%00%(upstream:track)%00%(upstream:remotename)%00%(upstream:remoteref) refs/heads/origin/develop refs/remotes/origin/develop [2ms]
2025-02-26 13:56:07.499 [info] > git rev-parse --show-toplevel [2ms]
2025-02-26 13:56:07.507 [info] > git rev-parse --git-dir --git-common-dir [2ms]
2025-02-26 13:56:07.515 [info] [Model][openRepository] Opened repository: /home/sgass/Projects/kepler2/third_party/libhydrogen
2025-02-26 13:56:07.539 [info] > git rev-parse --show-toplevel [3ms]
2025-02-26 13:56:07.539 [info] > git config --get commit.template [8ms]
2025-02-26 13:56:07.551 [info] > git rev-parse --git-dir --git-common-dir [6ms]
2025-02-26 13:56:07.555 [info] [Model][openRepository] Opened repository: /home/sgass/Projects/kepler2/third_party/magic_enum
2025-02-26 13:56:07.566 [info] > git for-each-ref --format %(refname) %(objectname) %(*objectname) refs/tags [15ms]
2025-02-26 13:56:07.577 [info] > git status -z -uall [4ms]
2025-02-26 13:56:07.577 [info] > git rev-parse --show-toplevel [11ms]
2025-02-26 13:56:07.577 [info] > git config --get commit.template [16ms]
2025-02-26 13:56:07.598 [info] > git rev-parse --git-dir --git-common-dir [11ms]
2025-02-26 13:56:07.601 [info] [Model][openRepository] Opened repository: /home/sgass/Projects/kepler2/third_party/googletest
2025-02-26 13:56:07.613 [info] > git config --get commit.template [15ms]
2025-02-26 13:56:07.613 [info] > git for-each-ref --format %(refname) %(objectname) %(*objectname) refs/tags [20ms]
2025-02-26 13:56:07.623 [info] > git rev-parse --show-toplevel [11ms]
2025-02-26 13:56:07.623 [info] > git config --get commit.template [16ms]
2025-02-26 13:56:07.636 [info] > git status -z -uall [15ms]
2025-02-26 13:56:07.647 [info] > git rev-parse --show-toplevel [11ms]
2025-02-26 13:56:07.647 [info] > git for-each-ref --format %(refname) %(objectname) %(*objectname) refs/tags [16ms]
2025-02-26 13:56:07.656 [info] > git status -z -uall [5ms]
2025-02-26 13:56:07.656 [info] > git config --get commit.template [10ms]
2025-02-26 13:56:07.659 [info] > git rev-parse --git-dir --git-common-dir [3ms]
2025-02-26 13:56:07.661 [info] [Model][openRepository] Opened repository: /home/sgass/Projects/kepler2/third_party/fast-cpp-csv-parser
2025-02-26 13:56:07.663 [info] > git for-each-ref --format %(refname) %(objectname) %(*objectname) refs/tags [21ms]
2025-02-26 13:56:07.697 [info] > git status -z -uall [30ms]
2025-02-26 13:56:07.713 [info] > git rev-parse --show-toplevel [17ms]
2025-02-26 13:56:07.713 [info] > git config --get commit.template [23ms]
2025-02-26 13:56:07.713 [info] > git for-each-ref --format %(refname) %(objectname) %(*objectname) refs/tags [29ms]
2025-02-26 13:56:07.748 [info] > git status -z -uall [12ms]
2025-02-26 13:56:07.748 [info] > git config --get commit.template [41ms]
2025-02-26 13:56:07.756 [info] > git rev-parse --git-dir --git-common-dir [15ms]
2025-02-26 13:56:07.760 [info] [Model][openRepository] Opened repository: /home/sgass/Projects/kepler2/hdl/verilog-axis
2025-02-26 13:56:07.781 [info] > git for-each-ref --format %(refname) %(objectname) %(*objectname) refs/tags [25ms]
2025-02-26 13:56:07.790 [info] > git rev-parse --show-toplevel [9ms]
2025-02-26 13:56:07.790 [info] > git config --get commit.template [16ms]
2025-02-26 13:56:07.790 [info] > git for-each-ref --format %(refname) %(objectname) %(*objectname) refs/tags [22ms]
2025-02-26 13:56:07.804 [info] > git status -z -uall [15ms]
2025-02-26 13:56:07.804 [info] > git status -z -uall [6ms]
2025-02-26 13:56:07.816 [info] > git rev-parse --git-dir --git-common-dir [13ms]
2025-02-26 13:56:07.820 [info] [Model][openRepository] Opened repository: /home/sgass/Projects/kepler2/hdl/verilog-ethernet
2025-02-26 13:56:07.835 [info] > git config --get commit.template [19ms]
2025-02-26 13:56:07.835 [info] > git for-each-ref --format %(refname) %(objectname) %(*objectname) refs/tags [24ms]
2025-02-26 13:56:07.843 [info] > git rev-parse --show-toplevel [9ms]
2025-02-26 13:56:07.844 [info] > git config --get commit.template [15ms]
2025-02-26 13:56:07.856 [info] > git status -z -uall [13ms]
2025-02-26 13:56:07.868 [info] > git rev-parse --git-dir --git-common-dir [13ms]
2025-02-26 13:56:07.870 [info] [Model][openRepository] Opened repository: /home/sgass/Projects/kepler2/third_party/vext.soapysdr
2025-02-26 13:56:07.871 [info] > git for-each-ref --format %(refname) %(objectname) %(*objectname) refs/tags [19ms]
2025-02-26 13:56:07.886 [info] > git status -z -uall [11ms]
2025-02-26 13:56:07.887 [info] > git config --get commit.template [20ms]
2025-02-26 13:56:07.887 [info] > git for-each-ref --format %(refname) %(objectname) %(*objectname) refs/tags [25ms]
2025-02-26 13:56:07.895 [info] > git config --get commit.template [14ms]
2025-02-26 13:56:07.904 [info] > git rev-parse --show-toplevel [18ms]
2025-02-26 13:56:07.915 [info] > git status -z -uall [21ms]
2025-02-26 13:56:07.915 [info] > git for-each-ref --format %(refname) %(objectname) %(*objectname) refs/tags [6ms]
2025-02-26 13:56:07.917 [info] > git for-each-ref --format %(refname) %(objectname) %(*objectname) refs/tags [14ms]
2025-02-26 13:56:07.935 [info] > git status -z -uall [12ms]
2025-02-26 13:56:07.935 [info] > git status -z -uall [6ms]
2025-02-26 13:56:07.935 [info] > git rev-parse --git-dir --git-common-dir [21ms]
2025-02-26 13:56:07.937 [info] [Model][openRepository] Opened repository: /home/sgass/Projects/kepler2/third_party/STM32CubeL1
2025-02-26 13:56:07.949 [info] > git config --get commit.template [15ms]
2025-02-26 13:56:07.958 [info] > git rev-parse --show-toplevel [10ms]
2025-02-26 13:56:07.958 [info] > git config --get commit.template [15ms]
2025-02-26 13:56:07.980 [info] > git for-each-ref --format %(refname) %(objectname) %(*objectname) refs/tags [16ms]
2025-02-26 13:56:07.980 [info] > git config --get commit.template [23ms]
2025-02-26 13:56:07.994 [info] > git rev-parse --git-dir --git-common-dir [23ms]
2025-02-26 13:56:08.000 [info] [Model][openRepository] Opened repository: /home/sgass/Projects/kepler2/ansible/kubespray
2025-02-26 13:56:08.008 [info] > git status -z -uall [21ms]
2025-02-26 13:56:08.008 [info] > git for-each-ref --format %(refname) %(objectname) %(*objectname) refs/tags [15ms]
2025-02-26 13:56:08.010 [info] > git for-each-ref --format %(refname) %(objectname) %(*objectname) refs/tags [31ms]
2025-02-26 13:56:08.017 [info] > git config --get commit.template [10ms]
2025-02-26 13:56:08.032 [info] > git status -z -uall [10ms]
2025-02-26 13:56:08.049 [info] > git status -z -uall [33ms]
2025-02-26 13:56:08.061 [info] > git for-each-ref --format %(refname) %(objectname) %(*objectname) refs/tags [30ms]
2025-02-26 13:56:08.067 [info] > git check-ignore -v -z --stdin [21ms]
2025-02-26 13:56:08.068 [info] > git config --get commit.template [8ms]
2025-02-26 13:56:08.077 [info] > git for-each-ref --format %(refname) %(objectname) %(*objectname) refs/tags [3ms]
2025-02-26 13:56:08.089 [info] > git status -z -uall [23ms]
2025-02-26 13:56:08.103 [info] > git config --get commit.template [4ms]
2025-02-26 13:56:08.115 [info] > git status -z -uall [32ms]
2025-02-26 13:56:08.118 [info] > git for-each-ref --format %(refname) %(objectname) %(*objectname) refs/tags [7ms]
2025-02-26 13:56:08.142 [info] > git status -z -uall [17ms]
2025-02-26 13:56:08.341 [info] > git show --textconv :hdl/FourLinks/spacewire/RTL/IP_Sub_Modules/spw_tx_flowcontrol.vhd [8ms]
2025-02-26 13:56:08.342 [info] > git ls-files --stage -- /home/sgass/Projects/kepler2/hdl/FourLinks/spacewire/RTL/IP_Sub_Modules/spw_tx_flowcontrol.vhd [5ms]
2025-02-26 13:56:08.350 [info] > git cat-file -s 143bf63993cb942d139da7bb666fb2d68b1645c6 [3ms]
2025-02-26 13:56:08.648 [info] > git check-ignore -v -z --stdin [12ms]
2025-02-26 13:56:10.696 [info] > git rev-parse --show-toplevel [1ms]
2025-02-26 13:56:10.696 [info] fatal: not a git repository (or any of the parent directories): .git
2025-02-26 13:56:46.111 [info] > git show --textconv :tcl/kepler/vivado/ips.tcl [6ms]
2025-02-26 13:56:46.115 [info] > git ls-files --stage -- /home/sgass/Projects/kepler2/tcl/kepler/vivado/ips.tcl [5ms]
2025-02-26 13:56:46.123 [info] > git cat-file -s 58eeacc60ba99d9dd87094445dba9aa17ece67db [2ms]
2025-02-26 13:56:46.401 [info] > git check-ignore -v -z --stdin [9ms]
2025-02-26 13:59:36.749 [info] > git show --textconv :hdl/vivado/ipsrcs/tcl-managed/pcuecp/vitis_net_p4_frr_t1_ecp.Vivado.2021.2.ip_info [5ms]
2025-02-26 13:59:36.752 [info] > git ls-files --stage -- /home/sgass/Projects/kepler2/hdl/vivado/ipsrcs/tcl-managed/pcuecp/vitis_net_p4_frr_t1_ecp.Vivado.2021.2.ip_info [4ms]
2025-02-26 13:59:36.759 [info] > git cat-file -s 0718fc659f1304ac41c9221107fbff1e4cfc9821 [2ms]
2025-02-26 13:59:37.030 [info] > git check-ignore -v -z --stdin [7ms]
2025-02-26 13:59:52.422 [info] > git show --textconv :tcl/kepler/vivado/ips.tcl [6ms]
2025-02-26 13:59:52.425 [info] > git ls-files --stage -- /home/sgass/Projects/kepler2/tcl/kepler/vivado/ips.tcl [4ms]
2025-02-26 13:59:52.432 [info] > git cat-file -s 58eeacc60ba99d9dd87094445dba9aa17ece67db [2ms]
2025-02-26 14:00:04.402 [info] > git show --textconv :hdl/vivado/ipsrcs/tcl-managed/pcuecp/vitis_net_p4_frr_t1_ecp.Vivado.2021.2.ip_info [6ms]
2025-02-26 14:00:04.405 [info] > git ls-files --stage -- /home/sgass/Projects/kepler2/hdl/vivado/ipsrcs/tcl-managed/pcuecp/vitis_net_p4_frr_t1_ecp.Vivado.2021.2.ip_info [5ms]
2025-02-26 14:00:04.412 [info] > git cat-file -s 0718fc659f1304ac41c9221107fbff1e4cfc9821 [2ms]
2025-02-26 14:00:08.469 [info] > git show --textconv :tcl/kepler/vivado/ips.tcl [5ms]
2025-02-26 14:00:08.473 [info] > git ls-files --stage -- /home/sgass/Projects/kepler2/tcl/kepler/vivado/ips.tcl [4ms]
2025-02-26 14:00:08.480 [info] > git cat-file -s 58eeacc60ba99d9dd87094445dba9aa17ece67db [2ms]
2025-02-26 14:02:05.792 [info] > git show --textconv :hdl/vivado/ipsrcs/tcl-managed/pcuecp/vitis_net_p4_frr_t1_ecp.Vivado.2021.2.ip_info [5ms]
2025-02-26 14:02:05.795 [info] > git ls-files --stage -- /home/sgass/Projects/kepler2/hdl/vivado/ipsrcs/tcl-managed/pcuecp/vitis_net_p4_frr_t1_ecp.Vivado.2021.2.ip_info [4ms]
2025-02-26 14:02:05.801 [info] > git cat-file -s 0718fc659f1304ac41c9221107fbff1e4cfc9821 [1ms]
2025-02-26 14:02:11.871 [info] > git show --textconv :tcl/kepler/vivado/ips.tcl [6ms]
2025-02-26 14:02:11.876 [info] > git ls-files --stage -- /home/sgass/Projects/kepler2/tcl/kepler/vivado/ips.tcl [6ms]
2025-02-26 14:02:11.885 [info] > git cat-file -s 58eeacc60ba99d9dd87094445dba9aa17ece67db [3ms]
2025-02-26 14:42:52.821 [info] > git show --textconv :hdl/vivado/ipsrcs/tcl-managed/pcuecp/vitis_net_p4_frr_t1_ecp.Vivado.2021.2.ip_info [16ms]
2025-02-26 14:42:52.822 [info] > git ls-files --stage -- /home/sgass/Projects/kepler2/hdl/vivado/ipsrcs/tcl-managed/pcuecp/vitis_net_p4_frr_t1_ecp.Vivado.2021.2.ip_info [9ms]
2025-02-26 14:42:52.830 [info] > git cat-file -s 0718fc659f1304ac41c9221107fbff1e4cfc9821 [2ms]
2025-02-26 14:43:13.252 [info] > git show --textconv :tcl/kepler/vivado/ips.tcl [12ms]
2025-02-26 14:43:13.257 [info] > git ls-files --stage -- /home/sgass/Projects/kepler2/tcl/kepler/vivado/ips.tcl [8ms]
2025-02-26 14:43:13.269 [info] > git cat-file -s 58eeacc60ba99d9dd87094445dba9aa17ece67db [3ms]
2025-02-26 14:43:14.209 [info] > git show --textconv :hdl/vivado/ipsrcs/tcl-managed/pcuecp/vitis_net_p4_frr_t1_ecp.Vivado.2021.2.ip_info [11ms]
2025-02-26 14:43:14.214 [info] > git ls-files --stage -- /home/sgass/Projects/kepler2/hdl/vivado/ipsrcs/tcl-managed/pcuecp/vitis_net_p4_frr_t1_ecp.Vivado.2021.2.ip_info [7ms]
2025-02-26 14:43:14.224 [info] > git cat-file -s 0718fc659f1304ac41c9221107fbff1e4cfc9821 [4ms]
2025-02-26 14:43:19.902 [info] > git show --textconv :tcl/kepler/vivado/ips.tcl [8ms]
2025-02-26 14:43:19.907 [info] > git ls-files --stage -- /home/sgass/Projects/kepler2/tcl/kepler/vivado/ips.tcl [6ms]
2025-02-26 14:43:19.916 [info] > git cat-file -s 58eeacc60ba99d9dd87094445dba9aa17ece67db [3ms]
2025-02-26 14:48:03.736 [info] > git show --textconv :hdl/vivado/ipsrcs/tcl-managed/pcuecp/vitis_net_p4_frr_t1_ecp.Vivado.2021.2.ip_info [11ms]
2025-02-26 14:48:03.738 [info] > git ls-files --stage -- /home/sgass/Projects/kepler2/hdl/vivado/ipsrcs/tcl-managed/pcuecp/vitis_net_p4_frr_t1_ecp.Vivado.2021.2.ip_info [5ms]
2025-02-26 14:48:03.744 [info] > git cat-file -s 0718fc659f1304ac41c9221107fbff1e4cfc9821 [2ms]
2025-02-26 14:48:05.142 [info] > git show --textconv :tcl/kepler/vivado/ips.tcl [6ms]
2025-02-26 14:48:05.145 [info] > git ls-files --stage -- /home/sgass/Projects/kepler2/tcl/kepler/vivado/ips.tcl [4ms]
2025-02-26 14:48:05.150 [info] > git cat-file -s 58eeacc60ba99d9dd87094445dba9aa17ece67db [2ms]
2025-02-26 14:48:05.950 [info] > git show --textconv :hdl/vivado/ipsrcs/tcl-managed/pcuecp/vitis_net_p4_frr_t1_ecp.Vivado.2021.2.ip_info [10ms]
2025-02-26 14:48:05.955 [info] > git ls-files --stage -- /home/sgass/Projects/kepler2/hdl/vivado/ipsrcs/tcl-managed/pcuecp/vitis_net_p4_frr_t1_ecp.Vivado.2021.2.ip_info [7ms]
2025-02-26 14:48:05.966 [info] > git cat-file -s 0718fc659f1304ac41c9221107fbff1e4cfc9821 [4ms]
2025-02-26 14:48:08.013 [info] > git show --textconv :tcl/kepler/vivado/ips.tcl [16ms]
2025-02-26 14:48:08.017 [info] > git ls-files --stage -- /home/sgass/Projects/kepler2/tcl/kepler/vivado/ips.tcl [8ms]
2025-02-26 14:48:08.024 [info] > git cat-file -s 58eeacc60ba99d9dd87094445dba9aa17ece67db [1ms]
2025-02-26 14:50:41.417 [info] > git show --textconv :hdl/vivado/ipsrcs/tcl-managed/pcuecp/vitis_net_p4_frr_t1_ecp.Vivado.2021.2.ip_info [12ms]
2025-02-26 14:50:41.426 [info] > git ls-files --stage -- /home/sgass/Projects/kepler2/hdl/vivado/ipsrcs/tcl-managed/pcuecp/vitis_net_p4_frr_t1_ecp.Vivado.2021.2.ip_info [10ms]
2025-02-26 14:50:41.441 [info] > git cat-file -s 0718fc659f1304ac41c9221107fbff1e4cfc9821 [4ms]
2025-02-26 14:50:44.376 [info] > git show --textconv :tcl/kepler/vivado/ips.tcl [4ms]
2025-02-26 14:50:44.382 [info] > git ls-files --stage -- /home/sgass/Projects/kepler2/tcl/kepler/vivado/ips.tcl [6ms]
2025-02-26 14:50:44.392 [info] > git cat-file -s 58eeacc60ba99d9dd87094445dba9aa17ece67db [3ms]
2025-02-26 14:50:45.138 [info] > git show --textconv :hdl/vivado/ipsrcs/tcl-managed/pcuecp/vitis_net_p4_frr_t1_ecp.Vivado.2021.2.ip_info [11ms]
2025-02-26 14:50:45.146 [info] > git ls-files --stage -- /home/sgass/Projects/kepler2/hdl/vivado/ipsrcs/tcl-managed/pcuecp/vitis_net_p4_frr_t1_ecp.Vivado.2021.2.ip_info [9ms]
2025-02-26 14:50:45.158 [info] > git cat-file -s 0718fc659f1304ac41c9221107fbff1e4cfc9821 [4ms]
2025-02-26 14:50:47.286 [info] > git show --textconv :tcl/kepler/vivado/ips.tcl [11ms]
2025-02-26 14:50:47.293 [info] > git ls-files --stage -- /home/sgass/Projects/kepler2/tcl/kepler/vivado/ips.tcl [9ms]
2025-02-26 14:50:47.304 [info] > git cat-file -s 58eeacc60ba99d9dd87094445dba9aa17ece67db [3ms]
2025-02-26 14:51:07.863 [info] > git show --textconv :hdl/vivado/ipsrcs/tcl-managed/pcuecp/vitis_net_p4_frr_t1_ecp.Vivado.2021.2.ip_info [10ms]
2025-02-26 14:51:07.870 [info] > git ls-files --stage -- /home/sgass/Projects/kepler2/hdl/vivado/ipsrcs/tcl-managed/pcuecp/vitis_net_p4_frr_t1_ecp.Vivado.2021.2.ip_info [9ms]
2025-02-26 14:51:07.883 [info] > git cat-file -s 0718fc659f1304ac41c9221107fbff1e4cfc9821 [4ms]
2025-02-26 14:51:22.949 [info] > git show --textconv :tcl/kepler/vivado/ips.tcl [13ms]
2025-02-26 14:51:22.959 [info] > git ls-files --stage -- /home/sgass/Projects/kepler2/tcl/kepler/vivado/ips.tcl [13ms]
2025-02-26 14:51:22.975 [info] > git cat-file -s 58eeacc60ba99d9dd87094445dba9aa17ece67db [6ms]
2025-02-26 14:51:26.073 [info] > git rev-parse --show-toplevel [1ms]
2025-02-26 14:51:26.073 [info] fatal: not a git repository (or any of the parent directories): .git
2025-02-26 14:51:27.845 [info] > git show --textconv :tcl/kepler/vivado/ips.tcl [13ms]
2025-02-26 14:51:27.851 [info] > git ls-files --stage -- /home/sgass/Projects/kepler2/tcl/kepler/vivado/ips.tcl [9ms]
2025-02-26 14:51:27.859 [info] > git cat-file -s 58eeacc60ba99d9dd87094445dba9aa17ece67db [2ms]
2025-02-26 14:56:11.199 [info] > git show --textconv :tcl/kepler/vivado/main.tcl [9ms]
2025-02-26 14:56:11.202 [info] > git ls-files --stage -- /home/sgass/Projects/kepler2/tcl/kepler/vivado/main.tcl [4ms]
2025-02-26 14:56:11.210 [info] > git cat-file -s 2add1cf389283f55afb8798e5276210bba2cf775 [2ms]
2025-02-26 14:56:11.488 [info] > git check-ignore -v -z --stdin [8ms]
2025-02-26 14:56:23.562 [info] > git show --textconv :tcl/kepler/util/main.tcl [11ms]
2025-02-26 14:56:23.571 [info] > git ls-files --stage -- /home/sgass/Projects/kepler2/tcl/kepler/util/main.tcl [10ms]
2025-02-26 14:56:23.582 [info] > git cat-file -s 3982165580476023666a2cf09fb2ed0b78139185 [3ms]
2025-02-26 14:56:23.839 [info] > git check-ignore -v -z --stdin [8ms]
2025-02-26 14:56:42.101 [info] > git show --textconv :tcl/kepler/vivado/proj.tcl [11ms]
2025-02-26 14:56:42.105 [info] > git ls-files --stage -- /home/sgass/Projects/kepler2/tcl/kepler/vivado/proj.tcl [4ms]
2025-02-26 14:56:42.112 [info] > git cat-file -s 5064a3a1aedd7cb0157887602d206020a1720c54 [1ms]
2025-02-26 14:56:42.387 [info] > git check-ignore -v -z --stdin [11ms]
2025-02-26 14:56:46.729 [info] > git show --textconv :tcl/kepler/util/main.tcl [14ms]
2025-02-26 14:56:46.737 [info] > git ls-files --stage -- /home/sgass/Projects/kepler2/tcl/kepler/util/main.tcl [10ms]
2025-02-26 14:56:46.749 [info] > git cat-file -s 3982165580476023666a2cf09fb2ed0b78139185 [3ms]
2025-02-26 14:56:54.416 [info] > git show --textconv :tcl/kepler/vivado/ips.tcl [6ms]
2025-02-26 14:56:54.423 [info] > git ls-files --stage -- /home/sgass/Projects/kepler2/tcl/kepler/vivado/ips.tcl [7ms]
2025-02-26 14:56:54.436 [info] > git cat-file -s 58eeacc60ba99d9dd87094445dba9aa17ece67db [4ms]
2025-02-26 15:00:17.263 [info] > git show --textconv :hdl/vivado/ipsrcs/tcl-managed/pcuecp/vitis_net_p4_frr_t1_ecp.Vivado.2021.2.ip_info [14ms]
2025-02-26 15:00:17.270 [info] > git ls-files --stage -- /home/sgass/Projects/kepler2/hdl/vivado/ipsrcs/tcl-managed/pcuecp/vitis_net_p4_frr_t1_ecp.Vivado.2021.2.ip_info [10ms]
2025-02-26 15:00:17.283 [info] > git cat-file -s 0718fc659f1304ac41c9221107fbff1e4cfc9821 [4ms]
2025-02-26 15:00:38.342 [info] > git show --textconv :tcl/kepler/vivado/ips.tcl [9ms]
2025-02-26 15:00:38.347 [info] > git ls-files --stage -- /home/sgass/Projects/kepler2/tcl/kepler/vivado/ips.tcl [5ms]
2025-02-26 15:00:38.356 [info] > git cat-file -s 58eeacc60ba99d9dd87094445dba9aa17ece67db [2ms]
2025-02-26 15:01:33.615 [info] > git config --get commit.template [10ms]
2025-02-26 15:01:33.620 [info] > git for-each-ref --format %(refname) %(objectname) %(*objectname) refs/tags [4ms]
2025-02-26 15:01:33.642 [info] > git status -z -uall [14ms]
2025-02-26 15:01:33.743 [info] > git config --get commit.template [10ms]
2025-02-26 15:01:33.752 [info] > git config --get commit.template [10ms]
2025-02-26 15:01:33.762 [info] > git for-each-ref --format %(refname) %(objectname) %(*objectname) refs/tags [10ms]
2025-02-26 15:01:33.770 [info] > git for-each-ref --format %(refname) %(objectname) %(*objectname) refs/tags [10ms]
2025-02-26 15:01:33.779 [info] > git status -z -uall [10ms]
2025-02-26 15:01:33.793 [info] > git status -z -uall [14ms]
2025-02-26 15:01:33.795 [info] > git config --get commit.template [3ms]
2025-02-26 15:01:33.806 [info] > git for-each-ref --format %(refname) %(objectname) %(*objectname) refs/tags [2ms]
2025-02-26 15:01:33.827 [info] > git config --get commit.template [7ms]
2025-02-26 15:01:33.833 [info] > git config --get commit.template [7ms]
2025-02-26 15:01:33.844 [info] > git status -z -uall [29ms]
2025-02-26 15:01:33.844 [info] > git config --get commit.template [12ms]
2025-02-26 15:01:33.849 [info] > git config --get commit.template [6ms]
2025-02-26 15:01:33.849 [info] > git for-each-ref --format %(refname) %(objectname) %(*objectname) refs/tags [11ms]
2025-02-26 15:01:33.863 [info] > git status -z -uall [9ms]
2025-02-26 15:01:33.864 [info] > git for-each-ref --format %(refname) %(objectname) %(*objectname) refs/tags [16ms]
2025-02-26 15:01:33.869 [info] > git for-each-ref --format %(refname) %(objectname) %(*objectname) refs/tags [7ms]
2025-02-26 15:01:33.869 [info] > git for-each-ref --format %(refname) %(objectname) %(*objectname) refs/tags [11ms]
2025-02-26 15:01:33.894 [info] > git status -z -uall [25ms]
2025-02-26 15:01:33.895 [info] > git status -z -uall [19ms]
2025-02-26 15:01:33.895 [info] > git status -z -uall [10ms]
2025-02-26 15:01:33.896 [info] > git config --get commit.template [3ms]
2025-02-26 15:01:33.906 [info] > git for-each-ref --format %(refname) %(objectname) %(*objectname) refs/tags [1ms]
2025-02-26 15:01:33.916 [info] > git status -z -uall [3ms]
2025-02-26 15:01:33.952 [info] > git config --get commit.template [11ms]
2025-02-26 15:01:33.957 [info] > git for-each-ref --format=%(refname)%00%(upstream:short)%00%(objectname)%00%(upstream:track)%00%(upstream:remotename)%00%(upstream:remoteref) refs/heads/sgass/prod/no-ref/p4_router_ecp refs/remotes/sgass/prod/no-ref/p4_router_ecp [6ms]
2025-02-26 15:01:34.050 [info] > git ls-files --stage -- /home/sgass/Projects/kepler2/tcl/kepler/vivado/ips.tcl [8ms]
2025-02-26 15:01:34.060 [info] > git cat-file -s 58eeacc60ba99d9dd87094445dba9aa17ece67db [3ms]
2025-02-26 15:01:34.071 [info] > git show --textconv :tcl/kepler/vivado/ips.tcl [5ms]
2025-02-26 15:01:34.249 [info] > git status -z -uall [282ms]
2025-02-26 15:01:34.255 [info] > git for-each-ref --format=%(refname)%00%(upstream:short)%00%(objectname)%00%(upstream:track)%00%(upstream:remotename)%00%(upstream:remoteref) refs/heads/sgass/prod/no-ref/p4_router_ecp refs/remotes/sgass/prod/no-ref/p4_router_ecp [1ms]
2025-02-26 15:01:34.260 [info] > git config --local branch.sgass/prod/no-ref/p4_router_ecp.vscode-merge-base [1ms]
2025-02-26 15:01:34.267 [info] > git for-each-ref --format=%(refname)%00%(upstream:short)%00%(objectname)%00%(upstream:track)%00%(upstream:remotename)%00%(upstream:remoteref) refs/heads/origin/develop refs/remotes/origin/develop [4ms]
2025-02-26 15:02:03.368 [info] > git show --textconv :hdl/vivado/ipsrcs/tcl-managed/pcuecp/vitis_net_p4_frr_t1_ecp.Vivado.2021.2.ip_info [10ms]
2025-02-26 15:02:03.376 [info] > git ls-files --stage -- /home/sgass/Projects/kepler2/hdl/vivado/ipsrcs/tcl-managed/pcuecp/vitis_net_p4_frr_t1_ecp.Vivado.2021.2.ip_info [10ms]
2025-02-26 15:02:03.388 [info] > git cat-file -s 0718fc659f1304ac41c9221107fbff1e4cfc9821 [3ms]
2025-02-26 15:02:36.899 [info] > git config --get commit.template [9ms]
2025-02-26 15:02:36.901 [info] > git for-each-ref --format=%(refname)%00%(upstream:short)%00%(objectname)%00%(upstream:track)%00%(upstream:remotename)%00%(upstream:remoteref) refs/heads/sgass/prod/no-ref/p4_router_ecp refs/remotes/sgass/prod/no-ref/p4_router_ecp [3ms]
2025-02-26 15:02:36.994 [info] > git ls-files --stage -- /home/sgass/Projects/kepler2/hdl/vivado/ipsrcs/tcl-managed/pcuecp/vitis_net_p4_frr_t1_ecp.Vivado.2021.2.ip_info [6ms]
2025-02-26 15:02:37.007 [info] > git cat-file -s 021d149dfc034e140b83c830ae0c367e5bcb9209 [4ms]
2025-02-26 15:02:37.026 [info] > git show --textconv :hdl/vivado/ipsrcs/tcl-managed/pcuecp/vitis_net_p4_frr_t1_ecp.Vivado.2021.2.ip_info [9ms]
2025-02-26 15:02:37.237 [info] > git status -z -uall [328ms]
2025-02-26 15:02:37.245 [info] > git for-each-ref --format=%(refname)%00%(upstream:short)%00%(objectname)%00%(upstream:track)%00%(upstream:remotename)%00%(upstream:remoteref) refs/heads/sgass/prod/no-ref/p4_router_ecp refs/remotes/sgass/prod/no-ref/p4_router_ecp [2ms]
2025-02-26 15:02:37.253 [info] > git config --local branch.sgass/prod/no-ref/p4_router_ecp.vscode-merge-base [1ms]
2025-02-26 15:02:37.259 [info] > git for-each-ref --format=%(refname)%00%(upstream:short)%00%(objectname)%00%(upstream:track)%00%(upstream:remotename)%00%(upstream:remoteref) refs/heads/origin/develop refs/remotes/origin/develop [1ms]
2025-02-26 15:03:08.105 [info] > git show --textconv :hdl/vivado/ipsrcs/tcl-managed/common/vitis_net_p4_echo_phys_port.Vivado.2021.2.ip_info [12ms]
2025-02-26 15:03:08.112 [info] > git ls-files --stage -- /home/sgass/Projects/kepler2/hdl/vivado/ipsrcs/tcl-managed/common/vitis_net_p4_echo_phys_port.Vivado.2021.2.ip_info [9ms]
2025-02-26 15:03:08.124 [info] > git cat-file -s 82b7586e184a8cdb6f331817d39f40fd9840db05 [3ms]
2025-02-26 15:03:08.395 [info] > git check-ignore -v -z --stdin [12ms]
2025-02-26 15:04:26.395 [info] > git config --get commit.template [14ms]
2025-02-26 15:04:26.400 [info] > git for-each-ref --format %(refname) %(objectname) %(*objectname) refs/tags [6ms]
2025-02-26 15:04:26.430 [info] > git status -z -uall [19ms]
2025-02-26 15:04:26.501 [info] > git config --get commit.template [10ms]
2025-02-26 15:04:26.517 [info] > git config --get commit.template [17ms]
2025-02-26 15:04:26.517 [info] > git for-each-ref --format %(refname) %(objectname) %(*objectname) refs/tags [8ms]
2025-02-26 15:04:26.534 [info] > git status -z -uall [9ms]
2025-02-26 15:04:26.534 [info] > git for-each-ref --format %(refname) %(objectname) %(*objectname) refs/tags [18ms]
2025-02-26 15:04:26.543 [info] > git config --get commit.template [9ms]
2025-02-26 15:04:26.552 [info] > git status -z -uall [11ms]
2025-02-26 15:04:26.563 [info] > git for-each-ref --format %(refname) %(objectname) %(*objectname) refs/tags [12ms]
2025-02-26 15:04:26.581 [info] > git config --get commit.template [19ms]
2025-02-26 15:04:26.594 [info] > git config --get commit.template [14ms]
2025-02-26 15:04:26.598 [info] > git config --get commit.template [8ms]
2025-02-26 15:04:26.604 [info] > git status -z -uall [31ms]
2025-02-26 15:04:26.604 [info] > git config --get commit.template [10ms]
2025-02-26 15:04:26.616 [info] > git for-each-ref --format %(refname) %(objectname) %(*objectname) refs/tags [18ms]
2025-02-26 15:04:26.637 [info] > git status -z -uall [12ms]
2025-02-26 15:04:26.637 [info] > git for-each-ref --format %(refname) %(objectname) %(*objectname) refs/tags [22ms]
2025-02-26 15:04:26.637 [info] > git for-each-ref --format %(refname) %(objectname) %(*objectname) refs/tags [28ms]
2025-02-26 15:04:26.637 [info] > git for-each-ref --format %(refname) %(objectname) %(*objectname) refs/tags [34ms]
2025-02-26 15:04:26.657 [info] > git status -z -uall [11ms]
2025-02-26 15:04:26.658 [info] > git config --get commit.template [22ms]
2025-02-26 15:04:26.660 [info] > git status -z -uall [3ms]
2025-02-26 15:04:26.687 [info] > git status -z -uall [18ms]
2025-02-26 15:04:26.689 [info] > git for-each-ref --format %(refname) %(objectname) %(*objectname) refs/tags [12ms]
2025-02-26 15:04:26.697 [info] > git config --get commit.template [10ms]
2025-02-26 15:04:26.706 [info] > git status -z -uall [10ms]
2025-02-26 15:04:26.708 [info] > git for-each-ref --format=%(refname)%00%(upstream:short)%00%(objectname)%00%(upstream:track)%00%(upstream:remotename)%00%(upstream:remoteref) refs/heads/sgass/prod/no-ref/p4_router_ecp refs/remotes/sgass/prod/no-ref/p4_router_ecp [3ms]
2025-02-26 15:04:26.793 [info] > git ls-files --stage -- /home/sgass/Projects/kepler2/hdl/vivado/ipsrcs/tcl-managed/common/vitis_net_p4_echo_phys_port.Vivado.2021.2.ip_info [9ms]
2025-02-26 15:04:26.805 [info] > git cat-file -s 82b7586e184a8cdb6f331817d39f40fd9840db05 [3ms]
2025-02-26 15:04:26.830 [info] > git show --textconv :hdl/vivado/ipsrcs/tcl-managed/common/vitis_net_p4_echo_phys_port.Vivado.2021.2.ip_info [12ms]
2025-02-26 15:04:27.041 [info] > git status -z -uall [327ms]
2025-02-26 15:04:27.050 [info] > git for-each-ref --format=%(refname)%00%(upstream:short)%00%(objectname)%00%(upstream:track)%00%(upstream:remotename)%00%(upstream:remoteref) refs/heads/sgass/prod/no-ref/p4_router_ecp refs/remotes/sgass/prod/no-ref/p4_router_ecp [2ms]
2025-02-26 15:04:27.057 [info] > git config --local branch.sgass/prod/no-ref/p4_router_ecp.vscode-merge-base [1ms]
2025-02-26 15:04:27.067 [info] > git for-each-ref --format=%(refname)%00%(upstream:short)%00%(objectname)%00%(upstream:track)%00%(upstream:remotename)%00%(upstream:remoteref) refs/heads/origin/develop refs/remotes/origin/develop [3ms]
2025-02-26 15:06:44.864 [info] > git config --get commit.template [10ms]
2025-02-26 15:06:44.865 [info] > git for-each-ref --format=%(refname)%00%(upstream:short)%00%(objectname)%00%(upstream:track)%00%(upstream:remotename)%00%(upstream:remoteref) refs/heads/sgass/prod/no-ref/p4_router_ecp refs/remotes/sgass/prod/no-ref/p4_router_ecp [3ms]
2025-02-26 15:06:44.968 [info] > git ls-files --stage -- /home/sgass/Projects/kepler2/hdl/vivado/ipsrcs/tcl-managed/common/vitis_net_p4_echo_phys_port.Vivado.2021.2.ip_info [10ms]
2025-02-26 15:06:44.982 [info] > git cat-file -s 4441d5dfb78f9d21c5dd2478f93b7a1c7ca93a01 [3ms]
2025-02-26 15:06:45.004 [info] > git show --textconv :hdl/vivado/ipsrcs/tcl-managed/common/vitis_net_p4_echo_phys_port.Vivado.2021.2.ip_info [11ms]
2025-02-26 15:06:45.267 [info] > git status -z -uall [394ms]
2025-02-26 15:06:45.275 [info] > git for-each-ref --format=%(refname)%00%(upstream:short)%00%(objectname)%00%(upstream:track)%00%(upstream:remotename)%00%(upstream:remoteref) refs/heads/sgass/prod/no-ref/p4_router_ecp refs/remotes/sgass/prod/no-ref/p4_router_ecp [2ms]
2025-02-26 15:06:45.281 [info] > git config --local branch.sgass/prod/no-ref/p4_router_ecp.vscode-merge-base [2ms]
2025-02-26 15:06:45.287 [info] > git for-each-ref --format=%(refname)%00%(upstream:short)%00%(objectname)%00%(upstream:track)%00%(upstream:remotename)%00%(upstream:remoteref) refs/heads/origin/develop refs/remotes/origin/develop [1ms]
2025-02-26 15:06:46.656 [info] > git config --get commit.template [16ms]
2025-02-26 15:06:46.664 [info] > git for-each-ref --format %(refname) %(objectname) %(*objectname) refs/tags [7ms]
2025-02-26 15:06:46.686 [info] > git status -z -uall [12ms]
2025-02-26 15:06:46.767 [info] > git config --get commit.template [14ms]
2025-02-26 15:06:46.789 [info] > git config --get commit.template [23ms]
2025-02-26 15:06:46.801 [info] > git for-each-ref --format %(refname) %(objectname) %(*objectname) refs/tags [13ms]
2025-02-26 15:06:46.801 [info] > git for-each-ref --format %(refname) %(objectname) %(*objectname) refs/tags [23ms]
2025-02-26 15:06:46.822 [info] > git status -z -uall [12ms]
2025-02-26 15:06:46.822 [info] > git config --get commit.template [22ms]
2025-02-26 15:06:46.858 [info] > git status -z -uall [24ms]
2025-02-26 15:06:46.858 [info] > git config --get commit.template [18ms]
2025-02-26 15:06:46.859 [info] > git for-each-ref --format %(refname) %(objectname) %(*objectname) refs/tags [30ms]
2025-02-26 15:06:46.860 [info] > git config --get commit.template [38ms]
2025-02-26 15:06:46.872 [info] > git config --get commit.template [15ms]
2025-02-26 15:06:46.872 [info] > git config --get commit.template [23ms]
2025-02-26 15:06:46.896 [info] > git for-each-ref --format %(refname) %(objectname) %(*objectname) refs/tags [26ms]
2025-02-26 15:06:46.908 [info] > git for-each-ref --format %(refname) %(objectname) %(*objectname) refs/tags [19ms]
2025-02-26 15:06:46.919 [info] > git for-each-ref --format %(refname) %(objectname) %(*objectname) refs/tags [17ms]
2025-02-26 15:06:46.919 [info] > git config --get commit.template [23ms]
2025-02-26 15:06:46.928 [info] > git status -z -uall [46ms]
2025-02-26 15:06:46.928 [info] > git status -z -uall [14ms]
2025-02-26 15:06:46.928 [info] > git status -z -uall [10ms]
2025-02-26 15:06:46.928 [info] > git status -z -uall [4ms]
2025-02-26 15:06:46.929 [info] > git for-each-ref --format %(refname) %(objectname) %(*objectname) refs/tags [22ms]
2025-02-26 15:06:46.935 [info] > git for-each-ref --format %(refname) %(objectname) %(*objectname) refs/tags [7ms]
2025-02-26 15:06:46.937 [info] > git status -z -uall [3ms]
2025-02-26 15:06:46.942 [info] > git status -z -uall [2ms]
2025-02-26 15:06:47.039 [info] > git ls-files --stage -- /home/sgass/Projects/kepler2/hdl/vivado/ipsrcs/tcl-managed/common/vitis_net_p4_echo_phys_port.Vivado.2021.2.ip_info [9ms]
2025-02-26 15:06:47.050 [info] > git cat-file -s 4441d5dfb78f9d21c5dd2478f93b7a1c7ca93a01 [4ms]
2025-02-26 15:06:47.067 [info] > git show --textconv :hdl/vivado/ipsrcs/tcl-managed/common/vitis_net_p4_echo_phys_port.Vivado.2021.2.ip_info [10ms]
2025-02-26 15:06:50.285 [info] > git config --get commit.template [4ms]
2025-02-26 15:06:50.287 [info] > git for-each-ref --format=%(refname)%00%(upstream:short)%00%(objectname)%00%(upstream:track)%00%(upstream:remotename)%00%(upstream:remoteref) refs/heads/sgass/prod/no-ref/p4_router_ecp refs/remotes/sgass/prod/no-ref/p4_router_ecp [2ms]
2025-02-26 15:06:50.512 [info] > git status -z -uall [219ms]
2025-02-26 15:06:50.519 [info] > git for-each-ref --format=%(refname)%00%(upstream:short)%00%(objectname)%00%(upstream:track)%00%(upstream:remotename)%00%(upstream:remoteref) refs/heads/sgass/prod/no-ref/p4_router_ecp refs/remotes/sgass/prod/no-ref/p4_router_ecp [2ms]
2025-02-26 15:06:50.524 [info] > git config --local branch.sgass/prod/no-ref/p4_router_ecp.vscode-merge-base [1ms]
2025-02-26 15:06:50.530 [info] > git for-each-ref --format=%(refname)%00%(upstream:short)%00%(objectname)%00%(upstream:track)%00%(upstream:remotename)%00%(upstream:remoteref) refs/heads/origin/develop refs/remotes/origin/develop [2ms]
2025-02-26 15:06:51.701 [info] > git config --get commit.template [3ms]
2025-02-26 15:06:51.717 [info] > git for-each-ref --format %(refname) %(objectname) %(*objectname) refs/tags [9ms]
2025-02-26 15:06:51.726 [info] > git ls-files --stage -- /home/sgass/Projects/kepler2/hdl/vivado/ipsrcs/tcl-managed/common/vitis_net_p4_echo_phys_port.Vivado.2021.2.ip_info [9ms]
2025-02-26 15:06:51.737 [info] > git cat-file -s 4441d5dfb78f9d21c5dd2478f93b7a1c7ca93a01 [3ms]
2025-02-26 15:06:51.746 [info] > git status -z -uall [20ms]
2025-02-26 15:06:51.755 [info] > git show --textconv :hdl/vivado/ipsrcs/tcl-managed/common/vitis_net_p4_echo_phys_port.Vivado.2021.2.ip_info [9ms]
2025-02-26 15:06:51.871 [info] > git for-each-ref --format %(refname) %(objectname) %(*objectname) refs/tags [10ms]
2025-02-26 15:06:51.872 [info] > git config --get commit.template [18ms]
2025-02-26 15:06:51.873 [info] > git config --get commit.template [2ms]
2025-02-26 15:06:51.889 [info] > git for-each-ref --format %(refname) %(objectname) %(*objectname) refs/tags [9ms]
2025-02-26 15:06:51.897 [info] > git status -z -uall [8ms]
2025-02-26 15:06:51.904 [info] > git status -z -uall [7ms]
2025-02-26 15:06:51.985 [info] > git config --get commit.template [36ms]
2025-02-26 15:06:51.985 [info] > git config --get commit.template [43ms]
2025-02-26 15:06:51.986 [info] > git config --get commit.template [9ms]
2025-02-26 15:06:51.986 [info] > git config --get commit.template [16ms]
2025-02-26 15:06:51.986 [info] > git config --get commit.template [25ms]
2025-02-26 15:06:52.001 [info] > git config --get commit.template [17ms]
2025-02-26 15:06:52.031 [info] > git for-each-ref --format %(refname) %(objectname) %(*objectname) refs/tags [37ms]
2025-02-26 15:06:52.038 [info] > git for-each-ref --format %(refname) %(objectname) %(*objectname) refs/tags [16ms]
2025-02-26 15:06:52.038 [info] > git for-each-ref --format %(refname) %(objectname) %(*objectname) refs/tags [23ms]
2025-02-26 15:06:52.038 [info] > git for-each-ref --format %(refname) %(objectname) %(*objectname) refs/tags [30ms]
2025-02-26 15:06:52.038 [info] > git for-each-ref --format %(refname) %(objectname) %(*objectname) refs/tags [38ms]
2025-02-26 15:06:52.065 [info] > git status -z -uall [27ms]
2025-02-26 15:06:52.065 [info] > git status -z -uall [13ms]
2025-02-26 15:06:52.065 [info] > git status -z -uall [7ms]
2025-02-26 15:06:52.067 [info] > git for-each-ref --format %(refname) %(objectname) %(*objectname) refs/tags [37ms]
2025-02-26 15:06:52.072 [info] > git status -z -uall [28ms]
2025-02-26 15:06:52.072 [info] > git status -z -uall [7ms]
2025-02-26 15:06:52.074 [info] > git status -z -uall [1ms]
2025-02-26 15:06:53.628 [info] > git ls-files --stage -- /home/sgass/Projects/kepler2/hdl/vivado/ipsrcs/tcl-managed/common/vitis_net_p4_echo_phys_port.Vivado.2021.2.ip_info [7ms]
2025-02-26 15:06:53.637 [info] > git cat-file -s 4441d5dfb78f9d21c5dd2478f93b7a1c7ca93a01 [3ms]
2025-02-26 15:06:53.656 [info] > git show --textconv :hdl/vivado/ipsrcs/tcl-managed/common/vitis_net_p4_echo_phys_port.Vivado.2021.2.ip_info [10ms]
2025-02-26 15:06:55.541 [info] > git config --get commit.template [9ms]
2025-02-26 15:06:55.542 [info] > git for-each-ref --format=%(refname)%00%(upstream:short)%00%(objectname)%00%(upstream:track)%00%(upstream:remotename)%00%(upstream:remoteref) refs/heads/sgass/prod/no-ref/p4_router_ecp refs/remotes/sgass/prod/no-ref/p4_router_ecp [2ms]
2025-02-26 15:06:55.857 [info] > git status -z -uall [307ms]
2025-02-26 15:06:55.863 [info] > git for-each-ref --format=%(refname)%00%(upstream:short)%00%(objectname)%00%(upstream:track)%00%(upstream:remotename)%00%(upstream:remoteref) refs/heads/sgass/prod/no-ref/p4_router_ecp refs/remotes/sgass/prod/no-ref/p4_router_ecp [2ms]
2025-02-26 15:06:55.868 [info] > git config --local branch.sgass/prod/no-ref/p4_router_ecp.vscode-merge-base [1ms]
2025-02-26 15:06:55.872 [info] > git for-each-ref --format=%(refname)%00%(upstream:short)%00%(objectname)%00%(upstream:track)%00%(upstream:remotename)%00%(upstream:remoteref) refs/heads/origin/develop refs/remotes/origin/develop [1ms]
2025-02-26 15:07:16.125 [info] > git config --get commit.template [6ms]
2025-02-26 15:07:16.126 [info] > git for-each-ref --format=%(refname)%00%(upstream:short)%00%(objectname)%00%(upstream:track)%00%(upstream:remotename)%00%(upstream:remoteref) refs/heads/sgass/prod/no-ref/p4_router_ecp refs/remotes/sgass/prod/no-ref/p4_router_ecp [2ms]
2025-02-26 15:07:16.229 [info] > git ls-files --stage -- /home/sgass/Projects/kepler2/hdl/vivado/ipsrcs/tcl-managed/common/vitis_net_p4_echo_phys_port.Vivado.2021.2.ip_info [7ms]
2025-02-26 15:07:16.241 [info] > git cat-file -s 4441d5dfb78f9d21c5dd2478f93b7a1c7ca93a01 [4ms]
2025-02-26 15:07:16.261 [info] > git show --textconv :hdl/vivado/ipsrcs/tcl-managed/common/vitis_net_p4_echo_phys_port.Vivado.2021.2.ip_info [10ms]
2025-02-26 15:07:16.365 [info] > git status -z -uall [234ms]
2025-02-26 15:07:16.372 [info] > git for-each-ref --format=%(refname)%00%(upstream:short)%00%(objectname)%00%(upstream:track)%00%(upstream:remotename)%00%(upstream:remoteref) refs/heads/sgass/prod/no-ref/p4_router_ecp refs/remotes/sgass/prod/no-ref/p4_router_ecp [2ms]
2025-02-26 15:07:16.376 [info] > git config --local branch.sgass/prod/no-ref/p4_router_ecp.vscode-merge-base [0ms]
2025-02-26 15:07:16.381 [info] > git for-each-ref --format=%(refname)%00%(upstream:short)%00%(objectname)%00%(upstream:track)%00%(upstream:remotename)%00%(upstream:remoteref) refs/heads/origin/develop refs/remotes/origin/develop [1ms]
