2025-02-27 09:02:58.579 [info] Added views:workbench.panel.markers.view in workbench.panel.markers
2025-02-27 09:02:58.579 [info] Added views:workbench.panel.output in workbench.panel.output
2025-02-27 09:02:58.579 [info] Added views:terminal in terminal
2025-02-27 09:02:58.579 [info] Added views:outline in workbench.view.explorer
2025-02-27 09:02:58.579 [info] Added views:workbench.scm in workbench.view.scm
2025-02-27 09:02:58.579 [info] Added views:workbench.view.search in workbench.view.search
2025-02-27 09:02:58.579 [info] Added views:timeline in workbench.view.explorer
2025-02-27 09:02:58.579 [info] Added views:workbench.explorer.fileView in workbench.view.explorer
2025-02-27 09:02:58.743 [info] Added views:workbench.debug.welcome in workbench.view.debug
2025-02-27 09:02:59.181 [info] Added views:workbench.panel.repl.view in workbench.panel.repl
2025-02-27 09:02:59.512 [info] Added views:~remote.forwardedPorts in ~remote.forwardedPortsContainer
2025-02-27 09:03:00.113 [info] Added views:workbench.scm.history in workbench.view.scm
2025-02-27 09:03:09.078 [info] Removed views:workbench.scm.history from workbench.view.scm
2025-02-27 09:03:09.461 [info] Added views:workbench.panel.markers.view in workbench.panel.markers
2025-02-27 09:03:09.461 [info] Added views:workbench.panel.output in workbench.panel.output
2025-02-27 09:03:09.461 [info] Added views:terminal in terminal
2025-02-27 09:03:09.461 [info] Added views:outline in workbench.view.explorer
2025-02-27 09:03:09.461 [info] Added views:workbench.scm in workbench.view.scm
2025-02-27 09:03:09.461 [info] Added views:workbench.view.search in workbench.view.search
2025-02-27 09:03:09.461 [info] Added views:timeline in workbench.view.explorer
2025-02-27 09:03:09.461 [info] Added views:workbench.explorer.fileView in workbench.view.explorer
2025-02-27 09:03:09.570 [info] Added views:workbench.debug.welcome in workbench.view.debug
2025-02-27 09:03:10.232 [info] Added views:workbench.panel.repl.view in workbench.panel.repl
2025-02-27 09:03:11.025 [info] Added views:~remote.forwardedPorts in ~remote.forwardedPortsContainer
2025-02-27 09:03:11.421 [info] Added views:workbench.scm.history in workbench.view.scm
2025-02-27 11:05:58.215 [info] Removed views:workbench.scm.history from workbench.view.scm
