2024-08-05 10:47:36.003 [info] Log level: Info
2024-08-05 10:47:36.003 [info] Validating found git in: "git"
2024-08-05 10:47:36.003 [info] Using git "2.34.1" from "git"
2024-08-05 10:47:36.003 [info] > git rev-parse --show-toplevel [2ms]
2024-08-05 10:47:36.008 [info] > git rev-parse --git-dir --git-common-dir [1ms]
2024-08-05 10:47:36.012 [info] Open repository: /home/sgass/Projects/kepler
2024-08-05 10:47:36.020 [info] > git config --get commit.template [4ms]
2024-08-05 10:47:36.027 [info] > git rev-parse --show-toplevel [7ms]
2024-08-05 10:47:36.033 [info] > git for-each-ref --format=%(refname)%00%(upstream:short)%00%(objectname)%00%(upstream:track)%00%(upstream:remotename)%00%(upstream:remoteref) refs/heads/sgass/prod/no-ref/p4_router_top refs/remotes/sgass/prod/no-ref/p4_router_top [8ms]
2024-08-05 10:47:36.042 [info] > git rev-parse --show-toplevel [10ms]
2024-08-05 10:47:36.071 [info] > git rev-parse --show-toplevel [20ms]
2024-08-05 10:47:36.101 [info] > git rev-parse --show-toplevel [6ms]
2024-08-05 10:47:36.109 [info] > git rev-parse --show-toplevel [3ms]
2024-08-05 10:47:36.115 [info] > git rev-parse --show-toplevel [2ms]
2024-08-05 10:47:36.121 [info] > git rev-parse --show-toplevel [2ms]
2024-08-05 10:47:36.128 [info] > git rev-parse --show-toplevel [2ms]
2024-08-05 10:47:36.134 [info] > git rev-parse --show-toplevel [2ms]
2024-08-05 10:47:36.142 [info] > git rev-parse --show-toplevel [1ms]
2024-08-05 10:47:36.149 [info] > git rev-parse --show-toplevel [2ms]
2024-08-05 10:47:36.156 [info] > git rev-parse --show-toplevel [2ms]
2024-08-05 10:47:36.164 [info] > git rev-parse --show-toplevel [3ms]
2024-08-05 10:47:36.171 [info] > git rev-parse --show-toplevel [2ms]
2024-08-05 10:47:36.179 [info] > git rev-parse --show-toplevel [2ms]
2024-08-05 10:47:36.190 [info] > git rev-parse --show-toplevel [4ms]
2024-08-05 10:47:36.197 [info] > git rev-parse --show-toplevel [2ms]
2024-08-05 10:47:36.205 [info] > git rev-parse --show-toplevel [1ms]
2024-08-05 10:47:36.212 [info] > git rev-parse --show-toplevel [2ms]
2024-08-05 10:47:36.221 [info] > git rev-parse --show-toplevel [3ms]
2024-08-05 10:47:36.228 [info] > git rev-parse --show-toplevel [2ms]
2024-08-05 10:47:36.235 [info] > git rev-parse --show-toplevel [1ms]
2024-08-05 10:47:36.242 [info] > git rev-parse --show-toplevel [2ms]
2024-08-05 10:47:36.250 [info] > git rev-parse --show-toplevel [2ms]
2024-08-05 10:47:36.257 [info] > git rev-parse --show-toplevel [2ms]
2024-08-05 10:47:36.267 [info] > git rev-parse --show-toplevel [2ms]
2024-08-05 10:47:36.282 [info] > git rev-parse --show-toplevel [11ms]
2024-08-05 10:47:36.291 [info] > git rev-parse --show-toplevel [1ms]
2024-08-05 10:47:36.301 [info] > git rev-parse --show-toplevel [2ms]
2024-08-05 10:47:36.311 [info] > git rev-parse --show-toplevel [2ms]
2024-08-05 10:47:36.322 [info] > git rev-parse --show-toplevel [3ms]
2024-08-05 10:47:36.330 [info] > git rev-parse --show-toplevel [2ms]
2024-08-05 10:47:36.337 [info] > git rev-parse --show-toplevel [2ms]
2024-08-05 10:47:36.344 [info] > git rev-parse --show-toplevel [2ms]
2024-08-05 10:47:36.355 [info] > git rev-parse --show-toplevel [4ms]
2024-08-05 10:47:36.362 [info] > git rev-parse --show-toplevel [2ms]
2024-08-05 10:47:36.610 [info] > git check-ignore -v -z --stdin [26ms]
2024-08-05 10:47:36.815 [info] > git show --textconv :p4/frr_dplane_0902_xilinx.p4 [7ms]
2024-08-05 10:47:36.829 [info] > git ls-files --stage -- /home/sgass/Projects/kepler/p4/frr_dplane_0902_xilinx.p4 [15ms]
2024-08-05 10:47:36.830 [info] > git show --textconv :p4/frr_dplane_ipv6_xilinx.p4 [8ms]
2024-08-05 10:47:36.837 [info] > git ls-files --stage -- /home/sgass/Projects/kepler/p4/frr_dplane_ipv6_xilinx.p4 [8ms]
2024-08-05 10:47:37.050 [info] > git status -z -uall [1009ms]
2024-08-05 10:47:37.069 [info] > git config --get commit.template [2ms]
2024-08-05 10:47:37.079 [info] > git for-each-ref --format=%(refname)%00%(upstream:short)%00%(objectname)%00%(upstream:track)%00%(upstream:remotename)%00%(upstream:remoteref) refs/heads/sgass/prod/no-ref/p4_router_top refs/remotes/sgass/prod/no-ref/p4_router_top [5ms]
2024-08-05 10:47:37.526 [info] > git status -z -uall [439ms]
2024-08-05 10:47:37.561 [info] > git rev-parse --show-toplevel [1ms]
2024-08-05 10:47:37.568 [info] > git rev-parse --git-dir --git-common-dir [2ms]
2024-08-05 10:47:37.573 [info] Open repository: /home/sgass/Projects/kepler/third_party/libhydrogen
2024-08-05 10:47:37.585 [info] > git rev-parse --show-toplevel [2ms]
2024-08-05 10:47:37.585 [info] > git config --get commit.template [6ms]
2024-08-05 10:47:37.599 [info] > git for-each-ref --format %(refname) %(objectname) %(*objectname) refs/tags [2ms]
2024-08-05 10:47:37.599 [info] > git rev-parse --git-dir --git-common-dir [8ms]
2024-08-05 10:47:37.604 [info] Open repository: /home/sgass/Projects/kepler/third_party/magic_enum
2024-08-05 10:47:37.625 [info] > git status -z -uall [11ms]
2024-08-05 10:47:37.625 [info] > git config --get commit.template [7ms]
2024-08-05 10:47:37.639 [info] > git rev-parse --show-toplevel [16ms]
2024-08-05 10:47:37.650 [info] > git config --get commit.template [12ms]
2024-08-05 10:47:37.651 [info] > git for-each-ref --format %(refname) %(objectname) %(*objectname) refs/tags [5ms]
2024-08-05 10:47:37.659 [info] > git rev-parse --git-dir --git-common-dir [9ms]
2024-08-05 10:47:37.661 [info] Open repository: /home/sgass/Projects/kepler/third_party/googletest
2024-08-05 10:47:37.672 [info] > git status -z -uall [17ms]
2024-08-05 10:47:37.673 [info] > git for-each-ref --format %(refname) %(objectname) %(*objectname) refs/tags [15ms]
2024-08-05 10:47:37.685 [info] > git status -z -uall [4ms]
2024-08-05 10:47:37.685 [info] > git rev-parse --show-toplevel [14ms]
2024-08-05 10:47:37.686 [info] > git config --get commit.template [20ms]
2024-08-05 10:47:37.692 [info] > git config --get commit.template [7ms]
2024-08-05 10:47:37.699 [info] > git rev-parse --show-toplevel [8ms]
2024-08-05 10:47:37.708 [info] > git for-each-ref --format %(refname) %(objectname) %(*objectname) refs/tags [5ms]
2024-08-05 10:47:37.708 [info] > git for-each-ref --format %(refname) %(objectname) %(*objectname) refs/tags [10ms]
2024-08-05 10:47:37.733 [info] > git status -z -uall [22ms]
2024-08-05 10:47:37.733 [info] > git status -z -uall [3ms]
2024-08-05 10:47:37.736 [info] > git rev-parse --git-dir --git-common-dir [29ms]
2024-08-05 10:47:37.738 [info] Open repository: /home/sgass/Projects/kepler/third_party/fast-cpp-csv-parser
2024-08-05 10:47:37.761 [info] > git rev-parse --show-toplevel [3ms]
2024-08-05 10:47:37.762 [info] > git config --get commit.template [8ms]
2024-08-05 10:47:37.762 [info] > git config --get commit.template [13ms]
2024-08-05 10:47:37.780 [info] > git for-each-ref --format %(refname) %(objectname) %(*objectname) refs/tags [7ms]
2024-08-05 10:47:37.781 [info] > git rev-parse --git-dir --git-common-dir [13ms]
2024-08-05 10:47:37.786 [info] Open repository: /home/sgass/Projects/kepler/hdl/verilog-axis
2024-08-05 10:47:37.804 [info] > git for-each-ref --format %(refname) %(objectname) %(*objectname) refs/tags [26ms]
2024-08-05 10:47:37.811 [info] > git status -z -uall [19ms]
2024-08-05 10:47:37.811 [info] > git rev-parse --show-toplevel [8ms]
2024-08-05 10:47:37.812 [info] > git config --get commit.template [14ms]
2024-08-05 10:47:37.829 [info] > git status -z -uall [20ms]
2024-08-05 10:47:37.840 [info] > git config --get commit.template [12ms]
2024-08-05 10:47:37.840 [info] > git rev-parse --git-dir --git-common-dir [17ms]
2024-08-05 10:47:37.842 [info] Open repository: /home/sgass/Projects/kepler/hdl/verilog-ethernet
2024-08-05 10:47:37.852 [info] > git for-each-ref --format %(refname) %(objectname) %(*objectname) refs/tags [13ms]
2024-08-05 10:47:37.861 [info] > git config --get commit.template [14ms]
2024-08-05 10:47:37.863 [info] > git status -z -uall [6ms]
2024-08-05 10:47:37.863 [info] > git for-each-ref --format %(refname) %(objectname) %(*objectname) refs/tags [3ms]
2024-08-05 10:47:37.865 [info] > git rev-parse --show-toplevel [13ms]
2024-08-05 10:47:37.883 [info] > git status -z -uall [12ms]
2024-08-05 10:47:37.884 [info] > git config --get commit.template [5ms]
2024-08-05 10:47:37.884 [info] > git for-each-ref --format %(refname) %(objectname) %(*objectname) refs/tags [9ms]
2024-08-05 10:47:37.890 [info] > git rev-parse --git-dir --git-common-dir [7ms]
2024-08-05 10:47:37.892 [info] Open repository: /home/sgass/Projects/kepler/third_party/vext.soapysdr
2024-08-05 10:47:37.909 [info] > git status -z -uall [19ms]
2024-08-05 10:47:37.909 [info] > git rev-parse --show-toplevel [5ms]
2024-08-05 10:47:37.909 [info] > git config --get commit.template [9ms]
2024-08-05 10:47:37.909 [info] > git for-each-ref --format %(refname) %(objectname) %(*objectname) refs/tags [13ms]
2024-08-05 10:47:37.931 [info] > git status -z -uall [14ms]
2024-08-05 10:47:37.931 [info] > git config --get commit.template [6ms]
2024-08-05 10:47:37.931 [info] > git rev-parse --git-dir --git-common-dir [10ms]
2024-08-05 10:47:37.933 [info] Open repository: /home/sgass/Projects/kepler/third_party/STM32CubeL1
2024-08-05 10:47:37.944 [info] > git for-each-ref --format %(refname) %(objectname) %(*objectname) refs/tags [14ms]
2024-08-05 10:47:37.952 [info] > git config --get commit.template [12ms]
2024-08-05 10:47:37.953 [info] > git status -z -uall [5ms]
2024-08-05 10:47:37.955 [info] > git rev-parse --show-toplevel [12ms]
2024-08-05 10:47:37.968 [info] > git for-each-ref --format %(refname) %(objectname) %(*objectname) refs/tags [16ms]
2024-08-05 10:47:37.974 [info] > git rev-parse --git-dir --git-common-dir [7ms]
2024-08-05 10:47:37.979 [info] Open repository: /home/sgass/Projects/kepler/third_party/mender-convert
2024-08-05 10:47:37.980 [info] > git config --get commit.template [17ms]
2024-08-05 10:47:37.980 [info] > git for-each-ref --format %(refname) %(objectname) %(*objectname) refs/tags [21ms]
2024-08-05 10:47:37.996 [info] > git status -z -uall [24ms]
2024-08-05 10:47:38.006 [info] > git config --get commit.template [11ms]
2024-08-05 10:47:38.013 [info] > git for-each-ref --format %(refname) %(objectname) %(*objectname) refs/tags [8ms]
2024-08-05 10:47:38.022 [info] > git for-each-ref --format %(refname) %(objectname) %(*objectname) refs/tags [11ms]
2024-08-05 10:47:38.027 [info] > git status -z -uall [8ms]
2024-08-05 10:47:38.028 [info] > git status -z -uall [39ms]
2024-08-05 10:47:38.036 [info] > git status -z -uall [10ms]
2024-08-05 10:47:38.042 [info] > git config --get commit.template [8ms]
2024-08-05 10:47:38.047 [info] > git config --get commit.template [5ms]
2024-08-05 10:47:38.053 [info] > git for-each-ref --format %(refname) %(objectname) %(*objectname) refs/tags [7ms]
2024-08-05 10:47:38.060 [info] > git for-each-ref --format %(refname) %(objectname) %(*objectname) refs/tags [9ms]
2024-08-05 10:47:38.076 [info] > git status -z -uall [6ms]
2024-08-05 10:47:38.103 [info] > git status -z -uall [45ms]
2024-08-05 10:47:38.134 [info] > git check-ignore -v -z --stdin [22ms]
2024-08-05 10:47:38.583 [info] > git rev-parse --show-toplevel [2ms]
2024-08-05 10:47:38.589 [info] > git rev-parse --git-dir --git-common-dir [2ms]
2024-08-05 10:47:38.591 [info] Open repository: /home/sgass/Projects/kepler/third_party/mender-convert/tests/mender-image-tests
2024-08-05 10:47:38.600 [info] > git config --get commit.template [4ms]
2024-08-05 10:47:38.601 [info] > git for-each-ref --format %(refname) %(objectname) %(*objectname) refs/tags [2ms]
2024-08-05 10:47:38.609 [info] > git status -z -uall [3ms]
2024-08-05 10:47:38.619 [info] > git config --get commit.template [5ms]
2024-08-05 10:47:38.620 [info] > git for-each-ref --format %(refname) %(objectname) %(*objectname) refs/tags [2ms]
2024-08-05 10:47:38.626 [info] > git status -z -uall [2ms]
2024-08-05 10:47:39.123 [info] > git check-ignore -v -z --stdin [12ms]
2024-08-05 10:49:40.312 [info] > git config --get commit.template [1ms]
2024-08-05 10:49:40.318 [info] > git ls-files --stage -- /home/sgass/Projects/kepler/p4/frr_dplane_0902_xilinx.p4 [4ms]
2024-08-05 10:49:40.319 [info] > git for-each-ref --format=%(refname)%00%(upstream:short)%00%(objectname)%00%(upstream:track)%00%(upstream:remotename)%00%(upstream:remoteref) refs/heads/sgass/prod/no-ref/p4_router_top refs/remotes/sgass/prod/no-ref/p4_router_top [1ms]
2024-08-05 10:49:40.329 [info] > git show --textconv :p4/frr_dplane_0902_xilinx.p4 [4ms]
2024-08-05 10:49:40.550 [info] > git status -z -uall [229ms]
