2025-01-27 10:13:07.055 [info] Revived process, old id be4431b632324a99dd6ba989b491fedf-1 -> new id 1
2025-01-27 10:13:07.055 [info] Revived process, old id be4431b632324a99dd6ba989b491fedf-2 -> new id 2
2025-01-27 10:13:07.103 [info] Expanding terminal instance, old id be4431b632324a99dd6ba989b491fedf-1 -> new id 1
2025-01-27 10:13:07.103 [info] Expanding terminal instance, old id be4431b632324a99dd6ba989b491fedf-2 -> new id 2
2025-01-27 10:13:07.628 [warning] Persistent process "1": Process had no disconnect runners but was an orphan
2025-01-27 10:13:07.628 [info] Persistent process reconnection "1"
2025-01-27 10:13:07.628 [warning] Persistent process "2": Process had no disconnect runners but was an orphan
2025-01-27 10:13:07.629 [info] Persistent process reconnection "2"
2025-01-27 10:13:07.706 [info] Persistent process "1": Replaying 11854 chars and 1 size events
2025-01-27 10:13:07.722 [info] Persistent process "2": Replaying 5505 chars and 1 size events
2025-01-31 10:24:15.477 [info] Revived process, old id 1b02da70b95d5728e57cba9834078f06-5 -> new id 8
2025-01-31 10:24:15.495 [info] Expanding terminal instance, old id 1b02da70b95d5728e57cba9834078f06-5 -> new id 8
2025-01-31 10:24:15.716 [warning] Persistent process "8": Process had no disconnect runners but was an orphan
2025-01-31 10:24:15.716 [info] Persistent process reconnection "8"
2025-01-31 10:24:15.741 [info] Persistent process "8": Replaying 10939 chars and 1 size events
2025-01-31 10:33:07.361 [info] Revived process, old id be4431b632324a99dd6ba989b491fedf-7 -> new id 9
2025-01-31 10:33:07.386 [info] Expanding terminal instance, old id be4431b632324a99dd6ba989b491fedf-7 -> new id 9
2025-01-31 10:33:07.589 [warning] Persistent process "9": Process had no disconnect runners but was an orphan
2025-01-31 10:33:07.589 [info] Persistent process reconnection "9"
2025-01-31 10:33:07.596 [info] Persistent process "9": Replaying 15166 chars and 1 size events
2025-01-31 11:26:04.423 [info] Revived process, old id 1b02da70b95d5728e57cba9834078f06-8 -> new id 10
2025-01-31 11:26:04.434 [info] Expanding terminal instance, old id 1b02da70b95d5728e57cba9834078f06-8 -> new id 10
2025-01-31 11:26:04.921 [warning] Persistent process "10": Process had no disconnect runners but was an orphan
2025-01-31 11:26:04.921 [info] Persistent process reconnection "10"
2025-01-31 11:26:04.948 [info] Persistent process "10": Replaying 11397 chars and 1 size events
2025-01-31 12:12:10.541 [info] Revived process, old id be4431b632324a99dd6ba989b491fedf-9 -> new id 11
2025-01-31 12:12:10.567 [info] Expanding terminal instance, old id be4431b632324a99dd6ba989b491fedf-9 -> new id 11
2025-01-31 12:12:10.840 [warning] Persistent process "11": Process had no disconnect runners but was an orphan
2025-01-31 12:12:10.840 [info] Persistent process reconnection "11"
2025-01-31 12:12:10.847 [info] Persistent process "11": Replaying 19124 chars and 1 size events
2025-01-31 15:40:29.630 [info] Revived process, old id 1b02da70b95d5728e57cba9834078f06-10 -> new id 12
2025-01-31 15:40:29.641 [info] Expanding terminal instance, old id 1b02da70b95d5728e57cba9834078f06-10 -> new id 12
2025-01-31 15:40:29.872 [warning] Persistent process "12": Process had no disconnect runners but was an orphan
2025-01-31 15:40:29.872 [info] Persistent process reconnection "12"
2025-01-31 15:40:29.896 [info] Persistent process "12": Replaying 11536 chars and 1 size events
