2025-03-03 10:20:37.280 [info] Added views:workbench.panel.markers.view in workbench.panel.markers
2025-03-03 10:20:37.280 [info] Added views:workbench.panel.output in workbench.panel.output
2025-03-03 10:20:37.280 [info] Added views:terminal in terminal
2025-03-03 10:20:37.280 [info] Added views:outline in workbench.view.explorer
2025-03-03 10:20:37.280 [info] Added views:workbench.scm in workbench.view.scm
2025-03-03 10:20:37.280 [info] Added views:workbench.view.search in workbench.view.search
2025-03-03 10:20:37.280 [info] Added views:timeline in workbench.view.explorer
2025-03-03 10:20:37.280 [info] Added views:workbench.explorer.fileView in workbench.view.explorer
2025-03-03 10:20:37.413 [info] Added views:workbench.debug.welcome in workbench.view.debug
2025-03-03 10:20:37.902 [info] Added views:workbench.panel.repl.view in workbench.panel.repl
2025-03-03 10:20:38.398 [info] Added views:~remote.forwardedPorts in ~remote.forwardedPortsContainer
2025-03-03 10:20:38.940 [info] Added views:workbench.scm.history in workbench.view.scm
2025-03-03 10:35:45.172 [info] Removed views:workbench.scm.history from workbench.view.scm
2025-03-03 10:35:45.921 [info] Added views:workbench.panel.markers.view in workbench.panel.markers
2025-03-03 10:35:45.921 [info] Added views:workbench.panel.output in workbench.panel.output
2025-03-03 10:35:45.921 [info] Added views:terminal in terminal
2025-03-03 10:35:45.921 [info] Added views:outline in workbench.view.explorer
2025-03-03 10:35:45.921 [info] Added views:workbench.scm in workbench.view.scm
2025-03-03 10:35:45.921 [info] Added views:workbench.view.search in workbench.view.search
2025-03-03 10:35:45.921 [info] Added views:timeline in workbench.view.explorer
2025-03-03 10:35:45.921 [info] Added views:workbench.explorer.fileView in workbench.view.explorer
2025-03-03 10:35:46.647 [info] Added views:workbench.debug.welcome in workbench.view.debug
2025-03-03 10:35:46.748 [info] Added views:workbench.panel.repl.view in workbench.panel.repl
2025-03-03 10:35:47.072 [info] Added views:workbench.scm.history in workbench.view.scm
2025-03-03 10:35:47.302 [info] Added views:~remote.forwardedPorts in ~remote.forwardedPortsContainer
2025-03-03 11:22:08.254 [info] Removed views:workbench.scm.history from workbench.view.scm
2025-03-03 11:22:09.055 [info] Added views:workbench.panel.markers.view in workbench.panel.markers
2025-03-03 11:22:09.055 [info] Added views:workbench.panel.output in workbench.panel.output
2025-03-03 11:22:09.055 [info] Added views:terminal in terminal
2025-03-03 11:22:09.055 [info] Added views:outline in workbench.view.explorer
2025-03-03 11:22:09.055 [info] Added views:workbench.scm in workbench.view.scm
2025-03-03 11:22:09.055 [info] Added views:workbench.view.search in workbench.view.search
2025-03-03 11:22:09.055 [info] Added views:timeline in workbench.view.explorer
2025-03-03 11:22:09.055 [info] Added views:workbench.explorer.fileView in workbench.view.explorer
2025-03-03 11:22:09.176 [info] Added views:workbench.debug.welcome in workbench.view.debug
2025-03-03 11:22:10.045 [info] Added views:workbench.panel.repl.view in workbench.panel.repl
2025-03-03 11:22:11.033 [info] Added views:workbench.scm.history in workbench.view.scm
2025-03-03 11:22:11.150 [info] Added views:~remote.forwardedPorts in ~remote.forwardedPortsContainer
2025-03-03 12:16:12.982 [info] Removed views:workbench.scm.history from workbench.view.scm
2025-03-03 12:16:13.640 [info] Added views:workbench.panel.markers.view in workbench.panel.markers
2025-03-03 12:16:13.640 [info] Added views:workbench.panel.output in workbench.panel.output
2025-03-03 12:16:13.640 [info] Added views:terminal in terminal
2025-03-03 12:16:13.640 [info] Added views:outline in workbench.view.explorer
2025-03-03 12:16:13.640 [info] Added views:workbench.scm in workbench.view.scm
2025-03-03 12:16:13.640 [info] Added views:workbench.view.search in workbench.view.search
2025-03-03 12:16:13.640 [info] Added views:timeline in workbench.view.explorer
2025-03-03 12:16:13.640 [info] Added views:workbench.explorer.fileView in workbench.view.explorer
2025-03-03 12:16:13.738 [info] Added views:workbench.debug.welcome in workbench.view.debug
2025-03-03 12:16:14.162 [info] Added views:workbench.panel.repl.view in workbench.panel.repl
2025-03-03 12:16:14.805 [info] Added views:~remote.forwardedPorts in ~remote.forwardedPortsContainer
2025-03-03 12:16:15.168 [info] Added views:workbench.scm.history in workbench.view.scm
2025-03-03 14:11:55.140 [info] Added views:workbench.view.testing in workbench.view.extension.test
2025-03-03 19:54:53.363 [info] Removed views:workbench.scm.history from workbench.view.scm
2025-03-03 19:54:53.364 [info] Removed views:workbench.view.testing from workbench.view.extension.test
2025-03-03 19:54:53.968 [info] Added views:workbench.panel.markers.view in workbench.panel.markers
2025-03-03 19:54:53.968 [info] Added views:workbench.panel.output in workbench.panel.output
2025-03-03 19:54:53.968 [info] Added views:terminal in terminal
2025-03-03 19:54:53.968 [info] Added views:outline in workbench.view.explorer
2025-03-03 19:54:53.969 [info] Added views:workbench.scm in workbench.view.scm
2025-03-03 19:54:53.969 [info] Added views:workbench.view.search in workbench.view.search
2025-03-03 19:54:53.969 [info] Added views:timeline in workbench.view.explorer
2025-03-03 19:54:53.969 [info] Added views:workbench.explorer.fileView in workbench.view.explorer
2025-03-03 19:54:54.237 [info] Added views:workbench.debug.welcome in workbench.view.debug
2025-03-03 19:54:54.613 [info] Added views:workbench.panel.repl.view in workbench.panel.repl
2025-03-03 19:54:55.086 [info] Added views:~remote.forwardedPorts in ~remote.forwardedPortsContainer
2025-03-03 19:54:55.598 [info] Added views:workbench.scm.history in workbench.view.scm
2025-03-03 21:08:57.363 [info] Removed views:workbench.scm.history from workbench.view.scm
