2025-02-20 10:21:14.171 [info] [main] Log level: Info
2025-02-20 10:21:14.171 [info] [main] Validating found git in: "git"
2025-02-20 10:21:14.171 [info] [main] Using git "2.43.0" from "git"
2025-02-20 10:21:14.171 [info] [Model][doInitialScan] Initial repository scan started
2025-02-20 10:21:14.172 [info] > git rev-parse --show-toplevel [8ms]
2025-02-20 10:21:14.172 [info] > git rev-parse --git-dir --git-common-dir [1ms]
2025-02-20 10:21:14.175 [info] [Model][openRepository] Opened repository: /home/sgass/Projects/kepler
2025-02-20 10:21:14.183 [info] > git config --get commit.template [3ms]
2025-02-20 10:21:14.184 [info] > git rev-parse --show-toplevel [1ms]
2025-02-20 10:21:14.190 [info] > git for-each-ref --format=%(refname)%00%(upstream:short)%00%(objectname)%00%(upstream:track)%00%(upstream:remotename)%00%(upstream:remoteref) refs/heads/sgass/prod/no-ref/network-packet-generator-ecp refs/remotes/sgass/prod/no-ref/network-packet-generator-ecp [2ms]
2025-02-20 10:21:14.200 [info] > git rev-parse --show-toplevel [1ms]
2025-02-20 10:21:14.205 [info] > git rev-parse --show-toplevel [1ms]
2025-02-20 10:21:14.210 [info] > git rev-parse --show-toplevel [1ms]
2025-02-20 10:21:14.214 [info] > git rev-parse --show-toplevel [1ms]
2025-02-20 10:21:14.218 [info] > git rev-parse --show-toplevel [2ms]
2025-02-20 10:21:14.223 [info] > git rev-parse --show-toplevel [1ms]
2025-02-20 10:21:14.228 [info] > git rev-parse --show-toplevel [2ms]
2025-02-20 10:21:14.232 [info] > git rev-parse --show-toplevel [1ms]
2025-02-20 10:21:14.235 [info] > git rev-parse --show-toplevel [1ms]
2025-02-20 10:21:14.240 [info] > git rev-parse --show-toplevel [1ms]
2025-02-20 10:21:14.243 [info] > git rev-parse --show-toplevel [1ms]
2025-02-20 10:21:14.247 [info] > git rev-parse --show-toplevel [1ms]
2025-02-20 10:21:14.251 [info] > git rev-parse --show-toplevel [1ms]
2025-02-20 10:21:14.256 [info] > git rev-parse --show-toplevel [1ms]
2025-02-20 10:21:14.262 [info] > git rev-parse --show-toplevel [3ms]
2025-02-20 10:21:14.266 [info] > git rev-parse --show-toplevel [1ms]
2025-02-20 10:21:14.272 [info] > git rev-parse --show-toplevel [1ms]
2025-02-20 10:21:14.278 [info] > git rev-parse --show-toplevel [2ms]
2025-02-20 10:21:14.282 [info] > git rev-parse --show-toplevel [1ms]
2025-02-20 10:21:14.288 [info] > git rev-parse --show-toplevel [2ms]
2025-02-20 10:21:14.292 [info] > git rev-parse --show-toplevel [1ms]
2025-02-20 10:21:14.297 [info] > git rev-parse --show-toplevel [1ms]
2025-02-20 10:21:14.301 [info] > git rev-parse --show-toplevel [1ms]
2025-02-20 10:21:14.306 [info] > git rev-parse --show-toplevel [1ms]
2025-02-20 10:21:14.310 [info] > git rev-parse --show-toplevel [1ms]
2025-02-20 10:21:14.314 [info] > git rev-parse --show-toplevel [1ms]
2025-02-20 10:21:14.317 [info] > git rev-parse --show-toplevel [1ms]
2025-02-20 10:21:14.321 [info] > git rev-parse --show-toplevel [1ms]
2025-02-20 10:21:14.325 [info] > git rev-parse --show-toplevel [1ms]
2025-02-20 10:21:14.328 [info] > git rev-parse --show-toplevel [0ms]
2025-02-20 10:21:14.332 [info] > git rev-parse --show-toplevel [1ms]
2025-02-20 10:21:14.335 [info] > git rev-parse --show-toplevel [1ms]
2025-02-20 10:21:14.339 [info] > git rev-parse --show-toplevel [1ms]
2025-02-20 10:21:14.343 [info] > git rev-parse --show-toplevel [1ms]
2025-02-20 10:21:14.347 [info] > git rev-parse --show-toplevel [1ms]
2025-02-20 10:21:14.351 [info] > git rev-parse --show-toplevel [1ms]
2025-02-20 10:21:14.352 [info] [Model][doInitialScan] Initial repository scan completed - repositories (1), closed repositories (0), parent repositories (0), unsafe repositories (0)
2025-02-20 10:21:14.426 [info] > git status -z -uall [232ms]
2025-02-20 10:21:14.440 [info] > git for-each-ref --format=%(refname)%00%(upstream:short)%00%(objectname)%00%(upstream:track)%00%(upstream:remotename)%00%(upstream:remoteref) refs/heads/sgass/prod/no-ref/network-packet-generator-ecp refs/remotes/sgass/prod/no-ref/network-packet-generator-ecp [9ms]
2025-02-20 10:21:14.445 [info] > git config --get commit.template [6ms]
2025-02-20 10:21:14.446 [info] > git config --local branch.sgass/prod/no-ref/network-packet-generator-ecp.vscode-merge-base [2ms]
2025-02-20 10:21:14.454 [info] > git for-each-ref --format=%(refname)%00%(upstream:short)%00%(objectname)%00%(upstream:track)%00%(upstream:remotename)%00%(upstream:remoteref) refs/heads/origin/develop refs/remotes/origin/develop [5ms]
2025-02-20 10:21:14.454 [info] > git for-each-ref --format=%(refname)%00%(upstream:short)%00%(objectname)%00%(upstream:track)%00%(upstream:remotename)%00%(upstream:remoteref) refs/heads/sgass/prod/no-ref/network-packet-generator-ecp refs/remotes/sgass/prod/no-ref/network-packet-generator-ecp [1ms]
2025-02-20 10:21:14.674 [info] > git status -z -uall [217ms]
2025-02-20 10:21:14.680 [info] > git for-each-ref --format=%(refname)%00%(upstream:short)%00%(objectname)%00%(upstream:track)%00%(upstream:remotename)%00%(upstream:remoteref) refs/heads/sgass/prod/no-ref/network-packet-generator-ecp refs/remotes/sgass/prod/no-ref/network-packet-generator-ecp [2ms]
2025-02-20 10:21:14.684 [info] > git config --local branch.sgass/prod/no-ref/network-packet-generator-ecp.vscode-merge-base [1ms]
2025-02-20 10:21:14.693 [info] > git for-each-ref --format=%(refname)%00%(upstream:short)%00%(objectname)%00%(upstream:track)%00%(upstream:remotename)%00%(upstream:remoteref) refs/heads/origin/develop refs/remotes/origin/develop [5ms]
2025-02-20 10:21:14.699 [info] > git check-ignore -v -z --stdin [7ms]
2025-02-20 10:21:14.747 [info] > git show --textconv :hdl/rtl/p4_router/p4_router_uram_queue_memory.sv [6ms]
2025-02-20 10:21:14.749 [info] > git ls-files --stage -- /home/sgass/Projects/kepler/hdl/rtl/p4_router/p4_router_uram_queue_memory.sv [5ms]
2025-02-20 10:21:14.755 [info] > git cat-file -s f090d4a9b888cbf095ec756b9f51e31e2bcf73dd [2ms]
2025-02-20 10:21:14.938 [info] > git rev-parse --show-toplevel [1ms]
2025-02-20 10:21:14.942 [info] > git rev-parse --git-dir --git-common-dir [1ms]
2025-02-20 10:21:14.943 [info] [Model][openRepository] Opened repository: /home/sgass/Projects/kepler/third_party/libhydrogen
2025-02-20 10:21:14.951 [info] > git config --get commit.template [4ms]
2025-02-20 10:21:14.953 [info] > git rev-parse --show-toplevel [3ms]
2025-02-20 10:21:14.960 [info] > git for-each-ref --format %(refname) %(objectname) %(*objectname) refs/tags [4ms]
2025-02-20 10:21:14.963 [info] > git rev-parse --git-dir --git-common-dir [3ms]
2025-02-20 10:21:14.965 [info] [Model][openRepository] Opened repository: /home/sgass/Projects/kepler/third_party/magic_enum
2025-02-20 10:21:14.972 [info] > git status -z -uall [9ms]
2025-02-20 10:21:14.978 [info] > git rev-parse --show-toplevel [6ms]
2025-02-20 10:21:14.978 [info] > git config --get commit.template [10ms]
2025-02-20 10:21:14.982 [info] > git config --get commit.template [5ms]
2025-02-20 10:21:14.990 [info] > git rev-parse --git-dir --git-common-dir [8ms]
2025-02-20 10:21:14.994 [info] [Model][openRepository] Opened repository: /home/sgass/Projects/kepler/third_party/googletest
2025-02-20 10:21:15.000 [info] > git for-each-ref --format %(refname) %(objectname) %(*objectname) refs/tags [10ms]
2025-02-20 10:21:15.000 [info] > git for-each-ref --format %(refname) %(objectname) %(*objectname) refs/tags [14ms]
2025-02-20 10:21:15.004 [info] > git rev-parse --show-toplevel [4ms]
2025-02-20 10:21:15.004 [info] > git config --get commit.template [7ms]
2025-02-20 10:21:15.012 [info] > git status -z -uall [9ms]
2025-02-20 10:21:15.012 [info] > git status -z -uall [3ms]
2025-02-20 10:21:15.020 [info] > git rev-parse --show-toplevel [9ms]
2025-02-20 10:21:15.024 [info] > git config --get commit.template [4ms]
2025-02-20 10:21:15.024 [info] > git for-each-ref --format %(refname) %(objectname) %(*objectname) refs/tags [7ms]
2025-02-20 10:21:15.027 [info] > git rev-parse --git-dir --git-common-dir [3ms]
2025-02-20 10:21:15.029 [info] [Model][openRepository] Opened repository: /home/sgass/Projects/kepler/third_party/fast-cpp-csv-parser
2025-02-20 10:21:15.048 [info] > git status -z -uall [21ms]
2025-02-20 10:21:15.059 [info] > git rev-parse --show-toplevel [13ms]
2025-02-20 10:21:15.060 [info] > git config --get commit.template [17ms]
2025-02-20 10:21:15.060 [info] > git for-each-ref --format %(refname) %(objectname) %(*objectname) refs/tags [20ms]
2025-02-20 10:21:15.073 [info] > git status -z -uall [8ms]
2025-02-20 10:21:15.073 [info] > git config --get commit.template [14ms]
2025-02-20 10:21:15.078 [info] > git rev-parse --git-dir --git-common-dir [10ms]
2025-02-20 10:21:15.081 [info] [Model][openRepository] Opened repository: /home/sgass/Projects/kepler/hdl/verilog-axis
2025-02-20 10:21:15.094 [info] > git for-each-ref --format %(refname) %(objectname) %(*objectname) refs/tags [17ms]
2025-02-20 10:21:15.098 [info] > git rev-parse --show-toplevel [5ms]
2025-02-20 10:21:15.098 [info] > git config --get commit.template [8ms]
2025-02-20 10:21:15.098 [info] > git for-each-ref --format %(refname) %(objectname) %(*objectname) refs/tags [11ms]
2025-02-20 10:21:15.105 [info] > git status -z -uall [8ms]
2025-02-20 10:21:15.113 [info] > git status -z -uall [11ms]
2025-02-20 10:21:15.113 [info] > git rev-parse --git-dir --git-common-dir [8ms]
2025-02-20 10:21:15.115 [info] [Model][openRepository] Opened repository: /home/sgass/Projects/kepler/hdl/verilog-ethernet
2025-02-20 10:21:15.122 [info] > git config --get commit.template [10ms]
2025-02-20 10:21:15.122 [info] > git for-each-ref --format %(refname) %(objectname) %(*objectname) refs/tags [12ms]
2025-02-20 10:21:15.128 [info] > git rev-parse --show-toplevel [6ms]
2025-02-20 10:21:15.128 [info] > git config --get commit.template [9ms]
2025-02-20 10:21:15.137 [info] > git status -z -uall [9ms]
2025-02-20 10:21:15.137 [info] > git for-each-ref --format %(refname) %(objectname) %(*objectname) refs/tags [6ms]
2025-02-20 10:21:15.145 [info] > git status -z -uall [3ms]
2025-02-20 10:21:15.145 [info] > git for-each-ref --format %(refname) %(objectname) %(*objectname) refs/tags [8ms]
2025-02-20 10:21:15.145 [info] > git rev-parse --git-dir --git-common-dir [11ms]
2025-02-20 10:21:15.148 [info] [Model][openRepository] Opened repository: /home/sgass/Projects/kepler/third_party/vext.soapysdr
2025-02-20 10:21:15.158 [info] > git status -z -uall [7ms]
2025-02-20 10:21:15.158 [info] > git config --get commit.template [13ms]
2025-02-20 10:21:15.160 [info] > git rev-parse --show-toplevel [3ms]
2025-02-20 10:21:15.160 [info] > git config --get commit.template [5ms]
2025-02-20 10:21:15.177 [info] > git rev-parse --git-dir --git-common-dir [9ms]
2025-02-20 10:21:15.179 [info] [Model][openRepository] Opened repository: /home/sgass/Projects/kepler/third_party/STM32CubeL1
2025-02-20 10:21:15.180 [info] > git for-each-ref --format %(refname) %(objectname) %(*objectname) refs/tags [15ms]
2025-02-20 10:21:15.191 [info] > git status -z -uall [8ms]
2025-02-20 10:21:15.191 [info] > git for-each-ref --format %(refname) %(objectname) %(*objectname) refs/tags [15ms]
2025-02-20 10:21:15.191 [info] > git config --get commit.template [20ms]
2025-02-20 10:21:15.199 [info] > git config --get commit.template [12ms]
2025-02-20 10:21:15.202 [info] > git status -z -uall [6ms]
2025-02-20 10:21:15.202 [info] > git for-each-ref --format %(refname) %(objectname) %(*objectname) refs/tags [3ms]
2025-02-20 10:21:15.203 [info] > git rev-parse --show-toplevel [12ms]
2025-02-20 10:21:15.224 [info] > git rev-parse --git-dir --git-common-dir [5ms]
2025-02-20 10:21:15.226 [info] [Model][openRepository] Opened repository: /home/sgass/Projects/kepler/ansible/kubespray
2025-02-20 10:21:15.227 [info] > git config --get commit.template [11ms]
2025-02-20 10:21:15.227 [info] > git for-each-ref --format %(refname) %(objectname) %(*objectname) refs/tags [15ms]
2025-02-20 10:21:15.243 [info] > git status -z -uall [20ms]
2025-02-20 10:21:15.251 [info] > git config --get commit.template [9ms]
2025-02-20 10:21:15.254 [info] > git for-each-ref --format %(refname) %(objectname) %(*objectname) refs/tags [4ms]
2025-02-20 10:21:15.265 [info] > git status -z -uall [26ms]
2025-02-20 10:21:15.265 [info] > git for-each-ref --format %(refname) %(objectname) %(*objectname) refs/tags [6ms]
2025-02-20 10:21:15.278 [info] > git status -z -uall [14ms]
2025-02-20 10:21:15.280 [info] > git config --get commit.template [2ms]
2025-02-20 10:21:15.286 [info] > git status -z -uall [13ms]
2025-02-20 10:21:15.289 [info] > git for-each-ref --format %(refname) %(objectname) %(*objectname) refs/tags [5ms]
2025-02-20 10:21:15.298 [info] > git config --get commit.template [2ms]
2025-02-20 10:21:15.306 [info] > git for-each-ref --format %(refname) %(objectname) %(*objectname) refs/tags [3ms]
2025-02-20 10:21:15.316 [info] > git status -z -uall [24ms]
2025-02-20 10:21:15.317 [info] > git status -z -uall [7ms]
2025-02-20 10:21:15.466 [info] > git check-ignore -v -z --stdin [9ms]
2025-02-20 10:21:17.885 [info] > git show --textconv :p4/app_tiny_bcam.p4 [4ms]
2025-02-20 10:21:17.888 [info] > git ls-files --stage -- /home/sgass/Projects/kepler/p4/app_tiny_bcam.p4 [3ms]
2025-02-20 10:21:17.892 [info] > git cat-file -s 063ec4310a1d818b2b4d804dd0b6fc14ec64e547 [2ms]
2025-02-20 10:21:18.168 [info] > git check-ignore -v -z --stdin [4ms]
2025-02-20 10:22:11.572 [info] > git show --textconv :python/kepler/kepler/fpga/devices/network_packet_generator_avmm.py [13ms]
2025-02-20 10:22:11.582 [info] > git ls-files --stage -- /home/sgass/Projects/kepler/python/kepler/kepler/fpga/devices/network_packet_generator_avmm.py [14ms]
2025-02-20 10:22:11.593 [info] > git cat-file -s b3b7f3ef87efd665fcd403703aa93969bdfe24fa [4ms]
2025-02-20 10:22:11.809 [info] > git check-ignore -v -z --stdin [15ms]
2025-02-20 10:22:12.962 [info] > git show --textconv :p4/app_tiny_bcam.p4 [4ms]
2025-02-20 10:22:12.965 [info] > git ls-files --stage -- /home/sgass/Projects/kepler/p4/app_tiny_bcam.p4 [4ms]
2025-02-20 10:22:12.970 [info] > git cat-file -s 063ec4310a1d818b2b4d804dd0b6fc14ec64e547 [1ms]
2025-02-20 10:37:06.727 [info] > git show --textconv :python/kepler/kepler/fpga/devices/network_packet_generator_avmm.py [11ms]
2025-02-20 10:37:06.733 [info] > git ls-files --stage -- /home/sgass/Projects/kepler/python/kepler/kepler/fpga/devices/network_packet_generator_avmm.py [7ms]
2025-02-20 10:37:06.748 [info] > git cat-file -s b3b7f3ef87efd665fcd403703aa93969bdfe24fa [5ms]
2025-02-20 10:49:28.427 [info] > git show --textconv :hdl/rtl/p4_router/p4_router_queue_system.sv [13ms]
2025-02-20 10:49:28.434 [info] > git ls-files --stage -- /home/sgass/Projects/kepler/hdl/rtl/p4_router/p4_router_queue_system.sv [10ms]
2025-02-20 10:49:28.444 [info] > git cat-file -s 835723f7e3f9e9d3dc24b685a00392f35b717f94 [4ms]
2025-02-20 10:49:33.126 [info] > git show --textconv :hdl/rtl/p4_router/p4_router_congestion_manager.sv [251ms]
2025-02-20 10:49:33.126 [info] > git ls-files --stage -- /home/sgass/Projects/kepler/hdl/rtl/p4_router/p4_router_congestion_manager.sv [247ms]
2025-02-20 10:49:33.356 [info] > git check-ignore -v -z --stdin [231ms]
2025-02-20 10:49:33.356 [info] > git cat-file -s 3fcaa0970fda820759dab0e2f997436e271bf467 [226ms]
2025-02-20 10:53:35.685 [info] > git show --textconv :hdl/rtl/p4_router/p4_router_queue_system.sv [5ms]
2025-02-20 10:53:35.688 [info] > git ls-files --stage -- /home/sgass/Projects/kepler/hdl/rtl/p4_router/p4_router_queue_system.sv [4ms]
2025-02-20 10:53:35.694 [info] > git cat-file -s 835723f7e3f9e9d3dc24b685a00392f35b717f94 [2ms]
2025-02-20 10:56:50.859 [info] > git show --textconv :hdl/rtl/p4_router/p4_router_vnp4_frr_t1_ecp_tiny_bcam_wrapper.sv [5ms]
2025-02-20 10:56:50.864 [info] > git ls-files --stage -- /home/sgass/Projects/kepler/hdl/rtl/p4_router/p4_router_vnp4_frr_t1_ecp_tiny_bcam_wrapper.sv [6ms]
2025-02-20 10:56:50.870 [info] > git cat-file -s d05cc3140293b17e24938957729fc4474ddd70c9 [2ms]
2025-02-20 11:03:19.720 [info] > git show --textconv :hdl/rtl/p4_router/p4_router_vnp4_frr_t1_ecp_tiny_bcam_wrapper.sv [6ms]
2025-02-20 11:03:19.725 [info] > git ls-files --stage -- /home/sgass/Projects/kepler/hdl/rtl/p4_router/p4_router_vnp4_frr_t1_ecp_tiny_bcam_wrapper.sv [5ms]
2025-02-20 11:03:25.351 [info] > git rev-parse --show-toplevel [1ms]
2025-02-20 11:03:25.351 [info] fatal: not a git repository (or any of the parent directories): .git
2025-02-20 11:03:30.299 [info] > git show --textconv :p4/mpls_router/app.p4 [172ms]
2025-02-20 11:03:30.300 [info] > git ls-files --stage -- /home/sgass/Projects/kepler/p4/mpls_router/app.p4 [168ms]
2025-02-20 11:03:30.468 [info] > git cat-file -s 9f40b1060f7c8c33a49daef069a8950fd0ec7040 [163ms]
2025-02-20 11:03:30.787 [info] > git check-ignore -v -z --stdin [174ms]
2025-02-20 11:16:25.186 [info] > git rev-parse --show-toplevel [1ms]
2025-02-20 11:16:25.186 [info] fatal: not a git repository (or any of the parent directories): .git
2025-02-20 11:16:25.966 [info] > git show --textconv :p4/mpls_router/app.p4 [11ms]
2025-02-20 11:16:25.972 [info] > git ls-files --stage -- /home/sgass/Projects/kepler/p4/mpls_router/app.p4 [7ms]
2025-02-20 11:16:25.981 [info] > git cat-file -s 9f40b1060f7c8c33a49daef069a8950fd0ec7040 [2ms]
2025-02-20 11:19:41.229 [info] > git rev-parse --show-toplevel [2ms]
2025-02-20 11:19:41.229 [info] fatal: not a git repository (or any of the parent directories): .git
2025-02-20 11:19:42.505 [info] > git show --textconv :p4/mpls_router/app.p4 [11ms]
2025-02-20 11:19:42.511 [info] > git ls-files --stage -- /home/sgass/Projects/kepler/p4/mpls_router/app.p4 [6ms]
2025-02-20 11:19:42.523 [info] > git cat-file -s 9f40b1060f7c8c33a49daef069a8950fd0ec7040 [3ms]
2025-02-20 11:39:48.601 [info] > git rev-parse --show-toplevel [4ms]
2025-02-20 11:39:48.602 [info] fatal: not a git repository (or any of the parent directories): .git
2025-02-20 11:39:49.507 [info] > git show --textconv :p4/mpls_router/app.p4 [14ms]
2025-02-20 11:39:49.513 [info] > git ls-files --stage -- /home/sgass/Projects/kepler/p4/mpls_router/app.p4 [7ms]
2025-02-20 11:39:49.524 [info] > git cat-file -s ae4a9cb5e6c7fe439f2cf038505fab6db0e3f2d3 [2ms]
2025-02-20 11:40:00.899 [info] > git show --textconv :p4/app_tiny_bcam.p4 [10ms]
2025-02-20 11:40:00.904 [info] > git ls-files --stage -- /home/sgass/Projects/kepler/p4/app_tiny_bcam.p4 [6ms]
2025-02-20 11:40:00.914 [info] > git cat-file -s 063ec4310a1d818b2b4d804dd0b6fc14ec64e547 [2ms]
2025-02-20 11:40:13.875 [info] > git show --textconv :p4/mpls_router/app.p4 [8ms]
2025-02-20 11:40:13.883 [info] > git ls-files --stage -- /home/sgass/Projects/kepler/p4/mpls_router/app.p4 [9ms]
2025-02-20 11:40:13.897 [info] > git cat-file -s ae4a9cb5e6c7fe439f2cf038505fab6db0e3f2d3 [4ms]
2025-02-20 11:40:21.737 [info] > git show --textconv :p4/app_tiny_bcam.p4 [16ms]
2025-02-20 11:40:21.746 [info] > git ls-files --stage -- /home/sgass/Projects/kepler/p4/app_tiny_bcam.p4 [13ms]
2025-02-20 11:40:21.757 [info] > git cat-file -s 063ec4310a1d818b2b4d804dd0b6fc14ec64e547 [3ms]
2025-02-20 11:40:22.780 [info] > git show --textconv :p4/mpls_router/app.p4 [12ms]
2025-02-20 11:40:22.786 [info] > git ls-files --stage -- /home/sgass/Projects/kepler/p4/mpls_router/app.p4 [7ms]
2025-02-20 11:40:22.795 [info] > git cat-file -s ae4a9cb5e6c7fe439f2cf038505fab6db0e3f2d3 [3ms]
2025-02-20 11:40:27.467 [info] > git show --textconv :p4/app_tiny_bcam.p4 [6ms]
2025-02-20 11:40:27.471 [info] > git ls-files --stage -- /home/sgass/Projects/kepler/p4/app_tiny_bcam.p4 [4ms]
2025-02-20 11:40:27.477 [info] > git cat-file -s 063ec4310a1d818b2b4d804dd0b6fc14ec64e547 [2ms]
2025-02-20 11:42:56.651 [info] > git show --textconv :p4/app_tiny_bcam.p4 [9ms]
2025-02-20 11:42:56.658 [info] > git ls-files --stage -- /home/sgass/Projects/kepler/p4/app_tiny_bcam.p4 [7ms]
2025-02-20 11:42:56.667 [info] > git cat-file -s 063ec4310a1d818b2b4d804dd0b6fc14ec64e547 [3ms]
2025-02-20 11:43:04.119 [info] > git show --textconv :p4/mpls_router/app.p4 [13ms]
2025-02-20 11:43:04.127 [info] > git ls-files --stage -- /home/sgass/Projects/kepler/p4/mpls_router/app.p4 [10ms]
2025-02-20 11:43:04.140 [info] > git cat-file -s ae4a9cb5e6c7fe439f2cf038505fab6db0e3f2d3 [3ms]
2025-02-20 11:45:59.753 [info] > git show --textconv :p4/mpls_router/app.p4 [11ms]
2025-02-20 11:45:59.759 [info] > git ls-files --stage -- /home/sgass/Projects/kepler/p4/mpls_router/app.p4 [7ms]
2025-02-20 11:45:59.770 [info] > git cat-file -s ae4a9cb5e6c7fe439f2cf038505fab6db0e3f2d3 [3ms]
2025-02-20 11:49:15.766 [info] > git show --textconv :hdl/rtl/board/pcuecp/board_pcuecp_p4_router_wrapper.sv [198ms]
2025-02-20 11:49:15.955 [info] > git check-ignore -v -z --stdin [200ms]
2025-02-20 11:49:15.956 [info] > git ls-files --stage -- /home/sgass/Projects/kepler/hdl/rtl/board/pcuecp/board_pcuecp_p4_router_wrapper.sv [193ms]
2025-02-20 11:49:16.103 [info] > git cat-file -s 17484e550c3ea4ded3edb35163ea60a74a316aaf [140ms]
2025-02-20 11:54:57.770 [info] > git show --textconv :p4/app_tiny_bcam.p4 [8ms]
2025-02-20 11:54:57.775 [info] > git ls-files --stage -- /home/sgass/Projects/kepler/p4/app_tiny_bcam.p4 [5ms]
2025-02-20 11:54:57.783 [info] > git cat-file -s 063ec4310a1d818b2b4d804dd0b6fc14ec64e547 [1ms]
2025-02-20 16:32:15.629 [info] > git show --textconv :hdl/rtl/p4_router/p4_router_ingress.sv [201ms]
2025-02-20 16:32:15.837 [info] > git check-ignore -v -z --stdin [214ms]
2025-02-20 16:32:15.838 [info] > git ls-files --stage -- /home/sgass/Projects/kepler/hdl/rtl/p4_router/p4_router_ingress.sv [210ms]
2025-02-20 16:32:16.095 [info] > git cat-file -s 9d83b730a4158451eda534c209088ce32d4be3df [252ms]
2025-02-20 16:32:16.538 [info] > git show --textconv :hdl/rtl/p4_router/p4_router_ingress_port_array_adapt.sv [231ms]
2025-02-20 16:32:16.538 [info] > git ls-files --stage -- /home/sgass/Projects/kepler/hdl/rtl/p4_router/p4_router_ingress_port_array_adapt.sv [227ms]
2025-02-20 16:32:16.749 [info] > git cat-file -s d3026393391413351a8dcfffa1f344c558cd6f59 [205ms]
2025-02-20 16:32:16.949 [info] > git check-ignore -v -z --stdin [202ms]
2025-02-20 16:32:22.247 [info] > git show --textconv :hdl/rtl/p4_router/p4_router_ingress.sv [6ms]
2025-02-20 16:32:22.415 [info] > git ls-files --stage -- /home/sgass/Projects/kepler/hdl/rtl/p4_router/p4_router_ingress.sv [169ms]
2025-02-20 16:32:22.496 [info] > git cat-file -s 9d83b730a4158451eda534c209088ce32d4be3df [76ms]
2025-02-20 17:10:37.274 [info] > git show --textconv :hdl/rtl/p4_router/p4_router_ingress_port_array_adapt.sv [13ms]
2025-02-20 17:10:37.280 [info] > git ls-files --stage -- /home/sgass/Projects/kepler/hdl/rtl/p4_router/p4_router_ingress_port_array_adapt.sv [7ms]
2025-02-20 17:10:37.293 [info] > git cat-file -s d3026393391413351a8dcfffa1f344c558cd6f59 [4ms]
2025-02-20 17:10:42.718 [info] > git show --textconv :p4/app_tiny_bcam.p4 [8ms]
2025-02-20 17:10:42.725 [info] > git ls-files --stage -- /home/sgass/Projects/kepler/p4/app_tiny_bcam.p4 [7ms]
2025-02-20 17:10:42.738 [info] > git cat-file -s 4af1f4e8a74983687ef0b343c37d9a62d5904abf [3ms]
2025-02-20 17:10:47.196 [info] > git show --textconv :hdl/rtl/board/pcuecp/board_pcuecp_p4_router_wrapper.sv [10ms]
2025-02-20 17:10:47.203 [info] > git ls-files --stage -- /home/sgass/Projects/kepler/hdl/rtl/board/pcuecp/board_pcuecp_p4_router_wrapper.sv [8ms]
2025-02-20 17:10:47.214 [info] > git cat-file -s 1046f02a5f3cdcf01e0f6bc647bebdff701df511 [3ms]
2025-02-20 17:10:48.063 [info] > git show --textconv :p4/mpls_router/app.p4 [12ms]
2025-02-20 17:10:48.069 [info] > git ls-files --stage -- /home/sgass/Projects/kepler/p4/mpls_router/app.p4 [9ms]
2025-02-20 17:10:48.079 [info] > git cat-file -s ae4a9cb5e6c7fe439f2cf038505fab6db0e3f2d3 [3ms]
