2025-01-27 13:28:46.617 [info] Starting Python Locator /home/sgass/.vscode/extensions/ms-python.python-2024.14.1-linux-x64/python-env-tools/bin/pet server
2025-01-27 13:28:46.619 [info] Discovered env: /home/sgass/.venvs/kepler2/bin/python
2025-01-27 13:28:46.621 [info] Discovered env: /home/sgass/.venvs/kepler/bin/python
2025-01-27 13:28:46.692 [info] Discovered env: /bin/python3
2025-01-27 13:28:46.694 [info] Discovered env: /usr/bin/python3
2025-01-27 13:28:46.700 [info] Discovered env: /bin/python3.8
2025-01-27 13:28:46.713 [info] Discovered env: /usr/bin/python3.8
2025-01-27 13:28:46.760 [info] Resolved Python Environment /bin/python3
2025-01-27 13:28:46.853 [info] Locator Conda took 105.589822ms
2025-01-27 13:28:46.853 [info] Locator Homebrew took 387.932µs
2025-01-27 13:28:46.854 [info] Locator LinuxGlobal took 136.860987ms
2025-01-27 13:28:46.854 [info] Locator PipEnv took 155.951µs
2025-01-27 13:28:46.854 [info] Locator Poetry took 2.40269ms
2025-01-27 13:28:46.854 [info] Locator PyEnv took 2.301589ms
2025-01-27 13:28:46.854 [info] Locator Venv took 177.35µs
2025-01-27 13:28:46.854 [info] Locator VirtualEnv took 121.866µs
2025-01-27 13:28:46.854 [info] Locator VirtualEnvWrapper took 242.213µs
2025-01-27 13:28:46.854 [info] Locator GlobalVirtualEnvs took 63.841264ms
2025-01-27 13:28:46.854 [info] Locator Locators took 137.99357ms
2025-01-27 13:28:46.854 [info] Locator Path took 270.781396ms
2025-01-27 13:28:46.854 [info] Locator Workspaces took 24.677642ms
2025-01-27 13:28:46.854 [info] Refresh completed in 271ms
2025-01-27 13:32:18.208 [info] Resolved Python Environment /bin/python3
2025-01-27 13:48:25.785 [info] Resolved Python Environment /bin/python3
2025-01-27 13:50:12.795 [info] Resolved Python Environment /bin/python3
2025-01-27 14:05:52.035 [info] Resolved Python Environment /bin/python3
2025-01-27 16:13:24.288 [info] Resolved Python Environment /bin/python3
2025-01-27 16:16:53.995 [info] Resolved Python Environment /bin/python3
2025-01-27 16:17:53.239 [info] Resolved Python Environment /bin/python3
2025-01-27 16:18:45.746 [info] Resolved Python Environment /bin/python3
2025-01-27 16:20:03.306 [info] Resolved Python Environment /bin/python3
2025-01-27 16:29:53.055 [info] Resolved Python Environment /bin/python3
2025-01-27 16:31:06.290 [info] Resolved Python Environment /bin/python3
2025-01-27 16:31:41.066 [info] Resolved Python Environment /bin/python3
2025-01-28 09:30:57.121 [info] Resolved Python Environment /bin/python3
2025-01-28 09:33:00.425 [info] Resolved Python Environment /bin/python3
2025-01-28 09:34:12.358 [info] Resolved Python Environment /bin/python3
2025-01-28 09:38:10.670 [info] Resolved Python Environment /bin/python3
2025-01-28 09:40:11.885 [info] Resolved Python Environment /bin/python3
2025-01-28 09:41:41.700 [info] Resolved Python Environment /bin/python3
2025-01-28 09:42:28.234 [info] Resolved Python Environment /bin/python3
2025-01-28 09:45:44.051 [info] Resolved Python Environment /bin/python3
2025-01-28 09:46:46.385 [info] Resolved Python Environment /bin/python3
2025-01-28 09:47:35.629 [info] Resolved Python Environment /bin/python3
2025-01-28 09:51:05.443 [info] Resolved Python Environment /bin/python3
2025-01-28 09:51:52.825 [info] Resolved Python Environment /bin/python3
2025-01-28 10:02:04.780 [info] Resolved Python Environment /bin/python3
2025-01-28 10:07:03.930 [info] Resolved Python Environment /bin/python3
2025-01-28 10:08:25.643 [info] Resolved Python Environment /bin/python3
2025-01-28 10:09:45.016 [info] Resolved Python Environment /bin/python3
2025-01-28 10:10:47.722 [info] Resolved Python Environment /bin/python3
2025-01-28 10:12:04.785 [info] Resolved Python Environment /bin/python3
2025-01-28 10:12:39.194 [info] Resolved Python Environment /bin/python3
2025-01-28 10:13:21.756 [info] Resolved Python Environment /bin/python3
2025-01-28 11:02:08.604 [info] Resolved Python Environment /bin/python3
2025-01-28 11:03:21.290 [info] Resolved Python Environment /bin/python3
2025-01-28 11:07:24.063 [info] Resolved Python Environment /bin/python3
2025-01-28 11:09:24.592 [info] Resolved Python Environment /bin/python3
2025-01-28 11:18:13.949 [info] Resolved Python Environment /bin/python3
2025-01-28 11:18:49.859 [info] Resolved Python Environment /bin/python3
2025-01-28 11:19:38.299 [info] Resolved Python Environment /bin/python3
2025-01-28 11:20:11.960 [info] Resolved Python Environment /bin/python3
2025-01-28 11:22:08.489 [info] Resolved Python Environment /bin/python3
2025-01-28 11:22:45.215 [info] Resolved Python Environment /bin/python3
2025-01-28 11:24:24.998 [info] Resolved Python Environment /bin/python3
2025-01-28 11:25:03.864 [info] Resolved Python Environment /bin/python3
2025-01-28 11:32:17.412 [info] Resolved Python Environment /bin/python3
2025-01-28 11:32:54.334 [info] Resolved Python Environment /bin/python3
2025-01-28 11:34:36.075 [info] Resolved Python Environment /bin/python3
2025-01-28 11:35:12.611 [info] Resolved Python Environment /bin/python3
2025-01-28 11:36:08.046 [info] Resolved Python Environment /bin/python3
2025-01-28 11:38:46.455 [info] Resolved Python Environment /bin/python3
2025-01-28 11:39:58.603 [info] Resolved Python Environment /bin/python3
2025-01-28 11:40:30.210 [info] Resolved Python Environment /bin/python3
2025-01-28 11:41:26.401 [info] Resolved Python Environment /bin/python3
2025-01-28 11:41:58.381 [info] Resolved Python Environment /bin/python3
2025-01-28 11:45:21.664 [info] Resolved Python Environment /bin/python3
2025-01-28 11:46:02.480 [info] Resolved Python Environment /bin/python3
2025-01-28 11:46:40.594 [info] Resolved Python Environment /bin/python3
2025-01-28 11:47:25.573 [info] Resolved Python Environment /bin/python3
2025-01-28 11:48:02.522 [info] Resolved Python Environment /bin/python3
2025-01-28 11:48:52.992 [info] Resolved Python Environment /bin/python3
2025-01-28 11:49:32.086 [info] Resolved Python Environment /bin/python3
2025-01-28 11:50:03.450 [info] Resolved Python Environment /bin/python3
2025-01-28 11:50:42.199 [info] Resolved Python Environment /bin/python3
2025-01-28 11:51:12.634 [info] Resolved Python Environment /bin/python3
2025-01-28 11:51:56.589 [info] Resolved Python Environment /bin/python3
2025-01-28 11:52:29.024 [info] Resolved Python Environment /bin/python3
2025-01-28 11:53:03.424 [info] Resolved Python Environment /bin/python3
2025-01-28 11:53:34.929 [info] Resolved Python Environment /bin/python3
2025-01-28 11:54:14.390 [info] Resolved Python Environment /bin/python3
2025-01-28 14:26:35.404 [info] Resolved Python Environment /bin/python3
2025-01-28 15:13:51.714 [info] Resolved Python Environment /bin/python3
2025-01-28 15:14:35.721 [info] Resolved Python Environment /bin/python3
2025-01-28 16:47:03.372 [info] Resolved Python Environment /bin/python3
2025-01-28 16:47:48.610 [info] Resolved Python Environment /bin/python3
2025-01-29 09:06:54.794 [info] Resolved Python Environment /bin/python3
2025-01-29 09:07:30.187 [info] Resolved Python Environment /bin/python3
2025-01-29 09:08:07.578 [info] Resolved Python Environment /bin/python3
2025-01-29 09:10:34.340 [info] Resolved Python Environment /bin/python3
2025-01-29 09:12:50.264 [info] Resolved Python Environment /bin/python3
2025-01-29 09:13:51.914 [info] Resolved Python Environment /bin/python3
2025-01-29 09:14:33.412 [info] Resolved Python Environment /bin/python3
2025-01-29 09:15:03.764 [info] Resolved Python Environment /bin/python3
2025-01-29 09:15:44.608 [info] Resolved Python Environment /bin/python3
2025-01-29 09:16:24.355 [info] Resolved Python Environment /bin/python3
2025-01-29 09:30:52.498 [info] Resolved Python Environment /bin/python3
2025-01-29 09:31:51.887 [info] Resolved Python Environment /bin/python3
2025-01-29 09:33:20.180 [info] Resolved Python Environment /bin/python3
2025-01-29 09:33:54.489 [info] Resolved Python Environment /bin/python3
2025-01-29 09:36:09.862 [info] Resolved Python Environment /bin/python3
2025-01-29 09:36:42.405 [info] Resolved Python Environment /bin/python3
2025-01-29 09:37:15.119 [info] Resolved Python Environment /bin/python3
2025-01-29 09:37:52.237 [info] Resolved Python Environment /bin/python3
2025-01-29 09:39:25.272 [info] Resolved Python Environment /bin/python3
2025-01-29 09:40:03.388 [info] Resolved Python Environment /bin/python3
2025-01-29 09:45:16.733 [info] Resolved Python Environment /bin/python3
2025-01-29 09:47:28.967 [info] Resolved Python Environment /bin/python3
2025-01-29 09:52:21.457 [info] Resolved Python Environment /bin/python3
2025-01-29 09:55:12.535 [info] Resolved Python Environment /bin/python3
2025-01-29 09:55:48.925 [info] Resolved Python Environment /bin/python3
2025-01-29 09:56:31.063 [info] Resolved Python Environment /bin/python3
2025-01-29 10:06:57.473 [info] Resolved Python Environment /bin/python3
2025-01-29 10:07:30.733 [info] Resolved Python Environment /bin/python3
2025-01-29 10:08:17.244 [info] Resolved Python Environment /bin/python3
2025-01-29 10:25:27.909 [info] Resolved Python Environment /bin/python3
2025-01-29 10:26:37.711 [info] Resolved Python Environment /bin/python3
2025-01-29 10:27:35.312 [info] Resolved Python Environment /bin/python3
2025-01-29 10:28:15.631 [info] Resolved Python Environment /bin/python3
2025-01-29 10:37:33.743 [info] Resolved Python Environment /bin/python3
2025-01-29 10:39:09.467 [info] Resolved Python Environment /bin/python3
2025-01-29 10:39:40.535 [info] Resolved Python Environment /bin/python3
2025-01-29 10:44:37.290 [info] Resolved Python Environment /bin/python3
2025-01-29 10:46:10.157 [info] Resolved Python Environment /bin/python3
2025-01-29 11:20:11.147 [info] Resolved Python Environment /bin/python3
2025-01-29 11:20:58.585 [info] Resolved Python Environment /bin/python3
2025-01-29 11:21:50.043 [info] Resolved Python Environment /bin/python3
2025-01-29 11:26:00.161 [info] Resolved Python Environment /bin/python3
2025-01-29 12:20:58.079 [info] Resolved Python Environment /bin/python3
2025-01-29 12:21:50.296 [info] Resolved Python Environment /bin/python3
2025-01-29 12:23:15.764 [info] Resolved Python Environment /bin/python3
2025-01-29 12:24:30.525 [info] Resolved Python Environment /bin/python3
2025-01-29 12:25:48.313 [info] Resolved Python Environment /bin/python3
2025-01-29 12:26:32.895 [info] Resolved Python Environment /bin/python3
2025-01-29 12:27:10.913 [info] Resolved Python Environment /bin/python3
2025-01-29 12:28:00.630 [info] Resolved Python Environment /bin/python3
2025-01-29 12:28:56.476 [info] Resolved Python Environment /bin/python3
2025-01-29 12:30:16.975 [info] Resolved Python Environment /bin/python3
2025-01-29 12:31:54.866 [info] Resolved Python Environment /bin/python3
2025-01-29 12:38:59.030 [info] Resolved Python Environment /bin/python3
2025-01-29 12:40:45.756 [info] Resolved Python Environment /bin/python3
2025-01-29 12:42:08.326 [info] Resolved Python Environment /bin/python3
2025-01-29 12:45:51.907 [info] Resolved Python Environment /bin/python3
2025-01-29 12:52:12.313 [info] Resolved Python Environment /bin/python3
2025-01-29 13:15:50.556 [info] Resolved Python Environment /bin/python3
2025-01-29 13:16:26.936 [info] Resolved Python Environment /bin/python3
2025-01-29 14:08:55.999 [info] Resolved Python Environment /bin/python3
2025-01-29 14:10:33.023 [info] Resolved Python Environment /bin/python3
2025-01-29 14:12:41.081 [info] Resolved Python Environment /bin/python3
2025-01-29 14:21:19.479 [info] Resolved Python Environment /bin/python3
2025-01-29 14:22:12.813 [info] Resolved Python Environment /bin/python3
2025-01-29 14:22:43.114 [info] Resolved Python Environment /bin/python3
2025-01-29 14:54:05.874 [info] Resolved Python Environment /bin/python3
2025-01-29 14:54:36.952 [info] Resolved Python Environment /bin/python3
2025-01-29 14:55:15.404 [info] Resolved Python Environment /bin/python3
2025-01-29 14:55:59.973 [info] Resolved Python Environment /bin/python3
2025-01-29 15:03:02.636 [info] Resolved Python Environment /bin/python3
2025-01-29 15:04:34.130 [info] Resolved Python Environment /bin/python3
2025-01-29 15:06:38.611 [info] Resolved Python Environment /bin/python3
2025-01-29 15:10:20.766 [info] Resolved Python Environment /bin/python3
2025-01-29 15:12:34.007 [info] Resolved Python Environment /bin/python3
2025-01-29 15:13:09.623 [info] Resolved Python Environment /bin/python3
2025-01-29 15:18:52.084 [info] Resolved Python Environment /bin/python3
2025-01-29 15:20:18.707 [info] Resolved Python Environment /bin/python3
2025-01-29 15:26:25.925 [info] Resolved Python Environment /bin/python3
2025-01-29 15:53:30.802 [info] Resolved Python Environment /bin/python3
2025-01-29 15:54:26.777 [info] Resolved Python Environment /bin/python3
2025-01-29 15:56:16.992 [info] Resolved Python Environment /bin/python3
2025-01-29 16:00:18.472 [info] Resolved Python Environment /bin/python3
2025-01-29 16:11:57.500 [info] Resolved Python Environment /bin/python3
2025-01-29 16:15:43.923 [info] Resolved Python Environment /bin/python3
2025-01-29 16:17:45.001 [info] Resolved Python Environment /bin/python3
2025-01-29 16:23:38.865 [info] Resolved Python Environment /bin/python3
2025-01-29 16:24:14.957 [info] Resolved Python Environment /bin/python3
2025-01-29 16:25:27.080 [info] Resolved Python Environment /bin/python3
2025-01-29 17:01:27.293 [info] Resolved Python Environment /bin/python3
2025-01-29 17:03:16.823 [info] Resolved Python Environment /bin/python3
2025-01-29 18:02:26.975 [info] Resolved Python Environment /bin/python3
2025-01-30 11:26:06.474 [info] Starting Python Locator /home/sgass/.vscode/extensions/ms-python.python-2024.14.1-linux-x64/python-env-tools/bin/pet server
2025-01-30 11:26:06.485 [info] Discovered env: /home/sgass/.venvs/kepler/bin/python
2025-01-30 11:26:06.488 [info] Discovered env: /home/sgass/.venvs/kepler2/bin/python
2025-01-30 11:26:06.535 [info] Discovered env: /bin/python3
2025-01-30 11:26:06.537 [info] Discovered env: /usr/bin/python3
2025-01-30 11:26:06.544 [info] Discovered env: /bin/python3.8
2025-01-30 11:26:06.568 [info] Discovered env: /usr/bin/python3.8
2025-01-30 11:26:06.573 [info] Resolved Python Environment /bin/python3
2025-01-30 11:26:06.624 [info] Locator Conda took 92.329112ms
2025-01-30 11:26:06.624 [info] Locator Homebrew took 381.796µs
2025-01-30 11:26:06.624 [info] Locator LinuxGlobal took 110.653048ms
2025-01-30 11:26:06.624 [info] Locator PipEnv took 44.338µs
2025-01-30 11:26:06.624 [info] Locator Poetry took 699.02µs
2025-01-30 11:26:06.624 [info] Locator PyEnv took 362.649µs
2025-01-30 11:26:06.624 [info] Locator Venv took 36.488µs
2025-01-30 11:26:06.624 [info] Locator VirtualEnv took 72.925µs
2025-01-30 11:26:06.624 [info] Locator VirtualEnvWrapper took 27.444µs
2025-01-30 11:26:06.624 [info] Locator GlobalVirtualEnvs took 67.273982ms
2025-01-30 11:26:06.624 [info] Locator Locators took 111.627882ms
2025-01-30 11:26:06.624 [info] Locator Path took 185.730968ms
2025-01-30 11:26:06.624 [info] Locator Workspaces took 17.687653ms
2025-01-30 11:26:06.624 [info] Refresh completed in 186ms
2025-01-30 11:27:24.655 [info] Resolved Python Environment /bin/python3
2025-01-30 11:54:26.050 [info] Resolved Python Environment /bin/python3
2025-01-30 11:56:39.937 [info] Resolved Python Environment /bin/python3
2025-01-31 10:05:24.669 [info] Resolved Python Environment /bin/python3
2025-01-31 16:13:10.585 [info] Starting Python Locator /home/sgass/.vscode/extensions/ms-python.python-2024.14.1-linux-x64/python-env-tools/bin/pet server
2025-01-31 16:13:10.586 [info] Discovered env: /home/sgass/.venvs/kepler/bin/python
2025-01-31 16:13:10.588 [info] Discovered env: /home/sgass/.venvs/kepler2/bin/python
2025-01-31 16:13:10.625 [info] Discovered env: /bin/python3
2025-01-31 16:13:10.626 [info] Discovered env: /usr/bin/python3
2025-01-31 16:13:10.637 [info] Discovered env: /usr/bin/python3.8
2025-01-31 16:13:10.638 [info] Discovered env: /bin/python3.8
2025-01-31 16:13:10.660 [info] Resolved Python Environment /bin/python3
2025-01-31 16:13:10.709 [info] Locator Conda took 67.681084ms
2025-01-31 16:13:10.709 [info] Locator Homebrew took 336.404µs
2025-01-31 16:13:10.709 [info] Locator LinuxGlobal took 81.910447ms
2025-01-31 16:13:10.709 [info] Locator PipEnv took 43.829µs
2025-01-31 16:13:10.709 [info] Locator Poetry took 406.801µs
2025-01-31 16:13:10.709 [info] Locator PyEnv took 455.515µs
2025-01-31 16:13:10.709 [info] Locator Venv took 25.957µs
2025-01-31 16:13:10.709 [info] Locator VirtualEnv took 44.339µs
2025-01-31 16:13:10.709 [info] Locator VirtualEnvWrapper took 45.728µs
2025-01-31 16:13:10.709 [info] Locator GlobalVirtualEnvs took 41.768279ms
2025-01-31 16:13:10.709 [info] Locator Locators took 83.454897ms
2025-01-31 16:13:10.709 [info] Locator Path took 153.716483ms
2025-01-31 16:13:10.709 [info] Locator Workspaces took 13.419777ms
2025-01-31 16:13:10.709 [info] Refresh completed in 153ms
2025-01-31 16:15:51.713 [info] Resolved Python Environment /bin/python3
2025-01-31 16:18:50.191 [info] Resolved Python Environment /bin/python3
2025-01-31 16:19:37.666 [info] Resolved Python Environment /bin/python3
2025-01-31 16:33:30.143 [info] Resolved Python Environment /bin/python3
2025-01-31 16:34:05.380 [info] Resolved Python Environment /bin/python3
2025-01-31 16:40:16.969 [info] Resolved Python Environment /bin/python3
2025-01-31 16:45:05.833 [info] Resolved Python Environment /bin/python3
2025-01-31 16:45:47.589 [info] Resolved Python Environment /bin/python3
2025-01-31 16:47:02.322 [info] Resolved Python Environment /bin/python3
2025-01-31 16:47:46.469 [info] Resolved Python Environment /bin/python3
2025-01-31 16:49:04.340 [info] Resolved Python Environment /bin/python3
2025-01-31 16:49:37.611 [info] Resolved Python Environment /bin/python3
2025-01-31 16:51:02.039 [info] Resolved Python Environment /bin/python3
2025-01-31 16:51:45.549 [info] Resolved Python Environment /bin/python3
2025-01-31 16:52:20.367 [info] Resolved Python Environment /bin/python3
2025-01-31 16:52:52.277 [info] Resolved Python Environment /bin/python3
2025-01-31 16:55:38.046 [info] Resolved Python Environment /bin/python3
2025-01-31 16:56:09.553 [info] Resolved Python Environment /bin/python3
2025-01-31 16:57:08.216 [info] Resolved Python Environment /bin/python3
2025-01-31 17:01:31.653 [info] Resolved Python Environment /bin/python3
2025-01-31 17:09:02.580 [info] Resolved Python Environment /bin/python3
2025-01-31 17:11:13.879 [info] Resolved Python Environment /bin/python3
2025-01-31 17:15:44.065 [info] Resolved Python Environment /bin/python3
2025-01-31 17:18:51.407 [info] Resolved Python Environment /bin/python3
2025-01-31 17:27:03.687 [info] Resolved Python Environment /bin/python3
2025-01-31 17:31:11.036 [info] Resolved Python Environment /bin/python3
2025-01-31 17:32:18.188 [info] Resolved Python Environment /bin/python3
2025-01-31 17:33:39.000 [info] Resolved Python Environment /bin/python3
2025-01-31 17:34:23.359 [info] Resolved Python Environment /bin/python3
2025-01-31 17:35:16.596 [info] Resolved Python Environment /bin/python3
2025-01-31 17:35:47.225 [info] Resolved Python Environment /bin/python3
2025-01-31 17:37:10.953 [info] Resolved Python Environment /bin/python3
2025-01-31 17:38:09.618 [info] Resolved Python Environment /bin/python3
2025-01-31 17:38:47.526 [info] Resolved Python Environment /bin/python3
2025-01-31 17:39:31.194 [info] Resolved Python Environment /bin/python3
2025-01-31 17:41:13.693 [info] Resolved Python Environment /bin/python3
2025-01-31 17:41:48.322 [info] Resolved Python Environment /bin/python3
2025-01-31 17:42:35.140 [info] Resolved Python Environment /bin/python3
2025-01-31 17:44:02.547 [info] Resolved Python Environment /bin/python3
2025-02-01 10:27:48.816 [info] Resolved Python Environment /bin/python3
2025-02-01 10:34:49.065 [info] Resolved Python Environment /bin/python3
2025-02-01 10:35:42.529 [info] Resolved Python Environment /bin/python3
2025-02-01 10:37:06.500 [info] Resolved Python Environment /bin/python3
2025-02-01 18:13:44.823 [info] Resolved Python Environment /bin/python3
2025-02-01 18:17:39.616 [info] Resolved Python Environment /bin/python3
2025-02-01 18:18:26.049 [info] Resolved Python Environment /bin/python3
2025-02-01 18:19:04.166 [info] Resolved Python Environment /bin/python3
2025-02-01 18:19:38.977 [info] Resolved Python Environment /bin/python3
2025-02-01 18:20:17.235 [info] Resolved Python Environment /bin/python3
2025-02-01 18:59:23.001 [info] Resolved Python Environment /bin/python3
2025-02-03 09:31:23.528 [info] Resolved Python Environment /bin/python3
2025-02-03 09:32:08.381 [info] Resolved Python Environment /bin/python3
2025-02-03 09:32:54.061 [info] Resolved Python Environment /bin/python3
2025-02-03 09:33:56.192 [info] Resolved Python Environment /bin/python3
2025-02-03 09:35:32.149 [info] Resolved Python Environment /bin/python3
2025-02-03 10:10:40.415 [info] Resolved Python Environment /bin/python3
2025-02-03 10:11:11.577 [info] Resolved Python Environment /bin/python3
2025-02-03 10:13:28.895 [info] Resolved Python Environment /bin/python3
