2025-02-03 10:21:19.236 [info] [main] Log level: Info
2025-02-03 10:21:19.236 [info] [main] Validating found git in: "git"
2025-02-03 10:21:19.236 [info] [main] Using git "2.43.0" from "git"
2025-02-03 10:21:19.236 [info] [Model][doInitialScan] Initial repository scan started
2025-02-03 10:21:19.236 [info] > git rev-parse --show-toplevel [3ms]
2025-02-03 10:21:19.236 [info] > git rev-parse --git-dir --git-common-dir [8ms]
2025-02-03 10:21:19.236 [info] [Model][openRepository] Opened repository: /home/sgass/Projects/kepler2
2025-02-03 10:21:19.237 [info] > git config --get commit.template [2ms]
2025-02-03 10:21:19.241 [info] > git for-each-ref --format=%(refname)%00%(upstream:short)%00%(objectname)%00%(upstream:track)%00%(upstream:remotename)%00%(upstream:remoteref) refs/heads/sgass/prod/no-ref/p4_router_top_level refs/remotes/sgass/prod/no-ref/p4_router_top_level [1ms]
2025-02-03 10:21:19.253 [info] > git rev-parse --show-toplevel [5ms]
2025-02-03 10:21:19.258 [info] > git rev-parse --show-toplevel [2ms]
2025-02-03 10:21:19.262 [info] > git rev-parse --show-toplevel [2ms]
2025-02-03 10:21:19.266 [info] > git rev-parse --show-toplevel [1ms]
2025-02-03 10:21:19.271 [info] > git rev-parse --show-toplevel [1ms]
2025-02-03 10:21:19.274 [info] > git rev-parse --show-toplevel [1ms]
2025-02-03 10:21:19.279 [info] > git rev-parse --show-toplevel [2ms]
2025-02-03 10:21:19.282 [info] > git rev-parse --show-toplevel [1ms]
2025-02-03 10:21:19.286 [info] > git rev-parse --show-toplevel [1ms]
2025-02-03 10:21:19.289 [info] > git rev-parse --show-toplevel [1ms]
2025-02-03 10:21:19.293 [info] > git rev-parse --show-toplevel [1ms]
2025-02-03 10:21:19.297 [info] > git rev-parse --show-toplevel [2ms]
2025-02-03 10:21:19.300 [info] > git rev-parse --show-toplevel [1ms]
2025-02-03 10:21:19.303 [info] > git rev-parse --show-toplevel [1ms]
2025-02-03 10:21:19.307 [info] > git rev-parse --show-toplevel [1ms]
2025-02-03 10:21:19.311 [info] > git rev-parse --show-toplevel [0ms]
2025-02-03 10:21:19.315 [info] > git rev-parse --show-toplevel [1ms]
2025-02-03 10:21:19.318 [info] > git rev-parse --show-toplevel [1ms]
2025-02-03 10:21:19.322 [info] > git rev-parse --show-toplevel [1ms]
2025-02-03 10:21:19.326 [info] > git rev-parse --show-toplevel [1ms]
2025-02-03 10:21:19.329 [info] > git rev-parse --show-toplevel [1ms]
2025-02-03 10:21:19.333 [info] > git rev-parse --show-toplevel [1ms]
2025-02-03 10:21:19.337 [info] > git rev-parse --show-toplevel [1ms]
2025-02-03 10:21:19.340 [info] > git rev-parse --show-toplevel [1ms]
2025-02-03 10:21:19.343 [info] > git rev-parse --show-toplevel [1ms]
2025-02-03 10:21:19.347 [info] > git rev-parse --show-toplevel [1ms]
2025-02-03 10:21:19.351 [info] > git rev-parse --show-toplevel [2ms]
2025-02-03 10:21:19.354 [info] > git rev-parse --show-toplevel [1ms]
2025-02-03 10:21:19.355 [info] [Model][doInitialScan] Initial repository scan completed - repositories (1), closed repositories (0), parent repositories (0), unsafe repositories (0)
2025-02-03 10:21:19.558 [info] > git status -z -uall [314ms]
2025-02-03 10:21:19.570 [info] > git for-each-ref --format=%(refname)%00%(upstream:short)%00%(objectname)%00%(upstream:track)%00%(upstream:remotename)%00%(upstream:remoteref) refs/heads/sgass/prod/no-ref/p4_router_top_level refs/remotes/sgass/prod/no-ref/p4_router_top_level [8ms]
2025-02-03 10:21:19.573 [info] > git config --get commit.template [4ms]
2025-02-03 10:21:19.575 [info] > git config --local branch.sgass/prod/no-ref/p4_router_top_level.vscode-merge-base [2ms]
2025-02-03 10:21:19.582 [info] > git for-each-ref --format=%(refname)%00%(upstream:short)%00%(objectname)%00%(upstream:track)%00%(upstream:remotename)%00%(upstream:remoteref) refs/heads/origin/develop refs/remotes/origin/develop [4ms]
2025-02-03 10:21:19.583 [info] > git for-each-ref --format=%(refname)%00%(upstream:short)%00%(objectname)%00%(upstream:track)%00%(upstream:remotename)%00%(upstream:remoteref) refs/heads/sgass/prod/no-ref/p4_router_top_level refs/remotes/sgass/prod/no-ref/p4_router_top_level [2ms]
2025-02-03 10:21:19.753 [info] > git check-ignore -v -z --stdin [10ms]
2025-02-03 10:21:19.946 [info] > git status -z -uall [359ms]
2025-02-03 10:21:19.952 [info] > git for-each-ref --format=%(refname)%00%(upstream:short)%00%(objectname)%00%(upstream:track)%00%(upstream:remotename)%00%(upstream:remoteref) refs/heads/sgass/prod/no-ref/p4_router_top_level refs/remotes/sgass/prod/no-ref/p4_router_top_level [2ms]
2025-02-03 10:21:19.956 [info] > git config --local branch.sgass/prod/no-ref/p4_router_top_level.vscode-merge-base [1ms]
2025-02-03 10:21:19.960 [info] > git for-each-ref --format=%(refname)%00%(upstream:short)%00%(objectname)%00%(upstream:track)%00%(upstream:remotename)%00%(upstream:remoteref) refs/heads/origin/develop refs/remotes/origin/develop [1ms]
2025-02-03 10:21:20.069 [info] > git rev-parse --show-toplevel [2ms]
2025-02-03 10:21:20.075 [info] > git rev-parse --git-dir --git-common-dir [2ms]
2025-02-03 10:21:20.076 [info] [Model][openRepository] Opened repository: /home/sgass/Projects/kepler2/third_party/libhydrogen
2025-02-03 10:21:20.084 [info] > git config --get commit.template [4ms]
2025-02-03 10:21:20.089 [info] > git rev-parse --show-toplevel [6ms]
2025-02-03 10:21:20.093 [info] > git for-each-ref --format %(refname) %(objectname) %(*objectname) refs/tags [5ms]
2025-02-03 10:21:20.097 [info] > git rev-parse --git-dir --git-common-dir [4ms]
2025-02-03 10:21:20.099 [info] [Model][openRepository] Opened repository: /home/sgass/Projects/kepler2/third_party/magic_enum
2025-02-03 10:21:20.109 [info] > git status -z -uall [12ms]
2025-02-03 10:21:20.118 [info] > git rev-parse --show-toplevel [9ms]
2025-02-03 10:21:20.119 [info] > git config --get commit.template [14ms]
2025-02-03 10:21:20.126 [info] > git config --get commit.template [7ms]
2025-02-03 10:21:20.135 [info] > git for-each-ref --format %(refname) %(objectname) %(*objectname) refs/tags [5ms]
2025-02-03 10:21:20.135 [info] > git rev-parse --git-dir --git-common-dir [10ms]
2025-02-03 10:21:20.137 [info] [Model][openRepository] Opened repository: /home/sgass/Projects/kepler2/third_party/googletest
2025-02-03 10:21:20.150 [info] > git status -z -uall [7ms]
2025-02-03 10:21:20.150 [info] > git for-each-ref --format %(refname) %(objectname) %(*objectname) refs/tags [16ms]
2025-02-03 10:21:20.154 [info] > git config --get commit.template [8ms]
2025-02-03 10:21:20.158 [info] > git status -z -uall [5ms]
2025-02-03 10:21:20.159 [info] > git rev-parse --show-toplevel [10ms]
2025-02-03 10:21:20.166 [info] > git config --get commit.template [8ms]
2025-02-03 10:21:20.167 [info] > git for-each-ref --format %(refname) %(objectname) %(*objectname) refs/tags [4ms]
2025-02-03 10:21:20.174 [info] > git status -z -uall [3ms]
2025-02-03 10:21:20.175 [info] > git rev-parse --show-toplevel [10ms]
2025-02-03 10:21:20.183 [info] > git for-each-ref --format %(refname) %(objectname) %(*objectname) refs/tags [9ms]
2025-02-03 10:21:20.188 [info] > git rev-parse --git-dir --git-common-dir [5ms]
2025-02-03 10:21:20.189 [info] [Model][openRepository] Opened repository: /home/sgass/Projects/kepler2/third_party/fast-cpp-csv-parser
2025-02-03 10:21:20.190 [info] > git config --get commit.template [10ms]
2025-02-03 10:21:20.205 [info] > git status -z -uall [18ms]
2025-02-03 10:21:20.209 [info] > git rev-parse --show-toplevel [4ms]
2025-02-03 10:21:20.209 [info] > git config --get commit.template [7ms]
2025-02-03 10:21:20.214 [info] > git for-each-ref --format %(refname) %(objectname) %(*objectname) refs/tags [6ms]
2025-02-03 10:21:20.219 [info] > git for-each-ref --format %(refname) %(objectname) %(*objectname) refs/tags [5ms]
2025-02-03 10:21:20.220 [info] > git rev-parse --git-dir --git-common-dir [8ms]
2025-02-03 10:21:20.222 [info] [Model][openRepository] Opened repository: /home/sgass/Projects/kepler2/hdl/verilog-axis
2025-02-03 10:21:20.233 [info] > git status -z -uall [15ms]
2025-02-03 10:21:20.233 [info] > git status -z -uall [7ms]
2025-02-03 10:21:20.235 [info] > git rev-parse --show-toplevel [3ms]
2025-02-03 10:21:20.235 [info] > git config --get commit.template [6ms]
2025-02-03 10:21:20.255 [info] > git config --get commit.template [7ms]
2025-02-03 10:21:20.256 [info] > git rev-parse --git-dir --git-common-dir [11ms]
2025-02-03 10:21:20.257 [info] [Model][openRepository] Opened repository: /home/sgass/Projects/kepler2/hdl/verilog-ethernet
2025-02-03 10:21:20.264 [info] > git for-each-ref --format %(refname) %(objectname) %(*objectname) refs/tags [9ms]
2025-02-03 10:21:20.271 [info] > git config --get commit.template [10ms]
2025-02-03 10:21:20.272 [info] > git status -z -uall [5ms]
2025-02-03 10:21:20.272 [info] > git for-each-ref --format %(refname) %(objectname) %(*objectname) refs/tags [2ms]
2025-02-03 10:21:20.273 [info] > git rev-parse --show-toplevel [10ms]
2025-02-03 10:21:20.289 [info] > git status -z -uall [12ms]
2025-02-03 10:21:20.289 [info] > git rev-parse --git-dir --git-common-dir [2ms]
2025-02-03 10:21:20.292 [info] [Model][openRepository] Opened repository: /home/sgass/Projects/kepler2/third_party/vext.soapysdr
2025-02-03 10:21:20.292 [info] > git config --get commit.template [8ms]
2025-02-03 10:21:20.292 [info] > git for-each-ref --format %(refname) %(objectname) %(*objectname) refs/tags [11ms]
2025-02-03 10:21:20.308 [info] > git status -z -uall [10ms]
2025-02-03 10:21:20.308 [info] > git rev-parse --show-toplevel [4ms]
2025-02-03 10:21:20.308 [info] > git config --get commit.template [7ms]
2025-02-03 10:21:20.319 [info] > git for-each-ref --format %(refname) %(objectname) %(*objectname) refs/tags [11ms]
2025-02-03 10:21:20.325 [info] > git config --get commit.template [7ms]
2025-02-03 10:21:20.325 [info] > git rev-parse --git-dir --git-common-dir [11ms]
2025-02-03 10:21:20.326 [info] [Model][openRepository] Opened repository: /home/sgass/Projects/kepler2/third_party/STM32CubeL1
2025-02-03 10:21:20.333 [info] > git status -z -uall [9ms]
2025-02-03 10:21:20.334 [info] > git for-each-ref --format %(refname) %(objectname) %(*objectname) refs/tags [12ms]
2025-02-03 10:21:20.340 [info] > git status -z -uall [3ms]
2025-02-03 10:21:20.340 [info] > git rev-parse --show-toplevel [7ms]
2025-02-03 10:21:20.340 [info] > git config --get commit.template [9ms]
2025-02-03 10:21:20.344 [info] > git for-each-ref --format %(refname) %(objectname) %(*objectname) refs/tags [5ms]
2025-02-03 10:21:20.355 [info] > git rev-parse --git-dir --git-common-dir [12ms]
2025-02-03 10:21:20.358 [info] [Model][openRepository] Opened repository: /home/sgass/Projects/kepler2/ansible/kubespray
2025-02-03 10:21:20.364 [info] > git status -z -uall [15ms]
2025-02-03 10:21:20.364 [info] > git config --get commit.template [11ms]
2025-02-03 10:21:20.364 [info] > git for-each-ref --format %(refname) %(objectname) %(*objectname) refs/tags [14ms]
2025-02-03 10:21:20.370 [info] > git config --get commit.template [7ms]
2025-02-03 10:21:20.385 [info] > git for-each-ref --format %(refname) %(objectname) %(*objectname) refs/tags [11ms]
2025-02-03 10:21:20.389 [info] > git for-each-ref --format %(refname) %(objectname) %(*objectname) refs/tags [10ms]
2025-02-03 10:21:20.393 [info] > git status -z -uall [23ms]
2025-02-03 10:21:20.393 [info] > git status -z -uall [5ms]
2025-02-03 10:21:20.402 [info] > git status -z -uall [10ms]
2025-02-03 10:21:20.403 [info] > git config --get commit.template [5ms]
2025-02-03 10:21:20.406 [info] > git for-each-ref --format %(refname) %(objectname) %(*objectname) refs/tags [4ms]
2025-02-03 10:21:20.407 [info] > git config --get commit.template [1ms]
2025-02-03 10:21:20.413 [info] > git for-each-ref --format %(refname) %(objectname) %(*objectname) refs/tags [4ms]
2025-02-03 10:21:20.424 [info] > git status -z -uall [8ms]
2025-02-03 10:21:20.432 [info] > git status -z -uall [20ms]
2025-02-03 10:21:20.627 [info] > git check-ignore -v -z --stdin [10ms]
2025-02-03 10:21:30.699 [info] > git show --textconv :hdl/rtl/p4_router/p4_router.sv [12ms]
2025-02-03 10:21:30.707 [info] > git ls-files --stage -- /home/sgass/Projects/kepler2/hdl/rtl/p4_router/p4_router.sv [12ms]
2025-02-03 10:21:30.716 [info] > git cat-file -s a357304d766dfa34dcf8211fe1ea94fe6a96ab56 [2ms]
2025-02-03 10:21:30.954 [info] > git check-ignore -v -z --stdin [17ms]
2025-02-03 10:22:37.504 [info] > git show --textconv :hdl/sim/p4_router/p4_router_top_tb.sv [12ms]
2025-02-03 10:22:37.509 [info] > git ls-files --stage -- /home/sgass/Projects/kepler2/hdl/sim/p4_router/p4_router_top_tb.sv [10ms]
2025-02-03 10:22:37.522 [info] > git cat-file -s cd7469fd0ddaf6b9fffcc9ac9d8d3c5ef3fb95fe [4ms]
2025-02-03 10:22:37.775 [info] > git check-ignore -v -z --stdin [12ms]
