2025-03-10 10:48:16.112 [info] mshr-h.veriloghdl is now active.
2025-03-10 10:48:16.112 [info] [ExtensionManager] previousVersion: "1.16.0", currentVersion: "1.16.0"
2025-03-10 10:48:16.112 [info] ctags manager configure
2025-03-10 10:48:16.112 [warning] [LintManager] Invalid linter name: none
2025-03-10 10:48:16.112 [info] mshr-h.veriloghdl activation finished.
2025-03-10 10:48:16.112 [info] [VerilogDocumentSymbolProvider] [VerilogSymbol] Symbols Requested: file:///home/sgass/Projects/kepler/hdl/rtl/board/pcuecp/board_pcuecp_p4_router_wrapper.sv
2025-03-10 10:48:16.112 [info] indexing "/home/sgass/Projects/kepler/hdl/rtl/board/pcuecp/board_pcuecp_p4_router_wrapper.sv"
2025-03-10 10:48:16.112 [info] executing ctags
2025-03-10 10:48:16.112 [info] Executing Command: ctags -f - --fields=+K --sort=no --excmd=n --fields-SystemVerilog=+{parameter} "/home/sgass/Projects/kepler/hdl/rtl/board/pcuecp/board_pcuecp_p4_router_wrapper.sv"
2025-03-10 10:48:16.112 [info] [VerilogDocumentSymbolProvider] [VerilogSymbol] Symbols Requested: file:///home/sgass/Projects/kepler/hdl/rtl/board/pcuecp/board_pcuecp_p4_router_wrapper.sv
2025-03-10 10:48:16.112 [info] indexing "/home/sgass/Projects/kepler/hdl/rtl/board/pcuecp/board_pcuecp_p4_router_wrapper.sv"
2025-03-10 10:48:16.112 [info] executing ctags
2025-03-10 10:48:16.112 [info] Executing Command: ctags -f - --fields=+K --sort=no --excmd=n --fields-SystemVerilog=+{parameter} "/home/sgass/Projects/kepler/hdl/rtl/board/pcuecp/board_pcuecp_p4_router_wrapper.sv"
2025-03-10 10:48:16.112 [info] building symbols
2025-03-10 10:48:16.112 [info] [VerilogDocumentSymbolProvider] 1 top-level symbols returned
2025-03-10 10:48:16.112 [info] [VerilogDocumentSymbolProvider] 1 top-level symbols returned
2025-03-10 10:48:17.725 [info] [VerilogHoverProvider] Hover requested
2025-03-10 10:48:18.841 [info] [VerilogHoverProvider] Hover requested
2025-03-10 10:48:19.179 [info] [VerilogHoverProvider] Hover requested
2025-03-10 10:48:19.248 [warning] [VerilogHoverProvider] Hover object not found
2025-03-10 10:48:19.551 [warning] [VerilogHoverProvider] Hover object not found
2025-03-10 10:48:19.924 [info] [VerilogHoverProvider] Hover requested
2025-03-10 10:48:20.255 [info] [VerilogHoverProvider] Hover requested
2025-03-10 10:48:20.457 [warning] [VerilogHoverProvider] Hover object not found
2025-03-10 10:48:20.655 [info] [VerilogHoverProvider] Hover requested
2025-03-10 10:48:20.975 [warning] [VerilogHoverProvider] Hover object not found
2025-03-10 10:48:21.089 [info] [VerilogHoverProvider] Hover requested
2025-03-10 10:48:23.592 [info] [VerilogHoverProvider] Hover requested
2025-03-10 10:48:24.136 [info] [VerilogDocumentSymbolProvider] [VerilogSymbol] Symbols Requested: file:///home/sgass/Projects/kepler/hdl/rtl/board/pcuecp/board_pcuecp_p4_router_wrapper.sv
2025-03-10 10:48:24.137 [info] [VerilogDocumentSymbolProvider] 1 top-level symbols returned
2025-03-10 10:48:24.408 [info] [VerilogHoverProvider] Hover requested
2025-03-10 10:48:27.416 [info] [VerilogDocumentSymbolProvider] [VerilogSymbol] Symbols Requested: file:///home/sgass/Projects/kepler/hdl/rtl/board/pcuecp/board_pcuecp_p4_router_wrapper.sv
2025-03-10 10:48:27.416 [info] [VerilogDocumentSymbolProvider] 1 top-level symbols returned
2025-03-10 10:48:27.937 [info] [VerilogCompletionItemProvider] Completion items requested
2025-03-10 10:48:27.938 [info] [VerilogCompletionItemProvider] 25 items requested
2025-03-10 10:48:28.272 [info] [VerilogDocumentSymbolProvider] [VerilogSymbol] Symbols Requested: file:///home/sgass/Projects/kepler/hdl/rtl/board/pcuecp/board_pcuecp_p4_router_wrapper.sv
2025-03-10 10:48:28.273 [info] [VerilogDocumentSymbolProvider] 1 top-level symbols returned
2025-03-10 10:48:31.991 [info] [VerilogHoverProvider] Hover requested
2025-03-10 10:48:32.338 [info] [VerilogHoverProvider] Hover requested
2025-03-10 10:48:33.987 [info] [VerilogHoverProvider] Hover requested
2025-03-10 10:48:34.421 [warning] [VerilogHoverProvider] Hover object not found
2025-03-10 10:48:34.776 [info] [VerilogDocumentSymbolProvider] [VerilogSymbol] Symbols Requested: file:///home/sgass/Projects/kepler/hdl/rtl/board/pcuecp/board_pcuecp_p4_router_wrapper.sv
2025-03-10 10:48:34.776 [info] [VerilogDocumentSymbolProvider] 1 top-level symbols returned
2025-03-10 10:48:37.784 [info] [VerilogDocumentSymbolProvider] [VerilogSymbol] Symbols Requested: file:///home/sgass/Projects/kepler/hdl/rtl/board/pcuecp/board_pcuecp_p4_router_wrapper.sv
2025-03-10 10:48:37.785 [info] [VerilogDocumentSymbolProvider] 1 top-level symbols returned
2025-03-10 10:48:41.294 [info] [VerilogDocumentSymbolProvider] [VerilogSymbol] Symbols Requested: file:///home/sgass/Projects/kepler/hdl/rtl/board/pcuecp/board_pcuecp_p4_router_wrapper.sv
2025-03-10 10:48:41.294 [info] [VerilogDocumentSymbolProvider] 1 top-level symbols returned
2025-03-10 10:48:42.753 [info] [VerilogHoverProvider] Hover requested
2025-03-10 10:49:03.514 [info] [VerilogDocumentSymbolProvider] [VerilogSymbol] Symbols Requested: file:///home/sgass/Projects/kepler/hdl/rtl/board/pcuecp/board_pcuecp_p4_router_wrapper.sv
2025-03-10 10:49:03.515 [info] [VerilogDocumentSymbolProvider] 1 top-level symbols returned
2025-03-10 10:49:04.375 [info] [VerilogHoverProvider] Hover requested
2025-03-10 10:49:06.670 [info] [VerilogDocumentSymbolProvider] [VerilogSymbol] Symbols Requested: file:///home/sgass/Projects/kepler/hdl/rtl/board/pcuecp/board_pcuecp_p4_router_wrapper.sv
2025-03-10 10:49:06.671 [info] [VerilogDocumentSymbolProvider] 1 top-level symbols returned
2025-03-10 10:49:07.245 [info] [VerilogDocumentSymbolProvider] [VerilogSymbol] Symbols Requested: file:///home/sgass/Projects/kepler/hdl/rtl/board/pcuecp/board_pcuecp_p4_router_wrapper.sv
2025-03-10 10:49:07.245 [info] [VerilogDocumentSymbolProvider] 1 top-level symbols returned
2025-03-10 10:49:08.630 [info] [VerilogDocumentSymbolProvider] [VerilogSymbol] Symbols Requested: file:///home/sgass/Projects/kepler/hdl/rtl/board/pcuecp/board_pcuecp_p4_router_wrapper.sv
2025-03-10 10:49:08.630 [info] [VerilogDocumentSymbolProvider] 1 top-level symbols returned
2025-03-10 10:49:09.325 [info] on save
2025-03-10 10:49:37.196 [info] [VerilogHoverProvider] Hover requested
2025-03-10 10:49:37.196 [info] indexing "/home/sgass/Projects/kepler/hdl/rtl/board/pcuecp/board_pcuecp_p4_router_wrapper.sv"
2025-03-10 10:49:37.196 [info] executing ctags
2025-03-10 10:49:37.196 [info] Executing Command: ctags -f - --fields=+K --sort=no --excmd=n --fields-SystemVerilog=+{parameter} "/home/sgass/Projects/kepler/hdl/rtl/board/pcuecp/board_pcuecp_p4_router_wrapper.sv"
2025-03-10 10:49:37.207 [info] building symbols
2025-03-10 10:49:37.595 [warning] [VerilogHoverProvider] Hover object not found
2025-03-10 10:49:39.057 [info] [VerilogHoverProvider] Hover requested
2025-03-10 10:49:39.342 [info] [VerilogHoverProvider] Hover requested
2025-03-10 10:49:39.456 [warning] [VerilogHoverProvider] Hover object not found
2025-03-10 10:49:39.738 [warning] [VerilogHoverProvider] Hover object not found
2025-03-10 10:50:19.078 [info] [VerilogHoverProvider] Hover requested
2025-03-10 10:50:19.258 [info] [VerilogHoverProvider] Hover requested
2025-03-10 10:50:19.495 [warning] [VerilogHoverProvider] Hover object not found
2025-03-10 10:50:19.661 [warning] [VerilogHoverProvider] Hover object not found
2025-03-10 10:50:19.807 [info] [VerilogHoverProvider] Hover requested
2025-03-10 10:50:21.079 [info] [VerilogDocumentSymbolProvider] [VerilogSymbol] Symbols Requested: file:///home/sgass/Projects/kepler/hdl/rtl/board/pcuecp/board_pcuecp_p4_router_wrapper.sv
2025-03-10 10:50:21.080 [info] [VerilogDocumentSymbolProvider] 1 top-level symbols returned
2025-03-10 10:50:21.992 [info] [VerilogHoverProvider] Hover requested
2025-03-10 10:50:25.488 [info] [VerilogHoverProvider] Hover requested
2025-03-10 10:50:25.893 [warning] [VerilogHoverProvider] Hover object not found
2025-03-10 10:50:26.152 [info] [VerilogHoverProvider] Hover requested
2025-03-10 10:50:27.927 [info] [VerilogDocumentSymbolProvider] [VerilogSymbol] Symbols Requested: file:///home/sgass/Projects/kepler/hdl/rtl/board/pcuecp/board_pcuecp_p4_router_wrapper.sv
2025-03-10 10:50:27.927 [info] [VerilogDocumentSymbolProvider] 1 top-level symbols returned
2025-03-10 10:50:57.011 [info] [VerilogHoverProvider] Hover requested
2025-03-10 10:50:57.294 [info] [VerilogHoverProvider] Hover requested
2025-03-10 10:50:58.294 [info] on save
2025-03-10 10:51:11.161 [info] [VerilogHoverProvider] Hover requested
2025-03-10 10:51:11.495 [info] [VerilogHoverProvider] Hover requested
2025-03-10 10:51:12.407 [info] [VerilogDefinitionProvider] Definitions Requested: file:///home/sgass/Projects/kepler/hdl/rtl/board/pcuecp/board_pcuecp_p4_router_wrapper.sv
2025-03-10 10:51:12.407 [info] indexing "/home/sgass/Projects/kepler/hdl/rtl/board/pcuecp/board_pcuecp_p4_router_wrapper.sv"
2025-03-10 10:51:12.407 [info] executing ctags
2025-03-10 10:51:12.407 [info] Executing Command: ctags -f - --fields=+K --sort=no --excmd=n --fields-SystemVerilog=+{parameter} "/home/sgass/Projects/kepler/hdl/rtl/board/pcuecp/board_pcuecp_p4_router_wrapper.sv"
2025-03-10 10:51:12.417 [info] building symbols
2025-03-10 10:51:12.487 [info] [VerilogDocumentSymbolProvider] [VerilogSymbol] Symbols Requested: file:///home/sgass/Projects/kepler/hdl/rtl/board/pcuecp/board_pcuecp_p4_router_wrapper.sv
2025-03-10 10:51:12.488 [info] [VerilogDocumentSymbolProvider] 1 top-level symbols returned
2025-03-10 10:51:12.548 [info] [VerilogHoverProvider] Hover requested
2025-03-10 10:51:12.821 [info] [VerilogDefinitionProvider] 0 definitions returned
2025-03-10 10:51:12.949 [warning] [VerilogHoverProvider] Hover object not found
2025-03-10 10:51:13.346 [info] [VerilogDocumentSymbolProvider] [VerilogSymbol] Symbols Requested: file:///home/sgass/Projects/kepler/hdl/rtl/board/pcuecp/board_pcuecp_p4_router_wrapper.sv
2025-03-10 10:51:13.347 [info] [VerilogDocumentSymbolProvider] 1 top-level symbols returned
2025-03-10 10:51:14.778 [info] [VerilogHoverProvider] Hover requested
2025-03-10 10:51:15.236 [info] on save
2025-03-10 10:51:15.589 [info] [VerilogHoverProvider] Hover requested
2025-03-10 10:51:15.973 [info] [VerilogHoverProvider] Hover requested
2025-03-10 10:51:24.605 [info] Deactivated
2025-03-10 10:51:51.202 [info] mshr-h.veriloghdl is now active.
2025-03-10 10:51:51.202 [info] [ExtensionManager] previousVersion: "1.16.0", currentVersion: "1.16.0"
2025-03-10 10:51:51.202 [info] ctags manager configure
2025-03-10 10:51:51.202 [warning] [LintManager] Invalid linter name: none
2025-03-10 10:51:51.202 [info] mshr-h.veriloghdl activation finished.
2025-03-10 10:51:51.218 [info] [VerilogDocumentSymbolProvider] [VerilogSymbol] Symbols Requested: file:///home/sgass/Projects/kepler3/hdl/rtl/board/pcuecp/board_pcuecp_p4_router_wrapper.sv
2025-03-10 10:51:51.218 [info] indexing "/home/sgass/Projects/kepler3/hdl/rtl/board/pcuecp/board_pcuecp_p4_router_wrapper.sv"
2025-03-10 10:51:51.218 [info] executing ctags
2025-03-10 10:51:51.218 [info] Executing Command: ctags -f - --fields=+K --sort=no --excmd=n --fields-SystemVerilog=+{parameter} "/home/sgass/Projects/kepler3/hdl/rtl/board/pcuecp/board_pcuecp_p4_router_wrapper.sv"
2025-03-10 10:51:51.222 [info] [VerilogDocumentSymbolProvider] [VerilogSymbol] Symbols Requested: file:///home/sgass/Projects/kepler3/hdl/rtl/board/pcuecp/board_pcuecp_p4_router_wrapper.sv
2025-03-10 10:51:51.222 [info] indexing "/home/sgass/Projects/kepler3/hdl/rtl/board/pcuecp/board_pcuecp_p4_router_wrapper.sv"
2025-03-10 10:51:51.222 [info] executing ctags
2025-03-10 10:51:51.222 [info] Executing Command: ctags -f - --fields=+K --sort=no --excmd=n --fields-SystemVerilog=+{parameter} "/home/sgass/Projects/kepler3/hdl/rtl/board/pcuecp/board_pcuecp_p4_router_wrapper.sv"
2025-03-10 10:51:51.223 [info] building symbols
2025-03-10 10:51:51.223 [info] [VerilogDocumentSymbolProvider] 1 top-level symbols returned
2025-03-10 10:51:51.228 [info] [VerilogDocumentSymbolProvider] 1 top-level symbols returned
2025-03-10 10:51:55.395 [info] [VerilogHoverProvider] Hover requested
2025-03-10 10:52:03.800 [info] [VerilogDocumentSymbolProvider] [VerilogSymbol] Symbols Requested: file:///home/sgass/Projects/kepler3/hdl/rtl/board/pcuecp/board_pcuecp_p4_router_wrapper.sv
2025-03-10 10:52:03.801 [info] [VerilogDocumentSymbolProvider] 1 top-level symbols returned
2025-03-10 10:52:05.013 [info] on save
2025-03-10 10:52:10.457 [info] [VerilogHoverProvider] Hover requested
2025-03-10 10:52:10.457 [info] indexing "/home/sgass/Projects/kepler3/hdl/rtl/board/pcuecp/board_pcuecp_p4_router_wrapper.sv"
2025-03-10 10:52:10.457 [info] executing ctags
2025-03-10 10:52:10.457 [info] Executing Command: ctags -f - --fields=+K --sort=no --excmd=n --fields-SystemVerilog=+{parameter} "/home/sgass/Projects/kepler3/hdl/rtl/board/pcuecp/board_pcuecp_p4_router_wrapper.sv"
2025-03-10 10:52:10.468 [info] building symbols
2025-03-10 10:52:10.581 [warning] [VerilogHoverProvider] Hover object not found
2025-03-10 10:52:11.099 [info] [VerilogHoverProvider] Hover requested
2025-03-10 10:52:11.216 [warning] [VerilogHoverProvider] Hover object not found
2025-03-10 10:52:12.428 [info] [VerilogDocumentSymbolProvider] [VerilogSymbol] Symbols Requested: file:///home/sgass/Projects/kepler3/hdl/rtl/board/pcuecp/board_pcuecp_p4_router_wrapper.sv
2025-03-10 10:52:12.429 [info] [VerilogDocumentSymbolProvider] 1 top-level symbols returned
2025-03-10 10:52:15.565 [info] [VerilogHoverProvider] Hover requested
2025-03-10 10:52:15.690 [info] [VerilogHoverProvider] Hover object returned
2025-03-10 10:52:17.986 [info] [VerilogDefinitionProvider] Definitions Requested: file:///home/sgass/Projects/kepler3/hdl/rtl/board/pcuecp/board_pcuecp_p4_router_wrapper.sv
2025-03-10 10:52:18.102 [info] [VerilogDefinitionProvider] 1 definitions returned
2025-03-10 10:52:18.170 [info] on save
2025-03-10 10:52:21.780 [info] [VerilogDocumentSymbolProvider] [VerilogSymbol] Symbols Requested: file:///home/sgass/Projects/kepler3/hdl/rtl/board/pcuecp/board_pcuecp_p4_router_wrapper.sv
2025-03-10 10:52:21.780 [info] indexing "/home/sgass/Projects/kepler3/hdl/rtl/board/pcuecp/board_pcuecp_p4_router_wrapper.sv"
2025-03-10 10:52:21.780 [info] executing ctags
2025-03-10 10:52:21.780 [info] Executing Command: ctags -f - --fields=+K --sort=no --excmd=n --fields-SystemVerilog=+{parameter} "/home/sgass/Projects/kepler3/hdl/rtl/board/pcuecp/board_pcuecp_p4_router_wrapper.sv"
2025-03-10 10:52:21.786 [info] building symbols
2025-03-10 10:52:21.786 [info] [VerilogDocumentSymbolProvider] 1 top-level symbols returned
2025-03-10 10:52:22.409 [info] [VerilogDocumentSymbolProvider] [VerilogSymbol] Symbols Requested: file:///home/sgass/Projects/kepler3/hdl/rtl/board/pcuecp/board_pcuecp_p4_router_wrapper.sv
2025-03-10 10:52:22.409 [info] [VerilogDocumentSymbolProvider] 1 top-level symbols returned
2025-03-10 10:52:22.991 [info] on save
2025-03-10 10:55:03.136 [info] [VerilogHoverProvider] Hover requested
2025-03-10 10:55:04.682 [info] [VerilogDocumentSymbolProvider] [VerilogSymbol] Symbols Requested: file:///home/sgass/Projects/kepler3/hdl/rtl/board/pcuecp/board_pcuecp_p4_router_wrapper.sv
2025-03-10 10:55:04.682 [info] indexing "/home/sgass/Projects/kepler3/hdl/rtl/board/pcuecp/board_pcuecp_p4_router_wrapper.sv"
2025-03-10 10:55:04.682 [info] executing ctags
2025-03-10 10:55:04.682 [info] Executing Command: ctags -f - --fields=+K --sort=no --excmd=n --fields-SystemVerilog=+{parameter} "/home/sgass/Projects/kepler3/hdl/rtl/board/pcuecp/board_pcuecp_p4_router_wrapper.sv"
2025-03-10 10:55:04.688 [info] building symbols
2025-03-10 10:55:04.688 [info] [VerilogDocumentSymbolProvider] 1 top-level symbols returned
2025-03-10 10:55:05.419 [info] on save
2025-03-10 10:55:27.653 [info] [VerilogDocumentSymbolProvider] [VerilogSymbol] Symbols Requested: file:///home/sgass/Projects/kepler3/hdl/rtl/board/pcuecp/board_pcuecp_p4_router_wrapper.sv
2025-03-10 10:55:27.653 [info] indexing "/home/sgass/Projects/kepler3/hdl/rtl/board/pcuecp/board_pcuecp_p4_router_wrapper.sv"
2025-03-10 10:55:27.653 [info] executing ctags
2025-03-10 10:55:27.653 [info] Executing Command: ctags -f - --fields=+K --sort=no --excmd=n --fields-SystemVerilog=+{parameter} "/home/sgass/Projects/kepler3/hdl/rtl/board/pcuecp/board_pcuecp_p4_router_wrapper.sv"
2025-03-10 10:55:27.658 [info] building symbols
2025-03-10 10:55:27.658 [info] [VerilogDocumentSymbolProvider] 1 top-level symbols returned
2025-03-10 10:55:28.119 [info] [VerilogDocumentSymbolProvider] [VerilogSymbol] Symbols Requested: file:///home/sgass/Projects/kepler3/hdl/rtl/board/pcuecp/board_pcuecp_p4_router_wrapper.sv
2025-03-10 10:55:28.119 [info] [VerilogDocumentSymbolProvider] 1 top-level symbols returned
2025-03-10 10:55:29.072 [info] on save
2025-03-10 11:07:06.387 [info] [VerilogHoverProvider] Hover requested
2025-03-10 11:07:23.354 [info] [VerilogDocumentSymbolProvider] [VerilogSymbol] Symbols Requested: file:///home/sgass/Projects/kepler3/hdl/rtl/board/pcuecp/board_pcuecp_system.sv
2025-03-10 11:07:23.354 [info] indexing "/home/sgass/Projects/kepler3/hdl/rtl/board/pcuecp/board_pcuecp_system.sv"
2025-03-10 11:07:23.354 [info] executing ctags
2025-03-10 11:07:23.354 [info] Executing Command: ctags -f - --fields=+K --sort=no --excmd=n --fields-SystemVerilog=+{parameter} "/home/sgass/Projects/kepler3/hdl/rtl/board/pcuecp/board_pcuecp_system.sv"
2025-03-10 11:07:23.361 [info] building symbols
2025-03-10 11:07:23.368 [info] [VerilogDocumentSymbolProvider] 2 top-level symbols returned
2025-03-10 11:39:08.972 [info] [VerilogHoverProvider] Hover requested
2025-03-10 11:39:09.114 [info] [VerilogHoverProvider] Hover object returned
2025-03-10 11:39:09.821 [info] [VerilogHoverProvider] Hover requested
2025-03-10 11:39:09.972 [warning] [VerilogHoverProvider] Hover object not found
2025-03-10 11:39:10.129 [info] [VerilogHoverProvider] Hover requested
2025-03-10 11:39:10.304 [warning] [VerilogHoverProvider] Hover object not found
2025-03-10 11:39:11.092 [info] [VerilogHoverProvider] Hover requested
2025-03-10 11:39:14.181 [info] [VerilogHoverProvider] Hover requested
