2025-02-03 10:25:06.263 [info] [main] Log level: Info
2025-02-03 10:25:06.263 [info] [main] Validating found git in: "git"
2025-02-03 10:25:06.263 [info] [main] Using git "2.43.0" from "git"
2025-02-03 10:25:06.263 [info] [Model][doInitialScan] Initial repository scan started
2025-02-03 10:25:06.263 [info] > git rev-parse --show-toplevel [2ms]
2025-02-03 10:25:06.268 [info] > git rev-parse --git-dir --git-common-dir [2ms]
2025-02-03 10:25:06.270 [info] [Model][openRepository] Opened repository: /home/sgass/Projects/kepler2
2025-02-03 10:25:06.277 [info] > git config --get commit.template [3ms]
2025-02-03 10:25:06.281 [info] > git rev-parse --show-toplevel [4ms]
2025-02-03 10:25:06.285 [info] > git for-each-ref --format=%(refname)%00%(upstream:short)%00%(objectname)%00%(upstream:track)%00%(upstream:remotename)%00%(upstream:remoteref) refs/heads/sgass/prod/no-ref/p4_router_top_level refs/remotes/sgass/prod/no-ref/p4_router_top_level [4ms]
2025-02-03 10:25:06.289 [info] > git rev-parse --show-toplevel [5ms]
2025-02-03 10:25:06.326 [info] > git rev-parse --show-toplevel [33ms]
2025-02-03 10:25:06.382 [info] > git rev-parse --show-toplevel [11ms]
2025-02-03 10:25:06.411 [info] > git rev-parse --show-toplevel [10ms]
2025-02-03 10:25:06.417 [info] > git rev-parse --show-toplevel [2ms]
2025-02-03 10:25:06.422 [info] > git rev-parse --show-toplevel [2ms]
2025-02-03 10:25:06.427 [info] > git rev-parse --show-toplevel [1ms]
2025-02-03 10:25:06.434 [info] > git rev-parse --show-toplevel [2ms]
2025-02-03 10:25:06.442 [info] > git rev-parse --show-toplevel [2ms]
2025-02-03 10:25:06.449 [info] > git rev-parse --show-toplevel [2ms]
2025-02-03 10:25:06.455 [info] > git rev-parse --show-toplevel [2ms]
2025-02-03 10:25:06.461 [info] > git rev-parse --show-toplevel [1ms]
2025-02-03 10:25:06.465 [info] > git rev-parse --show-toplevel [1ms]
2025-02-03 10:25:06.469 [info] > git rev-parse --show-toplevel [1ms]
2025-02-03 10:25:06.474 [info] > git rev-parse --show-toplevel [1ms]
2025-02-03 10:25:06.478 [info] > git rev-parse --show-toplevel [1ms]
2025-02-03 10:25:06.488 [info] > git rev-parse --show-toplevel [6ms]
2025-02-03 10:25:06.495 [info] > git rev-parse --show-toplevel [1ms]
2025-02-03 10:25:06.500 [info] > git rev-parse --show-toplevel [1ms]
2025-02-03 10:25:06.506 [info] > git rev-parse --show-toplevel [2ms]
2025-02-03 10:25:06.513 [info] > git rev-parse --show-toplevel [1ms]
2025-02-03 10:25:06.520 [info] > git rev-parse --show-toplevel [1ms]
2025-02-03 10:25:06.526 [info] > git rev-parse --show-toplevel [2ms]
2025-02-03 10:25:06.531 [info] > git rev-parse --show-toplevel [1ms]
2025-02-03 10:25:06.538 [info] > git rev-parse --show-toplevel [0ms]
2025-02-03 10:25:06.544 [info] > git rev-parse --show-toplevel [2ms]
2025-02-03 10:25:06.549 [info] > git rev-parse --show-toplevel [1ms]
2025-02-03 10:25:06.554 [info] > git rev-parse --show-toplevel [1ms]
2025-02-03 10:25:06.556 [info] [Model][doInitialScan] Initial repository scan completed - repositories (1), closed repositories (0), parent repositories (0), unsafe repositories (0)
2025-02-03 10:25:06.730 [info] > git status -z -uall [442ms]
2025-02-03 10:25:06.743 [info] > git for-each-ref --format=%(refname)%00%(upstream:short)%00%(objectname)%00%(upstream:track)%00%(upstream:remotename)%00%(upstream:remoteref) refs/heads/sgass/prod/no-ref/p4_router_top_level refs/remotes/sgass/prod/no-ref/p4_router_top_level [9ms]
2025-02-03 10:25:06.749 [info] > git config --local branch.sgass/prod/no-ref/p4_router_top_level.vscode-merge-base [2ms]
2025-02-03 10:25:06.753 [info] > git config --get commit.template [11ms]
2025-02-03 10:25:06.757 [info] > git for-each-ref --format=%(refname)%00%(upstream:short)%00%(objectname)%00%(upstream:track)%00%(upstream:remotename)%00%(upstream:remoteref) refs/heads/origin/develop refs/remotes/origin/develop [4ms]
2025-02-03 10:25:06.759 [info] > git for-each-ref --format=%(refname)%00%(upstream:short)%00%(objectname)%00%(upstream:track)%00%(upstream:remotename)%00%(upstream:remoteref) refs/heads/sgass/prod/no-ref/p4_router_top_level refs/remotes/sgass/prod/no-ref/p4_router_top_level [3ms]
2025-02-03 10:25:06.893 [info] > git check-ignore -v -z --stdin [8ms]
2025-02-03 10:25:07.151 [info] > git status -z -uall [389ms]
2025-02-03 10:25:07.160 [info] > git for-each-ref --format=%(refname)%00%(upstream:short)%00%(objectname)%00%(upstream:track)%00%(upstream:remotename)%00%(upstream:remoteref) refs/heads/sgass/prod/no-ref/p4_router_top_level refs/remotes/sgass/prod/no-ref/p4_router_top_level [4ms]
2025-02-03 10:25:07.166 [info] > git config --local branch.sgass/prod/no-ref/p4_router_top_level.vscode-merge-base [1ms]
2025-02-03 10:25:07.171 [info] > git for-each-ref --format=%(refname)%00%(upstream:short)%00%(objectname)%00%(upstream:track)%00%(upstream:remotename)%00%(upstream:remoteref) refs/heads/origin/develop refs/remotes/origin/develop [1ms]
2025-02-03 10:25:07.242 [info] > git rev-parse --show-toplevel [1ms]
2025-02-03 10:25:07.246 [info] > git rev-parse --git-dir --git-common-dir [1ms]
2025-02-03 10:25:07.248 [info] [Model][openRepository] Opened repository: /home/sgass/Projects/kepler2/third_party/libhydrogen
2025-02-03 10:25:07.257 [info] > git rev-parse --show-toplevel [3ms]
2025-02-03 10:25:07.257 [info] > git config --get commit.template [5ms]
2025-02-03 10:25:07.265 [info] > git rev-parse --git-dir --git-common-dir [3ms]
2025-02-03 10:25:07.267 [info] [Model][openRepository] Opened repository: /home/sgass/Projects/kepler2/third_party/magic_enum
2025-02-03 10:25:07.275 [info] > git for-each-ref --format %(refname) %(objectname) %(*objectname) refs/tags [10ms]
2025-02-03 10:25:07.280 [info] > git rev-parse --show-toplevel [6ms]
2025-02-03 10:25:07.280 [info] > git config --get commit.template [9ms]
2025-02-03 10:25:07.285 [info] > git status -z -uall [6ms]
2025-02-03 10:25:07.294 [info] > git rev-parse --git-dir --git-common-dir [9ms]
2025-02-03 10:25:07.296 [info] [Model][openRepository] Opened repository: /home/sgass/Projects/kepler2/third_party/googletest
2025-02-03 10:25:07.304 [info] > git config --get commit.template [10ms]
2025-02-03 10:25:07.304 [info] > git for-each-ref --format %(refname) %(objectname) %(*objectname) refs/tags [14ms]
2025-02-03 10:25:07.317 [info] > git show --textconv :hdl/sim/p4_router/p4_router_top_tb.sv [10ms]
2025-02-03 10:25:07.317 [info] > git rev-parse --show-toplevel [14ms]
2025-02-03 10:25:07.317 [info] > git config --get commit.template [16ms]
2025-02-03 10:25:07.328 [info] > git status -z -uall [11ms]
2025-02-03 10:25:07.330 [info] > git ls-files --stage -- /home/sgass/Projects/kepler2/hdl/sim/p4_router/p4_router_top_tb.sv [19ms]
2025-02-03 10:25:07.339 [info] > git rev-parse --show-toplevel [12ms]
2025-02-03 10:25:07.339 [info] > git for-each-ref --format %(refname) %(objectname) %(*objectname) refs/tags [16ms]
2025-02-03 10:25:07.346 [info] > git status -z -uall [3ms]
2025-02-03 10:25:07.346 [info] > git for-each-ref --format %(refname) %(objectname) %(*objectname) refs/tags [10ms]
2025-02-03 10:25:07.346 [info] > git cat-file -s cd7469fd0ddaf6b9fffcc9ac9d8d3c5ef3fb95fe [13ms]
2025-02-03 10:25:07.350 [info] > git rev-parse --git-dir --git-common-dir [4ms]
2025-02-03 10:25:07.352 [info] [Model][openRepository] Opened repository: /home/sgass/Projects/kepler2/third_party/fast-cpp-csv-parser
2025-02-03 10:25:07.352 [info] > git config --get commit.template [13ms]
2025-02-03 10:25:07.368 [info] > git status -z -uall [19ms]
2025-02-03 10:25:07.374 [info] > git rev-parse --show-toplevel [6ms]
2025-02-03 10:25:07.374 [info] > git config --get commit.template [8ms]
2025-02-03 10:25:07.374 [info] > git for-each-ref --format %(refname) %(objectname) %(*objectname) refs/tags [11ms]
2025-02-03 10:25:07.387 [info] > git config --get commit.template [14ms]
2025-02-03 10:25:07.395 [info] > git rev-parse --git-dir --git-common-dir [9ms]
2025-02-03 10:25:07.397 [info] [Model][openRepository] Opened repository: /home/sgass/Projects/kepler2/hdl/verilog-axis
2025-02-03 10:25:07.408 [info] > git status -z -uall [14ms]
2025-02-03 10:25:07.409 [info] > git for-each-ref --format %(refname) %(objectname) %(*objectname) refs/tags [18ms]
2025-02-03 10:25:07.413 [info] > git rev-parse --show-toplevel [6ms]
2025-02-03 10:25:07.413 [info] > git config --get commit.template [9ms]
2025-02-03 10:25:07.413 [info] > git for-each-ref --format %(refname) %(objectname) %(*objectname) refs/tags [12ms]
2025-02-03 10:25:07.428 [info] > git status -z -uall [16ms]
2025-02-03 10:25:07.429 [info] > git status -z -uall [9ms]
2025-02-03 10:25:07.429 [info] > git rev-parse --git-dir --git-common-dir [7ms]
2025-02-03 10:25:07.430 [info] [Model][openRepository] Opened repository: /home/sgass/Projects/kepler2/hdl/verilog-ethernet
2025-02-03 10:25:07.441 [info] > git for-each-ref --format %(refname) %(objectname) %(*objectname) refs/tags [13ms]
2025-02-03 10:25:07.447 [info] > git status -z -uall [2ms]
2025-02-03 10:25:07.447 [info] > git config --get commit.template [6ms]
2025-02-03 10:25:07.447 [info] > git rev-parse --show-toplevel [8ms]
2025-02-03 10:25:07.447 [info] > git config --get commit.template [11ms]
2025-02-03 10:25:07.463 [info] > git rev-parse --git-dir --git-common-dir [12ms]
2025-02-03 10:25:07.465 [info] [Model][openRepository] Opened repository: /home/sgass/Projects/kepler2/third_party/vext.soapysdr
2025-02-03 10:25:07.471 [info] > git config --get commit.template [9ms]
2025-02-03 10:25:07.471 [info] > git for-each-ref --format %(refname) %(objectname) %(*objectname) refs/tags [12ms]
2025-02-03 10:25:07.471 [info] > git for-each-ref --format %(refname) %(objectname) %(*objectname) refs/tags [15ms]
2025-02-03 10:25:07.477 [info] > git status -z -uall [3ms]
2025-02-03 10:25:07.477 [info] > git rev-parse --show-toplevel [7ms]
2025-02-03 10:25:07.478 [info] > git config --get commit.template [10ms]
2025-02-03 10:25:07.487 [info] > git status -z -uall [10ms]
2025-02-03 10:25:07.487 [info] > git rev-parse --git-dir --git-common-dir [3ms]
2025-02-03 10:25:07.489 [info] [Model][openRepository] Opened repository: /home/sgass/Projects/kepler2/third_party/STM32CubeL1
2025-02-03 10:25:07.489 [info] > git for-each-ref --format %(refname) %(objectname) %(*objectname) refs/tags [7ms]
2025-02-03 10:25:07.501 [info] > git status -z -uall [7ms]
2025-02-03 10:25:07.501 [info] > git for-each-ref --format %(refname) %(objectname) %(*objectname) refs/tags [14ms]
2025-02-03 10:25:07.505 [info] > git config --get commit.template [4ms]
2025-02-03 10:25:07.505 [info] > git rev-parse --show-toplevel [6ms]
2025-02-03 10:25:07.505 [info] > git config --get commit.template [9ms]
2025-02-03 10:25:07.511 [info] > git status -z -uall [6ms]
2025-02-03 10:25:07.520 [info] > git rev-parse --git-dir --git-common-dir [10ms]
2025-02-03 10:25:07.521 [info] [Model][openRepository] Opened repository: /home/sgass/Projects/kepler2/ansible/kubespray
2025-02-03 10:25:07.525 [info] > git config --get commit.template [6ms]
2025-02-03 10:25:07.525 [info] > git for-each-ref --format %(refname) %(objectname) %(*objectname) refs/tags [8ms]
2025-02-03 10:25:07.525 [info] > git for-each-ref --format %(refname) %(objectname) %(*objectname) refs/tags [10ms]
2025-02-03 10:25:07.533 [info] > git status -z -uall [4ms]
2025-02-03 10:25:07.533 [info] > git config --get commit.template [9ms]
2025-02-03 10:25:07.547 [info] > git for-each-ref --format %(refname) %(objectname) %(*objectname) refs/tags [10ms]
2025-02-03 10:25:07.551 [info] > git for-each-ref --format %(refname) %(objectname) %(*objectname) refs/tags [7ms]
2025-02-03 10:25:07.555 [info] > git status -z -uall [22ms]
2025-02-03 10:25:07.555 [info] > git status -z -uall [5ms]
2025-02-03 10:25:07.562 [info] > git status -z -uall [8ms]
2025-02-03 10:25:07.566 [info] > git config --get commit.template [4ms]
2025-02-03 10:25:07.570 [info] > git config --get commit.template [4ms]
2025-02-03 10:25:07.574 [info] > git for-each-ref --format %(refname) %(objectname) %(*objectname) refs/tags [5ms]
2025-02-03 10:25:07.579 [info] > git for-each-ref --format %(refname) %(objectname) %(*objectname) refs/tags [5ms]
2025-02-03 10:25:07.589 [info] > git status -z -uall [7ms]
2025-02-03 10:25:07.601 [info] > git status -z -uall [24ms]
2025-02-03 10:25:07.825 [info] > git check-ignore -v -z --stdin [9ms]
2025-02-03 10:25:08.598 [info] > git show --textconv :hdl/rtl/p4_router/p4_router_vnp4_frr_t1_ecp_pkg.sv [8ms]
2025-02-03 10:25:08.601 [info] > git ls-files --stage -- /home/sgass/Projects/kepler2/hdl/rtl/p4_router/p4_router_vnp4_frr_t1_ecp_pkg.sv [6ms]
2025-02-03 10:25:08.618 [info] > git cat-file -s 72ca5937e92362a9255536815bf955652e075c1d [14ms]
2025-02-03 10:25:08.879 [info] > git check-ignore -v -z --stdin [8ms]
