2024-07-08 16:12:15.228 [info] Log level: Info
2024-07-08 16:12:15.229 [info] Validating found git in: "git"
2024-07-08 16:12:15.229 [info] Using git "2.34.1" from "git"
2024-07-08 16:12:15.229 [info] > git rev-parse --show-toplevel [30ms]
2024-07-08 16:12:15.229 [info] > git rev-parse --git-dir --git-common-dir [22ms]
2024-07-08 16:12:15.229 [info] Open repository: /home/sgass/Projects/kepler
2024-07-08 16:12:15.229 [info] > git config --get commit.template [9ms]
2024-07-08 16:12:15.231 [info] > git rev-parse --show-toplevel [8ms]
2024-07-08 16:12:15.255 [info] > git rev-parse --show-toplevel [10ms]
2024-07-08 16:12:15.255 [info] > git for-each-ref --format=%(refname)%00%(upstream:short)%00%(objectname)%00%(upstream:track)%00%(upstream:remotename)%00%(upstream:remoteref) refs/heads/sgass/prod/no-ref/p4_router_top refs/remotes/sgass/prod/no-ref/p4_router_top [17ms]
2024-07-08 16:12:15.281 [info] > git rev-parse --show-toplevel [11ms]
2024-07-08 16:12:15.303 [info] > git rev-parse --show-toplevel [14ms]
2024-07-08 16:12:15.316 [info] > git rev-parse --show-toplevel [4ms]
2024-07-08 16:12:15.327 [info] > git rev-parse --show-toplevel [3ms]
2024-07-08 16:12:15.339 [info] > git rev-parse --show-toplevel [4ms]
2024-07-08 16:12:15.351 [info] > git rev-parse --show-toplevel [4ms]
2024-07-08 16:12:15.364 [info] > git rev-parse --show-toplevel [4ms]
2024-07-08 16:12:15.388 [info] > git rev-parse --show-toplevel [15ms]
2024-07-08 16:12:15.401 [info] > git rev-parse --show-toplevel [3ms]
2024-07-08 16:12:15.414 [info] > git rev-parse --show-toplevel [4ms]
2024-07-08 16:12:15.425 [info] > git rev-parse --show-toplevel [3ms]
2024-07-08 16:12:15.439 [info] > git rev-parse --show-toplevel [5ms]
2024-07-08 16:12:15.452 [info] > git rev-parse --show-toplevel [3ms]
2024-07-08 16:12:15.463 [info] > git rev-parse --show-toplevel [4ms]
2024-07-08 16:12:15.474 [info] > git rev-parse --show-toplevel [3ms]
2024-07-08 16:12:15.486 [info] > git rev-parse --show-toplevel [4ms]
2024-07-08 16:12:15.499 [info] > git rev-parse --show-toplevel [4ms]
2024-07-08 16:12:15.514 [info] > git rev-parse --show-toplevel [5ms]
2024-07-08 16:12:15.525 [info] > git rev-parse --show-toplevel [3ms]
2024-07-08 16:12:15.536 [info] > git rev-parse --show-toplevel [4ms]
2024-07-08 16:12:15.547 [info] > git rev-parse --show-toplevel [3ms]
2024-07-08 16:12:15.560 [info] > git rev-parse --show-toplevel [4ms]
2024-07-08 16:12:15.571 [info] > git rev-parse --show-toplevel [3ms]
2024-07-08 16:12:15.581 [info] > git rev-parse --show-toplevel [3ms]
2024-07-08 16:12:15.590 [info] > git rev-parse --show-toplevel [3ms]
2024-07-08 16:12:15.600 [info] > git rev-parse --show-toplevel [3ms]
2024-07-08 16:12:15.610 [info] > git rev-parse --show-toplevel [3ms]
2024-07-08 16:12:15.622 [info] > git rev-parse --show-toplevel [4ms]
2024-07-08 16:12:15.633 [info] > git rev-parse --show-toplevel [4ms]
2024-07-08 16:12:15.645 [info] > git rev-parse --show-toplevel [3ms]
2024-07-08 16:12:15.655 [info] > git rev-parse --show-toplevel [3ms]
2024-07-08 16:12:15.664 [info] > git rev-parse --show-toplevel [3ms]
2024-07-08 16:12:15.674 [info] > git rev-parse --show-toplevel [3ms]
2024-07-08 16:12:15.849 [info] > git check-ignore -v -z --stdin [61ms]
2024-07-08 16:12:16.054 [info] > git show --textconv :hdl/vivado/workspace/vitis_net_p4_2_ex/vitis_net_p4_2_ex.ip_user_files/ip/vitis_net_p4_2/src/verilog/vitis_net_p4_2_pkg.sv [19ms]
2024-07-08 16:12:16.054 [info] > git ls-files --stage -- /home/sgass/Projects/kepler/hdl/vivado/workspace/vitis_net_p4_2_ex/vitis_net_p4_2_ex.ip_user_files/ip/vitis_net_p4_2/src/verilog/vitis_net_p4_2_pkg.sv [11ms]
2024-07-08 16:12:16.558 [info] > git status -z -uall [1295ms]
2024-07-08 16:12:16.571 [info] > git config --get commit.template [4ms]
2024-07-08 16:12:16.572 [info] > git for-each-ref --format=%(refname)%00%(upstream:short)%00%(objectname)%00%(upstream:track)%00%(upstream:remotename)%00%(upstream:remoteref) refs/heads/sgass/prod/no-ref/p4_router_top refs/remotes/sgass/prod/no-ref/p4_router_top [2ms]
2024-07-08 16:12:17.066 [info] > git rev-parse --show-toplevel [2ms]
2024-07-08 16:12:17.071 [info] > git rev-parse --git-dir --git-common-dir [1ms]
2024-07-08 16:12:17.074 [info] Open repository: /home/sgass/Projects/kepler/third_party/libhydrogen
2024-07-08 16:12:17.083 [info] > git config --get commit.template [4ms]
2024-07-08 16:12:17.084 [info] > git rev-parse --show-toplevel [2ms]
2024-07-08 16:12:17.096 [info] > git for-each-ref --format %(refname) %(objectname) %(*objectname) refs/tags [5ms]
2024-07-08 16:12:17.101 [info] > git rev-parse --git-dir --git-common-dir [6ms]
2024-07-08 16:12:17.105 [info] Open repository: /home/sgass/Projects/kepler/third_party/magic_enum
2024-07-08 16:12:17.114 [info] > git status -z -uall [537ms]
2024-07-08 16:12:17.114 [info] > git status -z -uall [13ms]
2024-07-08 16:12:17.127 [info] > git rev-parse --show-toplevel [13ms]
2024-07-08 16:12:17.127 [info] > git config --get commit.template [17ms]
2024-07-08 16:12:17.139 [info] > git config --get commit.template [14ms]
2024-07-08 16:12:17.144 [info] > git rev-parse --git-dir --git-common-dir [5ms]
2024-07-08 16:12:17.147 [info] Open repository: /home/sgass/Projects/kepler/third_party/googletest
2024-07-08 16:12:17.162 [info] > git for-each-ref --format %(refname) %(objectname) %(*objectname) refs/tags [18ms]
2024-07-08 16:12:17.170 [info] > git rev-parse --show-toplevel [10ms]
2024-07-08 16:12:17.170 [info] > git config --get commit.template [14ms]
2024-07-08 16:12:17.170 [info] > git for-each-ref --format %(refname) %(objectname) %(*objectname) refs/tags [19ms]
2024-07-08 16:12:17.180 [info] > git status -z -uall [11ms]
2024-07-08 16:12:17.180 [info] > git status -z -uall [4ms]
2024-07-08 16:12:17.189 [info] > git rev-parse --show-toplevel [10ms]
2024-07-08 16:12:17.194 [info] > git config --get commit.template [5ms]
2024-07-08 16:12:17.195 [info] > git rev-parse --git-dir --git-common-dir [1ms]
2024-07-08 16:12:17.197 [info] Open repository: /home/sgass/Projects/kepler/third_party/fast-cpp-csv-parser
2024-07-08 16:12:17.199 [info] > git for-each-ref --format %(refname) %(objectname) %(*objectname) refs/tags [13ms]
2024-07-08 16:12:17.237 [info] > git status -z -uall [33ms]
2024-07-08 16:12:17.237 [info] > git rev-parse --show-toplevel [19ms]
2024-07-08 16:12:17.237 [info] > git config --get commit.template [24ms]
2024-07-08 16:12:17.237 [info] > git for-each-ref --format %(refname) %(objectname) %(*objectname) refs/tags [28ms]
2024-07-08 16:12:17.284 [info] > git status -z -uall [23ms]
2024-07-08 16:12:17.284 [info] > git config --get commit.template [14ms]
2024-07-08 16:12:17.284 [info] > git rev-parse --git-dir --git-common-dir [18ms]
2024-07-08 16:12:17.287 [info] Open repository: /home/sgass/Projects/kepler/hdl/verilog-axis
2024-07-08 16:12:17.298 [info] > git for-each-ref --format %(refname) %(objectname) %(*objectname) refs/tags [16ms]
2024-07-08 16:12:17.310 [info] > git status -z -uall [6ms]
2024-07-08 16:12:17.311 [info] > git rev-parse --show-toplevel [12ms]
2024-07-08 16:12:17.311 [info] > git config --get commit.template [18ms]
2024-07-08 16:12:17.319 [info] > git for-each-ref --format %(refname) %(objectname) %(*objectname) refs/tags [11ms]
2024-07-08 16:12:17.334 [info] > git status -z -uall [8ms]
2024-07-08 16:12:17.334 [info] > git rev-parse --git-dir --git-common-dir [16ms]
2024-07-08 16:12:17.336 [info] Open repository: /home/sgass/Projects/kepler/hdl/verilog-ethernet
2024-07-08 16:12:17.351 [info] > git config --get commit.template [17ms]
2024-07-08 16:12:17.352 [info] > git for-each-ref --format %(refname) %(objectname) %(*objectname) refs/tags [22ms]
2024-07-08 16:12:17.363 [info] > git rev-parse --show-toplevel [13ms]
2024-07-08 16:12:17.363 [info] > git config --get commit.template [19ms]
2024-07-08 16:12:17.382 [info] > git status -z -uall [21ms]
2024-07-08 16:12:17.382 [info] > git rev-parse --git-dir --git-common-dir [9ms]
2024-07-08 16:12:17.384 [info] Open repository: /home/sgass/Projects/kepler/third_party/vext.soapysdr
2024-07-08 16:12:17.385 [info] > git for-each-ref --format %(refname) %(objectname) %(*objectname) refs/tags [17ms]
2024-07-08 16:12:17.404 [info] > git status -z -uall [13ms]
2024-07-08 16:12:17.404 [info] > git for-each-ref --format %(refname) %(objectname) %(*objectname) refs/tags [23ms]
2024-07-08 16:12:17.411 [info] > git config --get commit.template [7ms]
2024-07-08 16:12:17.411 [info] > git rev-parse --show-toplevel [13ms]
2024-07-08 16:12:17.411 [info] > git config --get commit.template [17ms]
2024-07-08 16:12:17.436 [info] > git status -z -uall [26ms]
2024-07-08 16:12:17.436 [info] > git rev-parse --git-dir --git-common-dir [13ms]
2024-07-08 16:12:17.438 [info] Open repository: /home/sgass/Projects/kepler/third_party/STM32CubeL1
2024-07-08 16:12:17.457 [info] > git for-each-ref --format %(refname) %(objectname) %(*objectname) refs/tags [23ms]
2024-07-08 16:12:17.457 [info] > git for-each-ref --format %(refname) %(objectname) %(*objectname) refs/tags [28ms]
2024-07-08 16:12:17.471 [info] > git status -z -uall [5ms]
2024-07-08 16:12:17.471 [info] > git config --get commit.template [15ms]
2024-07-08 16:12:17.472 [info] > git rev-parse --show-toplevel [21ms]
2024-07-08 16:12:17.472 [info] > git config --get commit.template [26ms]
2024-07-08 16:12:17.478 [info] > git status -z -uall [8ms]
2024-07-08 16:12:17.494 [info] > git rev-parse --git-dir --git-common-dir [17ms]
2024-07-08 16:12:17.497 [info] Open repository: /home/sgass/Projects/kepler/third_party/mender-convert
2024-07-08 16:12:17.505 [info] > git config --get commit.template [12ms]
2024-07-08 16:12:17.505 [info] > git for-each-ref --format %(refname) %(objectname) %(*objectname) refs/tags [15ms]
2024-07-08 16:12:17.505 [info] > git for-each-ref --format %(refname) %(objectname) %(*objectname) refs/tags [19ms]
2024-07-08 16:12:17.524 [info] > git config --get commit.template [22ms]
2024-07-08 16:12:17.542 [info] > git status -z -uall [23ms]
2024-07-08 16:12:17.542 [info] > git for-each-ref --format %(refname) %(objectname) %(*objectname) refs/tags [9ms]
2024-07-08 16:12:17.551 [info] > git for-each-ref --format %(refname) %(objectname) %(*objectname) refs/tags [10ms]
2024-07-08 16:12:17.557 [info] > git status -z -uall [9ms]
2024-07-08 16:12:17.564 [info] > git status -z -uall [8ms]
2024-07-08 16:12:17.576 [info] > git config --get commit.template [6ms]
2024-07-08 16:12:17.578 [info] > git for-each-ref --format %(refname) %(objectname) %(*objectname) refs/tags [3ms]
2024-07-08 16:12:17.594 [info] > git status -z -uall [71ms]
2024-07-08 16:12:17.605 [info] > git status -z -uall [21ms]
2024-07-08 16:12:17.607 [info] > git config --get commit.template [3ms]
2024-07-08 16:12:17.615 [info] > git for-each-ref --format %(refname) %(objectname) %(*objectname) refs/tags [3ms]
2024-07-08 16:12:17.622 [info] > git check-ignore -v -z --stdin [30ms]
2024-07-08 16:12:17.691 [info] > git status -z -uall [71ms]
2024-07-08 16:12:18.111 [info] > git rev-parse --show-toplevel [2ms]
2024-07-08 16:12:18.114 [info] > git rev-parse --git-dir --git-common-dir [1ms]
2024-07-08 16:12:18.116 [info] Open repository: /home/sgass/Projects/kepler/third_party/mender-convert/tests/mender-image-tests
2024-07-08 16:12:18.123 [info] > git config --get commit.template [4ms]
2024-07-08 16:12:18.124 [info] > git for-each-ref --format %(refname) %(objectname) %(*objectname) refs/tags [1ms]
2024-07-08 16:12:18.130 [info] > git status -z -uall [4ms]
2024-07-08 16:12:18.138 [info] > git config --get commit.template [4ms]
2024-07-08 16:12:18.139 [info] > git for-each-ref --format %(refname) %(objectname) %(*objectname) refs/tags [1ms]
2024-07-08 16:12:18.144 [info] > git status -z -uall [2ms]
2024-07-08 16:12:18.648 [info] > git check-ignore -v -z --stdin [16ms]
2024-07-08 16:12:25.446 [info] > git show --textconv :p4/frr_dplane.p4 [6ms]
2024-07-08 16:12:25.448 [info] > git ls-files --stage -- /home/sgass/Projects/kepler/p4/frr_dplane.p4 [4ms]
2024-07-08 16:12:25.452 [info] > git cat-file -s 402dcba0226c3dd70aaf76230865f79ddd1d3fef [2ms]
2024-07-08 16:12:25.728 [info] > git check-ignore -v -z --stdin [4ms]
2024-07-08 16:12:26.479 [info] > git ls-files --stage -- /home/sgass/Projects/kepler/p4/forward.p4 [3ms]
2024-07-08 16:12:26.481 [info] > git show --textconv :p4/forward.p4 [9ms]
2024-07-08 16:12:26.482 [info] > git cat-file -s bf098b4bd952d6dfd94877dda80a8561b580f50e [1ms]
