2024-08-13 21:48:40.910 [info] Reading sessions from keychain...
2024-08-13 21:48:40.910 [info] Getting sessions for all scopes...
2024-08-13 21:48:40.910 [info] Getting sessions for all scopes...
2024-08-13 21:48:40.910 [info] Getting sessions for read:user,repo,user:email,workflow...
2024-08-13 21:48:40.910 [info] Got 0 sessions for ...
2024-08-13 21:48:40.910 [info] Got 0 sessions for ...
2024-08-13 21:48:40.910 [info] Got 0 sessions for read:user,repo,user:email,workflow...
2024-08-13 21:48:41.037 [info] Getting sessions for read:user,repo,user:email,workflow...
2024-08-13 21:48:41.037 [info] Got 0 sessions for read:user,repo,user:email,workflow...
2024-08-13 21:48:41.607 [info] Getting sessions for read:user,repo,user:email,workflow...
2024-08-13 21:48:41.607 [info] Got 0 sessions for read:user,repo,user:email,workflow...
2024-08-14 16:10:08.246 [info] Reading sessions from keychain...
2024-08-14 16:10:08.246 [info] Getting sessions for all scopes...
2024-08-14 16:10:08.246 [info] Getting sessions for all scopes...
2024-08-14 16:10:08.246 [info] Got 0 sessions for ...
2024-08-14 16:10:08.246 [info] Got 0 sessions for ...
2024-08-14 16:10:08.246 [info] Getting sessions for read:user,repo,user:email,workflow...
2024-08-14 16:10:08.246 [info] Got 0 sessions for read:user,repo,user:email,workflow...
2024-08-14 16:10:08.276 [info] Getting sessions for read:user,repo,user:email,workflow...
2024-08-14 16:10:08.276 [info] Got 0 sessions for read:user,repo,user:email,workflow...
2024-08-14 16:10:08.366 [info] Getting sessions for read:user,repo,user:email,workflow...
2024-08-14 16:10:08.366 [info] Got 0 sessions for read:user,repo,user:email,workflow...
2024-08-14 16:10:08.909 [info] Getting sessions for read:user,repo,user:email,workflow...
2024-08-14 16:10:08.909 [info] Got 0 sessions for read:user,repo,user:email,workflow...
2024-08-16 08:49:57.649 [info] Reading sessions from keychain...
2024-08-16 08:49:57.649 [info] Getting sessions for all scopes...
2024-08-16 08:49:57.649 [info] Getting sessions for all scopes...
2024-08-16 08:49:57.649 [info] Got 0 sessions for ...
2024-08-16 08:49:57.649 [info] Got 0 sessions for ...
2024-08-16 08:49:57.649 [info] Getting sessions for read:user,repo,user:email,workflow...
2024-08-16 08:49:57.649 [info] Got 0 sessions for read:user,repo,user:email,workflow...
2024-08-16 08:49:57.671 [info] Getting sessions for read:user,repo,user:email,workflow...
2024-08-16 08:49:57.671 [info] Got 0 sessions for read:user,repo,user:email,workflow...
2024-08-16 08:49:57.775 [info] Getting sessions for read:user,repo,user:email,workflow...
2024-08-16 08:49:57.775 [info] Got 0 sessions for read:user,repo,user:email,workflow...
2024-08-16 08:49:58.310 [info] Getting sessions for read:user,repo,user:email,workflow...
2024-08-16 08:49:58.310 [info] Got 0 sessions for read:user,repo,user:email,workflow...
