2025-01-27 10:13:06.864 [info] Added views:workbench.panel.markers.view in workbench.panel.markers
2025-01-27 10:13:06.864 [info] Added views:workbench.panel.output in workbench.panel.output
2025-01-27 10:13:06.864 [info] Added views:terminal in terminal
2025-01-27 10:13:06.864 [info] Added views:outline in workbench.view.explorer
2025-01-27 10:13:06.864 [info] Added views:workbench.scm in workbench.view.scm
2025-01-27 10:13:06.864 [info] Added views:workbench.view.search in workbench.view.search
2025-01-27 10:13:06.864 [info] Added views:timeline in workbench.view.explorer
2025-01-27 10:13:06.864 [info] Added views:workbench.explorer.fileView in workbench.view.explorer
2025-01-27 10:13:07.038 [info] Added views:workbench.debug.welcome in workbench.view.debug
2025-01-27 10:13:07.532 [info] Added views:workbench.panel.repl.view in workbench.panel.repl
2025-01-27 10:13:08.136 [info] Added views:~remote.forwardedPorts in ~remote.forwardedPortsContainer
2025-01-27 10:13:08.553 [info] Added views:workbench.scm.history in workbench.view.scm
2025-01-27 13:28:46.606 [info] Added views:workbench.view.testing in workbench.view.extension.test
2025-01-29 15:27:27.422 [info] Added views:workbench.views.extensions.installed,workbench.views.extensions.popular,extensions.recommendedList in workbench.view.extensions
2025-01-29 15:27:27.425 [info] Removed views:workbench.views.extensions.popular from workbench.view.extensions
2025-01-30 09:24:34.417 [info] Removed views:workbench.scm.history from workbench.view.scm
2025-01-30 09:24:34.418 [info] Removed views:workbench.view.testing from workbench.view.extension.test
2025-01-30 09:24:34.979 [info] Added views:workbench.panel.markers.view in workbench.panel.markers
2025-01-30 09:24:34.979 [info] Added views:workbench.panel.output in workbench.panel.output
2025-01-30 09:24:34.979 [info] Added views:terminal in terminal
2025-01-30 09:24:34.979 [info] Added views:outline in workbench.view.explorer
2025-01-30 09:24:34.979 [info] Added views:workbench.scm in workbench.view.scm
2025-01-30 09:24:34.979 [info] Added views:workbench.view.search in workbench.view.search
2025-01-30 09:24:34.979 [info] Added views:timeline in workbench.view.explorer
2025-01-30 09:24:34.979 [info] Added views:workbench.explorer.fileView in workbench.view.explorer
2025-01-30 09:24:35.310 [info] Added views:workbench.debug.welcome in workbench.view.debug
2025-01-30 09:24:35.361 [info] Added views:workbench.panel.repl.view in workbench.panel.repl
2025-01-30 09:24:35.472 [info] Added views:workbench.scm.history in workbench.view.scm
2025-01-30 09:24:35.588 [info] Added views:~remote.forwardedPorts in ~remote.forwardedPortsContainer
2025-01-30 11:26:06.467 [info] Added views:workbench.view.testing in workbench.view.extension.test
2025-01-31 10:05:37.969 [info] Removed views:workbench.scm.history from workbench.view.scm
2025-01-31 10:05:37.970 [info] Removed views:workbench.view.testing from workbench.view.extension.test
2025-01-31 10:05:38.646 [info] Added views:workbench.panel.markers.view in workbench.panel.markers
2025-01-31 10:05:38.646 [info] Added views:workbench.panel.output in workbench.panel.output
2025-01-31 10:05:38.646 [info] Added views:terminal in terminal
2025-01-31 10:05:38.646 [info] Added views:outline in workbench.view.explorer
2025-01-31 10:05:38.646 [info] Added views:workbench.scm in workbench.view.scm
2025-01-31 10:05:38.646 [info] Added views:workbench.view.search in workbench.view.search
2025-01-31 10:05:38.646 [info] Added views:timeline in workbench.view.explorer
2025-01-31 10:05:38.646 [info] Added views:workbench.explorer.fileView in workbench.view.explorer
2025-01-31 10:05:38.764 [info] Added views:workbench.debug.welcome in workbench.view.debug
2025-01-31 10:05:39.267 [info] Added views:workbench.panel.repl.view in workbench.panel.repl
2025-01-31 10:05:39.773 [info] Added views:~remote.forwardedPorts in ~remote.forwardedPortsContainer
2025-01-31 10:05:40.254 [info] Added views:workbench.scm.history in workbench.view.scm
2025-01-31 10:24:14.913 [info] Removed views:workbench.scm.history from workbench.view.scm
2025-01-31 10:24:15.470 [info] Added views:workbench.panel.markers.view in workbench.panel.markers
2025-01-31 10:24:15.470 [info] Added views:workbench.panel.output in workbench.panel.output
2025-01-31 10:24:15.470 [info] Added views:terminal in terminal
2025-01-31 10:24:15.470 [info] Added views:outline in workbench.view.explorer
2025-01-31 10:24:15.470 [info] Added views:workbench.scm in workbench.view.scm
2025-01-31 10:24:15.470 [info] Added views:workbench.view.search in workbench.view.search
2025-01-31 10:24:15.470 [info] Added views:timeline in workbench.view.explorer
2025-01-31 10:24:15.470 [info] Added views:workbench.explorer.fileView in workbench.view.explorer
2025-01-31 10:24:15.914 [info] Added views:workbench.debug.welcome in workbench.view.debug
2025-01-31 10:24:15.955 [info] Added views:workbench.panel.repl.view in workbench.panel.repl
2025-01-31 10:24:16.079 [info] Added views:workbench.scm.history in workbench.view.scm
2025-01-31 10:24:16.246 [info] Added views:~remote.forwardedPorts in ~remote.forwardedPortsContainer
2025-01-31 10:33:06.584 [info] Removed views:workbench.scm.history from workbench.view.scm
2025-01-31 10:33:07.147 [info] Added views:workbench.panel.markers.view in workbench.panel.markers
2025-01-31 10:33:07.147 [info] Added views:workbench.panel.output in workbench.panel.output
2025-01-31 10:33:07.147 [info] Added views:terminal in terminal
2025-01-31 10:33:07.147 [info] Added views:outline in workbench.view.explorer
2025-01-31 10:33:07.147 [info] Added views:workbench.scm in workbench.view.scm
2025-01-31 10:33:07.147 [info] Added views:workbench.view.search in workbench.view.search
2025-01-31 10:33:07.147 [info] Added views:timeline in workbench.view.explorer
2025-01-31 10:33:07.147 [info] Added views:workbench.explorer.fileView in workbench.view.explorer
2025-01-31 10:33:07.250 [info] Added views:workbench.debug.welcome in workbench.view.debug
2025-01-31 10:33:07.504 [info] Added views:workbench.panel.repl.view in workbench.panel.repl
2025-01-31 10:33:07.725 [info] Added views:~remote.forwardedPorts in ~remote.forwardedPortsContainer
2025-01-31 10:33:08.548 [info] Added views:workbench.scm.history in workbench.view.scm
2025-01-31 11:26:03.746 [info] Removed views:workbench.scm.history from workbench.view.scm
2025-01-31 11:26:04.410 [info] Added views:workbench.panel.markers.view in workbench.panel.markers
2025-01-31 11:26:04.410 [info] Added views:workbench.panel.output in workbench.panel.output
2025-01-31 11:26:04.410 [info] Added views:terminal in terminal
2025-01-31 11:26:04.410 [info] Added views:outline in workbench.view.explorer
2025-01-31 11:26:04.410 [info] Added views:workbench.scm in workbench.view.scm
2025-01-31 11:26:04.410 [info] Added views:workbench.view.search in workbench.view.search
2025-01-31 11:26:04.410 [info] Added views:timeline in workbench.view.explorer
2025-01-31 11:26:04.410 [info] Added views:workbench.explorer.fileView in workbench.view.explorer
2025-01-31 11:26:04.600 [info] Added views:workbench.debug.welcome in workbench.view.debug
2025-01-31 11:26:05.418 [info] Added views:workbench.panel.repl.view in workbench.panel.repl
2025-01-31 11:26:05.719 [info] Added views:~remote.forwardedPorts in ~remote.forwardedPortsContainer
2025-01-31 11:26:05.736 [info] Added views:workbench.scm.history in workbench.view.scm
2025-01-31 12:12:09.953 [info] Removed views:workbench.scm.history from workbench.view.scm
2025-01-31 12:12:10.527 [info] Added views:workbench.panel.markers.view in workbench.panel.markers
2025-01-31 12:12:10.527 [info] Added views:workbench.panel.output in workbench.panel.output
2025-01-31 12:12:10.527 [info] Added views:terminal in terminal
2025-01-31 12:12:10.527 [info] Added views:outline in workbench.view.explorer
2025-01-31 12:12:10.527 [info] Added views:workbench.scm in workbench.view.scm
2025-01-31 12:12:10.527 [info] Added views:workbench.view.search in workbench.view.search
2025-01-31 12:12:10.527 [info] Added views:timeline in workbench.view.explorer
2025-01-31 12:12:10.527 [info] Added views:workbench.explorer.fileView in workbench.view.explorer
2025-01-31 12:12:10.632 [info] Added views:workbench.debug.welcome in workbench.view.debug
2025-01-31 12:12:11.079 [info] Added views:workbench.panel.repl.view in workbench.panel.repl
2025-01-31 12:12:11.629 [info] Added views:~remote.forwardedPorts in ~remote.forwardedPortsContainer
2025-01-31 12:12:12.011 [info] Added views:workbench.scm.history in workbench.view.scm
2025-01-31 12:30:38.584 [info] Added views:workbench.views.extensions.installed,workbench.views.extensions.popular,extensions.recommendedList in workbench.view.extensions
2025-01-31 12:30:38.585 [info] Removed views:workbench.views.extensions.popular from workbench.view.extensions
2025-01-31 15:40:29.063 [info] Removed views:workbench.scm.history from workbench.view.scm
2025-01-31 15:40:29.617 [info] Added views:workbench.panel.markers.view in workbench.panel.markers
2025-01-31 15:40:29.617 [info] Added views:workbench.panel.output in workbench.panel.output
2025-01-31 15:40:29.617 [info] Added views:terminal in terminal
2025-01-31 15:40:29.618 [info] Added views:outline in workbench.view.explorer
2025-01-31 15:40:29.618 [info] Added views:workbench.scm in workbench.view.scm
2025-01-31 15:40:29.618 [info] Added views:workbench.view.search in workbench.view.search
2025-01-31 15:40:29.618 [info] Added views:timeline in workbench.view.explorer
2025-01-31 15:40:29.618 [info] Added views:workbench.explorer.fileView in workbench.view.explorer
2025-01-31 15:40:30.034 [info] Added views:workbench.debug.welcome in workbench.view.debug
2025-01-31 15:40:30.080 [info] Added views:workbench.panel.repl.view in workbench.panel.repl
2025-01-31 15:40:30.221 [info] Added views:workbench.scm.history in workbench.view.scm
2025-01-31 15:40:30.387 [info] Added views:~remote.forwardedPorts in ~remote.forwardedPortsContainer
2025-01-31 16:13:10.572 [info] Added views:workbench.view.testing in workbench.view.extension.test
2025-02-03 09:23:50.699 [info] Added views:workbench.views.extensions.installed,workbench.views.extensions.popular,extensions.recommendedList in workbench.view.extensions
2025-02-03 09:23:50.700 [info] Removed views:workbench.views.extensions.popular from workbench.view.extensions
2025-02-03 09:23:53.107 [info] Removed views:extensions.recommendedList,workbench.views.extensions.installed from workbench.view.extensions
2025-02-03 09:23:53.118 [info] Added views:workbench.views.extensions.marketplace in workbench.view.extensions
2025-02-03 09:24:12.822 [info] Added views:cSpellIssuesViewByFile,cSpellIssuesViewByIssue in workbench.view.extension.cspellPanel
2025-02-03 10:19:25.604 [info] Removed views:workbench.scm.history from workbench.view.scm
2025-02-03 10:19:25.605 [info] Removed views:workbench.view.testing from workbench.view.extension.test
