2025-02-04 10:52:19.672 [info] Added views:workbench.panel.markers.view in workbench.panel.markers
2025-02-04 10:52:19.672 [info] Added views:workbench.panel.output in workbench.panel.output
2025-02-04 10:52:19.672 [info] Added views:terminal in terminal
2025-02-04 10:52:19.672 [info] Added views:outline in workbench.view.explorer
2025-02-04 10:52:19.672 [info] Added views:workbench.scm in workbench.view.scm
2025-02-04 10:52:19.672 [info] Added views:workbench.view.search in workbench.view.search
2025-02-04 10:52:19.672 [info] Added views:timeline in workbench.view.explorer
2025-02-04 10:52:19.672 [info] Added views:workbench.explorer.fileView in workbench.view.explorer
2025-02-04 10:52:19.884 [info] Added views:workbench.debug.welcome in workbench.view.debug
2025-02-04 10:52:20.247 [info] Added views:workbench.panel.repl.view in workbench.panel.repl
2025-02-04 10:52:20.487 [info] Added views:workbench.view.testing in workbench.view.extension.test
2025-02-04 10:52:21.088 [info] Added views:~remote.forwardedPorts in ~remote.forwardedPortsContainer
2025-02-04 10:52:21.228 [info] Added views:workbench.scm.history in workbench.view.scm
2025-02-04 17:43:40.491 [info] Removed views:workbench.scm.history from workbench.view.scm
2025-02-04 17:43:40.492 [info] Removed views:workbench.view.testing from workbench.view.extension.test
2025-02-04 17:43:41.154 [info] Added views:workbench.panel.markers.view in workbench.panel.markers
2025-02-04 17:43:41.154 [info] Added views:workbench.panel.output in workbench.panel.output
2025-02-04 17:43:41.154 [info] Added views:terminal in terminal
2025-02-04 17:43:41.154 [info] Added views:outline in workbench.view.explorer
2025-02-04 17:43:41.154 [info] Added views:workbench.scm in workbench.view.scm
2025-02-04 17:43:41.154 [info] Added views:workbench.view.search in workbench.view.search
2025-02-04 17:43:41.154 [info] Added views:timeline in workbench.view.explorer
2025-02-04 17:43:41.154 [info] Added views:workbench.explorer.fileView in workbench.view.explorer
2025-02-04 17:43:41.253 [info] Added views:workbench.debug.welcome in workbench.view.debug
2025-02-04 17:43:41.789 [info] Added views:workbench.panel.repl.view in workbench.panel.repl
2025-02-04 17:43:42.046 [info] Added views:~remote.forwardedPorts in ~remote.forwardedPortsContainer
2025-02-04 17:43:42.778 [info] Added views:workbench.scm.history in workbench.view.scm
