2025-02-27 09:03:00.102 [info] [main] Log level: Info
2025-02-27 09:03:00.102 [info] [main] Validating found git in: "git"
2025-02-27 09:03:00.102 [info] [main] Using git "2.43.0" from "git"
2025-02-27 09:03:00.102 [info] [Model][doInitialScan] Initial repository scan started
2025-02-27 09:03:00.102 [info] > git rev-parse --show-toplevel [2ms]
2025-02-27 09:03:00.102 [info] > git rev-parse --git-dir --git-common-dir [1ms]
2025-02-27 09:03:00.102 [info] [Model][openRepository] Opened repository: /home/sgass/Projects/kepler2
2025-02-27 09:03:00.111 [info] > git config --get commit.template [6ms]
2025-02-27 09:03:00.121 [info] > git rev-parse --show-toplevel [11ms]
2025-02-27 09:03:00.132 [info] > git for-each-ref --format=%(refname)%00%(upstream:short)%00%(objectname)%00%(upstream:track)%00%(upstream:remotename)%00%(upstream:remoteref) refs/heads/sgass/prod/no-ref/p4_router_ecp refs/remotes/sgass/prod/no-ref/p4_router_ecp [2ms]
2025-02-27 09:03:00.142 [info] > git rev-parse --show-toplevel [3ms]
2025-02-27 09:03:00.146 [info] > git rev-parse --show-toplevel [1ms]
2025-02-27 09:03:00.151 [info] > git rev-parse --show-toplevel [2ms]
2025-02-27 09:03:00.155 [info] > git rev-parse --show-toplevel [1ms]
2025-02-27 09:03:00.159 [info] > git rev-parse --show-toplevel [1ms]
2025-02-27 09:03:00.162 [info] > git rev-parse --show-toplevel [1ms]
2025-02-27 09:03:00.166 [info] > git rev-parse --show-toplevel [1ms]
2025-02-27 09:03:00.171 [info] > git rev-parse --show-toplevel [1ms]
2025-02-27 09:03:00.175 [info] > git rev-parse --show-toplevel [1ms]
2025-02-27 09:03:00.178 [info] > git rev-parse --show-toplevel [1ms]
2025-02-27 09:03:00.182 [info] > git rev-parse --show-toplevel [1ms]
2025-02-27 09:03:00.186 [info] > git rev-parse --show-toplevel [1ms]
2025-02-27 09:03:00.189 [info] > git rev-parse --show-toplevel [0ms]
2025-02-27 09:03:00.193 [info] > git rev-parse --show-toplevel [1ms]
2025-02-27 09:03:00.199 [info] > git rev-parse --show-toplevel [3ms]
2025-02-27 09:03:00.203 [info] > git rev-parse --show-toplevel [1ms]
2025-02-27 09:03:00.208 [info] > git rev-parse --show-toplevel [2ms]
2025-02-27 09:03:00.212 [info] > git rev-parse --show-toplevel [2ms]
2025-02-27 09:03:00.216 [info] > git rev-parse --show-toplevel [1ms]
2025-02-27 09:03:00.220 [info] > git rev-parse --show-toplevel [1ms]
2025-02-27 09:03:00.225 [info] > git rev-parse --show-toplevel [1ms]
2025-02-27 09:03:00.230 [info] > git rev-parse --show-toplevel [2ms]
2025-02-27 09:03:00.234 [info] > git rev-parse --show-toplevel [1ms]
2025-02-27 09:03:00.238 [info] > git rev-parse --show-toplevel [1ms]
2025-02-27 09:03:00.242 [info] > git rev-parse --show-toplevel [1ms]
2025-02-27 09:03:00.245 [info] > git rev-parse --show-toplevel [1ms]
2025-02-27 09:03:00.249 [info] > git rev-parse --show-toplevel [1ms]
2025-02-27 09:03:00.254 [info] > git rev-parse --show-toplevel [1ms]
2025-02-27 09:03:00.255 [info] [Model][doInitialScan] Initial repository scan completed - repositories (1), closed repositories (0), parent repositories (0), unsafe repositories (0)
2025-02-27 09:03:00.416 [info] > git show --textconv :hdl/vivado/ipsrcs/tcl-managed/common/vitis_net_p4_echo_phys_port.Vivado.2021.2.ip_info [6ms]
2025-02-27 09:03:00.417 [info] > git ls-files --stage -- /home/sgass/Projects/kepler2/hdl/vivado/ipsrcs/tcl-managed/common/vitis_net_p4_echo_phys_port.Vivado.2021.2.ip_info [4ms]
2025-02-27 09:03:00.422 [info] > git cat-file -s 4441d5dfb78f9d21c5dd2478f93b7a1c7ca93a01 [2ms]
2025-02-27 09:03:00.467 [info] > git status -z -uall [333ms]
2025-02-27 09:03:00.483 [info] > git for-each-ref --format=%(refname)%00%(upstream:short)%00%(objectname)%00%(upstream:track)%00%(upstream:remotename)%00%(upstream:remoteref) refs/heads/sgass/prod/no-ref/p4_router_ecp refs/remotes/sgass/prod/no-ref/p4_router_ecp [10ms]
2025-02-27 09:03:00.488 [info] > git config --local branch.sgass/prod/no-ref/p4_router_ecp.vscode-merge-base [1ms]
2025-02-27 09:03:00.491 [info] > git config --get commit.template [8ms]
2025-02-27 09:03:00.495 [info] > git for-each-ref --format=%(refname)%00%(upstream:short)%00%(objectname)%00%(upstream:track)%00%(upstream:remotename)%00%(upstream:remoteref) refs/heads/origin/develop refs/remotes/origin/develop [4ms]
2025-02-27 09:03:00.496 [info] > git for-each-ref --format=%(refname)%00%(upstream:short)%00%(objectname)%00%(upstream:track)%00%(upstream:remotename)%00%(upstream:remoteref) refs/heads/sgass/prod/no-ref/p4_router_ecp refs/remotes/sgass/prod/no-ref/p4_router_ecp [2ms]
2025-02-27 09:03:00.631 [info] > git check-ignore -v -z --stdin [7ms]
2025-02-27 09:03:00.724 [info] > git status -z -uall [225ms]
2025-02-27 09:03:00.729 [info] > git for-each-ref --format=%(refname)%00%(upstream:short)%00%(objectname)%00%(upstream:track)%00%(upstream:remotename)%00%(upstream:remoteref) refs/heads/sgass/prod/no-ref/p4_router_ecp refs/remotes/sgass/prod/no-ref/p4_router_ecp [1ms]
2025-02-27 09:03:00.733 [info] > git config --local branch.sgass/prod/no-ref/p4_router_ecp.vscode-merge-base [1ms]
2025-02-27 09:03:00.739 [info] > git for-each-ref --format=%(refname)%00%(upstream:short)%00%(objectname)%00%(upstream:track)%00%(upstream:remotename)%00%(upstream:remoteref) refs/heads/origin/develop refs/remotes/origin/develop [1ms]
2025-02-27 09:03:00.980 [info] > git rev-parse --show-toplevel [1ms]
2025-02-27 09:03:00.983 [info] > git rev-parse --git-dir --git-common-dir [0ms]
2025-02-27 09:03:00.985 [info] [Model][openRepository] Opened repository: /home/sgass/Projects/kepler2/third_party/libhydrogen
2025-02-27 09:03:00.994 [info] > git rev-parse --show-toplevel [2ms]
2025-02-27 09:03:00.994 [info] > git config --get commit.template [5ms]
2025-02-27 09:03:01.000 [info] > git rev-parse --git-dir --git-common-dir [3ms]
2025-02-27 09:03:01.002 [info] [Model][openRepository] Opened repository: /home/sgass/Projects/kepler2/third_party/magic_enum
2025-02-27 09:03:01.012 [info] > git for-each-ref --format %(refname) %(objectname) %(*objectname) refs/tags [11ms]
2025-02-27 09:03:01.015 [info] > git rev-parse --show-toplevel [5ms]
2025-02-27 09:03:01.015 [info] > git config --get commit.template [9ms]
2025-02-27 09:03:01.019 [info] > git status -z -uall [4ms]
2025-02-27 09:03:01.029 [info] > git rev-parse --git-dir --git-common-dir [10ms]
2025-02-27 09:03:01.030 [info] [Model][openRepository] Opened repository: /home/sgass/Projects/kepler2/third_party/googletest
2025-02-27 09:03:01.037 [info] > git config --get commit.template [8ms]
2025-02-27 09:03:01.037 [info] > git for-each-ref --format %(refname) %(objectname) %(*objectname) refs/tags [12ms]
2025-02-27 09:03:01.041 [info] > git rev-parse --show-toplevel [5ms]
2025-02-27 09:03:01.041 [info] > git config --get commit.template [7ms]
2025-02-27 09:03:01.048 [info] > git status -z -uall [8ms]
2025-02-27 09:03:01.055 [info] > git rev-parse --show-toplevel [7ms]
2025-02-27 09:03:01.055 [info] > git for-each-ref --format %(refname) %(objectname) %(*objectname) refs/tags [10ms]
2025-02-27 09:03:01.062 [info] > git status -z -uall [3ms]
2025-02-27 09:03:01.062 [info] > git config --get commit.template [8ms]
2025-02-27 09:03:01.063 [info] > git for-each-ref --format %(refname) %(objectname) %(*objectname) refs/tags [11ms]
2025-02-27 09:03:01.068 [info] > git status -z -uall [3ms]
2025-02-27 09:03:01.068 [info] > git rev-parse --git-dir --git-common-dir [7ms]
2025-02-27 09:03:01.070 [info] [Model][openRepository] Opened repository: /home/sgass/Projects/kepler2/third_party/fast-cpp-csv-parser
2025-02-27 09:03:01.087 [info] > git for-each-ref --format %(refname) %(objectname) %(*objectname) refs/tags [19ms]
2025-02-27 09:03:01.101 [info] > git status -z -uall [3ms]
2025-02-27 09:03:01.101 [info] > git rev-parse --show-toplevel [14ms]
2025-02-27 09:03:01.101 [info] > git config --get commit.template [17ms]
2025-02-27 09:03:01.111 [info] > git rev-parse --git-dir --git-common-dir [7ms]
2025-02-27 09:03:01.112 [info] [Model][openRepository] Opened repository: /home/sgass/Projects/kepler2/hdl/verilog-axis
2025-02-27 09:03:01.112 [info] > git config --get commit.template [12ms]
2025-02-27 09:03:01.121 [info] > git for-each-ref --format %(refname) %(objectname) %(*objectname) refs/tags [11ms]
2025-02-27 09:03:01.126 [info] > git config --get commit.template [7ms]
2025-02-27 09:03:01.126 [info] > git for-each-ref --format %(refname) %(objectname) %(*objectname) refs/tags [10ms]
2025-02-27 09:03:01.130 [info] > git status -z -uall [4ms]
2025-02-27 09:03:01.131 [info] > git rev-parse --show-toplevel [10ms]
2025-02-27 09:03:01.145 [info] > git status -z -uall [8ms]
2025-02-27 09:03:01.145 [info] > git rev-parse --git-dir --git-common-dir [2ms]
2025-02-27 09:03:01.147 [info] [Model][openRepository] Opened repository: /home/sgass/Projects/kepler2/hdl/verilog-ethernet
2025-02-27 09:03:01.147 [info] > git config --get commit.template [7ms]
2025-02-27 09:03:01.148 [info] > git for-each-ref --format %(refname) %(objectname) %(*objectname) refs/tags [14ms]
2025-02-27 09:03:01.160 [info] > git status -z -uall [9ms]
2025-02-27 09:03:01.160 [info] > git config --get commit.template [6ms]
2025-02-27 09:03:01.166 [info] > git for-each-ref --format %(refname) %(objectname) %(*objectname) refs/tags [6ms]
2025-02-27 09:03:01.166 [info] > git rev-parse --show-toplevel [10ms]
2025-02-27 09:03:01.175 [info] > git status -z -uall [4ms]
2025-02-27 09:03:01.175 [info] > git config --get commit.template [10ms]
2025-02-27 09:03:01.176 [info] > git rev-parse --git-dir --git-common-dir [1ms]
2025-02-27 09:03:01.177 [info] [Model][openRepository] Opened repository: /home/sgass/Projects/kepler2/third_party/vext.soapysdr
2025-02-27 09:03:01.178 [info] > git for-each-ref --format %(refname) %(objectname) %(*objectname) refs/tags [9ms]
2025-02-27 09:03:01.192 [info] > git status -z -uall [11ms]
2025-02-27 09:03:01.192 [info] > git config --get commit.template [5ms]
2025-02-27 09:03:01.192 [info] > git for-each-ref --format %(refname) %(objectname) %(*objectname) refs/tags [8ms]
2025-02-27 09:03:01.203 [info] > git rev-parse --show-toplevel [12ms]
2025-02-27 09:03:01.212 [info] > git status -z -uall [14ms]
2025-02-27 09:03:01.212 [info] > git config --get commit.template [9ms]
2025-02-27 09:03:01.213 [info] > git rev-parse --git-dir --git-common-dir [2ms]
2025-02-27 09:03:01.216 [info] [Model][openRepository] Opened repository: /home/sgass/Projects/kepler2/third_party/STM32CubeL1
2025-02-27 09:03:01.216 [info] > git for-each-ref --format %(refname) %(objectname) %(*objectname) refs/tags [8ms]
2025-02-27 09:03:01.233 [info] > git status -z -uall [14ms]
2025-02-27 09:03:01.233 [info] > git rev-parse --show-toplevel [4ms]
2025-02-27 09:03:01.233 [info] > git config --get commit.template [7ms]
2025-02-27 09:03:01.233 [info] > git for-each-ref --format %(refname) %(objectname) %(*objectname) refs/tags [11ms]
2025-02-27 09:03:01.252 [info] > git status -z -uall [13ms]
2025-02-27 09:03:01.252 [info] > git rev-parse --git-dir --git-common-dir [10ms]
2025-02-27 09:03:01.254 [info] [Model][openRepository] Opened repository: /home/sgass/Projects/kepler2/ansible/kubespray
2025-02-27 09:03:01.259 [info] > git for-each-ref --format %(refname) %(objectname) %(*objectname) refs/tags [10ms]
2025-02-27 09:03:01.260 [info] > git config --get commit.template [15ms]
2025-02-27 09:03:01.269 [info] > git config --get commit.template [10ms]
2025-02-27 09:03:01.272 [info] > git for-each-ref --format %(refname) %(objectname) %(*objectname) refs/tags [4ms]
2025-02-27 09:03:01.285 [info] > git status -z -uall [3ms]
2025-02-27 09:03:01.294 [info] > git for-each-ref --format %(refname) %(objectname) %(*objectname) refs/tags [15ms]
2025-02-27 09:03:01.298 [info] > git status -z -uall [33ms]
2025-02-27 09:03:01.308 [info] > git status -z -uall [10ms]
2025-02-27 09:03:01.309 [info] > git config --get commit.template [6ms]
2025-02-27 09:03:01.313 [info] > git for-each-ref --format %(refname) %(objectname) %(*objectname) refs/tags [6ms]
2025-02-27 09:03:01.314 [info] > git config --get commit.template [2ms]
2025-02-27 09:03:01.322 [info] > git for-each-ref --format %(refname) %(objectname) %(*objectname) refs/tags [3ms]
2025-02-27 09:03:01.335 [info] > git status -z -uall [9ms]
2025-02-27 09:03:01.345 [info] > git status -z -uall [24ms]
2025-02-27 09:03:01.504 [info] > git check-ignore -v -z --stdin [6ms]
2025-02-27 09:03:11.360 [info] [main] Log level: Info
2025-02-27 09:03:11.360 [info] [main] Validating found git in: "git"
2025-02-27 09:03:11.360 [info] [main] Using git "2.43.0" from "git"
2025-02-27 09:03:11.360 [info] [Model][doInitialScan] Initial repository scan started
2025-02-27 09:03:11.360 [info] > git rev-parse --show-toplevel [3ms]
2025-02-27 09:03:11.371 [info] > git rev-parse --git-dir --git-common-dir [3ms]
2025-02-27 09:03:11.380 [info] [Model][openRepository] Opened repository: /home/sgass/Projects/kepler
2025-02-27 09:03:11.401 [info] > git rev-parse --show-toplevel [5ms]
2025-02-27 09:03:11.402 [info] > git config --get commit.template [13ms]
2025-02-27 09:03:11.415 [info] > git for-each-ref --format=%(refname)%00%(upstream:short)%00%(objectname)%00%(upstream:track)%00%(upstream:remotename)%00%(upstream:remoteref) refs/heads/temp/p4_router_max_power_ecp refs/remotes/temp/p4_router_max_power_ecp [3ms]
2025-02-27 09:03:11.455 [info] > git rev-parse --show-toplevel [2ms]
2025-02-27 09:03:11.465 [info] > git rev-parse --show-toplevel [3ms]
2025-02-27 09:03:11.473 [info] > git rev-parse --show-toplevel [2ms]
2025-02-27 09:03:11.494 [info] > git rev-parse --show-toplevel [11ms]
2025-02-27 09:03:11.505 [info] > git rev-parse --show-toplevel [2ms]
2025-02-27 09:03:11.515 [info] > git rev-parse --show-toplevel [4ms]
2025-02-27 09:03:11.523 [info] > git rev-parse --show-toplevel [1ms]
2025-02-27 09:03:11.533 [info] > git rev-parse --show-toplevel [3ms]
2025-02-27 09:03:11.543 [info] > git rev-parse --show-toplevel [3ms]
2025-02-27 09:03:11.561 [info] > git rev-parse --show-toplevel [10ms]
2025-02-27 09:03:11.569 [info] > git rev-parse --show-toplevel [1ms]
2025-02-27 09:03:11.576 [info] > git rev-parse --show-toplevel [2ms]
2025-02-27 09:03:11.582 [info] > git rev-parse --show-toplevel [1ms]
2025-02-27 09:03:11.590 [info] > git rev-parse --show-toplevel [3ms]
2025-02-27 09:03:11.598 [info] > git rev-parse --show-toplevel [1ms]
2025-02-27 09:03:11.606 [info] > git rev-parse --show-toplevel [3ms]
2025-02-27 09:03:11.612 [info] > git rev-parse --show-toplevel [1ms]
2025-02-27 09:03:11.619 [info] > git rev-parse --show-toplevel [2ms]
2025-02-27 09:03:11.625 [info] > git rev-parse --show-toplevel [2ms]
2025-02-27 09:03:11.631 [info] > git rev-parse --show-toplevel [2ms]
2025-02-27 09:03:11.637 [info] > git rev-parse --show-toplevel [2ms]
2025-02-27 09:03:11.642 [info] > git rev-parse --show-toplevel [1ms]
2025-02-27 09:03:11.650 [info] > git rev-parse --show-toplevel [3ms]
2025-02-27 09:03:11.655 [info] > git rev-parse --show-toplevel [1ms]
2025-02-27 09:03:11.661 [info] > git rev-parse --show-toplevel [1ms]
2025-02-27 09:03:11.668 [info] > git rev-parse --show-toplevel [2ms]
2025-02-27 09:03:11.673 [info] > git rev-parse --show-toplevel [1ms]
2025-02-27 09:03:11.679 [info] > git rev-parse --show-toplevel [1ms]
2025-02-27 09:03:11.687 [info] > git rev-parse --show-toplevel [2ms]
2025-02-27 09:03:11.694 [info] > git rev-parse --show-toplevel [2ms]
2025-02-27 09:03:11.702 [info] > git rev-parse --show-toplevel [3ms]
2025-02-27 09:03:11.709 [info] > git rev-parse --show-toplevel [2ms]
2025-02-27 09:03:11.715 [info] > git rev-parse --show-toplevel [1ms]
2025-02-27 09:03:11.723 [info] > git rev-parse --show-toplevel [3ms]
2025-02-27 09:03:11.729 [info] > git rev-parse --show-toplevel [2ms]
2025-02-27 09:03:11.731 [info] [Model][doInitialScan] Initial repository scan completed - repositories (1), closed repositories (0), parent repositories (0), unsafe repositories (0)
2025-02-27 09:03:11.742 [info] > git show --textconv :hdl/rtl/network_packet_generator/network_packet_generator.sv [7ms]
2025-02-27 09:03:11.745 [info] > git ls-files --stage -- /home/sgass/Projects/kepler/hdl/rtl/network_packet_generator/network_packet_generator.sv [6ms]
2025-02-27 09:03:11.752 [info] > git cat-file -s 5b54342266283bc0267b00f82e7621440acb4989 [2ms]
2025-02-27 09:03:11.935 [info] > git status -z -uall [504ms]
2025-02-27 09:03:11.955 [info] > git for-each-ref --format=%(refname)%00%(upstream:short)%00%(objectname)%00%(upstream:track)%00%(upstream:remotename)%00%(upstream:remoteref) refs/heads/temp/p4_router_max_power_ecp refs/remotes/temp/p4_router_max_power_ecp [15ms]
2025-02-27 09:03:11.960 [info] > git check-ignore -v -z --stdin [11ms]
2025-02-27 09:03:11.961 [info] > git config --local branch.temp/p4_router_max_power_ecp.vscode-merge-base [2ms]
2025-02-27 09:03:11.961 [warning] [Git][config] git config failed: Failed to execute git
2025-02-27 09:03:11.965 [info] > git config --get commit.template [11ms]
2025-02-27 09:03:11.973 [info] > git for-each-ref --format=%(refname)%00%(upstream:short)%00%(objectname)%00%(upstream:track)%00%(upstream:remotename)%00%(upstream:remoteref) refs/heads/temp/p4_router_max_power_ecp refs/remotes/temp/p4_router_max_power_ecp [3ms]
2025-02-27 09:03:11.977 [info] > git reflog temp/p4_router_max_power_ecp --grep-reflog=branch: Created from *. [12ms]
2025-02-27 09:03:12.066 [info] > git reflog HEAD --grep-reflog=checkout: moving from .* to temp/p4_router_max_power_ecp [84ms]
2025-02-27 09:03:12.084 [info] > git for-each-ref --format=%(refname)%00%(upstream:short)%00%(objectname)%00%(upstream:track)%00%(upstream:remotename)%00%(upstream:remoteref) refs/heads/sgass/prod/no-ref/network-packet-generator-ecp refs/remotes/sgass/prod/no-ref/network-packet-generator-ecp [12ms]
2025-02-27 09:03:12.092 [info] > git symbolic-ref --short refs/remotes/origin/HEAD [2ms]
2025-02-27 09:03:12.102 [info] > git for-each-ref --format=%(refname)%00%(upstream:short)%00%(objectname)%00%(upstream:track)%00%(upstream:remotename)%00%(upstream:remoteref) refs/heads/origin/develop refs/remotes/origin/develop [3ms]
2025-02-27 09:03:12.115 [info] > git config --local branch.temp/p4_router_max_power_ecp.vscode-merge-base origin/develop [4ms]
2025-02-27 09:03:12.125 [info] > git status -z -uall [148ms] (cancelled)
2025-02-27 09:03:12.136 [info] > git config --get commit.template [12ms]
2025-02-27 09:03:12.138 [info] > git for-each-ref --format=%(refname)%00%(upstream:short)%00%(objectname)%00%(upstream:track)%00%(upstream:remotename)%00%(upstream:remoteref) refs/heads/temp/p4_router_max_power_ecp refs/remotes/temp/p4_router_max_power_ecp [3ms]
2025-02-27 09:03:12.451 [info] > git rev-parse --show-toplevel [2ms]
2025-02-27 09:03:12.459 [info] > git rev-parse --git-dir --git-common-dir [2ms]
2025-02-27 09:03:12.462 [info] [Model][openRepository] Opened repository: /home/sgass/Projects/kepler/third_party/libhydrogen
2025-02-27 09:03:12.473 [info] > git config --get commit.template [6ms]
2025-02-27 09:03:12.479 [info] > git rev-parse --show-toplevel [7ms]
2025-02-27 09:03:12.485 [info] > git for-each-ref --format %(refname) %(objectname) %(*objectname) refs/tags [6ms]
2025-02-27 09:03:12.490 [info] > git rev-parse --git-dir --git-common-dir [6ms]
2025-02-27 09:03:12.493 [info] [Model][openRepository] Opened repository: /home/sgass/Projects/kepler/third_party/magic_enum
2025-02-27 09:03:12.506 [info] > git status -z -uall [16ms]
2025-02-27 09:03:12.515 [info] > git rev-parse --show-toplevel [10ms]
2025-02-27 09:03:12.515 [info] > git config --get commit.template [15ms]
2025-02-27 09:03:12.522 [info] > git config --get commit.template [8ms]
2025-02-27 09:03:12.527 [info] > git rev-parse --git-dir --git-common-dir [5ms]
2025-02-27 09:03:12.530 [info] [Model][openRepository] Opened repository: /home/sgass/Projects/kepler/third_party/googletest
2025-02-27 09:03:12.542 [info] > git status -z -uall [398ms]
2025-02-27 09:03:12.542 [info] > git config --get commit.template [5ms]
2025-02-27 09:03:12.542 [info] > git for-each-ref --format %(refname) %(objectname) %(*objectname) refs/tags [8ms]
2025-02-27 09:03:12.556 [info] > git rev-parse --show-toplevel [15ms]
2025-02-27 09:03:12.566 [info] > git status -z -uall [12ms]
2025-02-27 09:03:12.567 [info] > git for-each-ref --format %(refname) %(objectname) %(*objectname) refs/tags [40ms]
2025-02-27 09:03:12.572 [info] > git for-each-ref --format=%(refname)%00%(upstream:short)%00%(objectname)%00%(upstream:track)%00%(upstream:remotename)%00%(upstream:remoteref) refs/heads/temp/p4_router_max_power_ecp refs/remotes/temp/p4_router_max_power_ecp [25ms]
2025-02-27 09:03:12.577 [info] > git status -z -uall [6ms]
2025-02-27 09:03:12.578 [info] > git rev-parse --show-toplevel [13ms]
2025-02-27 09:03:12.578 [info] > git for-each-ref --format %(refname) %(objectname) %(*objectname) refs/tags [16ms]
2025-02-27 09:03:12.591 [info] > git config --local branch.temp/p4_router_max_power_ecp.vscode-merge-base [15ms]
2025-02-27 09:03:12.596 [info] > git status -z -uall [14ms]
2025-02-27 09:03:12.596 [info] > git rev-parse --git-dir --git-common-dir [5ms]
2025-02-27 09:03:12.598 [info] [Model][openRepository] Opened repository: /home/sgass/Projects/kepler/third_party/fast-cpp-csv-parser
2025-02-27 09:03:12.599 [info] > git config --get commit.template [13ms]
2025-02-27 09:03:12.612 [info] > git for-each-ref --format=%(refname)%00%(upstream:short)%00%(objectname)%00%(upstream:track)%00%(upstream:remotename)%00%(upstream:remoteref) refs/heads/origin/develop refs/remotes/origin/develop [17ms]
2025-02-27 09:03:12.628 [info] > git config --get commit.template [17ms]
2025-02-27 09:03:12.628 [info] > git rev-parse --show-toplevel [20ms]
2025-02-27 09:03:12.628 [info] > git config --get commit.template [24ms]
2025-02-27 09:03:12.639 [info] > git for-each-ref --format %(refname) %(objectname) %(*objectname) refs/tags [12ms]
2025-02-27 09:03:12.654 [info] > git status -z -uall [4ms]
2025-02-27 09:03:12.655 [info] > git rev-parse --git-dir --git-common-dir [16ms]
2025-02-27 09:03:12.657 [info] [Model][openRepository] Opened repository: /home/sgass/Projects/kepler/hdl/verilog-axis
2025-02-27 09:03:12.678 [info] > git for-each-ref --format %(refname) %(objectname) %(*objectname) refs/tags [25ms]
2025-02-27 09:03:12.680 [info] > git for-each-ref --format %(refname) %(objectname) %(*objectname) refs/tags [36ms]
2025-02-27 09:03:12.694 [info] > git status -z -uall [8ms]
2025-02-27 09:03:12.694 [info] > git status -z -uall [4ms]
2025-02-27 09:03:12.694 [info] > git rev-parse --show-toplevel [17ms]
2025-02-27 09:03:12.694 [info] > git config --get commit.template [25ms]
2025-02-27 09:03:12.714 [info] > git rev-parse --git-dir --git-common-dir [14ms]
2025-02-27 09:03:12.717 [info] [Model][openRepository] Opened repository: /home/sgass/Projects/kepler/hdl/verilog-ethernet
2025-02-27 09:03:12.729 [info] > git config --get commit.template [16ms]
2025-02-27 09:03:12.729 [info] > git for-each-ref --format %(refname) %(objectname) %(*objectname) refs/tags [21ms]
2025-02-27 09:03:12.735 [info] > git config --get commit.template [11ms]
2025-02-27 09:03:12.741 [info] > git status -z -uall [7ms]
2025-02-27 09:03:12.741 [info] > git rev-parse --show-toplevel [13ms]
2025-02-27 09:03:12.755 [info] > git for-each-ref --format %(refname) %(objectname) %(*objectname) refs/tags [15ms]
2025-02-27 09:03:12.771 [info] > git status -z -uall [5ms]
2025-02-27 09:03:12.771 [info] > git rev-parse --git-dir --git-common-dir [17ms]
2025-02-27 09:03:12.775 [info] [Model][openRepository] Opened repository: /home/sgass/Projects/kepler/third_party/vext.soapysdr
2025-02-27 09:03:12.776 [info] > git for-each-ref --format %(refname) %(objectname) %(*objectname) refs/tags [28ms]
2025-02-27 09:03:12.790 [info] > git status -z -uall [10ms]
2025-02-27 09:03:12.790 [info] > git config --get commit.template [20ms]
2025-02-27 09:03:12.792 [info] > git rev-parse --show-toplevel [2ms]
2025-02-27 09:03:12.793 [info] > git config --get commit.template [8ms]
2025-02-27 09:03:12.811 [info] > git rev-parse --git-dir --git-common-dir [9ms]
2025-02-27 09:03:12.814 [info] [Model][openRepository] Opened repository: /home/sgass/Projects/kepler/third_party/STM32CubeL1
2025-02-27 09:03:12.814 [info] > git for-each-ref --format %(refname) %(objectname) %(*objectname) refs/tags [16ms]
2025-02-27 09:03:12.830 [info] > git status -z -uall [10ms]
2025-02-27 09:03:12.830 [info] > git for-each-ref --format %(refname) %(objectname) %(*objectname) refs/tags [20ms]
2025-02-27 09:03:12.830 [info] > git config --get commit.template [24ms]
2025-02-27 09:03:12.842 [info] > git config --get commit.template [18ms]
2025-02-27 09:03:12.848 [info] > git status -z -uall [13ms]
2025-02-27 09:03:12.848 [info] > git for-each-ref --format %(refname) %(objectname) %(*objectname) refs/tags [8ms]
2025-02-27 09:03:12.851 [info] > git rev-parse --show-toplevel [22ms]
2025-02-27 09:03:12.873 [info] > git rev-parse --git-dir --git-common-dir [7ms]
2025-02-27 09:03:12.878 [info] [Model][openRepository] Opened repository: /home/sgass/Projects/kepler/ansible/kubespray
2025-02-27 09:03:12.879 [info] > git config --get commit.template [18ms]
2025-02-27 09:03:12.879 [info] > git for-each-ref --format %(refname) %(objectname) %(*objectname) refs/tags [23ms]
2025-02-27 09:03:12.902 [info] > git status -z -uall [30ms]
2025-02-27 09:03:12.902 [info] > git config --get commit.template [9ms]
2025-02-27 09:03:12.907 [info] > git for-each-ref --format %(refname) %(objectname) %(*objectname) refs/tags [6ms]
2025-02-27 09:03:12.919 [info] > git status -z -uall [33ms]
2025-02-27 09:03:12.925 [info] > git status -z -uall [7ms]
2025-02-27 09:03:12.927 [info] > git config --get commit.template [2ms]
2025-02-27 09:03:12.934 [info] > git for-each-ref --format %(refname) %(objectname) %(*objectname) refs/tags [22ms]
2025-02-27 09:03:12.938 [info] > git for-each-ref --format %(refname) %(objectname) %(*objectname) refs/tags [5ms]
2025-02-27 09:03:12.951 [info] > git status -z -uall [13ms]
2025-02-27 09:03:12.964 [info] > git config --get commit.template [5ms]
2025-02-27 09:03:12.966 [info] > git for-each-ref --format %(refname) %(objectname) %(*objectname) refs/tags [3ms]
2025-02-27 09:03:12.972 [info] > git status -z -uall [29ms]
2025-02-27 09:03:12.986 [info] > git check-ignore -v -z --stdin [9ms]
2025-02-27 09:03:12.988 [info] > git status -z -uall [16ms]
2025-02-27 09:03:15.417 [info] > git rev-parse --show-toplevel [2ms]
2025-02-27 09:03:15.417 [info] fatal: not a git repository (or any of the parent directories): .git
2025-02-27 09:38:51.275 [info] > git show --textconv :hdl/rtl/network_packet_generator/network_packet_generator.sv [10ms]
2025-02-27 09:38:51.281 [info] > git ls-files --stage -- /home/sgass/Projects/kepler/hdl/rtl/network_packet_generator/network_packet_generator.sv [7ms]
2025-02-27 09:38:52.344 [info] > git rev-parse --show-toplevel [1ms]
2025-02-27 09:38:52.344 [info] fatal: not a git repository (or any of the parent directories): .git
2025-02-27 09:38:57.656 [info] > git show --textconv :hdl/rtl/p4_router/p4_router.sv [10ms]
2025-02-27 09:38:57.663 [info] > git ls-files --stage -- /home/sgass/Projects/kepler/hdl/rtl/p4_router/p4_router.sv [7ms]
2025-02-27 09:38:57.673 [info] > git cat-file -s 641f36ca3e4e45761e0c92a7f0f9f6f7c89b6f06 [3ms]
2025-02-27 09:38:57.934 [info] > git check-ignore -v -z --stdin [9ms]
2025-02-27 09:48:52.483 [info] > git rev-parse --show-toplevel [0ms]
2025-02-27 09:48:52.483 [info] fatal: not a git repository (or any of the parent directories): .git
2025-02-27 09:48:53.481 [info] > git show --textconv :hdl/rtl/p4_router/p4_router.sv [12ms]
2025-02-27 09:48:53.488 [info] > git ls-files --stage -- /home/sgass/Projects/kepler/hdl/rtl/p4_router/p4_router.sv [9ms]
2025-02-27 09:48:53.502 [info] > git cat-file -s a357304d766dfa34dcf8211fe1ea94fe6a96ab56 [4ms]
2025-02-27 10:09:40.774 [info] > git show --textconv :p4/mpls_router/app.p4 [221ms]
2025-02-27 10:09:40.775 [info] > git ls-files --stage -- /home/sgass/Projects/kepler/p4/mpls_router/app.p4 [216ms]
2025-02-27 10:09:40.922 [info] > git check-ignore -v -z --stdin [354ms]
2025-02-27 10:09:40.923 [info] > git cat-file -s ae4a9cb5e6c7fe439f2cf038505fab6db0e3f2d3 [136ms]
