2024-08-21 15:55:22.190 [info] [main] Log level: Info
2024-08-21 15:55:22.190 [info] [main] Validating found git in: "git"
2024-08-21 15:55:22.190 [info] [main] Using git "2.34.1" from "git"
2024-08-21 15:55:22.190 [info] [Model][doInitialScan] Initial repository scan started
2024-08-21 15:55:22.190 [info] > git rev-parse --show-toplevel [1ms]
2024-08-21 15:55:22.190 [info] > git rev-parse --git-dir --git-common-dir [1ms]
2024-08-21 15:55:22.190 [info] [Model][openRepository] Opened repository: /home/sgass/Projects/kepler
2024-08-21 15:55:22.190 [info] > git config --get commit.template [3ms]
2024-08-21 15:55:22.190 [info] > git for-each-ref --format=%(refname)%00%(upstream:short)%00%(objectname)%00%(upstream:track)%00%(upstream:remotename)%00%(upstream:remoteref) refs/heads/sgass/prod/no-ref/ecp_aether_p4 refs/remotes/sgass/prod/no-ref/ecp_aether_p4 [2ms]
2024-08-21 15:55:22.190 [info] > git rev-parse --show-toplevel [3ms]
2024-08-21 15:55:22.190 [info] > git rev-parse --show-toplevel [1ms]
2024-08-21 15:55:22.190 [info] > git rev-parse --show-toplevel [2ms]
2024-08-21 15:55:22.190 [info] > git rev-parse --show-toplevel [1ms]
2024-08-21 15:55:22.190 [info] > git rev-parse --show-toplevel [1ms]
2024-08-21 15:55:22.190 [info] > git rev-parse --show-toplevel [1ms]
2024-08-21 15:55:22.190 [info] > git rev-parse --show-toplevel [1ms]
2024-08-21 15:55:22.190 [info] > git rev-parse --show-toplevel [0ms]
2024-08-21 15:55:22.190 [info] > git rev-parse --show-toplevel [1ms]
2024-08-21 15:55:22.190 [info] > git rev-parse --show-toplevel [1ms]
2024-08-21 15:55:22.190 [info] > git rev-parse --show-toplevel [1ms]
2024-08-21 15:55:22.190 [info] > git rev-parse --show-toplevel [1ms]
2024-08-21 15:55:22.190 [info] > git rev-parse --show-toplevel [1ms]
2024-08-21 15:55:22.190 [info] > git rev-parse --show-toplevel [0ms]
2024-08-21 15:55:22.190 [info] > git rev-parse --show-toplevel [1ms]
2024-08-21 15:55:22.190 [info] > git rev-parse --show-toplevel [1ms]
2024-08-21 15:55:22.190 [info] > git rev-parse --show-toplevel [5ms]
2024-08-21 15:55:22.190 [info] > git rev-parse --show-toplevel [1ms]
2024-08-21 15:55:22.190 [info] > git rev-parse --show-toplevel [1ms]
2024-08-21 15:55:22.190 [info] > git rev-parse --show-toplevel [1ms]
2024-08-21 15:55:22.190 [info] > git rev-parse --show-toplevel [0ms]
2024-08-21 15:55:22.190 [info] > git rev-parse --show-toplevel [1ms]
2024-08-21 15:55:22.190 [info] > git rev-parse --show-toplevel [1ms]
2024-08-21 15:55:22.190 [info] > git rev-parse --show-toplevel [0ms]
2024-08-21 15:55:22.190 [info] > git rev-parse --show-toplevel [1ms]
2024-08-21 15:55:22.190 [info] > git rev-parse --show-toplevel [1ms]
2024-08-21 15:55:22.190 [info] > git rev-parse --show-toplevel [1ms]
2024-08-21 15:55:22.190 [info] > git rev-parse --show-toplevel [1ms]
2024-08-21 15:55:22.190 [info] > git rev-parse --show-toplevel [2ms]
2024-08-21 15:55:22.190 [info] > git rev-parse --show-toplevel [1ms]
2024-08-21 15:55:22.190 [info] > git rev-parse --show-toplevel [1ms]
2024-08-21 15:55:22.190 [info] > git rev-parse --show-toplevel [2ms]
2024-08-21 15:55:22.190 [info] > git rev-parse --show-toplevel [1ms]
2024-08-21 15:55:22.190 [info] > git rev-parse --show-toplevel [6ms]
2024-08-21 15:55:22.190 [info] > git rev-parse --show-toplevel [2ms]
2024-08-21 15:55:22.190 [info] [Model][doInitialScan] Initial repository scan completed - repositories (1), closed repositories (0), parent repositories (0), unsafe repositories (0)
2024-08-21 15:55:22.326 [info] > git status -z -uall [287ms]
2024-08-21 15:55:22.334 [info] > git for-each-ref --format=%(refname)%00%(upstream:short)%00%(objectname)%00%(upstream:track)%00%(upstream:remotename)%00%(upstream:remoteref) refs/heads/sgass/prod/no-ref/ecp_aether_p4 refs/remotes/sgass/prod/no-ref/ecp_aether_p4 [5ms]
2024-08-21 15:55:22.338 [info] > git config --get commit.template [4ms]
2024-08-21 15:55:22.341 [info] > git config --local branch.sgass/prod/no-ref/ecp_aether_p4.vscode-merge-base [4ms]
2024-08-21 15:55:22.344 [info] > git for-each-ref --format=%(refname)%00%(upstream:short)%00%(objectname)%00%(upstream:track)%00%(upstream:remotename)%00%(upstream:remoteref) refs/heads/sgass/prod/no-ref/ecp_aether_p4 refs/remotes/sgass/prod/no-ref/ecp_aether_p4 [4ms]
2024-08-21 15:55:22.348 [info] > git for-each-ref --format=%(refname)%00%(upstream:short)%00%(objectname)%00%(upstream:track)%00%(upstream:remotename)%00%(upstream:remoteref) refs/heads/origin/ecp_aether_p4 refs/remotes/origin/ecp_aether_p4 [4ms]
2024-08-21 15:55:22.598 [info] > git status -z -uall [250ms]
2024-08-21 15:55:22.604 [info] > git for-each-ref --format=%(refname)%00%(upstream:short)%00%(objectname)%00%(upstream:track)%00%(upstream:remotename)%00%(upstream:remoteref) refs/heads/sgass/prod/no-ref/ecp_aether_p4 refs/remotes/sgass/prod/no-ref/ecp_aether_p4 [2ms]
2024-08-21 15:55:22.608 [info] > git config --local branch.sgass/prod/no-ref/ecp_aether_p4.vscode-merge-base [1ms]
2024-08-21 15:55:22.611 [info] > git for-each-ref --format=%(refname)%00%(upstream:short)%00%(objectname)%00%(upstream:track)%00%(upstream:remotename)%00%(upstream:remoteref) refs/heads/origin/ecp_aether_p4 refs/remotes/origin/ecp_aether_p4 [1ms]
2024-08-21 15:55:22.835 [info] > git rev-parse --show-toplevel [1ms]
2024-08-21 15:55:22.841 [info] > git rev-parse --git-dir --git-common-dir [2ms]
2024-08-21 15:55:22.843 [info] [Model][openRepository] Opened repository: /home/sgass/Projects/kepler/third_party/libhydrogen
2024-08-21 15:55:22.853 [info] > git config --get commit.template [5ms]
2024-08-21 15:55:22.854 [info] > git rev-parse --show-toplevel [2ms]
2024-08-21 15:55:22.865 [info] > git for-each-ref --format %(refname) %(objectname) %(*objectname) refs/tags [6ms]
2024-08-21 15:55:22.868 [info] > git rev-parse --git-dir --git-common-dir [4ms]
2024-08-21 15:55:22.870 [info] [Model][openRepository] Opened repository: /home/sgass/Projects/kepler/third_party/magic_enum
2024-08-21 15:55:22.879 [info] > git status -z -uall [11ms]
2024-08-21 15:55:22.888 [info] > git rev-parse --show-toplevel [9ms]
2024-08-21 15:55:22.888 [info] > git config --get commit.template [13ms]
2024-08-21 15:55:22.892 [info] > git config --get commit.template [5ms]
2024-08-21 15:55:22.895 [info] > git rev-parse --git-dir --git-common-dir [3ms]
2024-08-21 15:55:22.897 [info] [Model][openRepository] Opened repository: /home/sgass/Projects/kepler/third_party/googletest
2024-08-21 15:55:22.906 [info] > git for-each-ref --format %(refname) %(objectname) %(*objectname) refs/tags [11ms]
2024-08-21 15:55:22.909 [info] > git rev-parse --show-toplevel [3ms]
2024-08-21 15:55:22.909 [info] > git config --get commit.template [6ms]
2024-08-21 15:55:22.909 [info] > git for-each-ref --format %(refname) %(objectname) %(*objectname) refs/tags [9ms]
2024-08-21 15:55:22.915 [info] > git status -z -uall [6ms]
2024-08-21 15:55:22.915 [info] > git status -z -uall [3ms]
2024-08-21 15:55:22.922 [info] > git rev-parse --show-toplevel [7ms]
2024-08-21 15:55:22.926 [info] > git config --get commit.template [5ms]
2024-08-21 15:55:22.926 [info] > git for-each-ref --format %(refname) %(objectname) %(*objectname) refs/tags [7ms]
2024-08-21 15:55:22.929 [info] > git rev-parse --git-dir --git-common-dir [4ms]
2024-08-21 15:55:22.932 [info] [Model][openRepository] Opened repository: /home/sgass/Projects/kepler/third_party/fast-cpp-csv-parser
2024-08-21 15:55:22.944 [info] > git status -z -uall [15ms]
2024-08-21 15:55:22.957 [info] > git rev-parse --show-toplevel [14ms]
2024-08-21 15:55:22.957 [info] > git config --get commit.template [18ms]
2024-08-21 15:55:22.957 [info] > git for-each-ref --format %(refname) %(objectname) %(*objectname) refs/tags [22ms]
2024-08-21 15:55:22.970 [info] > git status -z -uall [3ms]
2024-08-21 15:55:22.970 [info] > git config --get commit.template [13ms]
2024-08-21 15:55:22.974 [info] > git rev-parse --git-dir --git-common-dir [4ms]
2024-08-21 15:55:22.975 [info] [Model][openRepository] Opened repository: /home/sgass/Projects/kepler/hdl/verilog-axis
2024-08-21 15:55:22.988 [info] > git for-each-ref --format %(refname) %(objectname) %(*objectname) refs/tags [15ms]
2024-08-21 15:55:22.992 [info] > git config --get commit.template [8ms]
2024-08-21 15:55:22.992 [info] > git for-each-ref --format %(refname) %(objectname) %(*objectname) refs/tags [12ms]
2024-08-21 15:55:22.996 [info] > git status -z -uall [5ms]
2024-08-21 15:55:22.998 [info] > git rev-parse --show-toplevel [10ms]
2024-08-21 15:55:23.006 [info] > git status -z -uall [10ms]
2024-08-21 15:55:23.008 [info] > git rev-parse --git-dir --git-common-dir [2ms]
2024-08-21 15:55:23.009 [info] [Model][openRepository] Opened repository: /home/sgass/Projects/kepler/hdl/verilog-ethernet
2024-08-21 15:55:23.010 [info] > git config --get commit.template [7ms]
2024-08-21 15:55:23.010 [info] > git for-each-ref --format %(refname) %(objectname) %(*objectname) refs/tags [9ms]
2024-08-21 15:55:23.028 [info] > git status -z -uall [14ms]
2024-08-21 15:55:23.028 [info] > git config --get commit.template [10ms]
2024-08-21 15:55:23.034 [info] > git for-each-ref --format %(refname) %(objectname) %(*objectname) refs/tags [7ms]
2024-08-21 15:55:23.034 [info] > git rev-parse --show-toplevel [11ms]
2024-08-21 15:55:23.045 [info] > git status -z -uall [7ms]
2024-08-21 15:55:23.045 [info] > git config --get commit.template [11ms]
2024-08-21 15:55:23.046 [info] > git rev-parse --git-dir --git-common-dir [2ms]
2024-08-21 15:55:23.048 [info] [Model][openRepository] Opened repository: /home/sgass/Projects/kepler/third_party/vext.soapysdr
2024-08-21 15:55:23.048 [info] > git for-each-ref --format %(refname) %(objectname) %(*objectname) refs/tags [7ms]
2024-08-21 15:55:23.061 [info] > git status -z -uall [9ms]
2024-08-21 15:55:23.061 [info] > git config --get commit.template [3ms]
2024-08-21 15:55:23.061 [info] > git for-each-ref --format %(refname) %(objectname) %(*objectname) refs/tags [7ms]
2024-08-21 15:55:23.068 [info] > git status -z -uall [2ms]
2024-08-21 15:55:23.068 [info] > git rev-parse --show-toplevel [7ms]
2024-08-21 15:55:23.078 [info] > git config --get commit.template [10ms]
2024-08-21 15:55:23.079 [info] > git rev-parse --git-dir --git-common-dir [2ms]
2024-08-21 15:55:23.080 [info] [Model][openRepository] Opened repository: /home/sgass/Projects/kepler/third_party/STM32CubeL1
2024-08-21 15:55:23.080 [info] > git for-each-ref --format %(refname) %(objectname) %(*objectname) refs/tags [5ms]
2024-08-21 15:55:23.092 [info] > git status -z -uall [8ms]
2024-08-21 15:55:23.092 [info] > git config --get commit.template [4ms]
2024-08-21 15:55:23.092 [info] > git for-each-ref --format %(refname) %(objectname) %(*objectname) refs/tags [6ms]
2024-08-21 15:55:23.102 [info] > git rev-parse --show-toplevel [11ms]
2024-08-21 15:55:23.110 [info] > git status -z -uall [12ms]
2024-08-21 15:55:23.110 [info] > git config --get commit.template [10ms]
2024-08-21 15:55:23.112 [info] > git rev-parse --git-dir --git-common-dir [3ms]
2024-08-21 15:55:23.113 [info] [Model][openRepository] Opened repository: /home/sgass/Projects/kepler/third_party/mender-convert
2024-08-21 15:55:23.114 [info] > git for-each-ref --format %(refname) %(objectname) %(*objectname) refs/tags [8ms]
2024-08-21 15:55:23.124 [info] > git config --get commit.template [1ms]
2024-08-21 15:55:23.125 [info] > git for-each-ref --format %(refname) %(objectname) %(*objectname) refs/tags [6ms]
2024-08-21 15:55:23.132 [info] > git status -z -uall [3ms]
2024-08-21 15:55:23.133 [info] > git for-each-ref --format %(refname) %(objectname) %(*objectname) refs/tags [2ms]
2024-08-21 15:55:23.138 [info] > git status -z -uall [21ms]
2024-08-21 15:55:23.142 [info] > git status -z -uall [7ms]
2024-08-21 15:55:23.147 [info] > git config --get commit.template [5ms]
2024-08-21 15:55:23.148 [info] > git config --get commit.template [1ms]
2024-08-21 15:55:23.154 [info] > git for-each-ref --format %(refname) %(objectname) %(*objectname) refs/tags [3ms]
2024-08-21 15:55:23.156 [info] > git for-each-ref --format %(refname) %(objectname) %(*objectname) refs/tags [3ms]
2024-08-21 15:55:23.164 [info] > git status -z -uall [5ms]
2024-08-21 15:55:23.177 [info] > git status -z -uall [21ms]
2024-08-21 15:55:23.669 [info] > git rev-parse --show-toplevel [2ms]
2024-08-21 15:55:23.672 [info] > git rev-parse --git-dir --git-common-dir [0ms]
2024-08-21 15:55:23.674 [info] [Model][openRepository] Opened repository: /home/sgass/Projects/kepler/third_party/mender-convert/tests/mender-image-tests
2024-08-21 15:55:23.678 [info] > git config --get commit.template [1ms]
2024-08-21 15:55:23.681 [info] > git for-each-ref --format %(refname) %(objectname) %(*objectname) refs/tags [1ms]
2024-08-21 15:55:23.684 [info] > git status -z -uall [1ms]
2024-08-21 15:55:23.692 [info] > git config --get commit.template [3ms]
2024-08-21 15:55:23.692 [info] > git for-each-ref --format %(refname) %(objectname) %(*objectname) refs/tags [0ms]
2024-08-21 15:55:23.696 [info] > git status -z -uall [1ms]
2024-08-21 16:16:34.018 [info] > git show --textconv :python/kepler/kepler/fpga/devices/dac_ad5601_avmm.py [6ms]
2024-08-21 16:16:34.022 [info] > git ls-files --stage -- /home/sgass/Projects/kepler/python/kepler/kepler/fpga/devices/dac_ad5601_avmm.py [5ms]
2024-08-21 16:16:34.028 [info] > git cat-file -s f0e5398214c4ac58cab46495e3d4fb44dd8675d0 [2ms]
2024-08-21 16:16:34.284 [info] > git check-ignore -v -z --stdin [6ms]
2024-08-21 16:17:38.367 [info] > git show --textconv :python/kepler/kepler/fpga/devices/p4_router_avmm.py [9ms]
2024-08-21 16:17:38.372 [info] > git ls-files --stage -- /home/sgass/Projects/kepler/python/kepler/kepler/fpga/devices/p4_router_avmm.py [8ms]
2024-08-21 16:17:38.650 [info] > git check-ignore -v -z --stdin [14ms]
2024-08-21 16:18:14.828 [info] > git show --textconv :python/kepler/kepler/fpga/devices/avmm_addrs_mpcut1.py [10ms]
2024-08-21 16:18:14.834 [info] > git ls-files --stage -- /home/sgass/Projects/kepler/python/kepler/kepler/fpga/devices/avmm_addrs_mpcut1.py [9ms]
2024-08-21 16:18:14.842 [info] > git cat-file -s 3f93bfb9d5b472fdc7a542e9882bdfa257b4f982 [3ms]
2024-08-21 16:18:15.104 [info] > git check-ignore -v -z --stdin [7ms]
2024-08-21 16:18:34.735 [info] > git show --textconv :python/kepler/kepler/fpga/devices/p4_router_avmm.py [8ms]
2024-08-21 16:18:34.739 [info] > git ls-files --stage -- /home/sgass/Projects/kepler/python/kepler/kepler/fpga/devices/p4_router_avmm.py [6ms]
2024-08-21 16:18:41.042 [info] > git ls-files --stage -- /home/sgass/Projects/kepler/python/kepler/kepler/fpga/devices/dvbs2x_demod_avmm.py [3ms]
2024-08-21 16:18:41.046 [info] > git cat-file -s 06a3094563d68caf27d3c222609ab8d6a838d839 [1ms]
2024-08-21 16:18:41.046 [info] > git show --textconv :python/kepler/kepler/fpga/devices/dvbs2x_demod_avmm.py [10ms]
2024-08-21 16:18:41.321 [info] > git check-ignore -v -z --stdin [4ms]
2024-08-21 16:18:50.326 [info] > git show --textconv :python/kepler/kepler/fpga/devices/rx_agc_avmm.py [14ms]
2024-08-21 16:18:50.327 [info] > git ls-files --stage -- /home/sgass/Projects/kepler/python/kepler/kepler/fpga/devices/rx_agc_avmm.py [9ms]
2024-08-21 16:18:50.334 [info] > git cat-file -s 1973a09ca93ca967e7e7c6e8d1ea17645d4bc140 [2ms]
2024-08-21 16:18:50.607 [info] > git check-ignore -v -z --stdin [11ms]
2024-08-21 16:19:35.430 [info] > git show --textconv :python/kepler/kepler/fpga/devices/dvbs2x_demod_avmm.py [5ms]
2024-08-21 16:19:35.432 [info] > git ls-files --stage -- /home/sgass/Projects/kepler/python/kepler/kepler/fpga/devices/dvbs2x_demod_avmm.py [4ms]
2024-08-21 16:19:35.436 [info] > git cat-file -s 06a3094563d68caf27d3c222609ab8d6a838d839 [1ms]
2024-08-21 16:20:05.186 [info] > git show --textconv :python/kepler/kepler/fpga/devices/rx_agc_avmm.py [4ms]
2024-08-21 16:20:05.188 [info] > git ls-files --stage -- /home/sgass/Projects/kepler/python/kepler/kepler/fpga/devices/rx_agc_avmm.py [3ms]
2024-08-21 16:20:05.191 [info] > git cat-file -s 1973a09ca93ca967e7e7c6e8d1ea17645d4bc140 [1ms]
2024-08-21 16:20:07.390 [info] > git show --textconv :python/kepler/kepler/fpga/devices/p4_router_avmm.py [6ms]
2024-08-21 16:20:07.396 [info] > git ls-files --stage -- /home/sgass/Projects/kepler/python/kepler/kepler/fpga/devices/p4_router_avmm.py [6ms]
2024-08-21 16:20:18.227 [info] > git show --textconv :python/kepler/kepler/fpga/devices/rx_agc_avmm.py [11ms]
2024-08-21 16:20:18.233 [info] > git ls-files --stage -- /home/sgass/Projects/kepler/python/kepler/kepler/fpga/devices/rx_agc_avmm.py [9ms]
2024-08-21 16:20:18.241 [info] > git cat-file -s 1973a09ca93ca967e7e7c6e8d1ea17645d4bc140 [2ms]
2024-08-21 16:20:44.711 [info] > git show --textconv :python/kepler/kepler/fpga/devices/adc_mcp3428_avmm.py [5ms]
2024-08-21 16:20:44.713 [info] > git ls-files --stage -- /home/sgass/Projects/kepler/python/kepler/kepler/fpga/devices/adc_mcp3428_avmm.py [3ms]
2024-08-21 16:20:44.722 [info] > git cat-file -s 213ee6756f8bb7a04356615e1894065467bb9bd3 [3ms]
2024-08-21 16:20:45.007 [info] > git check-ignore -v -z --stdin [10ms]
2024-08-21 16:20:54.434 [info] > git show --textconv :python/kepler/kepler/fpga/devices/axis_rx_common_avmm.py [6ms]
2024-08-21 16:20:54.434 [info] > git ls-files --stage -- /home/sgass/Projects/kepler/python/kepler/kepler/fpga/devices/axis_rx_common_avmm.py [3ms]
2024-08-21 16:20:54.438 [info] > git cat-file -s f47bf095f6320e88f8c133216e6aeb2cf6977e0a [1ms]
2024-08-21 16:20:54.726 [info] > git check-ignore -v -z --stdin [8ms]
2024-08-21 16:21:07.884 [info] > git show --textconv :python/kepler/kepler/fpga/devices/adc_mcp3428_avmm.py [12ms]
2024-08-21 16:21:07.891 [info] > git ls-files --stage -- /home/sgass/Projects/kepler/python/kepler/kepler/fpga/devices/adc_mcp3428_avmm.py [11ms]
2024-08-21 16:21:07.898 [info] > git cat-file -s 213ee6756f8bb7a04356615e1894065467bb9bd3 [2ms]
2024-08-21 16:21:17.890 [info] > git show --textconv :python/kepler/kepler/fpga/devices/cpm_ltc2945_avmm.py [5ms]
2024-08-21 16:21:17.891 [info] > git ls-files --stage -- /home/sgass/Projects/kepler/python/kepler/kepler/fpga/devices/cpm_ltc2945_avmm.py [3ms]
2024-08-21 16:21:17.894 [info] > git cat-file -s 201cb24e1269c31c4273c01e361c4a5d5f70e5d3 [1ms]
2024-08-21 16:21:18.172 [info] > git check-ignore -v -z --stdin [4ms]
2024-08-21 16:21:21.615 [info] > git show --textconv :python/kepler/kepler/fpga/devices/adc_mcp3428_avmm.py [6ms]
2024-08-21 16:21:21.617 [info] > git ls-files --stage -- /home/sgass/Projects/kepler/python/kepler/kepler/fpga/devices/adc_mcp3428_avmm.py [3ms]
2024-08-21 16:21:21.625 [info] > git cat-file -s 213ee6756f8bb7a04356615e1894065467bb9bd3 [3ms]
2024-08-21 16:21:25.594 [info] > git show --textconv :python/kepler/kepler/fpga/devices/p4_router_avmm.py [5ms]
2024-08-21 16:21:25.598 [info] > git ls-files --stage -- /home/sgass/Projects/kepler/python/kepler/kepler/fpga/devices/p4_router_avmm.py [5ms]
2024-08-21 16:23:00.809 [info] > git show --textconv :python/kepler/kepler/fpga/devices/rx_agc_avmm.py [11ms]
2024-08-21 16:23:00.814 [info] > git ls-files --stage -- /home/sgass/Projects/kepler/python/kepler/kepler/fpga/devices/rx_agc_avmm.py [8ms]
2024-08-21 16:23:00.825 [info] > git cat-file -s 1973a09ca93ca967e7e7c6e8d1ea17645d4bc140 [4ms]
2024-08-21 16:23:12.196 [info] > git show --textconv :python/kepler/kepler/fpga/devices/adc_mcp3428_avmm.py [6ms]
2024-08-21 16:23:12.199 [info] > git ls-files --stage -- /home/sgass/Projects/kepler/python/kepler/kepler/fpga/devices/adc_mcp3428_avmm.py [5ms]
2024-08-21 16:23:12.203 [info] > git cat-file -s 213ee6756f8bb7a04356615e1894065467bb9bd3 [1ms]
2024-08-21 16:23:26.687 [info] > git show --textconv :python/kepler/kepler/fpga/devices/p4_router_avmm.py [9ms]
2024-08-21 16:23:26.692 [info] > git ls-files --stage -- /home/sgass/Projects/kepler/python/kepler/kepler/fpga/devices/p4_router_avmm.py [8ms]
2024-08-21 16:23:31.030 [info] > git show --textconv :python/kepler/kepler/fpga/devices/adc_mcp3428_avmm.py [4ms]
2024-08-21 16:23:31.032 [info] > git ls-files --stage -- /home/sgass/Projects/kepler/python/kepler/kepler/fpga/devices/adc_mcp3428_avmm.py [3ms]
2024-08-21 16:23:31.035 [info] > git cat-file -s 213ee6756f8bb7a04356615e1894065467bb9bd3 [1ms]
2024-08-21 16:23:44.361 [info] > git show --textconv :python/kepler/kepler/fpga/devices/avmm_common.py [4ms]
2024-08-21 16:23:44.364 [info] > git ls-files --stage -- /home/sgass/Projects/kepler/python/kepler/kepler/fpga/devices/avmm_common.py [4ms]
2024-08-21 16:23:44.367 [info] > git cat-file -s 023b9be463df0aa144c516557179f112a042ee56 [1ms]
2024-08-21 16:23:44.653 [info] > git check-ignore -v -z --stdin [9ms]
2024-08-21 16:24:12.794 [info] > git show --textconv :python/kepler/kepler/fpga/devices/adc_mcp3428_avmm.py [9ms]
2024-08-21 16:24:12.799 [info] > git ls-files --stage -- /home/sgass/Projects/kepler/python/kepler/kepler/fpga/devices/adc_mcp3428_avmm.py [8ms]
2024-08-21 16:24:12.805 [info] > git cat-file -s 213ee6756f8bb7a04356615e1894065467bb9bd3 [2ms]
2024-08-21 16:24:21.962 [info] > git show --textconv :python/kepler/kepler/fpga/devices/p4_router_avmm.py [20ms]
2024-08-21 16:24:21.962 [info] > git ls-files --stage -- /home/sgass/Projects/kepler/python/kepler/kepler/fpga/devices/p4_router_avmm.py [14ms]
2024-08-21 16:24:31.149 [info] > git show --textconv :python/kepler/kepler/fpga/devices/avmm_common.py [4ms]
2024-08-21 16:24:31.152 [info] > git ls-files --stage -- /home/sgass/Projects/kepler/python/kepler/kepler/fpga/devices/avmm_common.py [4ms]
2024-08-21 16:24:31.156 [info] > git cat-file -s 023b9be463df0aa144c516557179f112a042ee56 [1ms]
2024-08-21 16:24:36.043 [info] > git show --textconv :python/kepler/kepler/fpga/devices/adc_mcp3428_avmm.py [4ms]
2024-08-21 16:24:36.045 [info] > git ls-files --stage -- /home/sgass/Projects/kepler/python/kepler/kepler/fpga/devices/adc_mcp3428_avmm.py [3ms]
2024-08-21 16:24:36.049 [info] > git cat-file -s 213ee6756f8bb7a04356615e1894065467bb9bd3 [1ms]
2024-08-21 16:24:57.060 [info] > git show --textconv :python/kepler/kepler/fpga/devices/p4_router_avmm.py [3ms]
2024-08-21 16:24:57.062 [info] > git ls-files --stage -- /home/sgass/Projects/kepler/python/kepler/kepler/fpga/devices/p4_router_avmm.py [3ms]
2024-08-21 16:26:51.696 [info] > git show --textconv :python/kepler/kepler/fpga/devices/adc_mcp3428_avmm.py [11ms]
2024-08-21 16:26:51.700 [info] > git ls-files --stage -- /home/sgass/Projects/kepler/python/kepler/kepler/fpga/devices/adc_mcp3428_avmm.py [8ms]
2024-08-21 16:26:51.707 [info] > git cat-file -s 213ee6756f8bb7a04356615e1894065467bb9bd3 [3ms]
2024-08-21 16:26:59.881 [info] > git show --textconv :python/kepler/kepler/fpga/devices/p4_router_avmm.py [6ms]
2024-08-21 16:26:59.884 [info] > git ls-files --stage -- /home/sgass/Projects/kepler/python/kepler/kepler/fpga/devices/p4_router_avmm.py [4ms]
2024-08-21 16:27:13.063 [info] > git show --textconv :python/kepler/kepler/fpga/devices/avmm_common.py [13ms]
2024-08-21 16:27:13.068 [info] > git ls-files --stage -- /home/sgass/Projects/kepler/python/kepler/kepler/fpga/devices/avmm_common.py [9ms]
2024-08-21 16:27:13.075 [info] > git cat-file -s 023b9be463df0aa144c516557179f112a042ee56 [3ms]
2024-08-21 16:27:18.508 [info] > git show --textconv :python/kepler/kepler/fpga/devices/p4_router_avmm.py [12ms]
2024-08-21 16:27:18.515 [info] > git ls-files --stage -- /home/sgass/Projects/kepler/python/kepler/kepler/fpga/devices/p4_router_avmm.py [9ms]
2024-08-21 16:27:23.699 [info] > git show --textconv :python/kepler/kepler/fpga/devices/avmm_common.py [9ms]
2024-08-21 16:27:23.706 [info] > git ls-files --stage -- /home/sgass/Projects/kepler/python/kepler/kepler/fpga/devices/avmm_common.py [8ms]
2024-08-21 16:27:23.713 [info] > git cat-file -s 023b9be463df0aa144c516557179f112a042ee56 [2ms]
2024-08-21 16:27:29.610 [info] > git show --textconv :python/kepler/kepler/fpga/devices/p4_router_avmm.py [4ms]
2024-08-21 16:27:29.612 [info] > git ls-files --stage -- /home/sgass/Projects/kepler/python/kepler/kepler/fpga/devices/p4_router_avmm.py [3ms]
2024-08-21 16:27:38.497 [info] > git show --textconv :python/kepler/kepler/fpga/devices/avmm_common.py [7ms]
2024-08-21 16:27:38.498 [info] > git ls-files --stage -- /home/sgass/Projects/kepler/python/kepler/kepler/fpga/devices/avmm_common.py [3ms]
2024-08-21 16:27:38.505 [info] > git cat-file -s 023b9be463df0aa144c516557179f112a042ee56 [2ms]
2024-08-21 16:27:41.246 [info] > git show --textconv :python/kepler/kepler/fpga/devices/p4_router_avmm.py [12ms]
2024-08-21 16:27:41.254 [info] > git ls-files --stage -- /home/sgass/Projects/kepler/python/kepler/kepler/fpga/devices/p4_router_avmm.py [11ms]
2024-08-21 16:28:23.541 [info] > git show --textconv :python/kepler/kepler/fpga/devices/avmm_common.py [10ms]
2024-08-21 16:28:23.547 [info] > git ls-files --stage -- /home/sgass/Projects/kepler/python/kepler/kepler/fpga/devices/avmm_common.py [8ms]
2024-08-21 16:28:23.554 [info] > git cat-file -s 023b9be463df0aa144c516557179f112a042ee56 [1ms]
2024-08-21 16:28:31.684 [info] > git show --textconv :python/kepler/kepler/fpga/devices/adc_mcp3428_avmm.py [6ms]
2024-08-21 16:28:31.688 [info] > git ls-files --stage -- /home/sgass/Projects/kepler/python/kepler/kepler/fpga/devices/adc_mcp3428_avmm.py [5ms]
2024-08-21 16:28:31.697 [info] > git cat-file -s 213ee6756f8bb7a04356615e1894065467bb9bd3 [3ms]
2024-08-21 16:29:49.294 [info] > git show --textconv :python/kepler/kepler/fpga/devices/p4_router_avmm.py [10ms]
2024-08-21 16:29:49.302 [info] > git ls-files --stage -- /home/sgass/Projects/kepler/python/kepler/kepler/fpga/devices/p4_router_avmm.py [9ms]
2024-08-21 16:30:36.637 [info] > git show --textconv :hdl/rtl/p4_router/p4_router_avmm_regs.sv [7ms]
2024-08-21 16:30:36.639 [info] > git ls-files --stage -- /home/sgass/Projects/kepler/hdl/rtl/p4_router/p4_router_avmm_regs.sv [5ms]
2024-08-21 16:30:36.645 [info] > git cat-file -s 7f8cc0d1c494b101f32f6b636af7df8a24ea5916 [2ms]
2024-08-21 16:30:36.928 [info] > git check-ignore -v -z --stdin [8ms]
2024-08-21 16:30:44.095 [info] > git show --textconv :python/kepler/kepler/fpga/devices/p4_router_avmm.py [6ms]
2024-08-21 16:30:44.097 [info] > git ls-files --stage -- /home/sgass/Projects/kepler/python/kepler/kepler/fpga/devices/p4_router_avmm.py [3ms]
2024-08-21 16:33:50.116 [info] > git show --textconv :python/kepler/kepler/fpga/devices/p4_router_avmm.py [12ms]
2024-08-21 16:33:50.123 [info] > git ls-files --stage -- /home/sgass/Projects/kepler/python/kepler/kepler/fpga/devices/p4_router_avmm.py [9ms]
2024-08-21 16:33:51.029 [info] > git show --textconv :python/kepler/kepler/fpga/devices/rx_agc_avmm.py [11ms]
2024-08-21 16:33:51.037 [info] > git ls-files --stage -- /home/sgass/Projects/kepler/python/kepler/kepler/fpga/devices/rx_agc_avmm.py [11ms]
2024-08-21 16:33:51.043 [info] > git cat-file -s 1973a09ca93ca967e7e7c6e8d1ea17645d4bc140 [2ms]
2024-08-21 16:34:05.643 [info] > git show --textconv :python/kepler/kepler/fpga/devices/p4_router_avmm.py [3ms]
2024-08-21 16:34:05.646 [info] > git ls-files --stage -- /home/sgass/Projects/kepler/python/kepler/kepler/fpga/devices/p4_router_avmm.py [3ms]
2024-08-21 16:37:43.537 [info] > git show --textconv :python/kepler/kepler/fpga/devices/rx_agc_avmm.py [12ms]
2024-08-21 16:37:43.542 [info] > git ls-files --stage -- /home/sgass/Projects/kepler/python/kepler/kepler/fpga/devices/rx_agc_avmm.py [7ms]
2024-08-21 16:37:43.550 [info] > git cat-file -s 1973a09ca93ca967e7e7c6e8d1ea17645d4bc140 [1ms]
2024-08-21 16:38:00.410 [info] > git show --textconv :python/kepler/kepler/fpga/devices/adc_mcp3428_avmm.py [11ms]
2024-08-21 16:38:00.416 [info] > git ls-files --stage -- /home/sgass/Projects/kepler/python/kepler/kepler/fpga/devices/adc_mcp3428_avmm.py [7ms]
2024-08-21 16:38:00.430 [info] > git cat-file -s 213ee6756f8bb7a04356615e1894065467bb9bd3 [5ms]
2024-08-21 16:38:06.670 [info] > git show --textconv :python/kepler/kepler/fpga/devices/p4_router_avmm.py [11ms]
2024-08-21 16:38:06.677 [info] > git ls-files --stage -- /home/sgass/Projects/kepler/python/kepler/kepler/fpga/devices/p4_router_avmm.py [9ms]
2024-08-21 16:41:41.490 [info] > git show --textconv :hdl/sim/p4_router/p4_router_avmm_regs_tb.sv [10ms]
2024-08-21 16:41:41.495 [info] > git ls-files --stage -- /home/sgass/Projects/kepler/hdl/sim/p4_router/p4_router_avmm_regs_tb.sv [6ms]
2024-08-21 16:41:41.504 [info] > git cat-file -s f33f1dcbb285c77b14cd57b6c2c71b1753d3e1f0 [2ms]
2024-08-21 16:41:41.765 [info] > git check-ignore -v -z --stdin [6ms]
2024-08-21 16:46:08.586 [info] > git show --textconv :hdl/rtl/p4_router/p4_router_avmm_regs.sv [5ms]
2024-08-21 16:46:08.588 [info] > git ls-files --stage -- /home/sgass/Projects/kepler/hdl/rtl/p4_router/p4_router_avmm_regs.sv [3ms]
2024-08-21 16:46:08.593 [info] > git cat-file -s 7f8cc0d1c494b101f32f6b636af7df8a24ea5916 [2ms]
2024-08-22 09:07:07.742 [info] > git show --textconv :hdl/rtl/p4_router/p4_router_avmm_regs.sv [11ms]
2024-08-22 09:07:07.745 [info] > git ls-files --stage -- /home/sgass/Projects/kepler/hdl/rtl/p4_router/p4_router_avmm_regs.sv [4ms]
2024-08-22 09:07:07.753 [info] > git cat-file -s b412ce7997ec26d3f07fd661129d715497cc75be [3ms]
2024-08-22 09:07:09.087 [info] > git show --textconv :python/kepler/kepler/fpga/devices/rx_agc_avmm.py [10ms]
2024-08-22 09:07:09.092 [info] > git ls-files --stage -- /home/sgass/Projects/kepler/python/kepler/kepler/fpga/devices/rx_agc_avmm.py [8ms]
2024-08-22 09:07:09.102 [info] > git cat-file -s 1973a09ca93ca967e7e7c6e8d1ea17645d4bc140 [2ms]
2024-08-22 09:18:10.524 [info] > git show --textconv :python/kepler/kepler/fpga/devices/adc_mcp3428_avmm.py [12ms]
2024-08-22 09:18:10.529 [info] > git ls-files --stage -- /home/sgass/Projects/kepler/python/kepler/kepler/fpga/devices/adc_mcp3428_avmm.py [7ms]
2024-08-22 09:18:10.538 [info] > git cat-file -s 213ee6756f8bb7a04356615e1894065467bb9bd3 [3ms]
2024-08-22 09:20:45.214 [info] > git show --textconv :python/kepler/kepler/fpga/devices/avmm_common.py [6ms]
2024-08-22 09:20:45.218 [info] > git ls-files --stage -- /home/sgass/Projects/kepler/python/kepler/kepler/fpga/devices/avmm_common.py [5ms]
2024-08-22 09:20:45.230 [info] > git cat-file -s 023b9be463df0aa144c516557179f112a042ee56 [3ms]
2024-08-22 09:20:56.987 [info] > git show --textconv :python/kepler/kepler/fpga/devices/adc_mcp3428_avmm.py [8ms]
2024-08-22 09:20:56.991 [info] > git ls-files --stage -- /home/sgass/Projects/kepler/python/kepler/kepler/fpga/devices/adc_mcp3428_avmm.py [5ms]
2024-08-22 09:20:56.999 [info] > git cat-file -s 213ee6756f8bb7a04356615e1894065467bb9bd3 [2ms]
2024-08-22 09:21:41.529 [info] > git show --textconv :python/kepler/kepler/fpga/devices/dac_ad5601_avmm.py [5ms]
2024-08-22 09:21:41.531 [info] > git ls-files --stage -- /home/sgass/Projects/kepler/python/kepler/kepler/fpga/devices/dac_ad5601_avmm.py [3ms]
2024-08-22 09:21:41.535 [info] > git cat-file -s f0e5398214c4ac58cab46495e3d4fb44dd8675d0 [1ms]
2024-08-22 09:23:08.300 [info] > git show --textconv :hdl/rtl/p4_router/p4_router_avmm_regs.sv [11ms]
2024-08-22 09:23:08.305 [info] > git ls-files --stage -- /home/sgass/Projects/kepler/hdl/rtl/p4_router/p4_router_avmm_regs.sv [8ms]
2024-08-22 09:23:08.317 [info] > git cat-file -s b412ce7997ec26d3f07fd661129d715497cc75be [5ms]
2024-08-22 09:23:12.409 [info] > git show --textconv :python/kepler/kepler/fpga/devices/p4_router_avmm.py [5ms]
2024-08-22 09:23:12.413 [info] > git ls-files --stage -- /home/sgass/Projects/kepler/python/kepler/kepler/fpga/devices/p4_router_avmm.py [4ms]
2024-08-22 09:23:16.569 [info] > git show --textconv :hdl/rtl/p4_router/p4_router_avmm_regs.sv [16ms]
2024-08-22 09:23:16.574 [info] > git ls-files --stage -- /home/sgass/Projects/kepler/hdl/rtl/p4_router/p4_router_avmm_regs.sv [10ms]
2024-08-22 09:23:16.581 [info] > git cat-file -s b412ce7997ec26d3f07fd661129d715497cc75be [2ms]
2024-08-22 09:23:18.554 [info] > git show --textconv :python/kepler/kepler/fpga/devices/dac_ad5601_avmm.py [10ms]
2024-08-22 09:23:18.559 [info] > git ls-files --stage -- /home/sgass/Projects/kepler/python/kepler/kepler/fpga/devices/dac_ad5601_avmm.py [7ms]
2024-08-22 09:23:18.567 [info] > git cat-file -s f0e5398214c4ac58cab46495e3d4fb44dd8675d0 [2ms]
2024-08-22 09:23:22.816 [info] > git show --textconv :hdl/rtl/p4_router/p4_router_avmm_regs.sv [11ms]
2024-08-22 09:23:22.823 [info] > git ls-files --stage -- /home/sgass/Projects/kepler/hdl/rtl/p4_router/p4_router_avmm_regs.sv [8ms]
2024-08-22 09:23:22.832 [info] > git cat-file -s b412ce7997ec26d3f07fd661129d715497cc75be [2ms]
2024-08-22 09:23:24.698 [info] > git show --textconv :python/kepler/kepler/fpga/devices/rx_agc_avmm.py [12ms]
2024-08-22 09:23:24.705 [info] > git ls-files --stage -- /home/sgass/Projects/kepler/python/kepler/kepler/fpga/devices/rx_agc_avmm.py [10ms]
2024-08-22 09:23:24.717 [info] > git cat-file -s 1973a09ca93ca967e7e7c6e8d1ea17645d4bc140 [3ms]
2024-08-22 09:24:01.212 [info] > git show --textconv :python/kepler/kepler/fpga/devices/p4_router_avmm.py [11ms]
2024-08-22 09:24:01.220 [info] > git ls-files --stage -- /home/sgass/Projects/kepler/python/kepler/kepler/fpga/devices/p4_router_avmm.py [9ms]
2024-08-22 09:25:54.303 [info] > git show --textconv :python/kepler/kepler/fpga/devices/mmi.py [9ms]
2024-08-22 09:25:54.311 [info] > git ls-files --stage -- /home/sgass/Projects/kepler/python/kepler/kepler/fpga/devices/mmi.py [10ms]
2024-08-22 09:25:54.322 [info] > git cat-file -s ea88f2d6556be443027dde7727890f418b48b02e [2ms]
2024-08-22 09:25:54.586 [info] > git check-ignore -v -z --stdin [6ms]
2024-08-22 09:27:46.950 [info] > git show --textconv :python/kepler/kepler/fpga/devices/rx_agc_avmm.py [3ms]
2024-08-22 09:27:46.953 [info] > git ls-files --stage -- /home/sgass/Projects/kepler/python/kepler/kepler/fpga/devices/rx_agc_avmm.py [3ms]
2024-08-22 09:27:46.957 [info] > git cat-file -s 1973a09ca93ca967e7e7c6e8d1ea17645d4bc140 [1ms]
2024-08-22 09:27:55.386 [info] > git show --textconv :hdl/rtl/p4_router/p4_router_avmm_regs.sv [4ms]
2024-08-22 09:27:55.390 [info] > git ls-files --stage -- /home/sgass/Projects/kepler/hdl/rtl/p4_router/p4_router_avmm_regs.sv [4ms]
2024-08-22 09:27:55.396 [info] > git cat-file -s b412ce7997ec26d3f07fd661129d715497cc75be [2ms]
2024-08-22 09:27:56.926 [info] > git show --textconv :python/kepler/kepler/fpga/devices/p4_router_avmm.py [4ms]
2024-08-22 09:27:56.929 [info] > git ls-files --stage -- /home/sgass/Projects/kepler/python/kepler/kepler/fpga/devices/p4_router_avmm.py [4ms]
2024-08-22 09:28:35.176 [info] > git show --textconv :python/kepler/kepler/fpga/devices/mmi.py [10ms]
2024-08-22 09:28:35.180 [info] > git ls-files --stage -- /home/sgass/Projects/kepler/python/kepler/kepler/fpga/devices/mmi.py [5ms]
2024-08-22 09:28:35.188 [info] > git cat-file -s ea88f2d6556be443027dde7727890f418b48b02e [3ms]
2024-08-22 09:28:37.472 [info] > git show --textconv :python/kepler/kepler/fpga/devices/p4_router_avmm.py [3ms]
2024-08-22 09:28:37.475 [info] > git ls-files --stage -- /home/sgass/Projects/kepler/python/kepler/kepler/fpga/devices/p4_router_avmm.py [3ms]
2024-08-22 09:29:27.276 [info] > git show --textconv :python/kepler/kepler/fpga/devices/rx_agc_avmm.py [11ms]
2024-08-22 09:29:27.282 [info] > git ls-files --stage -- /home/sgass/Projects/kepler/python/kepler/kepler/fpga/devices/rx_agc_avmm.py [6ms]
2024-08-22 09:29:27.295 [info] > git cat-file -s 1973a09ca93ca967e7e7c6e8d1ea17645d4bc140 [3ms]
2024-08-22 09:29:38.295 [info] > git show --textconv :python/kepler/kepler/fpga/devices/p4_router_avmm.py [6ms]
2024-08-22 09:29:38.299 [info] > git ls-files --stage -- /home/sgass/Projects/kepler/python/kepler/kepler/fpga/devices/p4_router_avmm.py [5ms]
2024-08-22 09:46:38.852 [info] > git show --textconv :python/kepler/kepler/fpga/devices/rx_agc_avmm.py [13ms]
2024-08-22 09:46:38.856 [info] > git ls-files --stage -- /home/sgass/Projects/kepler/python/kepler/kepler/fpga/devices/rx_agc_avmm.py [5ms]
2024-08-22 09:46:38.863 [info] > git cat-file -s 1973a09ca93ca967e7e7c6e8d1ea17645d4bc140 [2ms]
2024-08-22 09:47:00.914 [info] > git show --textconv :python/kepler/kepler/fpga/devices/adc_mcp3428_avmm.py [11ms]
2024-08-22 09:47:00.921 [info] > git ls-files --stage -- /home/sgass/Projects/kepler/python/kepler/kepler/fpga/devices/adc_mcp3428_avmm.py [8ms]
2024-08-22 09:47:00.933 [info] > git cat-file -s 213ee6756f8bb7a04356615e1894065467bb9bd3 [3ms]
2024-08-22 09:47:14.136 [info] > git show --textconv :python/kepler/kepler/fpga/devices/p4_router_avmm.py [5ms]
2024-08-22 09:47:14.138 [info] > git ls-files --stage -- /home/sgass/Projects/kepler/python/kepler/kepler/fpga/devices/p4_router_avmm.py [3ms]
2024-08-22 09:48:07.737 [info] > git show --textconv :hdl/rtl/p4_router/p4_router_avmm_regs.sv [5ms]
2024-08-22 09:48:07.740 [info] > git ls-files --stage -- /home/sgass/Projects/kepler/hdl/rtl/p4_router/p4_router_avmm_regs.sv [3ms]
2024-08-22 09:48:07.746 [info] > git cat-file -s b412ce7997ec26d3f07fd661129d715497cc75be [1ms]
2024-08-22 09:48:34.388 [info] > git show --textconv :python/kepler/kepler/fpga/devices/p4_router_avmm.py [9ms]
2024-08-22 09:48:34.397 [info] > git ls-files --stage -- /home/sgass/Projects/kepler/python/kepler/kepler/fpga/devices/p4_router_avmm.py [9ms]
2024-08-22 09:58:34.008 [info] > git show --textconv :hdl/rtl/p4_router/p4_router_avmm_regs.sv [10ms]
2024-08-22 09:58:34.012 [info] > git ls-files --stage -- /home/sgass/Projects/kepler/hdl/rtl/p4_router/p4_router_avmm_regs.sv [5ms]
2024-08-22 09:58:34.023 [info] > git cat-file -s b412ce7997ec26d3f07fd661129d715497cc75be [3ms]
2024-08-22 09:58:45.716 [info] > git show --textconv :python/kepler/kepler/fpga/devices/mmi.py [5ms]
2024-08-22 09:58:45.719 [info] > git ls-files --stage -- /home/sgass/Projects/kepler/python/kepler/kepler/fpga/devices/mmi.py [3ms]
2024-08-22 09:58:45.723 [info] > git cat-file -s ea88f2d6556be443027dde7727890f418b48b02e [1ms]
2024-08-22 09:58:54.297 [info] > git show --textconv :python/kepler/kepler/fpga/devices/p4_router_avmm.py [10ms]
2024-08-22 09:58:54.304 [info] > git ls-files --stage -- /home/sgass/Projects/kepler/python/kepler/kepler/fpga/devices/p4_router_avmm.py [8ms]
2024-08-22 12:04:00.058 [info] > git show --textconv :hdl/rtl/p4_router/p4_router_avmm_regs.sv [10ms]
2024-08-22 12:04:00.061 [info] > git ls-files --stage -- /home/sgass/Projects/kepler/hdl/rtl/p4_router/p4_router_avmm_regs.sv [5ms]
2024-08-22 12:04:00.071 [info] > git cat-file -s b412ce7997ec26d3f07fd661129d715497cc75be [3ms]
2024-08-22 12:04:04.803 [info] > git show --textconv :python/kepler/kepler/fpga/devices/adc_mcp3428_avmm.py [12ms]
2024-08-22 12:04:04.810 [info] > git ls-files --stage -- /home/sgass/Projects/kepler/python/kepler/kepler/fpga/devices/adc_mcp3428_avmm.py [8ms]
2024-08-22 12:04:04.820 [info] > git cat-file -s 213ee6756f8bb7a04356615e1894065467bb9bd3 [3ms]
2024-08-22 12:04:06.802 [info] > git show --textconv :python/kepler/kepler/fpga/devices/p4_router_avmm.py [8ms]
2024-08-22 12:04:06.806 [info] > git ls-files --stage -- /home/sgass/Projects/kepler/python/kepler/kepler/fpga/devices/p4_router_avmm.py [5ms]
2024-08-22 12:58:13.159 [info] > git show --textconv :python/kepler/kepler/fpga/devices/mmi.py [9ms]
2024-08-22 12:58:13.166 [info] > git ls-files --stage -- /home/sgass/Projects/kepler/python/kepler/kepler/fpga/devices/mmi.py [8ms]
2024-08-22 12:58:13.176 [info] > git cat-file -s ea88f2d6556be443027dde7727890f418b48b02e [3ms]
2024-08-22 12:58:16.184 [info] > git show --textconv :hdl/rtl/p4_router/p4_router_avmm_regs.sv [11ms]
2024-08-22 12:58:16.191 [info] > git ls-files --stage -- /home/sgass/Projects/kepler/hdl/rtl/p4_router/p4_router_avmm_regs.sv [8ms]
2024-08-22 12:58:16.202 [info] > git cat-file -s b412ce7997ec26d3f07fd661129d715497cc75be [3ms]
2024-08-22 13:43:44.374 [info] > git show --textconv :hdl/rtl/drp/drp_ctrl_avmm.sv [5ms]
2024-08-22 13:43:44.377 [info] > git ls-files --stage -- /home/sgass/Projects/kepler/hdl/rtl/drp/drp_ctrl_avmm.sv [4ms]
2024-08-22 13:43:44.382 [info] > git cat-file -s 044ae69c22632f4fd9083c2a12c92457c8ab84d4 [1ms]
2024-08-22 13:43:44.666 [info] > git check-ignore -v -z --stdin [8ms]
2024-08-22 13:43:48.628 [info] > git show --textconv :hdl/rtl/p4_router/p4_router_avmm_regs.sv [11ms]
2024-08-22 13:43:48.635 [info] > git ls-files --stage -- /home/sgass/Projects/kepler/hdl/rtl/p4_router/p4_router_avmm_regs.sv [10ms]
2024-08-22 13:43:48.647 [info] > git cat-file -s b412ce7997ec26d3f07fd661129d715497cc75be [3ms]
2024-08-22 13:43:53.185 [info] > git show --textconv :hdl/rtl/drp/drp_ctrl_avmm.sv [11ms]
2024-08-22 13:43:53.188 [info] > git ls-files --stage -- /home/sgass/Projects/kepler/hdl/rtl/drp/drp_ctrl_avmm.sv [5ms]
2024-08-22 13:43:53.194 [info] > git cat-file -s 044ae69c22632f4fd9083c2a12c92457c8ab84d4 [1ms]
2024-08-22 13:43:55.207 [info] > git show --textconv :hdl/rtl/p4_router/p4_router_avmm_regs.sv [8ms]
2024-08-22 13:43:55.210 [info] > git ls-files --stage -- /home/sgass/Projects/kepler/hdl/rtl/p4_router/p4_router_avmm_regs.sv [4ms]
2024-08-22 13:43:55.218 [info] > git cat-file -s b412ce7997ec26d3f07fd661129d715497cc75be [2ms]
2024-08-22 13:43:57.802 [info] > git show --textconv :hdl/rtl/drp/drp_ctrl_avmm.sv [15ms]
2024-08-22 13:43:57.809 [info] > git ls-files --stage -- /home/sgass/Projects/kepler/hdl/rtl/drp/drp_ctrl_avmm.sv [7ms]
2024-08-22 13:43:57.814 [info] > git cat-file -s 044ae69c22632f4fd9083c2a12c92457c8ab84d4 [1ms]
2024-08-22 13:44:01.745 [info] > git show --textconv :hdl/rtl/p4_router/p4_router_avmm_regs.sv [5ms]
2024-08-22 13:44:01.747 [info] > git ls-files --stage -- /home/sgass/Projects/kepler/hdl/rtl/p4_router/p4_router_avmm_regs.sv [3ms]
2024-08-22 13:44:01.752 [info] > git cat-file -s b412ce7997ec26d3f07fd661129d715497cc75be [1ms]
2024-08-22 13:44:14.206 [info] > git show --textconv :hdl/rtl/drp/drp_ctrl_avmm.sv [9ms]
2024-08-22 13:44:14.210 [info] > git ls-files --stage -- /home/sgass/Projects/kepler/hdl/rtl/drp/drp_ctrl_avmm.sv [5ms]
2024-08-22 13:44:14.217 [info] > git cat-file -s 044ae69c22632f4fd9083c2a12c92457c8ab84d4 [1ms]
2024-08-22 13:44:18.294 [info] > git show --textconv :hdl/rtl/p4_router/p4_router_avmm_regs.sv [11ms]
2024-08-22 13:44:18.297 [info] > git ls-files --stage -- /home/sgass/Projects/kepler/hdl/rtl/p4_router/p4_router_avmm_regs.sv [6ms]
2024-08-22 13:44:18.307 [info] > git cat-file -s b412ce7997ec26d3f07fd661129d715497cc75be [3ms]
2024-08-22 13:45:01.638 [info] > git show --textconv :hdl/rtl/drp/drp_ctrl_avmm.sv [4ms]
2024-08-22 13:45:01.641 [info] > git ls-files --stage -- /home/sgass/Projects/kepler/hdl/rtl/drp/drp_ctrl_avmm.sv [3ms]
2024-08-22 13:45:01.650 [info] > git cat-file -s 044ae69c22632f4fd9083c2a12c92457c8ab84d4 [2ms]
2024-08-22 13:45:04.463 [info] > git show --textconv :hdl/rtl/p4_router/p4_router_avmm_regs.sv [6ms]
2024-08-22 13:45:04.470 [info] > git ls-files --stage -- /home/sgass/Projects/kepler/hdl/rtl/p4_router/p4_router_avmm_regs.sv [7ms]
2024-08-22 13:45:04.482 [info] > git cat-file -s b412ce7997ec26d3f07fd661129d715497cc75be [3ms]
2024-08-22 15:09:02.730 [info] > git show --textconv :hdl/sim/p4_router/p4_router_avmm_regs_tb.sv [10ms]
2024-08-22 15:09:02.736 [info] > git ls-files --stage -- /home/sgass/Projects/kepler/hdl/sim/p4_router/p4_router_avmm_regs_tb.sv [6ms]
2024-08-22 15:09:02.748 [info] > git cat-file -s c1ebd45f279fab6657851ea933a25aca26793bf9 [3ms]
2024-08-22 15:09:12.461 [info] > git show --textconv :hdl/rtl/p4_router/p4_router_avmm_regs.sv [9ms]
2024-08-22 15:09:12.465 [info] > git ls-files --stage -- /home/sgass/Projects/kepler/hdl/rtl/p4_router/p4_router_avmm_regs.sv [5ms]
2024-08-22 15:09:12.473 [info] > git cat-file -s b412ce7997ec26d3f07fd661129d715497cc75be [2ms]
2024-08-22 15:58:27.654 [info] > git show --textconv :hdl/sim/p4_router/p4_router_avmm_regs_tb.sv [15ms]
2024-08-22 15:58:27.660 [info] > git ls-files --stage -- /home/sgass/Projects/kepler/hdl/sim/p4_router/p4_router_avmm_regs_tb.sv [6ms]
2024-08-22 15:58:27.671 [info] > git cat-file -s c1ebd45f279fab6657851ea933a25aca26793bf9 [3ms]
2024-08-22 15:58:36.768 [info] > git show --textconv :hdl/rtl/p4_router/p4_router_avmm_regs.sv [4ms]
2024-08-22 15:58:36.771 [info] > git ls-files --stage -- /home/sgass/Projects/kepler/hdl/rtl/p4_router/p4_router_avmm_regs.sv [3ms]
2024-08-22 15:58:36.775 [info] > git cat-file -s b412ce7997ec26d3f07fd661129d715497cc75be [1ms]
2024-08-22 15:59:55.403 [info] > git show --textconv :hdl/sim/p4_router/p4_router_avmm_regs_tb.sv [6ms]
2024-08-22 15:59:55.406 [info] > git ls-files --stage -- /home/sgass/Projects/kepler/hdl/sim/p4_router/p4_router_avmm_regs_tb.sv [4ms]
2024-08-22 15:59:55.411 [info] > git cat-file -s c1ebd45f279fab6657851ea933a25aca26793bf9 [1ms]
2024-08-22 16:00:12.282 [info] > git show --textconv :hdl/rtl/p4_router/p4_router_avmm_regs.sv [4ms]
2024-08-22 16:00:12.286 [info] > git ls-files --stage -- /home/sgass/Projects/kepler/hdl/rtl/p4_router/p4_router_avmm_regs.sv [4ms]
2024-08-22 16:00:12.294 [info] > git cat-file -s b412ce7997ec26d3f07fd661129d715497cc75be [2ms]
2024-08-22 16:01:32.300 [info] > git show --textconv :hdl/sim/p4_router/p4_router_avmm_regs_tb.sv [10ms]
2024-08-22 16:01:32.307 [info] > git ls-files --stage -- /home/sgass/Projects/kepler/hdl/sim/p4_router/p4_router_avmm_regs_tb.sv [8ms]
2024-08-22 16:01:32.314 [info] > git cat-file -s c1ebd45f279fab6657851ea933a25aca26793bf9 [2ms]
2024-08-22 16:01:48.791 [info] > git show --textconv :hdl/rtl/p4_router/p4_router_avmm_regs.sv [6ms]
2024-08-22 16:01:48.794 [info] > git ls-files --stage -- /home/sgass/Projects/kepler/hdl/rtl/p4_router/p4_router_avmm_regs.sv [4ms]
2024-08-22 16:01:48.799 [info] > git cat-file -s b412ce7997ec26d3f07fd661129d715497cc75be [1ms]
2024-08-22 16:02:58.129 [info] > git show --textconv :hdl/sim/p4_router/p4_router_avmm_regs_tb.sv [6ms]
2024-08-22 16:02:58.134 [info] > git ls-files --stage -- /home/sgass/Projects/kepler/hdl/sim/p4_router/p4_router_avmm_regs_tb.sv [5ms]
2024-08-22 16:02:58.146 [info] > git cat-file -s c1ebd45f279fab6657851ea933a25aca26793bf9 [3ms]
2024-08-22 16:03:57.975 [info] > git show --textconv :hdl/rtl/p4_router/p4_router_avmm_regs.sv [12ms]
2024-08-22 16:03:57.980 [info] > git ls-files --stage -- /home/sgass/Projects/kepler/hdl/rtl/p4_router/p4_router_avmm_regs.sv [6ms]
2024-08-22 16:03:57.989 [info] > git cat-file -s b412ce7997ec26d3f07fd661129d715497cc75be [2ms]
2024-08-22 16:04:29.438 [info] > git show --textconv :hdl/sim/p4_router/p4_router_avmm_regs_tb.sv [12ms]
2024-08-22 16:04:29.443 [info] > git ls-files --stage -- /home/sgass/Projects/kepler/hdl/sim/p4_router/p4_router_avmm_regs_tb.sv [6ms]
2024-08-22 16:04:29.455 [info] > git cat-file -s c1ebd45f279fab6657851ea933a25aca26793bf9 [3ms]
2024-08-22 16:04:38.289 [info] > git show --textconv :hdl/rtl/p4_router/p4_router_avmm_regs.sv [13ms]
2024-08-22 16:04:38.297 [info] > git ls-files --stage -- /home/sgass/Projects/kepler/hdl/rtl/p4_router/p4_router_avmm_regs.sv [9ms]
2024-08-22 16:04:38.305 [info] > git cat-file -s b412ce7997ec26d3f07fd661129d715497cc75be [2ms]
2024-08-22 16:05:05.509 [info] > git show --textconv :hdl/sim/p4_router/p4_router_avmm_regs_tb.sv [8ms]
2024-08-22 16:05:05.513 [info] > git ls-files --stage -- /home/sgass/Projects/kepler/hdl/sim/p4_router/p4_router_avmm_regs_tb.sv [5ms]
2024-08-22 16:05:05.519 [info] > git cat-file -s c1ebd45f279fab6657851ea933a25aca26793bf9 [1ms]
2024-08-22 16:10:00.624 [info] > git show --textconv :hdl/rtl/p4_router/p4_router_avmm_regs.sv [10ms]
2024-08-22 16:10:00.630 [info] > git ls-files --stage -- /home/sgass/Projects/kepler/hdl/rtl/p4_router/p4_router_avmm_regs.sv [8ms]
2024-08-22 16:10:00.642 [info] > git cat-file -s b412ce7997ec26d3f07fd661129d715497cc75be [3ms]
2024-08-22 16:10:13.226 [info] > git show --textconv :hdl/sim/p4_router/p4_router_avmm_regs_tb.sv [5ms]
2024-08-22 16:10:13.228 [info] > git ls-files --stage -- /home/sgass/Projects/kepler/hdl/sim/p4_router/p4_router_avmm_regs_tb.sv [3ms]
2024-08-22 16:10:13.233 [info] > git cat-file -s c1ebd45f279fab6657851ea933a25aca26793bf9 [1ms]
2024-08-22 16:10:46.364 [info] > git show --textconv :hdl/rtl/p4_router/p4_router_avmm_regs.sv [5ms]
2024-08-22 16:10:46.366 [info] > git ls-files --stage -- /home/sgass/Projects/kepler/hdl/rtl/p4_router/p4_router_avmm_regs.sv [3ms]
2024-08-22 16:10:46.371 [info] > git cat-file -s b412ce7997ec26d3f07fd661129d715497cc75be [1ms]
2024-08-22 16:11:07.654 [info] > git show --textconv :hdl/sim/p4_router/p4_router_avmm_regs_tb.sv [4ms]
2024-08-22 16:11:07.657 [info] > git ls-files --stage -- /home/sgass/Projects/kepler/hdl/sim/p4_router/p4_router_avmm_regs_tb.sv [3ms]
2024-08-22 16:11:07.662 [info] > git cat-file -s c1ebd45f279fab6657851ea933a25aca26793bf9 [1ms]
2024-08-22 16:11:37.548 [info] > git show --textconv :hdl/rtl/p4_router/p4_router_avmm_regs.sv [5ms]
2024-08-22 16:11:37.552 [info] > git ls-files --stage -- /home/sgass/Projects/kepler/hdl/rtl/p4_router/p4_router_avmm_regs.sv [5ms]
2024-08-22 16:11:37.561 [info] > git cat-file -s b412ce7997ec26d3f07fd661129d715497cc75be [3ms]
2024-08-22 16:11:39.107 [info] > git show --textconv :hdl/sim/p4_router/p4_router_avmm_regs_tb.sv [7ms]
2024-08-22 16:11:39.113 [info] > git ls-files --stage -- /home/sgass/Projects/kepler/hdl/sim/p4_router/p4_router_avmm_regs_tb.sv [7ms]
2024-08-22 16:11:39.128 [info] > git cat-file -s c1ebd45f279fab6657851ea933a25aca26793bf9 [3ms]
2024-08-22 16:11:57.582 [info] > git show --textconv :hdl/rtl/p4_router/p4_router_avmm_regs.sv [10ms]
2024-08-22 16:11:57.588 [info] > git ls-files --stage -- /home/sgass/Projects/kepler/hdl/rtl/p4_router/p4_router_avmm_regs.sv [6ms]
2024-08-22 16:11:57.596 [info] > git cat-file -s b412ce7997ec26d3f07fd661129d715497cc75be [2ms]
2024-08-22 16:11:58.255 [info] > git show --textconv :hdl/sim/p4_router/p4_router_avmm_regs_tb.sv [10ms]
2024-08-22 16:11:58.258 [info] > git ls-files --stage -- /home/sgass/Projects/kepler/hdl/sim/p4_router/p4_router_avmm_regs_tb.sv [5ms]
2024-08-22 16:11:58.273 [info] > git cat-file -s c1ebd45f279fab6657851ea933a25aca26793bf9 [4ms]
2024-08-22 16:13:09.717 [info] > git show --textconv :python/kepler/kepler/fpga/devices/p4_router_avmm.py [6ms]
2024-08-22 16:13:09.720 [info] > git ls-files --stage -- /home/sgass/Projects/kepler/python/kepler/kepler/fpga/devices/p4_router_avmm.py [4ms]
2024-08-22 16:13:11.253 [info] > git show --textconv :hdl/rtl/p4_router/p4_router_avmm_regs.sv [11ms]
2024-08-22 16:13:11.258 [info] > git ls-files --stage -- /home/sgass/Projects/kepler/hdl/rtl/p4_router/p4_router_avmm_regs.sv [7ms]
2024-08-22 16:13:11.267 [info] > git cat-file -s b412ce7997ec26d3f07fd661129d715497cc75be [2ms]
2024-08-22 16:14:43.985 [info] > git show --textconv :hdl/sim/p4_router/p4_router_avmm_regs_tb.sv [13ms]
2024-08-22 16:14:43.993 [info] > git ls-files --stage -- /home/sgass/Projects/kepler/hdl/sim/p4_router/p4_router_avmm_regs_tb.sv [9ms]
2024-08-22 16:14:44.005 [info] > git cat-file -s c1ebd45f279fab6657851ea933a25aca26793bf9 [3ms]
2024-08-22 16:16:16.712 [info] > git show --textconv :hdl/rtl/p4_router/p4_router_avmm_regs.sv [4ms]
2024-08-22 16:16:16.714 [info] > git ls-files --stage -- /home/sgass/Projects/kepler/hdl/rtl/p4_router/p4_router_avmm_regs.sv [3ms]
2024-08-22 16:16:16.719 [info] > git cat-file -s b412ce7997ec26d3f07fd661129d715497cc75be [1ms]
2024-08-22 16:27:55.156 [info] > git show --textconv :hdl/sim/p4_router/p4_router_avmm_regs_tb.sv [11ms]
2024-08-22 16:27:55.162 [info] > git ls-files --stage -- /home/sgass/Projects/kepler/hdl/sim/p4_router/p4_router_avmm_regs_tb.sv [8ms]
2024-08-22 16:27:55.173 [info] > git cat-file -s c1ebd45f279fab6657851ea933a25aca26793bf9 [3ms]
2024-08-22 16:38:49.405 [info] > git show --textconv :hdl/rtl/p4_router/p4_router_avmm_regs.sv [10ms]
2024-08-22 16:38:49.409 [info] > git ls-files --stage -- /home/sgass/Projects/kepler/hdl/rtl/p4_router/p4_router_avmm_regs.sv [6ms]
2024-08-22 16:38:49.421 [info] > git cat-file -s b412ce7997ec26d3f07fd661129d715497cc75be [3ms]
2024-08-22 16:39:24.141 [info] > git show --textconv :hdl/sim/p4_router/p4_router_avmm_regs_tb.sv [10ms]
2024-08-22 16:39:24.148 [info] > git ls-files --stage -- /home/sgass/Projects/kepler/hdl/sim/p4_router/p4_router_avmm_regs_tb.sv [8ms]
2024-08-22 16:39:24.157 [info] > git cat-file -s c1ebd45f279fab6657851ea933a25aca26793bf9 [2ms]
2024-08-22 16:40:27.607 [info] > git show --textconv :hdl/rtl/p4_router/p4_router_avmm_regs.sv [11ms]
2024-08-22 16:40:27.614 [info] > git ls-files --stage -- /home/sgass/Projects/kepler/hdl/rtl/p4_router/p4_router_avmm_regs.sv [8ms]
2024-08-22 16:40:27.625 [info] > git cat-file -s b412ce7997ec26d3f07fd661129d715497cc75be [2ms]
2024-08-22 16:40:34.461 [info] > git show --textconv :hdl/sim/p4_router/p4_router_avmm_regs_tb.sv [10ms]
2024-08-22 16:40:34.466 [info] > git ls-files --stage -- /home/sgass/Projects/kepler/hdl/sim/p4_router/p4_router_avmm_regs_tb.sv [6ms]
2024-08-22 16:40:34.477 [info] > git cat-file -s c1ebd45f279fab6657851ea933a25aca26793bf9 [2ms]
2024-08-22 16:42:56.731 [info] > git show --textconv :hdl/rtl/p4_router/p4_router_avmm_regs.sv [14ms]
2024-08-22 16:42:56.738 [info] > git ls-files --stage -- /home/sgass/Projects/kepler/hdl/rtl/p4_router/p4_router_avmm_regs.sv [9ms]
2024-08-22 16:42:56.749 [info] > git cat-file -s b412ce7997ec26d3f07fd661129d715497cc75be [3ms]
2024-08-22 16:43:21.998 [info] > git show --textconv :hdl/sim/p4_router/p4_router_avmm_regs_tb.sv [8ms]
2024-08-22 16:43:22.004 [info] > git ls-files --stage -- /home/sgass/Projects/kepler/hdl/sim/p4_router/p4_router_avmm_regs_tb.sv [7ms]
2024-08-22 16:43:22.021 [info] > git cat-file -s c1ebd45f279fab6657851ea933a25aca26793bf9 [3ms]
2024-08-22 16:54:53.203 [info] > git show --textconv :hdl/rtl/p4_router/p4_router_avmm_regs.sv [11ms]
2024-08-22 16:54:53.209 [info] > git ls-files --stage -- /home/sgass/Projects/kepler/hdl/rtl/p4_router/p4_router_avmm_regs.sv [7ms]
2024-08-22 16:54:53.221 [info] > git cat-file -s b412ce7997ec26d3f07fd661129d715497cc75be [3ms]
2024-08-22 17:03:18.957 [info] > git show --textconv :python/kepler/kepler/fpga/devices/p4_router_avmm.py [4ms]
2024-08-22 17:03:18.960 [info] > git ls-files --stage -- /home/sgass/Projects/kepler/python/kepler/kepler/fpga/devices/p4_router_avmm.py [4ms]
2024-08-22 17:03:19.969 [info] > git show --textconv :hdl/rtl/p4_router/p4_router_avmm_regs.sv [8ms]
2024-08-22 17:03:19.973 [info] > git ls-files --stage -- /home/sgass/Projects/kepler/hdl/rtl/p4_router/p4_router_avmm_regs.sv [6ms]
2024-08-22 17:03:19.982 [info] > git cat-file -s b412ce7997ec26d3f07fd661129d715497cc75be [2ms]
2024-08-22 19:25:22.521 [info] > git show --textconv :python/kepler/kepler/fpga/devices/p4_router_avmm.py [6ms]
2024-08-22 19:25:22.524 [info] > git ls-files --stage -- /home/sgass/Projects/kepler/python/kepler/kepler/fpga/devices/p4_router_avmm.py [4ms]
2024-08-22 19:27:34.891 [info] > git show --textconv :hdl/rtl/p4_router/p4_router_avmm_regs.sv [10ms]
2024-08-22 19:27:34.896 [info] > git ls-files --stage -- /home/sgass/Projects/kepler/hdl/rtl/p4_router/p4_router_avmm_regs.sv [6ms]
2024-08-22 19:27:34.907 [info] > git cat-file -s b412ce7997ec26d3f07fd661129d715497cc75be [3ms]
2024-08-22 19:27:41.771 [info] > git show --textconv :python/kepler/kepler/fpga/devices/p4_router_avmm.py [9ms]
2024-08-22 19:27:41.778 [info] > git ls-files --stage -- /home/sgass/Projects/kepler/python/kepler/kepler/fpga/devices/p4_router_avmm.py [7ms]
2024-08-22 19:43:26.060 [info] > git show --textconv :python/kepler/kepler/fpga/sdr_platform/sdr_factory_pcuecp.py [6ms]
2024-08-22 19:43:26.063 [info] > git ls-files --stage -- /home/sgass/Projects/kepler/python/kepler/kepler/fpga/sdr_platform/sdr_factory_pcuecp.py [3ms]
2024-08-22 19:43:26.068 [info] > git cat-file -s 1600cdea6e866425ed6d4b6802bfbb888123c954 [1ms]
2024-08-22 19:43:26.327 [info] > git check-ignore -v -z --stdin [4ms]
2024-08-22 19:44:16.353 [info] > git show --textconv :python/kepler/kepler/fpga/devices/p4_router_avmm.py [9ms]
2024-08-22 19:44:16.360 [info] > git ls-files --stage -- /home/sgass/Projects/kepler/python/kepler/kepler/fpga/devices/p4_router_avmm.py [8ms]
2024-08-22 19:44:25.459 [info] > git show --textconv :python/kepler/kepler/fpga/sdr_platform/sdr_factory_pcuecp.py [4ms]
2024-08-22 19:44:25.463 [info] > git ls-files --stage -- /home/sgass/Projects/kepler/python/kepler/kepler/fpga/sdr_platform/sdr_factory_pcuecp.py [4ms]
2024-08-22 19:44:25.468 [info] > git cat-file -s 1600cdea6e866425ed6d4b6802bfbb888123c954 [1ms]
2024-08-22 19:44:29.068 [info] > git show --textconv :python/kepler/kepler/fpga/devices/p4_router_avmm.py [3ms]
2024-08-22 19:44:29.071 [info] > git ls-files --stage -- /home/sgass/Projects/kepler/python/kepler/kepler/fpga/devices/p4_router_avmm.py [3ms]
2024-08-22 19:44:37.741 [info] > git show --textconv :python/kepler/kepler/fpga/sdr_platform/sdr_factory_pcuecp.py [4ms]
2024-08-22 19:44:37.744 [info] > git ls-files --stage -- /home/sgass/Projects/kepler/python/kepler/kepler/fpga/sdr_platform/sdr_factory_pcuecp.py [4ms]
2024-08-22 19:44:37.749 [info] > git cat-file -s 1600cdea6e866425ed6d4b6802bfbb888123c954 [1ms]
2024-08-22 19:44:53.745 [info] > git show --textconv :python/kepler/kepler/fpga/devices/sem_ultrascale_avmm.py [12ms]
2024-08-22 19:44:53.751 [info] > git ls-files --stage -- /home/sgass/Projects/kepler/python/kepler/kepler/fpga/devices/sem_ultrascale_avmm.py [7ms]
2024-08-22 19:44:53.760 [info] > git cat-file -s 99cc72f13aedf7109bc5e75e31aae2eb89767e26 [2ms]
2024-08-22 19:44:54.021 [info] > git check-ignore -v -z --stdin [3ms]
2024-08-22 19:45:00.086 [info] > git show --textconv :python/kepler/kepler/fpga/sdr_platform/sdr_factory_pcuecp.py [11ms]
2024-08-22 19:45:00.092 [info] > git ls-files --stage -- /home/sgass/Projects/kepler/python/kepler/kepler/fpga/sdr_platform/sdr_factory_pcuecp.py [7ms]
2024-08-22 19:45:00.101 [info] > git cat-file -s 1600cdea6e866425ed6d4b6802bfbb888123c954 [2ms]
2024-08-22 19:45:09.745 [info] > git show --textconv :python/kepler/kepler/fpga/devices/sem_ultrascale_avmm.py [14ms]
2024-08-22 19:45:09.751 [info] > git ls-files --stage -- /home/sgass/Projects/kepler/python/kepler/kepler/fpga/devices/sem_ultrascale_avmm.py [6ms]
2024-08-22 19:45:09.760 [info] > git cat-file -s 99cc72f13aedf7109bc5e75e31aae2eb89767e26 [2ms]
2024-08-22 19:45:34.335 [info] > git show --textconv :python/kepler/kepler/fpga/sdr_platform/sdr_factory_pcuecp.py [11ms]
2024-08-22 19:45:34.338 [info] > git ls-files --stage -- /home/sgass/Projects/kepler/python/kepler/kepler/fpga/sdr_platform/sdr_factory_pcuecp.py [4ms]
2024-08-22 19:45:34.348 [info] > git cat-file -s 1600cdea6e866425ed6d4b6802bfbb888123c954 [2ms]
2024-08-22 19:46:19.895 [info] > git show --textconv :python/kepler/kepler/fpga/devices/sem_ultrascale_avmm.py [4ms]
2024-08-22 19:46:19.898 [info] > git ls-files --stage -- /home/sgass/Projects/kepler/python/kepler/kepler/fpga/devices/sem_ultrascale_avmm.py [3ms]
2024-08-22 19:46:19.902 [info] > git cat-file -s 99cc72f13aedf7109bc5e75e31aae2eb89767e26 [1ms]
2024-08-22 19:46:26.195 [info] > git show --textconv :python/kepler/kepler/fpga/sdr_platform/sdr_factory_pcuecp.py [11ms]
2024-08-22 19:46:26.203 [info] > git ls-files --stage -- /home/sgass/Projects/kepler/python/kepler/kepler/fpga/sdr_platform/sdr_factory_pcuecp.py [9ms]
2024-08-22 19:46:26.215 [info] > git cat-file -s 1600cdea6e866425ed6d4b6802bfbb888123c954 [3ms]
2024-08-22 19:47:59.628 [info] > git show --textconv :python/kepler/kepler/fpga/devices/avmm_addrs_pcuecp.py [5ms]
2024-08-22 19:47:59.632 [info] > git ls-files --stage -- /home/sgass/Projects/kepler/python/kepler/kepler/fpga/devices/avmm_addrs_pcuecp.py [4ms]
2024-08-22 19:47:59.642 [info] > git cat-file -s 641b22545db061aabf81f578efa1c46f84bcc336 [3ms]
2024-08-22 19:47:59.906 [info] > git check-ignore -v -z --stdin [3ms]
2024-08-22 19:48:09.649 [info] > git show --textconv :python/kepler/kepler/fpga/sdr_platform/sdr_factory_pcuecp.py [12ms]
2024-08-22 19:48:09.656 [info] > git ls-files --stage -- /home/sgass/Projects/kepler/python/kepler/kepler/fpga/sdr_platform/sdr_factory_pcuecp.py [8ms]
2024-08-22 19:48:09.666 [info] > git cat-file -s 1600cdea6e866425ed6d4b6802bfbb888123c954 [3ms]
2024-08-22 19:48:26.386 [info] > git show --textconv :python/kepler/kepler/fpga/devices/avmm_addrs_pcuecp.py [10ms]
2024-08-22 19:48:26.394 [info] > git ls-files --stage -- /home/sgass/Projects/kepler/python/kepler/kepler/fpga/devices/avmm_addrs_pcuecp.py [8ms]
2024-08-22 19:48:26.406 [info] > git cat-file -s 641b22545db061aabf81f578efa1c46f84bcc336 [3ms]
2024-08-22 19:48:28.548 [info] > git show --textconv :python/kepler/kepler/fpga/sdr_platform/sdr_factory_pcuecp.py [4ms]
2024-08-22 19:48:28.555 [info] > git ls-files --stage -- /home/sgass/Projects/kepler/python/kepler/kepler/fpga/sdr_platform/sdr_factory_pcuecp.py [7ms]
2024-08-22 19:48:28.566 [info] > git cat-file -s 1600cdea6e866425ed6d4b6802bfbb888123c954 [3ms]
2024-08-22 19:48:29.935 [info] > git show --textconv :python/kepler/kepler/fpga/devices/sem_ultrascale_avmm.py [10ms]
2024-08-22 19:48:29.943 [info] > git ls-files --stage -- /home/sgass/Projects/kepler/python/kepler/kepler/fpga/devices/sem_ultrascale_avmm.py [8ms]
2024-08-22 19:48:29.953 [info] > git cat-file -s 99cc72f13aedf7109bc5e75e31aae2eb89767e26 [2ms]
2024-08-22 19:49:05.336 [info] > git show --textconv :python/kepler/kepler/fpga/generators/bus_addrs/avmm_addrs-pcuecp.csv [10ms]
2024-08-22 19:49:05.344 [info] > git ls-files --stage -- /home/sgass/Projects/kepler/python/kepler/kepler/fpga/generators/bus_addrs/avmm_addrs-pcuecp.csv [9ms]
2024-08-22 19:49:05.357 [info] > git cat-file -s dc4d9f918a88f668233625103c1a5250fb90b21b [4ms]
2024-08-22 19:49:05.611 [info] > git check-ignore -v -z --stdin [6ms]
2024-08-22 19:55:00.257 [info] > git show --textconv :python/kepler/kepler/fpga/devices/sem_ultrascale_avmm.py [13ms]
2024-08-22 19:55:00.266 [info] > git ls-files --stage -- /home/sgass/Projects/kepler/python/kepler/kepler/fpga/devices/sem_ultrascale_avmm.py [10ms]
2024-08-22 19:55:00.277 [info] > git cat-file -s 99cc72f13aedf7109bc5e75e31aae2eb89767e26 [2ms]
2024-08-22 19:55:04.637 [info] > git show --textconv :python/kepler/kepler/fpga/devices/p4_router_avmm.py [4ms]
2024-08-22 19:55:04.640 [info] > git ls-files --stage -- /home/sgass/Projects/kepler/python/kepler/kepler/fpga/devices/p4_router_avmm.py [3ms]
2024-08-22 19:55:04.646 [info] > git cat-file -s ec10ea67123b9e6c2930a87d05e405271fb5e6cb [1ms]
2024-08-22 19:57:26.377 [info] > git show --textconv :python/kepler/kepler/fpga/devices/p4_router_avmm.py [11ms]
2024-08-22 19:57:26.383 [info] > git ls-files --stage -- /home/sgass/Projects/kepler/python/kepler/kepler/fpga/devices/p4_router_avmm.py [7ms]
2024-08-22 19:57:26.398 [info] > git cat-file -s 6efa339b59ff9b864ed6a2228fbe3a8c705b9ac6 [3ms]
2024-08-22 20:03:18.598 [info] > git show --textconv :python/kepler/kepler/fpga/devices/p4_router_avmm.py [11ms]
2024-08-22 20:03:18.604 [info] > git ls-files --stage -- /home/sgass/Projects/kepler/python/kepler/kepler/fpga/devices/p4_router_avmm.py [8ms]
2024-08-22 20:03:18.615 [info] > git cat-file -s db4a8f2d8de1c5c2b84778ef3156c9999a485a0e [2ms]
2024-08-22 20:03:33.843 [info] > git show --textconv :python/kepler/kepler/fpga/devices/p4_router_avmm.py [4ms]
2024-08-22 20:03:33.846 [info] > git ls-files --stage -- /home/sgass/Projects/kepler/python/kepler/kepler/fpga/devices/p4_router_avmm.py [3ms]
2024-08-22 20:03:33.850 [info] > git cat-file -s db4a8f2d8de1c5c2b84778ef3156c9999a485a0e [1ms]
