2024-08-07 12:25:21.028 [info] update#setState idle
2024-08-07 12:25:40.211 [error] update#isLatestVersion(): failed to check for updates
2024-08-07 12:25:40.211 [error] Error: net::ERR_SOCKET_NOT_CONNECTED
    at SimpleURLLoaderWrapper.<anonymous> (node:electron/js2c/browser_init:2:114352)
    at SimpleURLLoaderWrapper.emit (node:events:519:28)
2024-08-07 12:25:51.030 [info] update#setState checking for updates
2024-08-07 12:25:51.285 [info] update#setState idle
2024-08-07 13:25:51.042 [info] update#setState checking for updates
2024-08-07 13:25:51.459 [info] update#setState idle
2024-08-07 14:25:51.046 [info] update#setState checking for updates
2024-08-07 14:25:51.471 [info] update#setState idle
2024-08-07 15:25:51.049 [info] update#setState checking for updates
2024-08-07 15:25:51.438 [info] update#setState idle
2024-08-07 16:25:51.052 [info] update#setState checking for updates
2024-08-07 16:25:51.511 [info] update#setState idle
2024-08-07 17:25:51.055 [info] update#setState checking for updates
2024-08-07 17:25:51.461 [info] update#setState idle
2024-08-07 18:25:51.056 [info] update#setState checking for updates
2024-08-07 18:25:51.525 [info] update#setState idle
2024-08-07 19:25:51.057 [info] update#setState checking for updates
2024-08-07 19:25:51.502 [info] update#setState idle
2024-08-07 20:25:51.060 [info] update#setState checking for updates
2024-08-07 20:25:51.512 [info] update#setState idle
2024-08-08 08:33:48.310 [info] update#setState checking for updates
2024-08-08 08:33:48.678 [info] update#setState idle
2024-08-08 09:33:48.314 [info] update#setState checking for updates
2024-08-08 09:33:48.689 [info] update#setState idle
2024-08-08 10:33:48.316 [info] update#setState checking for updates
2024-08-08 10:33:48.736 [info] update#setState idle
2024-08-08 11:33:48.317 [info] update#setState checking for updates
2024-08-08 11:33:48.772 [info] update#setState idle
2024-08-08 12:42:47.222 [info] update#setState checking for updates
2024-08-08 12:42:47.458 [info] update#setState available for download
2024-08-11 10:11:15.748 [info] Extension host with pid 1209940 exited with code: 0, signal: unknown.
