2025-02-03 10:25:42.812 [info] Reading sessions from keychain...
2025-02-03 10:25:42.812 [info] Getting sessions for all scopes...
2025-02-03 10:25:42.812 [info] Getting sessions for all scopes...
2025-02-03 10:25:42.812 [info] Getting sessions for read:user,repo,user:email,workflow...
2025-02-03 10:25:42.812 [info] Got 0 sessions for ...
2025-02-03 10:25:42.812 [info] Got 0 sessions for ...
2025-02-03 10:25:42.812 [info] Got 0 sessions for read:user,repo,user:email,workflow...
2025-02-03 10:25:42.897 [info] Getting sessions for read:user,repo,user:email,workflow...
2025-02-03 10:25:42.897 [info] Got 0 sessions for read:user,repo,user:email,workflow...
2025-02-03 13:28:35.489 [info] Reading sessions from keychain...
2025-02-03 13:28:35.489 [info] Getting sessions for all scopes...
2025-02-03 13:28:35.489 [info] Got 0 sessions for ...
2025-02-03 13:28:35.489 [info] Getting sessions for all scopes...
2025-02-03 13:28:35.489 [info] Got 0 sessions for ...
2025-02-03 13:28:36.525 [info] Getting sessions for read:user,repo,user:email,workflow...
2025-02-03 13:28:36.526 [info] Got 0 sessions for read:user,repo,user:email,workflow...
2025-02-03 13:28:36.648 [info] Getting sessions for read:user,repo,user:email,workflow...
2025-02-03 13:28:36.648 [info] Got 0 sessions for read:user,repo,user:email,workflow...
2025-02-03 13:28:36.775 [info] Getting sessions for read:user,repo,user:email,workflow...
2025-02-03 13:28:36.775 [info] Got 0 sessions for read:user,repo,user:email,workflow...
2025-02-03 13:28:56.565 [info] Reading sessions from keychain...
2025-02-03 13:28:56.565 [info] Getting sessions for all scopes...
2025-02-03 13:28:56.565 [info] Getting sessions for all scopes...
2025-02-03 13:28:56.565 [info] Got 0 sessions for ...
2025-02-03 13:28:56.565 [info] Got 0 sessions for ...
2025-02-03 13:28:56.565 [info] Getting sessions for read:user,repo,user:email,workflow...
2025-02-03 13:28:56.565 [info] Got 0 sessions for read:user,repo,user:email,workflow...
2025-02-03 13:28:56.762 [info] Getting sessions for read:user,repo,user:email,workflow...
2025-02-03 13:28:56.762 [info] Got 0 sessions for read:user,repo,user:email,workflow...
2025-02-03 14:19:02.023 [info] Reading sessions from keychain...
2025-02-03 14:19:02.023 [info] Getting sessions for all scopes...
2025-02-03 14:19:02.023 [info] Getting sessions for all scopes...
2025-02-03 14:19:02.023 [info] Got 0 sessions for ...
2025-02-03 14:19:02.023 [info] Got 0 sessions for ...
2025-02-03 14:19:02.023 [info] Getting sessions for read:user,repo,user:email,workflow...
2025-02-03 14:19:02.023 [info] Got 0 sessions for read:user,repo,user:email,workflow...
2025-02-03 14:19:02.155 [info] Getting sessions for read:user,repo,user:email,workflow...
2025-02-03 14:19:02.155 [info] Got 0 sessions for read:user,repo,user:email,workflow...
2025-02-03 15:16:53.532 [info] Reading sessions from keychain...
2025-02-03 15:16:53.532 [info] Getting sessions for all scopes...
2025-02-03 15:16:53.532 [info] Getting sessions for all scopes...
2025-02-03 15:16:53.532 [info] Got 0 sessions for ...
2025-02-03 15:16:53.532 [info] Got 0 sessions for ...
2025-02-03 15:16:53.532 [info] Getting sessions for read:user,repo,user:email,workflow...
2025-02-03 15:16:53.532 [info] Got 0 sessions for read:user,repo,user:email,workflow...
2025-02-03 15:16:53.563 [info] Getting sessions for read:user,repo,user:email,workflow...
2025-02-03 15:16:53.563 [info] Got 0 sessions for read:user,repo,user:email,workflow...
2025-02-03 15:16:53.690 [info] Getting sessions for read:user,repo,user:email,workflow...
2025-02-03 15:16:53.690 [info] Got 0 sessions for read:user,repo,user:email,workflow...
