2024-08-01 14:24:49.980 [info] Log level: Info
2024-08-01 14:24:49.980 [info] Validating found git in: "git"
2024-08-01 14:24:49.980 [info] Using git "2.34.1" from "git"
2024-08-01 14:24:49.980 [info] > git rev-parse --show-toplevel [4ms]
2024-08-01 14:24:49.980 [info] > git rev-parse --git-dir --git-common-dir [13ms]
2024-08-01 14:24:49.980 [info] Open repository: /home/sgass/Projects/kepler
2024-08-01 14:24:49.989 [info] > git rev-parse --show-toplevel [2ms]
2024-08-01 14:24:49.989 [info] > git config --get commit.template [5ms]
2024-08-01 14:24:49.998 [info] > git rev-parse --show-toplevel [4ms]
2024-08-01 14:24:50.002 [info] > git for-each-ref --format=%(refname)%00%(upstream:short)%00%(objectname)%00%(upstream:track)%00%(upstream:remotename)%00%(upstream:remoteref) refs/heads/sgass/prod/no-ref/ipv4_checksum refs/remotes/sgass/prod/no-ref/ipv4_checksum [5ms]
2024-08-01 14:24:50.006 [info] > git rev-parse --show-toplevel [5ms]
2024-08-01 14:24:50.012 [info] > git rev-parse --show-toplevel [1ms]
2024-08-01 14:24:50.019 [info] > git rev-parse --show-toplevel [2ms]
2024-08-01 14:24:50.024 [info] > git rev-parse --show-toplevel [1ms]
2024-08-01 14:24:50.030 [info] > git rev-parse --show-toplevel [2ms]
2024-08-01 14:24:50.034 [info] > git rev-parse --show-toplevel [1ms]
2024-08-01 14:24:50.047 [info] > git rev-parse --show-toplevel [10ms]
2024-08-01 14:24:50.058 [info] > git rev-parse --show-toplevel [5ms]
2024-08-01 14:24:50.066 [info] > git rev-parse --show-toplevel [2ms]
2024-08-01 14:24:50.072 [info] > git rev-parse --show-toplevel [2ms]
2024-08-01 14:24:50.078 [info] > git rev-parse --show-toplevel [1ms]
2024-08-01 14:24:50.083 [info] > git rev-parse --show-toplevel [2ms]
2024-08-01 14:24:50.088 [info] > git rev-parse --show-toplevel [2ms]
2024-08-01 14:24:50.095 [info] > git rev-parse --show-toplevel [2ms]
2024-08-01 14:24:50.099 [info] > git rev-parse --show-toplevel [1ms]
2024-08-01 14:24:50.103 [info] > git rev-parse --show-toplevel [1ms]
2024-08-01 14:24:50.108 [info] > git rev-parse --show-toplevel [1ms]
2024-08-01 14:24:50.114 [info] > git rev-parse --show-toplevel [1ms]
2024-08-01 14:24:50.118 [info] > git rev-parse --show-toplevel [1ms]
2024-08-01 14:24:50.123 [info] > git rev-parse --show-toplevel [1ms]
2024-08-01 14:24:50.129 [info] > git rev-parse --show-toplevel [1ms]
2024-08-01 14:24:50.134 [info] > git rev-parse --show-toplevel [1ms]
2024-08-01 14:24:50.139 [info] > git rev-parse --show-toplevel [2ms]
2024-08-01 14:24:50.144 [info] > git rev-parse --show-toplevel [2ms]
2024-08-01 14:24:50.148 [info] > git rev-parse --show-toplevel [1ms]
2024-08-01 14:24:50.153 [info] > git rev-parse --show-toplevel [1ms]
2024-08-01 14:24:50.159 [info] > git rev-parse --show-toplevel [1ms]
2024-08-01 14:24:50.165 [info] > git rev-parse --show-toplevel [1ms]
2024-08-01 14:24:50.170 [info] > git rev-parse --show-toplevel [1ms]
2024-08-01 14:24:50.180 [info] > git rev-parse --show-toplevel [5ms]
2024-08-01 14:24:50.185 [info] > git rev-parse --show-toplevel [1ms]
2024-08-01 14:24:50.189 [info] > git rev-parse --show-toplevel [2ms]
2024-08-01 14:24:50.194 [info] > git rev-parse --show-toplevel [1ms]
2024-08-01 14:24:50.539 [info] > git show --textconv :hdl/rtl/p4_router/p4_router_vnp4_ipv4_chksum_extern_wrapper.sv [5ms]
2024-08-01 14:24:50.542 [info] > git ls-files --stage -- /home/sgass/Projects/kepler/hdl/rtl/p4_router/p4_router_vnp4_ipv4_chksum_extern_wrapper.sv [4ms]
2024-08-01 14:24:50.546 [info] > git cat-file -s d7ed956729e1ef0f062807b559bd80be433ca727 [1ms]
2024-08-01 14:24:50.578 [info] > git check-ignore -v -z --stdin [9ms]
2024-08-01 14:24:50.622 [info] > git status -z -uall [616ms]
2024-08-01 14:24:50.629 [info] > git config --get commit.template [1ms]
2024-08-01 14:24:50.636 [info] > git for-each-ref --format=%(refname)%00%(upstream:short)%00%(objectname)%00%(upstream:track)%00%(upstream:remotename)%00%(upstream:remoteref) refs/heads/sgass/prod/no-ref/ipv4_checksum refs/remotes/sgass/prod/no-ref/ipv4_checksum [2ms]
2024-08-01 14:24:50.861 [info] > git status -z -uall [222ms]
2024-08-01 14:24:51.127 [info] > git rev-parse --show-toplevel [1ms]
2024-08-01 14:24:51.132 [info] > git rev-parse --git-dir --git-common-dir [1ms]
2024-08-01 14:24:51.133 [info] Open repository: /home/sgass/Projects/kepler/third_party/libhydrogen
2024-08-01 14:24:51.139 [info] > git config --get commit.template [3ms]
2024-08-01 14:24:51.141 [info] > git rev-parse --show-toplevel [3ms]
2024-08-01 14:24:51.149 [info] > git for-each-ref --format %(refname) %(objectname) %(*objectname) refs/tags [4ms]
2024-08-01 14:24:51.152 [info] > git rev-parse --git-dir --git-common-dir [4ms]
2024-08-01 14:24:51.155 [info] Open repository: /home/sgass/Projects/kepler/third_party/magic_enum
2024-08-01 14:24:51.162 [info] > git status -z -uall [10ms]
2024-08-01 14:24:51.168 [info] > git rev-parse --show-toplevel [7ms]
2024-08-01 14:24:51.168 [info] > git config --get commit.template [10ms]
2024-08-01 14:24:51.171 [info] > git config --get commit.template [4ms]
2024-08-01 14:24:51.175 [info] > git rev-parse --git-dir --git-common-dir [4ms]
2024-08-01 14:24:51.176 [info] Open repository: /home/sgass/Projects/kepler/third_party/googletest
2024-08-01 14:24:51.185 [info] > git for-each-ref --format %(refname) %(objectname) %(*objectname) refs/tags [11ms]
2024-08-01 14:24:51.188 [info] > git rev-parse --show-toplevel [3ms]
2024-08-01 14:24:51.188 [info] > git config --get commit.template [6ms]
2024-08-01 14:24:51.188 [info] > git for-each-ref --format %(refname) %(objectname) %(*objectname) refs/tags [8ms]
2024-08-01 14:24:51.195 [info] > git status -z -uall [7ms]
2024-08-01 14:24:51.195 [info] > git status -z -uall [3ms]
2024-08-01 14:24:51.202 [info] > git rev-parse --show-toplevel [7ms]
2024-08-01 14:24:51.206 [info] > git config --get commit.template [4ms]
2024-08-01 14:24:51.206 [info] > git for-each-ref --format %(refname) %(objectname) %(*objectname) refs/tags [6ms]
2024-08-01 14:24:51.210 [info] > git rev-parse --git-dir --git-common-dir [4ms]
2024-08-01 14:24:51.211 [info] Open repository: /home/sgass/Projects/kepler/third_party/fast-cpp-csv-parser
2024-08-01 14:24:51.231 [info] > git status -z -uall [22ms]
2024-08-01 14:24:51.247 [info] > git rev-parse --show-toplevel [17ms]
2024-08-01 14:24:51.248 [info] > git config --get commit.template [20ms]
2024-08-01 14:24:51.248 [info] > git for-each-ref --format %(refname) %(objectname) %(*objectname) refs/tags [23ms]
2024-08-01 14:24:51.255 [info] > git config --get commit.template [11ms]
2024-08-01 14:24:51.259 [info] > git status -z -uall [7ms]
2024-08-01 14:24:51.259 [info] > git rev-parse --git-dir --git-common-dir [4ms]
2024-08-01 14:24:51.261 [info] Open repository: /home/sgass/Projects/kepler/hdl/verilog-axis
2024-08-01 14:24:51.271 [info] > git for-each-ref --format %(refname) %(objectname) %(*objectname) refs/tags [13ms]
2024-08-01 14:24:51.279 [info] > git status -z -uall [2ms]
2024-08-01 14:24:51.279 [info] > git rev-parse --show-toplevel [9ms]
2024-08-01 14:24:51.279 [info] > git config --get commit.template [11ms]
2024-08-01 14:24:51.279 [info] > git for-each-ref --format %(refname) %(objectname) %(*objectname) refs/tags [14ms]
2024-08-01 14:24:51.298 [info] > git status -z -uall [13ms]
2024-08-01 14:24:51.298 [info] > git rev-parse --git-dir --git-common-dir [10ms]
2024-08-01 14:24:51.300 [info] Open repository: /home/sgass/Projects/kepler/hdl/verilog-ethernet
2024-08-01 14:24:51.307 [info] > git config --get commit.template [12ms]
2024-08-01 14:24:51.307 [info] > git for-each-ref --format %(refname) %(objectname) %(*objectname) refs/tags [15ms]
2024-08-01 14:24:51.311 [info] > git rev-parse --show-toplevel [4ms]
2024-08-01 14:24:51.311 [info] > git config --get commit.template [7ms]
2024-08-01 14:24:51.319 [info] > git status -z -uall [8ms]
2024-08-01 14:24:51.327 [info] > git rev-parse --git-dir --git-common-dir [9ms]
2024-08-01 14:24:51.329 [info] Open repository: /home/sgass/Projects/kepler/third_party/vext.soapysdr
2024-08-01 14:24:51.329 [info] > git for-each-ref --format %(refname) %(objectname) %(*objectname) refs/tags [13ms]
2024-08-01 14:24:51.338 [info] > git status -z -uall [5ms]
2024-08-01 14:24:51.338 [info] > git config --get commit.template [11ms]
2024-08-01 14:24:51.338 [info] > git for-each-ref --format %(refname) %(objectname) %(*objectname) refs/tags [14ms]
2024-08-01 14:24:51.342 [info] > git rev-parse --show-toplevel [4ms]
2024-08-01 14:24:51.342 [info] > git config --get commit.template [6ms]
2024-08-01 14:24:51.352 [info] > git status -z -uall [11ms]
2024-08-01 14:24:51.352 [info] > git for-each-ref --format %(refname) %(objectname) %(*objectname) refs/tags [5ms]
2024-08-01 14:24:51.359 [info] > git status -z -uall [3ms]
2024-08-01 14:24:51.359 [info] > git for-each-ref --format %(refname) %(objectname) %(*objectname) refs/tags [7ms]
2024-08-01 14:24:51.359 [info] > git rev-parse --git-dir --git-common-dir [10ms]
2024-08-01 14:24:51.360 [info] Open repository: /home/sgass/Projects/kepler/third_party/STM32CubeL1
2024-08-01 14:24:51.369 [info] > git status -z -uall [5ms]
2024-08-01 14:24:51.370 [info] > git config --get commit.template [12ms]
2024-08-01 14:24:51.371 [info] > git rev-parse --show-toplevel [2ms]
2024-08-01 14:24:51.371 [info] > git config --get commit.template [4ms]
2024-08-01 14:24:51.385 [info] > git config --get commit.template [3ms]
2024-08-01 14:24:51.385 [info] > git rev-parse --git-dir --git-common-dir [6ms]
2024-08-01 14:24:51.386 [info] Open repository: /home/sgass/Projects/kepler/third_party/mender-convert
2024-08-01 14:24:51.387 [info] > git for-each-ref --format %(refname) %(objectname) %(*objectname) refs/tags [11ms]
2024-08-01 14:24:51.397 [info] > git status -z -uall [7ms]
2024-08-01 14:24:51.397 [info] > git config --get commit.template [4ms]
2024-08-01 14:24:51.397 [info] > git for-each-ref --format %(refname) %(objectname) %(*objectname) refs/tags [12ms]
2024-08-01 14:24:51.401 [info] > git for-each-ref --format %(refname) %(objectname) %(*objectname) refs/tags [4ms]
2024-08-01 14:24:51.407 [info] > git status -z -uall [3ms]
2024-08-01 14:24:51.412 [info] > git for-each-ref --format %(refname) %(objectname) %(*objectname) refs/tags [5ms]
2024-08-01 14:24:51.418 [info] > git status -z -uall [4ms]
2024-08-01 14:24:51.425 [info] > git status -z -uall [26ms]
2024-08-01 14:24:51.425 [info] > git config --get commit.template [2ms]
2024-08-01 14:24:51.434 [info] > git config --get commit.template [3ms]
2024-08-01 14:24:51.437 [info] > git for-each-ref --format %(refname) %(objectname) %(*objectname) refs/tags [4ms]
2024-08-01 14:24:51.440 [info] > git for-each-ref --format %(refname) %(objectname) %(*objectname) refs/tags [4ms]
2024-08-01 14:24:51.445 [info] > git status -z -uall [6ms]
2024-08-01 14:24:51.463 [info] > git status -z -uall [20ms]
2024-08-01 14:24:51.652 [info] > git check-ignore -v -z --stdin [6ms]
2024-08-01 14:24:51.949 [info] > git rev-parse --show-toplevel [1ms]
2024-08-01 14:24:51.952 [info] > git rev-parse --git-dir --git-common-dir [0ms]
2024-08-01 14:24:51.954 [info] Open repository: /home/sgass/Projects/kepler/third_party/mender-convert/tests/mender-image-tests
2024-08-01 14:24:51.958 [info] > git config --get commit.template [1ms]
2024-08-01 14:24:51.962 [info] > git for-each-ref --format %(refname) %(objectname) %(*objectname) refs/tags [1ms]
2024-08-01 14:24:51.968 [info] > git status -z -uall [3ms]
2024-08-01 14:24:51.973 [info] > git config --get commit.template [1ms]
2024-08-01 14:24:51.978 [info] > git for-each-ref --format %(refname) %(objectname) %(*objectname) refs/tags [1ms]
2024-08-01 14:24:51.981 [info] > git status -z -uall [1ms]
