2025-03-10 10:38:03.993 [info] [main] Log level: Info
2025-03-10 10:38:03.993 [info] [main] Validating found git in: "git"
2025-03-10 10:38:03.993 [info] [main] Using git "2.43.0" from "git"
2025-03-10 10:38:03.993 [info] [Model][doInitialScan] Initial repository scan started
2025-03-10 10:38:03.993 [info] > git rev-parse --show-toplevel [2ms]
2025-03-10 10:38:03.993 [info] > git rev-parse --git-dir --git-common-dir [1ms]
2025-03-10 10:38:03.993 [info] [Model][openRepository] Opened repository: /home/sgass/Projects/kepler
2025-03-10 10:38:03.993 [info] > git config --get commit.template [1ms]
2025-03-10 10:38:03.993 [info] > git for-each-ref --format=%(refname)%00%(upstream:short)%00%(objectname)%00%(upstream:track)%00%(upstream:remotename)%00%(upstream:remoteref) refs/heads/sgass/prod/no-ref/network-packet-generator-ecp refs/remotes/sgass/prod/no-ref/network-packet-generator-ecp [7ms]
2025-03-10 10:38:04.003 [info] > git rev-parse --show-toplevel [2ms]
2025-03-10 10:38:04.010 [info] > git rev-parse --show-toplevel [3ms]
2025-03-10 10:38:04.015 [info] > git rev-parse --show-toplevel [2ms]
2025-03-10 10:38:04.020 [info] > git rev-parse --show-toplevel [2ms]
2025-03-10 10:38:04.025 [info] > git rev-parse --show-toplevel [2ms]
2025-03-10 10:38:04.030 [info] > git rev-parse --show-toplevel [2ms]
2025-03-10 10:38:04.043 [info] > git rev-parse --show-toplevel [10ms]
2025-03-10 10:38:04.049 [info] > git rev-parse --show-toplevel [2ms]
2025-03-10 10:38:04.053 [info] > git rev-parse --show-toplevel [1ms]
2025-03-10 10:38:04.058 [info] > git rev-parse --show-toplevel [1ms]
2025-03-10 10:38:04.063 [info] > git rev-parse --show-toplevel [1ms]
2025-03-10 10:38:04.068 [info] > git rev-parse --show-toplevel [1ms]
2025-03-10 10:38:04.079 [info] > git rev-parse --show-toplevel [7ms]
2025-03-10 10:38:04.094 [info] > git rev-parse --show-toplevel [1ms]
2025-03-10 10:38:04.098 [info] > git rev-parse --show-toplevel [1ms]
2025-03-10 10:38:04.103 [info] > git rev-parse --show-toplevel [1ms]
2025-03-10 10:38:04.107 [info] > git rev-parse --show-toplevel [1ms]
2025-03-10 10:38:04.112 [info] > git rev-parse --show-toplevel [1ms]
2025-03-10 10:38:04.121 [info] > git rev-parse --show-toplevel [6ms]
2025-03-10 10:38:04.126 [info] > git rev-parse --show-toplevel [2ms]
2025-03-10 10:38:04.131 [info] > git rev-parse --show-toplevel [1ms]
2025-03-10 10:38:04.135 [info] > git rev-parse --show-toplevel [1ms]
2025-03-10 10:38:04.139 [info] > git rev-parse --show-toplevel [1ms]
2025-03-10 10:38:04.143 [info] > git rev-parse --show-toplevel [1ms]
2025-03-10 10:38:04.147 [info] > git rev-parse --show-toplevel [1ms]
2025-03-10 10:38:04.152 [info] > git rev-parse --show-toplevel [2ms]
2025-03-10 10:38:04.156 [info] > git rev-parse --show-toplevel [1ms]
2025-03-10 10:38:04.160 [info] > git rev-parse --show-toplevel [2ms]
2025-03-10 10:38:04.165 [info] > git rev-parse --show-toplevel [2ms]
2025-03-10 10:38:04.170 [info] > git rev-parse --show-toplevel [1ms]
2025-03-10 10:38:04.174 [info] > git rev-parse --show-toplevel [1ms]
2025-03-10 10:38:04.179 [info] > git rev-parse --show-toplevel [1ms]
2025-03-10 10:38:04.183 [info] > git rev-parse --show-toplevel [2ms]
2025-03-10 10:38:04.187 [info] > git rev-parse --show-toplevel [1ms]
2025-03-10 10:38:04.189 [info] [Model][doInitialScan] Initial repository scan completed - repositories (1), closed repositories (0), parent repositories (0), unsafe repositories (0)
2025-03-10 10:38:04.700 [info] > git status -z -uall [707ms]
2025-03-10 10:38:04.712 [info] > git for-each-ref --format=%(refname)%00%(upstream:short)%00%(objectname)%00%(upstream:track)%00%(upstream:remotename)%00%(upstream:remoteref) refs/heads/sgass/prod/no-ref/network-packet-generator-ecp refs/remotes/sgass/prod/no-ref/network-packet-generator-ecp [8ms]
2025-03-10 10:38:04.715 [info] > git config --get commit.template [5ms]
2025-03-10 10:38:04.716 [info] > git config --local branch.sgass/prod/no-ref/network-packet-generator-ecp.vscode-merge-base [1ms]
2025-03-10 10:38:04.722 [info] > git for-each-ref --format=%(refname)%00%(upstream:short)%00%(objectname)%00%(upstream:track)%00%(upstream:remotename)%00%(upstream:remoteref) refs/heads/origin/develop refs/remotes/origin/develop [3ms]
2025-03-10 10:38:04.723 [info] > git for-each-ref --format=%(refname)%00%(upstream:short)%00%(objectname)%00%(upstream:track)%00%(upstream:remotename)%00%(upstream:remoteref) refs/heads/sgass/prod/no-ref/network-packet-generator-ecp refs/remotes/sgass/prod/no-ref/network-packet-generator-ecp [2ms]
2025-03-10 10:38:04.941 [info] > git status -z -uall [216ms]
2025-03-10 10:38:04.947 [info] > git for-each-ref --format=%(refname)%00%(upstream:short)%00%(objectname)%00%(upstream:track)%00%(upstream:remotename)%00%(upstream:remoteref) refs/heads/sgass/prod/no-ref/network-packet-generator-ecp refs/remotes/sgass/prod/no-ref/network-packet-generator-ecp [2ms]
2025-03-10 10:38:04.952 [info] > git config --local branch.sgass/prod/no-ref/network-packet-generator-ecp.vscode-merge-base [2ms]
2025-03-10 10:38:04.957 [info] > git for-each-ref --format=%(refname)%00%(upstream:short)%00%(objectname)%00%(upstream:track)%00%(upstream:remotename)%00%(upstream:remoteref) refs/heads/origin/develop refs/remotes/origin/develop [2ms]
2025-03-10 10:38:05.210 [info] > git rev-parse --show-toplevel [1ms]
2025-03-10 10:38:05.214 [info] > git rev-parse --git-dir --git-common-dir [1ms]
2025-03-10 10:38:05.217 [info] [Model][openRepository] Opened repository: /home/sgass/Projects/kepler/third_party/libhydrogen
2025-03-10 10:38:05.224 [info] > git rev-parse --show-toplevel [1ms]
2025-03-10 10:38:05.224 [info] > git config --get commit.template [4ms]
2025-03-10 10:38:05.229 [info] > git rev-parse --git-dir --git-common-dir [2ms]
2025-03-10 10:38:05.231 [info] [Model][openRepository] Opened repository: /home/sgass/Projects/kepler/third_party/magic_enum
2025-03-10 10:38:05.236 [info] > git for-each-ref --format %(refname) %(objectname) %(*objectname) refs/tags [7ms]
2025-03-10 10:38:05.240 [info] > git rev-parse --show-toplevel [4ms]
2025-03-10 10:38:05.240 [info] > git config --get commit.template [6ms]
2025-03-10 10:38:05.246 [info] > git status -z -uall [6ms]
2025-03-10 10:38:05.250 [info] > git for-each-ref --format %(refname) %(objectname) %(*objectname) refs/tags [4ms]
2025-03-10 10:38:05.251 [info] > git rev-parse --git-dir --git-common-dir [8ms]
2025-03-10 10:38:05.252 [info] [Model][openRepository] Opened repository: /home/sgass/Projects/kepler/third_party/googletest
2025-03-10 10:38:05.262 [info] > git status -z -uall [5ms]
2025-03-10 10:38:05.262 [info] > git config --get commit.template [12ms]
2025-03-10 10:38:05.263 [info] > git rev-parse --show-toplevel [2ms]
2025-03-10 10:38:05.263 [info] > git config --get commit.template [4ms]
2025-03-10 10:38:05.275 [info] > git rev-parse --show-toplevel [6ms]
2025-03-10 10:38:05.275 [info] > git for-each-ref --format %(refname) %(objectname) %(*objectname) refs/tags [9ms]
2025-03-10 10:38:05.280 [info] > git config --get commit.template [9ms]
2025-03-10 10:38:05.293 [info] > git status -z -uall [15ms]
2025-03-10 10:38:05.293 [info] > git rev-parse --git-dir --git-common-dir [13ms]
2025-03-10 10:38:05.296 [info] [Model][openRepository] Opened repository: /home/sgass/Projects/kepler/third_party/fast-cpp-csv-parser
2025-03-10 10:38:05.296 [info] > git for-each-ref --format %(refname) %(objectname) %(*objectname) refs/tags [22ms]
2025-03-10 10:38:05.313 [info] > git status -z -uall [14ms]
2025-03-10 10:38:05.314 [info] > git for-each-ref --format %(refname) %(objectname) %(*objectname) refs/tags [21ms]
2025-03-10 10:38:05.319 [info] > git rev-parse --show-toplevel [9ms]
2025-03-10 10:38:05.319 [info] > git config --get commit.template [11ms]
2025-03-10 10:38:05.325 [info] > git status -z -uall [3ms]
2025-03-10 10:38:05.325 [info] > git config --get commit.template [7ms]
2025-03-10 10:38:05.332 [info] > git for-each-ref --format %(refname) %(objectname) %(*objectname) refs/tags [4ms]
2025-03-10 10:38:05.332 [info] > git rev-parse --git-dir --git-common-dir [8ms]
2025-03-10 10:38:05.334 [info] [Model][openRepository] Opened repository: /home/sgass/Projects/kepler/hdl/verilog-axis
2025-03-10 10:38:05.342 [info] > git status -z -uall [5ms]
2025-03-10 10:38:05.342 [info] > git for-each-ref --format %(refname) %(objectname) %(*objectname) refs/tags [11ms]
2025-03-10 10:38:05.345 [info] > git rev-parse --show-toplevel [3ms]
2025-03-10 10:38:05.345 [info] > git config --get commit.template [6ms]
2025-03-10 10:38:05.352 [info] > git status -z -uall [7ms]
2025-03-10 10:38:05.355 [info] > git config --get commit.template [3ms]
2025-03-10 10:38:05.355 [info] > git rev-parse --git-dir --git-common-dir [6ms]
2025-03-10 10:38:05.357 [info] [Model][openRepository] Opened repository: /home/sgass/Projects/kepler/hdl/verilog-ethernet
2025-03-10 10:38:05.362 [info] > git for-each-ref --format %(refname) %(objectname) %(*objectname) refs/tags [7ms]
2025-03-10 10:38:05.368 [info] > git status -z -uall [3ms]
2025-03-10 10:38:05.368 [info] > git rev-parse --show-toplevel [6ms]
2025-03-10 10:38:05.369 [info] > git config --get commit.template [9ms]
2025-03-10 10:38:05.379 [info] > git rev-parse --git-dir --git-common-dir [8ms]
2025-03-10 10:38:05.380 [info] [Model][openRepository] Opened repository: /home/sgass/Projects/kepler/third_party/vext.soapysdr
2025-03-10 10:38:05.381 [info] > git for-each-ref --format %(refname) %(objectname) %(*objectname) refs/tags [13ms]
2025-03-10 10:38:05.390 [info] > git status -z -uall [6ms]
2025-03-10 10:38:05.390 [info] > git config --get commit.template [12ms]
2025-03-10 10:38:05.391 [info] > git for-each-ref --format %(refname) %(objectname) %(*objectname) refs/tags [14ms]
2025-03-10 10:38:05.396 [info] > git rev-parse --show-toplevel [6ms]
2025-03-10 10:38:05.396 [info] > git config --get commit.template [9ms]
2025-03-10 10:38:05.406 [info] > git status -z -uall [11ms]
2025-03-10 10:38:05.406 [info] > git rev-parse --git-dir --git-common-dir [4ms]
2025-03-10 10:38:05.409 [info] [Model][openRepository] Opened repository: /home/sgass/Projects/kepler/third_party/STM32CubeL1
2025-03-10 10:38:05.409 [info] > git for-each-ref --format %(refname) %(objectname) %(*objectname) refs/tags [10ms]
2025-03-10 10:38:05.421 [info] > git status -z -uall [7ms]
2025-03-10 10:38:05.421 [info] > git for-each-ref --format %(refname) %(objectname) %(*objectname) refs/tags [16ms]
2025-03-10 10:38:05.425 [info] > git config --get commit.template [4ms]
2025-03-10 10:38:05.425 [info] > git rev-parse --show-toplevel [6ms]
2025-03-10 10:38:05.425 [info] > git config --get commit.template [8ms]
2025-03-10 10:38:05.433 [info] > git status -z -uall [9ms]
2025-03-10 10:38:05.437 [info] > git for-each-ref --format %(refname) %(objectname) %(*objectname) refs/tags [4ms]
2025-03-10 10:38:05.437 [info] > git for-each-ref --format %(refname) %(objectname) %(*objectname) refs/tags [7ms]
2025-03-10 10:38:05.437 [info] > git rev-parse --git-dir --git-common-dir [9ms]
2025-03-10 10:38:05.439 [info] [Model][openRepository] Opened repository: /home/sgass/Projects/kepler/ansible/kubespray
2025-03-10 10:38:05.451 [info] > git status -z -uall [9ms]
2025-03-10 10:38:05.451 [info] > git config --get commit.template [14ms]
2025-03-10 10:38:05.452 [info] > git config --get commit.template [4ms]
2025-03-10 10:38:05.460 [info] > git for-each-ref --format %(refname) %(objectname) %(*objectname) refs/tags [4ms]
2025-03-10 10:38:05.463 [info] > git status -z -uall [1ms]
2025-03-10 10:38:05.465 [info] > git status -z -uall [20ms]
2025-03-10 10:38:05.472 [info] > git for-each-ref --format %(refname) %(objectname) %(*objectname) refs/tags [13ms]
2025-03-10 10:38:05.475 [info] > git config --get commit.template [6ms]
2025-03-10 10:38:05.475 [info] > git for-each-ref --format %(refname) %(objectname) %(*objectname) refs/tags [4ms]
2025-03-10 10:38:05.484 [info] > git status -z -uall [9ms]
2025-03-10 10:38:05.496 [info] > git config --get commit.template [6ms]
2025-03-10 10:38:05.498 [info] > git for-each-ref --format %(refname) %(objectname) %(*objectname) refs/tags [3ms]
2025-03-10 10:38:05.503 [info] > git status -z -uall [26ms]
2025-03-10 10:38:05.510 [info] > git status -z -uall [9ms]
2025-03-10 10:48:15.607 [info] > git show --textconv :hdl/rtl/board/pcuecp/board_pcuecp_p4_router_wrapper.sv [12ms]
2025-03-10 10:48:15.608 [info] > git ls-files --stage -- /home/sgass/Projects/kepler/hdl/rtl/board/pcuecp/board_pcuecp_p4_router_wrapper.sv [9ms]
2025-03-10 10:48:15.713 [info] > git cat-file -s 1046f02a5f3cdcf01e0f6bc647bebdff701df511 [102ms]
2025-03-10 10:48:15.816 [info] > git check-ignore -v -z --stdin [202ms]
2025-03-10 10:51:25.576 [info] [main] Log level: Info
2025-03-10 10:51:25.576 [info] [main] Validating found git in: "git"
2025-03-10 10:51:25.576 [info] [main] Using git "2.43.0" from "git"
2025-03-10 10:51:25.576 [info] [Model][doInitialScan] Initial repository scan started
2025-03-10 10:51:25.576 [info] > git rev-parse --show-toplevel [6ms]
2025-03-10 10:51:25.577 [info] > git rev-parse --git-dir --git-common-dir [1ms]
2025-03-10 10:51:25.580 [info] [Model][openRepository] Opened repository: /home/sgass/Projects/kepler3
2025-03-10 10:51:25.586 [info] > git config --get commit.template [1ms]
2025-03-10 10:51:25.600 [info] > git for-each-ref --format=%(refname)%00%(upstream:short)%00%(objectname)%00%(upstream:track)%00%(upstream:remotename)%00%(upstream:remoteref) refs/heads/sgass/prod/no-ref/disable-ecp-ilas refs/remotes/sgass/prod/no-ref/disable-ecp-ilas [6ms]
2025-03-10 10:51:25.611 [info] > git rev-parse --show-toplevel [0ms]
2025-03-10 10:51:25.616 [info] > git rev-parse --show-toplevel [1ms]
2025-03-10 10:51:25.626 [info] > git rev-parse --show-toplevel [7ms]
2025-03-10 10:51:25.634 [info] > git rev-parse --show-toplevel [1ms]
2025-03-10 10:51:25.639 [info] > git rev-parse --show-toplevel [1ms]
2025-03-10 10:51:25.644 [info] > git rev-parse --show-toplevel [1ms]
2025-03-10 10:51:25.648 [info] > git rev-parse --show-toplevel [1ms]
2025-03-10 10:51:25.654 [info] > git rev-parse --show-toplevel [4ms]
2025-03-10 10:51:25.664 [info] > git rev-parse --show-toplevel [4ms]
2025-03-10 10:51:25.671 [info] > git rev-parse --show-toplevel [3ms]
2025-03-10 10:51:25.677 [info] > git rev-parse --show-toplevel [2ms]
2025-03-10 10:51:25.684 [info] > git rev-parse --show-toplevel [3ms]
2025-03-10 10:51:25.688 [info] > git rev-parse --show-toplevel [1ms]
2025-03-10 10:51:25.693 [info] > git rev-parse --show-toplevel [1ms]
2025-03-10 10:51:25.698 [info] > git rev-parse --show-toplevel [2ms]
2025-03-10 10:51:25.702 [info] > git rev-parse --show-toplevel [1ms]
2025-03-10 10:51:25.707 [info] > git rev-parse --show-toplevel [1ms]
2025-03-10 10:51:25.711 [info] > git rev-parse --show-toplevel [1ms]
2025-03-10 10:51:25.715 [info] > git rev-parse --show-toplevel [1ms]
2025-03-10 10:51:25.720 [info] > git rev-parse --show-toplevel [1ms]
2025-03-10 10:51:25.725 [info] > git rev-parse --show-toplevel [1ms]
2025-03-10 10:51:25.729 [info] > git rev-parse --show-toplevel [1ms]
2025-03-10 10:51:25.735 [info] > git rev-parse --show-toplevel [2ms]
2025-03-10 10:51:25.739 [info] > git rev-parse --show-toplevel [1ms]
2025-03-10 10:51:25.745 [info] > git rev-parse --show-toplevel [2ms]
2025-03-10 10:51:25.750 [info] > git rev-parse --show-toplevel [1ms]
2025-03-10 10:51:25.756 [info] > git rev-parse --show-toplevel [2ms]
2025-03-10 10:51:25.758 [info] [Model][doInitialScan] Initial repository scan completed - repositories (1), closed repositories (0), parent repositories (0), unsafe repositories (0)
2025-03-10 10:51:25.845 [info] > git status -z -uall [241ms]
2025-03-10 10:51:25.855 [info] > git for-each-ref --format=%(refname)%00%(upstream:short)%00%(objectname)%00%(upstream:track)%00%(upstream:remotename)%00%(upstream:remoteref) refs/heads/sgass/prod/no-ref/disable-ecp-ilas refs/remotes/sgass/prod/no-ref/disable-ecp-ilas [6ms]
2025-03-10 10:51:25.860 [info] > git config --get commit.template [5ms]
2025-03-10 10:51:25.863 [info] > git config --local branch.sgass/prod/no-ref/disable-ecp-ilas.vscode-merge-base [3ms]
2025-03-10 10:51:25.863 [warning] [Git][config] git config failed: Failed to execute git
2025-03-10 10:51:25.871 [info] > git reflog sgass/prod/no-ref/disable-ecp-ilas --grep-reflog=branch: Created from *. [4ms]
2025-03-10 10:51:25.874 [info] > git for-each-ref --format=%(refname)%00%(upstream:short)%00%(objectname)%00%(upstream:track)%00%(upstream:remotename)%00%(upstream:remoteref) refs/heads/sgass/prod/no-ref/disable-ecp-ilas refs/remotes/sgass/prod/no-ref/disable-ecp-ilas [4ms]
2025-03-10 10:51:25.877 [info] > git reflog HEAD --grep-reflog=checkout: moving from .* to sgass/prod/no-ref/disable-ecp-ilas [3ms]
2025-03-10 10:51:25.883 [info] > git for-each-ref --format=%(refname)%00%(upstream:short)%00%(objectname)%00%(upstream:track)%00%(upstream:remotename)%00%(upstream:remoteref) refs/heads/develop refs/remotes/develop [3ms]
2025-03-10 10:51:25.889 [info] > git for-each-ref --format=%(refname)%00%(upstream:short)%00%(objectname)%00%(upstream:track)%00%(upstream:remotename)%00%(upstream:remoteref) refs/remotes/origin/develop [2ms]
2025-03-10 10:51:25.894 [info] > git config --local branch.sgass/prod/no-ref/disable-ecp-ilas.vscode-merge-base origin/develop [2ms]
2025-03-10 10:51:25.899 [info] > git status -z -uall [22ms] (cancelled)
2025-03-10 10:51:25.904 [info] > git config --get commit.template [5ms]
2025-03-10 10:51:25.904 [info] > git for-each-ref --format=%(refname)%00%(upstream:short)%00%(objectname)%00%(upstream:track)%00%(upstream:remotename)%00%(upstream:remoteref) refs/heads/sgass/prod/no-ref/disable-ecp-ilas refs/remotes/sgass/prod/no-ref/disable-ecp-ilas [2ms]
2025-03-10 10:51:26.112 [info] > git check-ignore -v -z --stdin [23ms]
2025-03-10 10:51:26.129 [info] > git status -z -uall [220ms]
2025-03-10 10:51:26.137 [info] > git for-each-ref --format=%(refname)%00%(upstream:short)%00%(objectname)%00%(upstream:track)%00%(upstream:remotename)%00%(upstream:remoteref) refs/heads/sgass/prod/no-ref/disable-ecp-ilas refs/remotes/sgass/prod/no-ref/disable-ecp-ilas [4ms]
2025-03-10 10:51:26.142 [info] > git config --local branch.sgass/prod/no-ref/disable-ecp-ilas.vscode-merge-base [1ms]
2025-03-10 10:51:26.146 [info] > git for-each-ref --format=%(refname)%00%(upstream:short)%00%(objectname)%00%(upstream:track)%00%(upstream:remotename)%00%(upstream:remoteref) refs/heads/origin/develop refs/remotes/origin/develop [1ms]
2025-03-10 10:51:26.354 [info] > git rev-parse --show-toplevel [1ms]
2025-03-10 10:51:26.359 [info] > git rev-parse --git-dir --git-common-dir [1ms]
2025-03-10 10:51:26.361 [info] [Model][openRepository] Opened repository: /home/sgass/Projects/kepler3/third_party/libhydrogen
2025-03-10 10:51:26.368 [info] > git config --get commit.template [4ms]
2025-03-10 10:51:26.370 [info] > git rev-parse --show-toplevel [3ms]
2025-03-10 10:51:26.378 [info] > git for-each-ref --format %(refname) %(objectname) %(*objectname) refs/tags [4ms]
2025-03-10 10:51:26.381 [info] > git rev-parse --git-dir --git-common-dir [4ms]
2025-03-10 10:51:26.383 [info] [Model][openRepository] Opened repository: /home/sgass/Projects/kepler3/third_party/magic_enum
2025-03-10 10:51:26.389 [info] > git status -z -uall [8ms]
2025-03-10 10:51:26.394 [info] > git rev-parse --show-toplevel [5ms]
2025-03-10 10:51:26.395 [info] > git config --get commit.template [8ms]
2025-03-10 10:51:26.400 [info] > git config --get commit.template [6ms]
2025-03-10 10:51:26.403 [info] > git rev-parse --git-dir --git-common-dir [3ms]
2025-03-10 10:51:26.405 [info] [Model][openRepository] Opened repository: /home/sgass/Projects/kepler3/third_party/googletest
2025-03-10 10:51:26.418 [info] > git rev-parse --show-toplevel [4ms]
2025-03-10 10:51:26.418 [info] > git config --get commit.template [7ms]
2025-03-10 10:51:26.418 [info] > git for-each-ref --format %(refname) %(objectname) %(*objectname) refs/tags [10ms]
2025-03-10 10:51:26.418 [info] > git for-each-ref --format %(refname) %(objectname) %(*objectname) refs/tags [15ms]
2025-03-10 10:51:26.429 [info] > git status -z -uall [8ms]
2025-03-10 10:51:26.429 [info] > git status -z -uall [6ms]
2025-03-10 10:51:26.433 [info] > git rev-parse --show-toplevel [7ms]
2025-03-10 10:51:26.436 [info] > git for-each-ref --format %(refname) %(objectname) %(*objectname) refs/tags [7ms]
2025-03-10 10:51:26.439 [info] > git rev-parse --git-dir --git-common-dir [3ms]
2025-03-10 10:51:26.441 [info] [Model][openRepository] Opened repository: /home/sgass/Projects/kepler3/third_party/fast-cpp-csv-parser
2025-03-10 10:51:26.441 [info] > git config --get commit.template [8ms]
2025-03-10 10:51:26.456 [info] > git status -z -uall [17ms]
2025-03-10 10:51:26.456 [info] > git rev-parse --show-toplevel [7ms]
2025-03-10 10:51:26.456 [info] > git config --get commit.template [9ms]
2025-03-10 10:51:26.456 [info] > git for-each-ref --format %(refname) %(objectname) %(*objectname) refs/tags [12ms]
2025-03-10 10:51:26.476 [info] > git config --get commit.template [7ms]
2025-03-10 10:51:26.476 [info] > git rev-parse --git-dir --git-common-dir [10ms]
2025-03-10 10:51:26.478 [info] [Model][openRepository] Opened repository: /home/sgass/Projects/kepler3/hdl/verilog-axis
2025-03-10 10:51:26.485 [info] > git status -z -uall [10ms]
2025-03-10 10:51:26.486 [info] > git for-each-ref --format %(refname) %(objectname) %(*objectname) refs/tags [14ms]
2025-03-10 10:51:26.491 [info] > git status -z -uall [2ms]
2025-03-10 10:51:26.491 [info] > git rev-parse --show-toplevel [6ms]
2025-03-10 10:51:26.491 [info] > git config --get commit.template [9ms]
2025-03-10 10:51:26.498 [info] > git for-each-ref --format %(refname) %(objectname) %(*objectname) refs/tags [7ms]
2025-03-10 10:51:26.507 [info] > git rev-parse --git-dir --git-common-dir [11ms]
2025-03-10 10:51:26.508 [info] [Model][openRepository] Opened repository: /home/sgass/Projects/kepler3/hdl/verilog-ethernet
2025-03-10 10:51:26.514 [info] > git status -z -uall [10ms]
2025-03-10 10:51:26.514 [info] > git config --get commit.template [7ms]
2025-03-10 10:51:26.515 [info] > git for-each-ref --format %(refname) %(objectname) %(*objectname) refs/tags [13ms]
2025-03-10 10:51:26.518 [info] > git rev-parse --show-toplevel [4ms]
2025-03-10 10:51:26.518 [info] > git config --get commit.template [6ms]
2025-03-10 10:51:26.525 [info] > git status -z -uall [7ms]
2025-03-10 10:51:26.532 [info] > git rev-parse --git-dir --git-common-dir [7ms]
2025-03-10 10:51:26.533 [info] [Model][openRepository] Opened repository: /home/sgass/Projects/kepler3/third_party/vext.soapysdr
2025-03-10 10:51:26.533 [info] > git for-each-ref --format %(refname) %(objectname) %(*objectname) refs/tags [10ms]
2025-03-10 10:51:26.542 [info] > git status -z -uall [6ms]
2025-03-10 10:51:26.542 [info] > git config --get commit.template [10ms]
2025-03-10 10:51:26.542 [info] > git for-each-ref --format %(refname) %(objectname) %(*objectname) refs/tags [13ms]
2025-03-10 10:51:26.547 [info] > git config --get commit.template [8ms]
2025-03-10 10:51:26.558 [info] > git status -z -uall [12ms]
2025-03-10 10:51:26.560 [info] > git rev-parse --show-toplevel [18ms]
2025-03-10 10:51:26.568 [info] > git for-each-ref --format %(refname) %(objectname) %(*objectname) refs/tags [12ms]
2025-03-10 10:51:26.571 [info] > git config --get commit.template [6ms]
2025-03-10 10:51:26.571 [info] > git for-each-ref --format %(refname) %(objectname) %(*objectname) refs/tags [8ms]
2025-03-10 10:51:26.575 [info] > git rev-parse --git-dir --git-common-dir [7ms]
2025-03-10 10:51:26.577 [info] [Model][openRepository] Opened repository: /home/sgass/Projects/kepler3/third_party/STM32CubeL1
2025-03-10 10:51:26.586 [info] > git status -z -uall [15ms]
2025-03-10 10:51:26.586 [info] > git status -z -uall [11ms]
2025-03-10 10:51:26.595 [info] > git rev-parse --show-toplevel [9ms]
2025-03-10 10:51:26.595 [info] > git config --get commit.template [12ms]
2025-03-10 10:51:26.595 [info] > git for-each-ref --format %(refname) %(objectname) %(*objectname) refs/tags [15ms]
2025-03-10 10:51:26.604 [info] > git config --get commit.template [10ms]
2025-03-10 10:51:26.610 [info] > git status -z -uall [9ms]
2025-03-10 10:51:26.611 [info] > git rev-parse --git-dir --git-common-dir [8ms]
2025-03-10 10:51:26.612 [info] [Model][openRepository] Opened repository: /home/sgass/Projects/kepler3/ansible/kubespray
2025-03-10 10:51:26.616 [info] > git for-each-ref --format %(refname) %(objectname) %(*objectname) refs/tags [7ms]
2025-03-10 10:51:26.616 [info] > git for-each-ref --format %(refname) %(objectname) %(*objectname) refs/tags [9ms]
2025-03-10 10:51:26.623 [info] > git config --get commit.template [8ms]
2025-03-10 10:51:26.628 [info] > git status -z -uall [6ms]
2025-03-10 10:51:26.637 [info] > git status -z -uall [19ms]
2025-03-10 10:51:26.644 [info] > git config --get commit.template [1ms]
2025-03-10 10:51:26.644 [info] > git for-each-ref --format %(refname) %(objectname) %(*objectname) refs/tags [12ms]
2025-03-10 10:51:26.652 [info] > git for-each-ref --format %(refname) %(objectname) %(*objectname) refs/tags [1ms]
2025-03-10 10:51:26.659 [info] > git status -z -uall [11ms]
2025-03-10 10:51:26.666 [info] > git config --get commit.template [1ms]
2025-03-10 10:51:26.672 [info] > git for-each-ref --format %(refname) %(objectname) %(*objectname) refs/tags [3ms]
2025-03-10 10:51:26.676 [info] > git status -z -uall [21ms]
2025-03-10 10:51:26.682 [info] > git status -z -uall [6ms]
2025-03-10 10:51:26.894 [info] > git check-ignore -v -z --stdin [20ms]
2025-03-10 10:51:30.747 [info] > git config --get commit.template [4ms]
2025-03-10 10:51:30.748 [info] > git for-each-ref --format=%(refname)%00%(upstream:short)%00%(objectname)%00%(upstream:track)%00%(upstream:remotename)%00%(upstream:remoteref) refs/heads/sgass/prod/no-ref/disable-ecp-ilas refs/remotes/sgass/prod/no-ref/disable-ecp-ilas [2ms]
2025-03-10 10:51:30.942 [info] > git status -z -uall [191ms]
2025-03-10 10:51:30.948 [info] > git for-each-ref --format=%(refname)%00%(upstream:short)%00%(objectname)%00%(upstream:track)%00%(upstream:remotename)%00%(upstream:remoteref) refs/heads/sgass/prod/no-ref/disable-ecp-ilas refs/remotes/sgass/prod/no-ref/disable-ecp-ilas [1ms]
2025-03-10 10:51:30.952 [info] > git config --local branch.sgass/prod/no-ref/disable-ecp-ilas.vscode-merge-base [1ms]
2025-03-10 10:51:30.955 [info] > git for-each-ref --format=%(refname)%00%(upstream:short)%00%(objectname)%00%(upstream:track)%00%(upstream:remotename)%00%(upstream:remoteref) refs/heads/origin/develop refs/remotes/origin/develop [0ms]
2025-03-10 10:51:51.328 [info] > git show --textconv :hdl/rtl/board/pcuecp/board_pcuecp_p4_router_wrapper.sv [7ms]
2025-03-10 10:51:51.331 [info] > git ls-files --stage -- /home/sgass/Projects/kepler3/hdl/rtl/board/pcuecp/board_pcuecp_p4_router_wrapper.sv [5ms]
2025-03-10 10:51:51.336 [info] > git cat-file -s a57451f3224f7eeef1a939a445019a37586190d1 [1ms]
2025-03-10 10:51:51.611 [info] > git check-ignore -v -z --stdin [10ms]
2025-03-10 10:52:06.106 [info] > git config --get commit.template [9ms]
2025-03-10 10:52:06.107 [info] > git for-each-ref --format=%(refname)%00%(upstream:short)%00%(objectname)%00%(upstream:track)%00%(upstream:remotename)%00%(upstream:remoteref) refs/heads/sgass/prod/no-ref/disable-ecp-ilas refs/remotes/sgass/prod/no-ref/disable-ecp-ilas [3ms]
2025-03-10 10:52:06.428 [info] > git status -z -uall [314ms]
2025-03-10 10:52:06.435 [info] > git for-each-ref --format=%(refname)%00%(upstream:short)%00%(objectname)%00%(upstream:track)%00%(upstream:remotename)%00%(upstream:remoteref) refs/heads/sgass/prod/no-ref/disable-ecp-ilas refs/remotes/sgass/prod/no-ref/disable-ecp-ilas [3ms]
2025-03-10 10:52:06.440 [info] > git config --local branch.sgass/prod/no-ref/disable-ecp-ilas.vscode-merge-base [1ms]
2025-03-10 10:52:06.446 [info] > git for-each-ref --format=%(refname)%00%(upstream:short)%00%(objectname)%00%(upstream:track)%00%(upstream:remotename)%00%(upstream:remoteref) refs/heads/origin/develop refs/remotes/origin/develop [2ms]
2025-03-10 10:52:19.269 [info] > git config --get commit.template [10ms]
2025-03-10 10:52:19.271 [info] > git for-each-ref --format=%(refname)%00%(upstream:short)%00%(objectname)%00%(upstream:track)%00%(upstream:remotename)%00%(upstream:remoteref) refs/heads/sgass/prod/no-ref/disable-ecp-ilas refs/remotes/sgass/prod/no-ref/disable-ecp-ilas [3ms]
2025-03-10 10:52:19.614 [info] > git status -z -uall [336ms]
2025-03-10 10:52:19.620 [info] > git for-each-ref --format=%(refname)%00%(upstream:short)%00%(objectname)%00%(upstream:track)%00%(upstream:remotename)%00%(upstream:remoteref) refs/heads/sgass/prod/no-ref/disable-ecp-ilas refs/remotes/sgass/prod/no-ref/disable-ecp-ilas [2ms]
2025-03-10 10:52:19.624 [info] > git config --local branch.sgass/prod/no-ref/disable-ecp-ilas.vscode-merge-base [1ms]
2025-03-10 10:52:19.628 [info] > git for-each-ref --format=%(refname)%00%(upstream:short)%00%(objectname)%00%(upstream:track)%00%(upstream:remotename)%00%(upstream:remoteref) refs/heads/origin/develop refs/remotes/origin/develop [1ms]
2025-03-10 10:52:24.646 [info] > git config --get commit.template [11ms]
2025-03-10 10:52:24.648 [info] > git for-each-ref --format=%(refname)%00%(upstream:short)%00%(objectname)%00%(upstream:track)%00%(upstream:remotename)%00%(upstream:remoteref) refs/heads/sgass/prod/no-ref/disable-ecp-ilas refs/remotes/sgass/prod/no-ref/disable-ecp-ilas [4ms]
2025-03-10 10:52:24.996 [info] > git status -z -uall [340ms]
2025-03-10 10:52:25.002 [info] > git for-each-ref --format=%(refname)%00%(upstream:short)%00%(objectname)%00%(upstream:track)%00%(upstream:remotename)%00%(upstream:remoteref) refs/heads/sgass/prod/no-ref/disable-ecp-ilas refs/remotes/sgass/prod/no-ref/disable-ecp-ilas [2ms]
2025-03-10 10:52:25.006 [info] > git config --local branch.sgass/prod/no-ref/disable-ecp-ilas.vscode-merge-base [1ms]
2025-03-10 10:52:25.010 [info] > git for-each-ref --format=%(refname)%00%(upstream:short)%00%(objectname)%00%(upstream:track)%00%(upstream:remotename)%00%(upstream:remoteref) refs/heads/origin/develop refs/remotes/origin/develop [1ms]
2025-03-10 10:52:26.837 [info] > git config --get commit.template [9ms]
2025-03-10 10:52:26.841 [info] > git for-each-ref --format %(refname) %(objectname) %(*objectname) refs/tags [4ms]
2025-03-10 10:52:26.862 [info] > git status -z -uall [15ms]
2025-03-10 10:52:26.932 [info] > git config --get commit.template [9ms]
2025-03-10 10:52:26.947 [info] > git config --get commit.template [15ms]
2025-03-10 10:52:26.947 [info] > git for-each-ref --format %(refname) %(objectname) %(*objectname) refs/tags [7ms]
2025-03-10 10:52:26.955 [info] > git for-each-ref --format %(refname) %(objectname) %(*objectname) refs/tags [9ms]
2025-03-10 10:52:26.970 [info] > git status -z -uall [16ms]
2025-03-10 10:52:26.970 [info] > git status -z -uall [9ms]
2025-03-10 10:52:26.972 [info] > git config --get commit.template [3ms]
2025-03-10 10:52:26.983 [info] > git for-each-ref --format %(refname) %(objectname) %(*objectname) refs/tags [2ms]
2025-03-10 10:52:27.016 [info] > git for-each-ref --format %(refname) %(objectname) %(*objectname) refs/tags [11ms]
2025-03-10 10:52:27.016 [info] > git config --get commit.template [19ms]
2025-03-10 10:52:27.020 [info] > git config --get commit.template [5ms]
2025-03-10 10:52:27.021 [info] > git config --get commit.template [9ms]
2025-03-10 10:52:27.021 [info] > git status -z -uall [32ms]
2025-03-10 10:52:27.030 [info] > git config --get commit.template [10ms]
2025-03-10 10:52:27.044 [info] > git for-each-ref --format %(refname) %(objectname) %(*objectname) refs/tags [19ms]
2025-03-10 10:52:27.051 [info] > git for-each-ref --format %(refname) %(objectname) %(*objectname) refs/tags [14ms]
2025-03-10 10:52:27.051 [info] > git for-each-ref --format %(refname) %(objectname) %(*objectname) refs/tags [21ms]
2025-03-10 10:52:27.058 [info] > git status -z -uall [14ms]
2025-03-10 10:52:27.058 [info] > git status -z -uall [8ms]
2025-03-10 10:52:27.067 [info] > git status -z -uall [10ms]
2025-03-10 10:52:27.076 [info] > git status -z -uall [10ms]
2025-03-10 10:52:27.078 [info] > git config --get commit.template [2ms]
2025-03-10 10:52:27.087 [info] > git for-each-ref --format %(refname) %(objectname) %(*objectname) refs/tags [2ms]
2025-03-10 10:52:27.095 [info] > git status -z -uall [2ms]
2025-03-10 10:52:27.244 [info] > git ls-files --stage -- /home/sgass/Projects/kepler3/hdl/rtl/board/pcuecp/board_pcuecp_p4_router_wrapper.sv [6ms]
2025-03-10 10:52:27.251 [info] > git cat-file -s a57451f3224f7eeef1a939a445019a37586190d1 [3ms]
2025-03-10 10:52:27.267 [info] > git show --textconv :hdl/rtl/board/pcuecp/board_pcuecp_p4_router_wrapper.sv [8ms]
2025-03-10 10:52:30.025 [info] > git config --get commit.template [10ms]
2025-03-10 10:52:30.026 [info] > git for-each-ref --format=%(refname)%00%(upstream:short)%00%(objectname)%00%(upstream:track)%00%(upstream:remotename)%00%(upstream:remoteref) refs/heads/sgass/prod/no-ref/disable-ecp-ilas refs/remotes/sgass/prod/no-ref/disable-ecp-ilas [3ms]
2025-03-10 10:52:30.363 [info] > git status -z -uall [330ms]
2025-03-10 10:52:30.369 [info] > git for-each-ref --format=%(refname)%00%(upstream:short)%00%(objectname)%00%(upstream:track)%00%(upstream:remotename)%00%(upstream:remoteref) refs/heads/sgass/prod/no-ref/disable-ecp-ilas refs/remotes/sgass/prod/no-ref/disable-ecp-ilas [1ms]
2025-03-10 10:52:30.374 [info] > git config --local branch.sgass/prod/no-ref/disable-ecp-ilas.vscode-merge-base [1ms]
2025-03-10 10:52:30.378 [info] > git for-each-ref --format=%(refname)%00%(upstream:short)%00%(objectname)%00%(upstream:track)%00%(upstream:remotename)%00%(upstream:remoteref) refs/heads/origin/develop refs/remotes/origin/develop [1ms]
2025-03-10 10:52:50.512 [info] > git config --get commit.template [12ms]
2025-03-10 10:52:50.514 [info] > git for-each-ref --format=%(refname)%00%(upstream:short)%00%(objectname)%00%(upstream:track)%00%(upstream:remotename)%00%(upstream:remoteref) refs/heads/sgass/prod/no-ref/disable-ecp-ilas refs/remotes/sgass/prod/no-ref/disable-ecp-ilas [3ms]
2025-03-10 10:52:50.607 [info] > git ls-files --stage -- /home/sgass/Projects/kepler3/hdl/rtl/board/pcuecp/board_pcuecp_p4_router_wrapper.sv [7ms]
2025-03-10 10:52:50.616 [info] > git cat-file -s f621b3a3ecc3b0e1afd664217c7f2934d78c2ac4 [2ms]
2025-03-10 10:52:50.632 [info] > git show --textconv :hdl/rtl/board/pcuecp/board_pcuecp_p4_router_wrapper.sv [7ms]
2025-03-10 10:52:50.875 [info] > git status -z -uall [353ms]
2025-03-10 10:52:50.881 [info] > git for-each-ref --format=%(refname)%00%(upstream:short)%00%(objectname)%00%(upstream:track)%00%(upstream:remotename)%00%(upstream:remoteref) refs/heads/sgass/prod/no-ref/disable-ecp-ilas refs/remotes/sgass/prod/no-ref/disable-ecp-ilas [1ms]
2025-03-10 10:52:50.887 [info] > git config --local branch.sgass/prod/no-ref/disable-ecp-ilas.vscode-merge-base [1ms]
2025-03-10 10:52:50.893 [info] > git for-each-ref --format=%(refname)%00%(upstream:short)%00%(objectname)%00%(upstream:track)%00%(upstream:remotename)%00%(upstream:remoteref) refs/heads/origin/develop refs/remotes/origin/develop [2ms]
2025-03-10 10:52:52.405 [info] > git config --get commit.template [9ms]
2025-03-10 10:52:52.408 [info] > git for-each-ref --format %(refname) %(objectname) %(*objectname) refs/tags [4ms]
2025-03-10 10:52:52.429 [info] > git status -z -uall [14ms]
2025-03-10 10:52:52.515 [info] > git config --get commit.template [9ms]
2025-03-10 10:52:52.530 [info] > git config --get commit.template [16ms]
2025-03-10 10:52:52.532 [info] > git for-each-ref --format %(refname) %(objectname) %(*objectname) refs/tags [10ms]
2025-03-10 10:52:52.539 [info] > git for-each-ref --format %(refname) %(objectname) %(*objectname) refs/tags [10ms]
2025-03-10 10:52:52.546 [info] > git status -z -uall [8ms]
2025-03-10 10:52:52.557 [info] > git status -z -uall [11ms]
2025-03-10 10:52:52.558 [info] > git config --get commit.template [2ms]
2025-03-10 10:52:52.565 [info] > git for-each-ref --format %(refname) %(objectname) %(*objectname) refs/tags [1ms]
2025-03-10 10:52:52.589 [info] > git config --get commit.template [4ms]
2025-03-10 10:52:52.590 [info] > git for-each-ref --format %(refname) %(objectname) %(*objectname) refs/tags [1ms]
2025-03-10 10:52:52.596 [info] > git status -z -uall [25ms]
2025-03-10 10:52:52.596 [info] > git status -z -uall [4ms]
2025-03-10 10:52:52.597 [info] > git config --get commit.template [1ms]
2025-03-10 10:52:52.626 [info] > git config --get commit.template [21ms]
2025-03-10 10:52:52.627 [info] > git for-each-ref --format %(refname) %(objectname) %(*objectname) refs/tags [10ms]
2025-03-10 10:52:52.643 [info] > git status -z -uall [5ms]
2025-03-10 10:52:52.643 [info] > git for-each-ref --format %(refname) %(objectname) %(*objectname) refs/tags [11ms]
2025-03-10 10:52:52.643 [info] > git config --get commit.template [17ms]
2025-03-10 10:52:52.655 [info] > git status -z -uall [7ms]
2025-03-10 10:52:52.655 [info] > git config --get commit.template [3ms]
2025-03-10 10:52:52.656 [info] > git for-each-ref --format %(refname) %(objectname) %(*objectname) refs/tags [13ms]
2025-03-10 10:52:52.664 [info] > git status -z -uall [4ms]
2025-03-10 10:52:52.666 [info] > git for-each-ref --format %(refname) %(objectname) %(*objectname) refs/tags [2ms]
2025-03-10 10:52:52.674 [info] > git status -z -uall [3ms]
2025-03-10 10:52:52.827 [info] > git ls-files --stage -- /home/sgass/Projects/kepler3/hdl/rtl/board/pcuecp/board_pcuecp_p4_router_wrapper.sv [8ms]
2025-03-10 10:52:52.837 [info] > git cat-file -s f621b3a3ecc3b0e1afd664217c7f2934d78c2ac4 [2ms]
2025-03-10 10:52:52.854 [info] > git show --textconv :hdl/rtl/board/pcuecp/board_pcuecp_p4_router_wrapper.sv [9ms]
2025-03-10 10:52:55.902 [info] > git config --get commit.template [10ms]
2025-03-10 10:52:55.905 [info] > git for-each-ref --format=%(refname)%00%(upstream:short)%00%(objectname)%00%(upstream:track)%00%(upstream:remotename)%00%(upstream:remoteref) refs/heads/sgass/prod/no-ref/disable-ecp-ilas refs/remotes/sgass/prod/no-ref/disable-ecp-ilas [3ms]
2025-03-10 10:52:56.252 [info] > git status -z -uall [340ms]
2025-03-10 10:52:56.257 [info] > git for-each-ref --format=%(refname)%00%(upstream:short)%00%(objectname)%00%(upstream:track)%00%(upstream:remotename)%00%(upstream:remoteref) refs/heads/sgass/prod/no-ref/disable-ecp-ilas refs/remotes/sgass/prod/no-ref/disable-ecp-ilas [1ms]
2025-03-10 10:52:56.261 [info] > git config --local branch.sgass/prod/no-ref/disable-ecp-ilas.vscode-merge-base [1ms]
2025-03-10 10:52:56.265 [info] > git for-each-ref --format=%(refname)%00%(upstream:short)%00%(objectname)%00%(upstream:track)%00%(upstream:remotename)%00%(upstream:remoteref) refs/heads/origin/develop refs/remotes/origin/develop [1ms]
2025-03-10 10:54:34.960 [info] > git config --get commit.template [10ms]
2025-03-10 10:54:34.964 [info] > git for-each-ref --format %(refname) %(objectname) %(*objectname) refs/tags [5ms]
2025-03-10 10:54:34.984 [info] > git status -z -uall [13ms]
2025-03-10 10:54:35.047 [info] > git config --get commit.template [8ms]
2025-03-10 10:54:35.059 [info] > git config --get commit.template [13ms]
2025-03-10 10:54:35.060 [info] > git for-each-ref --format %(refname) %(objectname) %(*objectname) refs/tags [8ms]
2025-03-10 10:54:35.067 [info] > git for-each-ref --format %(refname) %(objectname) %(*objectname) refs/tags [8ms]
2025-03-10 10:54:35.074 [info] > git status -z -uall [7ms]
2025-03-10 10:54:35.087 [info] > git status -z -uall [14ms]
2025-03-10 10:54:35.089 [info] > git config --get commit.template [3ms]
2025-03-10 10:54:35.099 [info] > git for-each-ref --format %(refname) %(objectname) %(*objectname) refs/tags [2ms]
2025-03-10 10:54:35.138 [info] > git config --get commit.template [16ms]
2025-03-10 10:54:35.143 [info] > git status -z -uall [38ms]
2025-03-10 10:54:35.143 [info] > git config --get commit.template [6ms]
2025-03-10 10:54:35.143 [info] > git for-each-ref --format %(refname) %(objectname) %(*objectname) refs/tags [13ms]
2025-03-10 10:54:35.148 [info] > git config --get commit.template [6ms]
2025-03-10 10:54:35.156 [info] > git config --get commit.template [8ms]
2025-03-10 10:54:35.169 [info] > git status -z -uall [9ms]
2025-03-10 10:54:35.170 [info] > git for-each-ref --format %(refname) %(objectname) %(*objectname) refs/tags [16ms]
2025-03-10 10:54:35.177 [info] > git for-each-ref --format %(refname) %(objectname) %(*objectname) refs/tags [8ms]
2025-03-10 10:54:35.177 [info] > git for-each-ref --format %(refname) %(objectname) %(*objectname) refs/tags [13ms]
2025-03-10 10:54:35.201 [info] > git status -z -uall [25ms]
2025-03-10 10:54:35.201 [info] > git status -z -uall [17ms]
2025-03-10 10:54:35.201 [info] > git status -z -uall [8ms]
2025-03-10 10:54:35.205 [info] > git config --get commit.template [5ms]
2025-03-10 10:54:35.213 [info] > git for-each-ref --format %(refname) %(objectname) %(*objectname) refs/tags [1ms]
2025-03-10 10:54:35.221 [info] > git status -z -uall [2ms]
2025-03-10 10:54:35.236 [info] > git config --get commit.template [7ms]
2025-03-10 10:54:35.237 [info] > git for-each-ref --format=%(refname)%00%(upstream:short)%00%(objectname)%00%(upstream:track)%00%(upstream:remotename)%00%(upstream:remoteref) refs/heads/sgass/prod/no-ref/disable-ecp-ilas refs/remotes/sgass/prod/no-ref/disable-ecp-ilas [2ms]
2025-03-10 10:54:35.344 [info] > git ls-files --stage -- /home/sgass/Projects/kepler3/hdl/rtl/board/pcuecp/board_pcuecp_p4_router_wrapper.sv [8ms]
2025-03-10 10:54:35.356 [info] > git cat-file -s f621b3a3ecc3b0e1afd664217c7f2934d78c2ac4 [5ms]
2025-03-10 10:54:35.373 [info] > git show --textconv :hdl/rtl/board/pcuecp/board_pcuecp_p4_router_wrapper.sv [7ms]
2025-03-10 10:54:35.601 [info] > git status -z -uall [358ms]
2025-03-10 10:54:35.607 [info] > git for-each-ref --format=%(refname)%00%(upstream:short)%00%(objectname)%00%(upstream:track)%00%(upstream:remotename)%00%(upstream:remoteref) refs/heads/sgass/prod/no-ref/disable-ecp-ilas refs/remotes/sgass/prod/no-ref/disable-ecp-ilas [2ms]
2025-03-10 10:54:35.612 [info] > git config --local branch.sgass/prod/no-ref/disable-ecp-ilas.vscode-merge-base [1ms]
2025-03-10 10:54:35.618 [info] > git for-each-ref --format=%(refname)%00%(upstream:short)%00%(objectname)%00%(upstream:track)%00%(upstream:remotename)%00%(upstream:remoteref) refs/heads/origin/develop refs/remotes/origin/develop [1ms]
2025-03-10 10:54:39.090 [info] > git ls-files --stage -- /home/sgass/Projects/kepler3/hdl/rtl/board/pcuecp/board_pcuecp_p4_router_wrapper.sv [9ms]
2025-03-10 10:54:39.101 [info] > git cat-file -s f621b3a3ecc3b0e1afd664217c7f2934d78c2ac4 [3ms]
2025-03-10 10:54:39.117 [info] > git show --textconv :hdl/rtl/board/pcuecp/board_pcuecp_p4_router_wrapper.sv [8ms]
2025-03-10 10:54:40.005 [info] > git config --get commit.template [9ms]
2025-03-10 10:54:40.008 [info] > git for-each-ref --format %(refname) %(objectname) %(*objectname) refs/tags [4ms]
2025-03-10 10:54:40.027 [info] > git status -z -uall [14ms]
2025-03-10 10:54:40.096 [info] > git config --get commit.template [8ms]
2025-03-10 10:54:40.110 [info] > git config --get commit.template [14ms]
2025-03-10 10:54:40.111 [info] > git for-each-ref --format %(refname) %(objectname) %(*objectname) refs/tags [8ms]
2025-03-10 10:54:40.119 [info] > git for-each-ref --format %(refname) %(objectname) %(*objectname) refs/tags [9ms]
2025-03-10 10:54:40.133 [info] > git status -z -uall [15ms]
2025-03-10 10:54:40.144 [info] > git status -z -uall [12ms]
2025-03-10 10:54:40.178 [info] > git config --get commit.template [16ms]
2025-03-10 10:54:40.179 [info] > git for-each-ref --format %(refname) %(objectname) %(*objectname) refs/tags [8ms]
2025-03-10 10:54:40.186 [info] > git config --get commit.template [7ms]
2025-03-10 10:54:40.192 [info] > git for-each-ref --format %(refname) %(objectname) %(*objectname) refs/tags [7ms]
2025-03-10 10:54:40.201 [info] > git status -z -uall [3ms]
2025-03-10 10:54:40.222 [info] > git config --get commit.template [5ms]
2025-03-10 10:54:40.222 [info] > git config --get commit.template [10ms]
2025-03-10 10:54:40.226 [info] > git status -z -uall [35ms]
2025-03-10 10:54:40.227 [info] > git config --get commit.template [5ms]
2025-03-10 10:54:40.237 [info] > git config --get commit.template [11ms]
2025-03-10 10:54:40.243 [info] > git for-each-ref --format %(refname) %(objectname) %(*objectname) refs/tags [11ms]
2025-03-10 10:54:40.255 [info] > git for-each-ref --format %(refname) %(objectname) %(*objectname) refs/tags [19ms]
2025-03-10 10:54:40.262 [info] > git status -z -uall [7ms]
2025-03-10 10:54:40.263 [info] > git for-each-ref --format %(refname) %(objectname) %(*objectname) refs/tags [15ms]
2025-03-10 10:54:40.263 [info] > git for-each-ref --format %(refname) %(objectname) %(*objectname) refs/tags [21ms]
2025-03-10 10:54:40.276 [info] > git status -z -uall [15ms]
2025-03-10 10:54:40.276 [info] > git status -z -uall [7ms]
2025-03-10 10:54:40.280 [info] > git status -z -uall [4ms]
2025-03-10 10:54:40.627 [info] > git config --get commit.template [9ms]
2025-03-10 10:54:40.635 [info] > git for-each-ref --format=%(refname)%00%(upstream:short)%00%(objectname)%00%(upstream:track)%00%(upstream:remotename)%00%(upstream:remoteref) refs/heads/sgass/prod/no-ref/disable-ecp-ilas refs/remotes/sgass/prod/no-ref/disable-ecp-ilas [8ms]
2025-03-10 10:54:40.644 [info] > git ls-files --stage -- /home/sgass/Projects/kepler3/hdl/rtl/board/pcuecp/board_pcuecp_p4_router_wrapper.sv [9ms]
2025-03-10 10:54:40.652 [info] > git cat-file -s f621b3a3ecc3b0e1afd664217c7f2934d78c2ac4 [4ms]
2025-03-10 10:54:40.670 [info] > git show --textconv :hdl/rtl/board/pcuecp/board_pcuecp_p4_router_wrapper.sv [9ms]
2025-03-10 10:54:40.950 [info] > git status -z -uall [307ms]
2025-03-10 10:54:40.956 [info] > git for-each-ref --format=%(refname)%00%(upstream:short)%00%(objectname)%00%(upstream:track)%00%(upstream:remotename)%00%(upstream:remoteref) refs/heads/sgass/prod/no-ref/disable-ecp-ilas refs/remotes/sgass/prod/no-ref/disable-ecp-ilas [2ms]
2025-03-10 10:54:40.960 [info] > git config --local branch.sgass/prod/no-ref/disable-ecp-ilas.vscode-merge-base [1ms]
2025-03-10 10:54:40.965 [info] > git for-each-ref --format=%(refname)%00%(upstream:short)%00%(objectname)%00%(upstream:track)%00%(upstream:remotename)%00%(upstream:remoteref) refs/heads/origin/develop refs/remotes/origin/develop [2ms]
2025-03-10 10:55:00.887 [info] > git config --get commit.template [1ms]
2025-03-10 10:55:00.892 [info] > git for-each-ref --format=%(refname)%00%(upstream:short)%00%(objectname)%00%(upstream:track)%00%(upstream:remotename)%00%(upstream:remoteref) refs/heads/sgass/prod/no-ref/disable-ecp-ilas refs/remotes/sgass/prod/no-ref/disable-ecp-ilas [1ms]
2025-03-10 10:55:01.002 [info] > git ls-files --stage -- /home/sgass/Projects/kepler3/hdl/rtl/board/pcuecp/board_pcuecp_p4_router_wrapper.sv [8ms]
2025-03-10 10:55:01.012 [info] > git cat-file -s f621b3a3ecc3b0e1afd664217c7f2934d78c2ac4 [4ms]
2025-03-10 10:55:01.030 [info] > git show --textconv :hdl/rtl/board/pcuecp/board_pcuecp_p4_router_wrapper.sv [9ms]
2025-03-10 10:55:01.269 [info] > git status -z -uall [373ms]
2025-03-10 10:55:01.275 [info] > git for-each-ref --format=%(refname)%00%(upstream:short)%00%(objectname)%00%(upstream:track)%00%(upstream:remotename)%00%(upstream:remoteref) refs/heads/sgass/prod/no-ref/disable-ecp-ilas refs/remotes/sgass/prod/no-ref/disable-ecp-ilas [2ms]
2025-03-10 10:55:01.280 [info] > git config --local branch.sgass/prod/no-ref/disable-ecp-ilas.vscode-merge-base [1ms]
2025-03-10 10:55:01.285 [info] > git for-each-ref --format=%(refname)%00%(upstream:short)%00%(objectname)%00%(upstream:track)%00%(upstream:remotename)%00%(upstream:remoteref) refs/heads/origin/develop refs/remotes/origin/develop [1ms]
2025-03-10 10:55:06.512 [info] > git config --get commit.template [12ms]
2025-03-10 10:55:06.514 [info] > git for-each-ref --format=%(refname)%00%(upstream:short)%00%(objectname)%00%(upstream:track)%00%(upstream:remotename)%00%(upstream:remoteref) refs/heads/sgass/prod/no-ref/disable-ecp-ilas refs/remotes/sgass/prod/no-ref/disable-ecp-ilas [2ms]
2025-03-10 10:55:06.926 [info] > git status -z -uall [403ms]
2025-03-10 10:55:06.933 [info] > git for-each-ref --format=%(refname)%00%(upstream:short)%00%(objectname)%00%(upstream:track)%00%(upstream:remotename)%00%(upstream:remoteref) refs/heads/sgass/prod/no-ref/disable-ecp-ilas refs/remotes/sgass/prod/no-ref/disable-ecp-ilas [3ms]
2025-03-10 10:55:06.938 [info] > git config --local branch.sgass/prod/no-ref/disable-ecp-ilas.vscode-merge-base [1ms]
2025-03-10 10:55:06.943 [info] > git for-each-ref --format=%(refname)%00%(upstream:short)%00%(objectname)%00%(upstream:track)%00%(upstream:remotename)%00%(upstream:remoteref) refs/heads/origin/develop refs/remotes/origin/develop [1ms]
2025-03-10 10:55:14.716 [info] > git config --get commit.template [13ms]
2025-03-10 10:55:14.720 [info] > git for-each-ref --format %(refname) %(objectname) %(*objectname) refs/tags [5ms]
2025-03-10 10:55:14.744 [info] > git status -z -uall [14ms]
2025-03-10 10:55:14.815 [info] > git config --get commit.template [14ms]
2025-03-10 10:55:14.834 [info] > git config --get commit.template [20ms]
2025-03-10 10:55:14.835 [info] > git for-each-ref --format %(refname) %(objectname) %(*objectname) refs/tags [10ms]
2025-03-10 10:55:14.845 [info] > git for-each-ref --format %(refname) %(objectname) %(*objectname) refs/tags [12ms]
2025-03-10 10:55:14.853 [info] > git status -z -uall [10ms]
2025-03-10 10:55:14.863 [info] > git config --get commit.template [10ms]
2025-03-10 10:55:14.870 [info] > git status -z -uall [8ms]
2025-03-10 10:55:14.871 [info] > git for-each-ref --format %(refname) %(objectname) %(*objectname) refs/tags [1ms]
2025-03-10 10:55:14.900 [info] > git config --get commit.template [15ms]
2025-03-10 10:55:14.912 [info] > git status -z -uall [34ms]
2025-03-10 10:55:14.912 [info] > git config --get commit.template [12ms]
2025-03-10 10:55:14.912 [info] > git for-each-ref --format %(refname) %(objectname) %(*objectname) refs/tags [20ms]
2025-03-10 10:55:14.913 [info] > git config --get commit.template [2ms]
2025-03-10 10:55:14.913 [info] > git config --get commit.template [5ms]
2025-03-10 10:55:14.934 [info] > git status -z -uall [10ms]
2025-03-10 10:55:14.934 [info] > git for-each-ref --format %(refname) %(objectname) %(*objectname) refs/tags [6ms]
2025-03-10 10:55:14.935 [info] > git for-each-ref --format %(refname) %(objectname) %(*objectname) refs/tags [17ms]
2025-03-10 10:55:14.962 [info] > git status -z -uall [17ms]
2025-03-10 10:55:14.962 [info] > git status -z -uall [9ms]
2025-03-10 10:55:14.962 [info] > git for-each-ref --format %(refname) %(objectname) %(*objectname) refs/tags [29ms]
2025-03-10 10:55:14.970 [info] > git config --get commit.template [9ms]
2025-03-10 10:55:14.973 [info] > git status -z -uall [4ms]
2025-03-10 10:55:14.982 [info] > git for-each-ref --format %(refname) %(objectname) %(*objectname) refs/tags [2ms]
2025-03-10 10:55:14.995 [info] > git status -z -uall [7ms]
2025-03-10 10:55:14.996 [info] > git config --get commit.template [2ms]
2025-03-10 10:55:15.004 [info] > git for-each-ref --format=%(refname)%00%(upstream:short)%00%(objectname)%00%(upstream:track)%00%(upstream:remotename)%00%(upstream:remoteref) refs/heads/sgass/prod/no-ref/disable-ecp-ilas refs/remotes/sgass/prod/no-ref/disable-ecp-ilas [2ms]
2025-03-10 10:55:15.113 [info] > git ls-files --stage -- /home/sgass/Projects/kepler3/hdl/rtl/board/pcuecp/board_pcuecp_p4_router_wrapper.sv [11ms]
2025-03-10 10:55:15.121 [info] > git cat-file -s f621b3a3ecc3b0e1afd664217c7f2934d78c2ac4 [2ms]
2025-03-10 10:55:15.141 [info] > git show --textconv :hdl/rtl/board/pcuecp/board_pcuecp_p4_router_wrapper.sv [12ms]
2025-03-10 10:55:15.344 [info] > git status -z -uall [334ms]
2025-03-10 10:55:15.350 [info] > git for-each-ref --format=%(refname)%00%(upstream:short)%00%(objectname)%00%(upstream:track)%00%(upstream:remotename)%00%(upstream:remoteref) refs/heads/sgass/prod/no-ref/disable-ecp-ilas refs/remotes/sgass/prod/no-ref/disable-ecp-ilas [1ms]
2025-03-10 10:55:15.356 [info] > git config --local branch.sgass/prod/no-ref/disable-ecp-ilas.vscode-merge-base [2ms]
2025-03-10 10:55:15.364 [info] > git for-each-ref --format=%(refname)%00%(upstream:short)%00%(objectname)%00%(upstream:track)%00%(upstream:remotename)%00%(upstream:remoteref) refs/heads/origin/develop refs/remotes/origin/develop [1ms]
2025-03-10 10:55:30.171 [info] > git config --get commit.template [10ms]
2025-03-10 10:55:30.172 [info] > git for-each-ref --format=%(refname)%00%(upstream:short)%00%(objectname)%00%(upstream:track)%00%(upstream:remotename)%00%(upstream:remoteref) refs/heads/sgass/prod/no-ref/disable-ecp-ilas refs/remotes/sgass/prod/no-ref/disable-ecp-ilas [3ms]
2025-03-10 10:55:30.524 [info] > git status -z -uall [344ms]
2025-03-10 10:55:30.530 [info] > git for-each-ref --format=%(refname)%00%(upstream:short)%00%(objectname)%00%(upstream:track)%00%(upstream:remotename)%00%(upstream:remoteref) refs/heads/sgass/prod/no-ref/disable-ecp-ilas refs/remotes/sgass/prod/no-ref/disable-ecp-ilas [1ms]
2025-03-10 10:55:30.536 [info] > git config --local branch.sgass/prod/no-ref/disable-ecp-ilas.vscode-merge-base [1ms]
2025-03-10 10:55:30.540 [info] > git for-each-ref --format=%(refname)%00%(upstream:short)%00%(objectname)%00%(upstream:track)%00%(upstream:remotename)%00%(upstream:remoteref) refs/heads/origin/develop refs/remotes/origin/develop [1ms]
2025-03-10 10:55:34.502 [info] > git config --get commit.template [12ms]
2025-03-10 10:55:34.505 [info] > git for-each-ref --format %(refname) %(objectname) %(*objectname) refs/tags [5ms]
2025-03-10 10:55:34.527 [info] > git status -z -uall [14ms]
2025-03-10 10:55:34.601 [info] > git config --get commit.template [9ms]
2025-03-10 10:55:34.609 [info] > git config --get commit.template [7ms]
2025-03-10 10:55:34.616 [info] > git for-each-ref --format %(refname) %(objectname) %(*objectname) refs/tags [8ms]
2025-03-10 10:55:34.623 [info] > git for-each-ref --format %(refname) %(objectname) %(*objectname) refs/tags [8ms]
2025-03-10 10:55:34.636 [info] > git status -z -uall [14ms]
2025-03-10 10:55:34.636 [info] > git status -z -uall [8ms]
2025-03-10 10:55:34.638 [info] > git config --get commit.template [3ms]
2025-03-10 10:55:34.648 [info] > git for-each-ref --format %(refname) %(objectname) %(*objectname) refs/tags [3ms]
2025-03-10 10:55:34.691 [info] > git config --get commit.template [18ms]
2025-03-10 10:55:34.705 [info] > git status -z -uall [51ms]
2025-03-10 10:55:34.705 [info] > git config --get commit.template [15ms]
2025-03-10 10:55:34.706 [info] > git config --get commit.template [24ms]
2025-03-10 10:55:34.713 [info] > git config --get commit.template [10ms]
2025-03-10 10:55:34.714 [info] > git for-each-ref --format %(refname) %(objectname) %(*objectname) refs/tags [17ms]
2025-03-10 10:55:34.734 [info] > git status -z -uall [6ms]
2025-03-10 10:55:34.734 [info] > git for-each-ref --format %(refname) %(objectname) %(*objectname) refs/tags [21ms]
2025-03-10 10:55:34.746 [info] > git for-each-ref --format %(refname) %(objectname) %(*objectname) refs/tags [25ms]
2025-03-10 10:55:34.750 [info] > git status -z -uall [9ms]
2025-03-10 10:55:34.750 [info] > git config --get commit.template [5ms]
2025-03-10 10:55:34.751 [info] > git for-each-ref --format %(refname) %(objectname) %(*objectname) refs/tags [18ms]
2025-03-10 10:55:34.757 [info] > git status -z -uall [7ms]
2025-03-10 10:55:34.763 [info] > git status -z -uall [7ms]
2025-03-10 10:55:34.765 [info] > git for-each-ref --format %(refname) %(objectname) %(*objectname) refs/tags [2ms]
2025-03-10 10:55:34.772 [info] > git status -z -uall [2ms]
2025-03-10 10:55:34.906 [info] > git ls-files --stage -- /home/sgass/Projects/kepler3/hdl/rtl/board/pcuecp/board_pcuecp_p4_router_wrapper.sv [8ms]
2025-03-10 10:55:34.916 [info] > git cat-file -s f621b3a3ecc3b0e1afd664217c7f2934d78c2ac4 [3ms]
2025-03-10 10:55:34.933 [info] > git show --textconv :hdl/rtl/board/pcuecp/board_pcuecp_p4_router_wrapper.sv [9ms]
2025-03-10 10:55:35.553 [info] > git config --get commit.template [10ms]
2025-03-10 10:55:35.555 [info] > git for-each-ref --format=%(refname)%00%(upstream:short)%00%(objectname)%00%(upstream:track)%00%(upstream:remotename)%00%(upstream:remoteref) refs/heads/sgass/prod/no-ref/disable-ecp-ilas refs/remotes/sgass/prod/no-ref/disable-ecp-ilas [3ms]
2025-03-10 10:55:35.842 [info] > git status -z -uall [278ms]
2025-03-10 10:55:35.847 [info] > git for-each-ref --format=%(refname)%00%(upstream:short)%00%(objectname)%00%(upstream:track)%00%(upstream:remotename)%00%(upstream:remoteref) refs/heads/sgass/prod/no-ref/disable-ecp-ilas refs/remotes/sgass/prod/no-ref/disable-ecp-ilas [1ms]
2025-03-10 10:55:35.852 [info] > git config --local branch.sgass/prod/no-ref/disable-ecp-ilas.vscode-merge-base [0ms]
2025-03-10 10:55:35.856 [info] > git for-each-ref --format=%(refname)%00%(upstream:short)%00%(objectname)%00%(upstream:track)%00%(upstream:remotename)%00%(upstream:remoteref) refs/heads/origin/develop refs/remotes/origin/develop [1ms]
2025-03-10 10:56:00.699 [info] > git config --get commit.template [17ms]
2025-03-10 10:56:00.714 [info] > git ls-files --stage -- /home/sgass/Projects/kepler3/hdl/rtl/board/pcuecp/board_pcuecp_p4_router_wrapper.sv [16ms]
2025-03-10 10:56:00.726 [info] > git for-each-ref --format=%(refname)%00%(upstream:short)%00%(objectname)%00%(upstream:track)%00%(upstream:remotename)%00%(upstream:remoteref) refs/heads/sgass/prod/no-ref/disable-ecp-ilas refs/remotes/sgass/prod/no-ref/disable-ecp-ilas [15ms]
2025-03-10 10:56:00.734 [info] > git cat-file -s f621b3a3ecc3b0e1afd664217c7f2934d78c2ac4 [9ms]
2025-03-10 10:56:00.752 [info] > git show --textconv :hdl/rtl/board/pcuecp/board_pcuecp_p4_router_wrapper.sv [5ms]
2025-03-10 10:56:01.040 [info] > git status -z -uall [307ms]
2025-03-10 10:56:01.045 [info] > git for-each-ref --format=%(refname)%00%(upstream:short)%00%(objectname)%00%(upstream:track)%00%(upstream:remotename)%00%(upstream:remoteref) refs/heads/sgass/prod/no-ref/disable-ecp-ilas refs/remotes/sgass/prod/no-ref/disable-ecp-ilas [1ms]
2025-03-10 10:56:01.049 [info] > git config --local branch.sgass/prod/no-ref/disable-ecp-ilas.vscode-merge-base [1ms]
2025-03-10 10:56:01.053 [info] > git for-each-ref --format=%(refname)%00%(upstream:short)%00%(objectname)%00%(upstream:track)%00%(upstream:remotename)%00%(upstream:remoteref) refs/heads/origin/develop refs/remotes/origin/develop [1ms]
2025-03-10 10:56:05.044 [info] > git config --get commit.template [9ms]
2025-03-10 10:56:05.048 [info] > git for-each-ref --format %(refname) %(objectname) %(*objectname) refs/tags [5ms]
2025-03-10 10:56:05.069 [info] > git status -z -uall [15ms]
2025-03-10 10:56:05.132 [info] > git config --get commit.template [9ms]
2025-03-10 10:56:05.145 [info] > git config --get commit.template [14ms]
2025-03-10 10:56:05.145 [info] > git for-each-ref --format %(refname) %(objectname) %(*objectname) refs/tags [7ms]
2025-03-10 10:56:05.152 [info] > git for-each-ref --format %(refname) %(objectname) %(*objectname) refs/tags [8ms]
2025-03-10 10:56:05.166 [info] > git status -z -uall [15ms]
2025-03-10 10:56:05.166 [info] > git status -z -uall [8ms]
2025-03-10 10:56:05.169 [info] > git config --get commit.template [3ms]
2025-03-10 10:56:05.178 [info] > git for-each-ref --format %(refname) %(objectname) %(*objectname) refs/tags [2ms]
2025-03-10 10:56:05.208 [info] > git config --get commit.template [9ms]
2025-03-10 10:56:05.208 [info] > git for-each-ref --format %(refname) %(objectname) %(*objectname) refs/tags [4ms]
2025-03-10 10:56:05.214 [info] > git status -z -uall [30ms]
2025-03-10 10:56:05.215 [info] > git config --get commit.template [8ms]
2025-03-10 10:56:05.222 [info] > git for-each-ref --format %(refname) %(objectname) %(*objectname) refs/tags [11ms]
2025-03-10 10:56:05.222 [info] > git status -z -uall [8ms]
2025-03-10 10:56:05.222 [info] > git config --get commit.template [4ms]
2025-03-10 10:56:05.229 [info] > git config --get commit.template [7ms]
2025-03-10 10:56:05.237 [info] > git for-each-ref --format %(refname) %(objectname) %(*objectname) refs/tags [10ms]
2025-03-10 10:56:05.238 [info] > git status -z -uall [5ms]
2025-03-10 10:56:05.244 [info] > git for-each-ref --format %(refname) %(objectname) %(*objectname) refs/tags [7ms]
2025-03-10 10:56:05.251 [info] > git status -z -uall [7ms]
2025-03-10 10:56:05.253 [info] > git status -z -uall [2ms]
2025-03-10 10:56:05.273 [info] > git config --get commit.template [7ms]
2025-03-10 10:56:05.275 [info] > git for-each-ref --format %(refname) %(objectname) %(*objectname) refs/tags [2ms]
2025-03-10 10:56:05.284 [info] > git status -z -uall [3ms]
2025-03-10 10:56:05.437 [info] > git ls-files --stage -- /home/sgass/Projects/kepler3/hdl/rtl/board/pcuecp/board_pcuecp_p4_router_wrapper.sv [9ms]
2025-03-10 10:56:05.445 [info] > git cat-file -s f621b3a3ecc3b0e1afd664217c7f2934d78c2ac4 [4ms]
2025-03-10 10:56:05.461 [info] > git show --textconv :hdl/rtl/board/pcuecp/board_pcuecp_p4_router_wrapper.sv [8ms]
2025-03-10 10:56:06.066 [info] > git config --get commit.template [10ms]
2025-03-10 10:56:06.067 [info] > git for-each-ref --format=%(refname)%00%(upstream:short)%00%(objectname)%00%(upstream:track)%00%(upstream:remotename)%00%(upstream:remoteref) refs/heads/sgass/prod/no-ref/disable-ecp-ilas refs/remotes/sgass/prod/no-ref/disable-ecp-ilas [2ms]
2025-03-10 10:56:06.391 [info] > git status -z -uall [316ms]
2025-03-10 10:56:06.398 [info] > git for-each-ref --format=%(refname)%00%(upstream:short)%00%(objectname)%00%(upstream:track)%00%(upstream:remotename)%00%(upstream:remoteref) refs/heads/sgass/prod/no-ref/disable-ecp-ilas refs/remotes/sgass/prod/no-ref/disable-ecp-ilas [2ms]
2025-03-10 10:56:06.403 [info] > git config --local branch.sgass/prod/no-ref/disable-ecp-ilas.vscode-merge-base [1ms]
2025-03-10 10:56:06.408 [info] > git for-each-ref --format=%(refname)%00%(upstream:short)%00%(objectname)%00%(upstream:track)%00%(upstream:remotename)%00%(upstream:remoteref) refs/heads/origin/develop refs/remotes/origin/develop [2ms]
2025-03-10 10:56:25.272 [info] > git config --get commit.template [1ms]
2025-03-10 10:56:25.277 [info] > git for-each-ref --format=%(refname)%00%(upstream:short)%00%(objectname)%00%(upstream:track)%00%(upstream:remotename)%00%(upstream:remoteref) refs/heads/sgass/prod/no-ref/disable-ecp-ilas refs/remotes/sgass/prod/no-ref/disable-ecp-ilas [2ms]
2025-03-10 10:56:25.502 [info] > git status -z -uall [220ms]
2025-03-10 10:56:25.509 [info] > git for-each-ref --format=%(refname)%00%(upstream:short)%00%(objectname)%00%(upstream:track)%00%(upstream:remotename)%00%(upstream:remoteref) refs/heads/sgass/prod/no-ref/disable-ecp-ilas refs/remotes/sgass/prod/no-ref/disable-ecp-ilas [2ms]
2025-03-10 10:56:25.516 [info] > git config --local branch.sgass/prod/no-ref/disable-ecp-ilas.vscode-merge-base [1ms]
2025-03-10 10:56:25.520 [info] > git for-each-ref --format=%(refname)%00%(upstream:short)%00%(objectname)%00%(upstream:track)%00%(upstream:remotename)%00%(upstream:remoteref) refs/heads/origin/develop refs/remotes/origin/develop [1ms]
2025-03-10 11:07:05.300 [info] > git config --get commit.template [5ms]
2025-03-10 11:07:05.302 [info] > git for-each-ref --format=%(refname)%00%(upstream:short)%00%(objectname)%00%(upstream:track)%00%(upstream:remotename)%00%(upstream:remoteref) refs/heads/sgass/prod/no-ref/disable-ecp-ilas refs/remotes/sgass/prod/no-ref/disable-ecp-ilas [2ms]
2025-03-10 11:07:05.764 [info] > git status -z -uall [458ms]
2025-03-10 11:07:05.780 [info] > git for-each-ref --format=%(refname)%00%(upstream:short)%00%(objectname)%00%(upstream:track)%00%(upstream:remotename)%00%(upstream:remoteref) refs/heads/sgass/prod/no-ref/disable-ecp-ilas refs/remotes/sgass/prod/no-ref/disable-ecp-ilas [5ms]
2025-03-10 11:07:05.793 [info] > git config --local branch.sgass/prod/no-ref/disable-ecp-ilas.vscode-merge-base [2ms]
2025-03-10 11:07:05.811 [info] > git for-each-ref --format=%(refname)%00%(upstream:short)%00%(objectname)%00%(upstream:track)%00%(upstream:remotename)%00%(upstream:remoteref) refs/heads/origin/develop refs/remotes/origin/develop [3ms]
2025-03-10 11:07:11.129 [info] > git config --get commit.template [188ms]
2025-03-10 11:07:12.054 [info] > git for-each-ref --format=%(refname)%00%(upstream:short)%00%(objectname)%00%(upstream:track)%00%(upstream:remotename)%00%(upstream:remoteref) refs/heads/sgass/prod/no-ref/disable-ecp-ilas refs/remotes/sgass/prod/no-ref/disable-ecp-ilas [179ms]
2025-03-10 11:07:12.899 [info] > git status -z -uall [467ms]
2025-03-10 11:07:13.135 [info] > git for-each-ref --format=%(refname)%00%(upstream:short)%00%(objectname)%00%(upstream:track)%00%(upstream:remotename)%00%(upstream:remoteref) refs/heads/sgass/prod/no-ref/disable-ecp-ilas refs/remotes/sgass/prod/no-ref/disable-ecp-ilas [230ms]
2025-03-10 11:07:13.826 [info] > git config --local branch.sgass/prod/no-ref/disable-ecp-ilas.vscode-merge-base [684ms]
2025-03-10 11:07:14.854 [info] > git for-each-ref --format=%(refname)%00%(upstream:short)%00%(objectname)%00%(upstream:track)%00%(upstream:remotename)%00%(upstream:remoteref) refs/heads/origin/develop refs/remotes/origin/develop [1022ms]
2025-03-10 11:07:18.810 [info] > git config --get commit.template [7ms]
2025-03-10 11:07:18.812 [info] > git for-each-ref --format=%(refname)%00%(upstream:short)%00%(objectname)%00%(upstream:track)%00%(upstream:remotename)%00%(upstream:remoteref) refs/heads/sgass/prod/no-ref/disable-ecp-ilas refs/remotes/sgass/prod/no-ref/disable-ecp-ilas [3ms]
2025-03-10 11:07:19.106 [info] > git status -z -uall [284ms]
2025-03-10 11:07:19.113 [info] > git for-each-ref --format=%(refname)%00%(upstream:short)%00%(objectname)%00%(upstream:track)%00%(upstream:remotename)%00%(upstream:remoteref) refs/heads/sgass/prod/no-ref/disable-ecp-ilas refs/remotes/sgass/prod/no-ref/disable-ecp-ilas [1ms]
2025-03-10 11:07:19.119 [info] > git config --local branch.sgass/prod/no-ref/disable-ecp-ilas.vscode-merge-base [2ms]
2025-03-10 11:07:19.125 [info] > git for-each-ref --format=%(refname)%00%(upstream:short)%00%(objectname)%00%(upstream:track)%00%(upstream:remotename)%00%(upstream:remoteref) refs/heads/origin/develop refs/remotes/origin/develop [2ms]
2025-03-10 11:07:23.575 [info] > git show --textconv :hdl/rtl/board/pcuecp/board_pcuecp_system.sv [6ms]
2025-03-10 11:07:23.578 [info] > git ls-files --stage -- /home/sgass/Projects/kepler3/hdl/rtl/board/pcuecp/board_pcuecp_system.sv [4ms]
2025-03-10 11:07:23.585 [info] > git cat-file -s a59f7ef8cdd395a7eb838aeeaac04b14f975b5d2 [1ms]
2025-03-10 11:07:23.848 [info] > git check-ignore -v -z --stdin [10ms]
2025-03-10 11:07:34.961 [info] > git config --get commit.template [1ms]
2025-03-10 11:07:34.966 [info] > git for-each-ref --format=%(refname)%00%(upstream:short)%00%(objectname)%00%(upstream:track)%00%(upstream:remotename)%00%(upstream:remoteref) refs/heads/sgass/prod/no-ref/disable-ecp-ilas refs/remotes/sgass/prod/no-ref/disable-ecp-ilas [2ms]
2025-03-10 11:07:35.210 [info] > git status -z -uall [240ms]
2025-03-10 11:07:35.218 [info] > git for-each-ref --format=%(refname)%00%(upstream:short)%00%(objectname)%00%(upstream:track)%00%(upstream:remotename)%00%(upstream:remoteref) refs/heads/sgass/prod/no-ref/disable-ecp-ilas refs/remotes/sgass/prod/no-ref/disable-ecp-ilas [2ms]
2025-03-10 11:07:35.224 [info] > git config --local branch.sgass/prod/no-ref/disable-ecp-ilas.vscode-merge-base [1ms]
2025-03-10 11:07:35.230 [info] > git for-each-ref --format=%(refname)%00%(upstream:short)%00%(objectname)%00%(upstream:track)%00%(upstream:remotename)%00%(upstream:remoteref) refs/heads/origin/develop refs/remotes/origin/develop [2ms]
2025-03-10 11:28:48.948 [info] > git config --get commit.template [9ms]
2025-03-10 11:28:48.950 [info] > git for-each-ref --format=%(refname)%00%(upstream:short)%00%(objectname)%00%(upstream:track)%00%(upstream:remotename)%00%(upstream:remoteref) refs/heads/sgass/prod/no-ref/disable-ecp-ilas refs/remotes/sgass/prod/no-ref/disable-ecp-ilas [4ms]
2025-03-10 11:28:49.295 [info] > git status -z -uall [337ms]
2025-03-10 11:28:49.305 [info] > git for-each-ref --format=%(refname)%00%(upstream:short)%00%(objectname)%00%(upstream:track)%00%(upstream:remotename)%00%(upstream:remoteref) refs/heads/sgass/prod/no-ref/disable-ecp-ilas refs/remotes/sgass/prod/no-ref/disable-ecp-ilas [3ms]
2025-03-10 11:28:49.313 [info] > git config --local branch.sgass/prod/no-ref/disable-ecp-ilas.vscode-merge-base [2ms]
2025-03-10 11:28:49.323 [info] > git for-each-ref --format=%(refname)%00%(upstream:short)%00%(objectname)%00%(upstream:track)%00%(upstream:remotename)%00%(upstream:remoteref) refs/heads/origin/develop refs/remotes/origin/develop [2ms]
2025-03-10 11:28:54.331 [info] > git config --get commit.template [12ms]
2025-03-10 11:28:54.333 [info] > git for-each-ref --format=%(refname)%00%(upstream:short)%00%(objectname)%00%(upstream:track)%00%(upstream:remotename)%00%(upstream:remoteref) refs/heads/sgass/prod/no-ref/disable-ecp-ilas refs/remotes/sgass/prod/no-ref/disable-ecp-ilas [4ms]
2025-03-10 11:28:54.924 [info] > git status -z -uall [580ms]
2025-03-10 11:28:54.933 [info] > git for-each-ref --format=%(refname)%00%(upstream:short)%00%(objectname)%00%(upstream:track)%00%(upstream:remotename)%00%(upstream:remoteref) refs/heads/sgass/prod/no-ref/disable-ecp-ilas refs/remotes/sgass/prod/no-ref/disable-ecp-ilas [2ms]
2025-03-10 11:28:54.941 [info] > git config --local branch.sgass/prod/no-ref/disable-ecp-ilas.vscode-merge-base [2ms]
2025-03-10 11:28:54.953 [info] > git for-each-ref --format=%(refname)%00%(upstream:short)%00%(objectname)%00%(upstream:track)%00%(upstream:remotename)%00%(upstream:remoteref) refs/heads/origin/develop refs/remotes/origin/develop [3ms]
2025-03-10 11:39:13.607 [info] > git config --get commit.template [1ms]
2025-03-10 11:39:13.612 [info] > git for-each-ref --format=%(refname)%00%(upstream:short)%00%(objectname)%00%(upstream:track)%00%(upstream:remotename)%00%(upstream:remoteref) refs/heads/sgass/prod/no-ref/disable-ecp-ilas refs/remotes/sgass/prod/no-ref/disable-ecp-ilas [1ms]
2025-03-10 11:39:13.892 [info] > git status -z -uall [277ms]
2025-03-10 11:39:13.898 [info] > git for-each-ref --format=%(refname)%00%(upstream:short)%00%(objectname)%00%(upstream:track)%00%(upstream:remotename)%00%(upstream:remoteref) refs/heads/sgass/prod/no-ref/disable-ecp-ilas refs/remotes/sgass/prod/no-ref/disable-ecp-ilas [1ms]
2025-03-10 11:39:13.905 [info] > git config --local branch.sgass/prod/no-ref/disable-ecp-ilas.vscode-merge-base [2ms]
2025-03-10 11:39:13.912 [info] > git for-each-ref --format=%(refname)%00%(upstream:short)%00%(objectname)%00%(upstream:track)%00%(upstream:remotename)%00%(upstream:remoteref) refs/heads/origin/develop refs/remotes/origin/develop [2ms]
2025-03-10 11:39:18.913 [info] > git config --get commit.template [8ms]
2025-03-10 11:39:18.914 [info] > git for-each-ref --format=%(refname)%00%(upstream:short)%00%(objectname)%00%(upstream:track)%00%(upstream:remotename)%00%(upstream:remoteref) refs/heads/sgass/prod/no-ref/disable-ecp-ilas refs/remotes/sgass/prod/no-ref/disable-ecp-ilas [2ms]
2025-03-10 11:39:19.304 [info] > git status -z -uall [385ms]
2025-03-10 11:39:19.320 [info] > git for-each-ref --format=%(refname)%00%(upstream:short)%00%(objectname)%00%(upstream:track)%00%(upstream:remotename)%00%(upstream:remoteref) refs/heads/sgass/prod/no-ref/disable-ecp-ilas refs/remotes/sgass/prod/no-ref/disable-ecp-ilas [4ms]
2025-03-10 11:39:19.339 [info] > git config --local branch.sgass/prod/no-ref/disable-ecp-ilas.vscode-merge-base [6ms]
2025-03-10 11:39:19.361 [info] > git for-each-ref --format=%(refname)%00%(upstream:short)%00%(objectname)%00%(upstream:track)%00%(upstream:remotename)%00%(upstream:remoteref) refs/heads/origin/develop refs/remotes/origin/develop [6ms]
2025-03-10 11:56:34.270 [info] > git config --get commit.template [19ms]
2025-03-10 11:56:34.273 [info] > git ls-files --stage -- /home/sgass/Projects/kepler3/hdl/rtl/board/pcuecp/board_pcuecp_system.sv [12ms]
2025-03-10 11:56:34.282 [info] > git for-each-ref --format=%(refname)%00%(upstream:short)%00%(objectname)%00%(upstream:track)%00%(upstream:remotename)%00%(upstream:remoteref) refs/heads/sgass/prod/no-ref/disable-ecp-ilas refs/remotes/sgass/prod/no-ref/disable-ecp-ilas [12ms]
2025-03-10 11:56:34.291 [info] > git cat-file -s a59f7ef8cdd395a7eb838aeeaac04b14f975b5d2 [10ms]
2025-03-10 11:56:34.318 [info] > git show --textconv :hdl/rtl/board/pcuecp/board_pcuecp_system.sv [14ms]
2025-03-10 11:56:34.763 [info] > git status -z -uall [473ms]
2025-03-10 11:56:34.769 [info] > git for-each-ref --format=%(refname)%00%(upstream:short)%00%(objectname)%00%(upstream:track)%00%(upstream:remotename)%00%(upstream:remoteref) refs/heads/sgass/prod/no-ref/disable-ecp-ilas refs/remotes/sgass/prod/no-ref/disable-ecp-ilas [1ms]
2025-03-10 11:56:34.774 [info] > git config --local branch.sgass/prod/no-ref/disable-ecp-ilas.vscode-merge-base [1ms]
2025-03-10 11:56:34.780 [info] > git for-each-ref --format=%(refname)%00%(upstream:short)%00%(objectname)%00%(upstream:track)%00%(upstream:remotename)%00%(upstream:remoteref) refs/heads/origin/develop refs/remotes/origin/develop [2ms]
2025-03-10 11:57:12.995 [info] > git config --get commit.template [16ms]
2025-03-10 11:57:12.999 [info] > git for-each-ref --format=%(refname)%00%(upstream:short)%00%(objectname)%00%(upstream:track)%00%(upstream:remotename)%00%(upstream:remoteref) refs/heads/sgass/prod/no-ref/disable-ecp-ilas refs/remotes/sgass/prod/no-ref/disable-ecp-ilas [4ms]
2025-03-10 11:57:13.515 [info] > git status -z -uall [501ms]
2025-03-10 11:57:13.527 [info] > git for-each-ref --format=%(refname)%00%(upstream:short)%00%(objectname)%00%(upstream:track)%00%(upstream:remotename)%00%(upstream:remoteref) refs/heads/sgass/prod/no-ref/disable-ecp-ilas refs/remotes/sgass/prod/no-ref/disable-ecp-ilas [4ms]
2025-03-10 11:57:13.537 [info] > git config --local branch.sgass/prod/no-ref/disable-ecp-ilas.vscode-merge-base [3ms]
2025-03-10 11:57:13.550 [info] > git for-each-ref --format=%(refname)%00%(upstream:short)%00%(objectname)%00%(upstream:track)%00%(upstream:remotename)%00%(upstream:remoteref) refs/heads/origin/develop refs/remotes/origin/develop [4ms]
