2025-02-11 18:52:50.378 [info] [main] Log level: Info
2025-02-11 18:52:50.378 [info] [main] Validating found git in: "git"
2025-02-11 18:52:50.378 [info] [main] Using git "2.43.0" from "git"
2025-02-11 18:52:50.378 [info] [Model][doInitialScan] Initial repository scan started
2025-02-11 18:52:50.378 [info] > git rev-parse --show-toplevel [16ms]
2025-02-11 18:52:50.378 [info] > git rev-parse --git-dir --git-common-dir [6ms]
2025-02-11 18:52:50.378 [info] [Model][openRepository] Opened repository: /home/sgass/Projects/kepler
2025-02-11 18:52:50.386 [info] > git config --get commit.template [5ms]
2025-02-11 18:52:50.386 [info] > git rev-parse --show-toplevel [2ms]
2025-02-11 18:52:50.397 [info] > git for-each-ref --format=%(refname)%00%(upstream:short)%00%(objectname)%00%(upstream:track)%00%(upstream:remotename)%00%(upstream:remoteref) refs/heads/sgass/prod/no-ref/network-packet-generator-ecp refs/remotes/sgass/prod/no-ref/network-packet-generator-ecp [8ms]
2025-02-11 18:52:50.406 [info] > git rev-parse --show-toplevel [1ms]
2025-02-11 18:52:50.411 [info] > git rev-parse --show-toplevel [2ms]
2025-02-11 18:52:50.442 [info] > git rev-parse --show-toplevel [9ms]
2025-02-11 18:52:50.475 [info] > git rev-parse --show-toplevel [13ms]
2025-02-11 18:52:50.504 [info] > git rev-parse --show-toplevel [11ms]
2025-02-11 18:52:50.526 [info] > git rev-parse --show-toplevel [2ms]
2025-02-11 18:52:50.545 [info] > git rev-parse --show-toplevel [10ms]
2025-02-11 18:52:50.550 [info] > git rev-parse --show-toplevel [1ms]
2025-02-11 18:52:50.555 [info] > git rev-parse --show-toplevel [1ms]
2025-02-11 18:52:50.560 [info] > git rev-parse --show-toplevel [1ms]
2025-02-11 18:52:50.564 [info] > git rev-parse --show-toplevel [1ms]
2025-02-11 18:52:50.567 [info] > git rev-parse --show-toplevel [1ms]
2025-02-11 18:52:50.572 [info] > git rev-parse --show-toplevel [1ms]
2025-02-11 18:52:50.576 [info] > git rev-parse --show-toplevel [2ms]
2025-02-11 18:52:50.581 [info] > git rev-parse --show-toplevel [2ms]
2025-02-11 18:52:50.587 [info] > git rev-parse --show-toplevel [2ms]
2025-02-11 18:52:50.593 [info] > git rev-parse --show-toplevel [2ms]
2025-02-11 18:52:50.600 [info] > git rev-parse --show-toplevel [2ms]
2025-02-11 18:52:50.607 [info] > git rev-parse --show-toplevel [2ms]
2025-02-11 18:52:50.613 [info] > git rev-parse --show-toplevel [2ms]
2025-02-11 18:52:50.620 [info] > git rev-parse --show-toplevel [2ms]
2025-02-11 18:52:50.628 [info] > git rev-parse --show-toplevel [2ms]
2025-02-11 18:52:50.637 [info] > git rev-parse --show-toplevel [2ms]
2025-02-11 18:52:50.644 [info] > git rev-parse --show-toplevel [2ms]
2025-02-11 18:52:50.651 [info] > git rev-parse --show-toplevel [2ms]
2025-02-11 18:52:50.659 [info] > git rev-parse --show-toplevel [3ms]
2025-02-11 18:52:50.667 [info] > git rev-parse --show-toplevel [3ms]
2025-02-11 18:52:50.674 [info] > git rev-parse --show-toplevel [2ms]
2025-02-11 18:52:50.682 [info] > git rev-parse --show-toplevel [3ms]
2025-02-11 18:52:50.690 [info] > git rev-parse --show-toplevel [3ms]
2025-02-11 18:52:50.709 [info] > git rev-parse --show-toplevel [10ms]
2025-02-11 18:52:50.719 [info] > git rev-parse --show-toplevel [2ms]
2025-02-11 18:52:50.730 [info] > git rev-parse --show-toplevel [4ms]
2025-02-11 18:52:50.741 [info] > git rev-parse --show-toplevel [3ms]
2025-02-11 18:52:50.751 [info] > git rev-parse --show-toplevel [4ms]
2025-02-11 18:52:50.754 [info] [Model][doInitialScan] Initial repository scan completed - repositories (1), closed repositories (0), parent repositories (0), unsafe repositories (0)
2025-02-11 18:52:50.776 [info] > git ls-files --stage -- /home/sgass/Projects/kepler/hdl/rtl/p4_router/p4_router_vnp4_frr_t1_ecp_tiny_bcam_wrapper.sv [9ms]
2025-02-11 18:52:50.782 [info] > git show --textconv :hdl/rtl/p4_router/p4_router_vnp4_frr_t1_ecp_tiny_bcam_wrapper.sv [21ms]
2025-02-11 18:52:50.785 [info] > git cat-file -s ff887fe928c62d584c462b6acca85572f3aea469 [4ms]
2025-02-11 18:52:50.962 [info] > git check-ignore -v -z --stdin [66ms]
2025-02-11 18:52:52.872 [info] > git check-ignore -v -z --stdin [38ms]
2025-02-11 18:52:53.464 [info] > git show --textconv :hdl/sim/p4_router/p4_router_vnp4_tiny_bcam_tb.sv [52ms]
2025-02-11 18:52:53.488 [info] > git ls-files --stage -- /home/sgass/Projects/kepler/hdl/sim/p4_router/p4_router_vnp4_tiny_bcam_tb.sv [38ms]
2025-02-11 18:52:53.519 [info] > git cat-file -s 334f75a668b04114fd78e27d406edeedffbef816 [9ms]
2025-02-11 18:52:53.771 [info] > git status -z -uall [3370ms]
2025-02-11 18:52:53.818 [info] > git for-each-ref --format=%(refname)%00%(upstream:short)%00%(objectname)%00%(upstream:track)%00%(upstream:remotename)%00%(upstream:remoteref) refs/heads/sgass/prod/no-ref/network-packet-generator-ecp refs/remotes/sgass/prod/no-ref/network-packet-generator-ecp [43ms]
2025-02-11 18:52:53.835 [info] > git config --get commit.template [17ms]
2025-02-11 18:52:53.836 [info] > git config --local branch.sgass/prod/no-ref/network-packet-generator-ecp.vscode-merge-base [6ms]
2025-02-11 18:52:53.843 [info] > git for-each-ref --format=%(refname)%00%(upstream:short)%00%(objectname)%00%(upstream:track)%00%(upstream:remotename)%00%(upstream:remoteref) refs/heads/origin/develop refs/remotes/origin/develop [4ms]
2025-02-11 18:52:53.843 [info] > git for-each-ref --format=%(refname)%00%(upstream:short)%00%(objectname)%00%(upstream:track)%00%(upstream:remotename)%00%(upstream:remoteref) refs/heads/sgass/prod/no-ref/network-packet-generator-ecp refs/remotes/sgass/prod/no-ref/network-packet-generator-ecp [1ms]
2025-02-11 18:52:54.107 [info] > git status -z -uall [261ms]
2025-02-11 18:52:54.111 [info] > git for-each-ref --format=%(refname)%00%(upstream:short)%00%(objectname)%00%(upstream:track)%00%(upstream:remotename)%00%(upstream:remoteref) refs/heads/sgass/prod/no-ref/network-packet-generator-ecp refs/remotes/sgass/prod/no-ref/network-packet-generator-ecp [1ms]
2025-02-11 18:52:54.116 [info] > git config --local branch.sgass/prod/no-ref/network-packet-generator-ecp.vscode-merge-base [1ms]
2025-02-11 18:52:54.120 [info] > git for-each-ref --format=%(refname)%00%(upstream:short)%00%(objectname)%00%(upstream:track)%00%(upstream:remotename)%00%(upstream:remoteref) refs/heads/origin/develop refs/remotes/origin/develop [2ms]
2025-02-11 18:52:54.285 [info] > git rev-parse --show-toplevel [2ms]
2025-02-11 18:52:54.289 [info] > git rev-parse --git-dir --git-common-dir [1ms]
2025-02-11 18:52:54.291 [info] [Model][openRepository] Opened repository: /home/sgass/Projects/kepler/third_party/libhydrogen
2025-02-11 18:52:54.296 [info] > git config --get commit.template [2ms]
2025-02-11 18:52:54.300 [info] > git rev-parse --show-toplevel [4ms]
2025-02-11 18:52:54.304 [info] > git for-each-ref --format %(refname) %(objectname) %(*objectname) refs/tags [5ms]
2025-02-11 18:52:54.309 [info] > git rev-parse --git-dir --git-common-dir [6ms]
2025-02-11 18:52:54.311 [info] [Model][openRepository] Opened repository: /home/sgass/Projects/kepler/third_party/magic_enum
2025-02-11 18:52:54.316 [info] > git status -z -uall [7ms]
2025-02-11 18:52:54.319 [info] > git rev-parse --show-toplevel [3ms]
2025-02-11 18:52:54.319 [info] > git config --get commit.template [5ms]
2025-02-11 18:52:54.326 [info] > git config --get commit.template [7ms]
2025-02-11 18:52:54.334 [info] > git for-each-ref --format %(refname) %(objectname) %(*objectname) refs/tags [7ms]
2025-02-11 18:52:54.334 [info] > git rev-parse --git-dir --git-common-dir [12ms]
2025-02-11 18:52:54.342 [info] [Model][openRepository] Opened repository: /home/sgass/Projects/kepler/third_party/googletest
2025-02-11 18:52:54.369 [info] > git status -z -uall [17ms]
2025-02-11 18:52:54.369 [info] > git for-each-ref --format %(refname) %(objectname) %(*objectname) refs/tags [37ms]
2025-02-11 18:52:54.384 [info] > git rev-parse --show-toplevel [19ms]
2025-02-11 18:52:54.384 [info] > git config --get commit.template [25ms]
2025-02-11 18:52:54.408 [info] > git status -z -uall [14ms]
2025-02-11 18:52:54.409 [info] > git config --get commit.template [7ms]
2025-02-11 18:52:54.409 [info] > git rev-parse --show-toplevel [11ms]
2025-02-11 18:52:54.442 [info] > git rev-parse --git-dir --git-common-dir [29ms]
2025-02-11 18:52:54.451 [info] [Model][openRepository] Opened repository: /home/sgass/Projects/kepler/third_party/fast-cpp-csv-parser
2025-02-11 18:52:54.458 [info] > git for-each-ref --format %(refname) %(objectname) %(*objectname) refs/tags [49ms]
2025-02-11 18:52:54.505 [info] > git status -z -uall [40ms]
2025-02-11 18:52:54.508 [info] > git for-each-ref --format %(refname) %(objectname) %(*objectname) refs/tags [71ms]
2025-02-11 18:52:54.516 [info] > git rev-parse --show-toplevel [12ms]
2025-02-11 18:52:54.517 [info] > git config --get commit.template [16ms]
2025-02-11 18:52:54.522 [info] > git status -z -uall [10ms]
2025-02-11 18:52:54.522 [info] > git config --get commit.template [7ms]
2025-02-11 18:52:54.528 [info] > git rev-parse --git-dir --git-common-dir [8ms]
2025-02-11 18:52:54.531 [info] [Model][openRepository] Opened repository: /home/sgass/Projects/kepler/hdl/verilog-axis
2025-02-11 18:52:54.542 [info] > git for-each-ref --format %(refname) %(objectname) %(*objectname) refs/tags [16ms]
2025-02-11 18:52:54.548 [info] > git rev-parse --show-toplevel [7ms]
2025-02-11 18:52:54.548 [info] > git config --get commit.template [10ms]
2025-02-11 18:52:54.548 [info] > git for-each-ref --format %(refname) %(objectname) %(*objectname) refs/tags [13ms]
2025-02-11 18:52:54.558 [info] > git status -z -uall [11ms]
2025-02-11 18:52:54.558 [info] > git status -z -uall [6ms]
2025-02-11 18:52:54.590 [info] > git rev-parse --git-dir --git-common-dir [34ms]
2025-02-11 18:52:54.596 [info] [Model][openRepository] Opened repository: /home/sgass/Projects/kepler/hdl/verilog-ethernet
2025-02-11 18:52:54.617 [info] > git config --get commit.template [40ms]
2025-02-11 18:52:54.617 [info] > git for-each-ref --format %(refname) %(objectname) %(*objectname) refs/tags [42ms]
2025-02-11 18:52:54.623 [info] > git rev-parse --show-toplevel [7ms]
2025-02-11 18:52:54.623 [info] > git config --get commit.template [16ms]
2025-02-11 18:52:54.632 [info] > git status -z -uall [10ms]
2025-02-11 18:52:54.640 [info] > git rev-parse --git-dir --git-common-dir [9ms]
2025-02-11 18:52:54.642 [info] [Model][openRepository] Opened repository: /home/sgass/Projects/kepler/third_party/vext.soapysdr
2025-02-11 18:52:54.643 [info] > git for-each-ref --format %(refname) %(objectname) %(*objectname) refs/tags [15ms]
2025-02-11 18:52:54.686 [info] > git status -z -uall [38ms]
2025-02-11 18:52:54.686 [info] > git config --get commit.template [47ms]
2025-02-11 18:52:54.686 [info] > git for-each-ref --format %(refname) %(objectname) %(*objectname) refs/tags [49ms]
2025-02-11 18:52:54.690 [info] > git rev-parse --show-toplevel [19ms]
2025-02-11 18:52:54.690 [info] > git config --get commit.template [40ms]
2025-02-11 18:52:54.701 [info] > git status -z -uall [12ms]
2025-02-11 18:52:54.702 [info] > git rev-parse --git-dir --git-common-dir [5ms]
2025-02-11 18:52:54.704 [info] [Model][openRepository] Opened repository: /home/sgass/Projects/kepler/third_party/STM32CubeL1
2025-02-11 18:52:54.704 [info] > git for-each-ref --format %(refname) %(objectname) %(*objectname) refs/tags [9ms]
2025-02-11 18:52:54.717 [info] > git status -z -uall [9ms]
2025-02-11 18:52:54.717 [info] > git for-each-ref --format %(refname) %(objectname) %(*objectname) refs/tags [17ms]
2025-02-11 18:52:54.723 [info] > git config --get commit.template [7ms]
2025-02-11 18:52:54.723 [info] > git rev-parse --show-toplevel [10ms]
2025-02-11 18:52:54.723 [info] > git config --get commit.template [12ms]
2025-02-11 18:52:54.731 [info] > git status -z -uall [10ms]
2025-02-11 18:52:54.746 [info] > git rev-parse --git-dir --git-common-dir [15ms]
2025-02-11 18:52:54.748 [info] [Model][openRepository] Opened repository: /home/sgass/Projects/kepler/ansible/kubespray
2025-02-11 18:52:54.753 [info] > git config --get commit.template [10ms]
2025-02-11 18:52:54.753 [info] > git for-each-ref --format %(refname) %(objectname) %(*objectname) refs/tags [13ms]
2025-02-11 18:52:54.753 [info] > git for-each-ref --format %(refname) %(objectname) %(*objectname) refs/tags [16ms]
2025-02-11 18:52:54.763 [info] > git status -z -uall [5ms]
2025-02-11 18:52:54.763 [info] > git config --get commit.template [11ms]
2025-02-11 18:52:54.776 [info] > git for-each-ref --format %(refname) %(objectname) %(*objectname) refs/tags [7ms]
2025-02-11 18:52:54.802 [info] > git status -z -uall [16ms]
2025-02-11 18:52:54.855 [info] > git status -z -uall [93ms]
2025-02-11 18:52:54.857 [info] > git for-each-ref --format %(refname) %(objectname) %(*objectname) refs/tags [81ms]
2025-02-11 18:52:54.911 [info] > git status -z -uall [46ms]
2025-02-11 18:52:54.997 [info] > git config --get commit.template [88ms]
2025-02-11 18:52:55.014 [info] > git check-ignore -v -z --stdin [111ms]
2025-02-11 18:52:55.021 [info] > git config --get commit.template [63ms]
2025-02-11 18:52:55.079 [info] > git for-each-ref --format %(refname) %(objectname) %(*objectname) refs/tags [35ms]
2025-02-11 18:52:55.105 [info] > git for-each-ref --format %(refname) %(objectname) %(*objectname) refs/tags [34ms]
2025-02-11 18:52:55.203 [info] > git status -z -uall [79ms]
2025-02-11 18:52:55.373 [info] > git status -z -uall [273ms]
2025-02-11 18:53:01.410 [info] > git show --textconv :hdl/rtl/p4_router/p4_router_vnp4_frr_t1_ecp_tiny_bcam_wrapper.sv [157ms]
2025-02-11 18:53:01.558 [info] > git ls-files --stage -- /home/sgass/Projects/kepler/hdl/rtl/p4_router/p4_router_vnp4_frr_t1_ecp_tiny_bcam_wrapper.sv [148ms]
2025-02-11 18:53:01.718 [info] > git cat-file -s ff887fe928c62d584c462b6acca85572f3aea469 [155ms]
2025-02-11 18:53:02.022 [info] > git check-ignore -v -z --stdin [300ms]
2025-02-11 19:01:16.207 [info] > git show --textconv :hdl/rtl/board/pcuecp/board_pcuecp_p4_router_wrapper.sv [95ms]
2025-02-11 19:01:16.309 [info] > git ls-files --stage -- /home/sgass/Projects/kepler/hdl/rtl/board/pcuecp/board_pcuecp_p4_router_wrapper.sv [102ms]
2025-02-11 19:01:16.403 [info] > git check-ignore -v -z --stdin [94ms]
2025-02-11 19:01:16.404 [info] > git cat-file -s 89c4dc6d6eb02c128b87d11a8fac489b1b44eb61 [91ms]
2025-02-11 19:06:40.620 [info] > git show --textconv :hdl/rtl/p4_router/p4_router_vnp4_frr_t1_ecp_tiny_bcam_wrapper.sv [12ms]
2025-02-11 19:06:40.628 [info] > git ls-files --stage -- /home/sgass/Projects/kepler/hdl/rtl/p4_router/p4_router_vnp4_frr_t1_ecp_tiny_bcam_wrapper.sv [10ms]
2025-02-11 19:06:40.642 [info] > git cat-file -s ff887fe928c62d584c462b6acca85572f3aea469 [3ms]
2025-02-12 09:11:57.153 [info] > git ls-files --stage -- /home/sgass/Projects/kepler/hdl/rtl/p4_router/p4_router_pkg.sv [4ms]
2025-02-12 09:11:57.157 [info] > git show --textconv :hdl/rtl/p4_router/p4_router_pkg.sv [12ms]
2025-02-12 09:11:57.158 [info] > git cat-file -s 781435da5619ec90a20b62be892864b03b9a8d74 [1ms]
2025-02-12 09:11:57.642 [info] > git check-ignore -v -z --stdin [5ms]
2025-02-12 09:12:11.416 [info] > git show --textconv :hdl/rtl/p4_router/p4_router_vnp4_frr_t1_ecp_tiny_bcam_wrapper.sv [5ms]
2025-02-12 09:12:11.419 [info] > git ls-files --stage -- /home/sgass/Projects/kepler/hdl/rtl/p4_router/p4_router_vnp4_frr_t1_ecp_tiny_bcam_wrapper.sv [4ms]
2025-02-12 09:12:11.428 [info] > git cat-file -s ff887fe928c62d584c462b6acca85572f3aea469 [3ms]
2025-02-12 09:12:13.016 [info] > git show --textconv :hdl/rtl/p4_router/p4_router_ingress_buffer.sv [12ms]
2025-02-12 09:12:13.022 [info] > git ls-files --stage -- /home/sgass/Projects/kepler/hdl/rtl/p4_router/p4_router_ingress_buffer.sv [9ms]
2025-02-12 09:12:13.033 [info] > git cat-file -s c5265d537596ae6da39b22a42145009932fc4c10 [4ms]
2025-02-12 09:12:25.035 [info] > git show --textconv :hdl/rtl/p4_router/p4_router_vnp4_frr_t1_ecp_tiny_bcam_wrapper.sv [7ms]
2025-02-12 09:12:25.039 [info] > git ls-files --stage -- /home/sgass/Projects/kepler/hdl/rtl/p4_router/p4_router_vnp4_frr_t1_ecp_tiny_bcam_wrapper.sv [5ms]
2025-02-12 09:12:25.050 [info] > git cat-file -s ff887fe928c62d584c462b6acca85572f3aea469 [3ms]
2025-02-12 09:14:06.643 [info] > git show --textconv :hdl/rtl/p4_router/p4_router_pkg.sv [11ms]
2025-02-12 09:14:06.649 [info] > git ls-files --stage -- /home/sgass/Projects/kepler/hdl/rtl/p4_router/p4_router_pkg.sv [7ms]
2025-02-12 09:14:06.661 [info] > git cat-file -s 781435da5619ec90a20b62be892864b03b9a8d74 [2ms]
2025-02-12 09:14:40.512 [info] > git show --textconv :hdl/rtl/p4_router/p4_router_vnp4_frr_t1_ecp_tiny_bcam_wrapper.sv [11ms]
2025-02-12 09:14:40.519 [info] > git ls-files --stage -- /home/sgass/Projects/kepler/hdl/rtl/p4_router/p4_router_vnp4_frr_t1_ecp_tiny_bcam_wrapper.sv [9ms]
2025-02-12 09:14:40.531 [info] > git cat-file -s ff887fe928c62d584c462b6acca85572f3aea469 [3ms]
2025-02-12 09:15:00.519 [info] > git show --textconv :hdl/rtl/p4_router/p4_router_vnp4_wrapper_select.sv [6ms]
2025-02-12 09:15:00.521 [info] > git ls-files --stage -- /home/sgass/Projects/kepler/hdl/rtl/p4_router/p4_router_vnp4_wrapper_select.sv [4ms]
2025-02-12 09:15:00.528 [info] > git cat-file -s 2d97ae45f9cbf0516c7ee6b249275c82a14e6110 [3ms]
2025-02-12 09:15:01.001 [info] > git check-ignore -v -z --stdin [7ms]
2025-02-12 09:15:19.281 [info] > git show --textconv :hdl/rtl/p4_router/p4_router.sv [8ms]
2025-02-12 09:15:19.284 [info] > git ls-files --stage -- /home/sgass/Projects/kepler/hdl/rtl/p4_router/p4_router.sv [5ms]
2025-02-12 09:15:19.295 [info] > git cat-file -s a357304d766dfa34dcf8211fe1ea94fe6a96ab56 [4ms]
2025-02-12 09:15:19.780 [info] > git check-ignore -v -z --stdin [10ms]
2025-02-12 09:15:43.386 [info] > git show --textconv :hdl/rtl/p4_router/p4_router_pkg.sv [6ms]
2025-02-12 09:15:43.393 [info] > git ls-files --stage -- /home/sgass/Projects/kepler/hdl/rtl/p4_router/p4_router_pkg.sv [8ms]
2025-02-12 09:15:43.404 [info] > git cat-file -s 781435da5619ec90a20b62be892864b03b9a8d74 [3ms]
2025-02-12 09:15:57.406 [info] > git show --textconv :hdl/rtl/p4_router/p4_router.sv [10ms]
2025-02-12 09:15:57.414 [info] > git ls-files --stage -- /home/sgass/Projects/kepler/hdl/rtl/p4_router/p4_router.sv [9ms]
2025-02-12 09:15:57.424 [info] > git cat-file -s a357304d766dfa34dcf8211fe1ea94fe6a96ab56 [2ms]
2025-02-12 09:16:15.860 [info] > git show --textconv :hdl/rtl/board/pcuecp/board_pcuecp_p4_router_wrapper.sv [10ms]
2025-02-12 09:16:15.869 [info] > git ls-files --stage -- /home/sgass/Projects/kepler/hdl/rtl/board/pcuecp/board_pcuecp_p4_router_wrapper.sv [10ms]
2025-02-12 09:16:15.879 [info] > git cat-file -s 89c4dc6d6eb02c128b87d11a8fac489b1b44eb61 [2ms]
2025-02-12 09:16:48.152 [info] > git show --textconv :hdl/rtl/p4_router/p4_router.sv [12ms]
2025-02-12 09:16:48.158 [info] > git ls-files --stage -- /home/sgass/Projects/kepler/hdl/rtl/p4_router/p4_router.sv [9ms]
2025-02-12 09:16:48.169 [info] > git cat-file -s a357304d766dfa34dcf8211fe1ea94fe6a96ab56 [3ms]
2025-02-12 09:16:50.132 [info] > git show --textconv :hdl/rtl/p4_router/p4_router_vnp4_frr_t1_ecp_tiny_bcam_wrapper.sv [11ms]
2025-02-12 09:16:50.136 [info] > git ls-files --stage -- /home/sgass/Projects/kepler/hdl/rtl/p4_router/p4_router_vnp4_frr_t1_ecp_tiny_bcam_wrapper.sv [6ms]
2025-02-12 09:16:50.147 [info] > git cat-file -s ff887fe928c62d584c462b6acca85572f3aea469 [3ms]
2025-02-12 09:18:39.632 [info] > git show --textconv :hdl/rtl/p4_router/p4_router_pkg.sv [10ms]
2025-02-12 09:18:39.637 [info] > git ls-files --stage -- /home/sgass/Projects/kepler/hdl/rtl/p4_router/p4_router_pkg.sv [6ms]
2025-02-12 09:18:39.648 [info] > git cat-file -s 781435da5619ec90a20b62be892864b03b9a8d74 [3ms]
2025-02-12 09:18:49.709 [info] > git show --textconv :p4/app_tiny_bcam.p4 [12ms]
2025-02-12 09:18:49.715 [info] > git ls-files --stage -- /home/sgass/Projects/kepler/p4/app_tiny_bcam.p4 [8ms]
2025-02-12 09:18:49.727 [info] > git cat-file -s 063ec4310a1d818b2b4d804dd0b6fc14ec64e547 [3ms]
2025-02-12 09:18:49.993 [info] > git check-ignore -v -z --stdin [7ms]
2025-02-12 09:19:06.339 [info] > git show --textconv :hdl/rtl/p4_router/p4_router_ingress_buffer.sv [15ms]
2025-02-12 09:19:06.346 [info] > git ls-files --stage -- /home/sgass/Projects/kepler/hdl/rtl/p4_router/p4_router_ingress_buffer.sv [8ms]
2025-02-12 09:19:06.358 [info] > git cat-file -s c5265d537596ae6da39b22a42145009932fc4c10 [3ms]
2025-02-12 09:19:47.205 [info] > git show --textconv :hdl/rtl/p4_router/p4_router_pkg.sv [11ms]
2025-02-12 09:19:47.213 [info] > git ls-files --stage -- /home/sgass/Projects/kepler/hdl/rtl/p4_router/p4_router_pkg.sv [9ms]
2025-02-12 09:19:47.226 [info] > git cat-file -s 781435da5619ec90a20b62be892864b03b9a8d74 [4ms]
2025-02-12 09:19:52.440 [info] > git show --textconv :hdl/rtl/board/pcuecp/board_pcuecp_p4_router_wrapper.sv [102ms]
2025-02-12 09:19:52.534 [info] > git ls-files --stage -- /home/sgass/Projects/kepler/hdl/rtl/board/pcuecp/board_pcuecp_p4_router_wrapper.sv [95ms]
2025-02-12 09:19:52.622 [info] > git cat-file -s 89c4dc6d6eb02c128b87d11a8fac489b1b44eb61 [84ms]
2025-02-12 09:28:09.467 [info] > git show --textconv :hdl/rtl/p4_router/p4_router_pkg.sv [10ms]
2025-02-12 09:28:09.474 [info] > git ls-files --stage -- /home/sgass/Projects/kepler/hdl/rtl/p4_router/p4_router_pkg.sv [8ms]
2025-02-12 09:28:09.485 [info] > git cat-file -s 781435da5619ec90a20b62be892864b03b9a8d74 [3ms]
2025-02-12 09:28:10.585 [info] > git show --textconv :hdl/rtl/p4_router/p4_router_vnp4_wrapper_select.sv [13ms]
2025-02-12 09:28:10.591 [info] > git ls-files --stage -- /home/sgass/Projects/kepler/hdl/rtl/p4_router/p4_router_vnp4_wrapper_select.sv [9ms]
2025-02-12 09:28:10.604 [info] > git cat-file -s 2d97ae45f9cbf0516c7ee6b249275c82a14e6110 [4ms]
2025-02-12 09:28:11.505 [info] > git show --textconv :hdl/rtl/p4_router/p4_router.sv [11ms]
2025-02-12 09:28:11.512 [info] > git ls-files --stage -- /home/sgass/Projects/kepler/hdl/rtl/p4_router/p4_router.sv [8ms]
2025-02-12 09:28:11.522 [info] > git cat-file -s a357304d766dfa34dcf8211fe1ea94fe6a96ab56 [3ms]
2025-02-12 09:28:14.554 [info] > git show --textconv :hdl/rtl/p4_router/p4_router_pkg.sv [12ms]
2025-02-12 09:28:14.560 [info] > git ls-files --stage -- /home/sgass/Projects/kepler/hdl/rtl/p4_router/p4_router_pkg.sv [7ms]
2025-02-12 09:28:14.572 [info] > git cat-file -s 781435da5619ec90a20b62be892864b03b9a8d74 [3ms]
2025-02-12 09:28:17.720 [info] > git show --textconv :p4/app_tiny_bcam.p4 [7ms]
2025-02-12 09:28:17.725 [info] > git ls-files --stage -- /home/sgass/Projects/kepler/p4/app_tiny_bcam.p4 [5ms]
2025-02-12 09:28:17.730 [info] > git cat-file -s 063ec4310a1d818b2b4d804dd0b6fc14ec64e547 [1ms]
2025-02-12 09:52:58.359 [info] > git show --textconv :hdl/sim/p4_router/p4_router_vnp4_tiny_bcam_tb.sv [11ms]
2025-02-12 09:52:58.365 [info] > git ls-files --stage -- /home/sgass/Projects/kepler/hdl/sim/p4_router/p4_router_vnp4_tiny_bcam_tb.sv [6ms]
2025-02-12 09:52:58.374 [info] > git cat-file -s 334f75a668b04114fd78e27d406edeedffbef816 [2ms]
2025-02-12 10:00:12.771 [info] > git show --textconv :hdl/rtl/p4_router/p4_router_vnp4_frr_t1_ecp_tiny_bcam_wrapper.sv [5ms]
2025-02-12 10:00:12.776 [info] > git ls-files --stage -- /home/sgass/Projects/kepler/hdl/rtl/p4_router/p4_router_vnp4_frr_t1_ecp_tiny_bcam_wrapper.sv [5ms]
2025-02-12 10:00:12.781 [info] > git cat-file -s ff887fe928c62d584c462b6acca85572f3aea469 [1ms]
2025-02-12 10:00:23.338 [info] > git show --textconv :hdl/rtl/p4_router/p4_router_pkg.sv [6ms]
2025-02-12 10:00:23.340 [info] > git ls-files --stage -- /home/sgass/Projects/kepler/hdl/rtl/p4_router/p4_router_pkg.sv [4ms]
2025-02-12 10:00:23.347 [info] > git cat-file -s 781435da5619ec90a20b62be892864b03b9a8d74 [2ms]
2025-02-12 10:00:33.092 [info] > git show --textconv :hdl/rtl/p4_router/p4_router.sv [5ms]
2025-02-12 10:00:33.096 [info] > git ls-files --stage -- /home/sgass/Projects/kepler/hdl/rtl/p4_router/p4_router.sv [5ms]
2025-02-12 10:00:33.102 [info] > git cat-file -s a357304d766dfa34dcf8211fe1ea94fe6a96ab56 [2ms]
2025-02-12 10:00:55.469 [info] > git check-ignore -v -z --stdin [175ms]
2025-02-12 10:00:55.470 [info] > git show --textconv :hdl/rtl/p4_router/p4_router_queue_system.sv [170ms]
2025-02-12 10:00:55.470 [info] > git ls-files --stage -- /home/sgass/Projects/kepler/hdl/rtl/p4_router/p4_router_queue_system.sv [164ms]
2025-02-12 10:00:55.655 [info] > git cat-file -s 835723f7e3f9e9d3dc24b685a00392f35b717f94 [180ms]
2025-02-12 10:01:20.318 [info] > git show --textconv :hdl/rtl/p4_router/p4_router_pkg.sv [6ms]
2025-02-12 10:01:20.320 [info] > git ls-files --stage -- /home/sgass/Projects/kepler/hdl/rtl/p4_router/p4_router_pkg.sv [3ms]
2025-02-12 10:01:20.326 [info] > git cat-file -s 781435da5619ec90a20b62be892864b03b9a8d74 [2ms]
2025-02-12 10:01:31.328 [info] > git show --textconv :hdl/rtl/p4_router/p4_router_queue_system.sv [10ms]
2025-02-12 10:01:31.335 [info] > git ls-files --stage -- /home/sgass/Projects/kepler/hdl/rtl/p4_router/p4_router_queue_system.sv [8ms]
2025-02-12 10:01:31.345 [info] > git cat-file -s 835723f7e3f9e9d3dc24b685a00392f35b717f94 [3ms]
2025-02-12 10:01:41.030 [info] > git show --textconv :hdl/rtl/p4_router/p4_router_policer.sv [155ms]
2025-02-12 10:01:41.030 [info] > git ls-files --stage -- /home/sgass/Projects/kepler/hdl/rtl/p4_router/p4_router_policer.sv [151ms]
2025-02-12 10:01:41.216 [info] > git cat-file -s 533be38caecc4367f760cdc3ccd9aea12e945663 [181ms]
2025-02-12 10:01:41.414 [info] > git check-ignore -v -z --stdin [375ms]
2025-02-12 10:02:02.718 [info] > git show --textconv :hdl/rtl/p4_router/p4_router_pkg.sv [11ms]
2025-02-12 10:02:02.725 [info] > git ls-files --stage -- /home/sgass/Projects/kepler/hdl/rtl/p4_router/p4_router_pkg.sv [8ms]
2025-02-12 10:02:02.735 [info] > git cat-file -s 781435da5619ec90a20b62be892864b03b9a8d74 [4ms]
2025-02-12 10:02:35.097 [info] > git show --textconv :hdl/sim/p4_router/p4_router_vnp4_tiny_bcam_tb.sv [8ms]
2025-02-12 10:02:35.104 [info] > git ls-files --stage -- /home/sgass/Projects/kepler/hdl/sim/p4_router/p4_router_vnp4_tiny_bcam_tb.sv [6ms]
2025-02-12 10:02:35.118 [info] > git cat-file -s 334f75a668b04114fd78e27d406edeedffbef816 [5ms]
2025-02-12 10:23:45.250 [info] > git show --textconv :hdl/rtl/network_packet_generator/network_packet_generator.sv [238ms]
2025-02-12 10:23:45.251 [info] > git ls-files --stage -- /home/sgass/Projects/kepler/hdl/rtl/network_packet_generator/network_packet_generator.sv [233ms]
2025-02-12 10:23:45.507 [info] > git cat-file -s 77e198373bf81b852b1f86a71c5d07f8faf77d45 [250ms]
2025-02-12 10:23:45.714 [info] > git check-ignore -v -z --stdin [208ms]
2025-02-12 10:29:26.559 [info] > git show --textconv :hdl/sim/p4_router/p4_router_vnp4_tiny_bcam_tb.sv [10ms]
2025-02-12 10:29:26.569 [info] > git ls-files --stage -- /home/sgass/Projects/kepler/hdl/sim/p4_router/p4_router_vnp4_tiny_bcam_tb.sv [10ms]
2025-02-12 10:29:26.580 [info] > git cat-file -s 334f75a668b04114fd78e27d406edeedffbef816 [3ms]
2025-02-12 10:32:41.821 [info] > git show --textconv :hdl/rtl/network_packet_generator/network_packet_generator.sv [10ms]
2025-02-12 10:32:41.825 [info] > git ls-files --stage -- /home/sgass/Projects/kepler/hdl/rtl/network_packet_generator/network_packet_generator.sv [4ms]
2025-02-12 10:32:41.830 [info] > git cat-file -s 77e198373bf81b852b1f86a71c5d07f8faf77d45 [2ms]
2025-02-12 10:42:21.797 [info] > git show --textconv :hdl/sim/p4_router/p4_router_vnp4_tiny_bcam_tb.sv [6ms]
2025-02-12 10:42:21.800 [info] > git ls-files --stage -- /home/sgass/Projects/kepler/hdl/sim/p4_router/p4_router_vnp4_tiny_bcam_tb.sv [5ms]
2025-02-12 10:42:21.806 [info] > git cat-file -s 334f75a668b04114fd78e27d406edeedffbef816 [2ms]
2025-02-12 10:51:12.190 [info] > git show --textconv :hdl/rtl/network_packet_generator/network_packet_generator.sv [10ms]
2025-02-12 10:51:12.198 [info] > git ls-files --stage -- /home/sgass/Projects/kepler/hdl/rtl/network_packet_generator/network_packet_generator.sv [10ms]
2025-02-12 10:51:12.209 [info] > git cat-file -s 9c7dc0526e670e3eb0f84dbf1ac4c7bb78759bab [3ms]
2025-02-12 10:51:13.343 [info] > git show --textconv :hdl/sim/p4_router/p4_router_vnp4_tiny_bcam_tb.sv [12ms]
2025-02-12 10:51:13.347 [info] > git ls-files --stage -- /home/sgass/Projects/kepler/hdl/sim/p4_router/p4_router_vnp4_tiny_bcam_tb.sv [6ms]
2025-02-12 10:51:13.355 [info] > git cat-file -s 9121604b8c638a97656ec05801f2d02cd86847d8 [3ms]
2025-02-12 10:54:13.358 [info] > git show --textconv :python/kepler/kepler/fpga/devices/tiny_bcam_avmm.py [12ms]
2025-02-12 10:54:13.360 [info] > git ls-files --stage -- /home/sgass/Projects/kepler/python/kepler/kepler/fpga/devices/tiny_bcam_avmm.py [7ms]
2025-02-12 10:54:13.368 [info] > git cat-file -s 1e1527b8378e7057d7b638099c8e75a832494c6a [2ms]
2025-02-12 10:54:13.621 [info] > git check-ignore -v -z --stdin [10ms]
2025-02-12 10:54:20.589 [info] > git show --textconv :p4/app_tiny_bcam.p4 [5ms]
2025-02-12 10:54:20.592 [info] > git ls-files --stage -- /home/sgass/Projects/kepler/p4/app_tiny_bcam.p4 [3ms]
2025-02-12 10:54:20.599 [info] > git cat-file -s 063ec4310a1d818b2b4d804dd0b6fc14ec64e547 [2ms]
2025-02-12 10:57:37.821 [info] > git show --textconv :hdl/rtl/p4_router/p4_router_vnp4_frr_t1_ecp_tiny_bcam_wrapper.sv [9ms]
2025-02-12 10:57:37.829 [info] > git ls-files --stage -- /home/sgass/Projects/kepler/hdl/rtl/p4_router/p4_router_vnp4_frr_t1_ecp_tiny_bcam_wrapper.sv [7ms]
2025-02-12 10:57:37.840 [info] > git cat-file -s edd591520192f6123cf0526925ebb8c234e57d16 [3ms]
2025-02-12 11:00:03.671 [info] > git show --textconv :hdl/rtl/p4_router/p4_router_pkg.sv [11ms]
2025-02-12 11:00:03.679 [info] > git ls-files --stage -- /home/sgass/Projects/kepler/hdl/rtl/p4_router/p4_router_pkg.sv [9ms]
2025-02-12 11:00:03.690 [info] > git cat-file -s 781435da5619ec90a20b62be892864b03b9a8d74 [3ms]
2025-02-12 11:00:24.323 [info] > git show --textconv :hdl/rtl/p4_router/p4_router_policer.sv [10ms]
2025-02-12 11:00:24.332 [info] > git ls-files --stage -- /home/sgass/Projects/kepler/hdl/rtl/p4_router/p4_router_policer.sv [9ms]
2025-02-12 11:00:24.343 [info] > git cat-file -s 533be38caecc4367f760cdc3ccd9aea12e945663 [2ms]
2025-02-12 11:00:29.974 [info] > git show --textconv :hdl/rtl/p4_router/p4_router_pkg.sv [7ms]
2025-02-12 11:00:29.978 [info] > git ls-files --stage -- /home/sgass/Projects/kepler/hdl/rtl/p4_router/p4_router_pkg.sv [5ms]
2025-02-12 11:00:29.989 [info] > git cat-file -s 781435da5619ec90a20b62be892864b03b9a8d74 [2ms]
2025-02-12 11:00:32.269 [info] > git show --textconv :hdl/rtl/board/pcuecp/board_pcuecp_p4_router_wrapper.sv [12ms]
2025-02-12 11:00:32.277 [info] > git ls-files --stage -- /home/sgass/Projects/kepler/hdl/rtl/board/pcuecp/board_pcuecp_p4_router_wrapper.sv [8ms]
2025-02-12 11:00:32.288 [info] > git cat-file -s 127f595fdad8867cef6448f5e02186429b0f734f [3ms]
2025-02-12 11:00:34.281 [info] > git show --textconv :hdl/rtl/p4_router/p4_router_vnp4_frr_t1_ecp_tiny_bcam_wrapper.sv [10ms]
2025-02-12 11:00:34.289 [info] > git ls-files --stage -- /home/sgass/Projects/kepler/hdl/rtl/p4_router/p4_router_vnp4_frr_t1_ecp_tiny_bcam_wrapper.sv [9ms]
2025-02-12 11:00:34.299 [info] > git cat-file -s edd591520192f6123cf0526925ebb8c234e57d16 [2ms]
2025-02-12 11:04:02.941 [info] > git show --textconv :p4/app_tiny_bcam.p4 [9ms]
2025-02-12 11:04:02.948 [info] > git ls-files --stage -- /home/sgass/Projects/kepler/p4/app_tiny_bcam.p4 [8ms]
2025-02-12 11:04:02.958 [info] > git cat-file -s 063ec4310a1d818b2b4d804dd0b6fc14ec64e547 [3ms]
2025-02-12 11:04:11.694 [info] > git show --textconv :hdl/rtl/p4_router/p4_router_vnp4_frr_t1_ecp_tiny_bcam_wrapper.sv [10ms]
2025-02-12 11:04:11.702 [info] > git ls-files --stage -- /home/sgass/Projects/kepler/hdl/rtl/p4_router/p4_router_vnp4_frr_t1_ecp_tiny_bcam_wrapper.sv [9ms]
2025-02-12 11:04:11.711 [info] > git cat-file -s edd591520192f6123cf0526925ebb8c234e57d16 [2ms]
2025-02-12 11:13:28.506 [info] > git show --textconv :p4/app_tiny_bcam.p4 [12ms]
2025-02-12 11:13:28.511 [info] > git ls-files --stage -- /home/sgass/Projects/kepler/p4/app_tiny_bcam.p4 [8ms]
2025-02-12 11:13:28.524 [info] > git cat-file -s 063ec4310a1d818b2b4d804dd0b6fc14ec64e547 [4ms]
2025-02-12 11:25:07.957 [info] > git show --textconv :hdl/sim/p4_router/p4_router_vnp4_tiny_bcam_tb.sv [13ms]
2025-02-12 11:25:07.967 [info] > git ls-files --stage -- /home/sgass/Projects/kepler/hdl/sim/p4_router/p4_router_vnp4_tiny_bcam_tb.sv [12ms]
2025-02-12 11:25:07.980 [info] > git cat-file -s 9121604b8c638a97656ec05801f2d02cd86847d8 [4ms]
2025-02-12 11:26:09.120 [info] > git show --textconv :hdl/rtl/network_packet_generator/network_packet_generator.sv [7ms]
2025-02-12 11:26:09.124 [info] > git ls-files --stage -- /home/sgass/Projects/kepler/hdl/rtl/network_packet_generator/network_packet_generator.sv [6ms]
2025-02-12 11:26:09.131 [info] > git cat-file -s 9c7dc0526e670e3eb0f84dbf1ac4c7bb78759bab [1ms]
2025-02-12 11:26:11.103 [info] > git show --textconv :p4/app_tiny_bcam.p4 [8ms]
2025-02-12 11:26:11.110 [info] > git ls-files --stage -- /home/sgass/Projects/kepler/p4/app_tiny_bcam.p4 [7ms]
2025-02-12 11:26:11.116 [info] > git cat-file -s 063ec4310a1d818b2b4d804dd0b6fc14ec64e547 [1ms]
2025-02-12 11:30:02.840 [info] > git show --textconv :hdl/rtl/network_packet_generator/network_packet_generator.sv [8ms]
2025-02-12 11:30:02.843 [info] > git ls-files --stage -- /home/sgass/Projects/kepler/hdl/rtl/network_packet_generator/network_packet_generator.sv [5ms]
2025-02-12 11:30:02.849 [info] > git cat-file -s 9c7dc0526e670e3eb0f84dbf1ac4c7bb78759bab [1ms]
2025-02-12 11:30:25.208 [info] > git show --textconv :hdl/sim/network_packet_generator/network_packet_generator_tb.waves.tcl [14ms]
2025-02-12 11:30:25.218 [info] > git ls-files --stage -- /home/sgass/Projects/kepler/hdl/sim/network_packet_generator/network_packet_generator_tb.waves.tcl [12ms]
2025-02-12 11:30:25.232 [info] > git cat-file -s b446eeab43b48423ea278e865cd306c8efbfb09b [3ms]
2025-02-12 11:30:25.297 [info] > git check-ignore -v -z --stdin [12ms]
2025-02-12 11:30:49.687 [info] > git show --textconv :hdl/rtl/network_packet_generator/network_packet_generator.sv [7ms]
2025-02-12 11:30:49.691 [info] > git ls-files --stage -- /home/sgass/Projects/kepler/hdl/rtl/network_packet_generator/network_packet_generator.sv [5ms]
2025-02-12 11:30:49.699 [info] > git cat-file -s 9c7dc0526e670e3eb0f84dbf1ac4c7bb78759bab [2ms]
2025-02-12 11:31:26.438 [info] > git show --textconv :hdl/sim/network_packet_generator/network_packet_generator_tb.waves.tcl [6ms]
2025-02-12 11:31:26.442 [info] > git ls-files --stage -- /home/sgass/Projects/kepler/hdl/sim/network_packet_generator/network_packet_generator_tb.waves.tcl [5ms]
2025-02-12 11:31:26.448 [info] > git cat-file -s b446eeab43b48423ea278e865cd306c8efbfb09b [2ms]
2025-02-12 11:31:41.075 [info] > git show --textconv :hdl/rtl/network_packet_generator/network_packet_generator.sv [6ms]
2025-02-12 11:31:41.079 [info] > git ls-files --stage -- /home/sgass/Projects/kepler/hdl/rtl/network_packet_generator/network_packet_generator.sv [5ms]
2025-02-12 11:31:41.086 [info] > git cat-file -s 9c7dc0526e670e3eb0f84dbf1ac4c7bb78759bab [2ms]
2025-02-12 11:32:01.767 [info] > git show --textconv :hdl/sim/p4_router/p4_router_vnp4_tiny_bcam_tb.waves.tcl [4ms]
2025-02-12 11:32:01.770 [info] > git ls-files --stage -- /home/sgass/Projects/kepler/hdl/sim/p4_router/p4_router_vnp4_tiny_bcam_tb.waves.tcl [4ms]
2025-02-12 11:32:01.776 [info] > git cat-file -s 1e1e651cbb523489311a8ac4ab185cb4d2f13db5 [2ms]
2025-02-12 11:32:02.018 [info] > git check-ignore -v -z --stdin [5ms]
2025-02-12 11:35:41.574 [info] > git show --textconv :p4/app_tiny_bcam.p4 [11ms]
2025-02-12 11:35:41.579 [info] > git ls-files --stage -- /home/sgass/Projects/kepler/p4/app_tiny_bcam.p4 [8ms]
2025-02-12 11:35:41.594 [info] > git cat-file -s 063ec4310a1d818b2b4d804dd0b6fc14ec64e547 [4ms]
2025-02-12 11:36:36.350 [info] > git show --textconv :hdl/sim/p4_router/p4_router_vnp4_tiny_bcam_tb.sv [7ms]
2025-02-12 11:36:36.353 [info] > git ls-files --stage -- /home/sgass/Projects/kepler/hdl/sim/p4_router/p4_router_vnp4_tiny_bcam_tb.sv [3ms]
2025-02-12 11:36:36.360 [info] > git cat-file -s b71246f31095744cb035784d90c33c119bfe6d26 [2ms]
2025-02-12 11:37:01.295 [info] > git show --textconv :p4/app_tiny_bcam.p4 [10ms]
2025-02-12 11:37:01.299 [info] > git ls-files --stage -- /home/sgass/Projects/kepler/p4/app_tiny_bcam.p4 [6ms]
2025-02-12 11:37:01.309 [info] > git cat-file -s 063ec4310a1d818b2b4d804dd0b6fc14ec64e547 [3ms]
2025-02-12 14:14:32.335 [info] > git show --textconv :python/kepler/kepler/fpga/generators/bus_addrs/avmm_addrs-pcuecp.csv [68ms]
2025-02-12 14:14:32.403 [info] > git ls-files --stage -- /home/sgass/Projects/kepler/python/kepler/kepler/fpga/generators/bus_addrs/avmm_addrs-pcuecp.csv [69ms]
2025-02-12 14:14:32.477 [info] > git cat-file -s a1e4ae025a90b2b55602af17e617bbb81eeb3c5d [69ms]
2025-02-12 14:14:32.650 [info] > git check-ignore -v -z --stdin [83ms]
2025-02-12 14:14:38.399 [info] > git show --textconv :python/kepler/kepler/fpga/sdr_platform/sdr_factory_pcuecp.py [10ms]
2025-02-12 14:14:38.406 [info] > git ls-files --stage -- /home/sgass/Projects/kepler/python/kepler/kepler/fpga/sdr_platform/sdr_factory_pcuecp.py [9ms]
2025-02-12 14:14:38.418 [info] > git cat-file -s 47847bd9aeb2a9a072d9cc4e7082e3d2f8595797 [3ms]
2025-02-12 14:14:38.640 [info] > git check-ignore -v -z --stdin [6ms]
2025-02-12 14:14:48.842 [info] > git show --textconv :hdl/rtl/board/pcuecp/board_pcuecp_system.sv [109ms]
2025-02-12 14:14:48.949 [info] > git ls-files --stage -- /home/sgass/Projects/kepler/hdl/rtl/board/pcuecp/board_pcuecp_system.sv [107ms]
2025-02-12 14:14:49.066 [info] > git cat-file -s 165a40df44d8c7cb7b286394e5b1b1da736d5c18 [112ms]
2025-02-12 14:14:49.176 [info] > git check-ignore -v -z --stdin [111ms]
2025-02-12 14:15:30.424 [info] > git show --textconv :python/kepler/kepler/fpga/generators/bus_addrs/avmm_addrs-pcuecp.csv [10ms]
2025-02-12 14:15:30.433 [info] > git ls-files --stage -- /home/sgass/Projects/kepler/python/kepler/kepler/fpga/generators/bus_addrs/avmm_addrs-pcuecp.csv [9ms]
2025-02-12 14:15:30.445 [info] > git cat-file -s a1e4ae025a90b2b55602af17e617bbb81eeb3c5d [3ms]
2025-02-12 14:16:27.427 [info] > git show --textconv :python/kepler/kepler/fpga/sdr_platform/sdr_factory_pcuecp.py [12ms]
2025-02-12 14:16:27.432 [info] > git ls-files --stage -- /home/sgass/Projects/kepler/python/kepler/kepler/fpga/sdr_platform/sdr_factory_pcuecp.py [6ms]
2025-02-12 14:16:27.442 [info] > git cat-file -s 47847bd9aeb2a9a072d9cc4e7082e3d2f8595797 [3ms]
2025-02-12 14:29:06.031 [info] > git show --textconv :hdl/rtl/board/pcuecp/board_pcuecp_system.sv [12ms]
2025-02-12 14:29:06.036 [info] > git ls-files --stage -- /home/sgass/Projects/kepler/hdl/rtl/board/pcuecp/board_pcuecp_system.sv [6ms]
2025-02-12 14:29:06.047 [info] > git cat-file -s 165a40df44d8c7cb7b286394e5b1b1da736d5c18 [4ms]
2025-02-12 14:31:45.496 [info] > git show --textconv :hdl/rtl/board/pcuecp/board_pcuecp_p4_router_wrapper.sv [6ms]
2025-02-12 14:31:45.647 [info] > git ls-files --stage -- /home/sgass/Projects/kepler/hdl/rtl/board/pcuecp/board_pcuecp_p4_router_wrapper.sv [151ms]
2025-02-12 14:31:45.780 [info] > git cat-file -s 127f595fdad8867cef6448f5e02186429b0f734f [128ms]
2025-02-12 14:32:06.129 [info] > git show --textconv :hdl/rtl/board/pcuecp/board_pcuecp_system.sv [12ms]
2025-02-12 14:32:06.134 [info] > git ls-files --stage -- /home/sgass/Projects/kepler/hdl/rtl/board/pcuecp/board_pcuecp_system.sv [5ms]
2025-02-12 14:32:06.148 [info] > git cat-file -s 165a40df44d8c7cb7b286394e5b1b1da736d5c18 [4ms]
2025-02-12 14:33:01.082 [info] > git show --textconv :hdl/rtl/board/pcuecp/board_pcuecp_p4_router_wrapper.sv [11ms]
2025-02-12 14:33:01.089 [info] > git ls-files --stage -- /home/sgass/Projects/kepler/hdl/rtl/board/pcuecp/board_pcuecp_p4_router_wrapper.sv [8ms]
2025-02-12 14:33:01.099 [info] > git cat-file -s 127f595fdad8867cef6448f5e02186429b0f734f [3ms]
2025-02-12 14:36:52.930 [info] > git show --textconv :hdl/rtl/board/pcuecp/board_pcuecp_system.sv [11ms]
2025-02-12 14:36:52.934 [info] > git ls-files --stage -- /home/sgass/Projects/kepler/hdl/rtl/board/pcuecp/board_pcuecp_system.sv [6ms]
2025-02-12 14:36:52.942 [info] > git cat-file -s 165a40df44d8c7cb7b286394e5b1b1da736d5c18 [2ms]
2025-02-12 14:36:54.945 [info] > git show --textconv :python/kepler/kepler/fpga/sdr_platform/sdr_factory_pcuecp.py [10ms]
2025-02-12 14:36:54.953 [info] > git ls-files --stage -- /home/sgass/Projects/kepler/python/kepler/kepler/fpga/sdr_platform/sdr_factory_pcuecp.py [9ms]
2025-02-12 14:36:54.965 [info] > git cat-file -s 47847bd9aeb2a9a072d9cc4e7082e3d2f8595797 [4ms]
2025-02-12 14:36:55.774 [info] > git show --textconv :python/kepler/kepler/fpga/generators/bus_addrs/avmm_addrs-pcuecp.csv [9ms]
2025-02-12 14:36:55.780 [info] > git ls-files --stage -- /home/sgass/Projects/kepler/python/kepler/kepler/fpga/generators/bus_addrs/avmm_addrs-pcuecp.csv [6ms]
2025-02-12 14:36:55.793 [info] > git cat-file -s a1e4ae025a90b2b55602af17e617bbb81eeb3c5d [2ms]
2025-02-12 14:44:40.588 [info] > git show --textconv :hdl/rtl/board/pcuecp/board_pcuecp_system.sv [8ms]
2025-02-12 14:44:40.594 [info] > git ls-files --stage -- /home/sgass/Projects/kepler/hdl/rtl/board/pcuecp/board_pcuecp_system.sv [6ms]
2025-02-12 14:44:40.604 [info] > git cat-file -s f639d5cd31359b8b1d33cf6a36655f2b94dd54ea [3ms]
2025-02-12 14:44:45.606 [info] > git show --textconv :hdl/rtl/board/pcuecp/board_pcuecp_p4_router_wrapper.sv [13ms]
2025-02-12 14:44:45.613 [info] > git ls-files --stage -- /home/sgass/Projects/kepler/hdl/rtl/board/pcuecp/board_pcuecp_p4_router_wrapper.sv [8ms]
2025-02-12 14:44:45.625 [info] > git cat-file -s 41d9baf127eef77601cda2dddf87dc06880d9d82 [4ms]
2025-02-12 14:48:32.050 [info] > git show --textconv :python/kepler/kepler/fpga/devices/network_packet_generator_avmm.py [16ms]
2025-02-12 14:48:32.052 [info] > git ls-files --stage -- /home/sgass/Projects/kepler/python/kepler/kepler/fpga/devices/network_packet_generator_avmm.py [6ms]
2025-02-12 14:48:32.067 [info] > git cat-file -s b3b7f3ef87efd665fcd403703aa93969bdfe24fa [4ms]
2025-02-12 14:49:28.788 [info] > git show --textconv :p4/app_tiny_bcam.p4 [12ms]
2025-02-12 14:49:28.793 [info] > git ls-files --stage -- /home/sgass/Projects/kepler/p4/app_tiny_bcam.p4 [7ms]
2025-02-12 14:49:28.807 [info] > git cat-file -s 063ec4310a1d818b2b4d804dd0b6fc14ec64e547 [5ms]
2025-02-12 14:49:34.003 [info] > git show --textconv :python/kepler/kepler/fpga/devices/tiny_bcam_avmm.py [6ms]
2025-02-12 14:49:34.005 [info] > git ls-files --stage -- /home/sgass/Projects/kepler/python/kepler/kepler/fpga/devices/tiny_bcam_avmm.py [4ms]
2025-02-12 14:49:34.011 [info] > git cat-file -s 1e1527b8378e7057d7b638099c8e75a832494c6a [1ms]
2025-02-12 14:58:32.397 [info] > git show --textconv :python/kepler/kepler/fpga/devices/network_packet_generator_avmm.py [10ms]
2025-02-12 14:58:32.406 [info] > git ls-files --stage -- /home/sgass/Projects/kepler/python/kepler/kepler/fpga/devices/network_packet_generator_avmm.py [10ms]
2025-02-12 14:58:32.419 [info] > git cat-file -s b3b7f3ef87efd665fcd403703aa93969bdfe24fa [4ms]
2025-02-12 15:21:14.657 [info] > git show --textconv :p4/app_tiny_bcam.p4 [15ms]
2025-02-12 15:21:14.669 [info] > git ls-files --stage -- /home/sgass/Projects/kepler/p4/app_tiny_bcam.p4 [13ms]
2025-02-12 15:21:14.685 [info] > git cat-file -s 063ec4310a1d818b2b4d804dd0b6fc14ec64e547 [4ms]
2025-02-12 15:21:23.240 [info] > git show --textconv :p4/mpls_router/app.p4 [257ms]
2025-02-12 15:21:23.240 [info] > git ls-files --stage -- /home/sgass/Projects/kepler/p4/mpls_router/app.p4 [251ms]
2025-02-12 15:21:23.746 [info] > git check-ignore -v -z --stdin [509ms]
2025-02-12 15:21:23.746 [info] > git cat-file -s 8d6eb6f418d200c964c97037af2283b7d6501948 [496ms]
2025-02-12 16:16:18.460 [info] > git show --textconv :hdl/rtl/p4_router/p4_router_queue_system.sv [11ms]
2025-02-12 16:16:18.468 [info] > git ls-files --stage -- /home/sgass/Projects/kepler/hdl/rtl/p4_router/p4_router_queue_system.sv [9ms]
2025-02-12 16:16:18.480 [info] > git cat-file -s 835723f7e3f9e9d3dc24b685a00392f35b717f94 [3ms]
2025-02-12 16:23:44.102 [info] > git show --textconv :p4/mpls_router/app.p4 [7ms]
2025-02-12 16:23:44.106 [info] > git ls-files --stage -- /home/sgass/Projects/kepler/p4/mpls_router/app.p4 [4ms]
2025-02-12 16:23:44.118 [info] > git cat-file -s 8d6eb6f418d200c964c97037af2283b7d6501948 [3ms]
2025-02-13 11:34:03.184 [info] > git show --textconv :hdl/rtl/board/pcuecp/board_pcuecp_p4_router_wrapper.sv [15ms]
2025-02-13 11:34:03.191 [info] > git ls-files --stage -- /home/sgass/Projects/kepler/hdl/rtl/board/pcuecp/board_pcuecp_p4_router_wrapper.sv [9ms]
2025-02-13 11:34:03.204 [info] > git cat-file -s 0a6f1783b4cef72c42e0f288683f171ebc8bf451 [3ms]
2025-02-13 14:52:46.479 [info] > git show --textconv :p4/mpls_router/app.p4 [9ms]
2025-02-13 14:52:46.484 [info] > git ls-files --stage -- /home/sgass/Projects/kepler/p4/mpls_router/app.p4 [6ms]
2025-02-13 14:52:46.496 [info] > git cat-file -s 8d6eb6f418d200c964c97037af2283b7d6501948 [3ms]
2025-02-13 14:52:53.966 [info] > git show --textconv :p4/app_tiny_bcam.p4 [11ms]
2025-02-13 14:52:53.972 [info] > git ls-files --stage -- /home/sgass/Projects/kepler/p4/app_tiny_bcam.p4 [8ms]
2025-02-13 14:52:53.985 [info] > git cat-file -s 063ec4310a1d818b2b4d804dd0b6fc14ec64e547 [2ms]
2025-02-13 14:52:54.857 [info] > git show --textconv :python/kepler/kepler/fpga/devices/network_packet_generator_avmm.py [10ms]
2025-02-13 14:52:54.865 [info] > git ls-files --stage -- /home/sgass/Projects/kepler/python/kepler/kepler/fpga/devices/network_packet_generator_avmm.py [8ms]
2025-02-13 14:52:54.877 [info] > git cat-file -s b3b7f3ef87efd665fcd403703aa93969bdfe24fa [3ms]
2025-02-13 14:52:57.024 [info] > git show --textconv :python/kepler/kepler/fpga/devices/tiny_bcam_avmm.py [10ms]
2025-02-13 14:52:57.029 [info] > git ls-files --stage -- /home/sgass/Projects/kepler/python/kepler/kepler/fpga/devices/tiny_bcam_avmm.py [6ms]
2025-02-13 14:52:57.040 [info] > git cat-file -s a01eb89024a6911e5d1e3c1e59e92a80d0b9802f [3ms]
2025-02-13 14:52:58.026 [info] > git show --textconv :p4/app_tiny_bcam.p4 [12ms]
2025-02-13 14:52:58.029 [info] > git ls-files --stage -- /home/sgass/Projects/kepler/p4/app_tiny_bcam.p4 [4ms]
2025-02-13 14:52:58.040 [info] > git cat-file -s 063ec4310a1d818b2b4d804dd0b6fc14ec64e547 [2ms]
2025-02-13 14:53:06.166 [info] > git show --textconv :hdl/rtl/p4_router/p4_router_scheduler.sv [10ms]
2025-02-13 14:53:06.171 [info] > git ls-files --stage -- /home/sgass/Projects/kepler/hdl/rtl/p4_router/p4_router_scheduler.sv [6ms]
2025-02-13 14:53:06.179 [info] > git cat-file -s 9b6518587c7e4eb9a44092d924593c307ebe2f8a [2ms]
2025-02-13 14:53:06.450 [info] > git check-ignore -v -z --stdin [10ms]
2025-02-13 15:46:26.697 [info] > git show --textconv :python/kepler/kepler/fpga/devices/tiny_bcam_avmm.py [10ms]
2025-02-13 15:46:26.703 [info] > git ls-files --stage -- /home/sgass/Projects/kepler/python/kepler/kepler/fpga/devices/tiny_bcam_avmm.py [7ms]
2025-02-13 15:46:26.713 [info] > git cat-file -s a01eb89024a6911e5d1e3c1e59e92a80d0b9802f [2ms]
