2024-07-09 13:24:51.108 [info] Experiment 'pythonCreateEnvOnPipInstall' is active
2024-07-09 13:24:51.108 [info] Experiment 'pythonRecommendTensorboardExt' is active
2024-07-09 13:24:51.108 [info] Experiment 'pythonSurveyNotificationcf' is active
2024-07-09 13:24:51.108 [info] Experiment 'pythonTerminalEnvVarActivation' is active
2024-07-09 13:24:51.108 [info] Experiment 'pythonTestAdapter' is active
2024-07-09 13:24:51.108 [info] Default formatter is set to null for workspace /home/sgass/Projects/kepler
2024-07-09 13:24:51.108 [info] Python interpreter path: /bin/python3
2024-07-09 13:24:51.128 [info] > pyenv which python
2024-07-09 13:24:51.128 [info] cwd: .
2024-07-09 13:24:51.575 [info] Starting Jedi language server for kepler.
2024-07-09 13:24:52.137 [warning] Shell integration may not be active, environment activated may be overridden by the shell.
2024-07-09 13:34:40.753 [info] Discover tests for workspace name: kepler - uri: /home/sgass/Projects/kepler/python/kepler/tests/rtlsim/ipv4/ipv4_checksum_update.py
2024-07-10 08:49:43.100 [info] Discover tests for workspace name: kepler - uri: /home/sgass/Projects/kepler/third_party/mender-convert/tests/pytest.ini
2024-07-10 08:50:58.925 [info] Discover tests for workspace name: kepler - uri: /home/sgass/Projects/kepler/third_party/mender-convert/tests/pytest.ini
2024-07-10 10:00:17.976 [info] Experiment 'pythonCreateEnvOnPipInstall' is active
2024-07-10 10:00:17.976 [info] Experiment 'pythonRecommendTensorboardExt' is active
2024-07-10 10:00:17.976 [info] Experiment 'pythonSurveyNotificationcf' is active
2024-07-10 10:00:17.976 [info] Experiment 'pythonTerminalEnvVarActivation' is active
2024-07-10 10:00:17.976 [info] Experiment 'pythonTestAdapter' is active
2024-07-10 10:00:17.976 [error] Reading directory to watch failed [Error: ENOENT: no such file or directory, scandir '/home/sgass/Projects/kepler_fpga_build1/.pixi/envs'
	at Object.readdirSync (node:fs:1515:3)
	at t.readdirSync (node:electron/js2c/node_init:2:11289)
	at /home/sgass/.vscode/extensions/ms-python.python-2024.10.0-linux-x64/out/client/extension.js:2:574598
	at /home/sgass/.vscode/extensions/ms-python.python-2024.10.0-linux-x64/out/client/extension.js:2:574789
	at Array.map (<anonymous>)
	at d.initWatchers (/home/sgass/.vscode/extensions/ms-python.python-2024.10.0-linux-x64/out/client/extension.js:2:574507)
	at async d.ensureWatchersReady (/home/sgass/.vscode/extensions/ms-python.python-2024.10.0-linux-x64/out/client/extension.js:2:536827)] {
  errno: -2,
  syscall: 'scandir',
  code: 'ENOENT',
  path: '/home/sgass/Projects/kepler_fpga_build1/.pixi/envs'
}
2024-07-10 10:00:17.976 [error] Dir "/home/sgass/Projects/kepler_fpga_build1/.pixi/envs" is not watchable (directory does not exist)
2024-07-10 10:00:17.976 [info] Default formatter is set to null for workspace /home/sgass/Projects/kepler_fpga_build1
2024-07-10 10:00:17.976 [info] Starting Environment refresh
2024-07-10 10:00:18.009 [info] > pixi --version
2024-07-10 10:00:18.011 [error] [Error: spawn pixi ENOENT
	at ChildProcess._handle.onexit (node:internal/child_process:286:19)
	at onErrorNT (node:internal/child_process:484:16)
	at process.processTicksAndRejections (node:internal/process/task_queues:82:21)] {
  errno: -2,
  code: 'ENOENT',
  syscall: 'spawn pixi',
  path: 'pixi',
  spawnargs: [ '--version' ]
}
2024-07-10 10:00:18.050 [info] > hatch env show --json
2024-07-10 10:00:18.050 [info] cwd: .
2024-07-10 10:00:18.053 [info] Python interpreter path: /bin/python3
2024-07-10 10:00:18.090 [info] Starting Environment refresh
2024-07-10 10:00:18.226 [info] > /bin/python3 -I ~/.vscode/extensions/ms-python.python-2024.10.0-linux-x64/python_files/get_output_via_markers.py ~/.vscode/extensions/ms-python.python-2024.10.0-linux-x64/python_files/interpreterInfo.py
2024-07-10 10:00:18.291 [info] > ./.direnv/python-3.8.19/bin/python -I ~/.vscode/extensions/ms-python.python-2024.10.0-linux-x64/python_files/get_output_via_markers.py ~/.vscode/extensions/ms-python.python-2024.10.0-linux-x64/python_files/interpreterInfo.py
2024-07-10 10:00:18.467 [info] Environments refresh finished (event): 538 milliseconds
2024-07-10 10:00:18.467 [info] Environments refresh paths discovered: 538 milliseconds
2024-07-10 10:00:18.468 [info] Environments refresh finished (event): 378 milliseconds
2024-07-10 10:00:18.468 [info] Environments refresh paths discovered: 378 milliseconds
2024-07-10 10:00:18.471 [info] Environment refresh took 544 milliseconds
2024-07-10 10:00:18.473 [info] Environment refresh took 383 milliseconds
2024-07-10 10:00:18.494 [info] > pyenv which python
2024-07-10 10:00:18.494 [info] cwd: .
2024-07-10 10:00:19.525 [warning] Shell integration may not be active, environment activated may be overridden by the shell.
2024-07-10 10:00:19.529 [warning] could not find a pixi interpreter for the interpreter at /home/sgass/Projects/kepler_fpga_build1/.direnv/python-3.8.19/bin/python
2024-07-10 10:00:19.541 [info] > . ./.direnv/python-3.8.19/bin/activate && echo 'e8b39361-0157-4923-80e1-22d70d46dee6' && python ~/.vscode/extensions/ms-python.python-2024.10.0-linux-x64/python_files/printEnvVariables.py
2024-07-10 10:00:19.541 [info] shell: zsh
2024-07-10 10:00:19.616 [info] > /bin/python3 ~/.vscode/extensions/ms-python.python-2024.10.0-linux-x64/python_files/printEnvVariables.py
2024-07-10 10:00:19.616 [info] shell: zsh
2024-07-10 10:00:20.666 [info] Starting Jedi language server for kepler_fpga_build1.
2024-07-10 10:00:20.684 [info] Prepending environment variable PATH in collection with /home/sgass/.vscode/extensions/ms-python.python-2024.10.0-linux-x64/python_files/deactivate/zsh:/home/sgass/Projects/kepler_fpga_build1/.direnv/python-3.8.19/bin: {"applyAtShellIntegration":true,"applyAtProcessCreation":true}
2024-07-10 10:00:20.684 [info] Setting environment variable VIRTUAL_ENV in collection to /home/sgass/Projects/kepler_fpga_build1/.direnv/python-3.8.19 {"applyAtShellIntegration":true,"applyAtProcessCreation":true}
2024-07-10 10:00:20.684 [info] Prepending environment variable PS1 in collection with (python-3.8.19)  {"applyAtShellIntegration":true,"applyAtProcessCreation":true}
2024-07-10 10:00:21.685 [info] Send text to terminal: /bin/python3 /home/sgass/.vscode/extensions/ms-python.python-2024.10.0-linux-x64/python_files/printEnvVariablesToFile.py /home/sgass/.vscode/extensions/ms-python.python-2024.10.0-linux-x64/python_files/deactivate/zsh/envVars.txt
2024-07-10 10:00:39.267 [info] Discover tests for workspace name: kepler_fpga_build1 - uri: /home/sgass/Projects/kepler_fpga_build1/python/kepler/tests/rtlsim/ipv4/ipv4_checksum_verify_tb.py
2024-07-10 10:03:30.330 [info] Python interpreter path: ./.direnv/python-3.8.19/bin/python
2024-07-10 14:04:36.015 [info] Experiment 'pythonCreateEnvOnPipInstall' is active
2024-07-10 14:04:36.015 [info] Experiment 'pythonRecommendTensorboardExt' is active
2024-07-10 14:04:36.015 [info] Experiment 'pythonSurveyNotificationcf' is active
2024-07-10 14:04:36.015 [info] Experiment 'pythonTerminalEnvVarActivation' is active
2024-07-10 14:04:36.015 [info] Experiment 'pythonTestAdapter' is active
2024-07-10 14:04:36.015 [error] Reading directory to watch failed [Error: ENOENT: no such file or directory, scandir '/home/sgass/Projects/kepler2/.pixi/envs'
	at Object.readdirSync (node:fs:1515:3)
	at t.readdirSync (node:electron/js2c/node_init:2:11289)
	at /home/sgass/.vscode/extensions/ms-python.python-2024.10.0-linux-x64/out/client/extension.js:2:574598
	at /home/sgass/.vscode/extensions/ms-python.python-2024.10.0-linux-x64/out/client/extension.js:2:574789
	at Array.map (<anonymous>)
	at d.initWatchers (/home/sgass/.vscode/extensions/ms-python.python-2024.10.0-linux-x64/out/client/extension.js:2:574507)
	at async d.ensureWatchersReady (/home/sgass/.vscode/extensions/ms-python.python-2024.10.0-linux-x64/out/client/extension.js:2:536827)] {
  errno: -2,
  syscall: 'scandir',
  code: 'ENOENT',
  path: '/home/sgass/Projects/kepler2/.pixi/envs'
}
2024-07-10 14:04:36.015 [error] Dir "/home/sgass/Projects/kepler2/.pixi/envs" is not watchable (directory does not exist)
2024-07-10 14:04:36.015 [info] Default formatter is set to null for workspace /home/sgass/Projects/kepler2
2024-07-10 14:04:36.015 [info] Starting Environment refresh
2024-07-10 14:04:36.021 [info] > pixi --version
2024-07-10 14:04:36.022 [error] [Error: spawn pixi ENOENT
	at ChildProcess._handle.onexit (node:internal/child_process:286:19)
	at onErrorNT (node:internal/child_process:484:16)
	at process.processTicksAndRejections (node:internal/process/task_queues:82:21)] {
  errno: -2,
  code: 'ENOENT',
  syscall: 'spawn pixi',
  path: 'pixi',
  spawnargs: [ '--version' ]
}
2024-07-10 14:04:36.028 [info] > hatch env show --json
2024-07-10 14:04:36.028 [info] cwd: .
2024-07-10 14:04:36.029 [info] Python interpreter path: /bin/python3
2024-07-10 14:04:36.035 [info] Starting Environment refresh
2024-07-10 14:04:36.047 [info] > /bin/python3 -I ~/.vscode/extensions/ms-python.python-2024.10.0-linux-x64/python_files/get_output_via_markers.py ~/.vscode/extensions/ms-python.python-2024.10.0-linux-x64/python_files/interpreterInfo.py
2024-07-10 14:04:36.110 [info] Environments refresh finished (event): 101 milliseconds
2024-07-10 14:04:36.110 [info] Environments refresh paths discovered: 101 milliseconds
2024-07-10 14:04:36.111 [info] Environment refresh took 102 milliseconds
2024-07-10 14:04:36.111 [info] Environments refresh finished (event): 76 milliseconds
2024-07-10 14:04:36.111 [info] Environments refresh paths discovered: 76 milliseconds
2024-07-10 14:04:36.112 [info] Environment refresh took 77 milliseconds
2024-07-10 14:04:36.116 [info] > pyenv which python
2024-07-10 14:04:36.116 [info] cwd: .
2024-07-10 14:04:36.714 [info] Starting Jedi language server for kepler2.
2024-07-10 14:04:37.122 [warning] Shell integration may not be active, environment activated may be overridden by the shell.
2024-07-10 14:04:37.127 [warning] could not find a pixi interpreter for the interpreter at /bin/python3
2024-07-10 14:04:37.139 [warning] could not find a pixi interpreter for the interpreter at /bin/python3
2024-07-10 14:04:57.323 [info] Discover tests for workspace name: kepler2 - uri: /home/sgass/Projects/kepler2/python/kepler/tests/rtlsim/ipv4/ipv4_checksum_update_tb.py
2024-07-10 14:05:12.280 [info] Discover tests for workspace name: kepler2 - uri: /home/sgass/Projects/kepler2/python/kepler/tests/rtlsim/ipv4/ipv4_checksum_verify_tb.py
2024-07-10 14:05:49.018 [info] Discover tests for workspace name: kepler2 - uri: /home/sgass/Projects/kepler2/python/kepler/tests/rtlsim/ipv4/ipv4_checksum_verify_tb.py
