2025-02-17 12:33:59.061 [info] [main] Log level: Info
2025-02-17 12:33:59.061 [info] [main] Validating found git in: "git"
2025-02-17 12:33:59.061 [info] [main] Using git "2.43.0" from "git"
2025-02-17 12:33:59.061 [info] [Model][doInitialScan] Initial repository scan started
2025-02-17 12:33:59.061 [info] > git rev-parse --show-toplevel [5ms]
2025-02-17 12:33:59.062 [info] > git rev-parse --git-dir --git-common-dir [1ms]
2025-02-17 12:33:59.065 [info] [Model][openRepository] Opened repository: /home/sgass/Projects/kepler
2025-02-17 12:33:59.096 [info] > git rev-parse --show-toplevel [25ms]
2025-02-17 12:33:59.096 [info] > git config --get commit.template [28ms]
2025-02-17 12:33:59.114 [info] > git for-each-ref --format=%(refname)%00%(upstream:short)%00%(objectname)%00%(upstream:track)%00%(upstream:remotename)%00%(upstream:remoteref) refs/heads/sgass/prod/no-ref/network-packet-generator-ecp refs/remotes/sgass/prod/no-ref/network-packet-generator-ecp [8ms]
2025-02-17 12:33:59.119 [info] > git rev-parse --show-toplevel [5ms]
2025-02-17 12:33:59.124 [info] > git rev-parse --show-toplevel [1ms]
2025-02-17 12:33:59.134 [info] > git rev-parse --show-toplevel [6ms]
2025-02-17 12:33:59.148 [info] > git rev-parse --show-toplevel [2ms]
2025-02-17 12:33:59.153 [info] > git rev-parse --show-toplevel [2ms]
2025-02-17 12:33:59.157 [info] > git rev-parse --show-toplevel [1ms]
2025-02-17 12:33:59.160 [info] > git rev-parse --show-toplevel [1ms]
2025-02-17 12:33:59.165 [info] > git rev-parse --show-toplevel [2ms]
2025-02-17 12:33:59.169 [info] > git rev-parse --show-toplevel [1ms]
2025-02-17 12:33:59.172 [info] > git rev-parse --show-toplevel [1ms]
2025-02-17 12:33:59.176 [info] > git rev-parse --show-toplevel [1ms]
2025-02-17 12:33:59.184 [info] > git rev-parse --show-toplevel [5ms]
2025-02-17 12:33:59.190 [info] > git rev-parse --show-toplevel [1ms]
2025-02-17 12:33:59.195 [info] > git rev-parse --show-toplevel [1ms]
2025-02-17 12:33:59.200 [info] > git rev-parse --show-toplevel [2ms]
2025-02-17 12:33:59.207 [info] > git rev-parse --show-toplevel [3ms]
2025-02-17 12:33:59.212 [info] > git rev-parse --show-toplevel [1ms]
2025-02-17 12:33:59.217 [info] > git rev-parse --show-toplevel [1ms]
2025-02-17 12:33:59.222 [info] > git rev-parse --show-toplevel [2ms]
2025-02-17 12:33:59.227 [info] > git rev-parse --show-toplevel [1ms]
2025-02-17 12:33:59.231 [info] > git rev-parse --show-toplevel [1ms]
2025-02-17 12:33:59.234 [info] > git rev-parse --show-toplevel [1ms]
2025-02-17 12:33:59.238 [info] > git rev-parse --show-toplevel [1ms]
2025-02-17 12:33:59.242 [info] > git rev-parse --show-toplevel [1ms]
2025-02-17 12:33:59.246 [info] > git rev-parse --show-toplevel [1ms]
2025-02-17 12:33:59.252 [info] > git rev-parse --show-toplevel [2ms]
2025-02-17 12:33:59.256 [info] > git rev-parse --show-toplevel [1ms]
2025-02-17 12:33:59.261 [info] > git rev-parse --show-toplevel [1ms]
2025-02-17 12:33:59.266 [info] > git rev-parse --show-toplevel [2ms]
2025-02-17 12:33:59.271 [info] > git rev-parse --show-toplevel [2ms]
2025-02-17 12:33:59.276 [info] > git rev-parse --show-toplevel [1ms]
2025-02-17 12:33:59.280 [info] > git rev-parse --show-toplevel [1ms]
2025-02-17 12:33:59.285 [info] > git rev-parse --show-toplevel [2ms]
2025-02-17 12:33:59.291 [info] > git rev-parse --show-toplevel [3ms]
2025-02-17 12:33:59.295 [info] > git rev-parse --show-toplevel [1ms]
2025-02-17 12:33:59.296 [info] [Model][doInitialScan] Initial repository scan completed - repositories (1), closed repositories (0), parent repositories (0), unsafe repositories (0)
2025-02-17 12:33:59.487 [info] > git ls-files --stage -- /home/sgass/Projects/kepler/python/kepler/kepler/fpga/devices/tiny_bcam_avmm.py [8ms]
2025-02-17 12:33:59.492 [info] > git show --textconv :python/kepler/kepler/fpga/devices/tiny_bcam_avmm.py [22ms]
2025-02-17 12:33:59.493 [info] > git cat-file -s 92beb167b711336b3fff3ffcc5366caeb54894a9 [2ms]
2025-02-17 12:33:59.617 [info] > git check-ignore -v -z --stdin [19ms]
2025-02-17 12:33:59.644 [info] > git status -z -uall [526ms]
2025-02-17 12:33:59.657 [info] > git for-each-ref --format=%(refname)%00%(upstream:short)%00%(objectname)%00%(upstream:track)%00%(upstream:remotename)%00%(upstream:remoteref) refs/heads/sgass/prod/no-ref/network-packet-generator-ecp refs/remotes/sgass/prod/no-ref/network-packet-generator-ecp [8ms]
2025-02-17 12:33:59.663 [info] > git config --local branch.sgass/prod/no-ref/network-packet-generator-ecp.vscode-merge-base [3ms]
2025-02-17 12:33:59.666 [info] > git config --get commit.template [9ms]
2025-02-17 12:33:59.669 [info] > git for-each-ref --format=%(refname)%00%(upstream:short)%00%(objectname)%00%(upstream:track)%00%(upstream:remotename)%00%(upstream:remoteref) refs/heads/origin/develop refs/remotes/origin/develop [3ms]
2025-02-17 12:33:59.670 [info] > git for-each-ref --format=%(refname)%00%(upstream:short)%00%(objectname)%00%(upstream:track)%00%(upstream:remotename)%00%(upstream:remoteref) refs/heads/sgass/prod/no-ref/network-packet-generator-ecp refs/remotes/sgass/prod/no-ref/network-packet-generator-ecp [2ms]
2025-02-17 12:33:59.991 [info] > git status -z -uall [319ms]
2025-02-17 12:34:00.009 [info] > git for-each-ref --format=%(refname)%00%(upstream:short)%00%(objectname)%00%(upstream:track)%00%(upstream:remotename)%00%(upstream:remoteref) refs/heads/sgass/prod/no-ref/network-packet-generator-ecp refs/remotes/sgass/prod/no-ref/network-packet-generator-ecp [7ms]
2025-02-17 12:34:00.018 [info] > git config --local branch.sgass/prod/no-ref/network-packet-generator-ecp.vscode-merge-base [1ms]
2025-02-17 12:34:00.023 [info] > git for-each-ref --format=%(refname)%00%(upstream:short)%00%(objectname)%00%(upstream:track)%00%(upstream:remotename)%00%(upstream:remoteref) refs/heads/origin/develop refs/remotes/origin/develop [2ms]
2025-02-17 12:34:00.155 [info] > git rev-parse --show-toplevel [2ms]
2025-02-17 12:34:00.159 [info] > git rev-parse --git-dir --git-common-dir [1ms]
2025-02-17 12:34:00.160 [info] [Model][openRepository] Opened repository: /home/sgass/Projects/kepler/third_party/libhydrogen
2025-02-17 12:34:00.167 [info] > git config --get commit.template [3ms]
2025-02-17 12:34:00.171 [info] > git rev-parse --show-toplevel [5ms]
2025-02-17 12:34:00.178 [info] > git for-each-ref --format %(refname) %(objectname) %(*objectname) refs/tags [8ms]
2025-02-17 12:34:00.182 [info] > git rev-parse --git-dir --git-common-dir [6ms]
2025-02-17 12:34:00.183 [info] [Model][openRepository] Opened repository: /home/sgass/Projects/kepler/third_party/magic_enum
2025-02-17 12:34:00.190 [info] > git status -z -uall [9ms]
2025-02-17 12:34:00.196 [info] > git rev-parse --show-toplevel [6ms]
2025-02-17 12:34:00.196 [info] > git config --get commit.template [9ms]
2025-02-17 12:34:00.203 [info] > git rev-parse --git-dir --git-common-dir [4ms]
2025-02-17 12:34:00.205 [info] [Model][openRepository] Opened repository: /home/sgass/Projects/kepler/third_party/googletest
2025-02-17 12:34:00.206 [info] > git config --get commit.template [10ms]
2025-02-17 12:34:00.214 [info] > git for-each-ref --format %(refname) %(objectname) %(*objectname) refs/tags [12ms]
2025-02-17 12:34:00.227 [info] > git rev-parse --show-toplevel [13ms]
2025-02-17 12:34:00.227 [info] > git config --get commit.template [15ms]
2025-02-17 12:34:00.227 [info] > git for-each-ref --format %(refname) %(objectname) %(*objectname) refs/tags [18ms]
2025-02-17 12:34:00.235 [info] > git status -z -uall [9ms]
2025-02-17 12:34:00.244 [info] > git rev-parse --show-toplevel [13ms]
2025-02-17 12:34:00.247 [info] > git status -z -uall [6ms]
2025-02-17 12:34:00.248 [info] > git for-each-ref --format %(refname) %(objectname) %(*objectname) refs/tags [13ms]
2025-02-17 12:34:00.260 [info] > git status -z -uall [9ms]
2025-02-17 12:34:00.267 [info] > git rev-parse --git-dir --git-common-dir [21ms]
2025-02-17 12:34:00.276 [info] [Model][openRepository] Opened repository: /home/sgass/Projects/kepler/third_party/fast-cpp-csv-parser
2025-02-17 12:34:00.277 [info] > git config --get commit.template [34ms]
2025-02-17 12:34:00.297 [info] > git rev-parse --show-toplevel [4ms]
2025-02-17 12:34:00.297 [info] > git config --get commit.template [7ms]
2025-02-17 12:34:00.297 [info] > git config --get commit.template [10ms]
2025-02-17 12:34:00.297 [info] > git for-each-ref --format %(refname) %(objectname) %(*objectname) refs/tags [13ms]
2025-02-17 12:34:00.317 [info] > git rev-parse --git-dir --git-common-dir [15ms]
2025-02-17 12:34:00.321 [info] [Model][openRepository] Opened repository: /home/sgass/Projects/kepler/hdl/verilog-axis
2025-02-17 12:34:00.329 [info] > git status -z -uall [12ms]
2025-02-17 12:34:00.330 [info] > git for-each-ref --format %(refname) %(objectname) %(*objectname) refs/tags [16ms]
2025-02-17 12:34:00.330 [info] > git for-each-ref --format %(refname) %(objectname) %(*objectname) refs/tags [18ms]
2025-02-17 12:34:00.337 [info] > git status -z -uall [3ms]
2025-02-17 12:34:00.337 [info] > git rev-parse --show-toplevel [8ms]
2025-02-17 12:34:00.337 [info] > git config --get commit.template [11ms]
2025-02-17 12:34:00.344 [info] > git status -z -uall [7ms]
2025-02-17 12:34:00.345 [info] > git rev-parse --git-dir --git-common-dir [5ms]
2025-02-17 12:34:00.346 [info] [Model][openRepository] Opened repository: /home/sgass/Projects/kepler/hdl/verilog-ethernet
2025-02-17 12:34:00.355 [info] > git for-each-ref --format %(refname) %(objectname) %(*objectname) refs/tags [11ms]
2025-02-17 12:34:00.358 [info] > git rev-parse --show-toplevel [3ms]
2025-02-17 12:34:00.358 [info] > git config --get commit.template [6ms]
2025-02-17 12:34:00.358 [info] > git config --get commit.template [8ms]
2025-02-17 12:34:00.362 [info] > git status -z -uall [5ms]
2025-02-17 12:34:00.371 [info] > git rev-parse --git-dir --git-common-dir [8ms]
2025-02-17 12:34:00.373 [info] [Model][openRepository] Opened repository: /home/sgass/Projects/kepler/third_party/vext.soapysdr
2025-02-17 12:34:00.380 [info] > git config --get commit.template [10ms]
2025-02-17 12:34:00.380 [info] > git for-each-ref --format %(refname) %(objectname) %(*objectname) refs/tags [12ms]
2025-02-17 12:34:00.380 [info] > git for-each-ref --format %(refname) %(objectname) %(*objectname) refs/tags [14ms]
2025-02-17 12:34:00.391 [info] > git rev-parse --show-toplevel [12ms]
2025-02-17 12:34:00.391 [info] > git config --get commit.template [15ms]
2025-02-17 12:34:00.415 [info] > git status -z -uall [31ms]
2025-02-17 12:34:00.415 [info] > git status -z -uall [26ms]
2025-02-17 12:34:00.433 [info] > git rev-parse --git-dir --git-common-dir [19ms]
2025-02-17 12:34:00.437 [info] [Model][openRepository] Opened repository: /home/sgass/Projects/kepler/third_party/STM32CubeL1
2025-02-17 12:34:00.438 [info] > git for-each-ref --format %(refname) %(objectname) %(*objectname) refs/tags [33ms]
2025-02-17 12:34:00.461 [info] > git status -z -uall [12ms]
2025-02-17 12:34:00.461 [info] > git config --get commit.template [28ms]
2025-02-17 12:34:00.461 [info] > git for-each-ref --format %(refname) %(objectname) %(*objectname) refs/tags [34ms]
2025-02-17 12:34:00.465 [info] > git rev-parse --show-toplevel [5ms]
2025-02-17 12:34:00.466 [info] > git config --get commit.template [9ms]
2025-02-17 12:34:00.480 [info] > git status -z -uall [15ms]
2025-02-17 12:34:00.511 [info] > git rev-parse --git-dir --git-common-dir [35ms]
2025-02-17 12:34:00.521 [info] [Model][openRepository] Opened repository: /home/sgass/Projects/kepler/ansible/kubespray
2025-02-17 12:34:00.521 [info] > git for-each-ref --format %(refname) %(objectname) %(*objectname) refs/tags [50ms]
2025-02-17 12:34:00.540 [info] > git config --get commit.template [29ms]
2025-02-17 12:34:00.540 [info] > git for-each-ref --format %(refname) %(objectname) %(*objectname) refs/tags [40ms]
2025-02-17 12:34:00.545 [info] > git status -z -uall [15ms]
2025-02-17 12:34:00.545 [info] > git config --get commit.template [7ms]
2025-02-17 12:34:00.560 [info] > git for-each-ref --format %(refname) %(objectname) %(*objectname) refs/tags [8ms]
2025-02-17 12:34:00.564 [info] > git status -z -uall [1ms]
2025-02-17 12:34:00.568 [info] > git status -z -uall [23ms]
2025-02-17 12:34:00.590 [info] > git config --get commit.template [3ms]
2025-02-17 12:34:00.590 [info] > git for-each-ref --format %(refname) %(objectname) %(*objectname) refs/tags [31ms]
2025-02-17 12:34:00.597 [info] > git for-each-ref --format %(refname) %(objectname) %(*objectname) refs/tags [1ms]
2025-02-17 12:34:00.599 [info] > git status -z -uall [6ms]
2025-02-17 12:34:00.606 [info] > git config --get commit.template [3ms]
2025-02-17 12:34:00.608 [info] > git for-each-ref --format %(refname) %(objectname) %(*objectname) refs/tags [3ms]
2025-02-17 12:34:00.614 [info] > git status -z -uall [15ms]
2025-02-17 12:34:00.617 [info] > git status -z -uall [7ms]
2025-02-17 12:34:00.682 [info] > git check-ignore -v -z --stdin [6ms]
