2025-02-25 19:26:36.602 [info] Added views:workbench.panel.markers.view in workbench.panel.markers
2025-02-25 19:26:36.603 [info] Added views:workbench.panel.output in workbench.panel.output
2025-02-25 19:26:36.603 [info] Added views:terminal in terminal
2025-02-25 19:26:36.603 [info] Added views:outline in workbench.view.explorer
2025-02-25 19:26:36.603 [info] Added views:workbench.scm in workbench.view.scm
2025-02-25 19:26:36.603 [info] Added views:workbench.view.search in workbench.view.search
2025-02-25 19:26:36.603 [info] Added views:timeline in workbench.view.explorer
2025-02-25 19:26:36.603 [info] Added views:workbench.explorer.fileView in workbench.view.explorer
2025-02-25 19:26:36.741 [info] Added views:workbench.debug.welcome in workbench.view.debug
2025-02-25 19:26:37.136 [info] Added views:workbench.panel.repl.view in workbench.panel.repl
2025-02-25 19:26:37.337 [info] Added views:workbench.view.testing in workbench.view.extension.test
2025-02-25 19:26:37.476 [info] Added views:~remote.forwardedPorts in ~remote.forwardedPortsContainer
2025-02-25 19:26:38.160 [info] Added views:workbench.scm.history in workbench.view.scm
2025-02-26 13:56:03.917 [info] Removed views:workbench.scm.history from workbench.view.scm
2025-02-26 13:56:03.918 [info] Removed views:workbench.view.testing from workbench.view.extension.test
2025-02-26 13:56:04.627 [info] Added views:workbench.panel.markers.view in workbench.panel.markers
2025-02-26 13:56:04.627 [info] Added views:workbench.panel.output in workbench.panel.output
2025-02-26 13:56:04.627 [info] Added views:terminal in terminal
2025-02-26 13:56:04.627 [info] Added views:outline in workbench.view.explorer
2025-02-26 13:56:04.627 [info] Added views:workbench.scm in workbench.view.scm
2025-02-26 13:56:04.627 [info] Added views:workbench.view.search in workbench.view.search
2025-02-26 13:56:04.627 [info] Added views:timeline in workbench.view.explorer
2025-02-26 13:56:04.627 [info] Added views:workbench.explorer.fileView in workbench.view.explorer
2025-02-26 13:56:04.800 [info] Added views:workbench.debug.welcome in workbench.view.debug
2025-02-26 13:56:05.390 [info] Added views:workbench.panel.repl.view in workbench.panel.repl
2025-02-26 13:56:06.418 [info] Added views:~remote.forwardedPorts in ~remote.forwardedPortsContainer
2025-02-26 13:56:06.515 [info] Added views:workbench.scm.history in workbench.view.scm
2025-02-26 15:14:39.465 [info] Removed views:workbench.scm.history from workbench.view.scm
