2025-03-10 10:38:03.248 [info] Added views:workbench.panel.markers.view in workbench.panel.markers
2025-03-10 10:38:03.248 [info] Added views:workbench.panel.output in workbench.panel.output
2025-03-10 10:38:03.248 [info] Added views:terminal in terminal
2025-03-10 10:38:03.248 [info] Added views:outline in workbench.view.explorer
2025-03-10 10:38:03.248 [info] Added views:workbench.scm in workbench.view.scm
2025-03-10 10:38:03.248 [info] Added views:workbench.view.search in workbench.view.search
2025-03-10 10:38:03.248 [info] Added views:timeline in workbench.view.explorer
2025-03-10 10:38:03.248 [info] Added views:workbench.explorer.fileView in workbench.view.explorer
2025-03-10 10:38:03.335 [info] Added views:workbench.debug.welcome in workbench.view.debug
2025-03-10 10:38:03.809 [info] Added views:workbench.panel.repl.view in workbench.panel.repl
2025-03-10 10:38:04.025 [info] Added views:workbench.scm.history in workbench.view.scm
2025-03-10 10:38:04.132 [info] Added views:~remote.forwardedPorts in ~remote.forwardedPortsContainer
2025-03-10 10:51:24.594 [info] Removed views:workbench.scm.history from workbench.view.scm
2025-03-10 10:51:25.123 [info] Added views:workbench.panel.markers.view in workbench.panel.markers
2025-03-10 10:51:25.123 [info] Added views:workbench.panel.output in workbench.panel.output
2025-03-10 10:51:25.123 [info] Added views:terminal in terminal
2025-03-10 10:51:25.123 [info] Added views:outline in workbench.view.explorer
2025-03-10 10:51:25.123 [info] Added views:workbench.scm in workbench.view.scm
2025-03-10 10:51:25.123 [info] Added views:workbench.view.search in workbench.view.search
2025-03-10 10:51:25.123 [info] Added views:timeline in workbench.view.explorer
2025-03-10 10:51:25.123 [info] Added views:workbench.explorer.fileView in workbench.view.explorer
2025-03-10 10:51:25.467 [info] Added views:workbench.debug.variablesView,workbench.debug.watchExpressionsView,workbench.debug.callStackView,workbench.debug.breakPointsView in workbench.view.debug
2025-03-10 10:51:25.491 [info] Added views:workbench.panel.repl.view in workbench.panel.repl
2025-03-10 10:51:25.492 [info] Removed views:workbench.debug.breakPointsView,workbench.debug.callStackView,workbench.debug.watchExpressionsView,workbench.debug.variablesView from workbench.view.debug
2025-03-10 10:51:25.492 [info] Added views:workbench.debug.welcome in workbench.view.debug
2025-03-10 10:51:25.593 [info] Added views:workbench.scm.history in workbench.view.scm
2025-03-10 10:51:25.753 [info] Added views:~remote.forwardedPorts in ~remote.forwardedPortsContainer
