2025-02-21 17:51:08.020 [info] [main] Log level: Info
2025-02-21 17:51:08.020 [info] [main] Validating found git in: "git"
2025-02-21 17:51:08.020 [info] [main] Using git "2.43.0" from "git"
2025-02-21 17:51:08.020 [info] [Model][doInitialScan] Initial repository scan started
2025-02-21 17:51:08.020 [info] > git rev-parse --show-toplevel [3ms]
2025-02-21 17:51:08.020 [info] > git rev-parse --git-dir --git-common-dir [2ms]
2025-02-21 17:51:08.020 [info] [Model][openRepository] Opened repository: /home/sgass/Projects/kepler
2025-02-21 17:51:08.028 [info] > git config --get commit.template [3ms]
2025-02-21 17:51:08.028 [info] > git rev-parse --show-toplevel [1ms]
2025-02-21 17:51:08.034 [info] > git for-each-ref --format=%(refname)%00%(upstream:short)%00%(objectname)%00%(upstream:track)%00%(upstream:remotename)%00%(upstream:remoteref) refs/heads/sgass/prod/no-ref/network-packet-generator-ecp refs/remotes/sgass/prod/no-ref/network-packet-generator-ecp [2ms]
2025-02-21 17:51:08.045 [info] > git rev-parse --show-toplevel [1ms]
2025-02-21 17:51:08.050 [info] > git rev-parse --show-toplevel [2ms]
2025-02-21 17:51:08.055 [info] > git rev-parse --show-toplevel [1ms]
2025-02-21 17:51:08.060 [info] > git rev-parse --show-toplevel [2ms]
2025-02-21 17:51:08.063 [info] > git rev-parse --show-toplevel [1ms]
2025-02-21 17:51:08.068 [info] > git rev-parse --show-toplevel [2ms]
2025-02-21 17:51:08.072 [info] > git rev-parse --show-toplevel [2ms]
2025-02-21 17:51:08.075 [info] > git rev-parse --show-toplevel [1ms]
2025-02-21 17:51:08.079 [info] > git rev-parse --show-toplevel [1ms]
2025-02-21 17:51:08.083 [info] > git rev-parse --show-toplevel [1ms]
2025-02-21 17:51:08.087 [info] > git rev-parse --show-toplevel [1ms]
2025-02-21 17:51:08.091 [info] > git rev-parse --show-toplevel [1ms]
2025-02-21 17:51:08.095 [info] > git rev-parse --show-toplevel [2ms]
2025-02-21 17:51:08.098 [info] > git rev-parse --show-toplevel [1ms]
2025-02-21 17:51:08.102 [info] > git rev-parse --show-toplevel [1ms]
2025-02-21 17:51:08.106 [info] > git rev-parse --show-toplevel [1ms]
2025-02-21 17:51:08.109 [info] > git rev-parse --show-toplevel [1ms]
2025-02-21 17:51:08.112 [info] > git rev-parse --show-toplevel [1ms]
2025-02-21 17:51:08.117 [info] > git rev-parse --show-toplevel [2ms]
2025-02-21 17:51:08.121 [info] > git rev-parse --show-toplevel [1ms]
2025-02-21 17:51:08.125 [info] > git rev-parse --show-toplevel [1ms]
2025-02-21 17:51:08.129 [info] > git rev-parse --show-toplevel [2ms]
2025-02-21 17:51:08.133 [info] > git rev-parse --show-toplevel [1ms]
2025-02-21 17:51:08.138 [info] > git rev-parse --show-toplevel [2ms]
2025-02-21 17:51:08.141 [info] > git rev-parse --show-toplevel [0ms]
2025-02-21 17:51:08.145 [info] > git rev-parse --show-toplevel [1ms]
2025-02-21 17:51:08.150 [info] > git rev-parse --show-toplevel [1ms]
2025-02-21 17:51:08.155 [info] > git rev-parse --show-toplevel [2ms]
2025-02-21 17:51:08.160 [info] > git rev-parse --show-toplevel [2ms]
2025-02-21 17:51:08.165 [info] > git rev-parse --show-toplevel [1ms]
2025-02-21 17:51:08.169 [info] > git rev-parse --show-toplevel [1ms]
2025-02-21 17:51:08.173 [info] > git rev-parse --show-toplevel [1ms]
2025-02-21 17:51:08.177 [info] > git rev-parse --show-toplevel [1ms]
2025-02-21 17:51:08.181 [info] > git rev-parse --show-toplevel [1ms]
2025-02-21 17:51:08.185 [info] > git rev-parse --show-toplevel [1ms]
2025-02-21 17:51:08.186 [info] [Model][doInitialScan] Initial repository scan completed - repositories (1), closed repositories (0), parent repositories (0), unsafe repositories (0)
2025-02-21 17:51:08.257 [info] > git status -z -uall [220ms]
2025-02-21 17:51:08.269 [info] > git for-each-ref --format=%(refname)%00%(upstream:short)%00%(objectname)%00%(upstream:track)%00%(upstream:remotename)%00%(upstream:remoteref) refs/heads/sgass/prod/no-ref/network-packet-generator-ecp refs/remotes/sgass/prod/no-ref/network-packet-generator-ecp [7ms]
2025-02-21 17:51:08.273 [info] > git config --get commit.template [4ms]
2025-02-21 17:51:08.274 [info] > git config --local branch.sgass/prod/no-ref/network-packet-generator-ecp.vscode-merge-base [2ms]
2025-02-21 17:51:08.280 [info] > git for-each-ref --format=%(refname)%00%(upstream:short)%00%(objectname)%00%(upstream:track)%00%(upstream:remotename)%00%(upstream:remoteref) refs/heads/origin/develop refs/remotes/origin/develop [3ms]
2025-02-21 17:51:08.282 [info] > git for-each-ref --format=%(refname)%00%(upstream:short)%00%(objectname)%00%(upstream:track)%00%(upstream:remotename)%00%(upstream:remoteref) refs/heads/sgass/prod/no-ref/network-packet-generator-ecp refs/remotes/sgass/prod/no-ref/network-packet-generator-ecp [3ms]
2025-02-21 17:51:08.509 [info] > git status -z -uall [224ms]
2025-02-21 17:51:08.515 [info] > git for-each-ref --format=%(refname)%00%(upstream:short)%00%(objectname)%00%(upstream:track)%00%(upstream:remotename)%00%(upstream:remoteref) refs/heads/sgass/prod/no-ref/network-packet-generator-ecp refs/remotes/sgass/prod/no-ref/network-packet-generator-ecp [3ms]
2025-02-21 17:51:08.519 [info] > git config --local branch.sgass/prod/no-ref/network-packet-generator-ecp.vscode-merge-base [1ms]
2025-02-21 17:51:08.523 [info] > git for-each-ref --format=%(refname)%00%(upstream:short)%00%(objectname)%00%(upstream:track)%00%(upstream:remotename)%00%(upstream:remoteref) refs/heads/origin/develop refs/remotes/origin/develop [1ms]
2025-02-21 17:51:08.546 [info] > git check-ignore -v -z --stdin [5ms]
2025-02-21 17:51:08.582 [info] > git show --textconv :p4/mpls_router/app.p4 [5ms]
2025-02-21 17:51:08.586 [info] > git ls-files --stage -- /home/sgass/Projects/kepler/p4/mpls_router/app.p4 [5ms]
2025-02-21 17:51:08.591 [info] > git cat-file -s ae4a9cb5e6c7fe439f2cf038505fab6db0e3f2d3 [1ms]
2025-02-21 17:51:08.768 [info] > git rev-parse --show-toplevel [1ms]
2025-02-21 17:51:08.770 [info] > git rev-parse --git-dir --git-common-dir [0ms]
2025-02-21 17:51:08.772 [info] [Model][openRepository] Opened repository: /home/sgass/Projects/kepler/third_party/libhydrogen
2025-02-21 17:51:08.779 [info] > git config --get commit.template [4ms]
2025-02-21 17:51:08.780 [info] > git rev-parse --show-toplevel [2ms]
2025-02-21 17:51:08.786 [info] > git for-each-ref --format %(refname) %(objectname) %(*objectname) refs/tags [3ms]
2025-02-21 17:51:08.790 [info] > git rev-parse --git-dir --git-common-dir [4ms]
2025-02-21 17:51:08.793 [info] [Model][openRepository] Opened repository: /home/sgass/Projects/kepler/third_party/magic_enum
2025-02-21 17:51:08.800 [info] > git status -z -uall [11ms]
2025-02-21 17:51:08.806 [info] > git rev-parse --show-toplevel [6ms]
2025-02-21 17:51:08.806 [info] > git config --get commit.template [10ms]
2025-02-21 17:51:08.810 [info] > git config --get commit.template [4ms]
2025-02-21 17:51:08.816 [info] > git rev-parse --git-dir --git-common-dir [6ms]
2025-02-21 17:51:08.818 [info] [Model][openRepository] Opened repository: /home/sgass/Projects/kepler/third_party/googletest
2025-02-21 17:51:08.824 [info] > git for-each-ref --format %(refname) %(objectname) %(*objectname) refs/tags [7ms]
2025-02-21 17:51:08.824 [info] > git for-each-ref --format %(refname) %(objectname) %(*objectname) refs/tags [12ms]
2025-02-21 17:51:08.830 [info] > git status -z -uall [4ms]
2025-02-21 17:51:08.830 [info] > git rev-parse --show-toplevel [7ms]
2025-02-21 17:51:08.830 [info] > git config --get commit.template [9ms]
2025-02-21 17:51:08.834 [info] > git status -z -uall [5ms]
2025-02-21 17:51:08.844 [info] > git rev-parse --show-toplevel [11ms]
2025-02-21 17:51:08.847 [info] > git config --get commit.template [4ms]
2025-02-21 17:51:08.847 [info] > git for-each-ref --format %(refname) %(objectname) %(*objectname) refs/tags [7ms]
2025-02-21 17:51:08.852 [info] > git status -z -uall [3ms]
2025-02-21 17:51:08.852 [info] > git rev-parse --git-dir --git-common-dir [5ms]
2025-02-21 17:51:08.854 [info] [Model][openRepository] Opened repository: /home/sgass/Projects/kepler/third_party/fast-cpp-csv-parser
2025-02-21 17:51:08.867 [info] > git for-each-ref --format %(refname) %(objectname) %(*objectname) refs/tags [15ms]
2025-02-21 17:51:08.885 [info] > git status -z -uall [6ms]
2025-02-21 17:51:08.885 [info] > git rev-parse --show-toplevel [18ms]
2025-02-21 17:51:08.885 [info] > git config --get commit.template [21ms]
2025-02-21 17:51:08.889 [info] > git config --get commit.template [8ms]
2025-02-21 17:51:08.894 [info] > git rev-parse --git-dir --git-common-dir [5ms]
2025-02-21 17:51:08.895 [info] [Model][openRepository] Opened repository: /home/sgass/Projects/kepler/hdl/verilog-axis
2025-02-21 17:51:08.904 [info] > git for-each-ref --format %(refname) %(objectname) %(*objectname) refs/tags [11ms]
2025-02-21 17:51:08.909 [info] > git rev-parse --show-toplevel [5ms]
2025-02-21 17:51:08.909 [info] > git config --get commit.template [8ms]
2025-02-21 17:51:08.909 [info] > git for-each-ref --format %(refname) %(objectname) %(*objectname) refs/tags [10ms]
2025-02-21 17:51:08.918 [info] > git status -z -uall [10ms]
2025-02-21 17:51:08.918 [info] > git status -z -uall [6ms]
2025-02-21 17:51:08.923 [info] > git for-each-ref --format %(refname) %(objectname) %(*objectname) refs/tags [5ms]
2025-02-21 17:51:08.923 [info] > git rev-parse --git-dir --git-common-dir [8ms]
2025-02-21 17:51:08.924 [info] [Model][openRepository] Opened repository: /home/sgass/Projects/kepler/hdl/verilog-ethernet
2025-02-21 17:51:08.933 [info] > git status -z -uall [5ms]
2025-02-21 17:51:08.933 [info] > git config --get commit.template [10ms]
2025-02-21 17:51:08.934 [info] > git rev-parse --show-toplevel [1ms]
2025-02-21 17:51:08.934 [info] > git config --get commit.template [4ms]
2025-02-21 17:51:08.949 [info] > git rev-parse --git-dir --git-common-dir [9ms]
2025-02-21 17:51:08.951 [info] [Model][openRepository] Opened repository: /home/sgass/Projects/kepler/third_party/vext.soapysdr
2025-02-21 17:51:08.951 [info] > git for-each-ref --format %(refname) %(objectname) %(*objectname) refs/tags [13ms]
2025-02-21 17:51:08.965 [info] > git status -z -uall [10ms]
2025-02-21 17:51:08.965 [info] > git for-each-ref --format %(refname) %(objectname) %(*objectname) refs/tags [17ms]
2025-02-21 17:51:08.965 [info] > git config --get commit.template [21ms]
2025-02-21 17:51:08.972 [info] > git rev-parse --show-toplevel [8ms]
2025-02-21 17:51:08.972 [info] > git config --get commit.template [12ms]
2025-02-21 17:51:08.977 [info] > git status -z -uall [8ms]
2025-02-21 17:51:08.977 [info] > git for-each-ref --format %(refname) %(objectname) %(*objectname) refs/tags [5ms]
2025-02-21 17:51:08.984 [info] > git rev-parse --git-dir --git-common-dir [7ms]
2025-02-21 17:51:08.985 [info] [Model][openRepository] Opened repository: /home/sgass/Projects/kepler/third_party/STM32CubeL1
2025-02-21 17:51:08.995 [info] > git status -z -uall [6ms]
2025-02-21 17:51:08.995 [info] > git config --get commit.template [12ms]
2025-02-21 17:51:08.995 [info] > git for-each-ref --format %(refname) %(objectname) %(*objectname) refs/tags [14ms]
2025-02-21 17:51:09.000 [info] > git rev-parse --show-toplevel [5ms]
2025-02-21 17:51:09.000 [info] > git config --get commit.template [8ms]
2025-02-21 17:51:09.007 [info] > git status -z -uall [8ms]
2025-02-21 17:51:09.013 [info] > git rev-parse --git-dir --git-common-dir [7ms]
2025-02-21 17:51:09.015 [info] [Model][openRepository] Opened repository: /home/sgass/Projects/kepler/ansible/kubespray
2025-02-21 17:51:09.015 [info] > git for-each-ref --format %(refname) %(objectname) %(*objectname) refs/tags [11ms]
2025-02-21 17:51:09.022 [info] > git config --get commit.template [8ms]
2025-02-21 17:51:09.022 [info] > git for-each-ref --format %(refname) %(objectname) %(*objectname) refs/tags [12ms]
2025-02-21 17:51:09.030 [info] > git status -z -uall [12ms]
2025-02-21 17:51:09.030 [info] > git config --get commit.template [9ms]
2025-02-21 17:51:09.033 [info] > git for-each-ref --format %(refname) %(objectname) %(*objectname) refs/tags [4ms]
2025-02-21 17:51:09.036 [info] > git for-each-ref --format %(refname) %(objectname) %(*objectname) refs/tags [3ms]
2025-02-21 17:51:09.040 [info] > git status -z -uall [4ms]
2025-02-21 17:51:09.046 [info] > git status -z -uall [6ms]
2025-02-21 17:51:09.052 [info] > git config --get commit.template [2ms]
2025-02-21 17:51:09.055 [info] > git status -z -uall [30ms]
2025-02-21 17:51:09.060 [info] > git for-each-ref --format %(refname) %(objectname) %(*objectname) refs/tags [5ms]
2025-02-21 17:51:09.065 [info] > git config --get commit.template [5ms]
2025-02-21 17:51:09.070 [info] > git for-each-ref --format %(refname) %(objectname) %(*objectname) refs/tags [2ms]
2025-02-21 17:51:09.074 [info] > git status -z -uall [10ms]
2025-02-21 17:51:09.092 [info] > git status -z -uall [19ms]
2025-02-21 17:51:09.287 [info] > git check-ignore -v -z --stdin [5ms]
2025-02-21 17:51:17.593 [info] > git show --textconv :python/kepler/kepler/fpga/devices/p4_router_avmm.py [47ms]
2025-02-21 17:51:17.594 [info] > git ls-files --stage -- /home/sgass/Projects/kepler/python/kepler/kepler/fpga/devices/p4_router_avmm.py [42ms]
2025-02-21 17:51:17.603 [info] > git cat-file -s 3f8639ba79aee47cd21f65ce894d5adb91314f0c [4ms]
2025-02-21 17:51:17.969 [info] > git check-ignore -v -z --stdin [11ms]
2025-02-21 17:52:23.098 [info] > git show --textconv :hdl/rtl/p4_router/p4_router.sv [12ms]
2025-02-21 17:52:23.122 [info] > git ls-files --stage -- /home/sgass/Projects/kepler/hdl/rtl/p4_router/p4_router.sv [30ms]
2025-02-21 17:52:23.131 [info] > git cat-file -s a357304d766dfa34dcf8211fe1ea94fe6a96ab56 [3ms]
2025-02-21 17:52:23.549 [info] > git check-ignore -v -z --stdin [11ms]
2025-02-21 17:52:49.046 [info] > git show --textconv :python/kepler/kepler/fpga/devices/p4_router_avmm.py [7ms]
2025-02-21 17:52:49.050 [info] > git ls-files --stage -- /home/sgass/Projects/kepler/python/kepler/kepler/fpga/devices/p4_router_avmm.py [5ms]
2025-02-21 17:52:49.058 [info] > git cat-file -s 3f8639ba79aee47cd21f65ce894d5adb91314f0c [2ms]
2025-02-21 17:53:15.179 [info] > git show --textconv :hdl/rtl/p4_router/p4_router.sv [10ms]
2025-02-21 17:53:15.186 [info] > git ls-files --stage -- /home/sgass/Projects/kepler/hdl/rtl/p4_router/p4_router.sv [9ms]
2025-02-21 17:53:15.200 [info] > git cat-file -s a357304d766dfa34dcf8211fe1ea94fe6a96ab56 [4ms]
2025-02-21 17:53:21.091 [info] > git show --textconv :hdl/rtl/p4_router/p4_router_avmm_regs.sv [8ms]
2025-02-21 17:53:21.096 [info] > git ls-files --stage -- /home/sgass/Projects/kepler/hdl/rtl/p4_router/p4_router_avmm_regs.sv [5ms]
2025-02-21 17:53:21.107 [info] > git cat-file -s 26f54fcd1e7691265860106ca76ceeb9808fd997 [3ms]
2025-02-21 17:53:21.363 [info] > git check-ignore -v -z --stdin [6ms]
2025-02-21 17:54:24.683 [info] > git show --textconv :python/kepler/kepler/fpga/devices/p4_router_avmm.py [8ms]
2025-02-21 17:54:24.691 [info] > git ls-files --stage -- /home/sgass/Projects/kepler/python/kepler/kepler/fpga/devices/p4_router_avmm.py [10ms]
2025-02-21 17:54:24.704 [info] > git cat-file -s 3f8639ba79aee47cd21f65ce894d5adb91314f0c [1ms]
