2024-07-08 11:00:20.999 [info] Started local extension host with pid 76881.
2024-07-08 11:00:21.864 [error] [Extension Host] Error: Git error
	at ChildProcess.<anonymous> (/usr/share/code/resources/app/extensions/git/dist/main.js:2:1022609)
	at ChildProcess.emit (node:events:526:35)
	at ChildProcess._handle.onexit (node:internal/child_process:294:12)
2024-07-08 11:00:23.061 [error] [Extension Host] Error: Git error
	at ChildProcess.<anonymous> (/usr/share/code/resources/app/extensions/git/dist/main.js:2:1022609)
	at ChildProcess.emit (node:events:526:35)
	at ChildProcess._handle.onexit (node:internal/child_process:294:12)
2024-07-08 11:00:24.004 [error] [Extension Host] Error: Git error
	at ChildProcess.<anonymous> (/usr/share/code/resources/app/extensions/git/dist/main.js:2:1022609)
	at ChildProcess.emit (node:events:526:35)
	at ChildProcess._handle.onexit (node:internal/child_process:294:12)
2024-07-08 11:00:28.824 [error] Error: The editor could not be opened because the file was not found.
    at N.gc (vscode-file://vscode-app/usr/share/code/resources/app/out/vs/workbench/workbench.desktop.main.js:2187:30582)
    at async N.setInput (vscode-file://vscode-app/usr/share/code/resources/app/out/vs/workbench/workbench.desktop.main.js:2187:29461)
    at async s.S (vscode-file://vscode-app/usr/share/code/resources/app/out/vs/workbench/workbench.desktop.main.js:2185:24630)
    at async s.L (vscode-file://vscode-app/usr/share/code/resources/app/out/vs/workbench/workbench.desktop.main.js:2185:23157)
    at async s.openEditor (vscode-file://vscode-app/usr/share/code/resources/app/out/vs/workbench/workbench.desktop.main.js:2185:22146)
    at async vscode-file://vscode-app/usr/share/code/resources/app/out/vs/workbench/workbench.desktop.main.js:2313:26784
    at async Q (vscode-file://vscode-app/usr/share/code/resources/app/out/vs/workbench/workbench.desktop.main.js:2205:49174)
2024-07-08 11:00:33.952 [error] [Extension Host] Error: Git error
	at ChildProcess.<anonymous> (/usr/share/code/resources/app/extensions/git/dist/main.js:2:1022609)
	at ChildProcess.emit (node:events:526:35)
	at ChildProcess._handle.onexit (node:internal/child_process:294:12)
2024-07-08 11:00:39.939 [info] [perf] Render performance baseline is 25ms
2024-07-08 11:03:00.339 [error] n is not iterable: TypeError: n is not iterable
	at K_.provideHover (/home/sgass/.vscode/extensions/mshr-h.veriloghdl-1.14.1/dist/main.js:588:7681)
	at async I.provideHover (/usr/share/code/resources/app/out/vs/workbench/api/node/extensionHostProcess.js:153:101309)
2024-07-08 11:04:51.300 [error] n is not iterable: TypeError: n is not iterable
	at K_.provideHover (/home/sgass/.vscode/extensions/mshr-h.veriloghdl-1.14.1/dist/main.js:588:7681)
	at async I.provideHover (/usr/share/code/resources/app/out/vs/workbench/api/node/extensionHostProcess.js:153:101309)
2024-07-08 11:04:53.726 [error] n is not iterable: TypeError: n is not iterable
	at K_.provideHover (/home/sgass/.vscode/extensions/mshr-h.veriloghdl-1.14.1/dist/main.js:588:7681)
	at async I.provideHover (/usr/share/code/resources/app/out/vs/workbench/api/node/extensionHostProcess.js:153:101309)
2024-07-08 11:08:48.261 [error] n is not iterable: TypeError: n is not iterable
	at K_.provideHover (/home/sgass/.vscode/extensions/mshr-h.veriloghdl-1.14.1/dist/main.js:588:7681)
	at async I.provideHover (/usr/share/code/resources/app/out/vs/workbench/api/node/extensionHostProcess.js:153:101309)
2024-07-08 11:47:04.897 [error] n is not iterable: TypeError: n is not iterable
	at K_.provideHover (/home/sgass/.vscode/extensions/mshr-h.veriloghdl-1.14.1/dist/main.js:588:7681)
	at async I.provideHover (/usr/share/code/resources/app/out/vs/workbench/api/node/extensionHostProcess.js:153:101309)
2024-07-08 12:03:23.627 [error] n is not iterable: TypeError: n is not iterable
	at K_.provideHover (/home/sgass/.vscode/extensions/mshr-h.veriloghdl-1.14.1/dist/main.js:588:7681)
	at async I.provideHover (/usr/share/code/resources/app/out/vs/workbench/api/node/extensionHostProcess.js:153:101309)
