2025-02-21 17:52:23.145 [info] mshr-h.veriloghdl is now active.
2025-02-21 17:52:23.145 [info] [ExtensionManager] previousVersion: "1.16.0", currentVersion: "1.16.0"
2025-02-21 17:52:23.145 [info] ctags manager configure
2025-02-21 17:52:23.145 [warning] [LintManager] Invalid linter name: none
2025-02-21 17:52:23.145 [info] mshr-h.veriloghdl activation finished.
2025-02-21 17:52:23.145 [info] [VerilogDocumentSymbolProvider] [VerilogSymbol] Symbols Requested: file:///home/sgass/Projects/kepler/hdl/rtl/p4_router/p4_router.sv
2025-02-21 17:52:23.145 [info] indexing "/home/sgass/Projects/kepler/hdl/rtl/p4_router/p4_router.sv"
2025-02-21 17:52:23.145 [info] executing ctags
2025-02-21 17:52:23.145 [info] Executing Command: ctags -f - --fields=+K --sort=no --excmd=n --fields-SystemVerilog=+{parameter} "/home/sgass/Projects/kepler/hdl/rtl/p4_router/p4_router.sv"
2025-02-21 17:52:23.145 [info] [VerilogDocumentSymbolProvider] [VerilogSymbol] Symbols Requested: file:///home/sgass/Projects/kepler/hdl/rtl/p4_router/p4_router.sv
2025-02-21 17:52:23.145 [info] indexing "/home/sgass/Projects/kepler/hdl/rtl/p4_router/p4_router.sv"
2025-02-21 17:52:23.145 [info] executing ctags
2025-02-21 17:52:23.145 [info] Executing Command: ctags -f - --fields=+K --sort=no --excmd=n --fields-SystemVerilog=+{parameter} "/home/sgass/Projects/kepler/hdl/rtl/p4_router/p4_router.sv"
2025-02-21 17:52:23.145 [info] building symbols
2025-02-21 17:52:23.145 [info] [VerilogDocumentSymbolProvider] 1 top-level symbols returned
2025-02-21 17:52:23.145 [info] [VerilogDocumentSymbolProvider] 1 top-level symbols returned
2025-02-21 17:52:27.887 [info] [VerilogHoverProvider] Hover requested
2025-02-21 17:52:28.676 [info] [VerilogHoverProvider] Hover object returned
2025-02-21 17:52:29.010 [info] [VerilogHoverProvider] Hover requested
2025-02-21 17:52:29.208 [info] [VerilogHoverProvider] Hover requested
2025-02-21 17:52:29.834 [info] [VerilogHoverProvider] Hover object returned
2025-02-21 17:52:30.133 [info] [VerilogHoverProvider] Hover object returned
2025-02-21 17:52:31.898 [info] [VerilogHoverProvider] Hover requested
2025-02-21 17:52:32.714 [info] [VerilogHoverProvider] Hover object returned
2025-02-21 17:52:35.268 [info] [VerilogHoverProvider] Hover requested
2025-02-21 17:52:36.101 [info] [VerilogHoverProvider] Hover object returned
2025-02-21 17:52:41.799 [info] [VerilogHoverProvider] Hover requested
2025-02-21 17:52:42.233 [info] [VerilogHoverProvider] Hover requested
2025-02-21 17:52:42.539 [info] [VerilogHoverProvider] Hover object returned
2025-02-21 17:52:42.669 [info] [VerilogHoverProvider] Hover requested
2025-02-21 17:52:42.906 [info] [VerilogHoverProvider] Hover requested
2025-02-21 17:52:43.216 [info] [VerilogHoverProvider] Hover object returned
2025-02-21 17:52:43.683 [info] [VerilogHoverProvider] Hover object returned
2025-02-21 17:52:43.867 [info] [VerilogHoverProvider] Hover requested
2025-02-21 17:52:43.883 [info] [VerilogHoverProvider] Hover object returned
2025-02-21 17:52:44.177 [info] [VerilogHoverProvider] Hover requested
2025-02-21 17:52:44.769 [info] [VerilogHoverProvider] Hover object returned
2025-02-21 17:52:45.072 [info] [VerilogHoverProvider] Hover object returned
2025-02-21 17:52:45.616 [info] [VerilogHoverProvider] Hover requested
2025-02-21 17:52:46.134 [info] [VerilogHoverProvider] Hover requested
2025-02-21 17:52:46.512 [info] [VerilogHoverProvider] Hover object returned
2025-02-21 17:52:46.566 [info] [VerilogHoverProvider] Hover requested
2025-02-21 17:52:47.055 [info] [VerilogHoverProvider] Hover object returned
2025-02-21 17:52:47.490 [info] [VerilogHoverProvider] Hover object returned
2025-02-21 17:53:20.859 [info] [VerilogDocumentSymbolProvider] [VerilogSymbol] Symbols Requested: file:///home/sgass/Projects/kepler/hdl/rtl/p4_router/p4_router_avmm_regs.sv
2025-02-21 17:53:20.859 [info] indexing "/home/sgass/Projects/kepler/hdl/rtl/p4_router/p4_router_avmm_regs.sv"
2025-02-21 17:53:20.859 [info] executing ctags
2025-02-21 17:53:20.859 [info] Executing Command: ctags -f - --fields=+K --sort=no --excmd=n --fields-SystemVerilog=+{parameter} "/home/sgass/Projects/kepler/hdl/rtl/p4_router/p4_router_avmm_regs.sv"
2025-02-21 17:53:20.863 [info] building symbols
2025-02-21 17:53:20.864 [info] [VerilogDocumentSymbolProvider] 1 top-level symbols returned
2025-02-21 17:53:32.468 [info] [VerilogHoverProvider] Hover requested
2025-02-21 17:53:32.928 [info] [VerilogHoverProvider] Hover object returned
2025-02-21 17:53:36.991 [info] [VerilogHoverProvider] Hover requested
2025-02-21 17:53:37.467 [info] [VerilogHoverProvider] Hover requested
2025-02-21 17:53:37.910 [info] [VerilogHoverProvider] Hover object returned
2025-02-21 17:54:04.652 [info] [VerilogHoverProvider] Hover requested
2025-02-21 17:54:04.883 [info] [VerilogHoverProvider] Hover requested
2025-02-21 17:54:05.070 [warning] [VerilogHoverProvider] Hover object not found
2025-02-21 17:54:05.288 [warning] [VerilogHoverProvider] Hover object not found
2025-02-21 17:54:05.971 [info] [VerilogHoverProvider] Hover requested
2025-02-21 17:54:06.186 [info] [VerilogHoverProvider] Hover requested
2025-02-21 17:54:06.380 [warning] [VerilogHoverProvider] Hover object not found
2025-02-21 17:54:06.466 [info] [VerilogHoverProvider] Hover requested
2025-02-21 17:54:06.600 [warning] [VerilogHoverProvider] Hover object not found
2025-02-21 17:54:06.880 [warning] [VerilogHoverProvider] Hover object not found
2025-02-21 17:54:07.112 [info] [VerilogHoverProvider] Hover requested
2025-02-21 17:54:07.552 [warning] [VerilogHoverProvider] Hover object not found
2025-02-21 17:54:08.171 [info] [VerilogHoverProvider] Hover requested
2025-02-21 17:54:08.662 [warning] [VerilogHoverProvider] Hover object not found
2025-02-21 17:54:08.737 [info] [VerilogHoverProvider] Hover requested
2025-02-21 17:54:09.157 [warning] [VerilogHoverProvider] Hover object not found
2025-02-21 17:54:09.382 [info] [VerilogDefinitionProvider] Definitions Requested: file:///home/sgass/Projects/kepler/hdl/rtl/p4_router/p4_router_avmm_regs.sv
2025-02-21 17:54:09.812 [info] [VerilogDefinitionProvider] 0 definitions returned
2025-02-21 17:54:19.266 [info] [VerilogHoverProvider] Hover requested
2025-02-21 17:54:19.675 [warning] [VerilogHoverProvider] Hover object not found
2025-02-21 17:54:20.083 [info] [VerilogHoverProvider] Hover requested
2025-02-21 17:54:20.447 [info] [VerilogHoverProvider] Hover requested
2025-02-21 17:54:20.475 [warning] [VerilogHoverProvider] Hover object not found
2025-02-21 17:54:20.630 [info] [VerilogHoverProvider] Hover requested
2025-02-21 17:54:20.902 [info] [VerilogHoverProvider] Hover object returned
2025-02-21 17:54:20.904 [info] [VerilogHoverProvider] Hover requested
2025-02-21 17:54:21.049 [info] [VerilogHoverProvider] Hover object returned
2025-02-21 17:54:21.326 [info] [VerilogHoverProvider] Hover object returned
2025-02-21 17:54:22.804 [info] [VerilogHoverProvider] Hover requested
2025-02-21 17:54:23.118 [info] [VerilogHoverProvider] Hover requested
2025-02-21 17:54:23.222 [warning] [VerilogHoverProvider] Hover object not found
2025-02-21 17:54:23.477 [info] [VerilogHoverProvider] Hover requested
2025-02-21 17:54:23.508 [warning] [VerilogHoverProvider] Hover object not found
2025-02-21 17:54:23.870 [warning] [VerilogHoverProvider] Hover object not found
2025-02-21 17:57:40.490 [info] Deactivated
