2025-01-06 09:40:18.202 [info] [main] Log level: Info
2025-01-06 09:40:18.202 [info] [main] Validating found git in: "git"
2025-01-06 09:40:18.202 [info] [main] Using git "2.43.0" from "git"
2025-01-06 09:40:18.202 [info] [Model][doInitialScan] Initial repository scan started
2025-01-06 09:40:18.202 [info] > git rev-parse --show-toplevel [1ms]
2025-01-06 09:40:18.202 [info] > git rev-parse --git-dir --git-common-dir [2ms]
2025-01-06 09:40:18.202 [info] [Model][openRepository] Opened repository: /home/sgass/Projects/kepler
2025-01-06 09:40:18.203 [info] > git rev-parse --show-toplevel [3ms]
2025-01-06 09:40:18.203 [info] > git config --get commit.template [7ms]
2025-01-06 09:40:18.209 [info] > git for-each-ref --format=%(refname)%00%(upstream:short)%00%(objectname)%00%(upstream:track)%00%(upstream:remotename)%00%(upstream:remoteref) refs/heads/sgass/prod/no-ref/network-packet-generator refs/remotes/sgass/prod/no-ref/network-packet-generator [2ms]
2025-01-06 09:40:18.221 [info] > git rev-parse --show-toplevel [1ms]
2025-01-06 09:40:18.226 [info] > git rev-parse --show-toplevel [2ms]
2025-01-06 09:40:18.229 [info] > git rev-parse --show-toplevel [1ms]
2025-01-06 09:40:18.234 [info] > git rev-parse --show-toplevel [1ms]
2025-01-06 09:40:18.238 [info] > git rev-parse --show-toplevel [1ms]
2025-01-06 09:40:18.243 [info] > git rev-parse --show-toplevel [1ms]
2025-01-06 09:40:18.247 [info] > git rev-parse --show-toplevel [2ms]
2025-01-06 09:40:18.252 [info] > git rev-parse --show-toplevel [1ms]
2025-01-06 09:40:18.257 [info] > git rev-parse --show-toplevel [2ms]
2025-01-06 09:40:18.261 [info] > git rev-parse --show-toplevel [1ms]
2025-01-06 09:40:18.266 [info] > git rev-parse --show-toplevel [2ms]
2025-01-06 09:40:18.270 [info] > git rev-parse --show-toplevel [2ms]
2025-01-06 09:40:18.275 [info] > git rev-parse --show-toplevel [1ms]
2025-01-06 09:40:18.279 [info] > git rev-parse --show-toplevel [1ms]
2025-01-06 09:40:18.285 [info] > git rev-parse --show-toplevel [1ms]
2025-01-06 09:40:18.289 [info] > git rev-parse --show-toplevel [1ms]
2025-01-06 09:40:18.293 [info] > git rev-parse --show-toplevel [1ms]
2025-01-06 09:40:18.298 [info] > git rev-parse --show-toplevel [2ms]
2025-01-06 09:40:18.303 [info] > git rev-parse --show-toplevel [1ms]
2025-01-06 09:40:18.308 [info] > git rev-parse --show-toplevel [1ms]
2025-01-06 09:40:18.313 [info] > git rev-parse --show-toplevel [2ms]
2025-01-06 09:40:18.317 [info] > git rev-parse --show-toplevel [1ms]
2025-01-06 09:40:18.322 [info] > git rev-parse --show-toplevel [2ms]
2025-01-06 09:40:18.326 [info] > git rev-parse --show-toplevel [2ms]
2025-01-06 09:40:18.330 [info] > git rev-parse --show-toplevel [0ms]
2025-01-06 09:40:18.334 [info] > git rev-parse --show-toplevel [1ms]
2025-01-06 09:40:18.337 [info] > git rev-parse --show-toplevel [0ms]
2025-01-06 09:40:18.341 [info] > git rev-parse --show-toplevel [1ms]
2025-01-06 09:40:18.345 [info] > git rev-parse --show-toplevel [1ms]
2025-01-06 09:40:18.350 [info] > git rev-parse --show-toplevel [2ms]
2025-01-06 09:40:18.353 [info] > git rev-parse --show-toplevel [1ms]
2025-01-06 09:40:18.357 [info] > git rev-parse --show-toplevel [1ms]
2025-01-06 09:40:18.360 [info] > git rev-parse --show-toplevel [0ms]
2025-01-06 09:40:18.364 [info] > git rev-parse --show-toplevel [1ms]
2025-01-06 09:40:18.369 [info] > git rev-parse --show-toplevel [1ms]
2025-01-06 09:40:18.369 [info] [Model][doInitialScan] Initial repository scan completed - repositories (1), closed repositories (0), parent repositories (0), unsafe repositories (0)
2025-01-06 09:40:18.461 [info] > git status -z -uall [249ms]
2025-01-06 09:40:18.477 [info] > git for-each-ref --format=%(refname)%00%(upstream:short)%00%(objectname)%00%(upstream:track)%00%(upstream:remotename)%00%(upstream:remoteref) refs/heads/sgass/prod/no-ref/network-packet-generator refs/remotes/sgass/prod/no-ref/network-packet-generator [9ms]
2025-01-06 09:40:18.482 [info] > git config --local branch.sgass/prod/no-ref/network-packet-generator.vscode-merge-base [2ms]
2025-01-06 09:40:18.487 [info] > git config --get commit.template [11ms]
2025-01-06 09:40:18.492 [info] > git for-each-ref --format=%(refname)%00%(upstream:short)%00%(objectname)%00%(upstream:track)%00%(upstream:remotename)%00%(upstream:remoteref) refs/heads/origin/develop refs/remotes/origin/develop [5ms]
2025-01-06 09:40:18.500 [info] > git for-each-ref --format=%(refname)%00%(upstream:short)%00%(objectname)%00%(upstream:track)%00%(upstream:remotename)%00%(upstream:remoteref) refs/heads/sgass/prod/no-ref/network-packet-generator refs/remotes/sgass/prod/no-ref/network-packet-generator [9ms]
2025-01-06 09:40:18.720 [info] > git check-ignore -v -z --stdin [8ms]
2025-01-06 09:40:18.746 [info] > git status -z -uall [242ms]
2025-01-06 09:40:18.753 [info] > git for-each-ref --format=%(refname)%00%(upstream:short)%00%(objectname)%00%(upstream:track)%00%(upstream:remotename)%00%(upstream:remoteref) refs/heads/sgass/prod/no-ref/network-packet-generator refs/remotes/sgass/prod/no-ref/network-packet-generator [2ms]
2025-01-06 09:40:18.757 [info] > git config --local branch.sgass/prod/no-ref/network-packet-generator.vscode-merge-base [1ms]
2025-01-06 09:40:18.761 [info] > git for-each-ref --format=%(refname)%00%(upstream:short)%00%(objectname)%00%(upstream:track)%00%(upstream:remotename)%00%(upstream:remoteref) refs/heads/origin/develop refs/remotes/origin/develop [1ms]
2025-01-06 09:40:18.781 [info] > git show --textconv :python/kepler/tests/rtlsim/network_packet_generator/network_packet_generator_tb.py [5ms]
2025-01-06 09:40:18.784 [info] > git ls-files --stage -- /home/sgass/Projects/kepler/python/kepler/tests/rtlsim/network_packet_generator/network_packet_generator_tb.py [5ms]
2025-01-06 09:40:18.789 [info] > git cat-file -s 5d7956036bd95b7c64771652144c73245a65edd0 [2ms]
2025-01-06 09:40:18.974 [info] > git rev-parse --show-toplevel [1ms]
2025-01-06 09:40:18.978 [info] > git rev-parse --git-dir --git-common-dir [1ms]
2025-01-06 09:40:18.979 [info] [Model][openRepository] Opened repository: /home/sgass/Projects/kepler/third_party/libhydrogen
2025-01-06 09:40:18.986 [info] > git config --get commit.template [4ms]
2025-01-06 09:40:18.987 [info] > git rev-parse --show-toplevel [2ms]
2025-01-06 09:40:18.994 [info] > git for-each-ref --format %(refname) %(objectname) %(*objectname) refs/tags [4ms]
2025-01-06 09:40:18.997 [info] > git rev-parse --git-dir --git-common-dir [4ms]
2025-01-06 09:40:19.000 [info] [Model][openRepository] Opened repository: /home/sgass/Projects/kepler/third_party/magic_enum
2025-01-06 09:40:19.007 [info] > git status -z -uall [11ms]
2025-01-06 09:40:19.012 [info] > git rev-parse --show-toplevel [5ms]
2025-01-06 09:40:19.012 [info] > git config --get commit.template [8ms]
2025-01-06 09:40:19.015 [info] > git config --get commit.template [4ms]
2025-01-06 09:40:19.022 [info] > git rev-parse --git-dir --git-common-dir [7ms]
2025-01-06 09:40:19.024 [info] [Model][openRepository] Opened repository: /home/sgass/Projects/kepler/third_party/googletest
2025-01-06 09:40:19.030 [info] > git for-each-ref --format %(refname) %(objectname) %(*objectname) refs/tags [9ms]
2025-01-06 09:40:19.030 [info] > git for-each-ref --format %(refname) %(objectname) %(*objectname) refs/tags [12ms]
2025-01-06 09:40:19.037 [info] > git status -z -uall [5ms]
2025-01-06 09:40:19.038 [info] > git rev-parse --show-toplevel [9ms]
2025-01-06 09:40:19.038 [info] > git config --get commit.template [11ms]
2025-01-06 09:40:19.046 [info] > git status -z -uall [10ms]
2025-01-06 09:40:19.046 [info] > git config --get commit.template [5ms]
2025-01-06 09:40:19.047 [info] > git rev-parse --show-toplevel [4ms]
2025-01-06 09:40:19.060 [info] > git for-each-ref --format %(refname) %(objectname) %(*objectname) refs/tags [14ms]
2025-01-06 09:40:19.067 [info] > git status -z -uall [4ms]
2025-01-06 09:40:19.068 [info] > git rev-parse --git-dir --git-common-dir [10ms]
2025-01-06 09:40:19.070 [info] [Model][openRepository] Opened repository: /home/sgass/Projects/kepler/third_party/fast-cpp-csv-parser
2025-01-06 09:40:19.070 [info] > git for-each-ref --format %(refname) %(objectname) %(*objectname) refs/tags [14ms]
2025-01-06 09:40:19.085 [info] > git status -z -uall [11ms]
2025-01-06 09:40:19.085 [info] > git config --get commit.template [5ms]
2025-01-06 09:40:19.085 [info] > git config --get commit.template [8ms]
2025-01-06 09:40:19.088 [info] > git rev-parse --show-toplevel [4ms]
2025-01-06 09:40:19.101 [info] > git for-each-ref --format %(refname) %(objectname) %(*objectname) refs/tags [5ms]
2025-01-06 09:40:19.102 [info] > git for-each-ref --format %(refname) %(objectname) %(*objectname) refs/tags [9ms]
2025-01-06 09:40:19.108 [info] > git status -z -uall [4ms]
2025-01-06 09:40:19.109 [info] > git rev-parse --git-dir --git-common-dir [7ms]
2025-01-06 09:40:19.110 [info] [Model][openRepository] Opened repository: /home/sgass/Projects/kepler/hdl/verilog-axis
2025-01-06 09:40:19.117 [info] > git status -z -uall [10ms]
2025-01-06 09:40:19.122 [info] > git rev-parse --show-toplevel [5ms]
2025-01-06 09:40:19.122 [info] > git config --get commit.template [8ms]
2025-01-06 09:40:19.127 [info] > git config --get commit.template [5ms]
2025-01-06 09:40:19.132 [info] > git rev-parse --git-dir --git-common-dir [6ms]
2025-01-06 09:40:19.134 [info] [Model][openRepository] Opened repository: /home/sgass/Projects/kepler/hdl/verilog-ethernet
2025-01-06 09:40:19.141 [info] > git for-each-ref --format %(refname) %(objectname) %(*objectname) refs/tags [9ms]
2025-01-06 09:40:19.141 [info] > git for-each-ref --format %(refname) %(objectname) %(*objectname) refs/tags [12ms]
2025-01-06 09:40:19.146 [info] > git status -z -uall [3ms]
2025-01-06 09:40:19.147 [info] > git rev-parse --show-toplevel [6ms]
2025-01-06 09:40:19.147 [info] > git config --get commit.template [9ms]
2025-01-06 09:40:19.157 [info] > git status -z -uall [11ms]
2025-01-06 09:40:19.157 [info] > git rev-parse --git-dir --git-common-dir [7ms]
2025-01-06 09:40:19.159 [info] [Model][openRepository] Opened repository: /home/sgass/Projects/kepler/third_party/vext.soapysdr
2025-01-06 09:40:19.168 [info] > git config --get commit.template [11ms]
2025-01-06 09:40:19.168 [info] > git for-each-ref --format %(refname) %(objectname) %(*objectname) refs/tags [14ms]
2025-01-06 09:40:19.172 [info] > git rev-parse --show-toplevel [7ms]
2025-01-06 09:40:19.172 [info] > git config --get commit.template [10ms]
2025-01-06 09:40:19.181 [info] > git status -z -uall [9ms]
2025-01-06 09:40:19.181 [info] > git for-each-ref --format %(refname) %(objectname) %(*objectname) refs/tags [5ms]
2025-01-06 09:40:19.187 [info] > git status -z -uall [2ms]
2025-01-06 09:40:19.187 [info] > git for-each-ref --format %(refname) %(objectname) %(*objectname) refs/tags [6ms]
2025-01-06 09:40:19.187 [info] > git rev-parse --git-dir --git-common-dir [9ms]
2025-01-06 09:40:19.189 [info] [Model][openRepository] Opened repository: /home/sgass/Projects/kepler/third_party/STM32CubeL1
2025-01-06 09:40:19.198 [info] > git status -z -uall [6ms]
2025-01-06 09:40:19.198 [info] > git config --get commit.template [11ms]
2025-01-06 09:40:19.200 [info] > git rev-parse --show-toplevel [3ms]
2025-01-06 09:40:19.200 [info] > git config --get commit.template [5ms]
2025-01-06 09:40:19.212 [info] > git rev-parse --git-dir --git-common-dir [5ms]
2025-01-06 09:40:19.214 [info] [Model][openRepository] Opened repository: /home/sgass/Projects/kepler/third_party/mender-convert
2025-01-06 09:40:19.214 [info] > git for-each-ref --format %(refname) %(objectname) %(*objectname) refs/tags [10ms]
2025-01-06 09:40:19.220 [info] > git for-each-ref --format %(refname) %(objectname) %(*objectname) refs/tags [8ms]
2025-01-06 09:40:19.220 [info] > git config --get commit.template [11ms]
2025-01-06 09:40:19.227 [info] > git status -z -uall [10ms]
2025-01-06 09:40:19.227 [info] > git config --get commit.template [7ms]
2025-01-06 09:40:19.232 [info] > git for-each-ref --format %(refname) %(objectname) %(*objectname) refs/tags [6ms]
2025-01-06 09:40:19.237 [info] > git status -z -uall [2ms]
2025-01-06 09:40:19.239 [info] > git for-each-ref --format %(refname) %(objectname) %(*objectname) refs/tags [7ms]
2025-01-06 09:40:19.244 [info] > git status -z -uall [20ms]
2025-01-06 09:40:19.248 [info] > git status -z -uall [5ms]
2025-01-06 09:40:19.253 [info] > git config --get commit.template [5ms]
2025-01-06 09:40:19.257 [info] > git config --get commit.template [4ms]
2025-01-06 09:40:19.260 [info] > git for-each-ref --format %(refname) %(objectname) %(*objectname) refs/tags [4ms]
2025-01-06 09:40:19.263 [info] > git for-each-ref --format %(refname) %(objectname) %(*objectname) refs/tags [3ms]
2025-01-06 09:40:19.272 [info] > git status -z -uall [4ms]
2025-01-06 09:40:19.281 [info] > git status -z -uall [18ms]
2025-01-06 09:40:19.497 [info] > git check-ignore -v -z --stdin [7ms]
2025-01-06 09:40:19.777 [info] > git rev-parse --show-toplevel [1ms]
2025-01-06 09:40:19.781 [info] > git rev-parse --git-dir --git-common-dir [1ms]
2025-01-06 09:40:19.782 [info] [Model][openRepository] Opened repository: /home/sgass/Projects/kepler/third_party/mender-convert/tests/mender-image-tests
2025-01-06 09:40:19.789 [info] > git config --get commit.template [3ms]
2025-01-06 09:40:19.789 [info] > git for-each-ref --format %(refname) %(objectname) %(*objectname) refs/tags [1ms]
2025-01-06 09:40:19.796 [info] > git status -z -uall [4ms]
2025-01-06 09:40:19.803 [info] > git config --get commit.template [3ms]
2025-01-06 09:40:19.804 [info] > git for-each-ref --format %(refname) %(objectname) %(*objectname) refs/tags [1ms]
2025-01-06 09:40:19.809 [info] > git status -z -uall [2ms]
2025-01-06 09:40:20.304 [info] > git check-ignore -v -z --stdin [8ms]
2025-01-06 09:40:28.735 [info] > git show --textconv :hdl/rtl/network_packet_generator/network_packet_generator.sv [20ms]
2025-01-06 09:40:28.737 [info] > git ls-files --stage -- /home/sgass/Projects/kepler/hdl/rtl/network_packet_generator/network_packet_generator.sv [14ms]
2025-01-06 09:40:28.752 [info] > git cat-file -s 06a2af5b686b94c75fd91751a1cb58836bc10f1d [6ms]
2025-01-06 09:40:29.005 [info] > git check-ignore -v -z --stdin [14ms]
2025-01-06 09:51:04.421 [info] > git show --textconv :hdl/sim/network_packet_generator/network_packet_generator_tb.sv [9ms]
2025-01-06 09:51:04.424 [info] > git ls-files --stage -- /home/sgass/Projects/kepler/hdl/sim/network_packet_generator/network_packet_generator_tb.sv [7ms]
2025-01-06 09:51:04.434 [info] > git cat-file -s add582d8f1aa7acf7775ba27b8374b3e7df8b889 [4ms]
2025-01-06 09:51:04.696 [info] > git check-ignore -v -z --stdin [12ms]
2025-01-06 09:51:21.276 [info] > git show --textconv :hdl/rtl/network_packet_generator/network_packet_generator.sv [14ms]
2025-01-06 09:51:21.278 [info] > git ls-files --stage -- /home/sgass/Projects/kepler/hdl/rtl/network_packet_generator/network_packet_generator.sv [7ms]
2025-01-06 09:51:21.285 [info] > git cat-file -s 06a2af5b686b94c75fd91751a1cb58836bc10f1d [3ms]
2025-01-06 09:52:53.495 [info] > git show --textconv :hdl/sim/network_packet_generator/network_packet_generator_tb.sv [12ms]
2025-01-06 09:52:53.501 [info] > git ls-files --stage -- /home/sgass/Projects/kepler/hdl/sim/network_packet_generator/network_packet_generator_tb.sv [9ms]
2025-01-06 09:52:53.512 [info] > git cat-file -s add582d8f1aa7acf7775ba27b8374b3e7df8b889 [4ms]
2025-01-06 09:56:19.417 [info] > git show --textconv :hdl/rtl/network_packet_generator/network_packet_generator.sv [10ms]
2025-01-06 09:56:19.422 [info] > git ls-files --stage -- /home/sgass/Projects/kepler/hdl/rtl/network_packet_generator/network_packet_generator.sv [7ms]
2025-01-06 09:56:19.435 [info] > git cat-file -s 06a2af5b686b94c75fd91751a1cb58836bc10f1d [4ms]
2025-01-06 09:56:32.821 [info] > git show --textconv :hdl/sim/network_packet_generator/network_packet_generator_tb.sv [8ms]
2025-01-06 09:56:32.825 [info] > git ls-files --stage -- /home/sgass/Projects/kepler/hdl/sim/network_packet_generator/network_packet_generator_tb.sv [6ms]
2025-01-06 09:56:32.835 [info] > git cat-file -s add582d8f1aa7acf7775ba27b8374b3e7df8b889 [4ms]
2025-01-06 10:51:19.898 [info] > git show --textconv :hdl/rtl/network_packet_generator/network_packet_generator.sv [6ms]
2025-01-06 10:51:19.906 [info] > git ls-files --stage -- /home/sgass/Projects/kepler/hdl/rtl/network_packet_generator/network_packet_generator.sv [9ms]
2025-01-06 10:51:19.917 [info] > git cat-file -s 06a2af5b686b94c75fd91751a1cb58836bc10f1d [4ms]
2025-01-06 10:51:38.917 [info] > git rev-parse --show-toplevel [1ms]
2025-01-06 10:51:38.917 [info] fatal: not a git repository (or any of the parent directories): .git
2025-01-06 10:51:41.263 [info] > git show --textconv :hdl/sim/network_packet_generator/network_packet_generator_tb.sv [13ms]
2025-01-06 10:51:41.268 [info] > git ls-files --stage -- /home/sgass/Projects/kepler/hdl/sim/network_packet_generator/network_packet_generator_tb.sv [9ms]
2025-01-06 10:51:41.278 [info] > git cat-file -s add582d8f1aa7acf7775ba27b8374b3e7df8b889 [4ms]
2025-01-06 11:07:42.124 [info] > git show --textconv :hdl/rtl/network_packet_generator/network_packet_generator.sv [12ms]
2025-01-06 11:07:42.130 [info] > git ls-files --stage -- /home/sgass/Projects/kepler/hdl/rtl/network_packet_generator/network_packet_generator.sv [10ms]
2025-01-06 11:07:42.142 [info] > git cat-file -s 06a2af5b686b94c75fd91751a1cb58836bc10f1d [5ms]
2025-01-06 11:08:04.275 [info] > git show --textconv :hdl/sim/network_packet_generator/network_packet_generator_tb.sv [11ms]
2025-01-06 11:08:04.279 [info] > git ls-files --stage -- /home/sgass/Projects/kepler/hdl/sim/network_packet_generator/network_packet_generator_tb.sv [6ms]
2025-01-06 11:08:04.288 [info] > git cat-file -s add582d8f1aa7acf7775ba27b8374b3e7df8b889 [3ms]
2025-01-06 11:12:07.647 [info] > git show --textconv :hdl/rtl/network_packet_generator/network_packet_generator.sv [10ms]
2025-01-06 11:12:07.653 [info] > git ls-files --stage -- /home/sgass/Projects/kepler/hdl/rtl/network_packet_generator/network_packet_generator.sv [9ms]
2025-01-06 11:12:07.664 [info] > git cat-file -s 06a2af5b686b94c75fd91751a1cb58836bc10f1d [3ms]
2025-01-06 11:14:30.983 [info] > git show --textconv :hdl/sim/network_packet_generator/network_packet_generator_tb.sv [10ms]
2025-01-06 11:14:30.989 [info] > git ls-files --stage -- /home/sgass/Projects/kepler/hdl/sim/network_packet_generator/network_packet_generator_tb.sv [10ms]
2025-01-06 11:14:30.999 [info] > git cat-file -s add582d8f1aa7acf7775ba27b8374b3e7df8b889 [2ms]
2025-01-06 11:17:51.363 [info] > git check-ignore -v -z --stdin [14ms]
2025-01-06 11:17:53.933 [info] > git show --textconv :hdl/sim/network_packet_generator/network_packet_generator_tb.sv [11ms]
2025-01-06 11:17:53.939 [info] > git ls-files --stage -- /home/sgass/Projects/kepler/hdl/sim/network_packet_generator/network_packet_generator_tb.sv [9ms]
2025-01-06 11:17:53.951 [info] > git cat-file -s add582d8f1aa7acf7775ba27b8374b3e7df8b889 [3ms]
2025-01-06 11:22:10.327 [info] > git show --textconv :hdl/rtl/network_packet_generator/network_packet_generator.sv [9ms]
2025-01-06 11:22:10.333 [info] > git ls-files --stage -- /home/sgass/Projects/kepler/hdl/rtl/network_packet_generator/network_packet_generator.sv [9ms]
2025-01-06 11:22:10.345 [info] > git cat-file -s 06a2af5b686b94c75fd91751a1cb58836bc10f1d [3ms]
2025-01-06 11:23:38.268 [info] > git show --textconv :hdl/sim/network_packet_generator/network_packet_generator_tb.sv [10ms]
2025-01-06 11:23:38.273 [info] > git ls-files --stage -- /home/sgass/Projects/kepler/hdl/sim/network_packet_generator/network_packet_generator_tb.sv [8ms]
2025-01-06 11:23:38.285 [info] > git cat-file -s add582d8f1aa7acf7775ba27b8374b3e7df8b889 [4ms]
2025-01-06 11:41:30.761 [info] > git check-ignore -v -z --stdin [14ms]
2025-01-06 11:41:33.585 [info] > git show --textconv :hdl/sim/network_packet_generator/network_packet_generator_tb.sv [11ms]
2025-01-06 11:41:33.592 [info] > git ls-files --stage -- /home/sgass/Projects/kepler/hdl/sim/network_packet_generator/network_packet_generator_tb.sv [8ms]
2025-01-06 11:41:33.604 [info] > git cat-file -s add582d8f1aa7acf7775ba27b8374b3e7df8b889 [3ms]
2025-01-06 11:54:31.940 [info] > git show --textconv :hdl/rtl/network_packet_generator/network_packet_generator.sv [13ms]
2025-01-06 11:54:31.947 [info] > git ls-files --stage -- /home/sgass/Projects/kepler/hdl/rtl/network_packet_generator/network_packet_generator.sv [11ms]
2025-01-06 11:54:31.959 [info] > git cat-file -s 06a2af5b686b94c75fd91751a1cb58836bc10f1d [4ms]
2025-01-06 11:57:01.233 [info] > git show --textconv :hdl/sim/network_packet_generator/network_packet_generator_tb.sv [10ms]
2025-01-06 11:57:01.237 [info] > git ls-files --stage -- /home/sgass/Projects/kepler/hdl/sim/network_packet_generator/network_packet_generator_tb.sv [5ms]
2025-01-06 11:57:01.243 [info] > git cat-file -s add582d8f1aa7acf7775ba27b8374b3e7df8b889 [1ms]
2025-01-06 11:58:53.029 [info] > git show --textconv :hdl/rtl/network_packet_generator/network_packet_generator.sv [12ms]
2025-01-06 11:58:53.036 [info] > git ls-files --stage -- /home/sgass/Projects/kepler/hdl/rtl/network_packet_generator/network_packet_generator.sv [10ms]
2025-01-06 11:58:53.049 [info] > git cat-file -s 06a2af5b686b94c75fd91751a1cb58836bc10f1d [4ms]
2025-01-06 11:59:03.460 [info] > git show --textconv :hdl/sim/network_packet_generator/network_packet_generator_tb.sv [12ms]
2025-01-06 11:59:03.468 [info] > git ls-files --stage -- /home/sgass/Projects/kepler/hdl/sim/network_packet_generator/network_packet_generator_tb.sv [11ms]
2025-01-06 11:59:03.479 [info] > git cat-file -s add582d8f1aa7acf7775ba27b8374b3e7df8b889 [3ms]
2025-01-06 12:01:29.549 [info] > git show --textconv :hdl/rtl/network_packet_generator/network_packet_generator.sv [8ms]
2025-01-06 12:01:29.557 [info] > git ls-files --stage -- /home/sgass/Projects/kepler/hdl/rtl/network_packet_generator/network_packet_generator.sv [9ms]
2025-01-06 12:01:29.571 [info] > git cat-file -s 06a2af5b686b94c75fd91751a1cb58836bc10f1d [3ms]
2025-01-06 12:01:49.756 [info] > git show --textconv :hdl/sim/network_packet_generator/network_packet_generator_tb.sv [12ms]
2025-01-06 12:01:49.763 [info] > git ls-files --stage -- /home/sgass/Projects/kepler/hdl/sim/network_packet_generator/network_packet_generator_tb.sv [9ms]
2025-01-06 12:01:49.776 [info] > git cat-file -s add582d8f1aa7acf7775ba27b8374b3e7df8b889 [5ms]
2025-01-06 12:02:33.176 [info] > git show --textconv :hdl/rtl/network_packet_generator/network_packet_generator.sv [10ms]
2025-01-06 12:02:33.184 [info] > git ls-files --stage -- /home/sgass/Projects/kepler/hdl/rtl/network_packet_generator/network_packet_generator.sv [9ms]
2025-01-06 12:02:33.195 [info] > git cat-file -s 06a2af5b686b94c75fd91751a1cb58836bc10f1d [4ms]
2025-01-06 12:05:16.931 [info] > git show --textconv :hdl/sim/network_packet_generator/network_packet_generator_tb.sv [10ms]
2025-01-06 12:05:16.938 [info] > git ls-files --stage -- /home/sgass/Projects/kepler/hdl/sim/network_packet_generator/network_packet_generator_tb.sv [8ms]
2025-01-06 12:05:16.950 [info] > git cat-file -s add582d8f1aa7acf7775ba27b8374b3e7df8b889 [4ms]
2025-01-06 12:06:35.851 [info] > git show --textconv :hdl/rtl/network_packet_generator/network_packet_generator.sv [9ms]
2025-01-06 12:06:35.856 [info] > git ls-files --stage -- /home/sgass/Projects/kepler/hdl/rtl/network_packet_generator/network_packet_generator.sv [8ms]
2025-01-06 12:06:35.868 [info] > git cat-file -s 06a2af5b686b94c75fd91751a1cb58836bc10f1d [3ms]
2025-01-06 12:07:26.278 [info] > git show --textconv :hdl/sim/network_packet_generator/network_packet_generator_tb.sv [15ms]
2025-01-06 12:07:26.285 [info] > git ls-files --stage -- /home/sgass/Projects/kepler/hdl/sim/network_packet_generator/network_packet_generator_tb.sv [10ms]
2025-01-06 12:07:26.300 [info] > git cat-file -s add582d8f1aa7acf7775ba27b8374b3e7df8b889 [5ms]
2025-01-06 12:23:27.023 [info] > git show --textconv :hdl/rtl/network_packet_generator/network_packet_generator.sv [14ms]
2025-01-06 12:23:27.032 [info] > git ls-files --stage -- /home/sgass/Projects/kepler/hdl/rtl/network_packet_generator/network_packet_generator.sv [11ms]
2025-01-06 12:23:27.048 [info] > git cat-file -s 188f57181058202b80098196916c9e9210c50ee8 [5ms]
2025-01-06 12:37:02.218 [info] > git show --textconv :hdl/sim/network_packet_generator/network_packet_generator_tb.sv [11ms]
2025-01-06 12:37:02.226 [info] > git ls-files --stage -- /home/sgass/Projects/kepler/hdl/sim/network_packet_generator/network_packet_generator_tb.sv [10ms]
2025-01-06 12:37:02.239 [info] > git cat-file -s 291e10ba64becad82698962d148c1b366098df93 [3ms]
2025-01-06 12:40:15.732 [info] > git show --textconv :hdl/rtl/network_packet_generator/network_packet_generator.sv [12ms]
2025-01-06 12:40:15.740 [info] > git ls-files --stage -- /home/sgass/Projects/kepler/hdl/rtl/network_packet_generator/network_packet_generator.sv [11ms]
2025-01-06 12:40:15.752 [info] > git cat-file -s 188f57181058202b80098196916c9e9210c50ee8 [4ms]
2025-01-06 12:40:25.840 [info] > git show --textconv :hdl/sim/network_packet_generator/network_packet_generator_tb.sv [12ms]
2025-01-06 12:40:25.849 [info] > git ls-files --stage -- /home/sgass/Projects/kepler/hdl/sim/network_packet_generator/network_packet_generator_tb.sv [11ms]
2025-01-06 12:40:25.862 [info] > git cat-file -s 291e10ba64becad82698962d148c1b366098df93 [4ms]
2025-01-06 12:43:09.252 [info] > git show --textconv :hdl/rtl/network_packet_generator/network_packet_generator.sv [12ms]
2025-01-06 12:43:09.261 [info] > git ls-files --stage -- /home/sgass/Projects/kepler/hdl/rtl/network_packet_generator/network_packet_generator.sv [10ms]
2025-01-06 12:43:09.273 [info] > git cat-file -s 188f57181058202b80098196916c9e9210c50ee8 [3ms]
2025-01-06 12:43:12.486 [info] > git show --textconv :hdl/sim/network_packet_generator/network_packet_generator_tb.sv [13ms]
2025-01-06 12:43:12.494 [info] > git ls-files --stage -- /home/sgass/Projects/kepler/hdl/sim/network_packet_generator/network_packet_generator_tb.sv [9ms]
2025-01-06 12:43:12.508 [info] > git cat-file -s 291e10ba64becad82698962d148c1b366098df93 [4ms]
2025-01-06 12:53:06.437 [info] > git show --textconv :hdl/rtl/network_packet_generator/network_packet_generator.sv [13ms]
2025-01-06 12:53:06.442 [info] > git ls-files --stage -- /home/sgass/Projects/kepler/hdl/rtl/network_packet_generator/network_packet_generator.sv [9ms]
2025-01-06 12:53:06.459 [info] > git cat-file -s 188f57181058202b80098196916c9e9210c50ee8 [4ms]
2025-01-06 12:55:29.213 [info] > git show --textconv :hdl/sim/network_packet_generator/network_packet_generator_tb.sv [13ms]
2025-01-06 12:55:29.221 [info] > git ls-files --stage -- /home/sgass/Projects/kepler/hdl/sim/network_packet_generator/network_packet_generator_tb.sv [10ms]
2025-01-06 12:55:29.234 [info] > git cat-file -s 291e10ba64becad82698962d148c1b366098df93 [4ms]
2025-01-06 14:34:01.979 [info] > git show --textconv :hdl/rtl/axis/axis_rate_limit_wrapper.sv [14ms]
2025-01-06 14:34:01.984 [info] > git ls-files --stage -- /home/sgass/Projects/kepler/hdl/rtl/axis/axis_rate_limit_wrapper.sv [9ms]
2025-01-06 14:34:01.993 [info] > git cat-file -s 99da79eb18200adf4b3ff73f319f2a819e8fe3b9 [3ms]
2025-01-06 14:34:02.284 [info] > git check-ignore -v -z --stdin [9ms]
2025-01-06 14:34:07.042 [info] > git show --textconv :rtl/axis_rate_limit.v [8ms]
2025-01-06 14:34:07.042 [info] > git ls-files --stage -- /home/sgass/Projects/kepler/hdl/verilog-axis/rtl/axis_rate_limit.v [2ms]
2025-01-06 14:34:07.047 [info] > git cat-file -s bebe1b3ce3d7bd3bcfc80ef7406290210c049947 [1ms]
2025-01-06 14:34:07.361 [info] > git check-ignore -v -z --stdin [2ms]
2025-01-06 14:41:41.498 [info] > git show --textconv :hdl/rtl/axis/axis_rate_limit_wrapper.sv [12ms]
2025-01-06 14:41:41.503 [info] > git ls-files --stage -- /home/sgass/Projects/kepler/hdl/rtl/axis/axis_rate_limit_wrapper.sv [8ms]
2025-01-06 14:41:41.514 [info] > git cat-file -s 99da79eb18200adf4b3ff73f319f2a819e8fe3b9 [4ms]
2025-01-06 14:41:42.309 [info] > git show --textconv :rtl/axis_rate_limit.v [10ms]
2025-01-06 14:41:42.311 [info] > git ls-files --stage -- /home/sgass/Projects/kepler/hdl/verilog-axis/rtl/axis_rate_limit.v [2ms]
2025-01-06 14:41:42.321 [info] > git cat-file -s bebe1b3ce3d7bd3bcfc80ef7406290210c049947 [2ms]
2025-01-06 14:41:43.655 [info] > git show --textconv :hdl/sim/network_packet_generator/network_packet_generator_tb.sv [12ms]
2025-01-06 14:41:43.663 [info] > git ls-files --stage -- /home/sgass/Projects/kepler/hdl/sim/network_packet_generator/network_packet_generator_tb.sv [9ms]
2025-01-06 14:41:43.676 [info] > git cat-file -s 57bef4cbf520cbdc0d50ae1807ae19472be95d69 [4ms]
2025-01-06 14:41:50.265 [info] > git show --textconv :hdl/rtl/network_packet_generator/network_packet_generator.sv [13ms]
2025-01-06 14:41:50.269 [info] > git ls-files --stage -- /home/sgass/Projects/kepler/hdl/rtl/network_packet_generator/network_packet_generator.sv [6ms]
2025-01-06 14:41:50.277 [info] > git cat-file -s 18c6e41ebc770a310a81c81b358ddb10a1eb5d6d [2ms]
2025-01-06 15:58:28.253 [info] > git show --textconv :hdl/sim/network_packet_generator/network_packet_generator_tb.sv [11ms]
2025-01-06 15:58:28.259 [info] > git ls-files --stage -- /home/sgass/Projects/kepler/hdl/sim/network_packet_generator/network_packet_generator_tb.sv [9ms]
2025-01-06 15:58:28.272 [info] > git cat-file -s 57bef4cbf520cbdc0d50ae1807ae19472be95d69 [3ms]
2025-01-06 15:58:40.207 [info] > git show --textconv :hdl/rtl/network_packet_generator/network_packet_generator.sv [8ms]
2025-01-06 15:58:40.213 [info] > git ls-files --stage -- /home/sgass/Projects/kepler/hdl/rtl/network_packet_generator/network_packet_generator.sv [10ms]
2025-01-06 15:58:40.227 [info] > git cat-file -s 18c6e41ebc770a310a81c81b358ddb10a1eb5d6d [3ms]
2025-01-06 16:01:24.384 [info] > git show --textconv :hdl/rtl/avmm/avmm_gpio.sv [11ms]
2025-01-06 16:01:24.391 [info] > git ls-files --stage -- /home/sgass/Projects/kepler/hdl/rtl/avmm/avmm_gpio.sv [9ms]
2025-01-06 16:01:24.405 [info] > git cat-file -s 0248b79408a36ce3ce1d42d0641bc330c5af02d7 [4ms]
2025-01-06 16:01:24.644 [info] > git check-ignore -v -z --stdin [8ms]
2025-01-06 16:02:10.939 [info] > git show --textconv :hdl/rtl/network_packet_generator/network_packet_generator.sv [11ms]
2025-01-06 16:02:10.943 [info] > git ls-files --stage -- /home/sgass/Projects/kepler/hdl/rtl/network_packet_generator/network_packet_generator.sv [7ms]
2025-01-06 16:02:10.954 [info] > git cat-file -s 18c6e41ebc770a310a81c81b358ddb10a1eb5d6d [5ms]
2025-01-06 17:46:10.650 [info] > git show --textconv :hdl/sim/network_packet_generator/network_packet_generator_tb.sv [11ms]
2025-01-06 17:46:10.654 [info] > git ls-files --stage -- /home/sgass/Projects/kepler/hdl/sim/network_packet_generator/network_packet_generator_tb.sv [6ms]
2025-01-06 17:46:10.665 [info] > git cat-file -s 57bef4cbf520cbdc0d50ae1807ae19472be95d69 [3ms]
2025-01-06 18:02:33.064 [info] > git rev-parse --show-toplevel [1ms]
2025-01-06 18:02:33.064 [info] fatal: not a git repository (or any of the parent directories): .git
2025-01-06 18:02:34.604 [info] > git show --textconv :hdl/rtl/network_packet_generator/network_packet_generator.sv [9ms]
2025-01-06 18:02:34.609 [info] > git ls-files --stage -- /home/sgass/Projects/kepler/hdl/rtl/network_packet_generator/network_packet_generator.sv [5ms]
2025-01-06 18:02:34.620 [info] > git cat-file -s 18c6e41ebc770a310a81c81b358ddb10a1eb5d6d [4ms]
2025-01-06 18:03:16.666 [info] > git show --textconv :hdl/sim/network_packet_generator/network_packet_generator_tb.sv [10ms]
2025-01-06 18:03:16.672 [info] > git ls-files --stage -- /home/sgass/Projects/kepler/hdl/sim/network_packet_generator/network_packet_generator_tb.sv [8ms]
2025-01-06 18:03:16.684 [info] > git cat-file -s 57bef4cbf520cbdc0d50ae1807ae19472be95d69 [3ms]
2025-01-06 18:03:53.401 [info] > git show --textconv :hdl/rtl/network_packet_generator/network_packet_generator.sv [10ms]
2025-01-06 18:03:53.408 [info] > git ls-files --stage -- /home/sgass/Projects/kepler/hdl/rtl/network_packet_generator/network_packet_generator.sv [9ms]
2025-01-06 18:03:53.420 [info] > git cat-file -s 18c6e41ebc770a310a81c81b358ddb10a1eb5d6d [3ms]
2025-01-06 18:05:25.202 [info] > git show --textconv :hdl/sim/network_packet_generator/network_packet_generator_tb.sv [11ms]
2025-01-06 18:05:25.209 [info] > git ls-files --stage -- /home/sgass/Projects/kepler/hdl/sim/network_packet_generator/network_packet_generator_tb.sv [9ms]
2025-01-06 18:05:25.221 [info] > git cat-file -s 57bef4cbf520cbdc0d50ae1807ae19472be95d69 [4ms]
2025-01-07 10:16:22.704 [info] > git show --textconv :.direnv/python-3.8.19/lib/python3.8/site-packages/vunit/verilog/vunit_pkg.sv [10ms]
2025-01-07 10:16:22.712 [info] > git ls-files --stage -- /home/sgass/Projects/kepler/.direnv/python-3.8.19/lib/python3.8/site-packages/vunit/verilog/vunit_pkg.sv [9ms]
2025-01-07 10:16:22.980 [info] > git check-ignore -v -z --stdin [17ms]
2025-01-07 10:16:32.890 [info] > git show --textconv :hdl/rtl/network_packet_generator/network_packet_generator.sv [8ms]
2025-01-07 10:16:32.895 [info] > git ls-files --stage -- /home/sgass/Projects/kepler/hdl/rtl/network_packet_generator/network_packet_generator.sv [6ms]
2025-01-07 10:16:32.904 [info] > git cat-file -s 18c6e41ebc770a310a81c81b358ddb10a1eb5d6d [4ms]
2025-01-07 10:16:33.960 [info] > git show --textconv :hdl/sim/network_packet_generator/network_packet_generator_tb.sv [11ms]
2025-01-07 10:16:33.966 [info] > git ls-files --stage -- /home/sgass/Projects/kepler/hdl/sim/network_packet_generator/network_packet_generator_tb.sv [9ms]
2025-01-07 10:16:33.979 [info] > git cat-file -s 57bef4cbf520cbdc0d50ae1807ae19472be95d69 [5ms]
2025-01-07 10:16:52.511 [info] > git show --textconv :.direnv/python-3.8.19/lib/python3.8/site-packages/vunit/verilog/include/vunit_defines.svh [10ms]
2025-01-07 10:16:52.521 [info] > git ls-files --stage -- /home/sgass/Projects/kepler/.direnv/python-3.8.19/lib/python3.8/site-packages/vunit/verilog/include/vunit_defines.svh [9ms]
2025-01-07 10:16:52.800 [info] > git check-ignore -v -z --stdin [11ms]
2025-01-07 10:17:06.865 [info] > git show --textconv :hdl/sim/network_packet_generator/network_packet_generator_tb.sv [11ms]
2025-01-07 10:17:06.869 [info] > git ls-files --stage -- /home/sgass/Projects/kepler/hdl/sim/network_packet_generator/network_packet_generator_tb.sv [6ms]
2025-01-07 10:17:06.878 [info] > git cat-file -s 57bef4cbf520cbdc0d50ae1807ae19472be95d69 [3ms]
2025-01-07 10:33:49.690 [info] > git show --textconv :hdl/rtl/network_packet_generator/network_packet_generator.sv [7ms]
2025-01-07 10:33:49.695 [info] > git ls-files --stage -- /home/sgass/Projects/kepler/hdl/rtl/network_packet_generator/network_packet_generator.sv [7ms]
2025-01-07 10:33:49.707 [info] > git cat-file -s 18c6e41ebc770a310a81c81b358ddb10a1eb5d6d [4ms]
2025-01-07 17:45:01.618 [info] > git show --textconv :hdl/sim/network_packet_generator/network_packet_generator_tb.sv [11ms]
2025-01-07 17:45:01.626 [info] > git ls-files --stage -- /home/sgass/Projects/kepler/hdl/sim/network_packet_generator/network_packet_generator_tb.sv [9ms]
2025-01-07 17:45:02.922 [info] > git show --textconv :.direnv/python-3.8.19/lib/python3.8/site-packages/vunit/verilog/include/vunit_defines.svh [11ms]
2025-01-07 17:45:02.933 [info] > git ls-files --stage -- /home/sgass/Projects/kepler/.direnv/python-3.8.19/lib/python3.8/site-packages/vunit/verilog/include/vunit_defines.svh [12ms]
2025-01-07 17:45:04.035 [info] > git show --textconv :.direnv/python-3.8.19/lib/python3.8/site-packages/vunit/verilog/vunit_pkg.sv [11ms]
2025-01-07 17:45:04.045 [info] > git ls-files --stage -- /home/sgass/Projects/kepler/.direnv/python-3.8.19/lib/python3.8/site-packages/vunit/verilog/vunit_pkg.sv [11ms]
2025-01-07 17:45:04.722 [info] > git rev-parse --show-toplevel [2ms]
2025-01-07 17:45:04.722 [info] fatal: not a git repository (or any of the parent directories): .git
2025-01-07 17:59:46.796 [info] > git show --textconv :hdl/rtl/network_packet_generator/network_packet_generator.sv [62ms]
2025-01-07 17:59:46.854 [info] > git ls-files --stage -- /home/sgass/Projects/kepler/hdl/rtl/network_packet_generator/network_packet_generator.sv [59ms]
2025-01-07 17:59:46.919 [info] > git cat-file -s 50800cfed1320988ac8d497503d6445a27373367 [61ms]
2025-01-07 18:11:56.748 [info] > git rev-parse --show-toplevel [1ms]
2025-01-07 18:11:56.748 [info] fatal: not a git repository (or any of the parent directories): .git
2025-01-07 18:12:04.081 [info] > git show --textconv :hdl/vivado/workspace/p4_router_util/p4_router_util.srcs/sources_1/imports/hdl/rtl/p4_router/p4_router_avmm_regs.sv [9ms]
2025-01-07 18:12:04.091 [info] > git ls-files --stage -- /home/sgass/Projects/kepler/hdl/vivado/workspace/p4_router_util/p4_router_util.srcs/sources_1/imports/hdl/rtl/p4_router/p4_router_avmm_regs.sv [10ms]
2025-01-07 18:12:04.374 [info] > git check-ignore -v -z --stdin [19ms]
2025-01-07 18:33:15.000 [info] > git show --textconv :hdl/sim/p4_router/p4_router_avmm_regs_tb.sv [11ms]
2025-01-07 18:33:15.007 [info] > git ls-files --stage -- /home/sgass/Projects/kepler/hdl/sim/p4_router/p4_router_avmm_regs_tb.sv [8ms]
2025-01-07 18:33:15.018 [info] > git cat-file -s 85bea33393b6d2942d4c254f7c70bae01b78d75c [5ms]
2025-01-07 18:33:15.273 [info] > git check-ignore -v -z --stdin [10ms]
2025-01-07 18:33:45.196 [info] > git show --textconv :hdl/sim/p4_router/p4_router_policer_tb.waves.tcl [7ms]
2025-01-07 18:33:45.203 [info] > git ls-files --stage -- /home/sgass/Projects/kepler/hdl/sim/p4_router/p4_router_policer_tb.waves.tcl [7ms]
2025-01-07 18:33:45.216 [info] > git cat-file -s 9c9b30bc3645e216a9375a269718d1cdce39a9ce [5ms]
2025-01-07 18:33:45.463 [info] > git check-ignore -v -z --stdin [8ms]
2025-01-07 18:33:48.150 [info] > git show --textconv :hdl/sim/p4_router/p4_router_avmm_regs_tb.sv [10ms]
2025-01-07 18:33:48.158 [info] > git ls-files --stage -- /home/sgass/Projects/kepler/hdl/sim/p4_router/p4_router_avmm_regs_tb.sv [9ms]
2025-01-07 18:33:48.172 [info] > git cat-file -s 85bea33393b6d2942d4c254f7c70bae01b78d75c [5ms]
2025-01-07 18:33:52.384 [info] > git show --textconv :hdl/rtl/p4_router/p4_router_pkg.sv [7ms]
2025-01-07 18:33:52.386 [info] > git ls-files --stage -- /home/sgass/Projects/kepler/hdl/rtl/p4_router/p4_router_pkg.sv [4ms]
2025-01-07 18:33:52.397 [info] > git cat-file -s ea64f0be93c51b375e57dd6ca81b9764efd63495 [4ms]
2025-01-07 18:33:52.673 [info] > git check-ignore -v -z --stdin [7ms]
2025-01-07 18:34:00.622 [info] > git show --textconv :hdl/sim/p4_router/p4_router_avmm_regs_tb.sv [10ms]
2025-01-07 18:34:00.630 [info] > git ls-files --stage -- /home/sgass/Projects/kepler/hdl/sim/p4_router/p4_router_avmm_regs_tb.sv [9ms]
2025-01-07 18:34:00.640 [info] > git cat-file -s 85bea33393b6d2942d4c254f7c70bae01b78d75c [3ms]
2025-01-07 18:34:06.973 [info] > git check-ignore -v -z --stdin [11ms]
2025-01-07 18:34:07.277 [info] > git show --textconv :hdl/vivado/workspace/p4_router_util/p4_router_util.srcs/sources_1/imports/hdl/rtl/p4_router/p4_router_avmm_regs.sv [10ms]
2025-01-07 18:34:07.286 [info] > git ls-files --stage -- /home/sgass/Projects/kepler/hdl/vivado/workspace/p4_router_util/p4_router_util.srcs/sources_1/imports/hdl/rtl/p4_router/p4_router_avmm_regs.sv [10ms]
2025-01-07 18:36:00.710 [info] > git show --textconv :hdl/sim/p4_router/p4_router_avmm_regs_tb.sv [7ms]
2025-01-07 18:36:00.712 [info] > git ls-files --stage -- /home/sgass/Projects/kepler/hdl/sim/p4_router/p4_router_avmm_regs_tb.sv [4ms]
2025-01-07 18:36:00.723 [info] > git cat-file -s 85bea33393b6d2942d4c254f7c70bae01b78d75c [3ms]
2025-01-07 18:36:01.854 [info] > git rev-parse --show-toplevel [1ms]
2025-01-07 18:36:01.854 [info] fatal: not a git repository (or any of the parent directories): .git
2025-01-07 18:36:24.613 [info] > git show --textconv :hdl/vivado/workspace/p4_router_util/p4_router_util.srcs/sources_1/imports/hdl/rtl/p4_router/p4_router_avmm_regs.sv [10ms]
2025-01-07 18:36:24.620 [info] > git ls-files --stage -- /home/sgass/Projects/kepler/hdl/vivado/workspace/p4_router_util/p4_router_util.srcs/sources_1/imports/hdl/rtl/p4_router/p4_router_avmm_regs.sv [8ms]
2025-01-07 18:38:24.686 [info] > git check-ignore -v -z --stdin [52ms]
2025-01-07 18:40:40.271 [info] > git rev-parse --show-toplevel [2ms]
2025-01-07 18:40:40.271 [info] fatal: not a git repository (or any of the parent directories): .git
2025-01-07 18:40:41.100 [info] > git show --textconv :hdl/vivado/workspace/p4_router_util/p4_router_util.srcs/sources_1/imports/hdl/rtl/p4_router/p4_router_avmm_regs.sv [5ms]
2025-01-07 18:40:41.105 [info] > git ls-files --stage -- /home/sgass/Projects/kepler/hdl/vivado/workspace/p4_router_util/p4_router_util.srcs/sources_1/imports/hdl/rtl/p4_router/p4_router_avmm_regs.sv [5ms]
2025-01-07 18:40:46.745 [info] > git rev-parse --show-toplevel [0ms]
2025-01-07 18:40:46.745 [info] fatal: not a git repository (or any of the parent directories): .git
2025-01-07 18:41:07.435 [info] > git show --textconv :hdl/rtl/p4_router/p4_router_avmm_regs.sv [7ms]
2025-01-07 18:41:07.437 [info] > git ls-files --stage -- /home/sgass/Projects/kepler/hdl/rtl/p4_router/p4_router_avmm_regs.sv [3ms]
2025-01-07 18:41:07.449 [info] > git cat-file -s 776dd2a9da56bea335d775efa0fdbd1715fd9153 [3ms]
2025-01-07 18:41:07.708 [info] > git check-ignore -v -z --stdin [10ms]
2025-01-08 10:19:12.991 [info] > git check-ignore -v -z --stdin [29ms]
2025-01-08 12:22:35.108 [info] > git rev-parse --show-toplevel [1ms]
2025-01-08 12:22:35.108 [info] fatal: not a git repository (or any of the parent directories): .git
2025-01-08 12:22:47.468 [info] > git show --textconv :hdl/rtl/network_packet_generator/network_packet_generator.sv [136ms]
2025-01-08 12:22:47.604 [info] > git ls-files --stage -- /home/sgass/Projects/kepler/hdl/rtl/network_packet_generator/network_packet_generator.sv [136ms]
2025-01-08 12:22:47.756 [info] > git cat-file -s 64149e5798516a121149ad2b74ccce38d17c5612 [148ms]
2025-01-08 12:29:50.491 [info] > git show --textconv :hdl/sim/network_packet_generator/network_packet_generator_tb.sv [6ms]
2025-01-08 12:29:50.620 [info] > git ls-files --stage -- /home/sgass/Projects/kepler/hdl/sim/network_packet_generator/network_packet_generator_tb.sv [130ms]
2025-01-08 12:29:50.762 [info] > git cat-file -s ba9e323019c8ed1e0031c3e95699ad02d7cefbf1 [137ms]
2025-01-08 13:21:48.141 [info] > git show --textconv :hdl/rtl/nic/nic.sv [6ms]
2025-01-08 13:21:48.145 [info] > git ls-files --stage -- /home/sgass/Projects/kepler/hdl/rtl/nic/nic.sv [5ms]
2025-01-08 13:21:48.156 [info] > git cat-file -s fad1b90bb487bdfdd33e7dd01788115db55e9640 [3ms]
2025-01-08 13:21:48.430 [info] > git check-ignore -v -z --stdin [11ms]
2025-01-08 13:22:28.280 [info] > git show --textconv :hdl/rtl/nic/nic_mmi.sv [7ms]
2025-01-08 13:22:28.286 [info] > git ls-files --stage -- /home/sgass/Projects/kepler/hdl/rtl/nic/nic_mmi.sv [8ms]
2025-01-08 13:22:28.300 [info] > git cat-file -s 34a8424fe097b545ac5061095971cbaaf090999e [4ms]
2025-01-08 13:22:28.563 [info] > git check-ignore -v -z --stdin [9ms]
2025-01-08 13:23:51.245 [info] > git show --textconv :hdl/rtl/nic/nic_hdr_ctrl.sv [8ms]
2025-01-08 13:23:51.251 [info] > git ls-files --stage -- /home/sgass/Projects/kepler/hdl/rtl/nic/nic_hdr_ctrl.sv [6ms]
2025-01-08 13:23:51.263 [info] > git cat-file -s 937c55009f312f472555b30b9147979198316804 [3ms]
2025-01-08 13:23:51.520 [info] > git check-ignore -v -z --stdin [8ms]
2025-01-09 09:53:38.983 [info] > git show --textconv :hdl/rtl/nic/nic_mmi.sv [10ms]
2025-01-09 09:53:38.991 [info] > git ls-files --stage -- /home/sgass/Projects/kepler/hdl/rtl/nic/nic_mmi.sv [9ms]
2025-01-09 09:53:39.004 [info] > git cat-file -s 34a8424fe097b545ac5061095971cbaaf090999e [3ms]
2025-01-09 09:53:39.868 [info] > git show --textconv :hdl/rtl/nic/nic.sv [14ms]
2025-01-09 09:53:39.874 [info] > git ls-files --stage -- /home/sgass/Projects/kepler/hdl/rtl/nic/nic.sv [7ms]
2025-01-09 09:53:39.883 [info] > git cat-file -s fad1b90bb487bdfdd33e7dd01788115db55e9640 [2ms]
2025-01-09 09:53:41.082 [info] > git show --textconv :hdl/sim/network_packet_generator/network_packet_generator_tb.sv [11ms]
2025-01-09 09:53:41.088 [info] > git ls-files --stage -- /home/sgass/Projects/kepler/hdl/sim/network_packet_generator/network_packet_generator_tb.sv [8ms]
2025-01-09 09:53:41.102 [info] > git cat-file -s ba9e323019c8ed1e0031c3e95699ad02d7cefbf1 [5ms]
2025-01-09 09:53:43.856 [info] > git show --textconv :hdl/rtl/network_packet_generator/network_packet_generator.sv [11ms]
2025-01-09 09:53:43.862 [info] > git ls-files --stage -- /home/sgass/Projects/kepler/hdl/rtl/network_packet_generator/network_packet_generator.sv [7ms]
2025-01-09 09:53:43.876 [info] > git cat-file -s 70365ffa2c9b05922877f047b0ecc7e0eb7b9cde [4ms]
2025-01-09 09:53:45.036 [info] > git rev-parse --show-toplevel [2ms]
2025-01-09 09:53:45.036 [info] fatal: not a git repository (or any of the parent directories): .git
2025-01-09 10:57:10.119 [info] > git show --textconv :hdl/sim/network_packet_generator/network_packet_generator_tb.sv [149ms]
2025-01-09 10:57:10.251 [info] > git ls-files --stage -- /home/sgass/Projects/kepler/hdl/sim/network_packet_generator/network_packet_generator_tb.sv [132ms]
2025-01-09 10:57:10.397 [info] > git cat-file -s ba9e323019c8ed1e0031c3e95699ad02d7cefbf1 [141ms]
2025-01-09 11:03:38.032 [info] > git show --textconv :hdl/rtl/network_packet_generator/network_packet_generator.sv [64ms]
2025-01-09 11:03:38.032 [info] > git ls-files --stage -- /home/sgass/Projects/kepler/hdl/rtl/network_packet_generator/network_packet_generator.sv [60ms]
2025-01-09 11:03:38.093 [info] > git cat-file -s 70365ffa2c9b05922877f047b0ecc7e0eb7b9cde [56ms]
2025-01-09 11:03:44.341 [info] > git show --textconv :hdl/sim/network_packet_generator/network_packet_generator_tb.sv [12ms]
2025-01-09 11:03:44.350 [info] > git ls-files --stage -- /home/sgass/Projects/kepler/hdl/sim/network_packet_generator/network_packet_generator_tb.sv [10ms]
2025-01-09 11:03:44.366 [info] > git cat-file -s ba9e323019c8ed1e0031c3e95699ad02d7cefbf1 [5ms]
2025-01-09 11:03:52.467 [info] > git show --textconv :hdl/rtl/network_packet_generator/network_packet_generator.sv [11ms]
2025-01-09 11:03:52.476 [info] > git ls-files --stage -- /home/sgass/Projects/kepler/hdl/rtl/network_packet_generator/network_packet_generator.sv [9ms]
2025-01-09 11:03:52.487 [info] > git cat-file -s 70365ffa2c9b05922877f047b0ecc7e0eb7b9cde [2ms]
2025-01-09 11:03:54.045 [info] > git show --textconv :hdl/sim/network_packet_generator/network_packet_generator_tb.sv [14ms]
2025-01-09 11:03:54.055 [info] > git ls-files --stage -- /home/sgass/Projects/kepler/hdl/sim/network_packet_generator/network_packet_generator_tb.sv [13ms]
2025-01-09 11:03:54.074 [info] > git cat-file -s ba9e323019c8ed1e0031c3e95699ad02d7cefbf1 [5ms]
2025-01-09 11:03:56.017 [info] > git show --textconv :hdl/rtl/network_packet_generator/network_packet_generator.sv [13ms]
2025-01-09 11:03:56.025 [info] > git ls-files --stage -- /home/sgass/Projects/kepler/hdl/rtl/network_packet_generator/network_packet_generator.sv [10ms]
2025-01-09 11:03:56.040 [info] > git cat-file -s 70365ffa2c9b05922877f047b0ecc7e0eb7b9cde [4ms]
2025-01-09 11:03:58.458 [info] > git show --textconv :hdl/sim/network_packet_generator/network_packet_generator_tb.sv [16ms]
2025-01-09 11:03:58.468 [info] > git ls-files --stage -- /home/sgass/Projects/kepler/hdl/sim/network_packet_generator/network_packet_generator_tb.sv [10ms]
2025-01-09 11:03:58.483 [info] > git cat-file -s ba9e323019c8ed1e0031c3e95699ad02d7cefbf1 [4ms]
2025-01-09 11:04:00.630 [info] > git show --textconv :hdl/rtl/network_packet_generator/network_packet_generator.sv [9ms]
2025-01-09 11:04:00.636 [info] > git ls-files --stage -- /home/sgass/Projects/kepler/hdl/rtl/network_packet_generator/network_packet_generator.sv [8ms]
2025-01-09 11:04:00.650 [info] > git cat-file -s 70365ffa2c9b05922877f047b0ecc7e0eb7b9cde [4ms]
2025-01-09 11:08:48.198 [info] > git show --textconv :hdl/sim/network_packet_generator/network_packet_generator_tb.sv [15ms]
2025-01-09 11:08:48.206 [info] > git ls-files --stage -- /home/sgass/Projects/kepler/hdl/sim/network_packet_generator/network_packet_generator_tb.sv [10ms]
2025-01-09 11:08:48.220 [info] > git cat-file -s ba9e323019c8ed1e0031c3e95699ad02d7cefbf1 [4ms]
2025-01-09 11:23:44.206 [info] > git show --textconv :hdl/rtl/network_packet_generator/network_packet_generator.sv [14ms]
2025-01-09 11:23:44.216 [info] > git ls-files --stage -- /home/sgass/Projects/kepler/hdl/rtl/network_packet_generator/network_packet_generator.sv [14ms]
2025-01-09 11:23:44.239 [info] > git cat-file -s 70365ffa2c9b05922877f047b0ecc7e0eb7b9cde [6ms]
2025-01-09 11:23:54.342 [info] > git show --textconv :hdl/sim/network_packet_generator/network_packet_generator_tb.sv [13ms]
2025-01-09 11:23:54.351 [info] > git ls-files --stage -- /home/sgass/Projects/kepler/hdl/sim/network_packet_generator/network_packet_generator_tb.sv [10ms]
2025-01-09 11:23:54.366 [info] > git cat-file -s 24d5355efc8075e867ad8d04a1a195302cc8eac8 [4ms]
2025-01-09 11:24:03.292 [info] > git show --textconv :hdl/rtl/network_packet_generator/network_packet_generator.sv [13ms]
2025-01-09 11:24:03.298 [info] > git ls-files --stage -- /home/sgass/Projects/kepler/hdl/rtl/network_packet_generator/network_packet_generator.sv [9ms]
2025-01-09 11:24:03.312 [info] > git cat-file -s 70365ffa2c9b05922877f047b0ecc7e0eb7b9cde [4ms]
2025-01-09 11:24:19.508 [info] > git show --textconv :hdl/sim/network_packet_generator/network_packet_generator_tb.sv [14ms]
2025-01-09 11:24:19.516 [info] > git ls-files --stage -- /home/sgass/Projects/kepler/hdl/sim/network_packet_generator/network_packet_generator_tb.sv [10ms]
2025-01-09 11:24:19.531 [info] > git cat-file -s 24d5355efc8075e867ad8d04a1a195302cc8eac8 [4ms]
2025-01-09 11:27:24.016 [info] > git show --textconv :hdl/rtl/network_packet_generator/network_packet_generator.sv [17ms]
2025-01-09 11:27:24.027 [info] > git ls-files --stage -- /home/sgass/Projects/kepler/hdl/rtl/network_packet_generator/network_packet_generator.sv [14ms]
2025-01-09 11:27:24.043 [info] > git cat-file -s 70365ffa2c9b05922877f047b0ecc7e0eb7b9cde [4ms]
2025-01-09 11:43:29.974 [info] > git show --textconv :p4/network_packet_utils_parser.p4 [12ms]
2025-01-09 11:43:29.985 [info] > git ls-files --stage -- /home/sgass/Projects/kepler/p4/network_packet_utils_parser.p4 [12ms]
2025-01-09 11:43:30.266 [info] > git check-ignore -v -z --stdin [22ms]
2025-01-09 11:49:31.782 [info] > git show --textconv :hdl/rtl/network_packet_generator/network_packet_generator.sv [10ms]
2025-01-09 11:49:31.787 [info] > git ls-files --stage -- /home/sgass/Projects/kepler/hdl/rtl/network_packet_generator/network_packet_generator.sv [6ms]
2025-01-09 11:49:31.798 [info] > git cat-file -s 70365ffa2c9b05922877f047b0ecc7e0eb7b9cde [3ms]
2025-01-09 11:49:32.536 [info] > git show --textconv :p4/network_packet_utils_parser.p4 [15ms]
2025-01-09 11:49:32.548 [info] > git ls-files --stage -- /home/sgass/Projects/kepler/p4/network_packet_utils_parser.p4 [13ms]
2025-01-09 13:31:28.512 [info] > git show --textconv :hdl/sim/network_packet_generator/network_packet_generator_tb.sv [9ms]
2025-01-09 13:31:28.516 [info] > git ls-files --stage -- /home/sgass/Projects/kepler/hdl/sim/network_packet_generator/network_packet_generator_tb.sv [5ms]
2025-01-09 13:31:28.522 [info] > git cat-file -s 24d5355efc8075e867ad8d04a1a195302cc8eac8 [2ms]
2025-01-09 13:31:44.658 [info] > git show --textconv :hdl/rtl/network_packet_generator/network_packet_generator.sv [11ms]
2025-01-09 13:31:44.661 [info] > git ls-files --stage -- /home/sgass/Projects/kepler/hdl/rtl/network_packet_generator/network_packet_generator.sv [6ms]
2025-01-09 13:31:44.672 [info] > git cat-file -s 70365ffa2c9b05922877f047b0ecc7e0eb7b9cde [3ms]
2025-01-09 13:35:25.682 [info] > git show --textconv :hdl/sim/network_packet_generator/network_packet_generator_tb.sv [13ms]
2025-01-09 13:35:25.689 [info] > git ls-files --stage -- /home/sgass/Projects/kepler/hdl/sim/network_packet_generator/network_packet_generator_tb.sv [9ms]
2025-01-09 13:35:25.704 [info] > git cat-file -s 24d5355efc8075e867ad8d04a1a195302cc8eac8 [5ms]
2025-01-09 13:42:05.473 [info] > git rev-parse --show-toplevel [0ms]
2025-01-09 13:42:05.473 [info] fatal: not a git repository (or any of the parent directories): .git
2025-01-09 13:42:07.468 [info] > git show --textconv :hdl/rtl/network_packet_generator/network_packet_generator.sv [12ms]
2025-01-09 13:42:07.475 [info] > git ls-files --stage -- /home/sgass/Projects/kepler/hdl/rtl/network_packet_generator/network_packet_generator.sv [8ms]
2025-01-09 13:42:07.489 [info] > git cat-file -s 70365ffa2c9b05922877f047b0ecc7e0eb7b9cde [3ms]
2025-01-09 13:43:52.106 [info] > git show --textconv :hdl/sim/network_packet_generator/network_packet_generator_tb.sv [11ms]
2025-01-09 13:43:52.114 [info] > git ls-files --stage -- /home/sgass/Projects/kepler/hdl/sim/network_packet_generator/network_packet_generator_tb.sv [9ms]
2025-01-09 13:43:52.123 [info] > git cat-file -s 24d5355efc8075e867ad8d04a1a195302cc8eac8 [3ms]
2025-01-09 13:49:11.919 [info] > git show --textconv :hdl/rtl/network_packet_generator/network_packet_generator.sv [8ms]
2025-01-09 13:49:11.925 [info] > git ls-files --stage -- /home/sgass/Projects/kepler/hdl/rtl/network_packet_generator/network_packet_generator.sv [8ms]
2025-01-09 13:49:11.940 [info] > git cat-file -s 70365ffa2c9b05922877f047b0ecc7e0eb7b9cde [5ms]
2025-01-09 13:56:14.032 [info] > git show --textconv :hdl/sim/network_packet_generator/network_packet_generator_tb.sv [12ms]
2025-01-09 13:56:14.038 [info] > git ls-files --stage -- /home/sgass/Projects/kepler/hdl/sim/network_packet_generator/network_packet_generator_tb.sv [6ms]
2025-01-09 13:56:14.046 [info] > git cat-file -s 24d5355efc8075e867ad8d04a1a195302cc8eac8 [2ms]
2025-01-09 15:24:34.268 [info] > git show --textconv :p4/network_packet_utils_parser.p4 [10ms]
2025-01-09 15:24:34.276 [info] > git ls-files --stage -- /home/sgass/Projects/kepler/p4/network_packet_utils_parser.p4 [9ms]
2025-01-09 15:24:35.289 [info] > git show --textconv :hdl/sim/network_packet_generator/network_packet_generator_tb.sv [11ms]
2025-01-09 15:24:35.294 [info] > git ls-files --stage -- /home/sgass/Projects/kepler/hdl/sim/network_packet_generator/network_packet_generator_tb.sv [5ms]
2025-01-09 15:24:35.303 [info] > git cat-file -s f3c2ebef18ba43cf99ec410db44daa6b157db3f8 [3ms]
2025-01-09 15:24:37.422 [info] > git show --textconv :p4/network_packet_utils_parser.p4 [12ms]
2025-01-09 15:24:37.429 [info] > git ls-files --stage -- /home/sgass/Projects/kepler/p4/network_packet_utils_parser.p4 [7ms]
2025-01-10 11:30:51.053 [info] > git show --textconv :p4/mpls_router/app.p4 [132ms]
2025-01-10 11:30:51.191 [info] > git ls-files --stage -- /home/sgass/Projects/kepler/p4/mpls_router/app.p4 [139ms]
2025-01-10 11:30:51.319 [info] > git check-ignore -v -z --stdin [129ms]
2025-01-10 11:30:51.320 [info] > git cat-file -s 20954c71444aa35058920143e1dd69aca94b53c9 [124ms]
2025-01-10 12:09:55.934 [info] > git show --textconv :hdl/sim/network_packet_generator/network_packet_generator_tb.sv [14ms]
2025-01-10 12:09:55.940 [info] > git ls-files --stage -- /home/sgass/Projects/kepler/hdl/sim/network_packet_generator/network_packet_generator_tb.sv [10ms]
2025-01-10 12:09:55.955 [info] > git cat-file -s f3c2ebef18ba43cf99ec410db44daa6b157db3f8 [4ms]
2025-01-10 12:22:59.331 [info] > git show --textconv :hdl/sim/network_packet_generator/vitis_net_p4_network_packet_utils_parser_pkg.sv [11ms]
2025-01-10 12:22:59.340 [info] > git ls-files --stage -- /home/sgass/Projects/kepler/hdl/sim/network_packet_generator/vitis_net_p4_network_packet_utils_parser_pkg.sv [10ms]
2025-01-10 12:22:59.525 [info] > git check-ignore -v -z --stdin [15ms]
2025-01-10 12:23:10.036 [info] > git show --textconv :p4/network_packet_utils_parser.p4 [13ms]
2025-01-10 12:23:10.045 [info] > git ls-files --stage -- /home/sgass/Projects/kepler/p4/network_packet_utils_parser.p4 [10ms]
2025-01-10 12:23:13.832 [info] > git show --textconv :hdl/sim/network_packet_generator/network_packet_generator_tb.sv [13ms]
2025-01-10 12:23:13.839 [info] > git ls-files --stage -- /home/sgass/Projects/kepler/hdl/sim/network_packet_generator/network_packet_generator_tb.sv [9ms]
2025-01-10 12:23:13.854 [info] > git cat-file -s f3c2ebef18ba43cf99ec410db44daa6b157db3f8 [6ms]
2025-01-10 12:23:29.749 [info] > git check-ignore -v -z --stdin [67ms]
2025-01-10 12:29:46.972 [info] > git show --textconv :hdl/rtl/axi4/axi4_interface.sv [14ms]
2025-01-10 12:29:46.981 [info] > git ls-files --stage -- /home/sgass/Projects/kepler/hdl/rtl/axi4/axi4_interface.sv [10ms]
2025-01-10 12:29:46.996 [info] > git cat-file -s 01ab36b57ffc254d00fe5d0de582ce598cdac24f [4ms]
2025-01-10 12:29:47.214 [info] > git check-ignore -v -z --stdin [12ms]
2025-01-10 12:30:07.738 [info] > git show --textconv :hdl/sim/network_packet_generator/network_packet_generator_tb.sv [15ms]
2025-01-10 12:30:07.748 [info] > git ls-files --stage -- /home/sgass/Projects/kepler/hdl/sim/network_packet_generator/network_packet_generator_tb.sv [11ms]
2025-01-10 12:30:07.762 [info] > git cat-file -s f3c2ebef18ba43cf99ec410db44daa6b157db3f8 [3ms]
2025-01-10 12:30:14.021 [info] > git show --textconv :hdl/rtl/axi4/axi4_interface.sv [18ms]
2025-01-10 12:30:14.035 [info] > git ls-files --stage -- /home/sgass/Projects/kepler/hdl/rtl/axi4/axi4_interface.sv [14ms]
2025-01-10 12:30:14.050 [info] > git cat-file -s 01ab36b57ffc254d00fe5d0de582ce598cdac24f [3ms]
2025-01-10 12:30:25.394 [info] > git show --textconv :hdl/sim/network_packet_generator/network_packet_generator_tb.sv [10ms]
2025-01-10 12:30:25.403 [info] > git ls-files --stage -- /home/sgass/Projects/kepler/hdl/sim/network_packet_generator/network_packet_generator_tb.sv [9ms]
2025-01-10 12:30:25.421 [info] > git cat-file -s f3c2ebef18ba43cf99ec410db44daa6b157db3f8 [5ms]
2025-01-10 12:31:28.940 [info] > git show --textconv :hdl/sim/network_packet_generator/vitis_net_p4_network_packet_utils_parser_pkg.sv [12ms]
2025-01-10 12:31:28.948 [info] > git ls-files --stage -- /home/sgass/Projects/kepler/hdl/sim/network_packet_generator/vitis_net_p4_network_packet_utils_parser_pkg.sv [9ms]
2025-01-10 12:31:49.124 [info] > git show --textconv :hdl/sim/network_packet_generator/network_packet_generator_tb.sv [13ms]
2025-01-10 12:31:49.133 [info] > git ls-files --stage -- /home/sgass/Projects/kepler/hdl/sim/network_packet_generator/network_packet_generator_tb.sv [11ms]
2025-01-10 12:31:49.147 [info] > git cat-file -s f3c2ebef18ba43cf99ec410db44daa6b157db3f8 [4ms]
2025-01-10 13:32:40.938 [info] > git show --textconv :hdl/rtl/axi4/axi4_interface.sv [9ms]
2025-01-10 13:32:40.946 [info] > git ls-files --stage -- /home/sgass/Projects/kepler/hdl/rtl/axi4/axi4_interface.sv [10ms]
2025-01-10 13:32:40.960 [info] > git cat-file -s 01ab36b57ffc254d00fe5d0de582ce598cdac24f [3ms]
2025-01-10 13:32:45.745 [info] > git show --textconv :hdl/rtl/axis/axis_interface.sv [171ms]
2025-01-10 13:32:45.883 [info] > git check-ignore -v -z --stdin [143ms]
2025-01-10 13:32:45.884 [info] > git ls-files --stage -- /home/sgass/Projects/kepler/hdl/rtl/axis/axis_interface.sv [140ms]
2025-01-10 13:32:46.036 [info] > git cat-file -s 957932f3f7abd4c2292a2a62374a22bf82dae0ed [147ms]
2025-01-10 13:33:00.423 [info] > git show --textconv :hdl/rtl/axi4/axi4_interface.sv [13ms]
2025-01-10 13:33:00.434 [info] > git ls-files --stage -- /home/sgass/Projects/kepler/hdl/rtl/axi4/axi4_interface.sv [11ms]
2025-01-10 13:33:00.449 [info] > git cat-file -s 01ab36b57ffc254d00fe5d0de582ce598cdac24f [4ms]
2025-01-10 13:33:02.981 [info] > git show --textconv :hdl/sim/network_packet_generator/network_packet_generator_tb.sv [11ms]
2025-01-10 13:33:02.986 [info] > git ls-files --stage -- /home/sgass/Projects/kepler/hdl/sim/network_packet_generator/network_packet_generator_tb.sv [6ms]
2025-01-10 13:33:03.000 [info] > git cat-file -s f3c2ebef18ba43cf99ec410db44daa6b157db3f8 [5ms]
2025-01-10 13:34:36.664 [info] > git check-ignore -v -z --stdin [31ms]
2025-01-10 13:35:03.094 [info] > git show --textconv :hdl/rtl/axis/axis_sop.sv [14ms]
2025-01-10 13:35:03.100 [info] > git ls-files --stage -- /home/sgass/Projects/kepler/hdl/rtl/axis/axis_sop.sv [9ms]
2025-01-10 13:35:03.116 [info] > git cat-file -s 9c0d5cee7a003eb3045738af2d411b69b93b764d [4ms]
2025-01-10 13:35:03.367 [info] > git check-ignore -v -z --stdin [9ms]
2025-01-10 13:35:08.654 [info] > git show --textconv :hdl/sim/network_packet_generator/network_packet_generator_tb.sv [10ms]
2025-01-10 13:35:08.663 [info] > git ls-files --stage -- /home/sgass/Projects/kepler/hdl/sim/network_packet_generator/network_packet_generator_tb.sv [10ms]
2025-01-10 13:35:08.679 [info] > git cat-file -s f3c2ebef18ba43cf99ec410db44daa6b157db3f8 [4ms]
2025-01-10 13:37:05.869 [info] > git show --textconv :hdl/rtl/dac_ad5601/dac_ad5601_ctrl_mmi.sv [12ms]
2025-01-10 13:37:05.879 [info] > git ls-files --stage -- /home/sgass/Projects/kepler/hdl/rtl/dac_ad5601/dac_ad5601_ctrl_mmi.sv [11ms]
2025-01-10 13:37:05.894 [info] > git cat-file -s 7e31b8990654964299336de34b8777464b5d83f4 [3ms]
2025-01-10 13:37:06.145 [info] > git check-ignore -v -z --stdin [10ms]
2025-01-10 13:37:09.712 [info] > git show --textconv :hdl/sim/network_packet_generator/network_packet_generator_tb.sv [12ms]
2025-01-10 13:37:09.716 [info] > git ls-files --stage -- /home/sgass/Projects/kepler/hdl/sim/network_packet_generator/network_packet_generator_tb.sv [4ms]
2025-01-10 13:37:09.726 [info] > git cat-file -s f3c2ebef18ba43cf99ec410db44daa6b157db3f8 [4ms]
2025-01-10 13:37:16.331 [info] > git show --textconv :hdl/sim/dac_ad5601/dac_ad5601_ctrl_mmi_tb.sv [14ms]
2025-01-10 13:37:16.341 [info] > git ls-files --stage -- /home/sgass/Projects/kepler/hdl/sim/dac_ad5601/dac_ad5601_ctrl_mmi_tb.sv [11ms]
2025-01-10 13:37:16.360 [info] > git cat-file -s 0ab961d7eaf6a8643aa908452dc891bf96b0179b [5ms]
2025-01-10 13:37:16.613 [info] > git check-ignore -v -z --stdin [10ms]
2025-01-10 13:37:16.935 [info] > git show --textconv :hdl/sim/dac_ad5601/dac_ad5601_ctrl_avmm_tb.sv [15ms]
2025-01-10 13:37:16.940 [info] > git ls-files --stage -- /home/sgass/Projects/kepler/hdl/sim/dac_ad5601/dac_ad5601_ctrl_avmm_tb.sv [8ms]
2025-01-10 13:37:16.951 [info] > git cat-file -s b6f935ef87047538a540c94881d75742bc446c6a [2ms]
2025-01-10 13:37:17.218 [info] > git check-ignore -v -z --stdin [12ms]
2025-01-10 13:37:23.039 [info] > git show --textconv :hdl/sim/network_packet_generator/network_packet_generator_tb.sv [12ms]
2025-01-10 13:37:23.047 [info] > git ls-files --stage -- /home/sgass/Projects/kepler/hdl/sim/network_packet_generator/network_packet_generator_tb.sv [10ms]
2025-01-10 13:37:23.060 [info] > git cat-file -s f3c2ebef18ba43cf99ec410db44daa6b157db3f8 [4ms]
2025-01-10 13:37:28.267 [info] > git show --textconv :hdl/sim/dac_ad5601/dac_ad5601_ctrl_mmi_tb.sv [11ms]
2025-01-10 13:37:28.277 [info] > git ls-files --stage -- /home/sgass/Projects/kepler/hdl/sim/dac_ad5601/dac_ad5601_ctrl_mmi_tb.sv [11ms]
2025-01-10 13:37:28.291 [info] > git cat-file -s 0ab961d7eaf6a8643aa908452dc891bf96b0179b [3ms]
2025-01-10 13:37:44.459 [info] > git show --textconv :hdl/sim/network_packet_generator/network_packet_generator_tb.sv [7ms]
2025-01-10 13:37:44.463 [info] > git ls-files --stage -- /home/sgass/Projects/kepler/hdl/sim/network_packet_generator/network_packet_generator_tb.sv [5ms]
2025-01-10 13:37:44.480 [info] > git cat-file -s f3c2ebef18ba43cf99ec410db44daa6b157db3f8 [4ms]
2025-01-10 13:37:51.481 [info] > git show --textconv :hdl/rtl/util/util_make_monitors.svh [12ms]
2025-01-10 13:37:51.484 [info] > git ls-files --stage -- /home/sgass/Projects/kepler/hdl/rtl/util/util_make_monitors.svh [6ms]
2025-01-10 13:37:51.497 [info] > git cat-file -s dbc1d259e34f7610dc7ec3681c4f82106da79920 [3ms]
2025-01-10 13:37:51.768 [info] > git check-ignore -v -z --stdin [11ms]
2025-01-10 13:37:55.552 [info] > git show --textconv :hdl/sim/network_packet_generator/network_packet_generator_tb.sv [8ms]
2025-01-10 13:37:55.556 [info] > git ls-files --stage -- /home/sgass/Projects/kepler/hdl/sim/network_packet_generator/network_packet_generator_tb.sv [6ms]
2025-01-10 13:37:55.568 [info] > git cat-file -s f3c2ebef18ba43cf99ec410db44daa6b157db3f8 [4ms]
2025-01-10 13:38:37.688 [info] > git show --textconv :hdl/rtl/util/util_make_monitors.svh [12ms]
2025-01-10 13:38:37.697 [info] > git ls-files --stage -- /home/sgass/Projects/kepler/hdl/rtl/util/util_make_monitors.svh [10ms]
2025-01-10 13:38:37.712 [info] > git cat-file -s dbc1d259e34f7610dc7ec3681c4f82106da79920 [5ms]
2025-01-10 13:38:45.775 [info] > git show --textconv :hdl/sim/network_packet_generator/network_packet_generator_tb.sv [13ms]
2025-01-10 13:38:45.783 [info] > git ls-files --stage -- /home/sgass/Projects/kepler/hdl/sim/network_packet_generator/network_packet_generator_tb.sv [9ms]
2025-01-10 13:38:45.797 [info] > git cat-file -s f3c2ebef18ba43cf99ec410db44daa6b157db3f8 [3ms]
2025-01-10 13:39:32.349 [info] > git show --textconv :python/kepler/tests/rtlsim/network_packet_generator/network_packet_generator_tb.py [143ms]
2025-01-10 13:39:32.349 [info] > git ls-files --stage -- /home/sgass/Projects/kepler/python/kepler/tests/rtlsim/network_packet_generator/network_packet_generator_tb.py [137ms]
2025-01-10 13:39:32.498 [info] > git cat-file -s cb5505262cccf15b8a09b99d7068918b8a8806cf [144ms]
2025-01-10 13:42:08.798 [info] > git show --textconv :hdl/sim/network_packet_generator/vitis_net_p4_network_packet_utils_parser_pkg.sv [13ms]
2025-01-10 13:42:08.806 [info] > git ls-files --stage -- /home/sgass/Projects/kepler/hdl/sim/network_packet_generator/vitis_net_p4_network_packet_utils_parser_pkg.sv [9ms]
2025-01-10 13:42:45.195 [info] > git show --textconv :python/kepler/tests/rtlsim/network_packet_generator/network_packet_generator_tb.py [7ms]
2025-01-10 13:42:45.198 [info] > git ls-files --stage -- /home/sgass/Projects/kepler/python/kepler/tests/rtlsim/network_packet_generator/network_packet_generator_tb.py [4ms]
2025-01-10 13:42:45.207 [info] > git cat-file -s cb5505262cccf15b8a09b99d7068918b8a8806cf [3ms]
2025-01-10 13:42:46.814 [info] > git show --textconv :hdl/sim/network_packet_generator/network_packet_generator_tb.sv [11ms]
2025-01-10 13:42:46.819 [info] > git ls-files --stage -- /home/sgass/Projects/kepler/hdl/sim/network_packet_generator/network_packet_generator_tb.sv [6ms]
2025-01-10 13:42:46.831 [info] > git cat-file -s f3c2ebef18ba43cf99ec410db44daa6b157db3f8 [4ms]
2025-01-10 13:42:58.265 [info] > git show --textconv :hdl/sim/network_packet_generator/vitis_net_p4_network_packet_utils_parser_pkg.sv [11ms]
2025-01-10 13:42:58.275 [info] > git ls-files --stage -- /home/sgass/Projects/kepler/hdl/sim/network_packet_generator/vitis_net_p4_network_packet_utils_parser_pkg.sv [11ms]
2025-01-10 13:43:04.039 [info] > git show --textconv :python/kepler/tests/rtlsim/network_packet_generator/network_packet_generator_tb.py [14ms]
2025-01-10 13:43:04.047 [info] > git ls-files --stage -- /home/sgass/Projects/kepler/python/kepler/tests/rtlsim/network_packet_generator/network_packet_generator_tb.py [9ms]
2025-01-10 13:43:04.057 [info] > git cat-file -s cb5505262cccf15b8a09b99d7068918b8a8806cf [3ms]
2025-01-10 13:43:13.823 [info] > git show --textconv :p4/network_packet_utils_parser.p4 [12ms]
2025-01-10 13:43:13.831 [info] > git ls-files --stage -- /home/sgass/Projects/kepler/p4/network_packet_utils_parser.p4 [9ms]
2025-01-10 13:43:15.020 [info] > git show --textconv :hdl/sim/network_packet_generator/vitis_net_p4_network_packet_utils_parser_pkg.sv [12ms]
2025-01-10 13:43:15.026 [info] > git ls-files --stage -- /home/sgass/Projects/kepler/hdl/sim/network_packet_generator/vitis_net_p4_network_packet_utils_parser_pkg.sv [5ms]
2025-01-10 13:43:32.907 [info] > git show --textconv :python/kepler/tests/rtlsim/network_packet_generator/network_packet_generator_tb.py [13ms]
2025-01-10 13:43:32.917 [info] > git ls-files --stage -- /home/sgass/Projects/kepler/python/kepler/tests/rtlsim/network_packet_generator/network_packet_generator_tb.py [11ms]
2025-01-10 13:43:32.932 [info] > git cat-file -s cb5505262cccf15b8a09b99d7068918b8a8806cf [2ms]
2025-01-10 13:44:02.726 [info] > git show --textconv :hdl/sim/network_packet_generator/network_packet_generator_tb.sv [14ms]
2025-01-10 13:44:02.733 [info] > git ls-files --stage -- /home/sgass/Projects/kepler/hdl/sim/network_packet_generator/network_packet_generator_tb.sv [7ms]
2025-01-10 13:44:02.744 [info] > git cat-file -s f3c2ebef18ba43cf99ec410db44daa6b157db3f8 [3ms]
2025-01-10 13:46:57.391 [info] > git show --textconv :python/kepler/tests/rtlsim/p4_router/p4_router_top_tb.py [14ms]
2025-01-10 13:46:57.400 [info] > git ls-files --stage -- /home/sgass/Projects/kepler/python/kepler/tests/rtlsim/p4_router/p4_router_top_tb.py [10ms]
2025-01-10 13:46:57.414 [info] > git cat-file -s ab0f2869d99794792bced8db4e8fed1320a1c90a [4ms]
2025-01-10 13:46:57.654 [info] > git check-ignore -v -z --stdin [9ms]
2025-01-10 13:47:11.063 [info] > git show --textconv :python/kepler/tests/rtlsim/network_packet_generator/network_packet_generator_tb.py [12ms]
2025-01-10 13:47:11.071 [info] > git ls-files --stage -- /home/sgass/Projects/kepler/python/kepler/tests/rtlsim/network_packet_generator/network_packet_generator_tb.py [9ms]
2025-01-10 13:47:11.085 [info] > git cat-file -s cb5505262cccf15b8a09b99d7068918b8a8806cf [4ms]
2025-01-10 13:47:16.048 [info] > git show --textconv :python/kepler/tests/rtlsim/p4_router/p4_router_top_tb.py [13ms]
2025-01-10 13:47:16.054 [info] > git ls-files --stage -- /home/sgass/Projects/kepler/python/kepler/tests/rtlsim/p4_router/p4_router_top_tb.py [7ms]
2025-01-10 13:47:16.065 [info] > git cat-file -s ab0f2869d99794792bced8db4e8fed1320a1c90a [4ms]
2025-01-10 13:47:17.504 [info] > git show --textconv :python/kepler/tests/rtlsim/network_packet_generator/network_packet_generator_tb.py [12ms]
2025-01-10 13:47:17.510 [info] > git ls-files --stage -- /home/sgass/Projects/kepler/python/kepler/tests/rtlsim/network_packet_generator/network_packet_generator_tb.py [7ms]
2025-01-10 13:47:17.521 [info] > git cat-file -s cb5505262cccf15b8a09b99d7068918b8a8806cf [4ms]
2025-01-10 13:49:48.325 [info] > git show --textconv :hdl/sim/network_packet_generator/network_packet_generator_tb.sv [10ms]
2025-01-10 13:49:48.332 [info] > git ls-files --stage -- /home/sgass/Projects/kepler/hdl/sim/network_packet_generator/network_packet_generator_tb.sv [7ms]
2025-01-10 13:49:48.345 [info] > git cat-file -s f3c2ebef18ba43cf99ec410db44daa6b157db3f8 [5ms]
2025-01-10 13:51:43.353 [info] > git show --textconv :hdl/sim/network_packet_generator/vitis_net_p4_network_packet_utils_parser_pkg.sv [12ms]
2025-01-10 13:51:43.359 [info] > git ls-files --stage -- /home/sgass/Projects/kepler/hdl/sim/network_packet_generator/vitis_net_p4_network_packet_utils_parser_pkg.sv [7ms]
2025-01-10 13:51:54.257 [info] > git show --textconv :p4/network_packet_utils_parser.p4 [11ms]
2025-01-10 13:51:54.266 [info] > git ls-files --stage -- /home/sgass/Projects/kepler/p4/network_packet_utils_parser.p4 [10ms]
2025-01-10 13:51:55.896 [info] > git show --textconv :hdl/sim/network_packet_generator/vitis_net_p4_network_packet_utils_parser_pkg.sv [10ms]
2025-01-10 13:51:55.903 [info] > git ls-files --stage -- /home/sgass/Projects/kepler/hdl/sim/network_packet_generator/vitis_net_p4_network_packet_utils_parser_pkg.sv [6ms]
2025-01-10 13:52:16.689 [info] > git show --textconv :hdl/sim/network_packet_generator/network_packet_generator_tb.sv [10ms]
2025-01-10 13:52:16.693 [info] > git ls-files --stage -- /home/sgass/Projects/kepler/hdl/sim/network_packet_generator/network_packet_generator_tb.sv [5ms]
2025-01-10 13:52:16.700 [info] > git cat-file -s f3c2ebef18ba43cf99ec410db44daa6b157db3f8 [1ms]
2025-01-10 14:04:58.659 [info] > git show --textconv :hdl/sim/network_packet_generator/vitis_net_p4_network_packet_utils_parser_pkg.sv [14ms]
2025-01-10 14:04:58.669 [info] > git ls-files --stage -- /home/sgass/Projects/kepler/hdl/sim/network_packet_generator/vitis_net_p4_network_packet_utils_parser_pkg.sv [11ms]
2025-01-10 14:05:02.928 [info] > git show --textconv :python/kepler/tests/rtlsim/network_packet_generator/network_packet_generator_tb.py [13ms]
2025-01-10 14:05:02.935 [info] > git ls-files --stage -- /home/sgass/Projects/kepler/python/kepler/tests/rtlsim/network_packet_generator/network_packet_generator_tb.py [10ms]
2025-01-10 14:05:02.949 [info] > git cat-file -s cb5505262cccf15b8a09b99d7068918b8a8806cf [3ms]
2025-01-10 14:05:04.415 [info] > git show --textconv :hdl/sim/network_packet_generator/network_packet_generator_tb.sv [11ms]
2025-01-10 14:05:04.422 [info] > git ls-files --stage -- /home/sgass/Projects/kepler/hdl/sim/network_packet_generator/network_packet_generator_tb.sv [8ms]
2025-01-10 14:05:04.433 [info] > git cat-file -s f3c2ebef18ba43cf99ec410db44daa6b157db3f8 [3ms]
2025-01-10 14:15:01.846 [info] > git show --textconv :hdl/sim/dac_ad5601/dac_ad5601_ctrl_mmi_tb.sv [61ms]
2025-01-10 14:15:01.906 [info] > git ls-files --stage -- /home/sgass/Projects/kepler/hdl/sim/dac_ad5601/dac_ad5601_ctrl_mmi_tb.sv [61ms]
2025-01-10 14:15:01.977 [info] > git cat-file -s 0ab961d7eaf6a8643aa908452dc891bf96b0179b [67ms]
2025-01-10 14:15:25.272 [info] > git show --textconv :hdl/sim/network_packet_generator/network_packet_generator_tb.sv [12ms]
2025-01-10 14:15:25.280 [info] > git ls-files --stage -- /home/sgass/Projects/kepler/hdl/sim/network_packet_generator/network_packet_generator_tb.sv [9ms]
2025-01-10 14:15:25.294 [info] > git cat-file -s f3c2ebef18ba43cf99ec410db44daa6b157db3f8 [4ms]
2025-01-10 14:15:31.822 [info] > git show --textconv :hdl/sim/axis/axis_test_driver.sv [10ms]
2025-01-10 14:15:31.828 [info] > git ls-files --stage -- /home/sgass/Projects/kepler/hdl/sim/axis/axis_test_driver.sv [7ms]
2025-01-10 14:15:31.839 [info] > git cat-file -s 92a05a149d905affa8e187e9c6fbdd0a89396222 [3ms]
2025-01-10 14:15:32.097 [info] > git check-ignore -v -z --stdin [11ms]
2025-01-10 14:15:39.762 [info] > git show --textconv :hdl/sim/network_packet_generator/network_packet_generator_tb.sv [12ms]
2025-01-10 14:15:39.770 [info] > git ls-files --stage -- /home/sgass/Projects/kepler/hdl/sim/network_packet_generator/network_packet_generator_tb.sv [10ms]
2025-01-10 14:15:39.784 [info] > git cat-file -s f3c2ebef18ba43cf99ec410db44daa6b157db3f8 [4ms]
2025-01-10 14:19:41.310 [info] > git show --textconv :hdl/sim/network_packet_generator/network_packet_generator_tb.waves.tcl [11ms]
2025-01-10 14:19:41.320 [info] > git ls-files --stage -- /home/sgass/Projects/kepler/hdl/sim/network_packet_generator/network_packet_generator_tb.waves.tcl [11ms]
2025-01-10 14:19:41.337 [info] > git cat-file -s c5044ec4f980fb9384a53c668f7658bfa2a1b831 [6ms]
2025-01-10 14:28:26.813 [info] > git show --textconv :p4/network_packet_utils_parser.p4 [17ms]
2025-01-10 14:28:26.819 [info] > git ls-files --stage -- /home/sgass/Projects/kepler/p4/network_packet_utils_parser.p4 [7ms]
2025-01-10 14:28:53.941 [info] > git show --textconv :hdl/sim/network_packet_generator/network_packet_generator_tb.waves.tcl [11ms]
2025-01-10 14:28:53.948 [info] > git ls-files --stage -- /home/sgass/Projects/kepler/hdl/sim/network_packet_generator/network_packet_generator_tb.waves.tcl [8ms]
2025-01-10 14:28:53.960 [info] > git cat-file -s c5044ec4f980fb9384a53c668f7658bfa2a1b831 [3ms]
2025-01-10 14:28:55.981 [info] > git show --textconv :python/kepler/tests/rtlsim/p4_router/p4_router_top_tb.py [9ms]
2025-01-10 14:28:55.987 [info] > git ls-files --stage -- /home/sgass/Projects/kepler/python/kepler/tests/rtlsim/p4_router/p4_router_top_tb.py [8ms]
2025-01-10 14:29:14.123 [info] > git show --textconv :hdl/sim/network_packet_generator/network_packet_generator_tb.waves.tcl [11ms]
2025-01-10 14:29:14.128 [info] > git ls-files --stage -- /home/sgass/Projects/kepler/hdl/sim/network_packet_generator/network_packet_generator_tb.waves.tcl [6ms]
2025-01-10 14:29:14.136 [info] > git cat-file -s c5044ec4f980fb9384a53c668f7658bfa2a1b831 [3ms]
2025-01-10 14:29:20.304 [info] > git show --textconv :hdl/sim/network_packet_generator/network_packet_generator_tb.sv [14ms]
2025-01-10 14:29:20.308 [info] > git ls-files --stage -- /home/sgass/Projects/kepler/hdl/sim/network_packet_generator/network_packet_generator_tb.sv [4ms]
2025-01-10 14:29:20.318 [info] > git cat-file -s f3c2ebef18ba43cf99ec410db44daa6b157db3f8 [3ms]
2025-01-10 14:30:05.599 [info] > git show --textconv :p4/network_packet_utils_parser.p4 [11ms]
2025-01-10 14:30:05.606 [info] > git ls-files --stage -- /home/sgass/Projects/kepler/p4/network_packet_utils_parser.p4 [8ms]
2025-01-10 14:31:05.711 [info] > git show --textconv :hdl/rtl/p4_router/p4_router_vnp4_frr_t1_ecp_wrapper.sv [5ms]
2025-01-10 14:31:05.715 [info] > git ls-files --stage -- /home/sgass/Projects/kepler/hdl/rtl/p4_router/p4_router_vnp4_frr_t1_ecp_wrapper.sv [4ms]
2025-01-10 14:31:05.726 [info] > git cat-file -s 859c981426cb1a5ae6f703cffbaaa85dd7e76bbf [4ms]
2025-01-10 14:31:06.007 [info] > git check-ignore -v -z --stdin [12ms]
2025-01-10 14:32:00.321 [info] > git show --textconv :p4/network_packet_utils_parser.p4 [6ms]
2025-01-10 14:32:00.326 [info] > git ls-files --stage -- /home/sgass/Projects/kepler/p4/network_packet_utils_parser.p4 [4ms]
2025-01-10 14:32:38.087 [info] > git show --textconv :hdl/sim/network_packet_generator/network_packet_generator_tb.waves.tcl [9ms]
2025-01-10 14:32:38.092 [info] > git ls-files --stage -- /home/sgass/Projects/kepler/hdl/sim/network_packet_generator/network_packet_generator_tb.waves.tcl [6ms]
2025-01-10 14:32:38.106 [info] > git cat-file -s c5044ec4f980fb9384a53c668f7658bfa2a1b831 [4ms]
2025-01-10 14:32:39.328 [info] > git show --textconv :hdl/sim/network_packet_generator/network_packet_generator_tb.sv [8ms]
2025-01-10 14:32:39.333 [info] > git ls-files --stage -- /home/sgass/Projects/kepler/hdl/sim/network_packet_generator/network_packet_generator_tb.sv [5ms]
2025-01-10 14:32:39.345 [info] > git cat-file -s f3c2ebef18ba43cf99ec410db44daa6b157db3f8 [3ms]
2025-01-10 14:39:01.597 [info] > git show --textconv :p4/network_packet_utils_parser.p4 [12ms]
2025-01-10 14:39:01.606 [info] > git ls-files --stage -- /home/sgass/Projects/kepler/p4/network_packet_utils_parser.p4 [10ms]
2025-01-10 14:40:46.507 [info] > git show --textconv :hdl/sim/network_packet_generator/network_packet_generator_tb.waves.tcl [11ms]
2025-01-10 14:40:46.514 [info] > git ls-files --stage -- /home/sgass/Projects/kepler/hdl/sim/network_packet_generator/network_packet_generator_tb.waves.tcl [7ms]
2025-01-10 14:40:46.528 [info] > git cat-file -s c5044ec4f980fb9384a53c668f7658bfa2a1b831 [3ms]
2025-01-10 14:40:47.410 [info] > git show --textconv :hdl/sim/network_packet_generator/network_packet_generator_tb.sv [14ms]
2025-01-10 14:40:47.420 [info] > git ls-files --stage -- /home/sgass/Projects/kepler/hdl/sim/network_packet_generator/network_packet_generator_tb.sv [13ms]
2025-01-10 14:40:47.445 [info] > git cat-file -s f3c2ebef18ba43cf99ec410db44daa6b157db3f8 [6ms]
2025-01-10 14:43:57.646 [info] > git show --textconv :p4/network_packet_utils_parser.p4 [10ms]
2025-01-10 14:43:57.654 [info] > git ls-files --stage -- /home/sgass/Projects/kepler/p4/network_packet_utils_parser.p4 [9ms]
2025-01-10 14:44:02.842 [info] > git show --textconv :hdl/sim/network_packet_generator/vitis_net_p4_network_packet_utils_parser_pkg.sv [10ms]
2025-01-10 14:44:02.848 [info] > git ls-files --stage -- /home/sgass/Projects/kepler/hdl/sim/network_packet_generator/vitis_net_p4_network_packet_utils_parser_pkg.sv [7ms]
2025-01-10 14:44:06.836 [info] > git show --textconv :hdl/sim/network_packet_generator/network_packet_generator_tb.waves.tcl [13ms]
2025-01-10 14:44:06.842 [info] > git ls-files --stage -- /home/sgass/Projects/kepler/hdl/sim/network_packet_generator/network_packet_generator_tb.waves.tcl [7ms]
2025-01-10 14:44:06.855 [info] > git cat-file -s c5044ec4f980fb9384a53c668f7658bfa2a1b831 [4ms]
2025-01-10 14:44:08.518 [info] > git show --textconv :hdl/sim/network_packet_generator/vitis_net_p4_network_packet_utils_parser_pkg.sv [13ms]
2025-01-10 14:44:08.527 [info] > git ls-files --stage -- /home/sgass/Projects/kepler/hdl/sim/network_packet_generator/vitis_net_p4_network_packet_utils_parser_pkg.sv [10ms]
2025-01-10 14:44:09.258 [info] > git show --textconv :hdl/sim/network_packet_generator/network_packet_generator_tb.sv [11ms]
2025-01-10 14:44:09.266 [info] > git ls-files --stage -- /home/sgass/Projects/kepler/hdl/sim/network_packet_generator/network_packet_generator_tb.sv [8ms]
2025-01-10 14:44:09.280 [info] > git cat-file -s f3c2ebef18ba43cf99ec410db44daa6b157db3f8 [4ms]
2025-01-10 15:06:06.514 [info] > git show --textconv :hdl/rtl/network_packet_generator/network_packet_generator.sv [10ms]
2025-01-10 15:06:06.518 [info] > git ls-files --stage -- /home/sgass/Projects/kepler/hdl/rtl/network_packet_generator/network_packet_generator.sv [6ms]
2025-01-10 15:06:06.526 [info] > git cat-file -s 8993af6c452ab567d1749bec9698eb9cd68ae427 [2ms]
2025-01-10 15:06:20.448 [info] > git show --textconv :hdl/sim/network_packet_generator/network_packet_generator_tb.sv [10ms]
2025-01-10 15:06:20.454 [info] > git ls-files --stage -- /home/sgass/Projects/kepler/hdl/sim/network_packet_generator/network_packet_generator_tb.sv [6ms]
2025-01-10 15:06:20.469 [info] > git cat-file -s f3c2ebef18ba43cf99ec410db44daa6b157db3f8 [4ms]
2025-01-10 15:12:18.326 [info] > git show --textconv :hdl/sim/network_packet_generator/vitis_net_p4_network_packet_utils_parser_pkg.sv [12ms]
2025-01-10 15:12:18.333 [info] > git ls-files --stage -- /home/sgass/Projects/kepler/hdl/sim/network_packet_generator/vitis_net_p4_network_packet_utils_parser_pkg.sv [8ms]
2025-01-10 15:12:28.122 [info] > git show --textconv :hdl/sim/network_packet_generator/network_packet_generator_tb.sv [10ms]
2025-01-10 15:12:28.127 [info] > git ls-files --stage -- /home/sgass/Projects/kepler/hdl/sim/network_packet_generator/network_packet_generator_tb.sv [5ms]
2025-01-10 15:12:28.139 [info] > git cat-file -s f3c2ebef18ba43cf99ec410db44daa6b157db3f8 [3ms]
2025-01-10 15:22:39.710 [info] > git show --textconv :hdl/sim/network_packet_generator/vitis_net_p4_network_packet_utils_parser_pkg.sv [8ms]
2025-01-10 15:22:39.714 [info] > git ls-files --stage -- /home/sgass/Projects/kepler/hdl/sim/network_packet_generator/vitis_net_p4_network_packet_utils_parser_pkg.sv [5ms]
2025-01-10 15:22:46.819 [info] > git show --textconv :python/kepler/tests/rtlsim/network_packet_generator/network_packet_generator_tb.py [12ms]
2025-01-10 15:22:46.824 [info] > git ls-files --stage -- /home/sgass/Projects/kepler/python/kepler/tests/rtlsim/network_packet_generator/network_packet_generator_tb.py [6ms]
2025-01-10 15:22:46.834 [info] > git cat-file -s cb5505262cccf15b8a09b99d7068918b8a8806cf [3ms]
2025-01-10 15:22:47.854 [info] > git show --textconv :hdl/sim/network_packet_generator/network_packet_generator_tb.sv [8ms]
2025-01-10 15:22:47.856 [info] > git ls-files --stage -- /home/sgass/Projects/kepler/hdl/sim/network_packet_generator/network_packet_generator_tb.sv [5ms]
2025-01-10 15:22:47.869 [info] > git cat-file -s f3c2ebef18ba43cf99ec410db44daa6b157db3f8 [3ms]
2025-01-10 15:26:35.686 [info] > git show --textconv :p4/network_packet_utils_parser.p4 [9ms]
2025-01-10 15:26:35.690 [info] > git ls-files --stage -- /home/sgass/Projects/kepler/p4/network_packet_utils_parser.p4 [4ms]
2025-01-10 15:36:37.321 [info] > git show --textconv :hdl/sim/network_packet_generator/network_packet_generator_tb.sv [10ms]
2025-01-10 15:36:37.327 [info] > git ls-files --stage -- /home/sgass/Projects/kepler/hdl/sim/network_packet_generator/network_packet_generator_tb.sv [7ms]
2025-01-10 15:36:37.336 [info] > git cat-file -s f3c2ebef18ba43cf99ec410db44daa6b157db3f8 [3ms]
2025-01-10 15:43:00.041 [info] > git show --textconv :hdl/rtl/network_packet_generator/network_packet_generator.sv [12ms]
2025-01-10 15:43:00.047 [info] > git ls-files --stage -- /home/sgass/Projects/kepler/hdl/rtl/network_packet_generator/network_packet_generator.sv [6ms]
2025-01-10 15:43:00.061 [info] > git cat-file -s 8993af6c452ab567d1749bec9698eb9cd68ae427 [4ms]
2025-01-10 15:59:09.420 [info] > git show --textconv :p4/network_packet_utils_parser.p4 [16ms]
2025-01-10 15:59:09.426 [info] > git ls-files --stage -- /home/sgass/Projects/kepler/p4/network_packet_utils_parser.p4 [7ms]
2025-01-10 16:06:18.713 [info] > git show --textconv :hdl/sim/network_packet_generator/network_packet_generator_tb.sv [13ms]
2025-01-10 16:06:18.721 [info] > git ls-files --stage -- /home/sgass/Projects/kepler/hdl/sim/network_packet_generator/network_packet_generator_tb.sv [9ms]
2025-01-10 16:06:18.734 [info] > git cat-file -s f3c2ebef18ba43cf99ec410db44daa6b157db3f8 [3ms]
2025-01-10 16:07:01.737 [info] > git show --textconv :p4/network_packet_utils_parser.p4 [14ms]
2025-01-10 16:07:01.745 [info] > git ls-files --stage -- /home/sgass/Projects/kepler/p4/network_packet_utils_parser.p4 [8ms]
2025-01-10 16:13:27.844 [info] > git show --textconv :hdl/sim/network_packet_generator/network_packet_generator_tb.sv [5ms]
2025-01-10 16:13:27.848 [info] > git ls-files --stage -- /home/sgass/Projects/kepler/hdl/sim/network_packet_generator/network_packet_generator_tb.sv [4ms]
2025-01-10 16:13:27.856 [info] > git cat-file -s f3c2ebef18ba43cf99ec410db44daa6b157db3f8 [2ms]
