2025-02-11 08:36:23.344 [info] Added views:workbench.panel.markers.view in workbench.panel.markers
2025-02-11 08:36:23.345 [info] Added views:workbench.panel.output in workbench.panel.output
2025-02-11 08:36:23.345 [info] Added views:terminal in terminal
2025-02-11 08:36:23.345 [info] Added views:outline in workbench.view.explorer
2025-02-11 08:36:23.345 [info] Added views:workbench.scm in workbench.view.scm
2025-02-11 08:36:23.345 [info] Added views:workbench.view.search in workbench.view.search
2025-02-11 08:36:23.345 [info] Added views:timeline in workbench.view.explorer
2025-02-11 08:36:23.345 [info] Added views:workbench.explorer.fileView in workbench.view.explorer
2025-02-11 08:36:23.635 [info] Added views:workbench.debug.welcome in workbench.view.debug
2025-02-11 08:36:24.428 [info] Added views:workbench.panel.repl.view in workbench.panel.repl
2025-02-11 08:36:25.553 [info] Added views:workbench.scm.history in workbench.view.scm
2025-02-11 08:36:25.744 [info] Added views:~remote.forwardedPorts in ~remote.forwardedPortsContainer
2025-02-11 09:27:27.800 [info] Removed views:workbench.scm.history from workbench.view.scm
2025-02-11 09:27:28.739 [info] Added views:workbench.panel.markers.view in workbench.panel.markers
2025-02-11 09:27:28.739 [info] Added views:workbench.panel.output in workbench.panel.output
2025-02-11 09:27:28.739 [info] Added views:terminal in terminal
2025-02-11 09:27:28.739 [info] Added views:outline in workbench.view.explorer
2025-02-11 09:27:28.739 [info] Added views:workbench.scm in workbench.view.scm
2025-02-11 09:27:28.739 [info] Added views:workbench.view.search in workbench.view.search
2025-02-11 09:27:28.739 [info] Added views:timeline in workbench.view.explorer
2025-02-11 09:27:28.739 [info] Added views:workbench.explorer.fileView in workbench.view.explorer
2025-02-11 09:27:28.897 [info] Added views:workbench.debug.welcome in workbench.view.debug
2025-02-11 09:27:29.745 [info] Added views:workbench.panel.repl.view in workbench.panel.repl
2025-02-11 09:27:30.917 [info] Added views:workbench.scm.history in workbench.view.scm
2025-02-11 09:27:31.146 [info] Added views:~remote.forwardedPorts in ~remote.forwardedPortsContainer
2025-02-11 09:29:32.649 [info] Added views:workbench.view.testing in workbench.view.extension.test
2025-02-11 18:41:27.794 [info] Removed views:workbench.scm.history from workbench.view.scm
2025-02-11 18:41:27.795 [info] Removed views:workbench.view.testing from workbench.view.extension.test
