2024-07-12 09:20:49.786 [info] Started local extension host with pid 1533109.
2024-07-12 09:21:08.597 [info] [perf] Render performance baseline is 26ms
2024-07-12 09:21:53.754 [error] n is not iterable: TypeError: n is not iterable
	at K_.provideHover (/home/sgass/.vscode/extensions/mshr-h.veriloghdl-1.14.1/dist/main.js:588:7681)
	at async I.provideHover (/usr/share/code/resources/app/out/vs/workbench/api/node/extensionHostProcess.js:153:101309)
2024-07-12 09:27:58.920 [error] n is not iterable: TypeError: n is not iterable
	at K_.provideHover (/home/sgass/.vscode/extensions/mshr-h.veriloghdl-1.14.1/dist/main.js:588:7681)
	at async I.provideHover (/usr/share/code/resources/app/out/vs/workbench/api/node/extensionHostProcess.js:153:101309)
2024-07-12 09:29:51.646 [error] n is not iterable: TypeError: n is not iterable
	at K_.provideHover (/home/sgass/.vscode/extensions/mshr-h.veriloghdl-1.14.1/dist/main.js:588:7681)
	at async I.provideHover (/usr/share/code/resources/app/out/vs/workbench/api/node/extensionHostProcess.js:153:101309)
2024-07-12 09:31:28.645 [error] n is not iterable: TypeError: n is not iterable
	at K_.provideHover (/home/sgass/.vscode/extensions/mshr-h.veriloghdl-1.14.1/dist/main.js:588:7681)
	at async I.provideHover (/usr/share/code/resources/app/out/vs/workbench/api/node/extensionHostProcess.js:153:101309)
2024-07-12 09:46:23.571 [error] n is not iterable: TypeError: n is not iterable
	at K_.provideHover (/home/sgass/.vscode/extensions/mshr-h.veriloghdl-1.14.1/dist/main.js:588:7681)
	at async I.provideHover (/usr/share/code/resources/app/out/vs/workbench/api/node/extensionHostProcess.js:153:101309)
2024-07-12 09:46:25.054 [error] n is not iterable: TypeError: n is not iterable
	at K_.provideHover (/home/sgass/.vscode/extensions/mshr-h.veriloghdl-1.14.1/dist/main.js:588:7681)
	at async I.provideHover (/usr/share/code/resources/app/out/vs/workbench/api/node/extensionHostProcess.js:153:101309)
2024-07-12 09:46:29.964 [error] n is not iterable: TypeError: n is not iterable
	at K_.provideHover (/home/sgass/.vscode/extensions/mshr-h.veriloghdl-1.14.1/dist/main.js:588:7681)
	at async I.provideHover (/usr/share/code/resources/app/out/vs/workbench/api/node/extensionHostProcess.js:153:101309)
2024-07-12 09:47:00.845 [error] n is not iterable: TypeError: n is not iterable
	at K_.provideHover (/home/sgass/.vscode/extensions/mshr-h.veriloghdl-1.14.1/dist/main.js:588:7681)
	at async I.provideHover (/usr/share/code/resources/app/out/vs/workbench/api/node/extensionHostProcess.js:153:101309)
2024-07-12 09:50:57.010 [error] n is not iterable: TypeError: n is not iterable
	at K_.provideHover (/home/sgass/.vscode/extensions/mshr-h.veriloghdl-1.14.1/dist/main.js:588:7681)
	at async I.provideHover (/usr/share/code/resources/app/out/vs/workbench/api/node/extensionHostProcess.js:153:101309)
2024-07-12 09:51:00.857 [error] n is not iterable: TypeError: n is not iterable
	at K_.provideHover (/home/sgass/.vscode/extensions/mshr-h.veriloghdl-1.14.1/dist/main.js:588:7681)
	at async I.provideHover (/usr/share/code/resources/app/out/vs/workbench/api/node/extensionHostProcess.js:153:101309)
2024-07-12 09:52:23.396 [error] n is not iterable: TypeError: n is not iterable
	at K_.provideHover (/home/sgass/.vscode/extensions/mshr-h.veriloghdl-1.14.1/dist/main.js:588:7681)
	at async I.provideHover (/usr/share/code/resources/app/out/vs/workbench/api/node/extensionHostProcess.js:153:101309)
2024-07-12 09:53:09.125 [error] n is not iterable: TypeError: n is not iterable
	at K_.provideHover (/home/sgass/.vscode/extensions/mshr-h.veriloghdl-1.14.1/dist/main.js:588:7681)
	at async I.provideHover (/usr/share/code/resources/app/out/vs/workbench/api/node/extensionHostProcess.js:153:101309)
2024-07-12 09:53:22.978 [error] n is not iterable: TypeError: n is not iterable
	at K_.provideHover (/home/sgass/.vscode/extensions/mshr-h.veriloghdl-1.14.1/dist/main.js:588:7681)
	at async I.provideHover (/usr/share/code/resources/app/out/vs/workbench/api/node/extensionHostProcess.js:153:101309)
2024-07-12 09:53:55.144 [error] n is not iterable: TypeError: n is not iterable
	at K_.provideHover (/home/sgass/.vscode/extensions/mshr-h.veriloghdl-1.14.1/dist/main.js:588:7681)
	at async I.provideHover (/usr/share/code/resources/app/out/vs/workbench/api/node/extensionHostProcess.js:153:101309)
2024-07-12 10:02:46.908 [error] n is not iterable: TypeError: n is not iterable
	at K_.provideHover (/home/sgass/.vscode/extensions/mshr-h.veriloghdl-1.14.1/dist/main.js:588:7681)
	at async I.provideHover (/usr/share/code/resources/app/out/vs/workbench/api/node/extensionHostProcess.js:153:101309)
2024-07-12 10:04:21.031 [error] n is not iterable: TypeError: n is not iterable
	at K_.provideHover (/home/sgass/.vscode/extensions/mshr-h.veriloghdl-1.14.1/dist/main.js:588:7681)
	at async I.provideHover (/usr/share/code/resources/app/out/vs/workbench/api/node/extensionHostProcess.js:153:101309)
2024-07-12 10:04:50.151 [error] n is not iterable: TypeError: n is not iterable
	at K_.provideHover (/home/sgass/.vscode/extensions/mshr-h.veriloghdl-1.14.1/dist/main.js:588:7681)
	at async I.provideHover (/usr/share/code/resources/app/out/vs/workbench/api/node/extensionHostProcess.js:153:101309)
2024-07-12 10:13:54.506 [error] n is not iterable: TypeError: n is not iterable
	at K_.provideHover (/home/sgass/.vscode/extensions/mshr-h.veriloghdl-1.14.1/dist/main.js:588:7681)
	at async I.provideHover (/usr/share/code/resources/app/out/vs/workbench/api/node/extensionHostProcess.js:153:101309)
2024-07-12 10:16:25.966 [error] n is not iterable: TypeError: n is not iterable
	at K_.provideHover (/home/sgass/.vscode/extensions/mshr-h.veriloghdl-1.14.1/dist/main.js:588:7681)
	at async I.provideHover (/usr/share/code/resources/app/out/vs/workbench/api/node/extensionHostProcess.js:153:101309)
2024-07-12 10:39:31.051 [error] n is not iterable: TypeError: n is not iterable
	at K_.provideHover (/home/sgass/.vscode/extensions/mshr-h.veriloghdl-1.14.1/dist/main.js:588:7681)
	at async I.provideHover (/usr/share/code/resources/app/out/vs/workbench/api/node/extensionHostProcess.js:153:101309)
2024-07-12 10:39:42.884 [error] n is not iterable: TypeError: n is not iterable
	at K_.provideHover (/home/sgass/.vscode/extensions/mshr-h.veriloghdl-1.14.1/dist/main.js:588:7681)
	at async I.provideHover (/usr/share/code/resources/app/out/vs/workbench/api/node/extensionHostProcess.js:153:101309)
2024-07-12 10:40:16.714 [error] n is not iterable: TypeError: n is not iterable
	at K_.provideHover (/home/sgass/.vscode/extensions/mshr-h.veriloghdl-1.14.1/dist/main.js:588:7681)
	at async I.provideHover (/usr/share/code/resources/app/out/vs/workbench/api/node/extensionHostProcess.js:153:101309)
2024-07-12 10:40:38.169 [error] n is not iterable: TypeError: n is not iterable
	at K_.provideHover (/home/sgass/.vscode/extensions/mshr-h.veriloghdl-1.14.1/dist/main.js:588:7681)
	at async I.provideHover (/usr/share/code/resources/app/out/vs/workbench/api/node/extensionHostProcess.js:153:101309)
2024-07-12 10:40:58.802 [error] n is not iterable: TypeError: n is not iterable
	at K_.provideHover (/home/sgass/.vscode/extensions/mshr-h.veriloghdl-1.14.1/dist/main.js:588:7681)
	at async I.provideHover (/usr/share/code/resources/app/out/vs/workbench/api/node/extensionHostProcess.js:153:101309)
2024-07-12 10:41:00.223 [error] n is not iterable: TypeError: n is not iterable
	at K_.provideHover (/home/sgass/.vscode/extensions/mshr-h.veriloghdl-1.14.1/dist/main.js:588:7681)
	at async I.provideHover (/usr/share/code/resources/app/out/vs/workbench/api/node/extensionHostProcess.js:153:101309)
2024-07-12 10:44:11.111 [error] n is not iterable: TypeError: n is not iterable
	at K_.provideHover (/home/sgass/.vscode/extensions/mshr-h.veriloghdl-1.14.1/dist/main.js:588:7681)
	at async I.provideHover (/usr/share/code/resources/app/out/vs/workbench/api/node/extensionHostProcess.js:153:101309)
2024-07-12 10:45:24.068 [error] n is not iterable: TypeError: n is not iterable
	at K_.provideHover (/home/sgass/.vscode/extensions/mshr-h.veriloghdl-1.14.1/dist/main.js:588:7681)
	at async I.provideHover (/usr/share/code/resources/app/out/vs/workbench/api/node/extensionHostProcess.js:153:101309)
2024-07-12 10:45:44.148 [error] n is not iterable: TypeError: n is not iterable
	at K_.provideHover (/home/sgass/.vscode/extensions/mshr-h.veriloghdl-1.14.1/dist/main.js:588:7681)
	at async I.provideHover (/usr/share/code/resources/app/out/vs/workbench/api/node/extensionHostProcess.js:153:101309)
2024-07-12 10:48:40.461 [error] n is not iterable: TypeError: n is not iterable
	at K_.provideHover (/home/sgass/.vscode/extensions/mshr-h.veriloghdl-1.14.1/dist/main.js:588:7681)
	at async I.provideHover (/usr/share/code/resources/app/out/vs/workbench/api/node/extensionHostProcess.js:153:101309)
2024-07-12 10:48:41.482 [error] n is not iterable: TypeError: n is not iterable
	at K_.provideHover (/home/sgass/.vscode/extensions/mshr-h.veriloghdl-1.14.1/dist/main.js:588:7681)
	at async I.provideHover (/usr/share/code/resources/app/out/vs/workbench/api/node/extensionHostProcess.js:153:101309)
2024-07-12 10:50:24.411 [error] n is not iterable: TypeError: n is not iterable
	at K_.provideHover (/home/sgass/.vscode/extensions/mshr-h.veriloghdl-1.14.1/dist/main.js:588:7681)
	at async I.provideHover (/usr/share/code/resources/app/out/vs/workbench/api/node/extensionHostProcess.js:153:101309)
2024-07-12 10:50:29.881 [error] n is not iterable: TypeError: n is not iterable
	at K_.provideHover (/home/sgass/.vscode/extensions/mshr-h.veriloghdl-1.14.1/dist/main.js:588:7681)
	at async I.provideHover (/usr/share/code/resources/app/out/vs/workbench/api/node/extensionHostProcess.js:153:101309)
2024-07-12 11:05:40.076 [error] n is not iterable: TypeError: n is not iterable
	at K_.provideHover (/home/sgass/.vscode/extensions/mshr-h.veriloghdl-1.14.1/dist/main.js:588:7681)
	at async I.provideHover (/usr/share/code/resources/app/out/vs/workbench/api/node/extensionHostProcess.js:153:101309)
2024-07-12 11:06:14.578 [error] n is not iterable: TypeError: n is not iterable
	at K_.provideHover (/home/sgass/.vscode/extensions/mshr-h.veriloghdl-1.14.1/dist/main.js:588:7681)
	at async I.provideHover (/usr/share/code/resources/app/out/vs/workbench/api/node/extensionHostProcess.js:153:101309)
2024-07-12 11:06:33.472 [error] n is not iterable: TypeError: n is not iterable
	at K_.provideHover (/home/sgass/.vscode/extensions/mshr-h.veriloghdl-1.14.1/dist/main.js:588:7681)
	at async I.provideHover (/usr/share/code/resources/app/out/vs/workbench/api/node/extensionHostProcess.js:153:101309)
2024-07-12 11:06:38.370 [error] n is not iterable: TypeError: n is not iterable
	at K_.provideHover (/home/sgass/.vscode/extensions/mshr-h.veriloghdl-1.14.1/dist/main.js:588:7681)
	at async I.provideHover (/usr/share/code/resources/app/out/vs/workbench/api/node/extensionHostProcess.js:153:101309)
2024-07-12 11:06:59.503 [error] n is not iterable: TypeError: n is not iterable
	at K_.provideHover (/home/sgass/.vscode/extensions/mshr-h.veriloghdl-1.14.1/dist/main.js:588:7681)
	at async I.provideHover (/usr/share/code/resources/app/out/vs/workbench/api/node/extensionHostProcess.js:153:101309)
2024-07-12 11:07:01.924 [error] n is not iterable: TypeError: n is not iterable
	at K_.provideHover (/home/sgass/.vscode/extensions/mshr-h.veriloghdl-1.14.1/dist/main.js:588:7681)
	at async I.provideHover (/usr/share/code/resources/app/out/vs/workbench/api/node/extensionHostProcess.js:153:101309)
2024-07-12 11:07:03.143 [error] n is not iterable: TypeError: n is not iterable
	at K_.provideHover (/home/sgass/.vscode/extensions/mshr-h.veriloghdl-1.14.1/dist/main.js:588:7681)
	at async I.provideHover (/usr/share/code/resources/app/out/vs/workbench/api/node/extensionHostProcess.js:153:101309)
2024-07-12 11:07:37.121 [error] n is not iterable: TypeError: n is not iterable
	at K_.provideHover (/home/sgass/.vscode/extensions/mshr-h.veriloghdl-1.14.1/dist/main.js:588:7681)
	at async I.provideHover (/usr/share/code/resources/app/out/vs/workbench/api/node/extensionHostProcess.js:153:101309)
2024-07-12 11:08:02.775 [error] n is not iterable: TypeError: n is not iterable
	at K_.provideHover (/home/sgass/.vscode/extensions/mshr-h.veriloghdl-1.14.1/dist/main.js:588:7681)
	at async I.provideHover (/usr/share/code/resources/app/out/vs/workbench/api/node/extensionHostProcess.js:153:101309)
2024-07-12 11:08:04.225 [error] n is not iterable: TypeError: n is not iterable
	at K_.provideHover (/home/sgass/.vscode/extensions/mshr-h.veriloghdl-1.14.1/dist/main.js:588:7681)
	at async I.provideHover (/usr/share/code/resources/app/out/vs/workbench/api/node/extensionHostProcess.js:153:101309)
2024-07-12 11:08:14.141 [error] n is not iterable: TypeError: n is not iterable
	at K_.provideHover (/home/sgass/.vscode/extensions/mshr-h.veriloghdl-1.14.1/dist/main.js:588:7681)
	at async I.provideHover (/usr/share/code/resources/app/out/vs/workbench/api/node/extensionHostProcess.js:153:101309)
2024-07-12 11:08:17.307 [error] n is not iterable: TypeError: n is not iterable
	at K_.provideHover (/home/sgass/.vscode/extensions/mshr-h.veriloghdl-1.14.1/dist/main.js:588:7681)
	at async I.provideHover (/usr/share/code/resources/app/out/vs/workbench/api/node/extensionHostProcess.js:153:101309)
2024-07-12 11:08:20.535 [error] n is not iterable: TypeError: n is not iterable
	at K_.provideHover (/home/sgass/.vscode/extensions/mshr-h.veriloghdl-1.14.1/dist/main.js:588:7681)
	at async I.provideHover (/usr/share/code/resources/app/out/vs/workbench/api/node/extensionHostProcess.js:153:101309)
2024-07-12 11:08:47.526 [error] n is not iterable: TypeError: n is not iterable
	at K_.provideHover (/home/sgass/.vscode/extensions/mshr-h.veriloghdl-1.14.1/dist/main.js:588:7681)
	at async I.provideHover (/usr/share/code/resources/app/out/vs/workbench/api/node/extensionHostProcess.js:153:101309)
2024-07-12 11:08:48.608 [error] n is not iterable: TypeError: n is not iterable
	at K_.provideHover (/home/sgass/.vscode/extensions/mshr-h.veriloghdl-1.14.1/dist/main.js:588:7681)
	at async I.provideHover (/usr/share/code/resources/app/out/vs/workbench/api/node/extensionHostProcess.js:153:101309)
2024-07-12 11:08:57.158 [error] n is not iterable: TypeError: n is not iterable
	at K_.provideHover (/home/sgass/.vscode/extensions/mshr-h.veriloghdl-1.14.1/dist/main.js:588:7681)
	at async I.provideHover (/usr/share/code/resources/app/out/vs/workbench/api/node/extensionHostProcess.js:153:101309)
2024-07-12 11:09:14.341 [error] n is not iterable: TypeError: n is not iterable
	at K_.provideHover (/home/sgass/.vscode/extensions/mshr-h.veriloghdl-1.14.1/dist/main.js:588:7681)
	at async I.provideHover (/usr/share/code/resources/app/out/vs/workbench/api/node/extensionHostProcess.js:153:101309)
2024-07-12 11:09:21.924 [error] n is not iterable: TypeError: n is not iterable
	at K_.provideHover (/home/sgass/.vscode/extensions/mshr-h.veriloghdl-1.14.1/dist/main.js:588:7681)
	at async I.provideHover (/usr/share/code/resources/app/out/vs/workbench/api/node/extensionHostProcess.js:153:101309)
2024-07-12 11:09:28.440 [error] n is not iterable: TypeError: n is not iterable
	at K_.provideHover (/home/sgass/.vscode/extensions/mshr-h.veriloghdl-1.14.1/dist/main.js:588:7681)
	at async I.provideHover (/usr/share/code/resources/app/out/vs/workbench/api/node/extensionHostProcess.js:153:101309)
2024-07-12 11:09:30.093 [error] n is not iterable: TypeError: n is not iterable
	at K_.provideHover (/home/sgass/.vscode/extensions/mshr-h.veriloghdl-1.14.1/dist/main.js:588:7681)
	at async I.provideHover (/usr/share/code/resources/app/out/vs/workbench/api/node/extensionHostProcess.js:153:101309)
2024-07-12 11:09:33.188 [error] n is not iterable: TypeError: n is not iterable
	at K_.provideHover (/home/sgass/.vscode/extensions/mshr-h.veriloghdl-1.14.1/dist/main.js:588:7681)
	at async I.provideHover (/usr/share/code/resources/app/out/vs/workbench/api/node/extensionHostProcess.js:153:101309)
2024-07-12 11:09:42.696 [error] n is not iterable: TypeError: n is not iterable
	at K_.provideHover (/home/sgass/.vscode/extensions/mshr-h.veriloghdl-1.14.1/dist/main.js:588:7681)
	at async I.provideHover (/usr/share/code/resources/app/out/vs/workbench/api/node/extensionHostProcess.js:153:101309)
2024-07-12 11:09:43.858 [error] n is not iterable: TypeError: n is not iterable
	at K_.provideHover (/home/sgass/.vscode/extensions/mshr-h.veriloghdl-1.14.1/dist/main.js:588:7681)
	at async I.provideHover (/usr/share/code/resources/app/out/vs/workbench/api/node/extensionHostProcess.js:153:101309)
2024-07-12 11:10:47.354 [error] n is not iterable: TypeError: n is not iterable
	at K_.provideHover (/home/sgass/.vscode/extensions/mshr-h.veriloghdl-1.14.1/dist/main.js:588:7681)
	at async I.provideHover (/usr/share/code/resources/app/out/vs/workbench/api/node/extensionHostProcess.js:153:101309)
2024-07-12 11:11:13.609 [error] n is not iterable: TypeError: n is not iterable
	at K_.provideHover (/home/sgass/.vscode/extensions/mshr-h.veriloghdl-1.14.1/dist/main.js:588:7681)
	at async I.provideHover (/usr/share/code/resources/app/out/vs/workbench/api/node/extensionHostProcess.js:153:101309)
2024-07-12 11:11:45.465 [error] n is not iterable: TypeError: n is not iterable
	at K_.provideHover (/home/sgass/.vscode/extensions/mshr-h.veriloghdl-1.14.1/dist/main.js:588:7681)
	at async I.provideHover (/usr/share/code/resources/app/out/vs/workbench/api/node/extensionHostProcess.js:153:101309)
2024-07-12 11:12:12.882 [error] n is not iterable: TypeError: n is not iterable
	at K_.provideHover (/home/sgass/.vscode/extensions/mshr-h.veriloghdl-1.14.1/dist/main.js:588:7681)
	at async I.provideHover (/usr/share/code/resources/app/out/vs/workbench/api/node/extensionHostProcess.js:153:101309)
2024-07-12 11:13:56.886 [error] n is not iterable: TypeError: n is not iterable
	at K_.provideHover (/home/sgass/.vscode/extensions/mshr-h.veriloghdl-1.14.1/dist/main.js:588:7681)
	at async I.provideHover (/usr/share/code/resources/app/out/vs/workbench/api/node/extensionHostProcess.js:153:101309)
2024-07-12 11:16:23.369 [error] n is not iterable: TypeError: n is not iterable
	at K_.provideHover (/home/sgass/.vscode/extensions/mshr-h.veriloghdl-1.14.1/dist/main.js:588:7681)
	at async I.provideHover (/usr/share/code/resources/app/out/vs/workbench/api/node/extensionHostProcess.js:153:101309)
2024-07-12 11:17:11.397 [error] n is not iterable: TypeError: n is not iterable
	at K_.provideHover (/home/sgass/.vscode/extensions/mshr-h.veriloghdl-1.14.1/dist/main.js:588:7681)
	at async I.provideHover (/usr/share/code/resources/app/out/vs/workbench/api/node/extensionHostProcess.js:153:101309)
2024-07-12 11:22:46.325 [error] n is not iterable: TypeError: n is not iterable
	at K_.provideHover (/home/sgass/.vscode/extensions/mshr-h.veriloghdl-1.14.1/dist/main.js:588:7681)
	at async I.provideHover (/usr/share/code/resources/app/out/vs/workbench/api/node/extensionHostProcess.js:153:101309)
2024-07-12 11:22:50.251 [error] n is not iterable: TypeError: n is not iterable
	at K_.provideHover (/home/sgass/.vscode/extensions/mshr-h.veriloghdl-1.14.1/dist/main.js:588:7681)
	at async I.provideHover (/usr/share/code/resources/app/out/vs/workbench/api/node/extensionHostProcess.js:153:101309)
2024-07-12 11:22:52.956 [error] n is not iterable: TypeError: n is not iterable
	at K_.provideHover (/home/sgass/.vscode/extensions/mshr-h.veriloghdl-1.14.1/dist/main.js:588:7681)
	at async I.provideHover (/usr/share/code/resources/app/out/vs/workbench/api/node/extensionHostProcess.js:153:101309)
2024-07-12 11:23:18.793 [error] n is not iterable: TypeError: n is not iterable
	at K_.provideHover (/home/sgass/.vscode/extensions/mshr-h.veriloghdl-1.14.1/dist/main.js:588:7681)
	at async I.provideHover (/usr/share/code/resources/app/out/vs/workbench/api/node/extensionHostProcess.js:153:101309)
2024-07-12 11:23:37.508 [error] n is not iterable: TypeError: n is not iterable
	at K_.provideHover (/home/sgass/.vscode/extensions/mshr-h.veriloghdl-1.14.1/dist/main.js:588:7681)
	at async I.provideHover (/usr/share/code/resources/app/out/vs/workbench/api/node/extensionHostProcess.js:153:101309)
2024-07-12 11:24:02.596 [error] n is not iterable: TypeError: n is not iterable
	at K_.provideHover (/home/sgass/.vscode/extensions/mshr-h.veriloghdl-1.14.1/dist/main.js:588:7681)
	at async I.provideHover (/usr/share/code/resources/app/out/vs/workbench/api/node/extensionHostProcess.js:153:101309)
2024-07-12 11:24:16.304 [error] n is not iterable: TypeError: n is not iterable
	at K_.provideHover (/home/sgass/.vscode/extensions/mshr-h.veriloghdl-1.14.1/dist/main.js:588:7681)
	at async I.provideHover (/usr/share/code/resources/app/out/vs/workbench/api/node/extensionHostProcess.js:153:101309)
2024-07-12 11:24:39.779 [error] n is not iterable: TypeError: n is not iterable
	at K_.provideHover (/home/sgass/.vscode/extensions/mshr-h.veriloghdl-1.14.1/dist/main.js:588:7681)
	at async I.provideHover (/usr/share/code/resources/app/out/vs/workbench/api/node/extensionHostProcess.js:153:101309)
2024-07-12 11:24:49.924 [error] n is not iterable: TypeError: n is not iterable
	at K_.provideHover (/home/sgass/.vscode/extensions/mshr-h.veriloghdl-1.14.1/dist/main.js:588:7681)
	at async I.provideHover (/usr/share/code/resources/app/out/vs/workbench/api/node/extensionHostProcess.js:153:101309)
2024-07-12 11:25:02.139 [error] n is not iterable: TypeError: n is not iterable
	at K_.provideHover (/home/sgass/.vscode/extensions/mshr-h.veriloghdl-1.14.1/dist/main.js:588:7681)
	at async I.provideHover (/usr/share/code/resources/app/out/vs/workbench/api/node/extensionHostProcess.js:153:101309)
2024-07-12 11:25:33.773 [error] n is not iterable: TypeError: n is not iterable
	at K_.provideHover (/home/sgass/.vscode/extensions/mshr-h.veriloghdl-1.14.1/dist/main.js:588:7681)
	at async I.provideHover (/usr/share/code/resources/app/out/vs/workbench/api/node/extensionHostProcess.js:153:101309)
2024-07-12 11:25:36.272 [error] n is not iterable: TypeError: n is not iterable
	at K_.provideHover (/home/sgass/.vscode/extensions/mshr-h.veriloghdl-1.14.1/dist/main.js:588:7681)
	at async I.provideHover (/usr/share/code/resources/app/out/vs/workbench/api/node/extensionHostProcess.js:153:101309)
2024-07-12 11:25:39.505 [error] n is not iterable: TypeError: n is not iterable
	at K_.provideHover (/home/sgass/.vscode/extensions/mshr-h.veriloghdl-1.14.1/dist/main.js:588:7681)
	at async I.provideHover (/usr/share/code/resources/app/out/vs/workbench/api/node/extensionHostProcess.js:153:101309)
2024-07-12 11:25:41.130 [error] n is not iterable: TypeError: n is not iterable
	at K_.provideHover (/home/sgass/.vscode/extensions/mshr-h.veriloghdl-1.14.1/dist/main.js:588:7681)
	at async I.provideHover (/usr/share/code/resources/app/out/vs/workbench/api/node/extensionHostProcess.js:153:101309)
2024-07-12 11:25:43.805 [error] n is not iterable: TypeError: n is not iterable
	at K_.provideHover (/home/sgass/.vscode/extensions/mshr-h.veriloghdl-1.14.1/dist/main.js:588:7681)
	at async I.provideHover (/usr/share/code/resources/app/out/vs/workbench/api/node/extensionHostProcess.js:153:101309)
2024-07-12 11:25:45.323 [error] n is not iterable: TypeError: n is not iterable
	at K_.provideHover (/home/sgass/.vscode/extensions/mshr-h.veriloghdl-1.14.1/dist/main.js:588:7681)
	at async I.provideHover (/usr/share/code/resources/app/out/vs/workbench/api/node/extensionHostProcess.js:153:101309)
2024-07-12 11:25:48.549 [error] n is not iterable: TypeError: n is not iterable
	at K_.provideHover (/home/sgass/.vscode/extensions/mshr-h.veriloghdl-1.14.1/dist/main.js:588:7681)
	at async I.provideHover (/usr/share/code/resources/app/out/vs/workbench/api/node/extensionHostProcess.js:153:101309)
2024-07-12 11:26:03.365 [error] n is not iterable: TypeError: n is not iterable
	at K_.provideHover (/home/sgass/.vscode/extensions/mshr-h.veriloghdl-1.14.1/dist/main.js:588:7681)
	at async I.provideHover (/usr/share/code/resources/app/out/vs/workbench/api/node/extensionHostProcess.js:153:101309)
2024-07-12 11:26:56.294 [error] n is not iterable: TypeError: n is not iterable
	at K_.provideHover (/home/sgass/.vscode/extensions/mshr-h.veriloghdl-1.14.1/dist/main.js:588:7681)
	at async I.provideHover (/usr/share/code/resources/app/out/vs/workbench/api/node/extensionHostProcess.js:153:101309)
2024-07-12 11:27:00.427 [error] n is not iterable: TypeError: n is not iterable
	at K_.provideHover (/home/sgass/.vscode/extensions/mshr-h.veriloghdl-1.14.1/dist/main.js:588:7681)
	at async I.provideHover (/usr/share/code/resources/app/out/vs/workbench/api/node/extensionHostProcess.js:153:101309)
2024-07-12 11:27:36.241 [error] n is not iterable: TypeError: n is not iterable
	at K_.provideHover (/home/sgass/.vscode/extensions/mshr-h.veriloghdl-1.14.1/dist/main.js:588:7681)
	at async I.provideHover (/usr/share/code/resources/app/out/vs/workbench/api/node/extensionHostProcess.js:153:101309)
2024-07-12 11:27:38.498 [error] n is not iterable: TypeError: n is not iterable
	at K_.provideHover (/home/sgass/.vscode/extensions/mshr-h.veriloghdl-1.14.1/dist/main.js:588:7681)
	at async I.provideHover (/usr/share/code/resources/app/out/vs/workbench/api/node/extensionHostProcess.js:153:101309)
2024-07-12 11:27:52.510 [error] n is not iterable: TypeError: n is not iterable
	at K_.provideHover (/home/sgass/.vscode/extensions/mshr-h.veriloghdl-1.14.1/dist/main.js:588:7681)
	at async I.provideHover (/usr/share/code/resources/app/out/vs/workbench/api/node/extensionHostProcess.js:153:101309)
2024-07-12 11:28:27.200 [error] n is not iterable: TypeError: n is not iterable
	at K_.provideHover (/home/sgass/.vscode/extensions/mshr-h.veriloghdl-1.14.1/dist/main.js:588:7681)
	at async I.provideHover (/usr/share/code/resources/app/out/vs/workbench/api/node/extensionHostProcess.js:153:101309)
2024-07-12 11:28:28.316 [error] n is not iterable: TypeError: n is not iterable
	at K_.provideHover (/home/sgass/.vscode/extensions/mshr-h.veriloghdl-1.14.1/dist/main.js:588:7681)
	at async I.provideHover (/usr/share/code/resources/app/out/vs/workbench/api/node/extensionHostProcess.js:153:101309)
2024-07-12 11:28:30.604 [error] n is not iterable: TypeError: n is not iterable
	at K_.provideHover (/home/sgass/.vscode/extensions/mshr-h.veriloghdl-1.14.1/dist/main.js:588:7681)
	at async I.provideHover (/usr/share/code/resources/app/out/vs/workbench/api/node/extensionHostProcess.js:153:101309)
2024-07-12 11:29:04.579 [error] n is not iterable: TypeError: n is not iterable
	at K_.provideHover (/home/sgass/.vscode/extensions/mshr-h.veriloghdl-1.14.1/dist/main.js:588:7681)
	at async I.provideHover (/usr/share/code/resources/app/out/vs/workbench/api/node/extensionHostProcess.js:153:101309)
2024-07-12 11:31:36.242 [error] n is not iterable: TypeError: n is not iterable
	at K_.provideHover (/home/sgass/.vscode/extensions/mshr-h.veriloghdl-1.14.1/dist/main.js:588:7681)
	at async I.provideHover (/usr/share/code/resources/app/out/vs/workbench/api/node/extensionHostProcess.js:153:101309)
2024-07-12 11:32:21.725 [error] n is not iterable: TypeError: n is not iterable
	at K_.provideHover (/home/sgass/.vscode/extensions/mshr-h.veriloghdl-1.14.1/dist/main.js:588:7681)
	at async I.provideHover (/usr/share/code/resources/app/out/vs/workbench/api/node/extensionHostProcess.js:153:101309)
2024-07-12 11:33:45.717 [error] n is not iterable: TypeError: n is not iterable
	at K_.provideHover (/home/sgass/.vscode/extensions/mshr-h.veriloghdl-1.14.1/dist/main.js:588:7681)
	at async I.provideHover (/usr/share/code/resources/app/out/vs/workbench/api/node/extensionHostProcess.js:153:101309)
2024-07-12 11:36:59.482 [error] n is not iterable: TypeError: n is not iterable
	at K_.provideHover (/home/sgass/.vscode/extensions/mshr-h.veriloghdl-1.14.1/dist/main.js:588:7681)
	at async I.provideHover (/usr/share/code/resources/app/out/vs/workbench/api/node/extensionHostProcess.js:153:101309)
2024-07-12 11:37:00.722 [error] n is not iterable: TypeError: n is not iterable
	at K_.provideHover (/home/sgass/.vscode/extensions/mshr-h.veriloghdl-1.14.1/dist/main.js:588:7681)
	at async I.provideHover (/usr/share/code/resources/app/out/vs/workbench/api/node/extensionHostProcess.js:153:101309)
2024-07-12 11:37:03.343 [error] n is not iterable: TypeError: n is not iterable
	at K_.provideHover (/home/sgass/.vscode/extensions/mshr-h.veriloghdl-1.14.1/dist/main.js:588:7681)
	at async I.provideHover (/usr/share/code/resources/app/out/vs/workbench/api/node/extensionHostProcess.js:153:101309)
2024-07-12 11:37:06.124 [error] n is not iterable: TypeError: n is not iterable
	at K_.provideHover (/home/sgass/.vscode/extensions/mshr-h.veriloghdl-1.14.1/dist/main.js:588:7681)
	at async I.provideHover (/usr/share/code/resources/app/out/vs/workbench/api/node/extensionHostProcess.js:153:101309)
2024-07-12 11:37:33.958 [error] n is not iterable: TypeError: n is not iterable
	at K_.provideHover (/home/sgass/.vscode/extensions/mshr-h.veriloghdl-1.14.1/dist/main.js:588:7681)
	at async I.provideHover (/usr/share/code/resources/app/out/vs/workbench/api/node/extensionHostProcess.js:153:101309)
2024-07-12 11:37:47.491 [error] n is not iterable: TypeError: n is not iterable
	at K_.provideHover (/home/sgass/.vscode/extensions/mshr-h.veriloghdl-1.14.1/dist/main.js:588:7681)
	at async I.provideHover (/usr/share/code/resources/app/out/vs/workbench/api/node/extensionHostProcess.js:153:101309)
2024-07-12 11:37:53.322 [error] n is not iterable: TypeError: n is not iterable
	at K_.provideHover (/home/sgass/.vscode/extensions/mshr-h.veriloghdl-1.14.1/dist/main.js:588:7681)
	at async I.provideHover (/usr/share/code/resources/app/out/vs/workbench/api/node/extensionHostProcess.js:153:101309)
2024-07-12 11:38:00.572 [error] n is not iterable: TypeError: n is not iterable
	at K_.provideHover (/home/sgass/.vscode/extensions/mshr-h.veriloghdl-1.14.1/dist/main.js:588:7681)
	at async I.provideHover (/usr/share/code/resources/app/out/vs/workbench/api/node/extensionHostProcess.js:153:101309)
2024-07-12 11:38:11.932 [error] n is not iterable: TypeError: n is not iterable
	at K_.provideHover (/home/sgass/.vscode/extensions/mshr-h.veriloghdl-1.14.1/dist/main.js:588:7681)
	at async I.provideHover (/usr/share/code/resources/app/out/vs/workbench/api/node/extensionHostProcess.js:153:101309)
2024-07-12 11:38:20.205 [error] n is not iterable: TypeError: n is not iterable
	at K_.provideHover (/home/sgass/.vscode/extensions/mshr-h.veriloghdl-1.14.1/dist/main.js:588:7681)
	at async I.provideHover (/usr/share/code/resources/app/out/vs/workbench/api/node/extensionHostProcess.js:153:101309)
2024-07-12 11:38:27.737 [error] n is not iterable: TypeError: n is not iterable
	at K_.provideHover (/home/sgass/.vscode/extensions/mshr-h.veriloghdl-1.14.1/dist/main.js:588:7681)
	at async I.provideHover (/usr/share/code/resources/app/out/vs/workbench/api/node/extensionHostProcess.js:153:101309)
2024-07-12 11:40:05.610 [error] n is not iterable: TypeError: n is not iterable
	at K_.provideHover (/home/sgass/.vscode/extensions/mshr-h.veriloghdl-1.14.1/dist/main.js:588:7681)
	at async I.provideHover (/usr/share/code/resources/app/out/vs/workbench/api/node/extensionHostProcess.js:153:101309)
2024-07-12 11:40:12.971 [error] n is not iterable: TypeError: n is not iterable
	at K_.provideHover (/home/sgass/.vscode/extensions/mshr-h.veriloghdl-1.14.1/dist/main.js:588:7681)
	at async I.provideHover (/usr/share/code/resources/app/out/vs/workbench/api/node/extensionHostProcess.js:153:101309)
2024-07-12 11:40:21.002 [error] n is not iterable: TypeError: n is not iterable
	at K_.provideHover (/home/sgass/.vscode/extensions/mshr-h.veriloghdl-1.14.1/dist/main.js:588:7681)
	at async I.provideHover (/usr/share/code/resources/app/out/vs/workbench/api/node/extensionHostProcess.js:153:101309)
2024-07-12 11:41:11.200 [error] n is not iterable: TypeError: n is not iterable
	at K_.provideHover (/home/sgass/.vscode/extensions/mshr-h.veriloghdl-1.14.1/dist/main.js:588:7681)
	at async I.provideHover (/usr/share/code/resources/app/out/vs/workbench/api/node/extensionHostProcess.js:153:101309)
2024-07-12 11:41:25.667 [error] n is not iterable: TypeError: n is not iterable
	at K_.provideHover (/home/sgass/.vscode/extensions/mshr-h.veriloghdl-1.14.1/dist/main.js:588:7681)
	at async I.provideHover (/usr/share/code/resources/app/out/vs/workbench/api/node/extensionHostProcess.js:153:101309)
2024-07-12 11:44:20.826 [error] n is not iterable: TypeError: n is not iterable
	at K_.provideHover (/home/sgass/.vscode/extensions/mshr-h.veriloghdl-1.14.1/dist/main.js:588:7681)
	at async I.provideHover (/usr/share/code/resources/app/out/vs/workbench/api/node/extensionHostProcess.js:153:101309)
2024-07-12 11:45:43.508 [error] n is not iterable: TypeError: n is not iterable
	at K_.provideHover (/home/sgass/.vscode/extensions/mshr-h.veriloghdl-1.14.1/dist/main.js:588:7681)
	at async I.provideHover (/usr/share/code/resources/app/out/vs/workbench/api/node/extensionHostProcess.js:153:101309)
2024-07-12 11:46:32.888 [error] n is not iterable: TypeError: n is not iterable
	at K_.provideHover (/home/sgass/.vscode/extensions/mshr-h.veriloghdl-1.14.1/dist/main.js:588:7681)
	at async I.provideHover (/usr/share/code/resources/app/out/vs/workbench/api/node/extensionHostProcess.js:153:101309)
2024-07-12 11:47:57.022 [error] n is not iterable: TypeError: n is not iterable
	at K_.provideHover (/home/sgass/.vscode/extensions/mshr-h.veriloghdl-1.14.1/dist/main.js:588:7681)
	at async I.provideHover (/usr/share/code/resources/app/out/vs/workbench/api/node/extensionHostProcess.js:153:101309)
2024-07-12 11:51:24.931 [error] n is not iterable: TypeError: n is not iterable
	at K_.provideHover (/home/sgass/.vscode/extensions/mshr-h.veriloghdl-1.14.1/dist/main.js:588:7681)
	at async I.provideHover (/usr/share/code/resources/app/out/vs/workbench/api/node/extensionHostProcess.js:153:101309)
2024-07-12 11:51:36.915 [error] n is not iterable: TypeError: n is not iterable
	at K_.provideHover (/home/sgass/.vscode/extensions/mshr-h.veriloghdl-1.14.1/dist/main.js:588:7681)
	at async I.provideHover (/usr/share/code/resources/app/out/vs/workbench/api/node/extensionHostProcess.js:153:101309)
2024-07-12 11:52:03.764 [error] n is not iterable: TypeError: n is not iterable
	at K_.provideHover (/home/sgass/.vscode/extensions/mshr-h.veriloghdl-1.14.1/dist/main.js:588:7681)
	at async I.provideHover (/usr/share/code/resources/app/out/vs/workbench/api/node/extensionHostProcess.js:153:101309)
2024-07-12 11:52:37.529 [error] n is not iterable: TypeError: n is not iterable
	at K_.provideHover (/home/sgass/.vscode/extensions/mshr-h.veriloghdl-1.14.1/dist/main.js:588:7681)
	at async I.provideHover (/usr/share/code/resources/app/out/vs/workbench/api/node/extensionHostProcess.js:153:101309)
2024-07-12 11:52:43.643 [error] n is not iterable: TypeError: n is not iterable
	at K_.provideHover (/home/sgass/.vscode/extensions/mshr-h.veriloghdl-1.14.1/dist/main.js:588:7681)
	at async I.provideHover (/usr/share/code/resources/app/out/vs/workbench/api/node/extensionHostProcess.js:153:101309)
2024-07-12 11:55:11.105 [error] n is not iterable: TypeError: n is not iterable
	at K_.provideHover (/home/sgass/.vscode/extensions/mshr-h.veriloghdl-1.14.1/dist/main.js:588:7681)
	at async I.provideHover (/usr/share/code/resources/app/out/vs/workbench/api/node/extensionHostProcess.js:153:101309)
2024-07-12 11:55:29.233 [error] n is not iterable: TypeError: n is not iterable
	at K_.provideHover (/home/sgass/.vscode/extensions/mshr-h.veriloghdl-1.14.1/dist/main.js:588:7681)
	at async I.provideHover (/usr/share/code/resources/app/out/vs/workbench/api/node/extensionHostProcess.js:153:101309)
2024-07-12 11:55:35.857 [error] n is not iterable: TypeError: n is not iterable
	at K_.provideHover (/home/sgass/.vscode/extensions/mshr-h.veriloghdl-1.14.1/dist/main.js:588:7681)
	at async I.provideHover (/usr/share/code/resources/app/out/vs/workbench/api/node/extensionHostProcess.js:153:101309)
2024-07-12 11:56:01.625 [error] n is not iterable: TypeError: n is not iterable
	at K_.provideHover (/home/sgass/.vscode/extensions/mshr-h.veriloghdl-1.14.1/dist/main.js:588:7681)
	at async I.provideHover (/usr/share/code/resources/app/out/vs/workbench/api/node/extensionHostProcess.js:153:101309)
2024-07-12 11:56:39.674 [error] n is not iterable: TypeError: n is not iterable
	at K_.provideHover (/home/sgass/.vscode/extensions/mshr-h.veriloghdl-1.14.1/dist/main.js:588:7681)
	at async I.provideHover (/usr/share/code/resources/app/out/vs/workbench/api/node/extensionHostProcess.js:153:101309)
2024-07-12 11:56:41.239 [error] n is not iterable: TypeError: n is not iterable
	at K_.provideHover (/home/sgass/.vscode/extensions/mshr-h.veriloghdl-1.14.1/dist/main.js:588:7681)
	at async I.provideHover (/usr/share/code/resources/app/out/vs/workbench/api/node/extensionHostProcess.js:153:101309)
2024-07-12 11:59:41.583 [error] n is not iterable: TypeError: n is not iterable
	at K_.provideHover (/home/sgass/.vscode/extensions/mshr-h.veriloghdl-1.14.1/dist/main.js:588:7681)
	at async I.provideHover (/usr/share/code/resources/app/out/vs/workbench/api/node/extensionHostProcess.js:153:101309)
2024-07-12 11:59:49.690 [error] n is not iterable: TypeError: n is not iterable
	at K_.provideHover (/home/sgass/.vscode/extensions/mshr-h.veriloghdl-1.14.1/dist/main.js:588:7681)
	at async I.provideHover (/usr/share/code/resources/app/out/vs/workbench/api/node/extensionHostProcess.js:153:101309)
2024-07-12 12:00:07.902 [error] n is not iterable: TypeError: n is not iterable
	at K_.provideHover (/home/sgass/.vscode/extensions/mshr-h.veriloghdl-1.14.1/dist/main.js:588:7681)
	at async I.provideHover (/usr/share/code/resources/app/out/vs/workbench/api/node/extensionHostProcess.js:153:101309)
2024-07-12 12:00:18.743 [error] n is not iterable: TypeError: n is not iterable
	at K_.provideHover (/home/sgass/.vscode/extensions/mshr-h.veriloghdl-1.14.1/dist/main.js:588:7681)
	at async I.provideHover (/usr/share/code/resources/app/out/vs/workbench/api/node/extensionHostProcess.js:153:101309)
2024-07-12 12:00:51.762 [error] n is not iterable: TypeError: n is not iterable
	at K_.provideHover (/home/sgass/.vscode/extensions/mshr-h.veriloghdl-1.14.1/dist/main.js:588:7681)
	at async I.provideHover (/usr/share/code/resources/app/out/vs/workbench/api/node/extensionHostProcess.js:153:101309)
2024-07-12 12:00:52.960 [error] n is not iterable: TypeError: n is not iterable
	at K_.provideHover (/home/sgass/.vscode/extensions/mshr-h.veriloghdl-1.14.1/dist/main.js:588:7681)
	at async I.provideHover (/usr/share/code/resources/app/out/vs/workbench/api/node/extensionHostProcess.js:153:101309)
2024-07-12 12:00:54.896 [error] n is not iterable: TypeError: n is not iterable
	at K_.provideHover (/home/sgass/.vscode/extensions/mshr-h.veriloghdl-1.14.1/dist/main.js:588:7681)
	at async I.provideHover (/usr/share/code/resources/app/out/vs/workbench/api/node/extensionHostProcess.js:153:101309)
2024-07-12 12:06:33.150 [error] n is not iterable: TypeError: n is not iterable
	at K_.provideHover (/home/sgass/.vscode/extensions/mshr-h.veriloghdl-1.14.1/dist/main.js:588:7681)
	at async I.provideHover (/usr/share/code/resources/app/out/vs/workbench/api/node/extensionHostProcess.js:153:101309)
2024-07-12 12:06:48.259 [error] n is not iterable: TypeError: n is not iterable
	at K_.provideHover (/home/sgass/.vscode/extensions/mshr-h.veriloghdl-1.14.1/dist/main.js:588:7681)
	at async I.provideHover (/usr/share/code/resources/app/out/vs/workbench/api/node/extensionHostProcess.js:153:101309)
2024-07-12 12:07:24.734 [error] n is not iterable: TypeError: n is not iterable
	at K_.provideHover (/home/sgass/.vscode/extensions/mshr-h.veriloghdl-1.14.1/dist/main.js:588:7681)
	at async I.provideHover (/usr/share/code/resources/app/out/vs/workbench/api/node/extensionHostProcess.js:153:101309)
2024-07-12 12:07:28.220 [error] n is not iterable: TypeError: n is not iterable
	at K_.provideHover (/home/sgass/.vscode/extensions/mshr-h.veriloghdl-1.14.1/dist/main.js:588:7681)
	at async I.provideHover (/usr/share/code/resources/app/out/vs/workbench/api/node/extensionHostProcess.js:153:101309)
2024-07-12 12:07:43.905 [error] n is not iterable: TypeError: n is not iterable
	at K_.provideHover (/home/sgass/.vscode/extensions/mshr-h.veriloghdl-1.14.1/dist/main.js:588:7681)
	at async I.provideHover (/usr/share/code/resources/app/out/vs/workbench/api/node/extensionHostProcess.js:153:101309)
2024-07-12 12:08:02.972 [error] n is not iterable: TypeError: n is not iterable
	at K_.provideHover (/home/sgass/.vscode/extensions/mshr-h.veriloghdl-1.14.1/dist/main.js:588:7681)
	at async I.provideHover (/usr/share/code/resources/app/out/vs/workbench/api/node/extensionHostProcess.js:153:101309)
2024-07-12 12:08:10.772 [error] n is not iterable: TypeError: n is not iterable
	at K_.provideHover (/home/sgass/.vscode/extensions/mshr-h.veriloghdl-1.14.1/dist/main.js:588:7681)
	at async I.provideHover (/usr/share/code/resources/app/out/vs/workbench/api/node/extensionHostProcess.js:153:101309)
2024-07-12 12:10:29.471 [error] n is not iterable: TypeError: n is not iterable
	at K_.provideHover (/home/sgass/.vscode/extensions/mshr-h.veriloghdl-1.14.1/dist/main.js:588:7681)
	at async I.provideHover (/usr/share/code/resources/app/out/vs/workbench/api/node/extensionHostProcess.js:153:101309)
2024-07-12 12:11:14.206 [error] n is not iterable: TypeError: n is not iterable
	at K_.provideHover (/home/sgass/.vscode/extensions/mshr-h.veriloghdl-1.14.1/dist/main.js:588:7681)
	at async I.provideHover (/usr/share/code/resources/app/out/vs/workbench/api/node/extensionHostProcess.js:153:101309)
2024-07-12 12:13:16.053 [error] n is not iterable: TypeError: n is not iterable
	at K_.provideHover (/home/sgass/.vscode/extensions/mshr-h.veriloghdl-1.14.1/dist/main.js:588:7681)
	at async I.provideHover (/usr/share/code/resources/app/out/vs/workbench/api/node/extensionHostProcess.js:153:101309)
2024-07-12 12:14:57.211 [error] n is not iterable: TypeError: n is not iterable
	at K_.provideHover (/home/sgass/.vscode/extensions/mshr-h.veriloghdl-1.14.1/dist/main.js:588:7681)
	at async I.provideHover (/usr/share/code/resources/app/out/vs/workbench/api/node/extensionHostProcess.js:153:101309)
2024-07-12 12:40:39.247 [error] n is not iterable: TypeError: n is not iterable
	at K_.provideHover (/home/sgass/.vscode/extensions/mshr-h.veriloghdl-1.14.1/dist/main.js:588:7681)
	at async I.provideHover (/usr/share/code/resources/app/out/vs/workbench/api/node/extensionHostProcess.js:153:101309)
2024-07-12 12:46:05.423 [error] n is not iterable: TypeError: n is not iterable
	at K_.provideHover (/home/sgass/.vscode/extensions/mshr-h.veriloghdl-1.14.1/dist/main.js:588:7681)
	at async I.provideHover (/usr/share/code/resources/app/out/vs/workbench/api/node/extensionHostProcess.js:153:101309)
2024-07-12 12:48:59.221 [error] n is not iterable: TypeError: n is not iterable
	at K_.provideHover (/home/sgass/.vscode/extensions/mshr-h.veriloghdl-1.14.1/dist/main.js:588:7681)
	at async I.provideHover (/usr/share/code/resources/app/out/vs/workbench/api/node/extensionHostProcess.js:153:101309)
2024-07-12 12:49:19.269 [error] n is not iterable: TypeError: n is not iterable
	at K_.provideHover (/home/sgass/.vscode/extensions/mshr-h.veriloghdl-1.14.1/dist/main.js:588:7681)
	at async I.provideHover (/usr/share/code/resources/app/out/vs/workbench/api/node/extensionHostProcess.js:153:101309)
2024-07-12 12:49:21.434 [error] n is not iterable: TypeError: n is not iterable
	at K_.provideHover (/home/sgass/.vscode/extensions/mshr-h.veriloghdl-1.14.1/dist/main.js:588:7681)
	at async I.provideHover (/usr/share/code/resources/app/out/vs/workbench/api/node/extensionHostProcess.js:153:101309)
2024-07-12 12:52:57.754 [error] n is not iterable: TypeError: n is not iterable
	at K_.provideHover (/home/sgass/.vscode/extensions/mshr-h.veriloghdl-1.14.1/dist/main.js:588:7681)
	at async I.provideHover (/usr/share/code/resources/app/out/vs/workbench/api/node/extensionHostProcess.js:153:101309)
2024-07-12 12:54:14.474 [error] n is not iterable: TypeError: n is not iterable
	at K_.provideHover (/home/sgass/.vscode/extensions/mshr-h.veriloghdl-1.14.1/dist/main.js:588:7681)
	at async I.provideHover (/usr/share/code/resources/app/out/vs/workbench/api/node/extensionHostProcess.js:153:101309)
2024-07-12 12:54:57.216 [error] n is not iterable: TypeError: n is not iterable
	at K_.provideHover (/home/sgass/.vscode/extensions/mshr-h.veriloghdl-1.14.1/dist/main.js:588:7681)
	at async I.provideHover (/usr/share/code/resources/app/out/vs/workbench/api/node/extensionHostProcess.js:153:101309)
2024-07-12 12:57:24.408 [error] n is not iterable: TypeError: n is not iterable
	at K_.provideHover (/home/sgass/.vscode/extensions/mshr-h.veriloghdl-1.14.1/dist/main.js:588:7681)
	at async I.provideHover (/usr/share/code/resources/app/out/vs/workbench/api/node/extensionHostProcess.js:153:101309)
2024-07-12 12:57:27.551 [error] n is not iterable: TypeError: n is not iterable
	at K_.provideHover (/home/sgass/.vscode/extensions/mshr-h.veriloghdl-1.14.1/dist/main.js:588:7681)
	at async I.provideHover (/usr/share/code/resources/app/out/vs/workbench/api/node/extensionHostProcess.js:153:101309)
2024-07-12 12:57:28.680 [error] n is not iterable: TypeError: n is not iterable
	at K_.provideHover (/home/sgass/.vscode/extensions/mshr-h.veriloghdl-1.14.1/dist/main.js:588:7681)
	at async I.provideHover (/usr/share/code/resources/app/out/vs/workbench/api/node/extensionHostProcess.js:153:101309)
2024-07-12 12:57:29.695 [error] n is not iterable: TypeError: n is not iterable
	at K_.provideHover (/home/sgass/.vscode/extensions/mshr-h.veriloghdl-1.14.1/dist/main.js:588:7681)
	at async I.provideHover (/usr/share/code/resources/app/out/vs/workbench/api/node/extensionHostProcess.js:153:101309)
2024-07-12 12:57:32.112 [error] n is not iterable: TypeError: n is not iterable
	at K_.provideHover (/home/sgass/.vscode/extensions/mshr-h.veriloghdl-1.14.1/dist/main.js:588:7681)
	at async I.provideHover (/usr/share/code/resources/app/out/vs/workbench/api/node/extensionHostProcess.js:153:101309)
2024-07-12 12:57:34.816 [error] n is not iterable: TypeError: n is not iterable
	at K_.provideHover (/home/sgass/.vscode/extensions/mshr-h.veriloghdl-1.14.1/dist/main.js:588:7681)
	at async I.provideHover (/usr/share/code/resources/app/out/vs/workbench/api/node/extensionHostProcess.js:153:101309)
2024-07-12 12:57:51.211 [error] n is not iterable: TypeError: n is not iterable
	at K_.provideHover (/home/sgass/.vscode/extensions/mshr-h.veriloghdl-1.14.1/dist/main.js:588:7681)
	at async I.provideHover (/usr/share/code/resources/app/out/vs/workbench/api/node/extensionHostProcess.js:153:101309)
2024-07-12 13:01:14.993 [error] n is not iterable: TypeError: n is not iterable
	at K_.provideHover (/home/sgass/.vscode/extensions/mshr-h.veriloghdl-1.14.1/dist/main.js:588:7681)
	at async I.provideHover (/usr/share/code/resources/app/out/vs/workbench/api/node/extensionHostProcess.js:153:101309)
2024-07-12 13:03:06.078 [error] n is not iterable: TypeError: n is not iterable
	at K_.provideHover (/home/sgass/.vscode/extensions/mshr-h.veriloghdl-1.14.1/dist/main.js:588:7681)
	at async I.provideHover (/usr/share/code/resources/app/out/vs/workbench/api/node/extensionHostProcess.js:153:101309)
2024-07-12 13:03:42.177 [error] n is not iterable: TypeError: n is not iterable
	at K_.provideHover (/home/sgass/.vscode/extensions/mshr-h.veriloghdl-1.14.1/dist/main.js:588:7681)
	at async I.provideHover (/usr/share/code/resources/app/out/vs/workbench/api/node/extensionHostProcess.js:153:101309)
2024-07-12 13:03:53.363 [error] n is not iterable: TypeError: n is not iterable
	at K_.provideHover (/home/sgass/.vscode/extensions/mshr-h.veriloghdl-1.14.1/dist/main.js:588:7681)
	at async I.provideHover (/usr/share/code/resources/app/out/vs/workbench/api/node/extensionHostProcess.js:153:101309)
2024-07-12 13:10:03.828 [error] n is not iterable: TypeError: n is not iterable
	at K_.provideHover (/home/sgass/.vscode/extensions/mshr-h.veriloghdl-1.14.1/dist/main.js:588:7681)
	at async I.provideHover (/usr/share/code/resources/app/out/vs/workbench/api/node/extensionHostProcess.js:153:101309)
2024-07-12 13:12:02.624 [error] n is not iterable: TypeError: n is not iterable
	at K_.provideHover (/home/sgass/.vscode/extensions/mshr-h.veriloghdl-1.14.1/dist/main.js:588:7681)
	at async I.provideHover (/usr/share/code/resources/app/out/vs/workbench/api/node/extensionHostProcess.js:153:101309)
2024-07-12 13:12:15.368 [error] n is not iterable: TypeError: n is not iterable
	at K_.provideHover (/home/sgass/.vscode/extensions/mshr-h.veriloghdl-1.14.1/dist/main.js:588:7681)
	at async I.provideHover (/usr/share/code/resources/app/out/vs/workbench/api/node/extensionHostProcess.js:153:101309)
2024-07-12 13:16:14.865 [error] n is not iterable: TypeError: n is not iterable
	at K_.provideHover (/home/sgass/.vscode/extensions/mshr-h.veriloghdl-1.14.1/dist/main.js:588:7681)
	at async I.provideHover (/usr/share/code/resources/app/out/vs/workbench/api/node/extensionHostProcess.js:153:101309)
2024-07-12 13:16:17.896 [error] n is not iterable: TypeError: n is not iterable
	at K_.provideHover (/home/sgass/.vscode/extensions/mshr-h.veriloghdl-1.14.1/dist/main.js:588:7681)
	at async I.provideHover (/usr/share/code/resources/app/out/vs/workbench/api/node/extensionHostProcess.js:153:101309)
2024-07-12 13:17:09.000 [error] n is not iterable: TypeError: n is not iterable
	at K_.provideHover (/home/sgass/.vscode/extensions/mshr-h.veriloghdl-1.14.1/dist/main.js:588:7681)
	at async I.provideHover (/usr/share/code/resources/app/out/vs/workbench/api/node/extensionHostProcess.js:153:101309)
2024-07-12 13:21:37.580 [error] n is not iterable: TypeError: n is not iterable
	at K_.provideHover (/home/sgass/.vscode/extensions/mshr-h.veriloghdl-1.14.1/dist/main.js:588:7681)
	at async I.provideHover (/usr/share/code/resources/app/out/vs/workbench/api/node/extensionHostProcess.js:153:101309)
2024-07-12 13:24:12.026 [error] n is not iterable: TypeError: n is not iterable
	at K_.provideHover (/home/sgass/.vscode/extensions/mshr-h.veriloghdl-1.14.1/dist/main.js:588:7681)
	at async I.provideHover (/usr/share/code/resources/app/out/vs/workbench/api/node/extensionHostProcess.js:153:101309)
2024-07-12 13:24:17.137 [error] n is not iterable: TypeError: n is not iterable
	at K_.provideHover (/home/sgass/.vscode/extensions/mshr-h.veriloghdl-1.14.1/dist/main.js:588:7681)
	at async I.provideHover (/usr/share/code/resources/app/out/vs/workbench/api/node/extensionHostProcess.js:153:101309)
2024-07-12 13:24:25.338 [error] n is not iterable: TypeError: n is not iterable
	at K_.provideHover (/home/sgass/.vscode/extensions/mshr-h.veriloghdl-1.14.1/dist/main.js:588:7681)
	at async I.provideHover (/usr/share/code/resources/app/out/vs/workbench/api/node/extensionHostProcess.js:153:101309)
2024-07-12 13:24:28.354 [error] n is not iterable: TypeError: n is not iterable
	at K_.provideHover (/home/sgass/.vscode/extensions/mshr-h.veriloghdl-1.14.1/dist/main.js:588:7681)
	at async I.provideHover (/usr/share/code/resources/app/out/vs/workbench/api/node/extensionHostProcess.js:153:101309)
2024-07-12 13:29:44.887 [error] n is not iterable: TypeError: n is not iterable
	at K_.provideHover (/home/sgass/.vscode/extensions/mshr-h.veriloghdl-1.14.1/dist/main.js:588:7681)
	at async I.provideHover (/usr/share/code/resources/app/out/vs/workbench/api/node/extensionHostProcess.js:153:101309)
2024-07-12 13:30:55.533 [error] n is not iterable: TypeError: n is not iterable
	at K_.provideHover (/home/sgass/.vscode/extensions/mshr-h.veriloghdl-1.14.1/dist/main.js:588:7681)
	at async I.provideHover (/usr/share/code/resources/app/out/vs/workbench/api/node/extensionHostProcess.js:153:101309)
2024-07-12 13:33:07.730 [error] n is not iterable: TypeError: n is not iterable
	at K_.provideHover (/home/sgass/.vscode/extensions/mshr-h.veriloghdl-1.14.1/dist/main.js:588:7681)
	at async I.provideHover (/usr/share/code/resources/app/out/vs/workbench/api/node/extensionHostProcess.js:153:101309)
2024-07-12 13:33:52.682 [error] n is not iterable: TypeError: n is not iterable
	at K_.provideHover (/home/sgass/.vscode/extensions/mshr-h.veriloghdl-1.14.1/dist/main.js:588:7681)
	at async I.provideHover (/usr/share/code/resources/app/out/vs/workbench/api/node/extensionHostProcess.js:153:101309)
2024-07-12 14:48:58.648 [error] n is not iterable: TypeError: n is not iterable
	at K_.provideHover (/home/sgass/.vscode/extensions/mshr-h.veriloghdl-1.14.1/dist/main.js:588:7681)
	at async I.provideHover (/usr/share/code/resources/app/out/vs/workbench/api/node/extensionHostProcess.js:153:101309)
2024-07-12 14:50:12.162 [error] n is not iterable: TypeError: n is not iterable
	at K_.provideHover (/home/sgass/.vscode/extensions/mshr-h.veriloghdl-1.14.1/dist/main.js:588:7681)
	at async I.provideHover (/usr/share/code/resources/app/out/vs/workbench/api/node/extensionHostProcess.js:153:101309)
2024-07-12 14:50:31.732 [error] n is not iterable: TypeError: n is not iterable
	at K_.provideHover (/home/sgass/.vscode/extensions/mshr-h.veriloghdl-1.14.1/dist/main.js:588:7681)
	at async I.provideHover (/usr/share/code/resources/app/out/vs/workbench/api/node/extensionHostProcess.js:153:101309)
2024-07-12 14:51:29.762 [error] n is not iterable: TypeError: n is not iterable
	at K_.provideHover (/home/sgass/.vscode/extensions/mshr-h.veriloghdl-1.14.1/dist/main.js:588:7681)
	at async I.provideHover (/usr/share/code/resources/app/out/vs/workbench/api/node/extensionHostProcess.js:153:101309)
2024-07-12 14:51:42.127 [error] n is not iterable: TypeError: n is not iterable
	at K_.provideHover (/home/sgass/.vscode/extensions/mshr-h.veriloghdl-1.14.1/dist/main.js:588:7681)
	at async I.provideHover (/usr/share/code/resources/app/out/vs/workbench/api/node/extensionHostProcess.js:153:101309)
2024-07-12 14:51:44.944 [error] n is not iterable: TypeError: n is not iterable
	at K_.provideHover (/home/sgass/.vscode/extensions/mshr-h.veriloghdl-1.14.1/dist/main.js:588:7681)
	at async I.provideHover (/usr/share/code/resources/app/out/vs/workbench/api/node/extensionHostProcess.js:153:101309)
2024-07-12 14:53:11.976 [error] n is not iterable: TypeError: n is not iterable
	at K_.provideHover (/home/sgass/.vscode/extensions/mshr-h.veriloghdl-1.14.1/dist/main.js:588:7681)
	at async I.provideHover (/usr/share/code/resources/app/out/vs/workbench/api/node/extensionHostProcess.js:153:101309)
2024-07-12 14:54:05.675 [error] n is not iterable: TypeError: n is not iterable
	at K_.provideHover (/home/sgass/.vscode/extensions/mshr-h.veriloghdl-1.14.1/dist/main.js:588:7681)
	at async I.provideHover (/usr/share/code/resources/app/out/vs/workbench/api/node/extensionHostProcess.js:153:101309)
2024-07-12 14:54:23.758 [error] n is not iterable: TypeError: n is not iterable
	at K_.provideHover (/home/sgass/.vscode/extensions/mshr-h.veriloghdl-1.14.1/dist/main.js:588:7681)
	at async I.provideHover (/usr/share/code/resources/app/out/vs/workbench/api/node/extensionHostProcess.js:153:101309)
2024-07-12 14:55:34.800 [error] n is not iterable: TypeError: n is not iterable
	at K_.provideHover (/home/sgass/.vscode/extensions/mshr-h.veriloghdl-1.14.1/dist/main.js:588:7681)
	at async I.provideHover (/usr/share/code/resources/app/out/vs/workbench/api/node/extensionHostProcess.js:153:101309)
2024-07-12 14:55:52.282 [error] n is not iterable: TypeError: n is not iterable
	at K_.provideHover (/home/sgass/.vscode/extensions/mshr-h.veriloghdl-1.14.1/dist/main.js:588:7681)
	at async I.provideHover (/usr/share/code/resources/app/out/vs/workbench/api/node/extensionHostProcess.js:153:101309)
2024-07-12 14:56:03.551 [error] n is not iterable: TypeError: n is not iterable
	at K_.provideHover (/home/sgass/.vscode/extensions/mshr-h.veriloghdl-1.14.1/dist/main.js:588:7681)
	at async I.provideHover (/usr/share/code/resources/app/out/vs/workbench/api/node/extensionHostProcess.js:153:101309)
2024-07-12 14:56:31.273 [error] n is not iterable: TypeError: n is not iterable
	at K_.provideHover (/home/sgass/.vscode/extensions/mshr-h.veriloghdl-1.14.1/dist/main.js:588:7681)
	at async I.provideHover (/usr/share/code/resources/app/out/vs/workbench/api/node/extensionHostProcess.js:153:101309)
2024-07-12 14:57:04.350 [error] n is not iterable: TypeError: n is not iterable
	at K_.provideHover (/home/sgass/.vscode/extensions/mshr-h.veriloghdl-1.14.1/dist/main.js:588:7681)
	at async I.provideHover (/usr/share/code/resources/app/out/vs/workbench/api/node/extensionHostProcess.js:153:101309)
2024-07-12 14:57:09.529 [error] n is not iterable: TypeError: n is not iterable
	at K_.provideHover (/home/sgass/.vscode/extensions/mshr-h.veriloghdl-1.14.1/dist/main.js:588:7681)
	at async I.provideHover (/usr/share/code/resources/app/out/vs/workbench/api/node/extensionHostProcess.js:153:101309)
2024-07-12 14:58:27.728 [error] n is not iterable: TypeError: n is not iterable
	at K_.provideHover (/home/sgass/.vscode/extensions/mshr-h.veriloghdl-1.14.1/dist/main.js:588:7681)
	at async I.provideHover (/usr/share/code/resources/app/out/vs/workbench/api/node/extensionHostProcess.js:153:101309)
2024-07-12 15:00:07.178 [error] n is not iterable: TypeError: n is not iterable
	at K_.provideHover (/home/sgass/.vscode/extensions/mshr-h.veriloghdl-1.14.1/dist/main.js:588:7681)
	at async I.provideHover (/usr/share/code/resources/app/out/vs/workbench/api/node/extensionHostProcess.js:153:101309)
2024-07-12 15:00:28.846 [error] n is not iterable: TypeError: n is not iterable
	at K_.provideHover (/home/sgass/.vscode/extensions/mshr-h.veriloghdl-1.14.1/dist/main.js:588:7681)
	at async I.provideHover (/usr/share/code/resources/app/out/vs/workbench/api/node/extensionHostProcess.js:153:101309)
2024-07-12 15:02:38.557 [error] n is not iterable: TypeError: n is not iterable
	at K_.provideHover (/home/sgass/.vscode/extensions/mshr-h.veriloghdl-1.14.1/dist/main.js:588:7681)
	at async I.provideHover (/usr/share/code/resources/app/out/vs/workbench/api/node/extensionHostProcess.js:153:101309)
2024-07-12 15:02:40.309 [error] n is not iterable: TypeError: n is not iterable
	at K_.provideHover (/home/sgass/.vscode/extensions/mshr-h.veriloghdl-1.14.1/dist/main.js:588:7681)
	at async I.provideHover (/usr/share/code/resources/app/out/vs/workbench/api/node/extensionHostProcess.js:153:101309)
2024-07-12 15:02:44.609 [error] n is not iterable: TypeError: n is not iterable
	at K_.provideHover (/home/sgass/.vscode/extensions/mshr-h.veriloghdl-1.14.1/dist/main.js:588:7681)
	at async I.provideHover (/usr/share/code/resources/app/out/vs/workbench/api/node/extensionHostProcess.js:153:101309)
2024-07-12 15:03:07.957 [error] n is not iterable: TypeError: n is not iterable
	at K_.provideHover (/home/sgass/.vscode/extensions/mshr-h.veriloghdl-1.14.1/dist/main.js:588:7681)
	at async I.provideHover (/usr/share/code/resources/app/out/vs/workbench/api/node/extensionHostProcess.js:153:101309)
2024-07-12 15:03:40.606 [error] n is not iterable: TypeError: n is not iterable
	at K_.provideHover (/home/sgass/.vscode/extensions/mshr-h.veriloghdl-1.14.1/dist/main.js:588:7681)
	at async I.provideHover (/usr/share/code/resources/app/out/vs/workbench/api/node/extensionHostProcess.js:153:101309)
2024-07-12 15:03:42.107 [error] n is not iterable: TypeError: n is not iterable
	at K_.provideHover (/home/sgass/.vscode/extensions/mshr-h.veriloghdl-1.14.1/dist/main.js:588:7681)
	at async I.provideHover (/usr/share/code/resources/app/out/vs/workbench/api/node/extensionHostProcess.js:153:101309)
2024-07-12 15:03:43.656 [error] n is not iterable: TypeError: n is not iterable
	at K_.provideHover (/home/sgass/.vscode/extensions/mshr-h.veriloghdl-1.14.1/dist/main.js:588:7681)
	at async I.provideHover (/usr/share/code/resources/app/out/vs/workbench/api/node/extensionHostProcess.js:153:101309)
2024-07-12 15:03:49.223 [error] n is not iterable: TypeError: n is not iterable
	at K_.provideHover (/home/sgass/.vscode/extensions/mshr-h.veriloghdl-1.14.1/dist/main.js:588:7681)
	at async I.provideHover (/usr/share/code/resources/app/out/vs/workbench/api/node/extensionHostProcess.js:153:101309)
2024-07-12 15:04:21.788 [error] n is not iterable: TypeError: n is not iterable
	at K_.provideHover (/home/sgass/.vscode/extensions/mshr-h.veriloghdl-1.14.1/dist/main.js:588:7681)
	at async I.provideHover (/usr/share/code/resources/app/out/vs/workbench/api/node/extensionHostProcess.js:153:101309)
2024-07-12 15:04:26.716 [error] n is not iterable: TypeError: n is not iterable
	at K_.provideHover (/home/sgass/.vscode/extensions/mshr-h.veriloghdl-1.14.1/dist/main.js:588:7681)
	at async I.provideHover (/usr/share/code/resources/app/out/vs/workbench/api/node/extensionHostProcess.js:153:101309)
2024-07-12 15:04:27.757 [error] n is not iterable: TypeError: n is not iterable
	at K_.provideHover (/home/sgass/.vscode/extensions/mshr-h.veriloghdl-1.14.1/dist/main.js:588:7681)
	at async I.provideHover (/usr/share/code/resources/app/out/vs/workbench/api/node/extensionHostProcess.js:153:101309)
2024-07-12 15:04:33.904 [error] n is not iterable: TypeError: n is not iterable
	at K_.provideHover (/home/sgass/.vscode/extensions/mshr-h.veriloghdl-1.14.1/dist/main.js:588:7681)
	at async I.provideHover (/usr/share/code/resources/app/out/vs/workbench/api/node/extensionHostProcess.js:153:101309)
2024-07-12 15:06:12.981 [error] n is not iterable: TypeError: n is not iterable
	at K_.provideHover (/home/sgass/.vscode/extensions/mshr-h.veriloghdl-1.14.1/dist/main.js:588:7681)
	at async I.provideHover (/usr/share/code/resources/app/out/vs/workbench/api/node/extensionHostProcess.js:153:101309)
2024-07-12 15:06:48.333 [error] n is not iterable: TypeError: n is not iterable
	at K_.provideHover (/home/sgass/.vscode/extensions/mshr-h.veriloghdl-1.14.1/dist/main.js:588:7681)
	at async I.provideHover (/usr/share/code/resources/app/out/vs/workbench/api/node/extensionHostProcess.js:153:101309)
2024-07-12 15:06:54.725 [error] n is not iterable: TypeError: n is not iterable
	at K_.provideHover (/home/sgass/.vscode/extensions/mshr-h.veriloghdl-1.14.1/dist/main.js:588:7681)
	at async I.provideHover (/usr/share/code/resources/app/out/vs/workbench/api/node/extensionHostProcess.js:153:101309)
2024-07-12 15:07:19.435 [error] n is not iterable: TypeError: n is not iterable
	at K_.provideHover (/home/sgass/.vscode/extensions/mshr-h.veriloghdl-1.14.1/dist/main.js:588:7681)
	at async I.provideHover (/usr/share/code/resources/app/out/vs/workbench/api/node/extensionHostProcess.js:153:101309)
2024-07-12 15:07:31.192 [error] n is not iterable: TypeError: n is not iterable
	at K_.provideHover (/home/sgass/.vscode/extensions/mshr-h.veriloghdl-1.14.1/dist/main.js:588:7681)
	at async I.provideHover (/usr/share/code/resources/app/out/vs/workbench/api/node/extensionHostProcess.js:153:101309)
2024-07-12 15:08:15.200 [error] n is not iterable: TypeError: n is not iterable
	at K_.provideHover (/home/sgass/.vscode/extensions/mshr-h.veriloghdl-1.14.1/dist/main.js:588:7681)
	at async I.provideHover (/usr/share/code/resources/app/out/vs/workbench/api/node/extensionHostProcess.js:153:101309)
2024-07-12 15:08:24.659 [error] n is not iterable: TypeError: n is not iterable
	at K_.provideHover (/home/sgass/.vscode/extensions/mshr-h.veriloghdl-1.14.1/dist/main.js:588:7681)
	at async I.provideHover (/usr/share/code/resources/app/out/vs/workbench/api/node/extensionHostProcess.js:153:101309)
2024-07-12 15:09:34.129 [error] n is not iterable: TypeError: n is not iterable
	at K_.provideHover (/home/sgass/.vscode/extensions/mshr-h.veriloghdl-1.14.1/dist/main.js:588:7681)
	at async I.provideHover (/usr/share/code/resources/app/out/vs/workbench/api/node/extensionHostProcess.js:153:101309)
2024-07-12 15:11:48.020 [error] n is not iterable: TypeError: n is not iterable
	at K_.provideHover (/home/sgass/.vscode/extensions/mshr-h.veriloghdl-1.14.1/dist/main.js:588:7681)
	at async I.provideHover (/usr/share/code/resources/app/out/vs/workbench/api/node/extensionHostProcess.js:153:101309)
2024-07-12 15:14:38.635 [error] n is not iterable: TypeError: n is not iterable
	at K_.provideHover (/home/sgass/.vscode/extensions/mshr-h.veriloghdl-1.14.1/dist/main.js:588:7681)
	at async I.provideHover (/usr/share/code/resources/app/out/vs/workbench/api/node/extensionHostProcess.js:153:101309)
2024-07-12 15:17:52.046 [error] n is not iterable: TypeError: n is not iterable
	at K_.provideHover (/home/sgass/.vscode/extensions/mshr-h.veriloghdl-1.14.1/dist/main.js:588:7681)
	at async I.provideHover (/usr/share/code/resources/app/out/vs/workbench/api/node/extensionHostProcess.js:153:101309)
2024-07-12 15:26:37.905 [error] n is not iterable: TypeError: n is not iterable
	at K_.provideHover (/home/sgass/.vscode/extensions/mshr-h.veriloghdl-1.14.1/dist/main.js:588:7681)
	at async I.provideHover (/usr/share/code/resources/app/out/vs/workbench/api/node/extensionHostProcess.js:153:101309)
2024-07-12 15:27:09.423 [error] n is not iterable: TypeError: n is not iterable
	at K_.provideHover (/home/sgass/.vscode/extensions/mshr-h.veriloghdl-1.14.1/dist/main.js:588:7681)
	at async I.provideHover (/usr/share/code/resources/app/out/vs/workbench/api/node/extensionHostProcess.js:153:101309)
2024-07-12 15:28:16.192 [error] n is not iterable: TypeError: n is not iterable
	at K_.provideHover (/home/sgass/.vscode/extensions/mshr-h.veriloghdl-1.14.1/dist/main.js:588:7681)
	at async I.provideHover (/usr/share/code/resources/app/out/vs/workbench/api/node/extensionHostProcess.js:153:101309)
2024-07-12 15:28:20.911 [error] n is not iterable: TypeError: n is not iterable
	at K_.provideHover (/home/sgass/.vscode/extensions/mshr-h.veriloghdl-1.14.1/dist/main.js:588:7681)
	at async I.provideHover (/usr/share/code/resources/app/out/vs/workbench/api/node/extensionHostProcess.js:153:101309)
2024-07-12 15:28:24.247 [error] n is not iterable: TypeError: n is not iterable
	at K_.provideHover (/home/sgass/.vscode/extensions/mshr-h.veriloghdl-1.14.1/dist/main.js:588:7681)
	at async I.provideHover (/usr/share/code/resources/app/out/vs/workbench/api/node/extensionHostProcess.js:153:101309)
2024-07-12 15:28:29.830 [error] n is not iterable: TypeError: n is not iterable
	at K_.provideHover (/home/sgass/.vscode/extensions/mshr-h.veriloghdl-1.14.1/dist/main.js:588:7681)
	at async I.provideHover (/usr/share/code/resources/app/out/vs/workbench/api/node/extensionHostProcess.js:153:101309)
2024-07-12 15:28:46.846 [error] n is not iterable: TypeError: n is not iterable
	at K_.provideHover (/home/sgass/.vscode/extensions/mshr-h.veriloghdl-1.14.1/dist/main.js:588:7681)
	at async I.provideHover (/usr/share/code/resources/app/out/vs/workbench/api/node/extensionHostProcess.js:153:101309)
2024-07-12 15:28:51.116 [error] n is not iterable: TypeError: n is not iterable
	at K_.provideHover (/home/sgass/.vscode/extensions/mshr-h.veriloghdl-1.14.1/dist/main.js:588:7681)
	at async I.provideHover (/usr/share/code/resources/app/out/vs/workbench/api/node/extensionHostProcess.js:153:101309)
2024-07-12 15:29:27.549 [error] n is not iterable: TypeError: n is not iterable
	at K_.provideHover (/home/sgass/.vscode/extensions/mshr-h.veriloghdl-1.14.1/dist/main.js:588:7681)
	at async I.provideHover (/usr/share/code/resources/app/out/vs/workbench/api/node/extensionHostProcess.js:153:101309)
2024-07-12 15:30:34.171 [error] n is not iterable: TypeError: n is not iterable
	at K_.provideHover (/home/sgass/.vscode/extensions/mshr-h.veriloghdl-1.14.1/dist/main.js:588:7681)
	at async I.provideHover (/usr/share/code/resources/app/out/vs/workbench/api/node/extensionHostProcess.js:153:101309)
2024-07-12 15:30:40.006 [error] n is not iterable: TypeError: n is not iterable
	at K_.provideHover (/home/sgass/.vscode/extensions/mshr-h.veriloghdl-1.14.1/dist/main.js:588:7681)
	at async I.provideHover (/usr/share/code/resources/app/out/vs/workbench/api/node/extensionHostProcess.js:153:101309)
2024-07-12 15:30:42.506 [error] n is not iterable: TypeError: n is not iterable
	at K_.provideHover (/home/sgass/.vscode/extensions/mshr-h.veriloghdl-1.14.1/dist/main.js:588:7681)
	at async I.provideHover (/usr/share/code/resources/app/out/vs/workbench/api/node/extensionHostProcess.js:153:101309)
2024-07-12 15:30:47.205 [error] n is not iterable: TypeError: n is not iterable
	at K_.provideHover (/home/sgass/.vscode/extensions/mshr-h.veriloghdl-1.14.1/dist/main.js:588:7681)
	at async I.provideHover (/usr/share/code/resources/app/out/vs/workbench/api/node/extensionHostProcess.js:153:101309)
2024-07-12 15:30:50.109 [error] n is not iterable: TypeError: n is not iterable
	at K_.provideHover (/home/sgass/.vscode/extensions/mshr-h.veriloghdl-1.14.1/dist/main.js:588:7681)
	at async I.provideHover (/usr/share/code/resources/app/out/vs/workbench/api/node/extensionHostProcess.js:153:101309)
2024-07-12 15:30:54.585 [error] n is not iterable: TypeError: n is not iterable
	at K_.provideHover (/home/sgass/.vscode/extensions/mshr-h.veriloghdl-1.14.1/dist/main.js:588:7681)
	at async I.provideHover (/usr/share/code/resources/app/out/vs/workbench/api/node/extensionHostProcess.js:153:101309)
2024-07-12 15:30:57.484 [error] n is not iterable: TypeError: n is not iterable
	at K_.provideHover (/home/sgass/.vscode/extensions/mshr-h.veriloghdl-1.14.1/dist/main.js:588:7681)
	at async I.provideHover (/usr/share/code/resources/app/out/vs/workbench/api/node/extensionHostProcess.js:153:101309)
2024-07-12 15:31:00.901 [error] n is not iterable: TypeError: n is not iterable
	at K_.provideHover (/home/sgass/.vscode/extensions/mshr-h.veriloghdl-1.14.1/dist/main.js:588:7681)
	at async I.provideHover (/usr/share/code/resources/app/out/vs/workbench/api/node/extensionHostProcess.js:153:101309)
2024-07-12 15:31:03.274 [error] n is not iterable: TypeError: n is not iterable
	at K_.provideHover (/home/sgass/.vscode/extensions/mshr-h.veriloghdl-1.14.1/dist/main.js:588:7681)
	at async I.provideHover (/usr/share/code/resources/app/out/vs/workbench/api/node/extensionHostProcess.js:153:101309)
2024-07-12 15:31:36.874 [error] n is not iterable: TypeError: n is not iterable
	at K_.provideHover (/home/sgass/.vscode/extensions/mshr-h.veriloghdl-1.14.1/dist/main.js:588:7681)
	at async I.provideHover (/usr/share/code/resources/app/out/vs/workbench/api/node/extensionHostProcess.js:153:101309)
2024-07-12 15:31:39.938 [error] n is not iterable: TypeError: n is not iterable
	at K_.provideHover (/home/sgass/.vscode/extensions/mshr-h.veriloghdl-1.14.1/dist/main.js:588:7681)
	at async I.provideHover (/usr/share/code/resources/app/out/vs/workbench/api/node/extensionHostProcess.js:153:101309)
2024-07-12 15:34:17.115 [error] n is not iterable: TypeError: n is not iterable
	at K_.provideHover (/home/sgass/.vscode/extensions/mshr-h.veriloghdl-1.14.1/dist/main.js:588:7681)
	at async I.provideHover (/usr/share/code/resources/app/out/vs/workbench/api/node/extensionHostProcess.js:153:101309)
2024-07-12 15:34:48.730 [error] n is not iterable: TypeError: n is not iterable
	at K_.provideHover (/home/sgass/.vscode/extensions/mshr-h.veriloghdl-1.14.1/dist/main.js:588:7681)
	at async I.provideHover (/usr/share/code/resources/app/out/vs/workbench/api/node/extensionHostProcess.js:153:101309)
2024-07-12 15:43:09.727 [error] n is not iterable: TypeError: n is not iterable
	at K_.provideHover (/home/sgass/.vscode/extensions/mshr-h.veriloghdl-1.14.1/dist/main.js:588:7681)
	at async I.provideHover (/usr/share/code/resources/app/out/vs/workbench/api/node/extensionHostProcess.js:153:101309)
2024-07-12 15:43:41.134 [error] n is not iterable: TypeError: n is not iterable
	at K_.provideHover (/home/sgass/.vscode/extensions/mshr-h.veriloghdl-1.14.1/dist/main.js:588:7681)
	at async I.provideHover (/usr/share/code/resources/app/out/vs/workbench/api/node/extensionHostProcess.js:153:101309)
