2025-03-03 10:20:37.446 [info] Revived process, old id 1b02da70b95d5728e57cba9834078f06-1 -> new id 1
2025-03-03 10:20:37.469 [info] Expanding terminal instance, old id 1b02da70b95d5728e57cba9834078f06-1 -> new id 1
2025-03-03 10:20:37.899 [warning] Persistent process "1": Process had no disconnect runners but was an orphan
2025-03-03 10:20:37.899 [info] Persistent process reconnection "1"
2025-03-03 10:20:37.979 [info] Persistent process "1": Replaying 14551 chars and 1 size events
2025-03-03 10:35:45.937 [info] Revived process, old id be4431b632324a99dd6ba989b491fedf-3 -> new id 2
2025-03-03 10:35:45.992 [info] Expanding terminal instance, old id be4431b632324a99dd6ba989b491fedf-3 -> new id 2
2025-03-03 10:35:46.455 [warning] Persistent process "2": Process had no disconnect runners but was an orphan
2025-03-03 10:35:46.455 [info] Persistent process reconnection "2"
2025-03-03 10:35:46.618 [info] Persistent process "2": Replaying 13322 chars and 1 size events
2025-03-03 11:22:09.078 [info] Revived process, old id 1b02da70b95d5728e57cba9834078f06-1 -> new id 3
2025-03-03 11:22:09.184 [info] Expanding terminal instance, old id 1b02da70b95d5728e57cba9834078f06-1 -> new id 3
2025-03-03 11:22:09.830 [warning] Persistent process "3": Process had no disconnect runners but was an orphan
2025-03-03 11:22:09.830 [info] Persistent process reconnection "3"
2025-03-03 11:22:10.004 [info] Persistent process "3": Replaying 13722 chars and 1 size events
2025-03-03 12:16:13.664 [info] Revived process, old id be4431b632324a99dd6ba989b491fedf-2 -> new id 4
2025-03-03 12:16:13.713 [info] Expanding terminal instance, old id be4431b632324a99dd6ba989b491fedf-2 -> new id 4
2025-03-03 12:16:14.093 [warning] Persistent process "4": Process had no disconnect runners but was an orphan
2025-03-03 12:16:14.093 [info] Persistent process reconnection "4"
2025-03-03 12:16:14.132 [info] Persistent process "4": Replaying 14505 chars and 1 size events
2025-03-03 19:54:53.981 [info] Revived process, old id 1b02da70b95d5728e57cba9834078f06-3 -> new id 7
2025-03-03 19:54:54.026 [info] Expanding terminal instance, old id 1b02da70b95d5728e57cba9834078f06-3 -> new id 7
2025-03-03 19:54:54.405 [warning] Persistent process "7": Process had no disconnect runners but was an orphan
2025-03-03 19:54:54.406 [info] Persistent process reconnection "7"
2025-03-03 19:54:54.419 [info] Persistent process "7": Replaying 11042 chars and 1 size events
