2025-02-27 11:23:43.863 [info] Reading sessions from keychain...
2025-02-27 11:23:43.863 [info] Getting sessions for all scopes...
2025-02-27 11:23:43.863 [info] Getting sessions for all scopes...
2025-02-27 11:23:43.863 [info] Getting sessions for read:user,repo,user:email,workflow...
2025-02-27 11:23:43.863 [info] Got 0 sessions for ...
2025-02-27 11:23:43.863 [info] Got 0 sessions for ...
2025-02-27 11:23:43.863 [info] Got 0 sessions for read:user,repo,user:email,workflow...
2025-02-27 11:23:43.886 [info] Getting sessions for read:user,repo,user:email,workflow...
2025-02-27 11:23:43.886 [info] Got 0 sessions for read:user,repo,user:email,workflow...
2025-02-27 11:23:44.003 [info] Getting sessions for read:user,repo,user:email,workflow...
2025-02-27 11:23:44.003 [info] Got 0 sessions for read:user,repo,user:email,workflow...
2025-02-27 11:23:44.022 [info] Getting sessions for read:user,repo,user:email,workflow...
2025-02-27 11:23:44.022 [info] Got 0 sessions for read:user,repo,user:email,workflow...
2025-02-27 13:43:21.141 [info] Reading sessions from keychain...
2025-02-27 13:43:21.141 [info] Getting sessions for all scopes...
2025-02-27 13:43:21.141 [info] Getting sessions for all scopes...
2025-02-27 13:43:21.141 [info] Got 0 sessions for ...
2025-02-27 13:43:21.141 [info] Got 0 sessions for ...
2025-02-27 13:43:21.141 [info] Getting sessions for read:user,repo,user:email,workflow...
2025-02-27 13:43:21.141 [info] Got 0 sessions for read:user,repo,user:email,workflow...
2025-02-27 13:43:21.171 [info] Getting sessions for read:user,repo,user:email,workflow...
2025-02-27 13:43:21.171 [info] Got 0 sessions for read:user,repo,user:email,workflow...
2025-02-27 13:43:21.290 [info] Getting sessions for read:user,repo,user:email,workflow...
2025-02-27 13:43:21.290 [info] Got 0 sessions for read:user,repo,user:email,workflow...
2025-02-27 13:43:21.301 [info] Getting sessions for read:user,repo,user:email,workflow...
2025-02-27 13:43:21.301 [info] Got 0 sessions for read:user,repo,user:email,workflow...
2025-02-27 13:58:56.746 [info] Reading sessions from keychain...
2025-02-27 13:58:56.746 [info] Getting sessions for all scopes...
2025-02-27 13:58:56.746 [info] Getting sessions for all scopes...
2025-02-27 13:58:56.746 [info] Got 0 sessions for ...
2025-02-27 13:58:56.746 [info] Got 0 sessions for ...
2025-02-27 13:58:56.746 [info] Getting sessions for read:user,repo,user:email,workflow...
2025-02-27 13:58:56.746 [info] Got 0 sessions for read:user,repo,user:email,workflow...
2025-02-27 13:58:56.793 [info] Getting sessions for read:user,repo,user:email,workflow...
2025-02-27 13:58:56.793 [info] Got 0 sessions for read:user,repo,user:email,workflow...
2025-02-27 13:58:56.965 [info] Getting sessions for read:user,repo,user:email,workflow...
2025-02-27 13:58:56.965 [info] Got 0 sessions for read:user,repo,user:email,workflow...
2025-02-28 09:03:41.127 [info] Reading sessions from keychain...
2025-02-28 09:03:41.127 [info] Getting sessions for all scopes...
2025-02-28 09:03:41.127 [info] Getting sessions for all scopes...
2025-02-28 09:03:41.127 [info] Got 0 sessions for ...
2025-02-28 09:03:41.127 [info] Got 0 sessions for ...
2025-02-28 09:03:41.127 [info] Getting sessions for read:user,repo,user:email,workflow...
2025-02-28 09:03:41.127 [info] Got 0 sessions for read:user,repo,user:email,workflow...
2025-02-28 09:03:41.186 [info] Getting sessions for read:user,repo,user:email,workflow...
2025-02-28 09:03:41.186 [info] Got 0 sessions for read:user,repo,user:email,workflow...
2025-02-28 09:03:41.288 [info] Getting sessions for read:user,repo,user:email,workflow...
2025-02-28 09:03:41.288 [info] Got 0 sessions for read:user,repo,user:email,workflow...
2025-02-28 09:03:41.339 [info] Getting sessions for read:user,repo,user:email,workflow...
2025-02-28 09:03:41.339 [info] Got 0 sessions for read:user,repo,user:email,workflow...
