2024-07-02 08:19:07.976 [info] Reading sessions from keychain...
2024-07-02 08:19:07.976 [info] Getting sessions for all scopes...
2024-07-02 08:19:07.976 [info] Getting sessions for all scopes...
2024-07-02 08:19:07.976 [info] Getting sessions for read:user,repo,user:email,workflow...
2024-07-02 08:19:07.976 [info] Got 0 sessions for ...
2024-07-02 08:19:07.976 [info] Got 0 sessions for ...
2024-07-02 08:19:07.976 [info] Got 0 sessions for read:user,repo,user:email,workflow...
2024-07-02 08:19:08.091 [info] Getting sessions for read:user,repo,user:email,workflow...
2024-07-02 08:19:08.091 [info] Got 0 sessions for read:user,repo,user:email,workflow...
2024-07-02 08:19:08.103 [info] Getting sessions for read:user,repo,user:email,workflow...
2024-07-02 08:19:08.103 [info] Got 0 sessions for read:user,repo,user:email,workflow...
2024-07-02 08:19:08.629 [info] Getting sessions for read:user,repo,user:email,workflow...
2024-07-02 08:19:08.629 [info] Got 0 sessions for read:user,repo,user:email,workflow...
2024-07-03 13:15:31.711 [info] Reading sessions from keychain...
2024-07-03 13:15:31.711 [info] Getting sessions for all scopes...
2024-07-03 13:15:31.711 [info] Getting sessions for all scopes...
2024-07-03 13:15:31.711 [info] Got 0 sessions for ...
2024-07-03 13:15:31.711 [info] Got 0 sessions for ...
2024-07-03 13:15:31.711 [info] Getting sessions for read:user,repo,user:email,workflow...
2024-07-03 13:15:31.711 [info] Got 0 sessions for read:user,repo,user:email,workflow...
2024-07-03 13:15:31.736 [info] Getting sessions for read:user,repo,user:email,workflow...
2024-07-03 13:15:31.736 [info] Got 0 sessions for read:user,repo,user:email,workflow...
2024-07-03 13:15:31.841 [info] Getting sessions for read:user,repo,user:email,workflow...
2024-07-03 13:15:31.841 [info] Got 0 sessions for read:user,repo,user:email,workflow...
2024-07-03 13:15:31.852 [info] Getting sessions for read:user,repo,user:email,workflow...
2024-07-03 13:15:31.852 [info] Got 0 sessions for read:user,repo,user:email,workflow...
2024-07-03 13:15:32.376 [info] Getting sessions for read:user,repo,user:email,workflow...
2024-07-03 13:15:32.376 [info] Got 0 sessions for read:user,repo,user:email,workflow...
