2025-02-03 10:25:39.971 [info] Added views:workbench.panel.markers.view in workbench.panel.markers
2025-02-03 10:25:39.971 [info] Added views:workbench.panel.output in workbench.panel.output
2025-02-03 10:25:39.971 [info] Added views:terminal in terminal
2025-02-03 10:25:39.971 [info] Added views:outline in workbench.view.explorer
2025-02-03 10:25:39.971 [info] Added views:workbench.scm in workbench.view.scm
2025-02-03 10:25:39.971 [info] Added views:workbench.view.search in workbench.view.search
2025-02-03 10:25:39.971 [info] Added views:timeline in workbench.view.explorer
2025-02-03 10:25:39.971 [info] Added views:workbench.explorer.fileView in workbench.view.explorer
2025-02-03 10:25:40.221 [info] Added views:cSpellIssuesViewByFile,cSpellIssuesViewByIssue in workbench.view.extension.cspellPanel
2025-02-03 10:25:40.290 [info] Added views:workbench.debug.welcome in workbench.view.debug
2025-02-03 10:25:40.395 [info] Added views:workbench.panel.repl.view in workbench.panel.repl
2025-02-03 10:25:41.429 [info] Added views:workbench.scm.history in workbench.view.scm
2025-02-03 10:25:42.836 [info] Added views:~remote.forwardedPorts in ~remote.forwardedPortsContainer
2025-02-03 12:21:35.104 [info] Added views:workbench.views.extensions.installed,workbench.views.extensions.popular,extensions.recommendedList in workbench.view.extensions
2025-02-03 12:21:35.106 [info] Removed views:workbench.views.extensions.popular from workbench.view.extensions
2025-02-03 13:28:35.084 [info] Removed views:workbench.scm.history from workbench.view.scm
2025-02-03 13:28:35.116 [info] Removed views:cSpellIssuesViewByIssue,cSpellIssuesViewByFile from workbench.view.extension.cspellPanel
2025-02-03 13:28:35.117 [info] Added views:cSpellIssuesViewByFile,cSpellIssuesViewByIssue in workbench.view.explorer
2025-02-03 13:28:35.120 [info] Removed views:cSpellIssuesViewByIssue,cSpellIssuesViewByFile from workbench.view.explorer
2025-02-03 13:28:35.309 [info] Removed views:workbench.panel.repl.view from workbench.panel.repl
2025-02-03 13:28:35.331 [info] Added views:workbench.panel.repl.view in workbench.panel.repl
2025-02-03 13:28:35.541 [info] Added views:workbench.scm.history in workbench.view.scm
2025-02-03 13:28:53.433 [info] Removed views:workbench.scm.history from workbench.view.scm
2025-02-03 13:28:54.040 [info] Added views:workbench.panel.markers.view in workbench.panel.markers
2025-02-03 13:28:54.041 [info] Added views:workbench.panel.output in workbench.panel.output
2025-02-03 13:28:54.041 [info] Added views:terminal in terminal
2025-02-03 13:28:54.041 [info] Added views:outline in workbench.view.explorer
2025-02-03 13:28:54.041 [info] Added views:workbench.scm in workbench.view.scm
2025-02-03 13:28:54.041 [info] Added views:workbench.view.search in workbench.view.search
2025-02-03 13:28:54.041 [info] Added views:timeline in workbench.view.explorer
2025-02-03 13:28:54.041 [info] Added views:workbench.explorer.fileView in workbench.view.explorer
2025-02-03 13:28:54.162 [info] Added views:workbench.debug.welcome in workbench.view.debug
2025-02-03 13:28:54.693 [info] Added views:workbench.panel.repl.view in workbench.panel.repl
2025-02-03 13:28:55.232 [info] Added views:~remote.forwardedPorts in ~remote.forwardedPortsContainer
2025-02-03 13:28:55.666 [info] Added views:workbench.scm.history in workbench.view.scm
2025-02-03 14:02:40.239 [info] Added views:workbench.view.testing in workbench.view.extension.test
2025-02-03 14:18:59.053 [info] Removed views:workbench.scm.history from workbench.view.scm
2025-02-03 14:18:59.054 [info] Removed views:workbench.view.testing from workbench.view.extension.test
2025-02-03 14:18:59.635 [info] Added views:workbench.panel.markers.view in workbench.panel.markers
2025-02-03 14:18:59.635 [info] Added views:workbench.panel.output in workbench.panel.output
2025-02-03 14:18:59.635 [info] Added views:terminal in terminal
2025-02-03 14:18:59.635 [info] Added views:outline in workbench.view.explorer
2025-02-03 14:18:59.635 [info] Added views:workbench.scm in workbench.view.scm
2025-02-03 14:18:59.635 [info] Added views:workbench.view.search in workbench.view.search
2025-02-03 14:18:59.635 [info] Added views:timeline in workbench.view.explorer
2025-02-03 14:18:59.635 [info] Added views:workbench.explorer.fileView in workbench.view.explorer
2025-02-03 14:18:59.752 [info] Added views:workbench.debug.welcome in workbench.view.debug
2025-02-03 14:19:00.111 [info] Added views:workbench.panel.repl.view in workbench.panel.repl
2025-02-03 14:19:00.530 [info] Added views:~remote.forwardedPorts in ~remote.forwardedPortsContainer
2025-02-03 14:19:01.151 [info] Added views:workbench.scm.history in workbench.view.scm
2025-02-03 14:20:05.587 [info] Added views:workbench.view.testing in workbench.view.extension.test
2025-02-03 15:16:50.621 [info] Removed views:workbench.scm.history from workbench.view.scm
2025-02-03 15:16:50.621 [info] Removed views:workbench.view.testing from workbench.view.extension.test
2025-02-03 15:16:51.225 [info] Added views:workbench.panel.markers.view in workbench.panel.markers
2025-02-03 15:16:51.225 [info] Added views:workbench.panel.output in workbench.panel.output
2025-02-03 15:16:51.225 [info] Added views:terminal in terminal
2025-02-03 15:16:51.225 [info] Added views:outline in workbench.view.explorer
2025-02-03 15:16:51.225 [info] Added views:workbench.scm in workbench.view.scm
2025-02-03 15:16:51.225 [info] Added views:workbench.view.search in workbench.view.search
2025-02-03 15:16:51.225 [info] Added views:timeline in workbench.view.explorer
2025-02-03 15:16:51.225 [info] Added views:workbench.explorer.fileView in workbench.view.explorer
2025-02-03 15:16:51.319 [info] Added views:workbench.debug.welcome in workbench.view.debug
2025-02-03 15:16:51.596 [info] Added views:workbench.panel.repl.view in workbench.panel.repl
2025-02-03 15:16:52.142 [info] Added views:~remote.forwardedPorts in ~remote.forwardedPortsContainer
2025-02-03 15:16:52.622 [info] Added views:workbench.scm.history in workbench.view.scm
2025-02-03 15:24:17.250 [info] Added views:workbench.view.testing in workbench.view.extension.test
2025-02-04 10:51:40.643 [info] Removed views:workbench.scm.history from workbench.view.scm
2025-02-04 10:51:40.643 [info] Removed views:workbench.view.testing from workbench.view.extension.test
