2025-02-11 08:36:26.975 [info] Reading sessions from keychain...
2025-02-11 08:36:26.975 [info] Getting sessions for all scopes...
2025-02-11 08:36:26.975 [info] Getting sessions for all scopes...
2025-02-11 08:36:26.975 [info] Getting sessions for read:user,repo,user:email,workflow...
2025-02-11 08:36:26.975 [info] Got 0 sessions for ...
2025-02-11 08:36:26.975 [info] Got 0 sessions for ...
2025-02-11 08:36:26.975 [info] Got 0 sessions for read:user,repo,user:email,workflow...
2025-02-11 08:36:27.073 [info] Getting sessions for read:user,repo,user:email,workflow...
2025-02-11 08:36:27.073 [info] Got 0 sessions for read:user,repo,user:email,workflow...
2025-02-11 09:27:32.310 [info] Reading sessions from keychain...
2025-02-11 09:27:32.310 [info] Getting sessions for all scopes...
2025-02-11 09:27:32.310 [info] Getting sessions for all scopes...
2025-02-11 09:27:32.310 [info] Got 0 sessions for ...
2025-02-11 09:27:32.310 [info] Got 0 sessions for ...
2025-02-11 09:27:32.310 [info] Getting sessions for read:user,repo,user:email,workflow...
2025-02-11 09:27:32.310 [info] Got 0 sessions for read:user,repo,user:email,workflow...
2025-02-11 09:27:32.384 [info] Getting sessions for read:user,repo,user:email,workflow...
2025-02-11 09:27:32.384 [info] Got 0 sessions for read:user,repo,user:email,workflow...
2025-02-11 09:27:32.590 [info] Getting sessions for read:user,repo,user:email,workflow...
2025-02-11 09:27:32.590 [info] Got 0 sessions for read:user,repo,user:email,workflow...
