2025-02-27 11:23:40.956 [info] Added views:workbench.panel.markers.view in workbench.panel.markers
2025-02-27 11:23:40.956 [info] Added views:workbench.panel.output in workbench.panel.output
2025-02-27 11:23:40.956 [info] Added views:terminal in terminal
2025-02-27 11:23:40.956 [info] Added views:outline in workbench.view.explorer
2025-02-27 11:23:40.956 [info] Added views:workbench.scm in workbench.view.scm
2025-02-27 11:23:40.956 [info] Added views:workbench.view.search in workbench.view.search
2025-02-27 11:23:40.956 [info] Added views:timeline in workbench.view.explorer
2025-02-27 11:23:40.956 [info] Added views:workbench.explorer.fileView in workbench.view.explorer
2025-02-27 11:23:41.120 [info] Added views:workbench.debug.welcome in workbench.view.debug
2025-02-27 11:23:41.594 [info] Added views:workbench.panel.repl.view in workbench.panel.repl
2025-02-27 11:23:42.083 [info] Added views:~remote.forwardedPorts in ~remote.forwardedPortsContainer
2025-02-27 11:23:42.640 [info] Added views:workbench.scm.history in workbench.view.scm
2025-02-27 13:43:17.794 [info] Removed views:workbench.scm.history from workbench.view.scm
2025-02-27 13:43:18.346 [info] Added views:workbench.panel.markers.view in workbench.panel.markers
2025-02-27 13:43:18.346 [info] Added views:workbench.panel.output in workbench.panel.output
2025-02-27 13:43:18.346 [info] Added views:terminal in terminal
2025-02-27 13:43:18.346 [info] Added views:outline in workbench.view.explorer
2025-02-27 13:43:18.346 [info] Added views:workbench.scm in workbench.view.scm
2025-02-27 13:43:18.346 [info] Added views:workbench.view.search in workbench.view.search
2025-02-27 13:43:18.346 [info] Added views:timeline in workbench.view.explorer
2025-02-27 13:43:18.346 [info] Added views:workbench.explorer.fileView in workbench.view.explorer
2025-02-27 13:43:18.456 [info] Added views:workbench.debug.welcome in workbench.view.debug
2025-02-27 13:43:18.896 [info] Added views:workbench.panel.repl.view in workbench.panel.repl
2025-02-27 13:43:19.126 [info] Added views:~remote.forwardedPorts in ~remote.forwardedPortsContainer
2025-02-27 13:43:19.918 [info] Added views:workbench.scm.history in workbench.view.scm
2025-02-27 13:58:53.779 [info] Removed views:workbench.scm.history from workbench.view.scm
2025-02-27 13:58:54.345 [info] Added views:workbench.panel.markers.view in workbench.panel.markers
2025-02-27 13:58:54.345 [info] Added views:workbench.panel.output in workbench.panel.output
2025-02-27 13:58:54.345 [info] Added views:terminal in terminal
2025-02-27 13:58:54.345 [info] Added views:outline in workbench.view.explorer
2025-02-27 13:58:54.345 [info] Added views:workbench.scm in workbench.view.scm
2025-02-27 13:58:54.345 [info] Added views:workbench.view.search in workbench.view.search
2025-02-27 13:58:54.345 [info] Added views:timeline in workbench.view.explorer
2025-02-27 13:58:54.345 [info] Added views:workbench.explorer.fileView in workbench.view.explorer
2025-02-27 13:58:54.445 [info] Added views:workbench.debug.welcome in workbench.view.debug
2025-02-27 13:58:54.848 [info] Added views:workbench.panel.repl.view in workbench.panel.repl
2025-02-27 13:58:55.492 [info] Added views:~remote.forwardedPorts in ~remote.forwardedPortsContainer
2025-02-27 13:58:55.877 [info] Added views:workbench.scm.history in workbench.view.scm
2025-02-28 09:03:38.027 [info] Removed views:workbench.scm.history from workbench.view.scm
2025-02-28 09:03:38.584 [info] Added views:workbench.panel.markers.view in workbench.panel.markers
2025-02-28 09:03:38.584 [info] Added views:workbench.panel.output in workbench.panel.output
2025-02-28 09:03:38.584 [info] Added views:terminal in terminal
2025-02-28 09:03:38.584 [info] Added views:outline in workbench.view.explorer
2025-02-28 09:03:38.584 [info] Added views:workbench.scm in workbench.view.scm
2025-02-28 09:03:38.584 [info] Added views:workbench.view.search in workbench.view.search
2025-02-28 09:03:38.584 [info] Added views:timeline in workbench.view.explorer
2025-02-28 09:03:38.584 [info] Added views:workbench.explorer.fileView in workbench.view.explorer
2025-02-28 09:03:38.691 [info] Added views:workbench.debug.welcome in workbench.view.debug
2025-02-28 09:03:39.127 [info] Added views:workbench.panel.repl.view in workbench.panel.repl
2025-02-28 09:03:39.402 [info] Added views:~remote.forwardedPorts in ~remote.forwardedPortsContainer
2025-02-28 09:03:40.150 [info] Added views:workbench.scm.history in workbench.view.scm
2025-02-28 17:58:09.497 [info] Removed views:workbench.scm.history from workbench.view.scm
