2025-02-03 10:23:28.642 [info] [main] Log level: Info
2025-02-03 10:23:28.642 [info] [main] Validating found git in: "git"
2025-02-03 10:23:28.642 [info] [main] Using git "2.43.0" from "git"
2025-02-03 10:23:28.642 [info] [Model][doInitialScan] Initial repository scan started
2025-02-03 10:23:28.642 [info] > git rev-parse --show-toplevel [3ms]
2025-02-03 10:23:28.642 [info] > git rev-parse --git-dir --git-common-dir [12ms]
2025-02-03 10:23:28.642 [info] [Model][openRepository] Opened repository: /home/sgass/Projects/kepler2
2025-02-03 10:23:28.643 [info] > git config --get commit.template [2ms]
2025-02-03 10:23:28.648 [info] > git for-each-ref --format=%(refname)%00%(upstream:short)%00%(objectname)%00%(upstream:track)%00%(upstream:remotename)%00%(upstream:remoteref) refs/heads/sgass/prod/no-ref/p4_router_top_level refs/remotes/sgass/prod/no-ref/p4_router_top_level [2ms]
2025-02-03 10:23:28.657 [info] > git rev-parse --show-toplevel [2ms]
2025-02-03 10:23:28.663 [info] > git rev-parse --show-toplevel [1ms]
2025-02-03 10:23:28.667 [info] > git rev-parse --show-toplevel [1ms]
2025-02-03 10:23:28.670 [info] > git rev-parse --show-toplevel [1ms]
2025-02-03 10:23:28.674 [info] > git rev-parse --show-toplevel [1ms]
2025-02-03 10:23:28.678 [info] > git rev-parse --show-toplevel [2ms]
2025-02-03 10:23:28.682 [info] > git rev-parse --show-toplevel [1ms]
2025-02-03 10:23:28.686 [info] > git rev-parse --show-toplevel [2ms]
2025-02-03 10:23:28.689 [info] > git rev-parse --show-toplevel [1ms]
2025-02-03 10:23:28.692 [info] > git rev-parse --show-toplevel [1ms]
2025-02-03 10:23:28.696 [info] > git rev-parse --show-toplevel [1ms]
2025-02-03 10:23:28.700 [info] > git rev-parse --show-toplevel [2ms]
2025-02-03 10:23:28.703 [info] > git rev-parse --show-toplevel [1ms]
2025-02-03 10:23:28.706 [info] > git rev-parse --show-toplevel [1ms]
2025-02-03 10:23:28.710 [info] > git rev-parse --show-toplevel [1ms]
2025-02-03 10:23:28.715 [info] > git rev-parse --show-toplevel [1ms]
2025-02-03 10:23:28.718 [info] > git rev-parse --show-toplevel [1ms]
2025-02-03 10:23:28.721 [info] > git rev-parse --show-toplevel [1ms]
2025-02-03 10:23:28.725 [info] > git rev-parse --show-toplevel [1ms]
2025-02-03 10:23:28.729 [info] > git rev-parse --show-toplevel [1ms]
2025-02-03 10:23:28.732 [info] > git rev-parse --show-toplevel [1ms]
2025-02-03 10:23:28.737 [info] > git rev-parse --show-toplevel [2ms]
2025-02-03 10:23:28.741 [info] > git rev-parse --show-toplevel [1ms]
2025-02-03 10:23:28.745 [info] > git rev-parse --show-toplevel [0ms]
2025-02-03 10:23:28.748 [info] > git rev-parse --show-toplevel [1ms]
2025-02-03 10:23:28.752 [info] > git rev-parse --show-toplevel [1ms]
2025-02-03 10:23:28.756 [info] > git rev-parse --show-toplevel [1ms]
2025-02-03 10:23:28.759 [info] > git rev-parse --show-toplevel [1ms]
2025-02-03 10:23:28.760 [info] [Model][doInitialScan] Initial repository scan completed - repositories (1), closed repositories (0), parent repositories (0), unsafe repositories (0)
2025-02-03 10:23:28.989 [info] > git status -z -uall [337ms]
2025-02-03 10:23:29.000 [info] > git for-each-ref --format=%(refname)%00%(upstream:short)%00%(objectname)%00%(upstream:track)%00%(upstream:remotename)%00%(upstream:remoteref) refs/heads/sgass/prod/no-ref/p4_router_top_level refs/remotes/sgass/prod/no-ref/p4_router_top_level [7ms]
2025-02-03 10:23:29.005 [info] > git config --get commit.template [6ms]
2025-02-03 10:23:29.007 [info] > git config --local branch.sgass/prod/no-ref/p4_router_top_level.vscode-merge-base [2ms]
2025-02-03 10:23:29.016 [info] > git for-each-ref --format=%(refname)%00%(upstream:short)%00%(objectname)%00%(upstream:track)%00%(upstream:remotename)%00%(upstream:remoteref) refs/heads/origin/develop refs/remotes/origin/develop [5ms]
2025-02-03 10:23:29.017 [info] > git for-each-ref --format=%(refname)%00%(upstream:short)%00%(objectname)%00%(upstream:track)%00%(upstream:remotename)%00%(upstream:remoteref) refs/heads/sgass/prod/no-ref/p4_router_top_level refs/remotes/sgass/prod/no-ref/p4_router_top_level [3ms]
2025-02-03 10:23:29.158 [info] > git check-ignore -v -z --stdin [7ms]
2025-02-03 10:23:29.392 [info] > git status -z -uall [372ms]
2025-02-03 10:23:29.400 [info] > git for-each-ref --format=%(refname)%00%(upstream:short)%00%(objectname)%00%(upstream:track)%00%(upstream:remotename)%00%(upstream:remoteref) refs/heads/sgass/prod/no-ref/p4_router_top_level refs/remotes/sgass/prod/no-ref/p4_router_top_level [2ms]
2025-02-03 10:23:29.405 [info] > git config --local branch.sgass/prod/no-ref/p4_router_top_level.vscode-merge-base [1ms]
2025-02-03 10:23:29.411 [info] > git for-each-ref --format=%(refname)%00%(upstream:short)%00%(objectname)%00%(upstream:track)%00%(upstream:remotename)%00%(upstream:remoteref) refs/heads/origin/develop refs/remotes/origin/develop [2ms]
2025-02-03 10:23:29.501 [info] > git rev-parse --show-toplevel [1ms]
2025-02-03 10:23:29.506 [info] > git rev-parse --git-dir --git-common-dir [1ms]
2025-02-03 10:23:29.507 [info] [Model][openRepository] Opened repository: /home/sgass/Projects/kepler2/third_party/libhydrogen
2025-02-03 10:23:29.516 [info] > git config --get commit.template [4ms]
2025-02-03 10:23:29.519 [info] > git rev-parse --show-toplevel [4ms]
2025-02-03 10:23:29.523 [info] > git for-each-ref --format %(refname) %(objectname) %(*objectname) refs/tags [5ms]
2025-02-03 10:23:29.526 [info] > git rev-parse --git-dir --git-common-dir [4ms]
2025-02-03 10:23:29.528 [info] [Model][openRepository] Opened repository: /home/sgass/Projects/kepler2/third_party/magic_enum
2025-02-03 10:23:29.537 [info] > git status -z -uall [11ms]
2025-02-03 10:23:29.542 [info] > git rev-parse --show-toplevel [5ms]
2025-02-03 10:23:29.542 [info] > git config --get commit.template [8ms]
2025-02-03 10:23:29.549 [info] > git config --get commit.template [7ms]
2025-02-03 10:23:29.555 [info] > git rev-parse --git-dir --git-common-dir [7ms]
2025-02-03 10:23:29.558 [info] [Model][openRepository] Opened repository: /home/sgass/Projects/kepler2/third_party/googletest
2025-02-03 10:23:29.569 [info] > git for-each-ref --format %(refname) %(objectname) %(*objectname) refs/tags [16ms]
2025-02-03 10:23:29.575 [info] > git rev-parse --show-toplevel [6ms]
2025-02-03 10:23:29.575 [info] > git config --get commit.template [9ms]
2025-02-03 10:23:29.575 [info] > git for-each-ref --format %(refname) %(objectname) %(*objectname) refs/tags [13ms]
2025-02-03 10:23:29.586 [info] > git status -z -uall [11ms]
2025-02-03 10:23:29.586 [info] > git status -z -uall [8ms]
2025-02-03 10:23:29.592 [info] > git for-each-ref --format %(refname) %(objectname) %(*objectname) refs/tags [7ms]
2025-02-03 10:23:29.592 [info] > git rev-parse --show-toplevel [10ms]
2025-02-03 10:23:29.599 [info] > git status -z -uall [4ms]
2025-02-03 10:23:29.599 [info] > git config --get commit.template [8ms]
2025-02-03 10:23:29.601 [info] > git rev-parse --git-dir --git-common-dir [2ms]
2025-02-03 10:23:29.602 [info] [Model][openRepository] Opened repository: /home/sgass/Projects/kepler2/third_party/fast-cpp-csv-parser
2025-02-03 10:23:29.617 [info] > git rev-parse --show-toplevel [5ms]
2025-02-03 10:23:29.617 [info] > git config --get commit.template [8ms]
2025-02-03 10:23:29.617 [info] > git for-each-ref --format %(refname) %(objectname) %(*objectname) refs/tags [10ms]
2025-02-03 10:23:29.630 [info] > git config --get commit.template [14ms]
2025-02-03 10:23:29.640 [info] > git status -z -uall [13ms]
2025-02-03 10:23:29.640 [info] > git rev-parse --git-dir --git-common-dir [10ms]
2025-02-03 10:23:29.644 [info] [Model][openRepository] Opened repository: /home/sgass/Projects/kepler2/hdl/verilog-axis
2025-02-03 10:23:29.654 [info] > git for-each-ref --format %(refname) %(objectname) %(*objectname) refs/tags [15ms]
2025-02-03 10:23:29.654 [info] > git for-each-ref --format %(refname) %(objectname) %(*objectname) refs/tags [18ms]
2025-02-03 10:23:29.665 [info] > git rev-parse --show-toplevel [11ms]
2025-02-03 10:23:29.665 [info] > git config --get commit.template [14ms]
2025-02-03 10:23:29.677 [info] > git status -z -uall [14ms]
2025-02-03 10:23:29.677 [info] > git status -z -uall [6ms]
2025-02-03 10:23:29.689 [info] > git rev-parse --git-dir --git-common-dir [15ms]
2025-02-03 10:23:29.692 [info] [Model][openRepository] Opened repository: /home/sgass/Projects/kepler2/hdl/verilog-ethernet
2025-02-03 10:23:29.701 [info] > git config --get commit.template [12ms]
2025-02-03 10:23:29.701 [info] > git for-each-ref --format %(refname) %(objectname) %(*objectname) refs/tags [15ms]
2025-02-03 10:23:29.704 [info] > git config --get commit.template [6ms]
2025-02-03 10:23:29.707 [info] > git status -z -uall [3ms]
2025-02-03 10:23:29.708 [info] > git rev-parse --show-toplevel [7ms]
2025-02-03 10:23:29.714 [info] > git for-each-ref --format %(refname) %(objectname) %(*objectname) refs/tags [7ms]
2025-02-03 10:23:29.724 [info] > git status -z -uall [3ms]
2025-02-03 10:23:29.724 [info] > git rev-parse --git-dir --git-common-dir [11ms]
2025-02-03 10:23:29.725 [info] [Model][openRepository] Opened repository: /home/sgass/Projects/kepler2/third_party/vext.soapysdr
2025-02-03 10:23:29.726 [info] > git for-each-ref --format %(refname) %(objectname) %(*objectname) refs/tags [16ms]
2025-02-03 10:23:29.738 [info] > git config --get commit.template [14ms]
2025-02-03 10:23:29.741 [info] > git status -z -uall [9ms]
2025-02-03 10:23:29.741 [info] > git rev-parse --show-toplevel [3ms]
2025-02-03 10:23:29.741 [info] > git config --get commit.template [5ms]
2025-02-03 10:23:29.754 [info] > git rev-parse --git-dir --git-common-dir [5ms]
2025-02-03 10:23:29.755 [info] [Model][openRepository] Opened repository: /home/sgass/Projects/kepler2/third_party/STM32CubeL1
2025-02-03 10:23:29.756 [info] > git for-each-ref --format %(refname) %(objectname) %(*objectname) refs/tags [10ms]
2025-02-03 10:23:29.763 [info] > git status -z -uall [5ms]
2025-02-03 10:23:29.763 [info] > git for-each-ref --format %(refname) %(objectname) %(*objectname) refs/tags [9ms]
2025-02-03 10:23:29.763 [info] > git config --get commit.template [12ms]
2025-02-03 10:23:29.776 [info] > git status -z -uall [9ms]
2025-02-03 10:23:29.777 [info] > git rev-parse --show-toplevel [15ms]
2025-02-03 10:23:29.777 [info] > git config --get commit.template [17ms]
2025-02-03 10:23:29.795 [info] > git for-each-ref --format %(refname) %(objectname) %(*objectname) refs/tags [21ms]
2025-02-03 10:23:29.816 [info] > git rev-parse --git-dir --git-common-dir [22ms]
2025-02-03 10:23:29.818 [info] [Model][openRepository] Opened repository: /home/sgass/Projects/kepler2/ansible/kubespray
2025-02-03 10:23:29.838 [info] > git config --get commit.template [27ms]
2025-02-03 10:23:29.838 [info] > git for-each-ref --format %(refname) %(objectname) %(*objectname) refs/tags [34ms]
2025-02-03 10:23:29.843 [info] > git status -z -uall [22ms]
2025-02-03 10:23:29.843 [info] > git config --get commit.template [20ms]
2025-02-03 10:23:29.851 [info] > git for-each-ref --format %(refname) %(objectname) %(*objectname) refs/tags [4ms]
2025-02-03 10:23:29.854 [info] > git for-each-ref --format %(refname) %(objectname) %(*objectname) refs/tags [4ms]
2025-02-03 10:23:29.857 [info] > git status -z -uall [3ms]
2025-02-03 10:23:29.862 [info] > git status -z -uall [19ms]
2025-02-03 10:23:29.868 [info] > git status -z -uall [11ms]
2025-02-03 10:23:29.872 [info] > git config --get commit.template [5ms]
2025-02-03 10:23:29.874 [info] > git config --get commit.template [2ms]
2025-02-03 10:23:29.877 [info] > git for-each-ref --format %(refname) %(objectname) %(*objectname) refs/tags [3ms]
2025-02-03 10:23:29.880 [info] > git for-each-ref --format %(refname) %(objectname) %(*objectname) refs/tags [3ms]
2025-02-03 10:23:29.890 [info] > git status -z -uall [7ms]
2025-02-03 10:23:29.897 [info] > git status -z -uall [18ms]
2025-02-03 10:23:30.043 [info] > git check-ignore -v -z --stdin [9ms]
2025-02-03 10:23:35.818 [info] > git show --textconv :hdl/sim/p4_router/p4_router_top_tb.sv [8ms]
2025-02-03 10:23:35.825 [info] > git ls-files --stage -- /home/sgass/Projects/kepler2/hdl/sim/p4_router/p4_router_top_tb.sv [7ms]
2025-02-03 10:23:35.835 [info] > git cat-file -s cd7469fd0ddaf6b9fffcc9ac9d8d3c5ef3fb95fe [2ms]
2025-02-03 10:23:36.090 [info] > git check-ignore -v -z --stdin [6ms]
2025-02-03 10:23:53.679 [info] > git show --textconv :hdl/rtl/p4_router/p4_router_vnp4_frr_t1_ecp_pkg.sv [5ms]
2025-02-03 10:23:53.684 [info] > git ls-files --stage -- /home/sgass/Projects/kepler2/hdl/rtl/p4_router/p4_router_vnp4_frr_t1_ecp_pkg.sv [6ms]
2025-02-03 10:23:53.691 [info] > git cat-file -s 72ca5937e92362a9255536815bf955652e075c1d [3ms]
2025-02-03 10:23:53.946 [info] > git check-ignore -v -z --stdin [7ms]
2025-02-03 10:23:54.833 [info] > git show --textconv :hdl/sim/p4_router/p4_router_top_tb.sv [7ms]
2025-02-03 10:23:54.837 [info] > git ls-files --stage -- /home/sgass/Projects/kepler2/hdl/sim/p4_router/p4_router_top_tb.sv [5ms]
2025-02-03 10:23:54.845 [info] > git cat-file -s cd7469fd0ddaf6b9fffcc9ac9d8d3c5ef3fb95fe [3ms]
2025-02-03 10:24:34.109 [info] > git show --textconv :hdl/rtl/p4_router/p4_router_vnp4_frr_t1_ecp_pkg.sv [6ms]
2025-02-03 10:24:34.112 [info] > git ls-files --stage -- /home/sgass/Projects/kepler2/hdl/rtl/p4_router/p4_router_vnp4_frr_t1_ecp_pkg.sv [6ms]
2025-02-03 10:24:34.118 [info] > git cat-file -s 72ca5937e92362a9255536815bf955652e075c1d [2ms]
