2025-03-04 15:37:16.080 [info] Reading sessions from keychain...
2025-03-04 15:37:16.080 [info] Getting sessions for all scopes...
2025-03-04 15:37:16.080 [info] Getting sessions for all scopes...
2025-03-04 15:37:16.080 [info] Got 0 sessions for ...
2025-03-04 15:37:16.080 [info] Got 0 sessions for ...
2025-03-04 15:37:16.080 [info] Getting sessions for read:user,repo,user:email,workflow...
2025-03-04 15:37:16.080 [info] Got 0 sessions for read:user,repo,user:email,workflow...
2025-03-04 15:37:16.198 [info] Getting sessions for read:user,repo,user:email,workflow...
2025-03-04 15:37:16.198 [info] Got 0 sessions for read:user,repo,user:email,workflow...
2025-03-06 14:36:58.020 [info] Reading sessions from keychain...
2025-03-06 14:36:58.021 [info] Getting sessions for all scopes...
2025-03-06 14:36:58.021 [info] Getting sessions for all scopes...
2025-03-06 14:36:58.021 [info] Got 0 sessions for ...
2025-03-06 14:36:58.021 [info] Got 0 sessions for ...
2025-03-06 14:36:58.039 [info] Getting sessions for read:user,repo,user:email,workflow...
2025-03-06 14:36:58.039 [info] Got 0 sessions for read:user,repo,user:email,workflow...
2025-03-06 14:36:58.249 [info] Getting sessions for read:user,repo,user:email,workflow...
2025-03-06 14:36:58.249 [info] Got 0 sessions for read:user,repo,user:email,workflow...
2025-03-06 15:11:15.538 [info] Reading sessions from keychain...
2025-03-06 15:11:15.538 [info] Getting sessions for all scopes...
2025-03-06 15:11:15.538 [info] Getting sessions for all scopes...
2025-03-06 15:11:15.538 [info] Got 0 sessions for ...
2025-03-06 15:11:15.538 [info] Got 0 sessions for ...
2025-03-06 15:11:15.549 [info] Getting sessions for read:user,repo,user:email,workflow...
2025-03-06 15:11:15.549 [info] Got 0 sessions for read:user,repo,user:email,workflow...
2025-03-06 16:05:23.262 [info] Reading sessions from keychain...
2025-03-06 16:05:23.262 [info] Getting sessions for all scopes...
2025-03-06 16:05:23.262 [info] Getting sessions for all scopes...
2025-03-06 16:05:23.262 [info] Got 0 sessions for ...
2025-03-06 16:05:23.262 [info] Got 0 sessions for ...
2025-03-06 16:05:23.262 [info] Getting sessions for read:user,repo,user:email,workflow...
2025-03-06 16:05:23.262 [info] Got 0 sessions for read:user,repo,user:email,workflow...
2025-03-06 16:05:23.577 [info] Getting sessions for read:user,repo,user:email,workflow...
2025-03-06 16:05:23.577 [info] Got 0 sessions for read:user,repo,user:email,workflow...
2025-03-07 10:35:13.005 [info] Reading sessions from keychain...
2025-03-07 10:35:13.006 [info] Getting sessions for all scopes...
2025-03-07 10:35:13.006 [info] Getting sessions for all scopes...
2025-03-07 10:35:13.006 [info] Got 0 sessions for ...
2025-03-07 10:35:13.006 [info] Got 0 sessions for ...
2025-03-07 10:35:13.006 [info] Getting sessions for read:user,repo,user:email,workflow...
2025-03-07 10:35:13.006 [info] Got 0 sessions for read:user,repo,user:email,workflow...
2025-03-07 10:35:13.060 [info] Getting sessions for read:user,repo,user:email,workflow...
2025-03-07 10:35:13.060 [info] Got 0 sessions for read:user,repo,user:email,workflow...
2025-03-07 10:35:13.180 [info] Getting sessions for read:user,repo,user:email,workflow...
2025-03-07 10:35:13.180 [info] Got 0 sessions for read:user,repo,user:email,workflow...
2025-03-07 16:25:21.906 [info] Reading sessions from keychain...
2025-03-07 16:25:21.908 [info] Getting sessions for all scopes...
2025-03-07 16:25:21.908 [info] Getting sessions for all scopes...
2025-03-07 16:25:21.908 [info] Got 0 sessions for ...
2025-03-07 16:25:21.908 [info] Got 0 sessions for ...
2025-03-07 16:25:21.922 [info] Getting sessions for read:user,repo,user:email,workflow...
2025-03-07 16:25:21.922 [info] Got 0 sessions for read:user,repo,user:email,workflow...
2025-03-07 16:25:22.071 [info] Getting sessions for read:user,repo,user:email,workflow...
2025-03-07 16:25:22.071 [info] Got 0 sessions for read:user,repo,user:email,workflow...
2025-03-07 16:25:50.760 [info] Reading sessions from keychain...
2025-03-07 16:25:50.760 [info] Getting sessions for all scopes...
2025-03-07 16:25:50.760 [info] Getting sessions for all scopes...
2025-03-07 16:25:50.760 [info] Got 0 sessions for ...
2025-03-07 16:25:50.760 [info] Got 0 sessions for ...
2025-03-07 16:25:50.803 [info] Getting sessions for read:user,repo,user:email,workflow...
2025-03-07 16:25:50.803 [info] Got 0 sessions for read:user,repo,user:email,workflow...
2025-03-07 16:25:51.059 [info] Getting sessions for read:user,repo,user:email,workflow...
2025-03-07 16:25:51.059 [info] Got 0 sessions for read:user,repo,user:email,workflow...
