2025-01-27 10:13:09.914 [info] Reading sessions from keychain...
2025-01-27 10:13:09.914 [info] Getting sessions for all scopes...
2025-01-27 10:13:09.914 [info] Getting sessions for all scopes...
2025-01-27 10:13:09.914 [info] Getting sessions for read:user,repo,user:email,workflow...
2025-01-27 10:13:09.914 [info] Got 0 sessions for ...
2025-01-27 10:13:09.914 [info] Got 0 sessions for ...
2025-01-27 10:13:09.914 [info] Got 0 sessions for read:user,repo,user:email,workflow...
2025-01-27 10:13:09.925 [info] Getting sessions for read:user,repo,user:email,workflow...
2025-01-27 10:13:09.925 [info] Got 0 sessions for read:user,repo,user:email,workflow...
2025-01-27 10:13:10.037 [info] Getting sessions for read:user,repo,user:email,workflow...
2025-01-27 10:13:10.037 [info] Got 0 sessions for read:user,repo,user:email,workflow...
2025-01-27 10:13:10.046 [info] Getting sessions for read:user,repo,user:email,workflow...
2025-01-27 10:13:10.046 [info] Got 0 sessions for read:user,repo,user:email,workflow...
2025-01-30 09:24:36.738 [info] Reading sessions from keychain...
2025-01-30 09:24:36.738 [info] Getting sessions for all scopes...
2025-01-30 09:24:36.738 [info] Getting sessions for all scopes...
2025-01-30 09:24:36.738 [info] Got 0 sessions for ...
2025-01-30 09:24:36.738 [info] Got 0 sessions for ...
2025-01-30 09:24:36.738 [info] Getting sessions for read:user,repo,user:email,workflow...
2025-01-30 09:24:36.738 [info] Got 0 sessions for read:user,repo,user:email,workflow...
2025-01-30 09:24:36.776 [info] Getting sessions for read:user,repo,user:email,workflow...
2025-01-30 09:24:36.776 [info] Got 0 sessions for read:user,repo,user:email,workflow...
2025-01-30 09:24:36.887 [info] Getting sessions for read:user,repo,user:email,workflow...
2025-01-30 09:24:36.887 [info] Got 0 sessions for read:user,repo,user:email,workflow...
2025-01-30 09:24:36.903 [info] Getting sessions for read:user,repo,user:email,workflow...
2025-01-30 09:24:36.903 [info] Got 0 sessions for read:user,repo,user:email,workflow...
2025-01-31 10:05:41.124 [info] Reading sessions from keychain...
2025-01-31 10:05:41.124 [info] Getting sessions for all scopes...
2025-01-31 10:05:41.124 [info] Getting sessions for all scopes...
2025-01-31 10:05:41.124 [info] Got 0 sessions for ...
2025-01-31 10:05:41.124 [info] Got 0 sessions for ...
2025-01-31 10:05:41.124 [info] Getting sessions for read:user,repo,user:email,workflow...
2025-01-31 10:05:41.124 [info] Got 0 sessions for read:user,repo,user:email,workflow...
2025-01-31 10:05:41.160 [info] Getting sessions for read:user,repo,user:email,workflow...
2025-01-31 10:05:41.160 [info] Got 0 sessions for read:user,repo,user:email,workflow...
2025-01-31 10:05:41.296 [info] Getting sessions for read:user,repo,user:email,workflow...
2025-01-31 10:05:41.296 [info] Got 0 sessions for read:user,repo,user:email,workflow...
2025-01-31 10:05:41.311 [info] Getting sessions for read:user,repo,user:email,workflow...
2025-01-31 10:05:41.311 [info] Got 0 sessions for read:user,repo,user:email,workflow...
2025-01-31 10:24:16.973 [info] Reading sessions from keychain...
2025-01-31 10:24:16.973 [info] Getting sessions for all scopes...
2025-01-31 10:24:16.973 [info] Getting sessions for all scopes...
2025-01-31 10:24:16.973 [info] Got 0 sessions for ...
2025-01-31 10:24:16.973 [info] Got 0 sessions for ...
2025-01-31 10:24:16.973 [info] Getting sessions for read:user,repo,user:email,workflow...
2025-01-31 10:24:16.973 [info] Got 0 sessions for read:user,repo,user:email,workflow...
2025-01-31 10:24:17.013 [info] Getting sessions for read:user,repo,user:email,workflow...
2025-01-31 10:24:17.013 [info] Got 0 sessions for read:user,repo,user:email,workflow...
2025-01-31 10:24:17.125 [info] Getting sessions for read:user,repo,user:email,workflow...
2025-01-31 10:24:17.125 [info] Got 0 sessions for read:user,repo,user:email,workflow...
2025-01-31 10:33:09.420 [info] Reading sessions from keychain...
2025-01-31 10:33:09.420 [info] Getting sessions for all scopes...
2025-01-31 10:33:09.420 [info] Getting sessions for all scopes...
2025-01-31 10:33:09.420 [info] Got 0 sessions for ...
2025-01-31 10:33:09.420 [info] Got 0 sessions for ...
2025-01-31 10:33:09.420 [info] Getting sessions for read:user,repo,user:email,workflow...
2025-01-31 10:33:09.420 [info] Got 0 sessions for read:user,repo,user:email,workflow...
2025-01-31 10:33:09.450 [info] Getting sessions for read:user,repo,user:email,workflow...
2025-01-31 10:33:09.450 [info] Got 0 sessions for read:user,repo,user:email,workflow...
2025-01-31 10:33:09.574 [info] Getting sessions for read:user,repo,user:email,workflow...
2025-01-31 10:33:09.574 [info] Got 0 sessions for read:user,repo,user:email,workflow...
2025-01-31 11:26:06.603 [info] Reading sessions from keychain...
2025-01-31 11:26:06.603 [info] Getting sessions for all scopes...
2025-01-31 11:26:06.603 [info] Getting sessions for all scopes...
2025-01-31 11:26:06.603 [info] Got 0 sessions for ...
2025-01-31 11:26:06.603 [info] Got 0 sessions for ...
2025-01-31 11:26:06.603 [info] Getting sessions for read:user,repo,user:email,workflow...
2025-01-31 11:26:06.603 [info] Got 0 sessions for read:user,repo,user:email,workflow...
2025-01-31 11:26:06.654 [info] Getting sessions for read:user,repo,user:email,workflow...
2025-01-31 11:26:06.654 [info] Got 0 sessions for read:user,repo,user:email,workflow...
2025-01-31 11:26:06.781 [info] Getting sessions for read:user,repo,user:email,workflow...
2025-01-31 11:26:06.781 [info] Got 0 sessions for read:user,repo,user:email,workflow...
2025-01-31 12:12:12.864 [info] Reading sessions from keychain...
2025-01-31 12:12:12.864 [info] Getting sessions for all scopes...
2025-01-31 12:12:12.864 [info] Getting sessions for all scopes...
2025-01-31 12:12:12.864 [info] Got 0 sessions for ...
2025-01-31 12:12:12.864 [info] Got 0 sessions for ...
2025-01-31 12:12:12.864 [info] Getting sessions for read:user,repo,user:email,workflow...
2025-01-31 12:12:12.864 [info] Got 0 sessions for read:user,repo,user:email,workflow...
2025-01-31 12:12:12.936 [info] Getting sessions for read:user,repo,user:email,workflow...
2025-01-31 12:12:12.936 [info] Got 0 sessions for read:user,repo,user:email,workflow...
2025-01-31 12:12:13.053 [info] Getting sessions for read:user,repo,user:email,workflow...
2025-01-31 12:12:13.053 [info] Got 0 sessions for read:user,repo,user:email,workflow...
2025-01-31 15:40:31.114 [info] Reading sessions from keychain...
2025-01-31 15:40:31.114 [info] Getting sessions for all scopes...
2025-01-31 15:40:31.114 [info] Getting sessions for all scopes...
2025-01-31 15:40:31.114 [info] Got 0 sessions for ...
2025-01-31 15:40:31.114 [info] Got 0 sessions for ...
2025-01-31 15:40:31.114 [info] Getting sessions for read:user,repo,user:email,workflow...
2025-01-31 15:40:31.114 [info] Got 0 sessions for read:user,repo,user:email,workflow...
2025-01-31 15:40:31.263 [info] Getting sessions for read:user,repo,user:email,workflow...
2025-01-31 15:40:31.263 [info] Got 0 sessions for read:user,repo,user:email,workflow...
