2025-01-23 16:55:54.932 [info] [main] Log level: Info
2025-01-23 16:55:54.932 [info] [main] Validating found git in: "git"
2025-01-23 16:55:54.932 [info] [main] Using git "2.43.0" from "git"
2025-01-23 16:55:54.932 [info] [Model][doInitialScan] Initial repository scan started
2025-01-23 16:55:54.932 [info] > git rev-parse --show-toplevel [9ms]
2025-01-23 16:55:54.932 [info] > git rev-parse --git-dir --git-common-dir [2ms]
2025-01-23 16:55:54.932 [info] [Model][openRepository] Opened repository: /home/sgass/Projects/kepler
2025-01-23 16:55:54.942 [info] > git rev-parse --show-toplevel [2ms]
2025-01-23 16:55:54.943 [info] > git config --get commit.template [7ms]
2025-01-23 16:55:54.959 [info] > git for-each-ref --format=%(refname)%00%(upstream:short)%00%(objectname)%00%(upstream:track)%00%(upstream:remotename)%00%(upstream:remoteref) refs/heads/sgass/prod/no-ref/p4_router_ingress refs/remotes/sgass/prod/no-ref/p4_router_ingress [11ms]
2025-01-23 16:55:54.963 [info] > git rev-parse --show-toplevel [5ms]
2025-01-23 16:55:54.967 [info] > git rev-parse --show-toplevel [2ms]
2025-01-23 16:55:54.973 [info] > git rev-parse --show-toplevel [1ms]
2025-01-23 16:55:54.978 [info] > git rev-parse --show-toplevel [2ms]
2025-01-23 16:55:54.983 [info] > git rev-parse --show-toplevel [2ms]
2025-01-23 16:55:54.989 [info] > git rev-parse --show-toplevel [2ms]
2025-01-23 16:55:54.994 [info] > git rev-parse --show-toplevel [2ms]
2025-01-23 16:55:54.999 [info] > git rev-parse --show-toplevel [1ms]
2025-01-23 16:55:55.005 [info] > git rev-parse --show-toplevel [2ms]
2025-01-23 16:55:55.011 [info] > git rev-parse --show-toplevel [1ms]
2025-01-23 16:55:55.016 [info] > git rev-parse --show-toplevel [1ms]
2025-01-23 16:55:55.021 [info] > git rev-parse --show-toplevel [2ms]
2025-01-23 16:55:55.025 [info] > git rev-parse --show-toplevel [1ms]
2025-01-23 16:55:55.031 [info] > git rev-parse --show-toplevel [2ms]
2025-01-23 16:55:55.040 [info] > git rev-parse --show-toplevel [3ms]
2025-01-23 16:55:55.047 [info] > git rev-parse --show-toplevel [3ms]
2025-01-23 16:55:55.065 [info] > git rev-parse --show-toplevel [3ms]
2025-01-23 16:55:55.074 [info] > git rev-parse --show-toplevel [2ms]
2025-01-23 16:55:55.080 [info] > git rev-parse --show-toplevel [1ms]
2025-01-23 16:55:55.086 [info] > git rev-parse --show-toplevel [2ms]
2025-01-23 16:55:55.092 [info] > git rev-parse --show-toplevel [2ms]
2025-01-23 16:55:55.096 [info] > git rev-parse --show-toplevel [1ms]
2025-01-23 16:55:55.101 [info] > git rev-parse --show-toplevel [1ms]
2025-01-23 16:55:55.106 [info] > git rev-parse --show-toplevel [1ms]
2025-01-23 16:55:55.111 [info] > git rev-parse --show-toplevel [1ms]
2025-01-23 16:55:55.115 [info] > git rev-parse --show-toplevel [1ms]
2025-01-23 16:55:55.121 [info] > git rev-parse --show-toplevel [2ms]
2025-01-23 16:55:55.126 [info] > git rev-parse --show-toplevel [2ms]
2025-01-23 16:55:55.130 [info] > git rev-parse --show-toplevel [1ms]
2025-01-23 16:55:55.134 [info] > git rev-parse --show-toplevel [2ms]
2025-01-23 16:55:55.139 [info] > git rev-parse --show-toplevel [1ms]
2025-01-23 16:55:55.143 [info] > git rev-parse --show-toplevel [1ms]
2025-01-23 16:55:55.147 [info] > git rev-parse --show-toplevel [1ms]
2025-01-23 16:55:55.152 [info] > git rev-parse --show-toplevel [1ms]
2025-01-23 16:55:55.153 [info] [Model][doInitialScan] Initial repository scan completed - repositories (1), closed repositories (0), parent repositories (0), unsafe repositories (0)
2025-01-23 16:55:55.245 [info] > git ls-files --stage -- /home/sgass/Projects/kepler/hdl/sim/p4_router/p4_router_ingress_tb.sv [5ms]
2025-01-23 16:55:55.248 [info] > git show --textconv :hdl/sim/p4_router/p4_router_ingress_tb.sv [11ms]
2025-01-23 16:55:55.250 [info] > git cat-file -s e8eb320c70baa0a5539493232f26964776b56a17 [2ms]
2025-01-23 16:55:55.460 [info] > git check-ignore -v -z --stdin [7ms]
2025-01-23 16:55:55.759 [info] > git status -z -uall [797ms]
2025-01-23 16:55:55.769 [info] > git for-each-ref --format=%(refname)%00%(upstream:short)%00%(objectname)%00%(upstream:track)%00%(upstream:remotename)%00%(upstream:remoteref) refs/heads/sgass/prod/no-ref/p4_router_ingress refs/remotes/sgass/prod/no-ref/p4_router_ingress [6ms]
2025-01-23 16:55:55.773 [info] > git config --local branch.sgass/prod/no-ref/p4_router_ingress.vscode-merge-base [1ms]
2025-01-23 16:55:55.774 [warning] [Git][config] git config failed: Failed to execute git
2025-01-23 16:55:55.776 [info] > git config --get commit.template [7ms]
2025-01-23 16:55:55.780 [info] > git for-each-ref --format=%(refname)%00%(upstream:short)%00%(objectname)%00%(upstream:track)%00%(upstream:remotename)%00%(upstream:remoteref) refs/heads/sgass/prod/no-ref/p4_router_ingress refs/remotes/sgass/prod/no-ref/p4_router_ingress [1ms]
2025-01-23 16:55:55.783 [info] > git reflog sgass/prod/no-ref/p4_router_ingress --grep-reflog=branch: Created from *. [7ms]
2025-01-23 16:55:55.789 [info] > git symbolic-ref --short refs/remotes/origin/HEAD [3ms]
2025-01-23 16:55:55.794 [info] > git for-each-ref --format=%(refname)%00%(upstream:short)%00%(objectname)%00%(upstream:track)%00%(upstream:remotename)%00%(upstream:remoteref) refs/heads/origin/develop refs/remotes/origin/develop [1ms]
2025-01-23 16:55:55.798 [info] > git config --local branch.sgass/prod/no-ref/p4_router_ingress.vscode-merge-base origin/develop [1ms]
2025-01-23 16:55:55.802 [info] > git status -z -uall [20ms] (cancelled)
2025-01-23 16:55:55.805 [info] > git config --get commit.template [3ms]
2025-01-23 16:55:55.806 [info] > git for-each-ref --format=%(refname)%00%(upstream:short)%00%(objectname)%00%(upstream:track)%00%(upstream:remotename)%00%(upstream:remoteref) refs/heads/sgass/prod/no-ref/p4_router_ingress refs/remotes/sgass/prod/no-ref/p4_router_ingress [2ms]
2025-01-23 16:55:56.042 [info] > git status -z -uall [234ms]
2025-01-23 16:55:56.048 [info] > git for-each-ref --format=%(refname)%00%(upstream:short)%00%(objectname)%00%(upstream:track)%00%(upstream:remotename)%00%(upstream:remoteref) refs/heads/sgass/prod/no-ref/p4_router_ingress refs/remotes/sgass/prod/no-ref/p4_router_ingress [2ms]
2025-01-23 16:55:56.052 [info] > git config --local branch.sgass/prod/no-ref/p4_router_ingress.vscode-merge-base [1ms]
2025-01-23 16:55:56.057 [info] > git for-each-ref --format=%(refname)%00%(upstream:short)%00%(objectname)%00%(upstream:track)%00%(upstream:remotename)%00%(upstream:remoteref) refs/heads/origin/develop refs/remotes/origin/develop [2ms]
2025-01-23 16:55:56.268 [info] > git rev-parse --show-toplevel [1ms]
2025-01-23 16:55:56.272 [info] > git rev-parse --git-dir --git-common-dir [1ms]
2025-01-23 16:55:56.274 [info] [Model][openRepository] Opened repository: /home/sgass/Projects/kepler/third_party/libhydrogen
2025-01-23 16:55:56.281 [info] > git config --get commit.template [3ms]
2025-01-23 16:55:56.282 [info] > git rev-parse --show-toplevel [2ms]
2025-01-23 16:55:56.287 [info] > git for-each-ref --format %(refname) %(objectname) %(*objectname) refs/tags [2ms]
2025-01-23 16:55:56.289 [info] > git rev-parse --git-dir --git-common-dir [2ms]
2025-01-23 16:55:56.291 [info] [Model][openRepository] Opened repository: /home/sgass/Projects/kepler/third_party/magic_enum
2025-01-23 16:55:56.298 [info] > git status -z -uall [9ms]
2025-01-23 16:55:56.303 [info] > git rev-parse --show-toplevel [6ms]
2025-01-23 16:55:56.303 [info] > git config --get commit.template [9ms]
2025-01-23 16:55:56.307 [info] > git config --get commit.template [4ms]
2025-01-23 16:55:56.313 [info] > git rev-parse --git-dir --git-common-dir [6ms]
2025-01-23 16:55:56.316 [info] [Model][openRepository] Opened repository: /home/sgass/Projects/kepler/third_party/googletest
2025-01-23 16:55:56.322 [info] > git for-each-ref --format %(refname) %(objectname) %(*objectname) refs/tags [10ms]
2025-01-23 16:55:56.322 [info] > git for-each-ref --format %(refname) %(objectname) %(*objectname) refs/tags [12ms]
2025-01-23 16:55:56.326 [info] > git rev-parse --show-toplevel [3ms]
2025-01-23 16:55:56.326 [info] > git config --get commit.template [7ms]
2025-01-23 16:55:56.333 [info] > git status -z -uall [8ms]
2025-01-23 16:55:56.333 [info] > git status -z -uall [3ms]
2025-01-23 16:55:56.339 [info] > git rev-parse --show-toplevel [6ms]
2025-01-23 16:55:56.342 [info] > git config --get commit.template [4ms]
2025-01-23 16:55:56.343 [info] > git rev-parse --git-dir --git-common-dir [1ms]
2025-01-23 16:55:56.345 [info] [Model][openRepository] Opened repository: /home/sgass/Projects/kepler/third_party/fast-cpp-csv-parser
2025-01-23 16:55:56.345 [info] > git for-each-ref --format %(refname) %(objectname) %(*objectname) refs/tags [9ms]
2025-01-23 16:55:56.374 [info] > git status -z -uall [25ms]
2025-01-23 16:55:56.374 [info] > git rev-parse --show-toplevel [13ms]
2025-01-23 16:55:56.374 [info] > git config --get commit.template [17ms]
2025-01-23 16:55:56.374 [info] > git for-each-ref --format %(refname) %(objectname) %(*objectname) refs/tags [21ms]
2025-01-23 16:55:56.393 [info] > git status -z -uall [11ms]
2025-01-23 16:55:56.393 [info] > git rev-parse --git-dir --git-common-dir [7ms]
2025-01-23 16:55:56.395 [info] [Model][openRepository] Opened repository: /home/sgass/Projects/kepler/hdl/verilog-axis
2025-01-23 16:55:56.406 [info] > git for-each-ref --format %(refname) %(objectname) %(*objectname) refs/tags [14ms]
2025-01-23 16:55:56.406 [info] > git config --get commit.template [17ms]
2025-01-23 16:55:56.415 [info] > git rev-parse --show-toplevel [12ms]
2025-01-23 16:55:56.415 [info] > git config --get commit.template [16ms]
2025-01-23 16:55:56.424 [info] > git status -z -uall [12ms]
2025-01-23 16:55:56.424 [info] > git for-each-ref --format %(refname) %(objectname) %(*objectname) refs/tags [10ms]
2025-01-23 16:55:56.432 [info] > git rev-parse --git-dir --git-common-dir [9ms]
2025-01-23 16:55:56.434 [info] [Model][openRepository] Opened repository: /home/sgass/Projects/kepler/hdl/verilog-ethernet
2025-01-23 16:55:56.444 [info] > git status -z -uall [7ms]
2025-01-23 16:55:56.444 [info] > git config --get commit.template [12ms]
2025-01-23 16:55:56.445 [info] > git for-each-ref --format %(refname) %(objectname) %(*objectname) refs/tags [16ms]
2025-01-23 16:55:56.449 [info] > git rev-parse --show-toplevel [5ms]
2025-01-23 16:55:56.449 [info] > git config --get commit.template [8ms]
2025-01-23 16:55:56.455 [info] > git status -z -uall [7ms]
2025-01-23 16:55:56.463 [info] > git rev-parse --git-dir --git-common-dir [8ms]
2025-01-23 16:55:56.464 [info] [Model][openRepository] Opened repository: /home/sgass/Projects/kepler/third_party/vext.soapysdr
2025-01-23 16:55:56.464 [info] > git for-each-ref --format %(refname) %(objectname) %(*objectname) refs/tags [11ms]
2025-01-23 16:55:56.473 [info] > git status -z -uall [5ms]
2025-01-23 16:55:56.473 [info] > git config --get commit.template [11ms]
2025-01-23 16:55:56.473 [info] > git for-each-ref --format %(refname) %(objectname) %(*objectname) refs/tags [14ms]
2025-01-23 16:55:56.477 [info] > git rev-parse --show-toplevel [4ms]
2025-01-23 16:55:56.477 [info] > git config --get commit.template [7ms]
2025-01-23 16:55:56.487 [info] > git status -z -uall [11ms]
2025-01-23 16:55:56.488 [info] > git for-each-ref --format %(refname) %(objectname) %(*objectname) refs/tags [6ms]
2025-01-23 16:55:56.496 [info] > git status -z -uall [3ms]
2025-01-23 16:55:56.496 [info] > git for-each-ref --format %(refname) %(objectname) %(*objectname) refs/tags [9ms]
2025-01-23 16:55:56.496 [info] > git rev-parse --git-dir --git-common-dir [11ms]
2025-01-23 16:55:56.498 [info] [Model][openRepository] Opened repository: /home/sgass/Projects/kepler/third_party/STM32CubeL1
2025-01-23 16:55:56.506 [info] > git status -z -uall [5ms]
2025-01-23 16:55:56.506 [info] > git config --get commit.template [10ms]
2025-01-23 16:55:56.508 [info] > git rev-parse --show-toplevel [2ms]
2025-01-23 16:55:56.508 [info] > git config --get commit.template [5ms]
2025-01-23 16:55:56.521 [info] > git rev-parse --git-dir --git-common-dir [6ms]
2025-01-23 16:55:56.522 [info] [Model][openRepository] Opened repository: /home/sgass/Projects/kepler/ansible/kubespray
2025-01-23 16:55:56.522 [info] > git for-each-ref --format %(refname) %(objectname) %(*objectname) refs/tags [10ms]
2025-01-23 16:55:56.529 [info] > git for-each-ref --format %(refname) %(objectname) %(*objectname) refs/tags [8ms]
2025-01-23 16:55:56.529 [info] > git config --get commit.template [11ms]
2025-01-23 16:55:56.536 [info] > git status -z -uall [11ms]
2025-01-23 16:55:56.536 [info] > git config --get commit.template [8ms]
2025-01-23 16:55:56.538 [info] > git for-each-ref --format %(refname) %(objectname) %(*objectname) refs/tags [2ms]
2025-01-23 16:55:56.545 [info] > git status -z -uall [2ms]
2025-01-23 16:55:56.552 [info] > git status -z -uall [18ms]
2025-01-23 16:55:56.557 [info] > git for-each-ref --format %(refname) %(objectname) %(*objectname) refs/tags [17ms]
2025-01-23 16:55:56.561 [info] > git config --get commit.template [4ms]
2025-01-23 16:55:56.565 [info] > git for-each-ref --format %(refname) %(objectname) %(*objectname) refs/tags [1ms]
2025-01-23 16:55:56.568 [info] > git status -z -uall [8ms]
2025-01-23 16:55:56.576 [info] > git config --get commit.template [3ms]
2025-01-23 16:55:56.578 [info] > git for-each-ref --format %(refname) %(objectname) %(*objectname) refs/tags [3ms]
2025-01-23 16:55:56.585 [info] > git status -z -uall [18ms]
2025-01-23 16:55:56.589 [info] > git status -z -uall [8ms]
2025-01-23 16:55:56.791 [info] > git check-ignore -v -z --stdin [6ms]
2025-01-24 09:34:46.526 [info] > git show --textconv :python/kepler/kepler/fpga/sdr_platform/sdr_wrapper.py [5ms]
2025-01-24 09:34:46.531 [info] > git ls-files --stage -- /home/sgass/Projects/kepler/python/kepler/kepler/fpga/sdr_platform/sdr_wrapper.py [5ms]
2025-01-24 09:34:46.536 [info] > git cat-file -s 9bcdccf59d13d01aa3bf95a5c7026d2ddffbe649 [2ms]
2025-01-24 09:34:46.818 [info] > git check-ignore -v -z --stdin [13ms]
2025-01-24 09:36:23.359 [info] > git show --textconv :python/kepler/kepler/fpga/sdr_platform/sdr_factory.py [10ms]
2025-01-24 09:36:23.366 [info] > git ls-files --stage -- /home/sgass/Projects/kepler/python/kepler/kepler/fpga/sdr_platform/sdr_factory.py [9ms]
2025-01-24 09:36:23.378 [info] > git cat-file -s 3adbc83fb56606cf97e30255c958ed8e62cb75b3 [4ms]
2025-01-24 09:36:23.633 [info] > git check-ignore -v -z --stdin [10ms]
2025-01-24 09:37:48.265 [info] > git show --textconv :python/kepler/kepler/fpga/scripts/sdr_basic.py [11ms]
2025-01-24 09:37:48.268 [info] > git ls-files --stage -- /home/sgass/Projects/kepler/python/kepler/kepler/fpga/scripts/sdr_basic.py [6ms]
2025-01-24 09:37:48.273 [info] > git cat-file -s f369d0ed71af95719bdeeb502195257cd4af1f1c [1ms]
2025-01-24 09:37:48.540 [info] > git check-ignore -v -z --stdin [8ms]
2025-01-24 09:38:20.400 [info] > git show --textconv :python/kepler/kepler/fpga/sdr_platform/sdr_factory.py [10ms]
2025-01-24 09:38:20.406 [info] > git ls-files --stage -- /home/sgass/Projects/kepler/python/kepler/kepler/fpga/sdr_platform/sdr_factory.py [7ms]
2025-01-24 09:38:20.418 [info] > git cat-file -s 3adbc83fb56606cf97e30255c958ed8e62cb75b3 [3ms]
2025-01-24 09:38:30.796 [info] > git show --textconv :python/kepler/kepler/fpga/scripts/sdr_basic.py [6ms]
2025-01-24 09:38:30.799 [info] > git ls-files --stage -- /home/sgass/Projects/kepler/python/kepler/kepler/fpga/scripts/sdr_basic.py [4ms]
2025-01-24 09:38:30.804 [info] > git cat-file -s f369d0ed71af95719bdeeb502195257cd4af1f1c [2ms]
2025-01-24 09:38:36.329 [info] > git show --textconv :python/kepler/kepler/fpga/sdr_platform/sdr_factory.py [12ms]
2025-01-24 09:38:36.333 [info] > git ls-files --stage -- /home/sgass/Projects/kepler/python/kepler/kepler/fpga/sdr_platform/sdr_factory.py [6ms]
2025-01-24 09:38:36.345 [info] > git cat-file -s 3adbc83fb56606cf97e30255c958ed8e62cb75b3 [3ms]
2025-01-24 09:39:34.882 [info] > git show --textconv :python/kepler/kepler/fpga/sdr_platform/sdr_factory_pcuecp.py [8ms]
2025-01-24 09:39:34.887 [info] > git ls-files --stage -- /home/sgass/Projects/kepler/python/kepler/kepler/fpga/sdr_platform/sdr_factory_pcuecp.py [7ms]
2025-01-24 09:39:34.898 [info] > git cat-file -s e23b2f7f83ccd5018f4a7c4936188d6026f6f0ed [5ms]
2025-01-24 09:39:35.146 [info] > git check-ignore -v -z --stdin [6ms]
2025-01-24 09:41:57.395 [info] > git show --textconv :python/kepler/kepler/fpga/sdr_platform/sdr_wrapper.py [11ms]
2025-01-24 09:41:57.403 [info] > git ls-files --stage -- /home/sgass/Projects/kepler/python/kepler/kepler/fpga/sdr_platform/sdr_wrapper.py [9ms]
2025-01-24 09:41:57.414 [info] > git cat-file -s 9bcdccf59d13d01aa3bf95a5c7026d2ddffbe649 [3ms]
2025-01-24 09:42:31.113 [info] > git show --textconv :python/kepler/kepler/fpga/sdr_platform/sdr_factory.py [12ms]
2025-01-24 09:42:31.119 [info] > git ls-files --stage -- /home/sgass/Projects/kepler/python/kepler/kepler/fpga/sdr_platform/sdr_factory.py [9ms]
2025-01-24 09:42:31.133 [info] > git cat-file -s 3adbc83fb56606cf97e30255c958ed8e62cb75b3 [4ms]
2025-01-24 09:42:38.581 [info] > git show --textconv :python/kepler/kepler/fpga/sdr_platform/sdr_factory_pcuecp.py [8ms]
2025-01-24 09:42:38.588 [info] > git ls-files --stage -- /home/sgass/Projects/kepler/python/kepler/kepler/fpga/sdr_platform/sdr_factory_pcuecp.py [8ms]
2025-01-24 09:42:38.598 [info] > git cat-file -s e23b2f7f83ccd5018f4a7c4936188d6026f6f0ed [3ms]
2025-01-24 09:49:45.552 [info] > git show --textconv :python/kepler/kepler/fpga/scripts/sdr_basic.py [13ms]
2025-01-24 09:49:45.558 [info] > git ls-files --stage -- /home/sgass/Projects/kepler/python/kepler/kepler/fpga/scripts/sdr_basic.py [11ms]
2025-01-24 09:49:45.569 [info] > git cat-file -s f369d0ed71af95719bdeeb502195257cd4af1f1c [3ms]
2025-01-24 09:49:57.852 [info] > git check-ignore -v -z --stdin [205ms]
2025-01-24 09:49:57.852 [info] > git show --textconv :python/kepler/kepler/fpga/devices/network_packet_generator_avmm.py [201ms]
2025-01-24 09:49:57.852 [info] > git ls-files --stage -- /home/sgass/Projects/kepler/python/kepler/kepler/fpga/devices/network_packet_generator_avmm.py [197ms]
2025-01-24 09:49:57.891 [info] > git cat-file -s f685c4b0d00eed2cc78e4ad468eb58a4d630d582 [35ms]
2025-01-24 10:10:55.961 [info] > git show --textconv :hdl/rtl/network_packet_generator/network_packet_generator.sv [209ms]
2025-01-24 10:10:56.214 [info] > git check-ignore -v -z --stdin [258ms]
2025-01-24 10:10:56.215 [info] > git ls-files --stage -- /home/sgass/Projects/kepler/hdl/rtl/network_packet_generator/network_packet_generator.sv [255ms]
2025-01-24 10:10:56.377 [info] > git cat-file -s 1e7d61b151462bdf9105f8afca86c1acc790840b [157ms]
2025-01-24 10:10:58.076 [info] > git show --textconv :hdl/sim/network_packet_generator/network_packet_generator_tb.sv [231ms]
2025-01-24 10:10:58.262 [info] > git check-ignore -v -z --stdin [190ms]
2025-01-24 10:10:58.262 [info] > git ls-files --stage -- /home/sgass/Projects/kepler/hdl/sim/network_packet_generator/network_packet_generator_tb.sv [187ms]
2025-01-24 10:10:58.503 [info] > git cat-file -s b0f256b42eafffe68a00165b5d71ee18be9c7403 [237ms]
2025-01-24 10:52:10.792 [info] > git show --textconv :python/kepler/kepler/fpga/devices/network_packet_generator_avmm.py [12ms]
2025-01-24 10:52:10.797 [info] > git ls-files --stage -- /home/sgass/Projects/kepler/python/kepler/kepler/fpga/devices/network_packet_generator_avmm.py [7ms]
2025-01-24 10:52:10.808 [info] > git cat-file -s f685c4b0d00eed2cc78e4ad468eb58a4d630d582 [5ms]
2025-01-24 10:54:57.977 [info] > git show --textconv :hdl/rtl/network_packet_generator/network_packet_generator.sv [9ms]
2025-01-24 10:54:57.982 [info] > git ls-files --stage -- /home/sgass/Projects/kepler/hdl/rtl/network_packet_generator/network_packet_generator.sv [5ms]
2025-01-24 10:54:57.996 [info] > git cat-file -s 1e7d61b151462bdf9105f8afca86c1acc790840b [6ms]
2025-01-24 12:01:24.909 [info] > git show --textconv :hdl/rtl/board/pcuecp/board_pcuecp_system.sv [124ms]
2025-01-24 12:01:25.113 [info] > git ls-files --stage -- /home/sgass/Projects/kepler/hdl/rtl/board/pcuecp/board_pcuecp_system.sv [204ms]
2025-01-24 12:01:25.278 [info] > git check-ignore -v -z --stdin [166ms]
2025-01-24 12:01:25.278 [info] > git cat-file -s 165a40df44d8c7cb7b286394e5b1b1da736d5c18 [161ms]
2025-01-24 12:01:27.679 [info] > git show --textconv :hdl/rtl/board/pcuecp/board_pcuecp_p4_router_wrapper.sv [190ms]
2025-01-24 12:01:27.812 [info] > git ls-files --stage -- /home/sgass/Projects/kepler/hdl/rtl/board/pcuecp/board_pcuecp_p4_router_wrapper.sv [133ms]
2025-01-24 12:01:27.950 [info] > git check-ignore -v -z --stdin [139ms]
2025-01-24 12:01:27.950 [info] > git cat-file -s 89c4dc6d6eb02c128b87d11a8fac489b1b44eb61 [134ms]
2025-01-24 12:01:37.940 [info] > git show --textconv :hdl/rtl/board/pcuecp/board_pcuecp_system.sv [6ms]
2025-01-24 12:01:37.945 [info] > git ls-files --stage -- /home/sgass/Projects/kepler/hdl/rtl/board/pcuecp/board_pcuecp_system.sv [6ms]
2025-01-24 12:01:37.959 [info] > git cat-file -s 165a40df44d8c7cb7b286394e5b1b1da736d5c18 [4ms]
2025-01-24 12:02:13.731 [info] > git show --textconv :hdl/rtl/network_packet_generator/network_packet_generator.sv [18ms]
2025-01-24 12:02:13.739 [info] > git ls-files --stage -- /home/sgass/Projects/kepler/hdl/rtl/network_packet_generator/network_packet_generator.sv [11ms]
2025-01-24 12:02:13.754 [info] > git cat-file -s 1e7d61b151462bdf9105f8afca86c1acc790840b [6ms]
2025-01-24 12:05:16.975 [info] > git show --textconv :hdl/rtl/board/pcuecp/board_pcuecp_system.sv [12ms]
2025-01-24 12:05:16.982 [info] > git ls-files --stage -- /home/sgass/Projects/kepler/hdl/rtl/board/pcuecp/board_pcuecp_system.sv [10ms]
2025-01-24 12:05:16.997 [info] > git cat-file -s 165a40df44d8c7cb7b286394e5b1b1da736d5c18 [5ms]
2025-01-24 12:05:18.981 [info] > git show --textconv :hdl/rtl/board/pcuecp/board_pcuecp_p4_router_wrapper.sv [11ms]
2025-01-24 12:05:18.990 [info] > git ls-files --stage -- /home/sgass/Projects/kepler/hdl/rtl/board/pcuecp/board_pcuecp_p4_router_wrapper.sv [10ms]
2025-01-24 12:05:19.004 [info] > git cat-file -s 89c4dc6d6eb02c128b87d11a8fac489b1b44eb61 [4ms]
2025-01-24 12:09:18.501 [info] > git show --textconv :hdl/rtl/board/pcuecp/board_pcuecp_system.sv [12ms]
2025-01-24 12:09:18.506 [info] > git ls-files --stage -- /home/sgass/Projects/kepler/hdl/rtl/board/pcuecp/board_pcuecp_system.sv [7ms]
2025-01-24 12:09:18.519 [info] > git cat-file -s 165a40df44d8c7cb7b286394e5b1b1da736d5c18 [4ms]
2025-01-24 12:11:21.075 [info] > git show --textconv :python/kepler/kepler/fpga/sdr_platform/sdr_factory_pcuecp.py [10ms]
2025-01-24 12:11:21.079 [info] > git ls-files --stage -- /home/sgass/Projects/kepler/python/kepler/kepler/fpga/sdr_platform/sdr_factory_pcuecp.py [5ms]
2025-01-24 12:11:21.094 [info] > git cat-file -s e23b2f7f83ccd5018f4a7c4936188d6026f6f0ed [6ms]
2025-01-24 12:11:26.252 [info] > git show --textconv :hdl/rtl/network_packet_generator/network_packet_generator.sv [13ms]
2025-01-24 12:11:26.257 [info] > git ls-files --stage -- /home/sgass/Projects/kepler/hdl/rtl/network_packet_generator/network_packet_generator.sv [8ms]
2025-01-24 12:11:26.273 [info] > git cat-file -s 1e7d61b151462bdf9105f8afca86c1acc790840b [5ms]
2025-01-24 12:12:25.056 [info] > git show --textconv :python/kepler/kepler/fpga/devices/network_packet_generator_avmm.py [16ms]
2025-01-24 12:12:25.063 [info] > git ls-files --stage -- /home/sgass/Projects/kepler/python/kepler/kepler/fpga/devices/network_packet_generator_avmm.py [9ms]
2025-01-24 12:12:25.080 [info] > git cat-file -s f685c4b0d00eed2cc78e4ad468eb58a4d630d582 [4ms]
2025-01-24 12:14:20.136 [info] > git show --textconv :python/kepler/kepler/fpga/devices/tiny_bcam.py [86ms]
2025-01-24 12:14:20.136 [info] > git ls-files --stage -- /home/sgass/Projects/kepler/python/kepler/kepler/fpga/devices/tiny_bcam.py [81ms]
2025-01-24 12:14:20.237 [info] > git cat-file -s 1991cf842e4144f748d9dc4fb6afe5532ab89647 [95ms]
2025-01-24 12:14:20.317 [info] > git check-ignore -v -z --stdin [81ms]
2025-01-24 12:14:33.812 [info] > git show --textconv :python/kepler/kepler/fpga/devices/tiny_bcam_avmm.py [112ms]
2025-01-24 12:14:33.927 [info] > git ls-files --stage -- /home/sgass/Projects/kepler/python/kepler/kepler/fpga/devices/tiny_bcam_avmm.py [116ms]
2025-01-24 12:14:34.058 [info] > git check-ignore -v -z --stdin [132ms]
2025-01-24 12:14:34.059 [info] > git cat-file -s 55eafc5436ac36185dae95341f3b5b5648123908 [128ms]
2025-01-24 12:18:36.404 [info] > git show --textconv :python/kepler/kepler/fpga/sdr_platform/sdr_factory.py [14ms]
2025-01-24 12:18:36.411 [info] > git ls-files --stage -- /home/sgass/Projects/kepler/python/kepler/kepler/fpga/sdr_platform/sdr_factory.py [9ms]
2025-01-24 12:18:36.427 [info] > git cat-file -s 3adbc83fb56606cf97e30255c958ed8e62cb75b3 [4ms]
2025-01-24 12:18:39.575 [info] > git show --textconv :python/kepler/kepler/fpga/sdr_platform/sdr_factory_pcuecp.py [12ms]
2025-01-24 12:18:39.584 [info] > git ls-files --stage -- /home/sgass/Projects/kepler/python/kepler/kepler/fpga/sdr_platform/sdr_factory_pcuecp.py [11ms]
2025-01-24 12:18:39.597 [info] > git cat-file -s e23b2f7f83ccd5018f4a7c4936188d6026f6f0ed [4ms]
2025-01-24 12:19:36.486 [info] > git show --textconv :python/kepler/kepler/fpga/devices/network_packet_generator_avmm.py [13ms]
2025-01-24 12:19:36.494 [info] > git ls-files --stage -- /home/sgass/Projects/kepler/python/kepler/kepler/fpga/devices/network_packet_generator_avmm.py [10ms]
2025-01-24 12:19:36.510 [info] > git cat-file -s f685c4b0d00eed2cc78e4ad468eb58a4d630d582 [3ms]
2025-01-24 12:21:13.014 [info] > git show --textconv :python/kepler/kepler/fpga/sdr_platform/sdr_factory_pcuecp.py [16ms]
2025-01-24 12:21:13.020 [info] > git ls-files --stage -- /home/sgass/Projects/kepler/python/kepler/kepler/fpga/sdr_platform/sdr_factory_pcuecp.py [7ms]
2025-01-24 12:21:13.035 [info] > git cat-file -s e23b2f7f83ccd5018f4a7c4936188d6026f6f0ed [4ms]
2025-01-24 12:21:22.043 [info] > git show --textconv :python/kepler/kepler/fpga/devices/tiny_bcam_avmm.py [12ms]
2025-01-24 12:21:22.051 [info] > git ls-files --stage -- /home/sgass/Projects/kepler/python/kepler/kepler/fpga/devices/tiny_bcam_avmm.py [10ms]
2025-01-24 12:21:22.067 [info] > git cat-file -s 55eafc5436ac36185dae95341f3b5b5648123908 [4ms]
2025-01-24 14:47:21.816 [info] > git show --textconv :hdl/rtl/board/pcuecp/board_pcuecp_p4_router_wrapper.sv [13ms]
2025-01-24 14:47:21.825 [info] > git ls-files --stage -- /home/sgass/Projects/kepler/hdl/rtl/board/pcuecp/board_pcuecp_p4_router_wrapper.sv [10ms]
2025-01-24 14:47:21.840 [info] > git cat-file -s 89c4dc6d6eb02c128b87d11a8fac489b1b44eb61 [4ms]
2025-01-24 14:47:33.391 [info] > git show --textconv :hdl/rtl/board/pcuecp/board_pcuecp_system.sv [12ms]
2025-01-24 14:47:33.397 [info] > git ls-files --stage -- /home/sgass/Projects/kepler/hdl/rtl/board/pcuecp/board_pcuecp_system.sv [7ms]
2025-01-24 14:47:33.412 [info] > git cat-file -s 165a40df44d8c7cb7b286394e5b1b1da736d5c18 [4ms]
