2024-07-09 08:56:58.200 [info] Reading sessions from keychain...
2024-07-09 08:56:58.200 [info] Getting sessions for all scopes...
2024-07-09 08:56:58.200 [info] Getting sessions for all scopes...
2024-07-09 08:56:58.200 [info] Getting sessions for read:user,repo,user:email,workflow...
2024-07-09 08:56:58.200 [info] Got 0 sessions for ...
2024-07-09 08:56:58.200 [info] Got 0 sessions for ...
2024-07-09 08:56:58.200 [info] Got 0 sessions for read:user,repo,user:email,workflow...
2024-07-09 08:56:58.316 [info] Getting sessions for read:user,repo,user:email,workflow...
2024-07-09 08:56:58.316 [info] Got 0 sessions for read:user,repo,user:email,workflow...
2024-07-09 08:56:58.334 [info] Getting sessions for read:user,repo,user:email,workflow...
2024-07-09 08:56:58.334 [info] Got 0 sessions for read:user,repo,user:email,workflow...
2024-07-09 08:56:58.851 [info] Getting sessions for read:user,repo,user:email,workflow...
2024-07-09 08:56:58.851 [info] Got 0 sessions for read:user,repo,user:email,workflow...
2024-07-10 08:47:53.605 [info] Getting sessions for read:user,repo,user:email,workflow...
2024-07-10 08:47:53.605 [info] Got 0 sessions for read:user,repo,user:email,workflow...
2024-07-10 08:48:07.134 [info] Getting sessions for read:user,repo,user:email,workflow...
2024-07-10 08:48:07.134 [info] Got 0 sessions for read:user,repo,user:email,workflow...
2024-07-10 08:48:13.674 [info] Getting sessions for read:user,repo,user:email,workflow...
2024-07-10 08:48:13.674 [info] Got 0 sessions for read:user,repo,user:email,workflow...
2024-07-10 08:49:45.060 [info] Getting sessions for read:user,repo,user:email,workflow...
2024-07-10 08:49:45.060 [info] Got 0 sessions for read:user,repo,user:email,workflow...
2024-07-10 08:49:45.159 [info] Getting sessions for read:user,repo,user:email,workflow...
2024-07-10 08:49:45.159 [info] Got 0 sessions for read:user,repo,user:email,workflow...
2024-07-10 08:49:45.210 [info] Getting sessions for read:user,repo,user:email,workflow...
2024-07-10 08:49:45.210 [info] Got 0 sessions for read:user,repo,user:email,workflow...
2024-07-10 09:21:33.827 [info] Getting sessions for read:user,repo,user:email,workflow...
2024-07-10 09:21:33.827 [info] Got 0 sessions for read:user,repo,user:email,workflow...
2024-07-11 09:49:06.811 [info] Reading sessions from keychain...
2024-07-11 09:49:06.811 [info] Getting sessions for all scopes...
2024-07-11 09:49:06.811 [info] Getting sessions for all scopes...
2024-07-11 09:49:06.811 [info] Got 0 sessions for ...
2024-07-11 09:49:06.811 [info] Got 0 sessions for ...
2024-07-11 09:49:06.848 [info] Getting sessions for read:user,repo,user:email,workflow...
2024-07-11 09:49:06.848 [info] Got 0 sessions for read:user,repo,user:email,workflow...
2024-07-11 09:49:07.353 [info] Getting sessions for read:user,repo,user:email,workflow...
2024-07-11 09:49:07.353 [info] Got 0 sessions for read:user,repo,user:email,workflow...
2024-07-11 09:49:07.864 [info] Getting sessions for read:user,repo,user:email,workflow...
2024-07-11 09:49:07.864 [info] Got 0 sessions for read:user,repo,user:email,workflow...
2024-07-11 12:37:57.247 [info] Reading sessions from keychain...
2024-07-11 12:37:57.247 [info] Getting sessions for all scopes...
2024-07-11 12:37:57.247 [info] Getting sessions for all scopes...
2024-07-11 12:37:57.247 [info] Got 0 sessions for ...
2024-07-11 12:37:57.247 [info] Got 0 sessions for ...
2024-07-11 12:37:57.247 [info] Getting sessions for read:user,repo,user:email,workflow...
2024-07-11 12:37:57.247 [info] Got 0 sessions for read:user,repo,user:email,workflow...
2024-07-11 12:37:57.274 [info] Getting sessions for read:user,repo,user:email,workflow...
2024-07-11 12:37:57.274 [info] Got 0 sessions for read:user,repo,user:email,workflow...
2024-07-11 12:37:57.403 [info] Getting sessions for read:user,repo,user:email,workflow...
2024-07-11 12:37:57.403 [info] Got 0 sessions for read:user,repo,user:email,workflow...
2024-07-11 12:37:57.948 [info] Getting sessions for read:user,repo,user:email,workflow...
2024-07-11 12:37:57.948 [info] Got 0 sessions for read:user,repo,user:email,workflow...
