2025-03-04 15:37:13.989 [info] Added views:workbench.panel.markers.view in workbench.panel.markers
2025-03-04 15:37:13.989 [info] Added views:workbench.panel.output in workbench.panel.output
2025-03-04 15:37:13.989 [info] Added views:terminal in terminal
2025-03-04 15:37:13.989 [info] Added views:outline in workbench.view.explorer
2025-03-04 15:37:13.989 [info] Added views:workbench.scm in workbench.view.scm
2025-03-04 15:37:13.989 [info] Added views:workbench.view.search in workbench.view.search
2025-03-04 15:37:13.989 [info] Added views:timeline in workbench.view.explorer
2025-03-04 15:37:13.989 [info] Added views:workbench.explorer.fileView in workbench.view.explorer
2025-03-04 15:37:14.099 [info] Added views:workbench.debug.welcome in workbench.view.debug
2025-03-04 15:37:14.471 [info] Added views:workbench.panel.repl.view in workbench.panel.repl
2025-03-04 15:37:14.741 [info] Added views:workbench.scm.history in workbench.view.scm
2025-03-04 15:37:14.867 [info] Added views:~remote.forwardedPorts in ~remote.forwardedPortsContainer
2025-03-04 15:47:43.338 [info] Added views:workbench.view.testing in workbench.view.extension.test
2025-03-06 14:36:54.637 [info] Removed views:workbench.scm.history from workbench.view.scm
2025-03-06 14:36:54.638 [info] Removed views:workbench.view.testing from workbench.view.extension.test
2025-03-06 14:36:55.244 [info] Added views:workbench.panel.markers.view in workbench.panel.markers
2025-03-06 14:36:55.244 [info] Added views:workbench.panel.output in workbench.panel.output
2025-03-06 14:36:55.244 [info] Added views:terminal in terminal
2025-03-06 14:36:55.244 [info] Added views:outline in workbench.view.explorer
2025-03-06 14:36:55.244 [info] Added views:workbench.scm in workbench.view.scm
2025-03-06 14:36:55.244 [info] Added views:workbench.view.search in workbench.view.search
2025-03-06 14:36:55.244 [info] Added views:timeline in workbench.view.explorer
2025-03-06 14:36:55.244 [info] Added views:workbench.explorer.fileView in workbench.view.explorer
2025-03-06 14:36:55.358 [info] Added views:workbench.debug.welcome in workbench.view.debug
2025-03-06 14:36:55.885 [info] Added views:workbench.panel.repl.view in workbench.panel.repl
2025-03-06 14:36:56.542 [info] Added views:~remote.forwardedPorts in ~remote.forwardedPortsContainer
2025-03-06 14:36:56.903 [info] Added views:workbench.scm.history in workbench.view.scm
2025-03-06 15:11:13.940 [info] Removed views:workbench.scm.history from workbench.view.scm
2025-03-06 15:11:14.689 [info] Added views:workbench.panel.markers.view in workbench.panel.markers
2025-03-06 15:11:14.689 [info] Added views:workbench.panel.output in workbench.panel.output
2025-03-06 15:11:14.689 [info] Added views:terminal in terminal
2025-03-06 15:11:14.689 [info] Added views:outline in workbench.view.explorer
2025-03-06 15:11:14.689 [info] Added views:workbench.scm in workbench.view.scm
2025-03-06 15:11:14.689 [info] Added views:workbench.view.search in workbench.view.search
2025-03-06 15:11:14.689 [info] Added views:timeline in workbench.view.explorer
2025-03-06 15:11:14.689 [info] Added views:workbench.explorer.fileView in workbench.view.explorer
2025-03-06 15:11:15.141 [info] Added views:workbench.debug.variablesView,workbench.debug.watchExpressionsView,workbench.debug.callStackView,workbench.debug.breakPointsView in workbench.view.debug
2025-03-06 15:11:15.170 [info] Added views:workbench.panel.repl.view in workbench.panel.repl
2025-03-06 15:11:15.170 [info] Removed views:workbench.debug.breakPointsView,workbench.debug.callStackView,workbench.debug.watchExpressionsView,workbench.debug.variablesView from workbench.view.debug
2025-03-06 15:11:15.171 [info] Added views:workbench.debug.welcome in workbench.view.debug
2025-03-06 15:11:15.311 [info] Added views:workbench.scm.history in workbench.view.scm
2025-03-06 15:11:15.489 [info] Added views:~remote.forwardedPorts in ~remote.forwardedPortsContainer
2025-03-06 16:05:19.017 [info] Removed views:workbench.scm.history from workbench.view.scm
2025-03-06 16:05:19.896 [info] Added views:workbench.panel.markers.view in workbench.panel.markers
2025-03-06 16:05:19.896 [info] Added views:workbench.panel.output in workbench.panel.output
2025-03-06 16:05:19.896 [info] Added views:terminal in terminal
2025-03-06 16:05:19.896 [info] Added views:outline in workbench.view.explorer
2025-03-06 16:05:19.896 [info] Added views:workbench.scm in workbench.view.scm
2025-03-06 16:05:19.896 [info] Added views:workbench.view.search in workbench.view.search
2025-03-06 16:05:19.896 [info] Added views:timeline in workbench.view.explorer
2025-03-06 16:05:19.896 [info] Added views:workbench.explorer.fileView in workbench.view.explorer
2025-03-06 16:05:20.068 [info] Added views:workbench.debug.welcome in workbench.view.debug
2025-03-06 16:05:20.730 [info] Added views:workbench.panel.repl.view in workbench.panel.repl
2025-03-06 16:05:21.899 [info] Added views:workbench.scm.history in workbench.view.scm
2025-03-06 16:05:22.140 [info] Added views:~remote.forwardedPorts in ~remote.forwardedPortsContainer
2025-03-06 16:10:48.656 [info] Added views:workbench.view.testing in workbench.view.extension.test
2025-03-07 10:35:10.346 [info] Removed views:workbench.scm.history from workbench.view.scm
2025-03-07 10:35:10.347 [info] Removed views:workbench.view.testing from workbench.view.extension.test
2025-03-07 10:35:10.945 [info] Added views:workbench.panel.markers.view in workbench.panel.markers
2025-03-07 10:35:10.945 [info] Added views:workbench.panel.output in workbench.panel.output
2025-03-07 10:35:10.945 [info] Added views:terminal in terminal
2025-03-07 10:35:10.945 [info] Added views:outline in workbench.view.explorer
2025-03-07 10:35:10.945 [info] Added views:workbench.scm in workbench.view.scm
2025-03-07 10:35:10.945 [info] Added views:workbench.view.search in workbench.view.search
2025-03-07 10:35:10.945 [info] Added views:timeline in workbench.view.explorer
2025-03-07 10:35:10.945 [info] Added views:workbench.explorer.fileView in workbench.view.explorer
2025-03-07 10:35:11.330 [info] Added views:workbench.debug.welcome in workbench.view.debug
2025-03-07 10:35:11.403 [info] Added views:workbench.panel.repl.view in workbench.panel.repl
2025-03-07 10:35:11.590 [info] Added views:workbench.scm.history in workbench.view.scm
2025-03-07 10:35:11.847 [info] Added views:~remote.forwardedPorts in ~remote.forwardedPortsContainer
2025-03-07 10:35:15.094 [info] Added views:workbench.view.testing in workbench.view.extension.test
2025-03-07 16:25:18.550 [info] Removed views:workbench.scm.history from workbench.view.scm
2025-03-07 16:25:18.551 [info] Removed views:workbench.view.testing from workbench.view.extension.test
2025-03-07 16:25:19.182 [info] Added views:workbench.panel.markers.view in workbench.panel.markers
2025-03-07 16:25:19.182 [info] Added views:workbench.panel.output in workbench.panel.output
2025-03-07 16:25:19.182 [info] Added views:terminal in terminal
2025-03-07 16:25:19.182 [info] Added views:outline in workbench.view.explorer
2025-03-07 16:25:19.182 [info] Added views:workbench.scm in workbench.view.scm
2025-03-07 16:25:19.182 [info] Added views:workbench.view.search in workbench.view.search
2025-03-07 16:25:19.182 [info] Added views:timeline in workbench.view.explorer
2025-03-07 16:25:19.182 [info] Added views:workbench.explorer.fileView in workbench.view.explorer
2025-03-07 16:25:19.291 [info] Added views:workbench.debug.welcome in workbench.view.debug
2025-03-07 16:25:19.758 [info] Added views:workbench.panel.repl.view in workbench.panel.repl
2025-03-07 16:25:19.936 [info] Added views:workbench.view.testing in workbench.view.extension.test
2025-03-07 16:25:20.249 [info] Added views:~remote.forwardedPorts in ~remote.forwardedPortsContainer
2025-03-07 16:25:20.746 [info] Added views:workbench.scm.history in workbench.view.scm
2025-03-07 16:25:47.048 [info] Removed views:workbench.scm.history from workbench.view.scm
2025-03-07 16:25:47.050 [info] Removed views:workbench.view.testing from workbench.view.extension.test
2025-03-07 16:25:47.761 [info] Added views:workbench.panel.markers.view in workbench.panel.markers
2025-03-07 16:25:47.761 [info] Added views:workbench.panel.output in workbench.panel.output
2025-03-07 16:25:47.761 [info] Added views:terminal in terminal
2025-03-07 16:25:47.761 [info] Added views:outline in workbench.view.explorer
2025-03-07 16:25:47.761 [info] Added views:workbench.scm in workbench.view.scm
2025-03-07 16:25:47.761 [info] Added views:workbench.view.search in workbench.view.search
2025-03-07 16:25:47.761 [info] Added views:timeline in workbench.view.explorer
2025-03-07 16:25:47.761 [info] Added views:workbench.explorer.fileView in workbench.view.explorer
2025-03-07 16:25:47.880 [info] Added views:workbench.debug.welcome in workbench.view.debug
2025-03-07 16:25:48.492 [info] Added views:workbench.panel.repl.view in workbench.panel.repl
2025-03-07 16:25:48.728 [info] Added views:workbench.view.testing in workbench.view.extension.test
2025-03-07 16:25:49.141 [info] Added views:~remote.forwardedPorts in ~remote.forwardedPortsContainer
2025-03-07 16:25:49.501 [info] Added views:workbench.scm.history in workbench.view.scm
2025-03-07 21:17:23.613 [info] Removed views:workbench.scm.history from workbench.view.scm
2025-03-07 21:17:23.614 [info] Removed views:workbench.view.testing from workbench.view.extension.test
