2025-01-20 20:12:59.736 [info] Reading sessions from keychain...
2025-01-20 20:12:59.736 [info] Getting sessions for all scopes...
2025-01-20 20:12:59.736 [info] Getting sessions for all scopes...
2025-01-20 20:12:59.736 [info] Getting sessions for read:user,repo,user:email,workflow...
2025-01-20 20:12:59.736 [info] Got 0 sessions for ...
2025-01-20 20:12:59.736 [info] Got 0 sessions for ...
2025-01-20 20:12:59.736 [info] Got 0 sessions for read:user,repo,user:email,workflow...
2025-01-20 20:12:59.764 [info] Getting sessions for read:user,repo,user:email,workflow...
2025-01-20 20:12:59.764 [info] Got 0 sessions for read:user,repo,user:email,workflow...
2025-01-20 20:12:59.893 [info] Getting sessions for read:user,repo,user:email,workflow...
2025-01-20 20:12:59.893 [info] Got 0 sessions for read:user,repo,user:email,workflow...
2025-01-20 20:12:59.909 [info] Getting sessions for read:user,repo,user:email,workflow...
2025-01-20 20:12:59.909 [info] Got 0 sessions for read:user,repo,user:email,workflow...
2025-01-21 10:11:22.023 [info] Reading sessions from keychain...
2025-01-21 10:11:22.023 [info] Getting sessions for all scopes...
2025-01-21 10:11:22.023 [info] Getting sessions for all scopes...
2025-01-21 10:11:22.023 [info] Got 0 sessions for ...
2025-01-21 10:11:22.023 [info] Got 0 sessions for ...
2025-01-21 10:11:22.023 [info] Getting sessions for read:user,repo,user:email,workflow...
2025-01-21 10:11:22.023 [info] Got 0 sessions for read:user,repo,user:email,workflow...
2025-01-21 10:11:22.050 [info] Getting sessions for read:user,repo,user:email,workflow...
2025-01-21 10:11:22.050 [info] Got 0 sessions for read:user,repo,user:email,workflow...
2025-01-21 10:11:22.157 [info] Getting sessions for read:user,repo,user:email,workflow...
2025-01-21 10:11:22.157 [info] Got 0 sessions for read:user,repo,user:email,workflow...
2025-01-21 10:11:22.173 [info] Getting sessions for read:user,repo,user:email,workflow...
2025-01-21 10:11:22.173 [info] Got 0 sessions for read:user,repo,user:email,workflow...
2025-01-21 15:18:24.469 [info] Reading sessions from keychain...
2025-01-21 15:18:24.470 [info] Getting sessions for all scopes...
2025-01-21 15:18:24.470 [info] Getting sessions for all scopes...
2025-01-21 15:18:24.470 [info] Got 0 sessions for ...
2025-01-21 15:18:24.470 [info] Got 0 sessions for ...
2025-01-21 15:18:24.470 [info] Getting sessions for read:user,repo,user:email,workflow...
2025-01-21 15:18:24.470 [info] Got 0 sessions for read:user,repo,user:email,workflow...
2025-01-21 15:18:24.535 [info] Getting sessions for read:user,repo,user:email,workflow...
2025-01-21 15:18:24.535 [info] Got 0 sessions for read:user,repo,user:email,workflow...
2025-01-21 15:18:24.718 [info] Getting sessions for read:user,repo,user:email,workflow...
2025-01-21 15:18:24.718 [info] Got 0 sessions for read:user,repo,user:email,workflow...
