2025-01-06 09:40:17.433 [info] Starting Python Locator /home/sgass/.vscode/extensions/ms-python.python-2024.14.1-linux-x64/python-env-tools/bin/pet server
2025-01-06 09:40:17.433 [info] Discovered env: /home/sgass/.venvs/kepler/bin/python
2025-01-06 09:40:17.433 [info] Discovered env: /home/sgass/.venvs/kepler2/bin/python
2025-01-06 09:40:17.433 [info] Discovered env: /usr/bin/python3
2025-01-06 09:40:17.434 [info] Discovered env: /bin/python3
2025-01-06 09:40:17.435 [info] Discovered env: /usr/bin/python3.8
2025-01-06 09:40:17.439 [info] Discovered env: /bin/python3.8
2025-01-06 09:40:17.508 [info] Resolved Python Environment /usr/bin/python3
2025-01-06 09:40:17.534 [info] Locator Conda took 57.601844ms
2025-01-06 09:40:17.534 [info] Locator Homebrew took 435.434µs
2025-01-06 09:40:17.534 [info] Locator LinuxGlobal took 70.950247ms
2025-01-06 09:40:17.534 [info] Locator PipEnv took 51.3µs
2025-01-06 09:40:17.534 [info] Locator Poetry took 2.700432ms
2025-01-06 09:40:17.534 [info] Locator PyEnv took 2.751735ms
2025-01-06 09:40:17.534 [info] Locator Venv took 151.005µs
2025-01-06 09:40:17.534 [info] Locator VirtualEnv took 255.557µs
2025-01-06 09:40:17.534 [info] Locator VirtualEnvWrapper took 1.744835ms
2025-01-06 09:40:17.534 [info] Locator GlobalVirtualEnvs took 40.574106ms
2025-01-06 09:40:17.534 [info] Locator Locators took 73.253315ms
2025-01-06 09:40:17.534 [info] Locator Path took 183.48999ms
2025-01-06 09:40:17.534 [info] Locator Workspaces took 18.232365ms
2025-01-06 09:40:17.534 [info] Refresh completed in 183ms
2025-01-06 09:51:04.197 [info] Resolved Python Environment /usr/bin/python3
2025-01-06 09:52:53.275 [info] Resolved Python Environment /usr/bin/python3
2025-01-06 09:56:19.199 [info] Resolved Python Environment /usr/bin/python3
2025-01-06 10:51:19.686 [info] Resolved Python Environment /usr/bin/python3
2025-01-06 11:07:41.902 [info] Resolved Python Environment /usr/bin/python3
2025-01-06 11:12:07.429 [info] Resolved Python Environment /usr/bin/python3
2025-01-06 11:14:30.767 [info] Resolved Python Environment /usr/bin/python3
2025-01-06 11:17:53.721 [info] Resolved Python Environment /usr/bin/python3
2025-01-06 11:22:10.108 [info] Resolved Python Environment /usr/bin/python3
2025-01-06 11:23:38.059 [info] Resolved Python Environment /usr/bin/python3
2025-01-06 11:41:33.367 [info] Resolved Python Environment /usr/bin/python3
2025-01-06 11:54:31.720 [info] Resolved Python Environment /usr/bin/python3
2025-01-06 11:57:01.020 [info] Resolved Python Environment /usr/bin/python3
2025-01-06 11:58:52.806 [info] Resolved Python Environment /usr/bin/python3
2025-01-06 12:01:29.329 [info] Resolved Python Environment /usr/bin/python3
2025-01-06 12:02:32.962 [info] Resolved Python Environment /usr/bin/python3
2025-01-06 12:05:16.715 [info] Resolved Python Environment /usr/bin/python3
2025-01-06 12:06:35.640 [info] Resolved Python Environment /usr/bin/python3
2025-01-06 12:07:26.053 [info] Resolved Python Environment /usr/bin/python3
2025-01-06 12:23:26.806 [info] Resolved Python Environment /usr/bin/python3
2025-01-06 12:37:02.009 [info] Resolved Python Environment /usr/bin/python3
2025-01-06 12:40:15.521 [info] Resolved Python Environment /usr/bin/python3
2025-01-06 12:43:09.068 [info] Resolved Python Environment /usr/bin/python3
2025-01-06 12:53:06.229 [info] Resolved Python Environment /usr/bin/python3
2025-01-06 12:55:29.000 [info] Resolved Python Environment /usr/bin/python3
2025-01-06 14:34:01.788 [info] Resolved Python Environment /usr/bin/python3
2025-01-06 14:41:41.273 [info] Resolved Python Environment /usr/bin/python3
2025-01-06 15:58:28.040 [info] Resolved Python Environment /usr/bin/python3
2025-01-06 16:01:24.153 [info] Resolved Python Environment /usr/bin/python3
2025-01-06 16:02:10.725 [info] Resolved Python Environment /usr/bin/python3
2025-01-06 17:46:10.438 [info] Resolved Python Environment /usr/bin/python3
2025-01-06 18:02:33.081 [info] Resolved Python Environment /usr/bin/python3
2025-01-06 18:03:16.453 [info] Resolved Python Environment /usr/bin/python3
2025-01-06 18:03:53.188 [info] Resolved Python Environment /usr/bin/python3
2025-01-06 18:05:24.989 [info] Resolved Python Environment /usr/bin/python3
2025-01-07 10:16:22.487 [info] Resolved Python Environment /usr/bin/python3
2025-01-07 10:17:06.652 [info] Resolved Python Environment /usr/bin/python3
2025-01-07 10:33:49.478 [info] Resolved Python Environment /usr/bin/python3
2025-01-07 11:18:49.342 [info] Resolved Python Environment /usr/bin/python3
2025-01-07 11:28:42.183 [info] Resolved Python Environment /usr/bin/python3
2025-01-07 11:29:36.525 [info] Resolved Python Environment /usr/bin/python3
2025-01-07 17:45:01.403 [info] Resolved Python Environment /usr/bin/python3
2025-01-07 17:59:46.920 [info] Resolved Python Environment /usr/bin/python3
2025-01-07 18:11:56.762 [info] Resolved Python Environment /usr/bin/python3
2025-01-07 18:21:58.635 [info] Resolved Python Environment /usr/bin/python3
2025-01-07 18:27:14.938 [info] Resolved Python Environment /usr/bin/python3
2025-01-07 18:33:14.778 [info] Resolved Python Environment /usr/bin/python3
2025-01-07 18:33:44.982 [info] Resolved Python Environment /usr/bin/python3
2025-01-07 18:36:00.498 [info] Resolved Python Environment /usr/bin/python3
2025-01-07 18:40:40.287 [info] Resolved Python Environment /usr/bin/python3
2025-01-07 18:45:15.177 [info] Resolved Python Environment /usr/bin/python3
2025-01-07 18:51:19.715 [info] Resolved Python Environment /usr/bin/python3
2025-01-07 18:53:46.957 [info] Resolved Python Environment /usr/bin/python3
2025-01-07 19:00:29.588 [info] Resolved Python Environment /usr/bin/python3
2025-01-08 10:03:51.058 [info] Resolved Python Environment /usr/bin/python3
2025-01-08 10:04:36.977 [info] Resolved Python Environment /usr/bin/python3
2025-01-08 10:05:06.989 [info] Resolved Python Environment /usr/bin/python3
2025-01-08 10:06:12.940 [info] Resolved Python Environment /usr/bin/python3
2025-01-08 10:09:23.191 [info] Resolved Python Environment /usr/bin/python3
2025-01-08 10:10:42.890 [info] Resolved Python Environment /usr/bin/python3
2025-01-08 10:12:42.716 [info] Resolved Python Environment /usr/bin/python3
2025-01-08 10:13:17.715 [info] Resolved Python Environment /usr/bin/python3
2025-01-08 10:14:42.763 [info] Resolved Python Environment /usr/bin/python3
2025-01-08 10:19:00.798 [info] Resolved Python Environment /usr/bin/python3
2025-01-08 10:20:33.596 [info] Resolved Python Environment /usr/bin/python3
2025-01-08 10:24:52.982 [info] Resolved Python Environment /usr/bin/python3
2025-01-08 10:25:44.636 [info] Resolved Python Environment /usr/bin/python3
2025-01-08 10:26:27.145 [info] Resolved Python Environment /usr/bin/python3
2025-01-08 10:34:14.883 [info] Resolved Python Environment /usr/bin/python3
2025-01-08 10:43:39.668 [info] Resolved Python Environment /usr/bin/python3
2025-01-08 11:54:28.423 [info] Resolved Python Environment /usr/bin/python3
2025-01-08 11:55:55.824 [info] Resolved Python Environment /usr/bin/python3
2025-01-08 11:57:10.098 [info] Resolved Python Environment /usr/bin/python3
2025-01-08 11:57:49.818 [info] Resolved Python Environment /usr/bin/python3
2025-01-08 11:58:25.166 [info] Resolved Python Environment /usr/bin/python3
2025-01-08 11:58:57.643 [info] Resolved Python Environment /usr/bin/python3
2025-01-08 12:00:16.440 [info] Resolved Python Environment /usr/bin/python3
2025-01-08 12:00:52.753 [info] Resolved Python Environment /usr/bin/python3
2025-01-08 12:01:25.639 [info] Resolved Python Environment /usr/bin/python3
2025-01-08 12:02:02.913 [info] Resolved Python Environment /usr/bin/python3
2025-01-08 12:02:54.898 [info] Resolved Python Environment /usr/bin/python3
2025-01-08 12:04:04.314 [info] Resolved Python Environment /usr/bin/python3
2025-01-08 12:22:35.121 [info] Resolved Python Environment /usr/bin/python3
2025-01-08 12:29:50.763 [info] Resolved Python Environment /usr/bin/python3
2025-01-08 13:21:47.928 [info] Resolved Python Environment /usr/bin/python3
2025-01-08 13:22:28.067 [info] Resolved Python Environment /usr/bin/python3
2025-01-08 13:23:51.025 [info] Resolved Python Environment /usr/bin/python3
2025-01-09 09:53:38.766 [info] Resolved Python Environment /usr/bin/python3
2025-01-09 10:57:10.890 [info] Resolved Python Environment /usr/bin/python3
2025-01-09 11:03:38.334 [info] Resolved Python Environment /usr/bin/python3
2025-01-09 11:08:47.986 [info] Resolved Python Environment /usr/bin/python3
2025-01-09 11:23:44.002 [info] Resolved Python Environment /usr/bin/python3
2025-01-09 11:24:19.300 [info] Resolved Python Environment /usr/bin/python3
2025-01-09 11:27:23.811 [info] Resolved Python Environment /usr/bin/python3
2025-01-09 11:43:29.754 [info] Resolved Python Environment /usr/bin/python3
2025-01-09 11:49:31.585 [info] Resolved Python Environment /usr/bin/python3
2025-01-09 13:31:28.291 [info] Resolved Python Environment /usr/bin/python3
2025-01-09 13:35:25.457 [info] Resolved Python Environment /usr/bin/python3
2025-01-09 13:42:05.487 [info] Resolved Python Environment /usr/bin/python3
2025-01-09 13:43:51.907 [info] Resolved Python Environment /usr/bin/python3
2025-01-09 13:49:11.708 [info] Resolved Python Environment /usr/bin/python3
2025-01-09 13:56:13.814 [info] Resolved Python Environment /usr/bin/python3
2025-01-09 15:24:34.051 [info] Resolved Python Environment /usr/bin/python3
2025-01-10 11:29:20.371 [info] Resolved Python Environment /usr/bin/python3
2025-01-10 11:30:50.683 [info] Resolved Python Environment /usr/bin/python3
2025-01-10 11:32:03.740 [info] Resolved Python Environment /usr/bin/python3
2025-01-10 11:34:52.187 [info] Resolved Python Environment /usr/bin/python3
2025-01-10 11:43:10.806 [info] Resolved Python Environment /usr/bin/python3
2025-01-10 11:45:39.342 [info] Resolved Python Environment /usr/bin/python3
2025-01-10 12:09:55.728 [info] Resolved Python Environment /usr/bin/python3
2025-01-10 12:22:59.112 [info] Resolved Python Environment /usr/bin/python3
2025-01-10 12:29:46.751 [info] Resolved Python Environment /usr/bin/python3
2025-01-10 12:30:25.205 [info] Resolved Python Environment /usr/bin/python3
2025-01-10 12:31:28.726 [info] Resolved Python Environment /usr/bin/python3
2025-01-10 13:32:40.720 [info] Resolved Python Environment /usr/bin/python3
2025-01-10 13:35:02.873 [info] Resolved Python Environment /usr/bin/python3
2025-01-10 13:37:05.642 [info] Resolved Python Environment /usr/bin/python3
2025-01-10 13:37:44.243 [info] Resolved Python Environment /usr/bin/python3
2025-01-10 13:38:37.470 [info] Resolved Python Environment /usr/bin/python3
2025-01-10 13:39:32.793 [info] Resolved Python Environment /usr/bin/python3
2025-01-10 13:42:08.580 [info] Resolved Python Environment /usr/bin/python3
2025-01-10 13:42:44.986 [info] Resolved Python Environment /usr/bin/python3
2025-01-10 13:43:32.704 [info] Resolved Python Environment /usr/bin/python3
2025-01-10 13:46:57.157 [info] Resolved Python Environment /usr/bin/python3
2025-01-10 13:49:48.110 [info] Resolved Python Environment /usr/bin/python3
2025-01-10 13:51:43.137 [info] Resolved Python Environment /usr/bin/python3
2025-01-10 13:52:16.467 [info] Resolved Python Environment /usr/bin/python3
2025-01-10 14:04:58.440 [info] Resolved Python Environment /usr/bin/python3
2025-01-10 14:15:01.906 [info] Resolved Python Environment /usr/bin/python3
2025-01-10 14:15:31.603 [info] Resolved Python Environment /usr/bin/python3
2025-01-10 14:19:41.090 [info] Resolved Python Environment /usr/bin/python3
2025-01-10 14:28:26.592 [info] Resolved Python Environment /usr/bin/python3
2025-01-10 14:29:13.910 [info] Resolved Python Environment /usr/bin/python3
2025-01-10 14:30:05.372 [info] Resolved Python Environment /usr/bin/python3
2025-01-10 14:31:05.502 [info] Resolved Python Environment /usr/bin/python3
2025-01-10 14:32:00.116 [info] Resolved Python Environment /usr/bin/python3
2025-01-10 14:32:37.874 [info] Resolved Python Environment /usr/bin/python3
2025-01-10 14:39:01.380 [info] Resolved Python Environment /usr/bin/python3
2025-01-10 14:40:46.300 [info] Resolved Python Environment /usr/bin/python3
2025-01-10 14:43:57.435 [info] Resolved Python Environment /usr/bin/python3
2025-01-10 15:06:06.301 [info] Resolved Python Environment /usr/bin/python3
2025-01-10 15:12:18.110 [info] Resolved Python Environment /usr/bin/python3
2025-01-10 15:22:39.502 [info] Resolved Python Environment /usr/bin/python3
2025-01-10 15:26:35.473 [info] Resolved Python Environment /usr/bin/python3
2025-01-10 15:36:37.107 [info] Resolved Python Environment /usr/bin/python3
2025-01-10 15:42:59.826 [info] Resolved Python Environment /usr/bin/python3
2025-01-10 15:59:09.185 [info] Resolved Python Environment /usr/bin/python3
2025-01-10 16:06:18.489 [info] Resolved Python Environment /usr/bin/python3
2025-01-10 16:07:01.519 [info] Resolved Python Environment /usr/bin/python3
2025-01-10 16:13:27.645 [info] Resolved Python Environment /usr/bin/python3
