2025-02-27 11:23:41.141 [info] Revived process, old id be4431b632324a99dd6ba989b491fedf-2 -> new id 1
2025-02-27 11:23:41.213 [info] Expanding terminal instance, old id be4431b632324a99dd6ba989b491fedf-2 -> new id 1
2025-02-27 11:23:41.686 [warning] Persistent process "1": Process had no disconnect runners but was an orphan
2025-02-27 11:23:41.686 [info] Persistent process reconnection "1"
2025-02-27 11:23:41.769 [info] Persistent process "1": Replaying 9559 chars and 1 size events
2025-02-27 13:43:18.362 [info] Revived process, old id 1b02da70b95d5728e57cba9834078f06-1 -> new id 2
2025-02-27 13:43:18.405 [info] Expanding terminal instance, old id 1b02da70b95d5728e57cba9834078f06-1 -> new id 2
2025-02-27 13:43:18.673 [warning] Persistent process "2": Process had no disconnect runners but was an orphan
2025-02-27 13:43:18.673 [info] Persistent process reconnection "2"
2025-02-27 13:43:18.694 [info] Persistent process "2": Replaying 10967 chars and 1 size events
2025-02-27 13:58:54.359 [info] Revived process, old id be4431b632324a99dd6ba989b491fedf-1 -> new id 3
2025-02-27 13:58:54.386 [info] Expanding terminal instance, old id be4431b632324a99dd6ba989b491fedf-1 -> new id 3
2025-02-27 13:58:54.888 [warning] Persistent process "3": Process had no disconnect runners but was an orphan
2025-02-27 13:58:54.888 [info] Persistent process reconnection "3"
2025-02-27 13:58:54.951 [info] Persistent process "3": Replaying 15689 chars and 1 size events
2025-02-28 09:03:38.598 [info] Revived process, old id 1b02da70b95d5728e57cba9834078f06-2 -> new id 4
2025-02-28 09:03:38.653 [info] Expanding terminal instance, old id 1b02da70b95d5728e57cba9834078f06-2 -> new id 4
2025-02-28 09:03:38.910 [warning] Persistent process "4": Process had no disconnect runners but was an orphan
2025-02-28 09:03:38.911 [info] Persistent process reconnection "4"
2025-02-28 09:03:38.931 [info] Persistent process "4": Replaying 13082 chars and 1 size events
