2024-08-13 21:19:21.391 [info] [main] Log level: Info
2024-08-13 21:19:21.391 [info] [main] Validating found git in: "git"
2024-08-13 21:19:21.391 [info] [main] Using git "2.34.1" from "git"
2024-08-13 21:19:21.391 [info] [Model][doInitialScan] Initial repository scan started
2024-08-13 21:19:21.391 [info] > git rev-parse --show-toplevel [2ms]
2024-08-13 21:19:21.393 [info] > git rev-parse --git-dir --git-common-dir [2ms]
2024-08-13 21:19:21.397 [info] [Model][openRepository] Opened repository: /home/sgass/Projects/kepler
2024-08-13 21:19:21.408 [info] > git config --get commit.template [5ms]
2024-08-13 21:19:21.416 [info] > git rev-parse --show-toplevel [9ms]
2024-08-13 21:19:21.416 [info] > git for-each-ref --format=%(refname)%00%(upstream:short)%00%(objectname)%00%(upstream:track)%00%(upstream:remotename)%00%(upstream:remoteref) refs/heads/sgass/prod/no-ref/axis_adapter_shift_register refs/remotes/sgass/prod/no-ref/axis_adapter_shift_register [2ms]
2024-08-13 21:19:21.437 [info] > git rev-parse --show-toplevel [1ms]
2024-08-13 21:19:21.443 [info] > git rev-parse --show-toplevel [2ms]
2024-08-13 21:19:21.452 [info] > git rev-parse --show-toplevel [1ms]
2024-08-13 21:19:21.456 [info] > git rev-parse --show-toplevel [1ms]
2024-08-13 21:19:21.460 [info] > git rev-parse --show-toplevel [1ms]
2024-08-13 21:19:21.468 [info] > git rev-parse --show-toplevel [5ms]
2024-08-13 21:19:21.472 [info] > git rev-parse --show-toplevel [1ms]
2024-08-13 21:19:21.476 [info] > git rev-parse --show-toplevel [1ms]
2024-08-13 21:19:21.480 [info] > git rev-parse --show-toplevel [1ms]
2024-08-13 21:19:21.484 [info] > git rev-parse --show-toplevel [1ms]
2024-08-13 21:19:21.488 [info] > git rev-parse --show-toplevel [1ms]
2024-08-13 21:19:21.492 [info] > git rev-parse --show-toplevel [1ms]
2024-08-13 21:19:21.495 [info] > git rev-parse --show-toplevel [1ms]
2024-08-13 21:19:21.500 [info] > git rev-parse --show-toplevel [1ms]
2024-08-13 21:19:21.505 [info] > git rev-parse --show-toplevel [2ms]
2024-08-13 21:19:21.512 [info] > git rev-parse --show-toplevel [4ms]
2024-08-13 21:19:21.516 [info] > git rev-parse --show-toplevel [1ms]
2024-08-13 21:19:21.520 [info] > git rev-parse --show-toplevel [1ms]
2024-08-13 21:19:21.525 [info] > git rev-parse --show-toplevel [1ms]
2024-08-13 21:19:21.531 [info] > git rev-parse --show-toplevel [2ms]
2024-08-13 21:19:21.536 [info] > git rev-parse --show-toplevel [2ms]
2024-08-13 21:19:21.541 [info] > git rev-parse --show-toplevel [1ms]
2024-08-13 21:19:21.544 [info] > git rev-parse --show-toplevel [0ms]
2024-08-13 21:19:21.547 [info] > git rev-parse --show-toplevel [1ms]
2024-08-13 21:19:21.552 [info] > git rev-parse --show-toplevel [2ms]
2024-08-13 21:19:21.555 [info] > git rev-parse --show-toplevel [1ms]
2024-08-13 21:19:21.558 [info] > git rev-parse --show-toplevel [0ms]
2024-08-13 21:19:21.562 [info] > git rev-parse --show-toplevel [1ms]
2024-08-13 21:19:21.569 [info] > git rev-parse --show-toplevel [4ms]
2024-08-13 21:19:21.574 [info] > git rev-parse --show-toplevel [2ms]
2024-08-13 21:19:21.583 [info] > git rev-parse --show-toplevel [6ms]
2024-08-13 21:19:21.587 [info] > git rev-parse --show-toplevel [1ms]
2024-08-13 21:19:21.594 [info] > git rev-parse --show-toplevel [4ms]
2024-08-13 21:19:21.599 [info] > git rev-parse --show-toplevel [1ms]
2024-08-13 21:19:21.600 [info] [Model][doInitialScan] Initial repository scan completed - repositories (1), closed repositories (0), parent repositories (0), unsafe repositories (0)
2024-08-13 21:19:21.677 [info] > git status -z -uall [256ms]
2024-08-13 21:19:21.689 [info] > git for-each-ref --format=%(refname)%00%(upstream:short)%00%(objectname)%00%(upstream:track)%00%(upstream:remotename)%00%(upstream:remoteref) refs/heads/sgass/prod/no-ref/axis_adapter_shift_register refs/remotes/sgass/prod/no-ref/axis_adapter_shift_register [7ms]
2024-08-13 21:19:21.692 [info] > git config --get commit.template [3ms]
2024-08-13 21:19:21.692 [info] > git config --local branch.sgass/prod/no-ref/axis_adapter_shift_register.vscode-merge-base [1ms]
2024-08-13 21:19:21.698 [info] > git for-each-ref --format=%(refname)%00%(upstream:short)%00%(objectname)%00%(upstream:track)%00%(upstream:remotename)%00%(upstream:remoteref) refs/heads/origin/develop refs/remotes/origin/develop [3ms]
2024-08-13 21:19:21.699 [info] > git for-each-ref --format=%(refname)%00%(upstream:short)%00%(objectname)%00%(upstream:track)%00%(upstream:remotename)%00%(upstream:remoteref) refs/heads/sgass/prod/no-ref/axis_adapter_shift_register refs/remotes/sgass/prod/no-ref/axis_adapter_shift_register [1ms]
2024-08-13 21:19:21.916 [info] > git status -z -uall [213ms]
2024-08-13 21:19:21.922 [info] > git for-each-ref --format=%(refname)%00%(upstream:short)%00%(objectname)%00%(upstream:track)%00%(upstream:remotename)%00%(upstream:remoteref) refs/heads/sgass/prod/no-ref/axis_adapter_shift_register refs/remotes/sgass/prod/no-ref/axis_adapter_shift_register [1ms]
2024-08-13 21:19:21.926 [info] > git config --local branch.sgass/prod/no-ref/axis_adapter_shift_register.vscode-merge-base [1ms]
2024-08-13 21:19:21.932 [info] > git for-each-ref --format=%(refname)%00%(upstream:short)%00%(objectname)%00%(upstream:track)%00%(upstream:remotename)%00%(upstream:remoteref) refs/heads/origin/develop refs/remotes/origin/develop [2ms]
2024-08-13 21:19:21.954 [info] > git check-ignore -v -z --stdin [8ms]
2024-08-13 21:19:22.002 [info] > git show --textconv :hdl/rtl/axis/axis_adapter_shift_register.sv [5ms]
2024-08-13 21:19:22.004 [info] > git ls-files --stage -- /home/sgass/Projects/kepler/hdl/rtl/axis/axis_adapter_shift_register.sv [5ms]
2024-08-13 21:19:22.009 [info] > git cat-file -s cd603538f6b5656f35beac123e6ae9bf4f3ff36c [2ms]
2024-08-13 21:19:22.189 [info] > git rev-parse --show-toplevel [1ms]
2024-08-13 21:19:22.192 [info] > git rev-parse --git-dir --git-common-dir [1ms]
2024-08-13 21:19:22.194 [info] [Model][openRepository] Opened repository: /home/sgass/Projects/kepler/third_party/libhydrogen
2024-08-13 21:19:22.200 [info] > git config --get commit.template [3ms]
2024-08-13 21:19:22.201 [info] > git rev-parse --show-toplevel [2ms]
2024-08-13 21:19:22.209 [info] > git rev-parse --git-dir --git-common-dir [2ms]
2024-08-13 21:19:22.210 [info] [Model][openRepository] Opened repository: /home/sgass/Projects/kepler/third_party/magic_enum
2024-08-13 21:19:22.211 [info] > git for-each-ref --format %(refname) %(objectname) %(*objectname) refs/tags [7ms]
2024-08-13 21:19:22.219 [info] > git status -z -uall [5ms]
2024-08-13 21:19:22.219 [info] > git config --get commit.template [3ms]
2024-08-13 21:19:22.225 [info] > git rev-parse --show-toplevel [7ms]
2024-08-13 21:19:22.230 [info] > git config --get commit.template [5ms]
2024-08-13 21:19:22.230 [info] > git for-each-ref --format %(refname) %(objectname) %(*objectname) refs/tags [3ms]
2024-08-13 21:19:22.235 [info] > git rev-parse --git-dir --git-common-dir [6ms]
2024-08-13 21:19:22.237 [info] [Model][openRepository] Opened repository: /home/sgass/Projects/kepler/third_party/googletest
2024-08-13 21:19:22.244 [info] > git status -z -uall [9ms]
2024-08-13 21:19:22.245 [info] > git for-each-ref --format %(refname) %(objectname) %(*objectname) refs/tags [13ms]
2024-08-13 21:19:22.250 [info] > git rev-parse --show-toplevel [7ms]
2024-08-13 21:19:22.250 [info] > git config --get commit.template [9ms]
2024-08-13 21:19:22.255 [info] > git status -z -uall [7ms]
2024-08-13 21:19:22.255 [info] > git config --get commit.template [5ms]
2024-08-13 21:19:22.258 [info] > git rev-parse --show-toplevel [3ms]
2024-08-13 21:19:22.271 [info] > git for-each-ref --format %(refname) %(objectname) %(*objectname) refs/tags [14ms]
2024-08-13 21:19:22.278 [info] > git rev-parse --git-dir --git-common-dir [7ms]
2024-08-13 21:19:22.279 [info] [Model][openRepository] Opened repository: /home/sgass/Projects/kepler/third_party/fast-cpp-csv-parser
2024-08-13 21:19:22.280 [info] > git for-each-ref --format %(refname) %(objectname) %(*objectname) refs/tags [12ms]
2024-08-13 21:19:22.288 [info] > git status -z -uall [10ms]
2024-08-13 21:19:22.288 [info] > git status -z -uall [5ms]
2024-08-13 21:19:22.292 [info] > git rev-parse --show-toplevel [5ms]
2024-08-13 21:19:22.292 [info] > git config --get commit.template [7ms]
2024-08-13 21:19:22.298 [info] > git config --get commit.template [6ms]
2024-08-13 21:19:22.304 [info] > git for-each-ref --format %(refname) %(objectname) %(*objectname) refs/tags [4ms]
2024-08-13 21:19:22.304 [info] > git rev-parse --git-dir --git-common-dir [7ms]
2024-08-13 21:19:22.306 [info] [Model][openRepository] Opened repository: /home/sgass/Projects/kepler/hdl/verilog-axis
2024-08-13 21:19:22.314 [info] > git status -z -uall [5ms]
2024-08-13 21:19:22.314 [info] > git for-each-ref --format %(refname) %(objectname) %(*objectname) refs/tags [10ms]
2024-08-13 21:19:22.318 [info] > git rev-parse --show-toplevel [5ms]
2024-08-13 21:19:22.318 [info] > git config --get commit.template [7ms]
2024-08-13 21:19:22.325 [info] > git status -z -uall [8ms]
2024-08-13 21:19:22.329 [info] > git config --get commit.template [4ms]
2024-08-13 21:19:22.329 [info] > git rev-parse --git-dir --git-common-dir [6ms]
2024-08-13 21:19:22.330 [info] [Model][openRepository] Opened repository: /home/sgass/Projects/kepler/hdl/verilog-ethernet
2024-08-13 21:19:22.336 [info] > git for-each-ref --format %(refname) %(objectname) %(*objectname) refs/tags [8ms]
2024-08-13 21:19:22.343 [info] > git status -z -uall [4ms]
2024-08-13 21:19:22.343 [info] > git rev-parse --show-toplevel [8ms]
2024-08-13 21:19:22.343 [info] > git config --get commit.template [10ms]
2024-08-13 21:19:22.347 [info] > git for-each-ref --format %(refname) %(objectname) %(*objectname) refs/tags [6ms]
2024-08-13 21:19:22.355 [info] > git status -z -uall [4ms]
2024-08-13 21:19:22.355 [info] > git rev-parse --git-dir --git-common-dir [8ms]
2024-08-13 21:19:22.357 [info] [Model][openRepository] Opened repository: /home/sgass/Projects/kepler/third_party/vext.soapysdr
2024-08-13 21:19:22.362 [info] > git config --get commit.template [7ms]
2024-08-13 21:19:22.362 [info] > git for-each-ref --format %(refname) %(objectname) %(*objectname) refs/tags [9ms]
2024-08-13 21:19:22.366 [info] > git rev-parse --show-toplevel [4ms]
2024-08-13 21:19:22.366 [info] > git config --get commit.template [6ms]
2024-08-13 21:19:22.375 [info] > git status -z -uall [9ms]
2024-08-13 21:19:22.375 [info] > git for-each-ref --format %(refname) %(objectname) %(*objectname) refs/tags [5ms]
2024-08-13 21:19:22.381 [info] > git status -z -uall [2ms]
2024-08-13 21:19:22.381 [info] > git for-each-ref --format %(refname) %(objectname) %(*objectname) refs/tags [6ms]
2024-08-13 21:19:22.381 [info] > git rev-parse --git-dir --git-common-dir [8ms]
2024-08-13 21:19:22.383 [info] [Model][openRepository] Opened repository: /home/sgass/Projects/kepler/third_party/STM32CubeL1
2024-08-13 21:19:22.393 [info] > git status -z -uall [6ms]
2024-08-13 21:19:22.393 [info] > git config --get commit.template [12ms]
2024-08-13 21:19:22.394 [info] > git rev-parse --show-toplevel [2ms]
2024-08-13 21:19:22.394 [info] > git config --get commit.template [4ms]
2024-08-13 21:19:22.406 [info] > git rev-parse --git-dir --git-common-dir [6ms]
2024-08-13 21:19:22.407 [info] [Model][openRepository] Opened repository: /home/sgass/Projects/kepler/third_party/mender-convert
2024-08-13 21:19:22.408 [info] > git for-each-ref --format %(refname) %(objectname) %(*objectname) refs/tags [9ms]
2024-08-13 21:19:22.413 [info] > git for-each-ref --format %(refname) %(objectname) %(*objectname) refs/tags [8ms]
2024-08-13 21:19:22.413 [info] > git config --get commit.template [11ms]
2024-08-13 21:19:22.418 [info] > git status -z -uall [8ms]
2024-08-13 21:19:22.418 [info] > git config --get commit.template [6ms]
2024-08-13 21:19:22.421 [info] > git for-each-ref --format %(refname) %(objectname) %(*objectname) refs/tags [3ms]
2024-08-13 21:19:22.427 [info] > git for-each-ref --format %(refname) %(objectname) %(*objectname) refs/tags [2ms]
2024-08-13 21:19:22.430 [info] > git status -z -uall [3ms]
2024-08-13 21:19:22.432 [info] > git status -z -uall [2ms]
2024-08-13 21:19:22.438 [info] > git status -z -uall [23ms]
2024-08-13 21:19:22.441 [info] > git config --get commit.template [5ms]
2024-08-13 21:19:22.444 [info] > git config --get commit.template [3ms]
2024-08-13 21:19:22.447 [info] > git for-each-ref --format %(refname) %(objectname) %(*objectname) refs/tags [3ms]
2024-08-13 21:19:22.449 [info] > git for-each-ref --format %(refname) %(objectname) %(*objectname) refs/tags [3ms]
2024-08-13 21:19:22.452 [info] > git status -z -uall [3ms]
2024-08-13 21:19:22.470 [info] > git status -z -uall [18ms]
2024-08-13 21:19:22.716 [info] > git check-ignore -v -z --stdin [6ms]
2024-08-13 21:19:22.956 [info] > git rev-parse --show-toplevel [1ms]
2024-08-13 21:19:22.959 [info] > git rev-parse --git-dir --git-common-dir [1ms]
2024-08-13 21:19:22.960 [info] [Model][openRepository] Opened repository: /home/sgass/Projects/kepler/third_party/mender-convert/tests/mender-image-tests
2024-08-13 21:19:22.964 [info] > git config --get commit.template [1ms]
2024-08-13 21:19:22.967 [info] > git for-each-ref --format %(refname) %(objectname) %(*objectname) refs/tags [1ms]
2024-08-13 21:19:22.971 [info] > git status -z -uall [1ms]
2024-08-13 21:19:22.977 [info] > git config --get commit.template [3ms]
2024-08-13 21:19:22.977 [info] > git for-each-ref --format %(refname) %(objectname) %(*objectname) refs/tags [0ms]
2024-08-13 21:19:22.981 [info] > git status -z -uall [1ms]
2024-08-13 21:19:23.476 [info] > git check-ignore -v -z --stdin [6ms]
2024-08-13 21:24:48.416 [info] > git config --get commit.template [4ms]
2024-08-13 21:24:48.416 [info] > git for-each-ref --format=%(refname)%00%(upstream:short)%00%(objectname)%00%(upstream:track)%00%(upstream:remotename)%00%(upstream:remoteref) refs/heads/sgass/prod/no-ref/axis_adapter_shift_register refs/remotes/sgass/prod/no-ref/axis_adapter_shift_register [1ms]
2024-08-13 21:24:48.738 [info] > git status -z -uall [319ms]
2024-08-13 21:24:48.742 [info] > git for-each-ref --format=%(refname)%00%(upstream:short)%00%(objectname)%00%(upstream:track)%00%(upstream:remotename)%00%(upstream:remoteref) refs/heads/sgass/prod/no-ref/axis_adapter_shift_register refs/remotes/sgass/prod/no-ref/axis_adapter_shift_register [1ms]
2024-08-13 21:24:48.745 [info] > git config --local branch.sgass/prod/no-ref/axis_adapter_shift_register.vscode-merge-base [1ms]
2024-08-13 21:24:48.748 [info] > git for-each-ref --format=%(refname)%00%(upstream:short)%00%(objectname)%00%(upstream:track)%00%(upstream:remotename)%00%(upstream:remoteref) refs/heads/origin/develop refs/remotes/origin/develop [1ms]
2024-08-13 21:24:53.362 [info] > git ls-files --stage -- /home/sgass/Projects/kepler/hdl/rtl/axis/axis_adapter_shift_register.sv [4ms]
2024-08-13 21:24:53.367 [info] > git cat-file -s cd603538f6b5656f35beac123e6ae9bf4f3ff36c [2ms]
2024-08-13 21:24:53.381 [info] > git show --textconv :hdl/rtl/axis/axis_adapter_shift_register.sv [8ms]
2024-08-13 21:24:53.758 [info] > git config --get commit.template [7ms]
2024-08-13 21:24:53.759 [info] > git for-each-ref --format=%(refname)%00%(upstream:short)%00%(objectname)%00%(upstream:track)%00%(upstream:remotename)%00%(upstream:remoteref) refs/heads/sgass/prod/no-ref/axis_adapter_shift_register refs/remotes/sgass/prod/no-ref/axis_adapter_shift_register [2ms]
2024-08-13 21:24:54.082 [info] > git status -z -uall [317ms]
2024-08-13 21:24:54.085 [info] > git for-each-ref --format=%(refname)%00%(upstream:short)%00%(objectname)%00%(upstream:track)%00%(upstream:remotename)%00%(upstream:remoteref) refs/heads/sgass/prod/no-ref/axis_adapter_shift_register refs/remotes/sgass/prod/no-ref/axis_adapter_shift_register [1ms]
2024-08-13 21:24:54.088 [info] > git config --local branch.sgass/prod/no-ref/axis_adapter_shift_register.vscode-merge-base [1ms]
2024-08-13 21:24:54.091 [info] > git for-each-ref --format=%(refname)%00%(upstream:short)%00%(objectname)%00%(upstream:track)%00%(upstream:remotename)%00%(upstream:remoteref) refs/heads/origin/develop refs/remotes/origin/develop [1ms]
2024-08-13 21:25:04.891 [info] > git show --textconv :hdl/sim/p4_router/p4_router_ingress_tb.sv [4ms]
2024-08-13 21:25:04.892 [info] > git ls-files --stage -- /home/sgass/Projects/kepler/hdl/sim/p4_router/p4_router_ingress_tb.sv [3ms]
2024-08-13 21:25:04.896 [info] > git cat-file -s 95d4a703c2809d8ac301eeac7ced8bc1d0d83fe0 [1ms]
2024-08-13 21:25:05.164 [info] > git check-ignore -v -z --stdin [7ms]
2024-08-13 21:25:41.781 [info] > git config --get commit.template [9ms]
2024-08-13 21:25:41.782 [info] > git for-each-ref --format=%(refname)%00%(upstream:short)%00%(objectname)%00%(upstream:track)%00%(upstream:remotename)%00%(upstream:remoteref) refs/heads/sgass/prod/no-ref/axis_adapter_shift_register refs/remotes/sgass/prod/no-ref/axis_adapter_shift_register [3ms]
2024-08-13 21:25:42.180 [info] > git status -z -uall [392ms]
2024-08-13 21:25:42.185 [info] > git for-each-ref --format=%(refname)%00%(upstream:short)%00%(objectname)%00%(upstream:track)%00%(upstream:remotename)%00%(upstream:remoteref) refs/heads/sgass/prod/no-ref/axis_adapter_shift_register refs/remotes/sgass/prod/no-ref/axis_adapter_shift_register [2ms]
2024-08-13 21:25:42.187 [info] > git config --local branch.sgass/prod/no-ref/axis_adapter_shift_register.vscode-merge-base [0ms]
2024-08-13 21:25:42.190 [info] > git for-each-ref --format=%(refname)%00%(upstream:short)%00%(objectname)%00%(upstream:track)%00%(upstream:remotename)%00%(upstream:remoteref) refs/heads/origin/develop refs/remotes/origin/develop [0ms]
2024-08-13 21:25:42.513 [info] > git show --textconv :hdl/rtl/axis/axis_adapter_shift_register.sv [9ms]
2024-08-13 21:25:42.518 [info] > git ls-files --stage -- /home/sgass/Projects/kepler/hdl/rtl/axis/axis_adapter_shift_register.sv [8ms]
2024-08-13 21:25:42.528 [info] > git cat-file -s cd603538f6b5656f35beac123e6ae9bf4f3ff36c [3ms]
2024-08-13 21:25:43.399 [info] > git show --textconv :hdl/rtl/p4_router/p4_router_ingress_port_array_adapt.sv [10ms]
2024-08-13 21:25:43.404 [info] > git ls-files --stage -- /home/sgass/Projects/kepler/hdl/rtl/p4_router/p4_router_ingress_port_array_adapt.sv [9ms]
2024-08-13 21:25:43.413 [info] > git cat-file -s e6a6415a69d74fbe69a692b2285c9b02b6baba39 [2ms]
2024-08-13 21:25:43.678 [info] > git check-ignore -v -z --stdin [11ms]
2024-08-13 21:25:59.626 [info] > git config --get commit.template [9ms]
2024-08-13 21:25:59.628 [info] > git for-each-ref --format=%(refname)%00%(upstream:short)%00%(objectname)%00%(upstream:track)%00%(upstream:remotename)%00%(upstream:remoteref) refs/heads/sgass/prod/no-ref/axis_adapter_shift_register refs/remotes/sgass/prod/no-ref/axis_adapter_shift_register [3ms]
2024-08-13 21:26:00.002 [info] > git status -z -uall [367ms]
2024-08-13 21:26:00.008 [info] > git for-each-ref --format=%(refname)%00%(upstream:short)%00%(objectname)%00%(upstream:track)%00%(upstream:remotename)%00%(upstream:remoteref) refs/heads/sgass/prod/no-ref/axis_adapter_shift_register refs/remotes/sgass/prod/no-ref/axis_adapter_shift_register [3ms]
2024-08-13 21:26:00.012 [info] > git config --local branch.sgass/prod/no-ref/axis_adapter_shift_register.vscode-merge-base [1ms]
2024-08-13 21:26:00.015 [info] > git for-each-ref --format=%(refname)%00%(upstream:short)%00%(objectname)%00%(upstream:track)%00%(upstream:remotename)%00%(upstream:remoteref) refs/heads/origin/develop refs/remotes/origin/develop [1ms]
2024-08-13 21:26:16.426 [info] > git config --get commit.template [3ms]
2024-08-13 21:26:16.427 [info] > git for-each-ref --format=%(refname)%00%(upstream:short)%00%(objectname)%00%(upstream:track)%00%(upstream:remotename)%00%(upstream:remoteref) refs/heads/sgass/prod/no-ref/axis_adapter_shift_register refs/remotes/sgass/prod/no-ref/axis_adapter_shift_register [2ms]
2024-08-13 21:26:16.602 [info] > git status -z -uall [171ms]
2024-08-13 21:26:16.606 [info] > git for-each-ref --format=%(refname)%00%(upstream:short)%00%(objectname)%00%(upstream:track)%00%(upstream:remotename)%00%(upstream:remoteref) refs/heads/sgass/prod/no-ref/axis_adapter_shift_register refs/remotes/sgass/prod/no-ref/axis_adapter_shift_register [1ms]
2024-08-13 21:26:16.609 [info] > git config --local branch.sgass/prod/no-ref/axis_adapter_shift_register.vscode-merge-base [1ms]
2024-08-13 21:26:16.612 [info] > git for-each-ref --format=%(refname)%00%(upstream:short)%00%(objectname)%00%(upstream:track)%00%(upstream:remotename)%00%(upstream:remoteref) refs/heads/origin/develop refs/remotes/origin/develop [1ms]
2024-08-13 21:26:38.610 [info] > git config --get commit.template [6ms]
2024-08-13 21:26:38.613 [info] > git for-each-ref --format=%(refname)%00%(upstream:short)%00%(objectname)%00%(upstream:track)%00%(upstream:remotename)%00%(upstream:remoteref) refs/heads/sgass/prod/no-ref/axis_adapter_shift_register refs/remotes/sgass/prod/no-ref/axis_adapter_shift_register [3ms]
2024-08-13 21:26:38.711 [info] > git ls-files --stage -- /home/sgass/Projects/kepler/hdl/rtl/p4_router/p4_router_ingress_port_array_adapt.sv [8ms]
2024-08-13 21:26:38.718 [info] > git cat-file -s b00836741a37b4536926f1cb570025dac6e5649a [3ms]
2024-08-13 21:26:38.731 [info] > git show --textconv :hdl/rtl/p4_router/p4_router_ingress_port_array_adapt.sv [8ms]
2024-08-13 21:26:38.956 [info] > git status -z -uall [338ms]
2024-08-13 21:26:38.961 [info] > git for-each-ref --format=%(refname)%00%(upstream:short)%00%(objectname)%00%(upstream:track)%00%(upstream:remotename)%00%(upstream:remoteref) refs/heads/sgass/prod/no-ref/axis_adapter_shift_register refs/remotes/sgass/prod/no-ref/axis_adapter_shift_register [1ms]
2024-08-13 21:26:38.966 [info] > git config --local branch.sgass/prod/no-ref/axis_adapter_shift_register.vscode-merge-base [2ms]
2024-08-13 21:26:38.971 [info] > git for-each-ref --format=%(refname)%00%(upstream:short)%00%(objectname)%00%(upstream:track)%00%(upstream:remotename)%00%(upstream:remoteref) refs/heads/origin/develop refs/remotes/origin/develop [2ms]
2024-08-13 21:27:19.114 [info] > git config --get commit.template [7ms]
2024-08-13 21:27:19.116 [info] > git for-each-ref --format=%(refname)%00%(upstream:short)%00%(objectname)%00%(upstream:track)%00%(upstream:remotename)%00%(upstream:remoteref) refs/heads/sgass/prod/no-ref/axis_adapter_shift_register refs/remotes/sgass/prod/no-ref/axis_adapter_shift_register [3ms]
2024-08-13 21:27:19.211 [info] > git ls-files --stage -- /home/sgass/Projects/kepler/hdl/rtl/p4_router/p4_router_ingress_port_array_adapt.sv [8ms]
2024-08-13 21:27:19.219 [info] > git cat-file -s b00836741a37b4536926f1cb570025dac6e5649a [3ms]
2024-08-13 21:27:19.231 [info] > git show --textconv :hdl/rtl/p4_router/p4_router_ingress_port_array_adapt.sv [6ms]
2024-08-13 21:27:19.347 [info] > git status -z -uall [226ms]
2024-08-13 21:27:19.351 [info] > git for-each-ref --format=%(refname)%00%(upstream:short)%00%(objectname)%00%(upstream:track)%00%(upstream:remotename)%00%(upstream:remoteref) refs/heads/sgass/prod/no-ref/axis_adapter_shift_register refs/remotes/sgass/prod/no-ref/axis_adapter_shift_register [1ms]
2024-08-13 21:27:19.354 [info] > git config --local branch.sgass/prod/no-ref/axis_adapter_shift_register.vscode-merge-base [1ms]
2024-08-13 21:27:19.357 [info] > git for-each-ref --format=%(refname)%00%(upstream:short)%00%(objectname)%00%(upstream:track)%00%(upstream:remotename)%00%(upstream:remoteref) refs/heads/origin/develop refs/remotes/origin/develop [1ms]
2024-08-13 21:27:35.124 [info] > git config --get commit.template [3ms]
2024-08-13 21:27:35.124 [info] > git for-each-ref --format=%(refname)%00%(upstream:short)%00%(objectname)%00%(upstream:track)%00%(upstream:remotename)%00%(upstream:remoteref) refs/heads/sgass/prod/no-ref/axis_adapter_shift_register refs/remotes/sgass/prod/no-ref/axis_adapter_shift_register [1ms]
2024-08-13 21:27:35.225 [info] > git ls-files --stage -- /home/sgass/Projects/kepler/hdl/rtl/p4_router/p4_router_ingress_port_array_adapt.sv [3ms]
2024-08-13 21:27:35.229 [info] > git cat-file -s b00836741a37b4536926f1cb570025dac6e5649a [1ms]
2024-08-13 21:27:35.237 [info] > git show --textconv :hdl/rtl/p4_router/p4_router_ingress_port_array_adapt.sv [4ms]
2024-08-13 21:27:35.295 [info] > git status -z -uall [168ms]
2024-08-13 21:27:35.300 [info] > git for-each-ref --format=%(refname)%00%(upstream:short)%00%(objectname)%00%(upstream:track)%00%(upstream:remotename)%00%(upstream:remoteref) refs/heads/sgass/prod/no-ref/axis_adapter_shift_register refs/remotes/sgass/prod/no-ref/axis_adapter_shift_register [1ms]
2024-08-13 21:27:35.304 [info] > git config --local branch.sgass/prod/no-ref/axis_adapter_shift_register.vscode-merge-base [1ms]
2024-08-13 21:27:35.308 [info] > git for-each-ref --format=%(refname)%00%(upstream:short)%00%(objectname)%00%(upstream:track)%00%(upstream:remotename)%00%(upstream:remoteref) refs/heads/origin/develop refs/remotes/origin/develop [1ms]
2024-08-13 21:27:36.892 [info] > git ls-files --stage -- /home/sgass/Projects/kepler/hdl/rtl/p4_router/p4_router_ingress_port_array_adapt.sv [3ms]
2024-08-13 21:27:36.895 [info] > git cat-file -s b00836741a37b4536926f1cb570025dac6e5649a [1ms]
2024-08-13 21:27:36.901 [info] > git show --textconv :hdl/rtl/p4_router/p4_router_ingress_port_array_adapt.sv [3ms]
2024-08-13 21:27:40.316 [info] > git config --get commit.template [7ms]
2024-08-13 21:27:40.317 [info] > git for-each-ref --format=%(refname)%00%(upstream:short)%00%(objectname)%00%(upstream:track)%00%(upstream:remotename)%00%(upstream:remoteref) refs/heads/sgass/prod/no-ref/axis_adapter_shift_register refs/remotes/sgass/prod/no-ref/axis_adapter_shift_register [2ms]
2024-08-13 21:27:40.608 [info] > git status -z -uall [286ms]
2024-08-13 21:27:40.613 [info] > git for-each-ref --format=%(refname)%00%(upstream:short)%00%(objectname)%00%(upstream:track)%00%(upstream:remotename)%00%(upstream:remoteref) refs/heads/sgass/prod/no-ref/axis_adapter_shift_register refs/remotes/sgass/prod/no-ref/axis_adapter_shift_register [1ms]
2024-08-13 21:27:40.618 [info] > git config --local branch.sgass/prod/no-ref/axis_adapter_shift_register.vscode-merge-base [1ms]
2024-08-13 21:27:40.623 [info] > git for-each-ref --format=%(refname)%00%(upstream:short)%00%(objectname)%00%(upstream:track)%00%(upstream:remotename)%00%(upstream:remoteref) refs/heads/origin/develop refs/remotes/origin/develop [1ms]
2024-08-13 21:27:40.895 [info] > git ls-files --stage -- /home/sgass/Projects/kepler/hdl/rtl/p4_router/p4_router_ingress_port_array_adapt.sv [4ms]
2024-08-13 21:27:40.898 [info] > git cat-file -s b00836741a37b4536926f1cb570025dac6e5649a [1ms]
2024-08-13 21:27:40.904 [info] > git show --textconv :hdl/rtl/p4_router/p4_router_ingress_port_array_adapt.sv [3ms]
2024-08-13 21:27:45.621 [info] > git config --get commit.template [1ms]
2024-08-13 21:27:45.624 [info] > git for-each-ref --format=%(refname)%00%(upstream:short)%00%(objectname)%00%(upstream:track)%00%(upstream:remotename)%00%(upstream:remoteref) refs/heads/sgass/prod/no-ref/axis_adapter_shift_register refs/remotes/sgass/prod/no-ref/axis_adapter_shift_register [0ms]
2024-08-13 21:27:45.785 [info] > git status -z -uall [158ms]
2024-08-13 21:27:45.788 [info] > git for-each-ref --format=%(refname)%00%(upstream:short)%00%(objectname)%00%(upstream:track)%00%(upstream:remotename)%00%(upstream:remoteref) refs/heads/sgass/prod/no-ref/axis_adapter_shift_register refs/remotes/sgass/prod/no-ref/axis_adapter_shift_register [1ms]
2024-08-13 21:27:45.792 [info] > git config --local branch.sgass/prod/no-ref/axis_adapter_shift_register.vscode-merge-base [1ms]
2024-08-13 21:27:45.795 [info] > git for-each-ref --format=%(refname)%00%(upstream:short)%00%(objectname)%00%(upstream:track)%00%(upstream:remotename)%00%(upstream:remoteref) refs/heads/origin/develop refs/remotes/origin/develop [1ms]
2024-08-13 21:27:55.556 [info] > git config --get commit.template [6ms]
2024-08-13 21:27:55.557 [info] > git for-each-ref --format=%(refname)%00%(upstream:short)%00%(objectname)%00%(upstream:track)%00%(upstream:remotename)%00%(upstream:remoteref) refs/heads/sgass/prod/no-ref/axis_adapter_shift_register refs/remotes/sgass/prod/no-ref/axis_adapter_shift_register [2ms]
2024-08-13 21:27:55.653 [info] > git ls-files --stage -- /home/sgass/Projects/kepler/hdl/rtl/p4_router/p4_router_ingress_port_array_adapt.sv [7ms]
2024-08-13 21:27:55.659 [info] > git cat-file -s b00836741a37b4536926f1cb570025dac6e5649a [2ms]
2024-08-13 21:27:55.672 [info] > git show --textconv :hdl/rtl/p4_router/p4_router_ingress_port_array_adapt.sv [7ms]
2024-08-13 21:27:55.850 [info] > git status -z -uall [288ms]
2024-08-13 21:27:55.854 [info] > git for-each-ref --format=%(refname)%00%(upstream:short)%00%(objectname)%00%(upstream:track)%00%(upstream:remotename)%00%(upstream:remoteref) refs/heads/sgass/prod/no-ref/axis_adapter_shift_register refs/remotes/sgass/prod/no-ref/axis_adapter_shift_register [1ms]
2024-08-13 21:27:55.858 [info] > git config --local branch.sgass/prod/no-ref/axis_adapter_shift_register.vscode-merge-base [1ms]
2024-08-13 21:27:55.861 [info] > git for-each-ref --format=%(refname)%00%(upstream:short)%00%(objectname)%00%(upstream:track)%00%(upstream:remotename)%00%(upstream:remoteref) refs/heads/origin/develop refs/remotes/origin/develop [1ms]
2024-08-13 21:28:05.081 [info] > git config --get commit.template [7ms]
2024-08-13 21:28:05.083 [info] > git for-each-ref --format=%(refname)%00%(upstream:short)%00%(objectname)%00%(upstream:track)%00%(upstream:remotename)%00%(upstream:remoteref) refs/heads/sgass/prod/no-ref/axis_adapter_shift_register refs/remotes/sgass/prod/no-ref/axis_adapter_shift_register [2ms]
2024-08-13 21:28:05.179 [info] > git ls-files --stage -- /home/sgass/Projects/kepler/hdl/rtl/p4_router/p4_router_ingress_port_array_adapt.sv [6ms]
2024-08-13 21:28:05.183 [info] > git cat-file -s b00836741a37b4536926f1cb570025dac6e5649a [1ms]
2024-08-13 21:28:05.191 [info] > git show --textconv :hdl/rtl/p4_router/p4_router_ingress_port_array_adapt.sv [4ms]
2024-08-13 21:28:05.352 [info] > git status -z -uall [265ms]
2024-08-13 21:28:05.356 [info] > git for-each-ref --format=%(refname)%00%(upstream:short)%00%(objectname)%00%(upstream:track)%00%(upstream:remotename)%00%(upstream:remoteref) refs/heads/sgass/prod/no-ref/axis_adapter_shift_register refs/remotes/sgass/prod/no-ref/axis_adapter_shift_register [1ms]
2024-08-13 21:28:05.359 [info] > git config --local branch.sgass/prod/no-ref/axis_adapter_shift_register.vscode-merge-base [1ms]
2024-08-13 21:28:05.362 [info] > git for-each-ref --format=%(refname)%00%(upstream:short)%00%(objectname)%00%(upstream:track)%00%(upstream:remotename)%00%(upstream:remoteref) refs/heads/origin/develop refs/remotes/origin/develop [1ms]
2024-08-13 21:28:21.084 [info] > git config --get commit.template [2ms]
2024-08-13 21:28:21.091 [info] > git for-each-ref --format=%(refname)%00%(upstream:short)%00%(objectname)%00%(upstream:track)%00%(upstream:remotename)%00%(upstream:remoteref) refs/heads/sgass/prod/no-ref/axis_adapter_shift_register refs/remotes/sgass/prod/no-ref/axis_adapter_shift_register [2ms]
2024-08-13 21:28:21.186 [info] > git ls-files --stage -- /home/sgass/Projects/kepler/hdl/rtl/p4_router/p4_router_ingress_port_array_adapt.sv [8ms]
2024-08-13 21:28:21.193 [info] > git cat-file -s b00836741a37b4536926f1cb570025dac6e5649a [2ms]
2024-08-13 21:28:21.208 [info] > git show --textconv :hdl/rtl/p4_router/p4_router_ingress_port_array_adapt.sv [8ms]
2024-08-13 21:28:21.367 [info] > git status -z -uall [272ms]
2024-08-13 21:28:21.370 [info] > git for-each-ref --format=%(refname)%00%(upstream:short)%00%(objectname)%00%(upstream:track)%00%(upstream:remotename)%00%(upstream:remoteref) refs/heads/sgass/prod/no-ref/axis_adapter_shift_register refs/remotes/sgass/prod/no-ref/axis_adapter_shift_register [1ms]
2024-08-13 21:28:21.373 [info] > git config --local branch.sgass/prod/no-ref/axis_adapter_shift_register.vscode-merge-base [0ms]
2024-08-13 21:28:21.376 [info] > git for-each-ref --format=%(refname)%00%(upstream:short)%00%(objectname)%00%(upstream:track)%00%(upstream:remotename)%00%(upstream:remoteref) refs/heads/origin/develop refs/remotes/origin/develop [1ms]
2024-08-13 21:28:38.670 [info] > git config --get commit.template [2ms]
2024-08-13 21:28:38.678 [info] > git for-each-ref --format=%(refname)%00%(upstream:short)%00%(objectname)%00%(upstream:track)%00%(upstream:remotename)%00%(upstream:remoteref) refs/heads/sgass/prod/no-ref/axis_adapter_shift_register refs/remotes/sgass/prod/no-ref/axis_adapter_shift_register [3ms]
2024-08-13 21:28:38.773 [info] > git ls-files --stage -- /home/sgass/Projects/kepler/hdl/rtl/p4_router/p4_router_ingress_port_array_adapt.sv [7ms]
2024-08-13 21:28:38.781 [info] > git cat-file -s b00836741a37b4536926f1cb570025dac6e5649a [3ms]
2024-08-13 21:28:38.795 [info] > git show --textconv :hdl/rtl/p4_router/p4_router_ingress_port_array_adapt.sv [7ms]
2024-08-13 21:28:38.993 [info] > git status -z -uall [311ms]
2024-08-13 21:28:38.997 [info] > git for-each-ref --format=%(refname)%00%(upstream:short)%00%(objectname)%00%(upstream:track)%00%(upstream:remotename)%00%(upstream:remoteref) refs/heads/sgass/prod/no-ref/axis_adapter_shift_register refs/remotes/sgass/prod/no-ref/axis_adapter_shift_register [1ms]
2024-08-13 21:28:38.999 [info] > git config --local branch.sgass/prod/no-ref/axis_adapter_shift_register.vscode-merge-base [0ms]
2024-08-13 21:28:39.002 [info] > git for-each-ref --format=%(refname)%00%(upstream:short)%00%(objectname)%00%(upstream:track)%00%(upstream:remotename)%00%(upstream:remoteref) refs/heads/origin/develop refs/remotes/origin/develop [0ms]
2024-08-13 21:28:42.730 [info] > git ls-files --stage -- /home/sgass/Projects/kepler/hdl/rtl/p4_router/p4_router_ingress_port_array_adapt.sv [3ms]
2024-08-13 21:28:42.733 [info] > git cat-file -s b00836741a37b4536926f1cb570025dac6e5649a [1ms]
2024-08-13 21:28:42.739 [info] > git show --textconv :hdl/rtl/p4_router/p4_router_ingress_port_array_adapt.sv [3ms]
2024-08-13 21:28:44.010 [info] > git config --get commit.template [4ms]
2024-08-13 21:28:44.011 [info] > git for-each-ref --format=%(refname)%00%(upstream:short)%00%(objectname)%00%(upstream:track)%00%(upstream:remotename)%00%(upstream:remoteref) refs/heads/sgass/prod/no-ref/axis_adapter_shift_register refs/remotes/sgass/prod/no-ref/axis_adapter_shift_register [1ms]
2024-08-13 21:28:44.323 [info] > git status -z -uall [310ms]
2024-08-13 21:28:44.329 [info] > git for-each-ref --format=%(refname)%00%(upstream:short)%00%(objectname)%00%(upstream:track)%00%(upstream:remotename)%00%(upstream:remoteref) refs/heads/sgass/prod/no-ref/axis_adapter_shift_register refs/remotes/sgass/prod/no-ref/axis_adapter_shift_register [2ms]
2024-08-13 21:28:44.333 [info] > git config --local branch.sgass/prod/no-ref/axis_adapter_shift_register.vscode-merge-base [1ms]
2024-08-13 21:28:44.336 [info] > git for-each-ref --format=%(refname)%00%(upstream:short)%00%(objectname)%00%(upstream:track)%00%(upstream:remotename)%00%(upstream:remoteref) refs/heads/origin/develop refs/remotes/origin/develop [1ms]
2024-08-13 21:28:56.075 [info] > git show --textconv :hdl/rtl/mpls/mpls_router.sv [10ms]
2024-08-13 21:28:56.076 [info] > git ls-files --stage -- /home/sgass/Projects/kepler/hdl/rtl/mpls/mpls_router.sv [6ms]
2024-08-13 21:28:56.082 [info] > git cat-file -s 03f7223d224855ebaaa95946eeb6267394f0faad [3ms]
2024-08-13 21:28:56.356 [info] > git check-ignore -v -z --stdin [10ms]
